[2025-07-11T11:03:43.090+0200] {processor.py:161} INFO - Started process (PID=42378) to work on /home/florent/Programs/anaconda3/envs/airflow_etl/lib/python3.11/site-packages/airflow/example_dags/example_skip_dag.py
[2025-07-11T11:03:43.091+0200] {processor.py:830} INFO - Processing file /home/florent/Programs/anaconda3/envs/airflow_etl/lib/python3.11/site-packages/airflow/example_dags/example_skip_dag.py for tasks to queue
[2025-07-11T11:03:43.091+0200] {logging_mixin.py:188} INFO - [2025-07-11T11:03:43.091+0200] {dagbag.py:545} INFO - Filling up the DagBag from /home/florent/Programs/anaconda3/envs/airflow_etl/lib/python3.11/site-packages/airflow/example_dags/example_skip_dag.py
[2025-07-11T11:03:43.094+0200] {processor.py:840} INFO - DAG(s) 'example_skip_dag' retrieved from /home/florent/Programs/anaconda3/envs/airflow_etl/lib/python3.11/site-packages/airflow/example_dags/example_skip_dag.py
[2025-07-11T11:03:43.141+0200] {logging_mixin.py:188} INFO - [2025-07-11T11:03:43.141+0200] {dag.py:3096} INFO - Sync 1 DAGs
[2025-07-11T11:03:43.148+0200] {logging_mixin.py:188} INFO - [2025-07-11T11:03:43.148+0200] {dag.py:3954} INFO - Setting next_dagrun for example_skip_dag to 2025-07-10 00:00:00+00:00, run_after=2025-07-11 00:00:00+00:00
[2025-07-11T11:03:43.159+0200] {processor.py:183} INFO - Processing /home/florent/Programs/anaconda3/envs/airflow_etl/lib/python3.11/site-packages/airflow/example_dags/example_skip_dag.py took 0.073 seconds
[2025-07-11T11:04:33.446+0200] {processor.py:161} INFO - Started process (PID=42899) to work on /home/florent/Programs/anaconda3/envs/airflow_etl/lib/python3.11/site-packages/airflow/example_dags/example_skip_dag.py
[2025-07-11T11:04:33.449+0200] {processor.py:830} INFO - Processing file /home/florent/Programs/anaconda3/envs/airflow_etl/lib/python3.11/site-packages/airflow/example_dags/example_skip_dag.py for tasks to queue
[2025-07-11T11:04:33.450+0200] {logging_mixin.py:188} INFO - [2025-07-11T11:04:33.450+0200] {dagbag.py:545} INFO - Filling up the DagBag from /home/florent/Programs/anaconda3/envs/airflow_etl/lib/python3.11/site-packages/airflow/example_dags/example_skip_dag.py
[2025-07-11T11:04:33.457+0200] {processor.py:840} INFO - DAG(s) 'example_skip_dag' retrieved from /home/florent/Programs/anaconda3/envs/airflow_etl/lib/python3.11/site-packages/airflow/example_dags/example_skip_dag.py
[2025-07-11T11:04:33.471+0200] {logging_mixin.py:188} INFO - [2025-07-11T11:04:33.471+0200] {dag.py:3096} INFO - Sync 1 DAGs
[2025-07-11T11:04:33.480+0200] {logging_mixin.py:188} INFO - [2025-07-11T11:04:33.480+0200] {dag.py:3954} INFO - Setting next_dagrun for example_skip_dag to 2025-07-10 00:00:00+00:00, run_after=2025-07-11 00:00:00+00:00
[2025-07-11T11:04:33.493+0200] {processor.py:183} INFO - Processing /home/florent/Programs/anaconda3/envs/airflow_etl/lib/python3.11/site-packages/airflow/example_dags/example_skip_dag.py took 0.051 seconds
[2025-07-11T11:05:26.252+0200] {processor.py:161} INFO - Started process (PID=43536) to work on /home/florent/Programs/anaconda3/envs/airflow_etl/lib/python3.11/site-packages/airflow/example_dags/example_skip_dag.py
[2025-07-11T11:05:26.255+0200] {processor.py:830} INFO - Processing file /home/florent/Programs/anaconda3/envs/airflow_etl/lib/python3.11/site-packages/airflow/example_dags/example_skip_dag.py for tasks to queue
[2025-07-11T11:05:26.256+0200] {logging_mixin.py:188} INFO - [2025-07-11T11:05:26.255+0200] {dagbag.py:545} INFO - Filling up the DagBag from /home/florent/Programs/anaconda3/envs/airflow_etl/lib/python3.11/site-packages/airflow/example_dags/example_skip_dag.py
[2025-07-11T11:05:26.264+0200] {processor.py:840} INFO - DAG(s) 'example_skip_dag' retrieved from /home/florent/Programs/anaconda3/envs/airflow_etl/lib/python3.11/site-packages/airflow/example_dags/example_skip_dag.py
[2025-07-11T11:05:26.275+0200] {logging_mixin.py:188} INFO - [2025-07-11T11:05:26.275+0200] {dag.py:3096} INFO - Sync 1 DAGs
[2025-07-11T11:05:26.284+0200] {logging_mixin.py:188} INFO - [2025-07-11T11:05:26.284+0200] {dag.py:3954} INFO - Setting next_dagrun for example_skip_dag to 2025-07-10 00:00:00+00:00, run_after=2025-07-11 00:00:00+00:00
[2025-07-11T11:05:26.294+0200] {processor.py:183} INFO - Processing /home/florent/Programs/anaconda3/envs/airflow_etl/lib/python3.11/site-packages/airflow/example_dags/example_skip_dag.py took 0.047 seconds
[2025-07-11T11:06:24.437+0200] {processor.py:161} INFO - Started process (PID=44211) to work on /home/florent/Programs/anaconda3/envs/airflow_etl/lib/python3.11/site-packages/airflow/example_dags/example_skip_dag.py
[2025-07-11T11:06:24.440+0200] {processor.py:830} INFO - Processing file /home/florent/Programs/anaconda3/envs/airflow_etl/lib/python3.11/site-packages/airflow/example_dags/example_skip_dag.py for tasks to queue
[2025-07-11T11:06:24.441+0200] {logging_mixin.py:188} INFO - [2025-07-11T11:06:24.441+0200] {dagbag.py:545} INFO - Filling up the DagBag from /home/florent/Programs/anaconda3/envs/airflow_etl/lib/python3.11/site-packages/airflow/example_dags/example_skip_dag.py
[2025-07-11T11:06:24.447+0200] {processor.py:840} INFO - DAG(s) 'example_skip_dag' retrieved from /home/florent/Programs/anaconda3/envs/airflow_etl/lib/python3.11/site-packages/airflow/example_dags/example_skip_dag.py
[2025-07-11T11:06:24.459+0200] {logging_mixin.py:188} INFO - [2025-07-11T11:06:24.459+0200] {dag.py:3096} INFO - Sync 1 DAGs
[2025-07-11T11:06:24.467+0200] {logging_mixin.py:188} INFO - [2025-07-11T11:06:24.467+0200] {dag.py:3954} INFO - Setting next_dagrun for example_skip_dag to 2025-07-10 00:00:00+00:00, run_after=2025-07-11 00:00:00+00:00
[2025-07-11T11:06:24.535+0200] {processor.py:183} INFO - Processing /home/florent/Programs/anaconda3/envs/airflow_etl/lib/python3.11/site-packages/airflow/example_dags/example_skip_dag.py took 0.104 seconds
[2025-07-11T11:07:35.959+0200] {processor.py:161} INFO - Started process (PID=45510) to work on /home/florent/Programs/anaconda3/envs/airflow_etl/lib/python3.11/site-packages/airflow/example_dags/example_skip_dag.py
[2025-07-11T11:07:35.961+0200] {processor.py:830} INFO - Processing file /home/florent/Programs/anaconda3/envs/airflow_etl/lib/python3.11/site-packages/airflow/example_dags/example_skip_dag.py for tasks to queue
[2025-07-11T11:07:35.962+0200] {logging_mixin.py:188} INFO - [2025-07-11T11:07:35.962+0200] {dagbag.py:545} INFO - Filling up the DagBag from /home/florent/Programs/anaconda3/envs/airflow_etl/lib/python3.11/site-packages/airflow/example_dags/example_skip_dag.py
[2025-07-11T11:07:35.965+0200] {processor.py:840} INFO - DAG(s) 'example_skip_dag' retrieved from /home/florent/Programs/anaconda3/envs/airflow_etl/lib/python3.11/site-packages/airflow/example_dags/example_skip_dag.py
[2025-07-11T11:07:35.974+0200] {logging_mixin.py:188} INFO - [2025-07-11T11:07:35.974+0200] {dag.py:3096} INFO - Sync 1 DAGs
[2025-07-11T11:07:35.982+0200] {logging_mixin.py:188} INFO - [2025-07-11T11:07:35.982+0200] {dag.py:3954} INFO - Setting next_dagrun for example_skip_dag to 2025-07-10 00:00:00+00:00, run_after=2025-07-11 00:00:00+00:00
[2025-07-11T11:07:35.994+0200] {processor.py:183} INFO - Processing /home/florent/Programs/anaconda3/envs/airflow_etl/lib/python3.11/site-packages/airflow/example_dags/example_skip_dag.py took 0.040 seconds
[2025-07-11T11:08:22.378+0200] {processor.py:161} INFO - Started process (PID=45994) to work on /home/florent/Programs/anaconda3/envs/airflow_etl/lib/python3.11/site-packages/airflow/example_dags/example_skip_dag.py
[2025-07-11T11:08:22.381+0200] {processor.py:830} INFO - Processing file /home/florent/Programs/anaconda3/envs/airflow_etl/lib/python3.11/site-packages/airflow/example_dags/example_skip_dag.py for tasks to queue
[2025-07-11T11:08:22.382+0200] {logging_mixin.py:188} INFO - [2025-07-11T11:08:22.381+0200] {dagbag.py:545} INFO - Filling up the DagBag from /home/florent/Programs/anaconda3/envs/airflow_etl/lib/python3.11/site-packages/airflow/example_dags/example_skip_dag.py
[2025-07-11T11:08:22.389+0200] {processor.py:840} INFO - DAG(s) 'example_skip_dag' retrieved from /home/florent/Programs/anaconda3/envs/airflow_etl/lib/python3.11/site-packages/airflow/example_dags/example_skip_dag.py
[2025-07-11T11:08:22.408+0200] {logging_mixin.py:188} INFO - [2025-07-11T11:08:22.408+0200] {dag.py:3096} INFO - Sync 1 DAGs
[2025-07-11T11:08:22.419+0200] {logging_mixin.py:188} INFO - [2025-07-11T11:08:22.419+0200] {dag.py:3954} INFO - Setting next_dagrun for example_skip_dag to 2025-07-10 00:00:00+00:00, run_after=2025-07-11 00:00:00+00:00
[2025-07-11T11:08:22.432+0200] {processor.py:183} INFO - Processing /home/florent/Programs/anaconda3/envs/airflow_etl/lib/python3.11/site-packages/airflow/example_dags/example_skip_dag.py took 0.059 seconds
[2025-07-11T11:09:21.808+0200] {processor.py:161} INFO - Started process (PID=46751) to work on /home/florent/Programs/anaconda3/envs/airflow_etl/lib/python3.11/site-packages/airflow/example_dags/example_skip_dag.py
[2025-07-11T11:09:21.811+0200] {processor.py:830} INFO - Processing file /home/florent/Programs/anaconda3/envs/airflow_etl/lib/python3.11/site-packages/airflow/example_dags/example_skip_dag.py for tasks to queue
[2025-07-11T11:09:21.812+0200] {logging_mixin.py:188} INFO - [2025-07-11T11:09:21.811+0200] {dagbag.py:545} INFO - Filling up the DagBag from /home/florent/Programs/anaconda3/envs/airflow_etl/lib/python3.11/site-packages/airflow/example_dags/example_skip_dag.py
[2025-07-11T11:09:21.818+0200] {processor.py:840} INFO - DAG(s) 'example_skip_dag' retrieved from /home/florent/Programs/anaconda3/envs/airflow_etl/lib/python3.11/site-packages/airflow/example_dags/example_skip_dag.py
[2025-07-11T11:09:21.832+0200] {logging_mixin.py:188} INFO - [2025-07-11T11:09:21.832+0200] {dag.py:3096} INFO - Sync 1 DAGs
[2025-07-11T11:09:21.842+0200] {logging_mixin.py:188} INFO - [2025-07-11T11:09:21.842+0200] {dag.py:3954} INFO - Setting next_dagrun for example_skip_dag to 2025-07-10 00:00:00+00:00, run_after=2025-07-11 00:00:00+00:00
[2025-07-11T11:09:21.853+0200] {processor.py:183} INFO - Processing /home/florent/Programs/anaconda3/envs/airflow_etl/lib/python3.11/site-packages/airflow/example_dags/example_skip_dag.py took 0.050 seconds
[2025-07-11T11:10:26.263+0200] {processor.py:161} INFO - Started process (PID=47631) to work on /home/florent/Programs/anaconda3/envs/airflow_etl/lib/python3.11/site-packages/airflow/example_dags/example_skip_dag.py
[2025-07-11T11:10:26.266+0200] {processor.py:830} INFO - Processing file /home/florent/Programs/anaconda3/envs/airflow_etl/lib/python3.11/site-packages/airflow/example_dags/example_skip_dag.py for tasks to queue
[2025-07-11T11:10:26.267+0200] {logging_mixin.py:188} INFO - [2025-07-11T11:10:26.266+0200] {dagbag.py:545} INFO - Filling up the DagBag from /home/florent/Programs/anaconda3/envs/airflow_etl/lib/python3.11/site-packages/airflow/example_dags/example_skip_dag.py
[2025-07-11T11:10:26.273+0200] {processor.py:840} INFO - DAG(s) 'example_skip_dag' retrieved from /home/florent/Programs/anaconda3/envs/airflow_etl/lib/python3.11/site-packages/airflow/example_dags/example_skip_dag.py
[2025-07-11T11:10:26.287+0200] {logging_mixin.py:188} INFO - [2025-07-11T11:10:26.287+0200] {dag.py:3096} INFO - Sync 1 DAGs
[2025-07-11T11:10:26.296+0200] {logging_mixin.py:188} INFO - [2025-07-11T11:10:26.296+0200] {dag.py:3954} INFO - Setting next_dagrun for example_skip_dag to 2025-07-10 00:00:00+00:00, run_after=2025-07-11 00:00:00+00:00
[2025-07-11T11:10:26.308+0200] {processor.py:183} INFO - Processing /home/florent/Programs/anaconda3/envs/airflow_etl/lib/python3.11/site-packages/airflow/example_dags/example_skip_dag.py took 0.050 seconds
[2025-07-11T11:11:33.423+0200] {processor.py:161} INFO - Started process (PID=48580) to work on /home/florent/Programs/anaconda3/envs/airflow_etl/lib/python3.11/site-packages/airflow/example_dags/example_skip_dag.py
[2025-07-11T11:11:33.426+0200] {processor.py:830} INFO - Processing file /home/florent/Programs/anaconda3/envs/airflow_etl/lib/python3.11/site-packages/airflow/example_dags/example_skip_dag.py for tasks to queue
[2025-07-11T11:11:33.427+0200] {logging_mixin.py:188} INFO - [2025-07-11T11:11:33.426+0200] {dagbag.py:545} INFO - Filling up the DagBag from /home/florent/Programs/anaconda3/envs/airflow_etl/lib/python3.11/site-packages/airflow/example_dags/example_skip_dag.py
[2025-07-11T11:11:33.431+0200] {processor.py:840} INFO - DAG(s) 'example_skip_dag' retrieved from /home/florent/Programs/anaconda3/envs/airflow_etl/lib/python3.11/site-packages/airflow/example_dags/example_skip_dag.py
[2025-07-11T11:11:33.442+0200] {logging_mixin.py:188} INFO - [2025-07-11T11:11:33.442+0200] {dag.py:3096} INFO - Sync 1 DAGs
[2025-07-11T11:11:33.450+0200] {logging_mixin.py:188} INFO - [2025-07-11T11:11:33.450+0200] {dag.py:3954} INFO - Setting next_dagrun for example_skip_dag to 2025-07-10 00:00:00+00:00, run_after=2025-07-11 00:00:00+00:00
[2025-07-11T11:11:33.459+0200] {processor.py:183} INFO - Processing /home/florent/Programs/anaconda3/envs/airflow_etl/lib/python3.11/site-packages/airflow/example_dags/example_skip_dag.py took 0.044 seconds
[2025-07-11T11:12:44.223+0200] {processor.py:161} INFO - Started process (PID=50248) to work on /home/florent/Programs/anaconda3/envs/airflow_etl/lib/python3.11/site-packages/airflow/example_dags/example_skip_dag.py
[2025-07-11T11:12:44.226+0200] {processor.py:830} INFO - Processing file /home/florent/Programs/anaconda3/envs/airflow_etl/lib/python3.11/site-packages/airflow/example_dags/example_skip_dag.py for tasks to queue
[2025-07-11T11:12:44.226+0200] {logging_mixin.py:188} INFO - [2025-07-11T11:12:44.226+0200] {dagbag.py:545} INFO - Filling up the DagBag from /home/florent/Programs/anaconda3/envs/airflow_etl/lib/python3.11/site-packages/airflow/example_dags/example_skip_dag.py
[2025-07-11T11:12:44.231+0200] {processor.py:840} INFO - DAG(s) 'example_skip_dag' retrieved from /home/florent/Programs/anaconda3/envs/airflow_etl/lib/python3.11/site-packages/airflow/example_dags/example_skip_dag.py
[2025-07-11T11:12:44.240+0200] {logging_mixin.py:188} INFO - [2025-07-11T11:12:44.240+0200] {dag.py:3096} INFO - Sync 1 DAGs
[2025-07-11T11:12:44.247+0200] {logging_mixin.py:188} INFO - [2025-07-11T11:12:44.247+0200] {dag.py:3954} INFO - Setting next_dagrun for example_skip_dag to 2025-07-10 00:00:00+00:00, run_after=2025-07-11 00:00:00+00:00
[2025-07-11T11:12:44.257+0200] {processor.py:183} INFO - Processing /home/florent/Programs/anaconda3/envs/airflow_etl/lib/python3.11/site-packages/airflow/example_dags/example_skip_dag.py took 0.039 seconds
[2025-07-11T11:13:22.927+0200] {processor.py:161} INFO - Started process (PID=50739) to work on /home/florent/Programs/anaconda3/envs/airflow_etl/lib/python3.11/site-packages/airflow/example_dags/example_skip_dag.py
[2025-07-11T11:13:22.928+0200] {processor.py:830} INFO - Processing file /home/florent/Programs/anaconda3/envs/airflow_etl/lib/python3.11/site-packages/airflow/example_dags/example_skip_dag.py for tasks to queue
[2025-07-11T11:13:22.929+0200] {logging_mixin.py:188} INFO - [2025-07-11T11:13:22.929+0200] {dagbag.py:545} INFO - Filling up the DagBag from /home/florent/Programs/anaconda3/envs/airflow_etl/lib/python3.11/site-packages/airflow/example_dags/example_skip_dag.py
[2025-07-11T11:13:22.935+0200] {processor.py:840} INFO - DAG(s) 'example_skip_dag' retrieved from /home/florent/Programs/anaconda3/envs/airflow_etl/lib/python3.11/site-packages/airflow/example_dags/example_skip_dag.py
[2025-07-11T11:13:22.950+0200] {logging_mixin.py:188} INFO - [2025-07-11T11:13:22.950+0200] {dag.py:3096} INFO - Sync 1 DAGs
[2025-07-11T11:13:22.962+0200] {logging_mixin.py:188} INFO - [2025-07-11T11:13:22.962+0200] {dag.py:3954} INFO - Setting next_dagrun for example_skip_dag to 2025-07-10 00:00:00+00:00, run_after=2025-07-11 00:00:00+00:00
[2025-07-11T11:13:22.977+0200] {processor.py:183} INFO - Processing /home/florent/Programs/anaconda3/envs/airflow_etl/lib/python3.11/site-packages/airflow/example_dags/example_skip_dag.py took 0.056 seconds
[2025-07-11T11:13:59.369+0200] {processor.py:161} INFO - Started process (PID=51239) to work on /home/florent/Programs/anaconda3/envs/airflow_etl/lib/python3.11/site-packages/airflow/example_dags/example_skip_dag.py
[2025-07-11T11:13:59.369+0200] {processor.py:830} INFO - Processing file /home/florent/Programs/anaconda3/envs/airflow_etl/lib/python3.11/site-packages/airflow/example_dags/example_skip_dag.py for tasks to queue
[2025-07-11T11:13:59.370+0200] {logging_mixin.py:188} INFO - [2025-07-11T11:13:59.370+0200] {dagbag.py:545} INFO - Filling up the DagBag from /home/florent/Programs/anaconda3/envs/airflow_etl/lib/python3.11/site-packages/airflow/example_dags/example_skip_dag.py
[2025-07-11T11:13:59.376+0200] {processor.py:840} INFO - DAG(s) 'example_skip_dag' retrieved from /home/florent/Programs/anaconda3/envs/airflow_etl/lib/python3.11/site-packages/airflow/example_dags/example_skip_dag.py
[2025-07-11T11:13:59.387+0200] {logging_mixin.py:188} INFO - [2025-07-11T11:13:59.387+0200] {dag.py:3096} INFO - Sync 1 DAGs
[2025-07-11T11:13:59.395+0200] {logging_mixin.py:188} INFO - [2025-07-11T11:13:59.395+0200] {dag.py:3954} INFO - Setting next_dagrun for example_skip_dag to 2025-07-10 00:00:00+00:00, run_after=2025-07-11 00:00:00+00:00
[2025-07-11T11:13:59.404+0200] {processor.py:183} INFO - Processing /home/florent/Programs/anaconda3/envs/airflow_etl/lib/python3.11/site-packages/airflow/example_dags/example_skip_dag.py took 0.042 seconds
[2025-07-11T11:14:14.292+0200] {processor.py:161} INFO - Started process (PID=51430) to work on /home/florent/Programs/anaconda3/envs/airflow_etl/lib/python3.11/site-packages/airflow/example_dags/example_skip_dag.py
[2025-07-11T11:14:14.293+0200] {processor.py:830} INFO - Processing file /home/florent/Programs/anaconda3/envs/airflow_etl/lib/python3.11/site-packages/airflow/example_dags/example_skip_dag.py for tasks to queue
[2025-07-11T11:14:14.295+0200] {logging_mixin.py:188} INFO - [2025-07-11T11:14:14.294+0200] {dagbag.py:545} INFO - Filling up the DagBag from /home/florent/Programs/anaconda3/envs/airflow_etl/lib/python3.11/site-packages/airflow/example_dags/example_skip_dag.py
[2025-07-11T11:14:14.301+0200] {processor.py:840} INFO - DAG(s) 'example_skip_dag' retrieved from /home/florent/Programs/anaconda3/envs/airflow_etl/lib/python3.11/site-packages/airflow/example_dags/example_skip_dag.py
[2025-07-11T11:14:14.312+0200] {logging_mixin.py:188} INFO - [2025-07-11T11:14:14.312+0200] {dag.py:3096} INFO - Sync 1 DAGs
[2025-07-11T11:14:14.321+0200] {logging_mixin.py:188} INFO - [2025-07-11T11:14:14.321+0200] {dag.py:3954} INFO - Setting next_dagrun for example_skip_dag to 2025-07-10 00:00:00+00:00, run_after=2025-07-11 00:00:00+00:00
[2025-07-11T11:14:14.335+0200] {processor.py:183} INFO - Processing /home/florent/Programs/anaconda3/envs/airflow_etl/lib/python3.11/site-packages/airflow/example_dags/example_skip_dag.py took 0.048 seconds
[2025-07-11T11:14:51.349+0200] {processor.py:161} INFO - Started process (PID=51858) to work on /home/florent/Programs/anaconda3/envs/airflow_etl/lib/python3.11/site-packages/airflow/example_dags/example_skip_dag.py
[2025-07-11T11:14:51.352+0200] {processor.py:830} INFO - Processing file /home/florent/Programs/anaconda3/envs/airflow_etl/lib/python3.11/site-packages/airflow/example_dags/example_skip_dag.py for tasks to queue
[2025-07-11T11:14:51.353+0200] {logging_mixin.py:188} INFO - [2025-07-11T11:14:51.352+0200] {dagbag.py:545} INFO - Filling up the DagBag from /home/florent/Programs/anaconda3/envs/airflow_etl/lib/python3.11/site-packages/airflow/example_dags/example_skip_dag.py
[2025-07-11T11:14:51.359+0200] {processor.py:840} INFO - DAG(s) 'example_skip_dag' retrieved from /home/florent/Programs/anaconda3/envs/airflow_etl/lib/python3.11/site-packages/airflow/example_dags/example_skip_dag.py
[2025-07-11T11:14:51.369+0200] {logging_mixin.py:188} INFO - [2025-07-11T11:14:51.369+0200] {dag.py:3096} INFO - Sync 1 DAGs
[2025-07-11T11:14:51.377+0200] {logging_mixin.py:188} INFO - [2025-07-11T11:14:51.377+0200] {dag.py:3954} INFO - Setting next_dagrun for example_skip_dag to 2025-07-10 00:00:00+00:00, run_after=2025-07-11 00:00:00+00:00
[2025-07-11T11:14:51.387+0200] {processor.py:183} INFO - Processing /home/florent/Programs/anaconda3/envs/airflow_etl/lib/python3.11/site-packages/airflow/example_dags/example_skip_dag.py took 0.043 seconds
[2025-07-11T11:15:07.121+0200] {processor.py:161} INFO - Started process (PID=52046) to work on /home/florent/Programs/anaconda3/envs/airflow_etl/lib/python3.11/site-packages/airflow/example_dags/example_skip_dag.py
[2025-07-11T11:15:07.124+0200] {processor.py:830} INFO - Processing file /home/florent/Programs/anaconda3/envs/airflow_etl/lib/python3.11/site-packages/airflow/example_dags/example_skip_dag.py for tasks to queue
[2025-07-11T11:15:07.126+0200] {logging_mixin.py:188} INFO - [2025-07-11T11:15:07.125+0200] {dagbag.py:545} INFO - Filling up the DagBag from /home/florent/Programs/anaconda3/envs/airflow_etl/lib/python3.11/site-packages/airflow/example_dags/example_skip_dag.py
[2025-07-11T11:15:07.133+0200] {processor.py:840} INFO - DAG(s) 'example_skip_dag' retrieved from /home/florent/Programs/anaconda3/envs/airflow_etl/lib/python3.11/site-packages/airflow/example_dags/example_skip_dag.py
[2025-07-11T11:15:07.148+0200] {logging_mixin.py:188} INFO - [2025-07-11T11:15:07.148+0200] {dag.py:3096} INFO - Sync 1 DAGs
[2025-07-11T11:15:07.158+0200] {logging_mixin.py:188} INFO - [2025-07-11T11:15:07.158+0200] {dag.py:3954} INFO - Setting next_dagrun for example_skip_dag to 2025-07-10 00:00:00+00:00, run_after=2025-07-11 00:00:00+00:00
[2025-07-11T11:15:07.170+0200] {processor.py:183} INFO - Processing /home/florent/Programs/anaconda3/envs/airflow_etl/lib/python3.11/site-packages/airflow/example_dags/example_skip_dag.py took 0.056 seconds
[2025-07-11T11:15:51.594+0200] {processor.py:161} INFO - Started process (PID=52611) to work on /home/florent/Programs/anaconda3/envs/airflow_etl/lib/python3.11/site-packages/airflow/example_dags/example_skip_dag.py
[2025-07-11T11:15:51.597+0200] {processor.py:830} INFO - Processing file /home/florent/Programs/anaconda3/envs/airflow_etl/lib/python3.11/site-packages/airflow/example_dags/example_skip_dag.py for tasks to queue
[2025-07-11T11:15:51.598+0200] {logging_mixin.py:188} INFO - [2025-07-11T11:15:51.598+0200] {dagbag.py:545} INFO - Filling up the DagBag from /home/florent/Programs/anaconda3/envs/airflow_etl/lib/python3.11/site-packages/airflow/example_dags/example_skip_dag.py
[2025-07-11T11:15:51.605+0200] {processor.py:840} INFO - DAG(s) 'example_skip_dag' retrieved from /home/florent/Programs/anaconda3/envs/airflow_etl/lib/python3.11/site-packages/airflow/example_dags/example_skip_dag.py
[2025-07-11T11:15:51.626+0200] {logging_mixin.py:188} INFO - [2025-07-11T11:15:51.626+0200] {dag.py:3096} INFO - Sync 1 DAGs
[2025-07-11T11:15:51.648+0200] {logging_mixin.py:188} INFO - [2025-07-11T11:15:51.648+0200] {dag.py:3954} INFO - Setting next_dagrun for example_skip_dag to 2025-07-10 00:00:00+00:00, run_after=2025-07-11 00:00:00+00:00
[2025-07-11T11:15:51.673+0200] {processor.py:183} INFO - Processing /home/florent/Programs/anaconda3/envs/airflow_etl/lib/python3.11/site-packages/airflow/example_dags/example_skip_dag.py took 0.085 seconds
[2025-07-11T11:16:09.876+0200] {processor.py:161} INFO - Started process (PID=52866) to work on /home/florent/Programs/anaconda3/envs/airflow_etl/lib/python3.11/site-packages/airflow/example_dags/example_skip_dag.py
[2025-07-11T11:16:09.879+0200] {processor.py:830} INFO - Processing file /home/florent/Programs/anaconda3/envs/airflow_etl/lib/python3.11/site-packages/airflow/example_dags/example_skip_dag.py for tasks to queue
[2025-07-11T11:16:09.881+0200] {logging_mixin.py:188} INFO - [2025-07-11T11:16:09.880+0200] {dagbag.py:545} INFO - Filling up the DagBag from /home/florent/Programs/anaconda3/envs/airflow_etl/lib/python3.11/site-packages/airflow/example_dags/example_skip_dag.py
[2025-07-11T11:16:09.889+0200] {processor.py:840} INFO - DAG(s) 'example_skip_dag' retrieved from /home/florent/Programs/anaconda3/envs/airflow_etl/lib/python3.11/site-packages/airflow/example_dags/example_skip_dag.py
[2025-07-11T11:16:09.901+0200] {logging_mixin.py:188} INFO - [2025-07-11T11:16:09.901+0200] {dag.py:3096} INFO - Sync 1 DAGs
[2025-07-11T11:16:09.911+0200] {logging_mixin.py:188} INFO - [2025-07-11T11:16:09.911+0200] {dag.py:3954} INFO - Setting next_dagrun for example_skip_dag to 2025-07-10 00:00:00+00:00, run_after=2025-07-11 00:00:00+00:00
[2025-07-11T11:16:09.923+0200] {processor.py:183} INFO - Processing /home/florent/Programs/anaconda3/envs/airflow_etl/lib/python3.11/site-packages/airflow/example_dags/example_skip_dag.py took 0.053 seconds
[2025-07-11T11:16:54.616+0200] {processor.py:161} INFO - Started process (PID=53400) to work on /home/florent/Programs/anaconda3/envs/airflow_etl/lib/python3.11/site-packages/airflow/example_dags/example_skip_dag.py
[2025-07-11T11:16:54.619+0200] {processor.py:830} INFO - Processing file /home/florent/Programs/anaconda3/envs/airflow_etl/lib/python3.11/site-packages/airflow/example_dags/example_skip_dag.py for tasks to queue
[2025-07-11T11:16:54.620+0200] {logging_mixin.py:188} INFO - [2025-07-11T11:16:54.619+0200] {dagbag.py:545} INFO - Filling up the DagBag from /home/florent/Programs/anaconda3/envs/airflow_etl/lib/python3.11/site-packages/airflow/example_dags/example_skip_dag.py
[2025-07-11T11:16:54.626+0200] {processor.py:840} INFO - DAG(s) 'example_skip_dag' retrieved from /home/florent/Programs/anaconda3/envs/airflow_etl/lib/python3.11/site-packages/airflow/example_dags/example_skip_dag.py
[2025-07-11T11:16:54.641+0200] {logging_mixin.py:188} INFO - [2025-07-11T11:16:54.640+0200] {dag.py:3096} INFO - Sync 1 DAGs
[2025-07-11T11:16:54.648+0200] {logging_mixin.py:188} INFO - [2025-07-11T11:16:54.648+0200] {dag.py:3954} INFO - Setting next_dagrun for example_skip_dag to 2025-07-10 00:00:00+00:00, run_after=2025-07-11 00:00:00+00:00
[2025-07-11T11:16:54.659+0200] {processor.py:183} INFO - Processing /home/florent/Programs/anaconda3/envs/airflow_etl/lib/python3.11/site-packages/airflow/example_dags/example_skip_dag.py took 0.049 seconds
[2025-07-11T11:18:14.830+0200] {processor.py:161} INFO - Started process (PID=54215) to work on /home/florent/Programs/anaconda3/envs/airflow_etl/lib/python3.11/site-packages/airflow/example_dags/example_skip_dag.py
[2025-07-11T11:18:14.832+0200] {processor.py:830} INFO - Processing file /home/florent/Programs/anaconda3/envs/airflow_etl/lib/python3.11/site-packages/airflow/example_dags/example_skip_dag.py for tasks to queue
[2025-07-11T11:18:14.833+0200] {logging_mixin.py:188} INFO - [2025-07-11T11:18:14.833+0200] {dagbag.py:545} INFO - Filling up the DagBag from /home/florent/Programs/anaconda3/envs/airflow_etl/lib/python3.11/site-packages/airflow/example_dags/example_skip_dag.py
[2025-07-11T11:18:14.837+0200] {processor.py:840} INFO - DAG(s) 'example_skip_dag' retrieved from /home/florent/Programs/anaconda3/envs/airflow_etl/lib/python3.11/site-packages/airflow/example_dags/example_skip_dag.py
[2025-07-11T11:18:14.849+0200] {logging_mixin.py:188} INFO - [2025-07-11T11:18:14.849+0200] {dag.py:3096} INFO - Sync 1 DAGs
[2025-07-11T11:18:14.859+0200] {logging_mixin.py:188} INFO - [2025-07-11T11:18:14.859+0200] {dag.py:3954} INFO - Setting next_dagrun for example_skip_dag to 2025-07-10 00:00:00+00:00, run_after=2025-07-11 00:00:00+00:00
[2025-07-11T11:18:14.869+0200] {processor.py:183} INFO - Processing /home/florent/Programs/anaconda3/envs/airflow_etl/lib/python3.11/site-packages/airflow/example_dags/example_skip_dag.py took 0.042 seconds
[2025-07-11T11:19:04.547+0200] {processor.py:161} INFO - Started process (PID=54759) to work on /home/florent/Programs/anaconda3/envs/airflow_etl/lib/python3.11/site-packages/airflow/example_dags/example_skip_dag.py
[2025-07-11T11:19:04.549+0200] {processor.py:830} INFO - Processing file /home/florent/Programs/anaconda3/envs/airflow_etl/lib/python3.11/site-packages/airflow/example_dags/example_skip_dag.py for tasks to queue
[2025-07-11T11:19:04.551+0200] {logging_mixin.py:188} INFO - [2025-07-11T11:19:04.551+0200] {dagbag.py:545} INFO - Filling up the DagBag from /home/florent/Programs/anaconda3/envs/airflow_etl/lib/python3.11/site-packages/airflow/example_dags/example_skip_dag.py
[2025-07-11T11:19:04.558+0200] {processor.py:840} INFO - DAG(s) 'example_skip_dag' retrieved from /home/florent/Programs/anaconda3/envs/airflow_etl/lib/python3.11/site-packages/airflow/example_dags/example_skip_dag.py
[2025-07-11T11:19:04.570+0200] {logging_mixin.py:188} INFO - [2025-07-11T11:19:04.570+0200] {dag.py:3096} INFO - Sync 1 DAGs
[2025-07-11T11:19:04.579+0200] {logging_mixin.py:188} INFO - [2025-07-11T11:19:04.579+0200] {dag.py:3954} INFO - Setting next_dagrun for example_skip_dag to 2025-07-10 00:00:00+00:00, run_after=2025-07-11 00:00:00+00:00
[2025-07-11T11:19:04.591+0200] {processor.py:183} INFO - Processing /home/florent/Programs/anaconda3/envs/airflow_etl/lib/python3.11/site-packages/airflow/example_dags/example_skip_dag.py took 0.050 seconds
[2025-07-11T11:19:56.958+0200] {processor.py:161} INFO - Started process (PID=55315) to work on /home/florent/Programs/anaconda3/envs/airflow_etl/lib/python3.11/site-packages/airflow/example_dags/example_skip_dag.py
[2025-07-11T11:19:56.961+0200] {processor.py:830} INFO - Processing file /home/florent/Programs/anaconda3/envs/airflow_etl/lib/python3.11/site-packages/airflow/example_dags/example_skip_dag.py for tasks to queue
[2025-07-11T11:19:56.962+0200] {logging_mixin.py:188} INFO - [2025-07-11T11:19:56.962+0200] {dagbag.py:545} INFO - Filling up the DagBag from /home/florent/Programs/anaconda3/envs/airflow_etl/lib/python3.11/site-packages/airflow/example_dags/example_skip_dag.py
[2025-07-11T11:19:56.965+0200] {processor.py:840} INFO - DAG(s) 'example_skip_dag' retrieved from /home/florent/Programs/anaconda3/envs/airflow_etl/lib/python3.11/site-packages/airflow/example_dags/example_skip_dag.py
[2025-07-11T11:19:56.974+0200] {logging_mixin.py:188} INFO - [2025-07-11T11:19:56.974+0200] {dag.py:3096} INFO - Sync 1 DAGs
[2025-07-11T11:19:56.983+0200] {logging_mixin.py:188} INFO - [2025-07-11T11:19:56.983+0200] {dag.py:3954} INFO - Setting next_dagrun for example_skip_dag to 2025-07-10 00:00:00+00:00, run_after=2025-07-11 00:00:00+00:00
[2025-07-11T11:19:56.993+0200] {processor.py:183} INFO - Processing /home/florent/Programs/anaconda3/envs/airflow_etl/lib/python3.11/site-packages/airflow/example_dags/example_skip_dag.py took 0.040 seconds
[2025-07-11T11:21:00.378+0200] {processor.py:161} INFO - Started process (PID=56031) to work on /home/florent/Programs/anaconda3/envs/airflow_etl/lib/python3.11/site-packages/airflow/example_dags/example_skip_dag.py
[2025-07-11T11:21:00.380+0200] {processor.py:830} INFO - Processing file /home/florent/Programs/anaconda3/envs/airflow_etl/lib/python3.11/site-packages/airflow/example_dags/example_skip_dag.py for tasks to queue
[2025-07-11T11:21:00.382+0200] {logging_mixin.py:188} INFO - [2025-07-11T11:21:00.381+0200] {dagbag.py:545} INFO - Filling up the DagBag from /home/florent/Programs/anaconda3/envs/airflow_etl/lib/python3.11/site-packages/airflow/example_dags/example_skip_dag.py
[2025-07-11T11:21:00.389+0200] {processor.py:840} INFO - DAG(s) 'example_skip_dag' retrieved from /home/florent/Programs/anaconda3/envs/airflow_etl/lib/python3.11/site-packages/airflow/example_dags/example_skip_dag.py
[2025-07-11T11:21:00.401+0200] {logging_mixin.py:188} INFO - [2025-07-11T11:21:00.401+0200] {dag.py:3096} INFO - Sync 1 DAGs
[2025-07-11T11:21:00.411+0200] {logging_mixin.py:188} INFO - [2025-07-11T11:21:00.411+0200] {dag.py:3954} INFO - Setting next_dagrun for example_skip_dag to 2025-07-10 00:00:00+00:00, run_after=2025-07-11 00:00:00+00:00
[2025-07-11T11:21:00.424+0200] {processor.py:183} INFO - Processing /home/florent/Programs/anaconda3/envs/airflow_etl/lib/python3.11/site-packages/airflow/example_dags/example_skip_dag.py took 0.052 seconds
[2025-07-11T11:22:07.271+0200] {processor.py:161} INFO - Started process (PID=56694) to work on /home/florent/Programs/anaconda3/envs/airflow_etl/lib/python3.11/site-packages/airflow/example_dags/example_skip_dag.py
[2025-07-11T11:22:07.274+0200] {processor.py:830} INFO - Processing file /home/florent/Programs/anaconda3/envs/airflow_etl/lib/python3.11/site-packages/airflow/example_dags/example_skip_dag.py for tasks to queue
[2025-07-11T11:22:07.276+0200] {logging_mixin.py:188} INFO - [2025-07-11T11:22:07.276+0200] {dagbag.py:545} INFO - Filling up the DagBag from /home/florent/Programs/anaconda3/envs/airflow_etl/lib/python3.11/site-packages/airflow/example_dags/example_skip_dag.py
[2025-07-11T11:22:07.284+0200] {processor.py:840} INFO - DAG(s) 'example_skip_dag' retrieved from /home/florent/Programs/anaconda3/envs/airflow_etl/lib/python3.11/site-packages/airflow/example_dags/example_skip_dag.py
[2025-07-11T11:22:07.297+0200] {logging_mixin.py:188} INFO - [2025-07-11T11:22:07.296+0200] {dag.py:3096} INFO - Sync 1 DAGs
[2025-07-11T11:22:07.307+0200] {logging_mixin.py:188} INFO - [2025-07-11T11:22:07.307+0200] {dag.py:3954} INFO - Setting next_dagrun for example_skip_dag to 2025-07-10 00:00:00+00:00, run_after=2025-07-11 00:00:00+00:00
[2025-07-11T11:22:07.319+0200] {processor.py:183} INFO - Processing /home/florent/Programs/anaconda3/envs/airflow_etl/lib/python3.11/site-packages/airflow/example_dags/example_skip_dag.py took 0.054 seconds
[2025-07-11T11:23:14.588+0200] {processor.py:161} INFO - Started process (PID=57360) to work on /home/florent/Programs/anaconda3/envs/airflow_etl/lib/python3.11/site-packages/airflow/example_dags/example_skip_dag.py
[2025-07-11T11:23:14.591+0200] {processor.py:830} INFO - Processing file /home/florent/Programs/anaconda3/envs/airflow_etl/lib/python3.11/site-packages/airflow/example_dags/example_skip_dag.py for tasks to queue
[2025-07-11T11:23:14.591+0200] {logging_mixin.py:188} INFO - [2025-07-11T11:23:14.591+0200] {dagbag.py:545} INFO - Filling up the DagBag from /home/florent/Programs/anaconda3/envs/airflow_etl/lib/python3.11/site-packages/airflow/example_dags/example_skip_dag.py
[2025-07-11T11:23:14.595+0200] {processor.py:840} INFO - DAG(s) 'example_skip_dag' retrieved from /home/florent/Programs/anaconda3/envs/airflow_etl/lib/python3.11/site-packages/airflow/example_dags/example_skip_dag.py
[2025-07-11T11:23:14.606+0200] {logging_mixin.py:188} INFO - [2025-07-11T11:23:14.605+0200] {dag.py:3096} INFO - Sync 1 DAGs
[2025-07-11T11:23:14.617+0200] {logging_mixin.py:188} INFO - [2025-07-11T11:23:14.616+0200] {dag.py:3954} INFO - Setting next_dagrun for example_skip_dag to 2025-07-10 00:00:00+00:00, run_after=2025-07-11 00:00:00+00:00
[2025-07-11T11:23:14.630+0200] {processor.py:183} INFO - Processing /home/florent/Programs/anaconda3/envs/airflow_etl/lib/python3.11/site-packages/airflow/example_dags/example_skip_dag.py took 0.045 seconds
[2025-07-11T11:24:23.788+0200] {processor.py:161} INFO - Started process (PID=58056) to work on /home/florent/Programs/anaconda3/envs/airflow_etl/lib/python3.11/site-packages/airflow/example_dags/example_skip_dag.py
[2025-07-11T11:24:23.791+0200] {processor.py:830} INFO - Processing file /home/florent/Programs/anaconda3/envs/airflow_etl/lib/python3.11/site-packages/airflow/example_dags/example_skip_dag.py for tasks to queue
[2025-07-11T11:24:23.793+0200] {logging_mixin.py:188} INFO - [2025-07-11T11:24:23.793+0200] {dagbag.py:545} INFO - Filling up the DagBag from /home/florent/Programs/anaconda3/envs/airflow_etl/lib/python3.11/site-packages/airflow/example_dags/example_skip_dag.py
[2025-07-11T11:24:23.800+0200] {processor.py:840} INFO - DAG(s) 'example_skip_dag' retrieved from /home/florent/Programs/anaconda3/envs/airflow_etl/lib/python3.11/site-packages/airflow/example_dags/example_skip_dag.py
[2025-07-11T11:24:23.811+0200] {logging_mixin.py:188} INFO - [2025-07-11T11:24:23.811+0200] {dag.py:3096} INFO - Sync 1 DAGs
[2025-07-11T11:24:23.820+0200] {logging_mixin.py:188} INFO - [2025-07-11T11:24:23.820+0200] {dag.py:3954} INFO - Setting next_dagrun for example_skip_dag to 2025-07-10 00:00:00+00:00, run_after=2025-07-11 00:00:00+00:00
[2025-07-11T11:24:23.831+0200] {processor.py:183} INFO - Processing /home/florent/Programs/anaconda3/envs/airflow_etl/lib/python3.11/site-packages/airflow/example_dags/example_skip_dag.py took 0.048 seconds
[2025-07-11T11:25:10.039+0200] {processor.py:161} INFO - Started process (PID=58575) to work on /home/florent/Programs/anaconda3/envs/airflow_etl/lib/python3.11/site-packages/airflow/example_dags/example_skip_dag.py
[2025-07-11T11:25:10.042+0200] {processor.py:830} INFO - Processing file /home/florent/Programs/anaconda3/envs/airflow_etl/lib/python3.11/site-packages/airflow/example_dags/example_skip_dag.py for tasks to queue
[2025-07-11T11:25:10.043+0200] {logging_mixin.py:188} INFO - [2025-07-11T11:25:10.043+0200] {dagbag.py:545} INFO - Filling up the DagBag from /home/florent/Programs/anaconda3/envs/airflow_etl/lib/python3.11/site-packages/airflow/example_dags/example_skip_dag.py
[2025-07-11T11:25:10.050+0200] {processor.py:840} INFO - DAG(s) 'example_skip_dag' retrieved from /home/florent/Programs/anaconda3/envs/airflow_etl/lib/python3.11/site-packages/airflow/example_dags/example_skip_dag.py
[2025-07-11T11:25:10.066+0200] {logging_mixin.py:188} INFO - [2025-07-11T11:25:10.066+0200] {dag.py:3096} INFO - Sync 1 DAGs
[2025-07-11T11:25:10.083+0200] {logging_mixin.py:188} INFO - [2025-07-11T11:25:10.083+0200] {dag.py:3954} INFO - Setting next_dagrun for example_skip_dag to 2025-07-10 00:00:00+00:00, run_after=2025-07-11 00:00:00+00:00
[2025-07-11T11:25:10.101+0200] {processor.py:183} INFO - Processing /home/florent/Programs/anaconda3/envs/airflow_etl/lib/python3.11/site-packages/airflow/example_dags/example_skip_dag.py took 0.067 seconds
[2025-07-11T11:26:17.433+0200] {processor.py:161} INFO - Started process (PID=59315) to work on /home/florent/Programs/anaconda3/envs/airflow_etl/lib/python3.11/site-packages/airflow/example_dags/example_skip_dag.py
[2025-07-11T11:26:17.436+0200] {processor.py:830} INFO - Processing file /home/florent/Programs/anaconda3/envs/airflow_etl/lib/python3.11/site-packages/airflow/example_dags/example_skip_dag.py for tasks to queue
[2025-07-11T11:26:17.436+0200] {logging_mixin.py:188} INFO - [2025-07-11T11:26:17.436+0200] {dagbag.py:545} INFO - Filling up the DagBag from /home/florent/Programs/anaconda3/envs/airflow_etl/lib/python3.11/site-packages/airflow/example_dags/example_skip_dag.py
[2025-07-11T11:26:17.440+0200] {processor.py:840} INFO - DAG(s) 'example_skip_dag' retrieved from /home/florent/Programs/anaconda3/envs/airflow_etl/lib/python3.11/site-packages/airflow/example_dags/example_skip_dag.py
[2025-07-11T11:26:17.450+0200] {logging_mixin.py:188} INFO - [2025-07-11T11:26:17.450+0200] {dag.py:3096} INFO - Sync 1 DAGs
[2025-07-11T11:26:17.461+0200] {logging_mixin.py:188} INFO - [2025-07-11T11:26:17.461+0200] {dag.py:3954} INFO - Setting next_dagrun for example_skip_dag to 2025-07-10 00:00:00+00:00, run_after=2025-07-11 00:00:00+00:00
[2025-07-11T11:26:17.471+0200] {processor.py:183} INFO - Processing /home/florent/Programs/anaconda3/envs/airflow_etl/lib/python3.11/site-packages/airflow/example_dags/example_skip_dag.py took 0.042 seconds
[2025-07-11T11:27:28.081+0200] {processor.py:161} INFO - Started process (PID=60110) to work on /home/florent/Programs/anaconda3/envs/airflow_etl/lib/python3.11/site-packages/airflow/example_dags/example_skip_dag.py
[2025-07-11T11:27:28.084+0200] {processor.py:830} INFO - Processing file /home/florent/Programs/anaconda3/envs/airflow_etl/lib/python3.11/site-packages/airflow/example_dags/example_skip_dag.py for tasks to queue
[2025-07-11T11:27:28.086+0200] {logging_mixin.py:188} INFO - [2025-07-11T11:27:28.086+0200] {dagbag.py:545} INFO - Filling up the DagBag from /home/florent/Programs/anaconda3/envs/airflow_etl/lib/python3.11/site-packages/airflow/example_dags/example_skip_dag.py
[2025-07-11T11:27:28.094+0200] {processor.py:840} INFO - DAG(s) 'example_skip_dag' retrieved from /home/florent/Programs/anaconda3/envs/airflow_etl/lib/python3.11/site-packages/airflow/example_dags/example_skip_dag.py
[2025-07-11T11:27:28.113+0200] {logging_mixin.py:188} INFO - [2025-07-11T11:27:28.113+0200] {dag.py:3096} INFO - Sync 1 DAGs
[2025-07-11T11:27:28.125+0200] {logging_mixin.py:188} INFO - [2025-07-11T11:27:28.124+0200] {dag.py:3954} INFO - Setting next_dagrun for example_skip_dag to 2025-07-10 00:00:00+00:00, run_after=2025-07-11 00:00:00+00:00
[2025-07-11T11:27:28.137+0200] {processor.py:183} INFO - Processing /home/florent/Programs/anaconda3/envs/airflow_etl/lib/python3.11/site-packages/airflow/example_dags/example_skip_dag.py took 0.063 seconds
[2025-07-11T11:28:33.158+0200] {processor.py:161} INFO - Started process (PID=60785) to work on /home/florent/Programs/anaconda3/envs/airflow_etl/lib/python3.11/site-packages/airflow/example_dags/example_skip_dag.py
[2025-07-11T11:28:33.161+0200] {processor.py:830} INFO - Processing file /home/florent/Programs/anaconda3/envs/airflow_etl/lib/python3.11/site-packages/airflow/example_dags/example_skip_dag.py for tasks to queue
[2025-07-11T11:28:33.163+0200] {logging_mixin.py:188} INFO - [2025-07-11T11:28:33.162+0200] {dagbag.py:545} INFO - Filling up the DagBag from /home/florent/Programs/anaconda3/envs/airflow_etl/lib/python3.11/site-packages/airflow/example_dags/example_skip_dag.py
[2025-07-11T11:28:33.169+0200] {processor.py:840} INFO - DAG(s) 'example_skip_dag' retrieved from /home/florent/Programs/anaconda3/envs/airflow_etl/lib/python3.11/site-packages/airflow/example_dags/example_skip_dag.py
[2025-07-11T11:28:33.180+0200] {logging_mixin.py:188} INFO - [2025-07-11T11:28:33.180+0200] {dag.py:3096} INFO - Sync 1 DAGs
[2025-07-11T11:28:33.191+0200] {logging_mixin.py:188} INFO - [2025-07-11T11:28:33.191+0200] {dag.py:3954} INFO - Setting next_dagrun for example_skip_dag to 2025-07-10 00:00:00+00:00, run_after=2025-07-11 00:00:00+00:00
[2025-07-11T11:28:33.204+0200] {processor.py:183} INFO - Processing /home/florent/Programs/anaconda3/envs/airflow_etl/lib/python3.11/site-packages/airflow/example_dags/example_skip_dag.py took 0.052 seconds
[2025-07-11T11:29:36.867+0200] {processor.py:161} INFO - Started process (PID=61465) to work on /home/florent/Programs/anaconda3/envs/airflow_etl/lib/python3.11/site-packages/airflow/example_dags/example_skip_dag.py
[2025-07-11T11:29:36.869+0200] {processor.py:830} INFO - Processing file /home/florent/Programs/anaconda3/envs/airflow_etl/lib/python3.11/site-packages/airflow/example_dags/example_skip_dag.py for tasks to queue
[2025-07-11T11:29:36.870+0200] {logging_mixin.py:188} INFO - [2025-07-11T11:29:36.870+0200] {dagbag.py:545} INFO - Filling up the DagBag from /home/florent/Programs/anaconda3/envs/airflow_etl/lib/python3.11/site-packages/airflow/example_dags/example_skip_dag.py
[2025-07-11T11:29:36.874+0200] {processor.py:840} INFO - DAG(s) 'example_skip_dag' retrieved from /home/florent/Programs/anaconda3/envs/airflow_etl/lib/python3.11/site-packages/airflow/example_dags/example_skip_dag.py
[2025-07-11T11:29:36.884+0200] {logging_mixin.py:188} INFO - [2025-07-11T11:29:36.884+0200] {dag.py:3096} INFO - Sync 1 DAGs
[2025-07-11T11:29:36.893+0200] {logging_mixin.py:188} INFO - [2025-07-11T11:29:36.893+0200] {dag.py:3954} INFO - Setting next_dagrun for example_skip_dag to 2025-07-10 00:00:00+00:00, run_after=2025-07-11 00:00:00+00:00
[2025-07-11T11:29:36.903+0200] {processor.py:183} INFO - Processing /home/florent/Programs/anaconda3/envs/airflow_etl/lib/python3.11/site-packages/airflow/example_dags/example_skip_dag.py took 0.040 seconds
[2025-07-11T11:30:37.379+0200] {processor.py:161} INFO - Started process (PID=62103) to work on /home/florent/Programs/anaconda3/envs/airflow_etl/lib/python3.11/site-packages/airflow/example_dags/example_skip_dag.py
[2025-07-11T11:30:37.382+0200] {processor.py:830} INFO - Processing file /home/florent/Programs/anaconda3/envs/airflow_etl/lib/python3.11/site-packages/airflow/example_dags/example_skip_dag.py for tasks to queue
[2025-07-11T11:30:37.384+0200] {logging_mixin.py:188} INFO - [2025-07-11T11:30:37.383+0200] {dagbag.py:545} INFO - Filling up the DagBag from /home/florent/Programs/anaconda3/envs/airflow_etl/lib/python3.11/site-packages/airflow/example_dags/example_skip_dag.py
[2025-07-11T11:30:37.392+0200] {processor.py:840} INFO - DAG(s) 'example_skip_dag' retrieved from /home/florent/Programs/anaconda3/envs/airflow_etl/lib/python3.11/site-packages/airflow/example_dags/example_skip_dag.py
[2025-07-11T11:30:37.405+0200] {logging_mixin.py:188} INFO - [2025-07-11T11:30:37.405+0200] {dag.py:3096} INFO - Sync 1 DAGs
[2025-07-11T11:30:37.416+0200] {logging_mixin.py:188} INFO - [2025-07-11T11:30:37.416+0200] {dag.py:3954} INFO - Setting next_dagrun for example_skip_dag to 2025-07-10 00:00:00+00:00, run_after=2025-07-11 00:00:00+00:00
[2025-07-11T11:30:37.428+0200] {processor.py:183} INFO - Processing /home/florent/Programs/anaconda3/envs/airflow_etl/lib/python3.11/site-packages/airflow/example_dags/example_skip_dag.py took 0.054 seconds
[2025-07-11T11:31:43.294+0200] {processor.py:161} INFO - Started process (PID=62774) to work on /home/florent/Programs/anaconda3/envs/airflow_etl/lib/python3.11/site-packages/airflow/example_dags/example_skip_dag.py
[2025-07-11T11:31:43.296+0200] {processor.py:830} INFO - Processing file /home/florent/Programs/anaconda3/envs/airflow_etl/lib/python3.11/site-packages/airflow/example_dags/example_skip_dag.py for tasks to queue
[2025-07-11T11:31:43.298+0200] {logging_mixin.py:188} INFO - [2025-07-11T11:31:43.298+0200] {dagbag.py:545} INFO - Filling up the DagBag from /home/florent/Programs/anaconda3/envs/airflow_etl/lib/python3.11/site-packages/airflow/example_dags/example_skip_dag.py
[2025-07-11T11:31:43.305+0200] {processor.py:840} INFO - DAG(s) 'example_skip_dag' retrieved from /home/florent/Programs/anaconda3/envs/airflow_etl/lib/python3.11/site-packages/airflow/example_dags/example_skip_dag.py
[2025-07-11T11:31:43.316+0200] {logging_mixin.py:188} INFO - [2025-07-11T11:31:43.316+0200] {dag.py:3096} INFO - Sync 1 DAGs
[2025-07-11T11:31:43.327+0200] {logging_mixin.py:188} INFO - [2025-07-11T11:31:43.327+0200] {dag.py:3954} INFO - Setting next_dagrun for example_skip_dag to 2025-07-10 00:00:00+00:00, run_after=2025-07-11 00:00:00+00:00
[2025-07-11T11:31:43.339+0200] {processor.py:183} INFO - Processing /home/florent/Programs/anaconda3/envs/airflow_etl/lib/python3.11/site-packages/airflow/example_dags/example_skip_dag.py took 0.051 seconds
[2025-07-11T11:32:46.791+0200] {processor.py:161} INFO - Started process (PID=63575) to work on /home/florent/Programs/anaconda3/envs/airflow_etl/lib/python3.11/site-packages/airflow/example_dags/example_skip_dag.py
[2025-07-11T11:32:46.794+0200] {processor.py:830} INFO - Processing file /home/florent/Programs/anaconda3/envs/airflow_etl/lib/python3.11/site-packages/airflow/example_dags/example_skip_dag.py for tasks to queue
[2025-07-11T11:32:46.795+0200] {logging_mixin.py:188} INFO - [2025-07-11T11:32:46.795+0200] {dagbag.py:545} INFO - Filling up the DagBag from /home/florent/Programs/anaconda3/envs/airflow_etl/lib/python3.11/site-packages/airflow/example_dags/example_skip_dag.py
[2025-07-11T11:32:46.800+0200] {processor.py:840} INFO - DAG(s) 'example_skip_dag' retrieved from /home/florent/Programs/anaconda3/envs/airflow_etl/lib/python3.11/site-packages/airflow/example_dags/example_skip_dag.py
[2025-07-11T11:32:46.810+0200] {logging_mixin.py:188} INFO - [2025-07-11T11:32:46.809+0200] {dag.py:3096} INFO - Sync 1 DAGs
[2025-07-11T11:32:46.820+0200] {logging_mixin.py:188} INFO - [2025-07-11T11:32:46.820+0200] {dag.py:3954} INFO - Setting next_dagrun for example_skip_dag to 2025-07-10 00:00:00+00:00, run_after=2025-07-11 00:00:00+00:00
[2025-07-11T11:32:46.833+0200] {processor.py:183} INFO - Processing /home/florent/Programs/anaconda3/envs/airflow_etl/lib/python3.11/site-packages/airflow/example_dags/example_skip_dag.py took 0.047 seconds
[2025-07-11T11:33:50.806+0200] {processor.py:161} INFO - Started process (PID=64232) to work on /home/florent/Programs/anaconda3/envs/airflow_etl/lib/python3.11/site-packages/airflow/example_dags/example_skip_dag.py
[2025-07-11T11:33:50.809+0200] {processor.py:830} INFO - Processing file /home/florent/Programs/anaconda3/envs/airflow_etl/lib/python3.11/site-packages/airflow/example_dags/example_skip_dag.py for tasks to queue
[2025-07-11T11:33:50.811+0200] {logging_mixin.py:188} INFO - [2025-07-11T11:33:50.810+0200] {dagbag.py:545} INFO - Filling up the DagBag from /home/florent/Programs/anaconda3/envs/airflow_etl/lib/python3.11/site-packages/airflow/example_dags/example_skip_dag.py
[2025-07-11T11:33:50.818+0200] {processor.py:840} INFO - DAG(s) 'example_skip_dag' retrieved from /home/florent/Programs/anaconda3/envs/airflow_etl/lib/python3.11/site-packages/airflow/example_dags/example_skip_dag.py
[2025-07-11T11:33:50.829+0200] {logging_mixin.py:188} INFO - [2025-07-11T11:33:50.829+0200] {dag.py:3096} INFO - Sync 1 DAGs
[2025-07-11T11:33:50.839+0200] {logging_mixin.py:188} INFO - [2025-07-11T11:33:50.838+0200] {dag.py:3954} INFO - Setting next_dagrun for example_skip_dag to 2025-07-10 00:00:00+00:00, run_after=2025-07-11 00:00:00+00:00
[2025-07-11T11:33:50.852+0200] {processor.py:183} INFO - Processing /home/florent/Programs/anaconda3/envs/airflow_etl/lib/python3.11/site-packages/airflow/example_dags/example_skip_dag.py took 0.051 seconds
[2025-07-11T11:34:56.998+0200] {processor.py:161} INFO - Started process (PID=64878) to work on /home/florent/Programs/anaconda3/envs/airflow_etl/lib/python3.11/site-packages/airflow/example_dags/example_skip_dag.py
[2025-07-11T11:34:57.001+0200] {processor.py:830} INFO - Processing file /home/florent/Programs/anaconda3/envs/airflow_etl/lib/python3.11/site-packages/airflow/example_dags/example_skip_dag.py for tasks to queue
[2025-07-11T11:34:57.003+0200] {logging_mixin.py:188} INFO - [2025-07-11T11:34:57.002+0200] {dagbag.py:545} INFO - Filling up the DagBag from /home/florent/Programs/anaconda3/envs/airflow_etl/lib/python3.11/site-packages/airflow/example_dags/example_skip_dag.py
[2025-07-11T11:34:57.010+0200] {processor.py:840} INFO - DAG(s) 'example_skip_dag' retrieved from /home/florent/Programs/anaconda3/envs/airflow_etl/lib/python3.11/site-packages/airflow/example_dags/example_skip_dag.py
[2025-07-11T11:34:57.020+0200] {logging_mixin.py:188} INFO - [2025-07-11T11:34:57.020+0200] {dag.py:3096} INFO - Sync 1 DAGs
[2025-07-11T11:34:57.030+0200] {logging_mixin.py:188} INFO - [2025-07-11T11:34:57.030+0200] {dag.py:3954} INFO - Setting next_dagrun for example_skip_dag to 2025-07-10 00:00:00+00:00, run_after=2025-07-11 00:00:00+00:00
[2025-07-11T11:34:57.044+0200] {processor.py:183} INFO - Processing /home/florent/Programs/anaconda3/envs/airflow_etl/lib/python3.11/site-packages/airflow/example_dags/example_skip_dag.py took 0.051 seconds
[2025-07-11T11:35:57.225+0200] {processor.py:161} INFO - Started process (PID=65520) to work on /home/florent/Programs/anaconda3/envs/airflow_etl/lib/python3.11/site-packages/airflow/example_dags/example_skip_dag.py
[2025-07-11T11:35:57.228+0200] {processor.py:830} INFO - Processing file /home/florent/Programs/anaconda3/envs/airflow_etl/lib/python3.11/site-packages/airflow/example_dags/example_skip_dag.py for tasks to queue
[2025-07-11T11:35:57.230+0200] {logging_mixin.py:188} INFO - [2025-07-11T11:35:57.229+0200] {dagbag.py:545} INFO - Filling up the DagBag from /home/florent/Programs/anaconda3/envs/airflow_etl/lib/python3.11/site-packages/airflow/example_dags/example_skip_dag.py
[2025-07-11T11:35:57.238+0200] {processor.py:840} INFO - DAG(s) 'example_skip_dag' retrieved from /home/florent/Programs/anaconda3/envs/airflow_etl/lib/python3.11/site-packages/airflow/example_dags/example_skip_dag.py
[2025-07-11T11:35:57.250+0200] {logging_mixin.py:188} INFO - [2025-07-11T11:35:57.250+0200] {dag.py:3096} INFO - Sync 1 DAGs
[2025-07-11T11:35:57.260+0200] {logging_mixin.py:188} INFO - [2025-07-11T11:35:57.260+0200] {dag.py:3954} INFO - Setting next_dagrun for example_skip_dag to 2025-07-10 00:00:00+00:00, run_after=2025-07-11 00:00:00+00:00
[2025-07-11T11:35:57.271+0200] {processor.py:183} INFO - Processing /home/florent/Programs/anaconda3/envs/airflow_etl/lib/python3.11/site-packages/airflow/example_dags/example_skip_dag.py took 0.053 seconds
[2025-07-11T11:36:46.540+0200] {processor.py:161} INFO - Started process (PID=66079) to work on /home/florent/Programs/anaconda3/envs/airflow_etl/lib/python3.11/site-packages/airflow/example_dags/example_skip_dag.py
[2025-07-11T11:36:46.543+0200] {processor.py:830} INFO - Processing file /home/florent/Programs/anaconda3/envs/airflow_etl/lib/python3.11/site-packages/airflow/example_dags/example_skip_dag.py for tasks to queue
[2025-07-11T11:36:46.545+0200] {logging_mixin.py:188} INFO - [2025-07-11T11:36:46.544+0200] {dagbag.py:545} INFO - Filling up the DagBag from /home/florent/Programs/anaconda3/envs/airflow_etl/lib/python3.11/site-packages/airflow/example_dags/example_skip_dag.py
[2025-07-11T11:36:46.552+0200] {processor.py:840} INFO - DAG(s) 'example_skip_dag' retrieved from /home/florent/Programs/anaconda3/envs/airflow_etl/lib/python3.11/site-packages/airflow/example_dags/example_skip_dag.py
[2025-07-11T11:36:46.564+0200] {logging_mixin.py:188} INFO - [2025-07-11T11:36:46.563+0200] {dag.py:3096} INFO - Sync 1 DAGs
[2025-07-11T11:36:46.573+0200] {logging_mixin.py:188} INFO - [2025-07-11T11:36:46.573+0200] {dag.py:3954} INFO - Setting next_dagrun for example_skip_dag to 2025-07-10 00:00:00+00:00, run_after=2025-07-11 00:00:00+00:00
[2025-07-11T11:36:46.585+0200] {processor.py:183} INFO - Processing /home/florent/Programs/anaconda3/envs/airflow_etl/lib/python3.11/site-packages/airflow/example_dags/example_skip_dag.py took 0.051 seconds
[2025-07-11T11:37:51.239+0200] {processor.py:161} INFO - Started process (PID=66767) to work on /home/florent/Programs/anaconda3/envs/airflow_etl/lib/python3.11/site-packages/airflow/example_dags/example_skip_dag.py
[2025-07-11T11:37:51.242+0200] {processor.py:830} INFO - Processing file /home/florent/Programs/anaconda3/envs/airflow_etl/lib/python3.11/site-packages/airflow/example_dags/example_skip_dag.py for tasks to queue
[2025-07-11T11:37:51.244+0200] {logging_mixin.py:188} INFO - [2025-07-11T11:37:51.243+0200] {dagbag.py:545} INFO - Filling up the DagBag from /home/florent/Programs/anaconda3/envs/airflow_etl/lib/python3.11/site-packages/airflow/example_dags/example_skip_dag.py
[2025-07-11T11:37:51.252+0200] {processor.py:840} INFO - DAG(s) 'example_skip_dag' retrieved from /home/florent/Programs/anaconda3/envs/airflow_etl/lib/python3.11/site-packages/airflow/example_dags/example_skip_dag.py
[2025-07-11T11:37:51.264+0200] {logging_mixin.py:188} INFO - [2025-07-11T11:37:51.264+0200] {dag.py:3096} INFO - Sync 1 DAGs
[2025-07-11T11:37:51.273+0200] {logging_mixin.py:188} INFO - [2025-07-11T11:37:51.273+0200] {dag.py:3954} INFO - Setting next_dagrun for example_skip_dag to 2025-07-10 00:00:00+00:00, run_after=2025-07-11 00:00:00+00:00
[2025-07-11T11:37:51.286+0200] {processor.py:183} INFO - Processing /home/florent/Programs/anaconda3/envs/airflow_etl/lib/python3.11/site-packages/airflow/example_dags/example_skip_dag.py took 0.053 seconds
[2025-07-11T11:38:57.816+0200] {processor.py:161} INFO - Started process (PID=67435) to work on /home/florent/Programs/anaconda3/envs/airflow_etl/lib/python3.11/site-packages/airflow/example_dags/example_skip_dag.py
[2025-07-11T11:38:57.819+0200] {processor.py:830} INFO - Processing file /home/florent/Programs/anaconda3/envs/airflow_etl/lib/python3.11/site-packages/airflow/example_dags/example_skip_dag.py for tasks to queue
[2025-07-11T11:38:57.820+0200] {logging_mixin.py:188} INFO - [2025-07-11T11:38:57.820+0200] {dagbag.py:545} INFO - Filling up the DagBag from /home/florent/Programs/anaconda3/envs/airflow_etl/lib/python3.11/site-packages/airflow/example_dags/example_skip_dag.py
[2025-07-11T11:38:57.828+0200] {processor.py:840} INFO - DAG(s) 'example_skip_dag' retrieved from /home/florent/Programs/anaconda3/envs/airflow_etl/lib/python3.11/site-packages/airflow/example_dags/example_skip_dag.py
[2025-07-11T11:38:57.842+0200] {logging_mixin.py:188} INFO - [2025-07-11T11:38:57.841+0200] {dag.py:3096} INFO - Sync 1 DAGs
[2025-07-11T11:38:57.853+0200] {logging_mixin.py:188} INFO - [2025-07-11T11:38:57.853+0200] {dag.py:3954} INFO - Setting next_dagrun for example_skip_dag to 2025-07-10 00:00:00+00:00, run_after=2025-07-11 00:00:00+00:00
[2025-07-11T11:38:57.865+0200] {processor.py:183} INFO - Processing /home/florent/Programs/anaconda3/envs/airflow_etl/lib/python3.11/site-packages/airflow/example_dags/example_skip_dag.py took 0.055 seconds
[2025-07-11T11:40:05.065+0200] {processor.py:161} INFO - Started process (PID=68198) to work on /home/florent/Programs/anaconda3/envs/airflow_etl/lib/python3.11/site-packages/airflow/example_dags/example_skip_dag.py
[2025-07-11T11:40:05.068+0200] {processor.py:830} INFO - Processing file /home/florent/Programs/anaconda3/envs/airflow_etl/lib/python3.11/site-packages/airflow/example_dags/example_skip_dag.py for tasks to queue
[2025-07-11T11:40:05.070+0200] {logging_mixin.py:188} INFO - [2025-07-11T11:40:05.070+0200] {dagbag.py:545} INFO - Filling up the DagBag from /home/florent/Programs/anaconda3/envs/airflow_etl/lib/python3.11/site-packages/airflow/example_dags/example_skip_dag.py
[2025-07-11T11:40:05.077+0200] {processor.py:840} INFO - DAG(s) 'example_skip_dag' retrieved from /home/florent/Programs/anaconda3/envs/airflow_etl/lib/python3.11/site-packages/airflow/example_dags/example_skip_dag.py
[2025-07-11T11:40:05.088+0200] {logging_mixin.py:188} INFO - [2025-07-11T11:40:05.088+0200] {dag.py:3096} INFO - Sync 1 DAGs
[2025-07-11T11:40:05.098+0200] {logging_mixin.py:188} INFO - [2025-07-11T11:40:05.098+0200] {dag.py:3954} INFO - Setting next_dagrun for example_skip_dag to 2025-07-10 00:00:00+00:00, run_after=2025-07-11 00:00:00+00:00
[2025-07-11T11:40:05.109+0200] {processor.py:183} INFO - Processing /home/florent/Programs/anaconda3/envs/airflow_etl/lib/python3.11/site-packages/airflow/example_dags/example_skip_dag.py took 0.049 seconds
[2025-07-11T11:41:11.980+0200] {processor.py:161} INFO - Started process (PID=68902) to work on /home/florent/Programs/anaconda3/envs/airflow_etl/lib/python3.11/site-packages/airflow/example_dags/example_skip_dag.py
[2025-07-11T11:41:11.982+0200] {processor.py:830} INFO - Processing file /home/florent/Programs/anaconda3/envs/airflow_etl/lib/python3.11/site-packages/airflow/example_dags/example_skip_dag.py for tasks to queue
[2025-07-11T11:41:11.984+0200] {logging_mixin.py:188} INFO - [2025-07-11T11:41:11.984+0200] {dagbag.py:545} INFO - Filling up the DagBag from /home/florent/Programs/anaconda3/envs/airflow_etl/lib/python3.11/site-packages/airflow/example_dags/example_skip_dag.py
[2025-07-11T11:41:11.991+0200] {processor.py:840} INFO - DAG(s) 'example_skip_dag' retrieved from /home/florent/Programs/anaconda3/envs/airflow_etl/lib/python3.11/site-packages/airflow/example_dags/example_skip_dag.py
[2025-07-11T11:41:12.005+0200] {logging_mixin.py:188} INFO - [2025-07-11T11:41:12.005+0200] {dag.py:3096} INFO - Sync 1 DAGs
[2025-07-11T11:41:12.014+0200] {logging_mixin.py:188} INFO - [2025-07-11T11:41:12.014+0200] {dag.py:3954} INFO - Setting next_dagrun for example_skip_dag to 2025-07-10 00:00:00+00:00, run_after=2025-07-11 00:00:00+00:00
[2025-07-11T11:41:12.025+0200] {processor.py:183} INFO - Processing /home/florent/Programs/anaconda3/envs/airflow_etl/lib/python3.11/site-packages/airflow/example_dags/example_skip_dag.py took 0.051 seconds
[2025-07-11T11:42:14.580+0200] {processor.py:161} INFO - Started process (PID=69698) to work on /home/florent/Programs/anaconda3/envs/airflow_etl/lib/python3.11/site-packages/airflow/example_dags/example_skip_dag.py
[2025-07-11T11:42:14.583+0200] {processor.py:830} INFO - Processing file /home/florent/Programs/anaconda3/envs/airflow_etl/lib/python3.11/site-packages/airflow/example_dags/example_skip_dag.py for tasks to queue
[2025-07-11T11:42:14.585+0200] {logging_mixin.py:188} INFO - [2025-07-11T11:42:14.584+0200] {dagbag.py:545} INFO - Filling up the DagBag from /home/florent/Programs/anaconda3/envs/airflow_etl/lib/python3.11/site-packages/airflow/example_dags/example_skip_dag.py
[2025-07-11T11:42:14.590+0200] {processor.py:840} INFO - DAG(s) 'example_skip_dag' retrieved from /home/florent/Programs/anaconda3/envs/airflow_etl/lib/python3.11/site-packages/airflow/example_dags/example_skip_dag.py
[2025-07-11T11:42:14.602+0200] {logging_mixin.py:188} INFO - [2025-07-11T11:42:14.601+0200] {dag.py:3096} INFO - Sync 1 DAGs
[2025-07-11T11:42:14.613+0200] {logging_mixin.py:188} INFO - [2025-07-11T11:42:14.613+0200] {dag.py:3954} INFO - Setting next_dagrun for example_skip_dag to 2025-07-10 00:00:00+00:00, run_after=2025-07-11 00:00:00+00:00
[2025-07-11T11:42:14.625+0200] {processor.py:183} INFO - Processing /home/florent/Programs/anaconda3/envs/airflow_etl/lib/python3.11/site-packages/airflow/example_dags/example_skip_dag.py took 0.051 seconds
[2025-07-11T11:43:18.002+0200] {processor.py:161} INFO - Started process (PID=70376) to work on /home/florent/Programs/anaconda3/envs/airflow_etl/lib/python3.11/site-packages/airflow/example_dags/example_skip_dag.py
[2025-07-11T11:43:18.005+0200] {processor.py:830} INFO - Processing file /home/florent/Programs/anaconda3/envs/airflow_etl/lib/python3.11/site-packages/airflow/example_dags/example_skip_dag.py for tasks to queue
[2025-07-11T11:43:18.007+0200] {logging_mixin.py:188} INFO - [2025-07-11T11:43:18.006+0200] {dagbag.py:545} INFO - Filling up the DagBag from /home/florent/Programs/anaconda3/envs/airflow_etl/lib/python3.11/site-packages/airflow/example_dags/example_skip_dag.py
[2025-07-11T11:43:18.014+0200] {processor.py:840} INFO - DAG(s) 'example_skip_dag' retrieved from /home/florent/Programs/anaconda3/envs/airflow_etl/lib/python3.11/site-packages/airflow/example_dags/example_skip_dag.py
[2025-07-11T11:43:18.025+0200] {logging_mixin.py:188} INFO - [2025-07-11T11:43:18.025+0200] {dag.py:3096} INFO - Sync 1 DAGs
[2025-07-11T11:43:18.039+0200] {logging_mixin.py:188} INFO - [2025-07-11T11:43:18.039+0200] {dag.py:3954} INFO - Setting next_dagrun for example_skip_dag to 2025-07-10 00:00:00+00:00, run_after=2025-07-11 00:00:00+00:00
[2025-07-11T11:43:18.050+0200] {processor.py:183} INFO - Processing /home/florent/Programs/anaconda3/envs/airflow_etl/lib/python3.11/site-packages/airflow/example_dags/example_skip_dag.py took 0.052 seconds
[2025-07-11T11:44:23.946+0200] {processor.py:161} INFO - Started process (PID=71156) to work on /home/florent/Programs/anaconda3/envs/airflow_etl/lib/python3.11/site-packages/airflow/example_dags/example_skip_dag.py
[2025-07-11T11:44:23.947+0200] {processor.py:830} INFO - Processing file /home/florent/Programs/anaconda3/envs/airflow_etl/lib/python3.11/site-packages/airflow/example_dags/example_skip_dag.py for tasks to queue
[2025-07-11T11:44:23.949+0200] {logging_mixin.py:188} INFO - [2025-07-11T11:44:23.948+0200] {dagbag.py:545} INFO - Filling up the DagBag from /home/florent/Programs/anaconda3/envs/airflow_etl/lib/python3.11/site-packages/airflow/example_dags/example_skip_dag.py
[2025-07-11T11:44:23.955+0200] {processor.py:840} INFO - DAG(s) 'example_skip_dag' retrieved from /home/florent/Programs/anaconda3/envs/airflow_etl/lib/python3.11/site-packages/airflow/example_dags/example_skip_dag.py
[2025-07-11T11:44:23.965+0200] {logging_mixin.py:188} INFO - [2025-07-11T11:44:23.965+0200] {dag.py:3096} INFO - Sync 1 DAGs
[2025-07-11T11:44:23.976+0200] {logging_mixin.py:188} INFO - [2025-07-11T11:44:23.976+0200] {dag.py:3954} INFO - Setting next_dagrun for example_skip_dag to 2025-07-10 00:00:00+00:00, run_after=2025-07-11 00:00:00+00:00
[2025-07-11T11:44:23.988+0200] {processor.py:183} INFO - Processing /home/florent/Programs/anaconda3/envs/airflow_etl/lib/python3.11/site-packages/airflow/example_dags/example_skip_dag.py took 0.048 seconds
[2025-07-11T11:45:33.259+0200] {processor.py:161} INFO - Started process (PID=71991) to work on /home/florent/Programs/anaconda3/envs/airflow_etl/lib/python3.11/site-packages/airflow/example_dags/example_skip_dag.py
[2025-07-11T11:45:33.262+0200] {processor.py:830} INFO - Processing file /home/florent/Programs/anaconda3/envs/airflow_etl/lib/python3.11/site-packages/airflow/example_dags/example_skip_dag.py for tasks to queue
[2025-07-11T11:45:33.264+0200] {logging_mixin.py:188} INFO - [2025-07-11T11:45:33.263+0200] {dagbag.py:545} INFO - Filling up the DagBag from /home/florent/Programs/anaconda3/envs/airflow_etl/lib/python3.11/site-packages/airflow/example_dags/example_skip_dag.py
[2025-07-11T11:45:33.272+0200] {processor.py:840} INFO - DAG(s) 'example_skip_dag' retrieved from /home/florent/Programs/anaconda3/envs/airflow_etl/lib/python3.11/site-packages/airflow/example_dags/example_skip_dag.py
[2025-07-11T11:45:33.287+0200] {logging_mixin.py:188} INFO - [2025-07-11T11:45:33.286+0200] {dag.py:3096} INFO - Sync 1 DAGs
[2025-07-11T11:45:33.304+0200] {logging_mixin.py:188} INFO - [2025-07-11T11:45:33.304+0200] {dag.py:3954} INFO - Setting next_dagrun for example_skip_dag to 2025-07-10 00:00:00+00:00, run_after=2025-07-11 00:00:00+00:00
[2025-07-11T11:45:33.318+0200] {processor.py:183} INFO - Processing /home/florent/Programs/anaconda3/envs/airflow_etl/lib/python3.11/site-packages/airflow/example_dags/example_skip_dag.py took 0.064 seconds
[2025-07-11T11:46:35.495+0200] {processor.py:161} INFO - Started process (PID=72687) to work on /home/florent/Programs/anaconda3/envs/airflow_etl/lib/python3.11/site-packages/airflow/example_dags/example_skip_dag.py
[2025-07-11T11:46:35.498+0200] {processor.py:830} INFO - Processing file /home/florent/Programs/anaconda3/envs/airflow_etl/lib/python3.11/site-packages/airflow/example_dags/example_skip_dag.py for tasks to queue
[2025-07-11T11:46:35.500+0200] {logging_mixin.py:188} INFO - [2025-07-11T11:46:35.499+0200] {dagbag.py:545} INFO - Filling up the DagBag from /home/florent/Programs/anaconda3/envs/airflow_etl/lib/python3.11/site-packages/airflow/example_dags/example_skip_dag.py
[2025-07-11T11:46:35.508+0200] {processor.py:840} INFO - DAG(s) 'example_skip_dag' retrieved from /home/florent/Programs/anaconda3/envs/airflow_etl/lib/python3.11/site-packages/airflow/example_dags/example_skip_dag.py
[2025-07-11T11:46:35.521+0200] {logging_mixin.py:188} INFO - [2025-07-11T11:46:35.521+0200] {dag.py:3096} INFO - Sync 1 DAGs
[2025-07-11T11:46:35.533+0200] {logging_mixin.py:188} INFO - [2025-07-11T11:46:35.533+0200] {dag.py:3954} INFO - Setting next_dagrun for example_skip_dag to 2025-07-10 00:00:00+00:00, run_after=2025-07-11 00:00:00+00:00
[2025-07-11T11:46:35.547+0200] {processor.py:183} INFO - Processing /home/florent/Programs/anaconda3/envs/airflow_etl/lib/python3.11/site-packages/airflow/example_dags/example_skip_dag.py took 0.057 seconds
[2025-07-11T11:47:40.099+0200] {processor.py:161} INFO - Started process (PID=73337) to work on /home/florent/Programs/anaconda3/envs/airflow_etl/lib/python3.11/site-packages/airflow/example_dags/example_skip_dag.py
[2025-07-11T11:47:40.102+0200] {processor.py:830} INFO - Processing file /home/florent/Programs/anaconda3/envs/airflow_etl/lib/python3.11/site-packages/airflow/example_dags/example_skip_dag.py for tasks to queue
[2025-07-11T11:47:40.104+0200] {logging_mixin.py:188} INFO - [2025-07-11T11:47:40.103+0200] {dagbag.py:545} INFO - Filling up the DagBag from /home/florent/Programs/anaconda3/envs/airflow_etl/lib/python3.11/site-packages/airflow/example_dags/example_skip_dag.py
[2025-07-11T11:47:40.112+0200] {processor.py:840} INFO - DAG(s) 'example_skip_dag' retrieved from /home/florent/Programs/anaconda3/envs/airflow_etl/lib/python3.11/site-packages/airflow/example_dags/example_skip_dag.py
[2025-07-11T11:47:40.128+0200] {logging_mixin.py:188} INFO - [2025-07-11T11:47:40.128+0200] {dag.py:3096} INFO - Sync 1 DAGs
[2025-07-11T11:47:40.139+0200] {logging_mixin.py:188} INFO - [2025-07-11T11:47:40.139+0200] {dag.py:3954} INFO - Setting next_dagrun for example_skip_dag to 2025-07-10 00:00:00+00:00, run_after=2025-07-11 00:00:00+00:00
[2025-07-11T11:47:40.151+0200] {processor.py:183} INFO - Processing /home/florent/Programs/anaconda3/envs/airflow_etl/lib/python3.11/site-packages/airflow/example_dags/example_skip_dag.py took 0.059 seconds
[2025-07-11T11:48:44.495+0200] {processor.py:161} INFO - Started process (PID=74010) to work on /home/florent/Programs/anaconda3/envs/airflow_etl/lib/python3.11/site-packages/airflow/example_dags/example_skip_dag.py
[2025-07-11T11:48:44.498+0200] {processor.py:830} INFO - Processing file /home/florent/Programs/anaconda3/envs/airflow_etl/lib/python3.11/site-packages/airflow/example_dags/example_skip_dag.py for tasks to queue
[2025-07-11T11:48:44.500+0200] {logging_mixin.py:188} INFO - [2025-07-11T11:48:44.499+0200] {dagbag.py:545} INFO - Filling up the DagBag from /home/florent/Programs/anaconda3/envs/airflow_etl/lib/python3.11/site-packages/airflow/example_dags/example_skip_dag.py
[2025-07-11T11:48:44.508+0200] {processor.py:840} INFO - DAG(s) 'example_skip_dag' retrieved from /home/florent/Programs/anaconda3/envs/airflow_etl/lib/python3.11/site-packages/airflow/example_dags/example_skip_dag.py
[2025-07-11T11:48:44.522+0200] {logging_mixin.py:188} INFO - [2025-07-11T11:48:44.522+0200] {dag.py:3096} INFO - Sync 1 DAGs
[2025-07-11T11:48:44.533+0200] {logging_mixin.py:188} INFO - [2025-07-11T11:48:44.532+0200] {dag.py:3954} INFO - Setting next_dagrun for example_skip_dag to 2025-07-10 00:00:00+00:00, run_after=2025-07-11 00:00:00+00:00
[2025-07-11T11:48:44.545+0200] {processor.py:183} INFO - Processing /home/florent/Programs/anaconda3/envs/airflow_etl/lib/python3.11/site-packages/airflow/example_dags/example_skip_dag.py took 0.058 seconds
[2025-07-11T11:49:47.269+0200] {processor.py:161} INFO - Started process (PID=74639) to work on /home/florent/Programs/anaconda3/envs/airflow_etl/lib/python3.11/site-packages/airflow/example_dags/example_skip_dag.py
[2025-07-11T11:49:47.272+0200] {processor.py:830} INFO - Processing file /home/florent/Programs/anaconda3/envs/airflow_etl/lib/python3.11/site-packages/airflow/example_dags/example_skip_dag.py for tasks to queue
[2025-07-11T11:49:47.273+0200] {logging_mixin.py:188} INFO - [2025-07-11T11:49:47.273+0200] {dagbag.py:545} INFO - Filling up the DagBag from /home/florent/Programs/anaconda3/envs/airflow_etl/lib/python3.11/site-packages/airflow/example_dags/example_skip_dag.py
[2025-07-11T11:49:47.278+0200] {processor.py:840} INFO - DAG(s) 'example_skip_dag' retrieved from /home/florent/Programs/anaconda3/envs/airflow_etl/lib/python3.11/site-packages/airflow/example_dags/example_skip_dag.py
[2025-07-11T11:49:47.286+0200] {logging_mixin.py:188} INFO - [2025-07-11T11:49:47.286+0200] {dag.py:3096} INFO - Sync 1 DAGs
[2025-07-11T11:49:47.295+0200] {logging_mixin.py:188} INFO - [2025-07-11T11:49:47.295+0200] {dag.py:3954} INFO - Setting next_dagrun for example_skip_dag to 2025-07-10 00:00:00+00:00, run_after=2025-07-11 00:00:00+00:00
[2025-07-11T11:49:47.305+0200] {processor.py:183} INFO - Processing /home/florent/Programs/anaconda3/envs/airflow_etl/lib/python3.11/site-packages/airflow/example_dags/example_skip_dag.py took 0.041 seconds
[2025-07-11T11:50:55.893+0200] {processor.py:161} INFO - Started process (PID=75342) to work on /home/florent/Programs/anaconda3/envs/airflow_etl/lib/python3.11/site-packages/airflow/example_dags/example_skip_dag.py
[2025-07-11T11:50:55.905+0200] {processor.py:830} INFO - Processing file /home/florent/Programs/anaconda3/envs/airflow_etl/lib/python3.11/site-packages/airflow/example_dags/example_skip_dag.py for tasks to queue
[2025-07-11T11:50:55.908+0200] {logging_mixin.py:188} INFO - [2025-07-11T11:50:55.908+0200] {dagbag.py:545} INFO - Filling up the DagBag from /home/florent/Programs/anaconda3/envs/airflow_etl/lib/python3.11/site-packages/airflow/example_dags/example_skip_dag.py
[2025-07-11T11:50:55.917+0200] {processor.py:840} INFO - DAG(s) 'example_skip_dag' retrieved from /home/florent/Programs/anaconda3/envs/airflow_etl/lib/python3.11/site-packages/airflow/example_dags/example_skip_dag.py
[2025-07-11T11:50:55.931+0200] {logging_mixin.py:188} INFO - [2025-07-11T11:50:55.931+0200] {dag.py:3096} INFO - Sync 1 DAGs
[2025-07-11T11:50:55.943+0200] {logging_mixin.py:188} INFO - [2025-07-11T11:50:55.943+0200] {dag.py:3954} INFO - Setting next_dagrun for example_skip_dag to 2025-07-10 00:00:00+00:00, run_after=2025-07-11 00:00:00+00:00
[2025-07-11T11:50:55.956+0200] {processor.py:183} INFO - Processing /home/florent/Programs/anaconda3/envs/airflow_etl/lib/python3.11/site-packages/airflow/example_dags/example_skip_dag.py took 0.069 seconds
[2025-07-11T11:51:59.521+0200] {processor.py:161} INFO - Started process (PID=76002) to work on /home/florent/Programs/anaconda3/envs/airflow_etl/lib/python3.11/site-packages/airflow/example_dags/example_skip_dag.py
[2025-07-11T11:51:59.524+0200] {processor.py:830} INFO - Processing file /home/florent/Programs/anaconda3/envs/airflow_etl/lib/python3.11/site-packages/airflow/example_dags/example_skip_dag.py for tasks to queue
[2025-07-11T11:51:59.526+0200] {logging_mixin.py:188} INFO - [2025-07-11T11:51:59.526+0200] {dagbag.py:545} INFO - Filling up the DagBag from /home/florent/Programs/anaconda3/envs/airflow_etl/lib/python3.11/site-packages/airflow/example_dags/example_skip_dag.py
[2025-07-11T11:51:59.534+0200] {processor.py:840} INFO - DAG(s) 'example_skip_dag' retrieved from /home/florent/Programs/anaconda3/envs/airflow_etl/lib/python3.11/site-packages/airflow/example_dags/example_skip_dag.py
[2025-07-11T11:51:59.545+0200] {logging_mixin.py:188} INFO - [2025-07-11T11:51:59.545+0200] {dag.py:3096} INFO - Sync 1 DAGs
[2025-07-11T11:51:59.557+0200] {logging_mixin.py:188} INFO - [2025-07-11T11:51:59.557+0200] {dag.py:3954} INFO - Setting next_dagrun for example_skip_dag to 2025-07-10 00:00:00+00:00, run_after=2025-07-11 00:00:00+00:00
[2025-07-11T11:51:59.569+0200] {processor.py:183} INFO - Processing /home/florent/Programs/anaconda3/envs/airflow_etl/lib/python3.11/site-packages/airflow/example_dags/example_skip_dag.py took 0.054 seconds
[2025-07-11T11:53:05.099+0200] {processor.py:161} INFO - Started process (PID=76651) to work on /home/florent/Programs/anaconda3/envs/airflow_etl/lib/python3.11/site-packages/airflow/example_dags/example_skip_dag.py
[2025-07-11T11:53:05.102+0200] {processor.py:830} INFO - Processing file /home/florent/Programs/anaconda3/envs/airflow_etl/lib/python3.11/site-packages/airflow/example_dags/example_skip_dag.py for tasks to queue
[2025-07-11T11:53:05.104+0200] {logging_mixin.py:188} INFO - [2025-07-11T11:53:05.104+0200] {dagbag.py:545} INFO - Filling up the DagBag from /home/florent/Programs/anaconda3/envs/airflow_etl/lib/python3.11/site-packages/airflow/example_dags/example_skip_dag.py
[2025-07-11T11:53:05.111+0200] {processor.py:840} INFO - DAG(s) 'example_skip_dag' retrieved from /home/florent/Programs/anaconda3/envs/airflow_etl/lib/python3.11/site-packages/airflow/example_dags/example_skip_dag.py
[2025-07-11T11:53:05.122+0200] {logging_mixin.py:188} INFO - [2025-07-11T11:53:05.122+0200] {dag.py:3096} INFO - Sync 1 DAGs
[2025-07-11T11:53:05.133+0200] {logging_mixin.py:188} INFO - [2025-07-11T11:53:05.133+0200] {dag.py:3954} INFO - Setting next_dagrun for example_skip_dag to 2025-07-10 00:00:00+00:00, run_after=2025-07-11 00:00:00+00:00
[2025-07-11T11:53:05.146+0200] {processor.py:183} INFO - Processing /home/florent/Programs/anaconda3/envs/airflow_etl/lib/python3.11/site-packages/airflow/example_dags/example_skip_dag.py took 0.053 seconds
[2025-07-11T11:54:09.658+0200] {processor.py:161} INFO - Started process (PID=77297) to work on /home/florent/Programs/anaconda3/envs/airflow_etl/lib/python3.11/site-packages/airflow/example_dags/example_skip_dag.py
[2025-07-11T11:54:09.661+0200] {processor.py:830} INFO - Processing file /home/florent/Programs/anaconda3/envs/airflow_etl/lib/python3.11/site-packages/airflow/example_dags/example_skip_dag.py for tasks to queue
[2025-07-11T11:54:09.663+0200] {logging_mixin.py:188} INFO - [2025-07-11T11:54:09.662+0200] {dagbag.py:545} INFO - Filling up the DagBag from /home/florent/Programs/anaconda3/envs/airflow_etl/lib/python3.11/site-packages/airflow/example_dags/example_skip_dag.py
[2025-07-11T11:54:09.671+0200] {processor.py:840} INFO - DAG(s) 'example_skip_dag' retrieved from /home/florent/Programs/anaconda3/envs/airflow_etl/lib/python3.11/site-packages/airflow/example_dags/example_skip_dag.py
[2025-07-11T11:54:09.684+0200] {logging_mixin.py:188} INFO - [2025-07-11T11:54:09.684+0200] {dag.py:3096} INFO - Sync 1 DAGs
[2025-07-11T11:54:09.695+0200] {logging_mixin.py:188} INFO - [2025-07-11T11:54:09.695+0200] {dag.py:3954} INFO - Setting next_dagrun for example_skip_dag to 2025-07-10 00:00:00+00:00, run_after=2025-07-11 00:00:00+00:00
[2025-07-11T11:54:09.707+0200] {processor.py:183} INFO - Processing /home/florent/Programs/anaconda3/envs/airflow_etl/lib/python3.11/site-packages/airflow/example_dags/example_skip_dag.py took 0.054 seconds
[2025-07-11T11:54:55.950+0200] {processor.py:161} INFO - Started process (PID=77750) to work on /home/florent/Programs/anaconda3/envs/airflow_etl/lib/python3.11/site-packages/airflow/example_dags/example_skip_dag.py
[2025-07-11T11:54:55.953+0200] {processor.py:830} INFO - Processing file /home/florent/Programs/anaconda3/envs/airflow_etl/lib/python3.11/site-packages/airflow/example_dags/example_skip_dag.py for tasks to queue
[2025-07-11T11:54:55.955+0200] {logging_mixin.py:188} INFO - [2025-07-11T11:54:55.955+0200] {dagbag.py:545} INFO - Filling up the DagBag from /home/florent/Programs/anaconda3/envs/airflow_etl/lib/python3.11/site-packages/airflow/example_dags/example_skip_dag.py
[2025-07-11T11:54:55.963+0200] {processor.py:840} INFO - DAG(s) 'example_skip_dag' retrieved from /home/florent/Programs/anaconda3/envs/airflow_etl/lib/python3.11/site-packages/airflow/example_dags/example_skip_dag.py
[2025-07-11T11:54:55.977+0200] {logging_mixin.py:188} INFO - [2025-07-11T11:54:55.977+0200] {dag.py:3096} INFO - Sync 1 DAGs
[2025-07-11T11:54:55.989+0200] {logging_mixin.py:188} INFO - [2025-07-11T11:54:55.989+0200] {dag.py:3954} INFO - Setting next_dagrun for example_skip_dag to 2025-07-10 00:00:00+00:00, run_after=2025-07-11 00:00:00+00:00
[2025-07-11T11:54:56.004+0200] {processor.py:183} INFO - Processing /home/florent/Programs/anaconda3/envs/airflow_etl/lib/python3.11/site-packages/airflow/example_dags/example_skip_dag.py took 0.058 seconds
[2025-07-11T11:55:57.950+0200] {processor.py:161} INFO - Started process (PID=78445) to work on /home/florent/Programs/anaconda3/envs/airflow_etl/lib/python3.11/site-packages/airflow/example_dags/example_skip_dag.py
[2025-07-11T11:55:57.953+0200] {processor.py:830} INFO - Processing file /home/florent/Programs/anaconda3/envs/airflow_etl/lib/python3.11/site-packages/airflow/example_dags/example_skip_dag.py for tasks to queue
[2025-07-11T11:55:57.955+0200] {logging_mixin.py:188} INFO - [2025-07-11T11:55:57.955+0200] {dagbag.py:545} INFO - Filling up the DagBag from /home/florent/Programs/anaconda3/envs/airflow_etl/lib/python3.11/site-packages/airflow/example_dags/example_skip_dag.py
[2025-07-11T11:55:57.963+0200] {processor.py:840} INFO - DAG(s) 'example_skip_dag' retrieved from /home/florent/Programs/anaconda3/envs/airflow_etl/lib/python3.11/site-packages/airflow/example_dags/example_skip_dag.py
[2025-07-11T11:55:57.977+0200] {logging_mixin.py:188} INFO - [2025-07-11T11:55:57.977+0200] {dag.py:3096} INFO - Sync 1 DAGs
[2025-07-11T11:55:57.988+0200] {logging_mixin.py:188} INFO - [2025-07-11T11:55:57.988+0200] {dag.py:3954} INFO - Setting next_dagrun for example_skip_dag to 2025-07-10 00:00:00+00:00, run_after=2025-07-11 00:00:00+00:00
[2025-07-11T11:55:58.006+0200] {processor.py:183} INFO - Processing /home/florent/Programs/anaconda3/envs/airflow_etl/lib/python3.11/site-packages/airflow/example_dags/example_skip_dag.py took 0.062 seconds
[2025-07-11T11:57:01.631+0200] {processor.py:161} INFO - Started process (PID=79089) to work on /home/florent/Programs/anaconda3/envs/airflow_etl/lib/python3.11/site-packages/airflow/example_dags/example_skip_dag.py
[2025-07-11T11:57:01.633+0200] {processor.py:830} INFO - Processing file /home/florent/Programs/anaconda3/envs/airflow_etl/lib/python3.11/site-packages/airflow/example_dags/example_skip_dag.py for tasks to queue
[2025-07-11T11:57:01.635+0200] {logging_mixin.py:188} INFO - [2025-07-11T11:57:01.635+0200] {dagbag.py:545} INFO - Filling up the DagBag from /home/florent/Programs/anaconda3/envs/airflow_etl/lib/python3.11/site-packages/airflow/example_dags/example_skip_dag.py
[2025-07-11T11:57:01.641+0200] {processor.py:840} INFO - DAG(s) 'example_skip_dag' retrieved from /home/florent/Programs/anaconda3/envs/airflow_etl/lib/python3.11/site-packages/airflow/example_dags/example_skip_dag.py
[2025-07-11T11:57:01.652+0200] {logging_mixin.py:188} INFO - [2025-07-11T11:57:01.652+0200] {dag.py:3096} INFO - Sync 1 DAGs
[2025-07-11T11:57:01.663+0200] {logging_mixin.py:188} INFO - [2025-07-11T11:57:01.663+0200] {dag.py:3954} INFO - Setting next_dagrun for example_skip_dag to 2025-07-10 00:00:00+00:00, run_after=2025-07-11 00:00:00+00:00
[2025-07-11T11:57:01.675+0200] {processor.py:183} INFO - Processing /home/florent/Programs/anaconda3/envs/airflow_etl/lib/python3.11/site-packages/airflow/example_dags/example_skip_dag.py took 0.050 seconds
[2025-07-11T11:58:07.478+0200] {processor.py:161} INFO - Started process (PID=79722) to work on /home/florent/Programs/anaconda3/envs/airflow_etl/lib/python3.11/site-packages/airflow/example_dags/example_skip_dag.py
[2025-07-11T11:58:07.481+0200] {processor.py:830} INFO - Processing file /home/florent/Programs/anaconda3/envs/airflow_etl/lib/python3.11/site-packages/airflow/example_dags/example_skip_dag.py for tasks to queue
[2025-07-11T11:58:07.483+0200] {logging_mixin.py:188} INFO - [2025-07-11T11:58:07.482+0200] {dagbag.py:545} INFO - Filling up the DagBag from /home/florent/Programs/anaconda3/envs/airflow_etl/lib/python3.11/site-packages/airflow/example_dags/example_skip_dag.py
[2025-07-11T11:58:07.490+0200] {processor.py:840} INFO - DAG(s) 'example_skip_dag' retrieved from /home/florent/Programs/anaconda3/envs/airflow_etl/lib/python3.11/site-packages/airflow/example_dags/example_skip_dag.py
[2025-07-11T11:58:07.505+0200] {logging_mixin.py:188} INFO - [2025-07-11T11:58:07.505+0200] {dag.py:3096} INFO - Sync 1 DAGs
[2025-07-11T11:58:07.516+0200] {logging_mixin.py:188} INFO - [2025-07-11T11:58:07.516+0200] {dag.py:3954} INFO - Setting next_dagrun for example_skip_dag to 2025-07-10 00:00:00+00:00, run_after=2025-07-11 00:00:00+00:00
[2025-07-11T11:58:07.528+0200] {processor.py:183} INFO - Processing /home/florent/Programs/anaconda3/envs/airflow_etl/lib/python3.11/site-packages/airflow/example_dags/example_skip_dag.py took 0.056 seconds
[2025-07-11T11:59:11.622+0200] {processor.py:161} INFO - Started process (PID=80383) to work on /home/florent/Programs/anaconda3/envs/airflow_etl/lib/python3.11/site-packages/airflow/example_dags/example_skip_dag.py
[2025-07-11T11:59:11.624+0200] {processor.py:830} INFO - Processing file /home/florent/Programs/anaconda3/envs/airflow_etl/lib/python3.11/site-packages/airflow/example_dags/example_skip_dag.py for tasks to queue
[2025-07-11T11:59:11.627+0200] {logging_mixin.py:188} INFO - [2025-07-11T11:59:11.626+0200] {dagbag.py:545} INFO - Filling up the DagBag from /home/florent/Programs/anaconda3/envs/airflow_etl/lib/python3.11/site-packages/airflow/example_dags/example_skip_dag.py
[2025-07-11T11:59:11.635+0200] {processor.py:840} INFO - DAG(s) 'example_skip_dag' retrieved from /home/florent/Programs/anaconda3/envs/airflow_etl/lib/python3.11/site-packages/airflow/example_dags/example_skip_dag.py
[2025-07-11T11:59:11.651+0200] {logging_mixin.py:188} INFO - [2025-07-11T11:59:11.650+0200] {dag.py:3096} INFO - Sync 1 DAGs
[2025-07-11T11:59:11.662+0200] {logging_mixin.py:188} INFO - [2025-07-11T11:59:11.662+0200] {dag.py:3954} INFO - Setting next_dagrun for example_skip_dag to 2025-07-10 00:00:00+00:00, run_after=2025-07-11 00:00:00+00:00
[2025-07-11T11:59:11.674+0200] {processor.py:183} INFO - Processing /home/florent/Programs/anaconda3/envs/airflow_etl/lib/python3.11/site-packages/airflow/example_dags/example_skip_dag.py took 0.058 seconds
[2025-07-11T11:59:58.777+0200] {processor.py:161} INFO - Started process (PID=80841) to work on /home/florent/Programs/anaconda3/envs/airflow_etl/lib/python3.11/site-packages/airflow/example_dags/example_skip_dag.py
[2025-07-11T11:59:58.780+0200] {processor.py:830} INFO - Processing file /home/florent/Programs/anaconda3/envs/airflow_etl/lib/python3.11/site-packages/airflow/example_dags/example_skip_dag.py for tasks to queue
[2025-07-11T11:59:58.782+0200] {logging_mixin.py:188} INFO - [2025-07-11T11:59:58.781+0200] {dagbag.py:545} INFO - Filling up the DagBag from /home/florent/Programs/anaconda3/envs/airflow_etl/lib/python3.11/site-packages/airflow/example_dags/example_skip_dag.py
[2025-07-11T11:59:58.790+0200] {processor.py:840} INFO - DAG(s) 'example_skip_dag' retrieved from /home/florent/Programs/anaconda3/envs/airflow_etl/lib/python3.11/site-packages/airflow/example_dags/example_skip_dag.py
[2025-07-11T11:59:58.803+0200] {logging_mixin.py:188} INFO - [2025-07-11T11:59:58.803+0200] {dag.py:3096} INFO - Sync 1 DAGs
[2025-07-11T11:59:58.814+0200] {logging_mixin.py:188} INFO - [2025-07-11T11:59:58.814+0200] {dag.py:3954} INFO - Setting next_dagrun for example_skip_dag to 2025-07-10 00:00:00+00:00, run_after=2025-07-11 00:00:00+00:00
[2025-07-11T11:59:58.826+0200] {processor.py:183} INFO - Processing /home/florent/Programs/anaconda3/envs/airflow_etl/lib/python3.11/site-packages/airflow/example_dags/example_skip_dag.py took 0.057 seconds
[2025-07-11T12:00:47.913+0200] {processor.py:161} INFO - Started process (PID=81355) to work on /home/florent/Programs/anaconda3/envs/airflow_etl/lib/python3.11/site-packages/airflow/example_dags/example_skip_dag.py
[2025-07-11T12:00:47.916+0200] {processor.py:830} INFO - Processing file /home/florent/Programs/anaconda3/envs/airflow_etl/lib/python3.11/site-packages/airflow/example_dags/example_skip_dag.py for tasks to queue
[2025-07-11T12:00:47.918+0200] {logging_mixin.py:188} INFO - [2025-07-11T12:00:47.918+0200] {dagbag.py:545} INFO - Filling up the DagBag from /home/florent/Programs/anaconda3/envs/airflow_etl/lib/python3.11/site-packages/airflow/example_dags/example_skip_dag.py
[2025-07-11T12:00:47.925+0200] {processor.py:840} INFO - DAG(s) 'example_skip_dag' retrieved from /home/florent/Programs/anaconda3/envs/airflow_etl/lib/python3.11/site-packages/airflow/example_dags/example_skip_dag.py
[2025-07-11T12:00:47.938+0200] {logging_mixin.py:188} INFO - [2025-07-11T12:00:47.938+0200] {dag.py:3096} INFO - Sync 1 DAGs
[2025-07-11T12:00:47.949+0200] {logging_mixin.py:188} INFO - [2025-07-11T12:00:47.949+0200] {dag.py:3954} INFO - Setting next_dagrun for example_skip_dag to 2025-07-10 00:00:00+00:00, run_after=2025-07-11 00:00:00+00:00
[2025-07-11T12:00:47.961+0200] {processor.py:183} INFO - Processing /home/florent/Programs/anaconda3/envs/airflow_etl/lib/python3.11/site-packages/airflow/example_dags/example_skip_dag.py took 0.053 seconds
[2025-07-11T12:01:52.141+0200] {processor.py:161} INFO - Started process (PID=81995) to work on /home/florent/Programs/anaconda3/envs/airflow_etl/lib/python3.11/site-packages/airflow/example_dags/example_skip_dag.py
[2025-07-11T12:01:52.144+0200] {processor.py:830} INFO - Processing file /home/florent/Programs/anaconda3/envs/airflow_etl/lib/python3.11/site-packages/airflow/example_dags/example_skip_dag.py for tasks to queue
[2025-07-11T12:01:52.146+0200] {logging_mixin.py:188} INFO - [2025-07-11T12:01:52.146+0200] {dagbag.py:545} INFO - Filling up the DagBag from /home/florent/Programs/anaconda3/envs/airflow_etl/lib/python3.11/site-packages/airflow/example_dags/example_skip_dag.py
[2025-07-11T12:01:52.153+0200] {processor.py:840} INFO - DAG(s) 'example_skip_dag' retrieved from /home/florent/Programs/anaconda3/envs/airflow_etl/lib/python3.11/site-packages/airflow/example_dags/example_skip_dag.py
[2025-07-11T12:01:52.170+0200] {logging_mixin.py:188} INFO - [2025-07-11T12:01:52.170+0200] {dag.py:3096} INFO - Sync 1 DAGs
[2025-07-11T12:01:52.183+0200] {logging_mixin.py:188} INFO - [2025-07-11T12:01:52.183+0200] {dag.py:3954} INFO - Setting next_dagrun for example_skip_dag to 2025-07-10 00:00:00+00:00, run_after=2025-07-11 00:00:00+00:00
[2025-07-11T12:01:52.195+0200] {processor.py:183} INFO - Processing /home/florent/Programs/anaconda3/envs/airflow_etl/lib/python3.11/site-packages/airflow/example_dags/example_skip_dag.py took 0.060 seconds
[2025-07-11T12:02:53.017+0200] {processor.py:161} INFO - Started process (PID=82601) to work on /home/florent/Programs/anaconda3/envs/airflow_etl/lib/python3.11/site-packages/airflow/example_dags/example_skip_dag.py
[2025-07-11T12:02:53.020+0200] {processor.py:830} INFO - Processing file /home/florent/Programs/anaconda3/envs/airflow_etl/lib/python3.11/site-packages/airflow/example_dags/example_skip_dag.py for tasks to queue
[2025-07-11T12:02:53.021+0200] {logging_mixin.py:188} INFO - [2025-07-11T12:02:53.021+0200] {dagbag.py:545} INFO - Filling up the DagBag from /home/florent/Programs/anaconda3/envs/airflow_etl/lib/python3.11/site-packages/airflow/example_dags/example_skip_dag.py
[2025-07-11T12:02:53.027+0200] {processor.py:840} INFO - DAG(s) 'example_skip_dag' retrieved from /home/florent/Programs/anaconda3/envs/airflow_etl/lib/python3.11/site-packages/airflow/example_dags/example_skip_dag.py
[2025-07-11T12:02:53.039+0200] {logging_mixin.py:188} INFO - [2025-07-11T12:02:53.039+0200] {dag.py:3096} INFO - Sync 1 DAGs
[2025-07-11T12:02:53.050+0200] {logging_mixin.py:188} INFO - [2025-07-11T12:02:53.049+0200] {dag.py:3954} INFO - Setting next_dagrun for example_skip_dag to 2025-07-10 00:00:00+00:00, run_after=2025-07-11 00:00:00+00:00
[2025-07-11T12:02:53.062+0200] {processor.py:183} INFO - Processing /home/florent/Programs/anaconda3/envs/airflow_etl/lib/python3.11/site-packages/airflow/example_dags/example_skip_dag.py took 0.051 seconds
[2025-07-11T12:03:41.381+0200] {processor.py:161} INFO - Started process (PID=83099) to work on /home/florent/Programs/anaconda3/envs/airflow_etl/lib/python3.11/site-packages/airflow/example_dags/example_skip_dag.py
[2025-07-11T12:03:41.384+0200] {processor.py:830} INFO - Processing file /home/florent/Programs/anaconda3/envs/airflow_etl/lib/python3.11/site-packages/airflow/example_dags/example_skip_dag.py for tasks to queue
[2025-07-11T12:03:41.386+0200] {logging_mixin.py:188} INFO - [2025-07-11T12:03:41.385+0200] {dagbag.py:545} INFO - Filling up the DagBag from /home/florent/Programs/anaconda3/envs/airflow_etl/lib/python3.11/site-packages/airflow/example_dags/example_skip_dag.py
[2025-07-11T12:03:41.392+0200] {processor.py:840} INFO - DAG(s) 'example_skip_dag' retrieved from /home/florent/Programs/anaconda3/envs/airflow_etl/lib/python3.11/site-packages/airflow/example_dags/example_skip_dag.py
[2025-07-11T12:03:41.404+0200] {logging_mixin.py:188} INFO - [2025-07-11T12:03:41.404+0200] {dag.py:3096} INFO - Sync 1 DAGs
[2025-07-11T12:03:41.416+0200] {logging_mixin.py:188} INFO - [2025-07-11T12:03:41.415+0200] {dag.py:3954} INFO - Setting next_dagrun for example_skip_dag to 2025-07-10 00:00:00+00:00, run_after=2025-07-11 00:00:00+00:00
[2025-07-11T12:03:41.428+0200] {processor.py:183} INFO - Processing /home/florent/Programs/anaconda3/envs/airflow_etl/lib/python3.11/site-packages/airflow/example_dags/example_skip_dag.py took 0.053 seconds
[2025-07-11T12:04:44.499+0200] {processor.py:161} INFO - Started process (PID=83707) to work on /home/florent/Programs/anaconda3/envs/airflow_etl/lib/python3.11/site-packages/airflow/example_dags/example_skip_dag.py
[2025-07-11T12:04:44.502+0200] {processor.py:830} INFO - Processing file /home/florent/Programs/anaconda3/envs/airflow_etl/lib/python3.11/site-packages/airflow/example_dags/example_skip_dag.py for tasks to queue
[2025-07-11T12:04:44.504+0200] {logging_mixin.py:188} INFO - [2025-07-11T12:04:44.503+0200] {dagbag.py:545} INFO - Filling up the DagBag from /home/florent/Programs/anaconda3/envs/airflow_etl/lib/python3.11/site-packages/airflow/example_dags/example_skip_dag.py
[2025-07-11T12:04:44.511+0200] {processor.py:840} INFO - DAG(s) 'example_skip_dag' retrieved from /home/florent/Programs/anaconda3/envs/airflow_etl/lib/python3.11/site-packages/airflow/example_dags/example_skip_dag.py
[2025-07-11T12:04:44.528+0200] {logging_mixin.py:188} INFO - [2025-07-11T12:04:44.528+0200] {dag.py:3096} INFO - Sync 1 DAGs
[2025-07-11T12:04:44.539+0200] {logging_mixin.py:188} INFO - [2025-07-11T12:04:44.539+0200] {dag.py:3954} INFO - Setting next_dagrun for example_skip_dag to 2025-07-10 00:00:00+00:00, run_after=2025-07-11 00:00:00+00:00
[2025-07-11T12:04:44.552+0200] {processor.py:183} INFO - Processing /home/florent/Programs/anaconda3/envs/airflow_etl/lib/python3.11/site-packages/airflow/example_dags/example_skip_dag.py took 0.059 seconds
