[2025-07-11T11:03:49.960+0200] {processor.py:161} INFO - Started process (PID=42437) to work on /home/florent/Programs/anaconda3/envs/airflow_etl/lib/python3.11/site-packages/airflow/example_dags/example_dag_decorator.py
[2025-07-11T11:03:49.961+0200] {processor.py:830} INFO - Processing file /home/florent/Programs/anaconda3/envs/airflow_etl/lib/python3.11/site-packages/airflow/example_dags/example_dag_decorator.py for tasks to queue
[2025-07-11T11:03:49.961+0200] {logging_mixin.py:188} INFO - [2025-07-11T11:03:49.961+0200] {dagbag.py:545} INFO - Filling up the DagBag from /home/florent/Programs/anaconda3/envs/airflow_etl/lib/python3.11/site-packages/airflow/example_dags/example_dag_decorator.py
[2025-07-11T11:03:50.007+0200] {processor.py:840} INFO - DAG(s) 'example_dag_decorator' retrieved from /home/florent/Programs/anaconda3/envs/airflow_etl/lib/python3.11/site-packages/airflow/example_dags/example_dag_decorator.py
[2025-07-11T11:03:50.050+0200] {logging_mixin.py:188} INFO - [2025-07-11T11:03:50.050+0200] {dag.py:3096} INFO - Sync 1 DAGs
[2025-07-11T11:03:50.054+0200] {logging_mixin.py:188} INFO - [2025-07-11T11:03:50.054+0200] {dag.py:3954} INFO - Setting next_dagrun for example_dag_decorator to None, run_after=None
[2025-07-11T11:03:50.065+0200] {processor.py:183} INFO - Processing /home/florent/Programs/anaconda3/envs/airflow_etl/lib/python3.11/site-packages/airflow/example_dags/example_dag_decorator.py took 0.111 seconds
[2025-07-11T11:04:41.462+0200] {processor.py:161} INFO - Started process (PID=42971) to work on /home/florent/Programs/anaconda3/envs/airflow_etl/lib/python3.11/site-packages/airflow/example_dags/example_dag_decorator.py
[2025-07-11T11:04:41.465+0200] {processor.py:830} INFO - Processing file /home/florent/Programs/anaconda3/envs/airflow_etl/lib/python3.11/site-packages/airflow/example_dags/example_dag_decorator.py for tasks to queue
[2025-07-11T11:04:41.466+0200] {logging_mixin.py:188} INFO - [2025-07-11T11:04:41.466+0200] {dagbag.py:545} INFO - Filling up the DagBag from /home/florent/Programs/anaconda3/envs/airflow_etl/lib/python3.11/site-packages/airflow/example_dags/example_dag_decorator.py
[2025-07-11T11:04:41.512+0200] {processor.py:840} INFO - DAG(s) 'example_dag_decorator' retrieved from /home/florent/Programs/anaconda3/envs/airflow_etl/lib/python3.11/site-packages/airflow/example_dags/example_dag_decorator.py
[2025-07-11T11:04:41.630+0200] {logging_mixin.py:188} INFO - [2025-07-11T11:04:41.630+0200] {dag.py:3096} INFO - Sync 1 DAGs
[2025-07-11T11:04:41.633+0200] {logging_mixin.py:188} INFO - [2025-07-11T11:04:41.633+0200] {dag.py:3954} INFO - Setting next_dagrun for example_dag_decorator to None, run_after=None
[2025-07-11T11:04:41.643+0200] {processor.py:183} INFO - Processing /home/florent/Programs/anaconda3/envs/airflow_etl/lib/python3.11/site-packages/airflow/example_dags/example_dag_decorator.py took 0.187 seconds
[2025-07-11T11:05:48.177+0200] {processor.py:161} INFO - Started process (PID=43788) to work on /home/florent/Programs/anaconda3/envs/airflow_etl/lib/python3.11/site-packages/airflow/example_dags/example_dag_decorator.py
[2025-07-11T11:05:48.180+0200] {processor.py:830} INFO - Processing file /home/florent/Programs/anaconda3/envs/airflow_etl/lib/python3.11/site-packages/airflow/example_dags/example_dag_decorator.py for tasks to queue
[2025-07-11T11:05:48.181+0200] {logging_mixin.py:188} INFO - [2025-07-11T11:05:48.180+0200] {dagbag.py:545} INFO - Filling up the DagBag from /home/florent/Programs/anaconda3/envs/airflow_etl/lib/python3.11/site-packages/airflow/example_dags/example_dag_decorator.py
[2025-07-11T11:05:48.288+0200] {processor.py:840} INFO - DAG(s) 'example_dag_decorator' retrieved from /home/florent/Programs/anaconda3/envs/airflow_etl/lib/python3.11/site-packages/airflow/example_dags/example_dag_decorator.py
[2025-07-11T11:05:48.327+0200] {logging_mixin.py:188} INFO - [2025-07-11T11:05:48.327+0200] {dag.py:3096} INFO - Sync 1 DAGs
[2025-07-11T11:05:48.331+0200] {logging_mixin.py:188} INFO - [2025-07-11T11:05:48.330+0200] {dag.py:3954} INFO - Setting next_dagrun for example_dag_decorator to None, run_after=None
[2025-07-11T11:05:48.342+0200] {processor.py:183} INFO - Processing /home/florent/Programs/anaconda3/envs/airflow_etl/lib/python3.11/site-packages/airflow/example_dags/example_dag_decorator.py took 0.170 seconds
[2025-07-11T11:06:48.655+0200] {processor.py:161} INFO - Started process (PID=44549) to work on /home/florent/Programs/anaconda3/envs/airflow_etl/lib/python3.11/site-packages/airflow/example_dags/example_dag_decorator.py
[2025-07-11T11:06:48.658+0200] {processor.py:830} INFO - Processing file /home/florent/Programs/anaconda3/envs/airflow_etl/lib/python3.11/site-packages/airflow/example_dags/example_dag_decorator.py for tasks to queue
[2025-07-11T11:06:48.659+0200] {logging_mixin.py:188} INFO - [2025-07-11T11:06:48.658+0200] {dagbag.py:545} INFO - Filling up the DagBag from /home/florent/Programs/anaconda3/envs/airflow_etl/lib/python3.11/site-packages/airflow/example_dags/example_dag_decorator.py
[2025-07-11T11:06:48.770+0200] {processor.py:840} INFO - DAG(s) 'example_dag_decorator' retrieved from /home/florent/Programs/anaconda3/envs/airflow_etl/lib/python3.11/site-packages/airflow/example_dags/example_dag_decorator.py
[2025-07-11T11:06:48.813+0200] {logging_mixin.py:188} INFO - [2025-07-11T11:06:48.812+0200] {dag.py:3096} INFO - Sync 1 DAGs
[2025-07-11T11:06:48.816+0200] {logging_mixin.py:188} INFO - [2025-07-11T11:06:48.816+0200] {dag.py:3954} INFO - Setting next_dagrun for example_dag_decorator to None, run_after=None
[2025-07-11T11:06:48.827+0200] {processor.py:183} INFO - Processing /home/florent/Programs/anaconda3/envs/airflow_etl/lib/python3.11/site-packages/airflow/example_dags/example_dag_decorator.py took 0.177 seconds
[2025-07-11T11:07:42.692+0200] {processor.py:161} INFO - Started process (PID=45579) to work on /home/florent/Programs/anaconda3/envs/airflow_etl/lib/python3.11/site-packages/airflow/example_dags/example_dag_decorator.py
[2025-07-11T11:07:42.695+0200] {processor.py:830} INFO - Processing file /home/florent/Programs/anaconda3/envs/airflow_etl/lib/python3.11/site-packages/airflow/example_dags/example_dag_decorator.py for tasks to queue
[2025-07-11T11:07:42.696+0200] {logging_mixin.py:188} INFO - [2025-07-11T11:07:42.696+0200] {dagbag.py:545} INFO - Filling up the DagBag from /home/florent/Programs/anaconda3/envs/airflow_etl/lib/python3.11/site-packages/airflow/example_dags/example_dag_decorator.py
[2025-07-11T11:07:42.740+0200] {processor.py:840} INFO - DAG(s) 'example_dag_decorator' retrieved from /home/florent/Programs/anaconda3/envs/airflow_etl/lib/python3.11/site-packages/airflow/example_dags/example_dag_decorator.py
[2025-07-11T11:07:42.793+0200] {logging_mixin.py:188} INFO - [2025-07-11T11:07:42.793+0200] {dag.py:3096} INFO - Sync 1 DAGs
[2025-07-11T11:07:42.797+0200] {logging_mixin.py:188} INFO - [2025-07-11T11:07:42.797+0200] {dag.py:3954} INFO - Setting next_dagrun for example_dag_decorator to None, run_after=None
[2025-07-11T11:07:42.811+0200] {processor.py:183} INFO - Processing /home/florent/Programs/anaconda3/envs/airflow_etl/lib/python3.11/site-packages/airflow/example_dags/example_dag_decorator.py took 0.124 seconds
[2025-07-11T11:08:45.940+0200] {processor.py:161} INFO - Started process (PID=46285) to work on /home/florent/Programs/anaconda3/envs/airflow_etl/lib/python3.11/site-packages/airflow/example_dags/example_dag_decorator.py
[2025-07-11T11:08:45.943+0200] {processor.py:830} INFO - Processing file /home/florent/Programs/anaconda3/envs/airflow_etl/lib/python3.11/site-packages/airflow/example_dags/example_dag_decorator.py for tasks to queue
[2025-07-11T11:08:45.944+0200] {logging_mixin.py:188} INFO - [2025-07-11T11:08:45.943+0200] {dagbag.py:545} INFO - Filling up the DagBag from /home/florent/Programs/anaconda3/envs/airflow_etl/lib/python3.11/site-packages/airflow/example_dags/example_dag_decorator.py
[2025-07-11T11:08:45.995+0200] {processor.py:840} INFO - DAG(s) 'example_dag_decorator' retrieved from /home/florent/Programs/anaconda3/envs/airflow_etl/lib/python3.11/site-packages/airflow/example_dags/example_dag_decorator.py
[2025-07-11T11:08:46.045+0200] {logging_mixin.py:188} INFO - [2025-07-11T11:08:46.045+0200] {dag.py:3096} INFO - Sync 1 DAGs
[2025-07-11T11:08:46.050+0200] {logging_mixin.py:188} INFO - [2025-07-11T11:08:46.050+0200] {dag.py:3954} INFO - Setting next_dagrun for example_dag_decorator to None, run_after=None
[2025-07-11T11:08:46.063+0200] {processor.py:183} INFO - Processing /home/florent/Programs/anaconda3/envs/airflow_etl/lib/python3.11/site-packages/airflow/example_dags/example_dag_decorator.py took 0.130 seconds
[2025-07-11T11:09:45.142+0200] {processor.py:161} INFO - Started process (PID=47061) to work on /home/florent/Programs/anaconda3/envs/airflow_etl/lib/python3.11/site-packages/airflow/example_dags/example_dag_decorator.py
[2025-07-11T11:09:45.145+0200] {processor.py:830} INFO - Processing file /home/florent/Programs/anaconda3/envs/airflow_etl/lib/python3.11/site-packages/airflow/example_dags/example_dag_decorator.py for tasks to queue
[2025-07-11T11:09:45.146+0200] {logging_mixin.py:188} INFO - [2025-07-11T11:09:45.146+0200] {dagbag.py:545} INFO - Filling up the DagBag from /home/florent/Programs/anaconda3/envs/airflow_etl/lib/python3.11/site-packages/airflow/example_dags/example_dag_decorator.py
[2025-07-11T11:09:45.193+0200] {processor.py:840} INFO - DAG(s) 'example_dag_decorator' retrieved from /home/florent/Programs/anaconda3/envs/airflow_etl/lib/python3.11/site-packages/airflow/example_dags/example_dag_decorator.py
[2025-07-11T11:09:45.242+0200] {logging_mixin.py:188} INFO - [2025-07-11T11:09:45.242+0200] {dag.py:3096} INFO - Sync 1 DAGs
[2025-07-11T11:09:45.247+0200] {logging_mixin.py:188} INFO - [2025-07-11T11:09:45.247+0200] {dag.py:3954} INFO - Setting next_dagrun for example_dag_decorator to None, run_after=None
[2025-07-11T11:09:45.259+0200] {processor.py:183} INFO - Processing /home/florent/Programs/anaconda3/envs/airflow_etl/lib/python3.11/site-packages/airflow/example_dags/example_dag_decorator.py took 0.123 seconds
[2025-07-11T11:10:52.720+0200] {processor.py:161} INFO - Started process (PID=47935) to work on /home/florent/Programs/anaconda3/envs/airflow_etl/lib/python3.11/site-packages/airflow/example_dags/example_dag_decorator.py
[2025-07-11T11:10:52.723+0200] {processor.py:830} INFO - Processing file /home/florent/Programs/anaconda3/envs/airflow_etl/lib/python3.11/site-packages/airflow/example_dags/example_dag_decorator.py for tasks to queue
[2025-07-11T11:10:52.724+0200] {logging_mixin.py:188} INFO - [2025-07-11T11:10:52.723+0200] {dagbag.py:545} INFO - Filling up the DagBag from /home/florent/Programs/anaconda3/envs/airflow_etl/lib/python3.11/site-packages/airflow/example_dags/example_dag_decorator.py
[2025-07-11T11:10:52.774+0200] {processor.py:840} INFO - DAG(s) 'example_dag_decorator' retrieved from /home/florent/Programs/anaconda3/envs/airflow_etl/lib/python3.11/site-packages/airflow/example_dags/example_dag_decorator.py
[2025-07-11T11:10:52.823+0200] {logging_mixin.py:188} INFO - [2025-07-11T11:10:52.823+0200] {dag.py:3096} INFO - Sync 1 DAGs
[2025-07-11T11:10:52.828+0200] {logging_mixin.py:188} INFO - [2025-07-11T11:10:52.828+0200] {dag.py:3954} INFO - Setting next_dagrun for example_dag_decorator to None, run_after=None
[2025-07-11T11:10:52.841+0200] {processor.py:183} INFO - Processing /home/florent/Programs/anaconda3/envs/airflow_etl/lib/python3.11/site-packages/airflow/example_dags/example_dag_decorator.py took 0.127 seconds
[2025-07-11T11:12:02.217+0200] {processor.py:161} INFO - Started process (PID=49688) to work on /home/florent/Programs/anaconda3/envs/airflow_etl/lib/python3.11/site-packages/airflow/example_dags/example_dag_decorator.py
[2025-07-11T11:12:02.219+0200] {processor.py:830} INFO - Processing file /home/florent/Programs/anaconda3/envs/airflow_etl/lib/python3.11/site-packages/airflow/example_dags/example_dag_decorator.py for tasks to queue
[2025-07-11T11:12:02.220+0200] {logging_mixin.py:188} INFO - [2025-07-11T11:12:02.219+0200] {dagbag.py:545} INFO - Filling up the DagBag from /home/florent/Programs/anaconda3/envs/airflow_etl/lib/python3.11/site-packages/airflow/example_dags/example_dag_decorator.py
[2025-07-11T11:12:02.266+0200] {processor.py:840} INFO - DAG(s) 'example_dag_decorator' retrieved from /home/florent/Programs/anaconda3/envs/airflow_etl/lib/python3.11/site-packages/airflow/example_dags/example_dag_decorator.py
[2025-07-11T11:12:02.311+0200] {logging_mixin.py:188} INFO - [2025-07-11T11:12:02.310+0200] {dag.py:3096} INFO - Sync 1 DAGs
[2025-07-11T11:12:02.315+0200] {logging_mixin.py:188} INFO - [2025-07-11T11:12:02.314+0200] {dag.py:3954} INFO - Setting next_dagrun for example_dag_decorator to None, run_after=None
[2025-07-11T11:12:02.325+0200] {processor.py:183} INFO - Processing /home/florent/Programs/anaconda3/envs/airflow_etl/lib/python3.11/site-packages/airflow/example_dags/example_dag_decorator.py took 0.114 seconds
[2025-07-11T11:13:10.051+0200] {processor.py:161} INFO - Started process (PID=50544) to work on /home/florent/Programs/anaconda3/envs/airflow_etl/lib/python3.11/site-packages/airflow/example_dags/example_dag_decorator.py
[2025-07-11T11:13:10.053+0200] {processor.py:830} INFO - Processing file /home/florent/Programs/anaconda3/envs/airflow_etl/lib/python3.11/site-packages/airflow/example_dags/example_dag_decorator.py for tasks to queue
[2025-07-11T11:13:10.054+0200] {logging_mixin.py:188} INFO - [2025-07-11T11:13:10.054+0200] {dagbag.py:545} INFO - Filling up the DagBag from /home/florent/Programs/anaconda3/envs/airflow_etl/lib/python3.11/site-packages/airflow/example_dags/example_dag_decorator.py
[2025-07-11T11:13:10.111+0200] {processor.py:840} INFO - DAG(s) 'example_dag_decorator' retrieved from /home/florent/Programs/anaconda3/envs/airflow_etl/lib/python3.11/site-packages/airflow/example_dags/example_dag_decorator.py
[2025-07-11T11:13:10.157+0200] {logging_mixin.py:188} INFO - [2025-07-11T11:13:10.157+0200] {dag.py:3096} INFO - Sync 1 DAGs
[2025-07-11T11:13:10.161+0200] {logging_mixin.py:188} INFO - [2025-07-11T11:13:10.161+0200] {dag.py:3954} INFO - Setting next_dagrun for example_dag_decorator to None, run_after=None
[2025-07-11T11:13:10.173+0200] {processor.py:183} INFO - Processing /home/florent/Programs/anaconda3/envs/airflow_etl/lib/python3.11/site-packages/airflow/example_dags/example_dag_decorator.py took 0.128 seconds
[2025-07-11T11:13:31.470+0200] {processor.py:161} INFO - Started process (PID=50845) to work on /home/florent/Programs/anaconda3/envs/airflow_etl/lib/python3.11/site-packages/airflow/example_dags/example_dag_decorator.py
[2025-07-11T11:13:31.473+0200] {processor.py:830} INFO - Processing file /home/florent/Programs/anaconda3/envs/airflow_etl/lib/python3.11/site-packages/airflow/example_dags/example_dag_decorator.py for tasks to queue
[2025-07-11T11:13:31.475+0200] {logging_mixin.py:188} INFO - [2025-07-11T11:13:31.474+0200] {dagbag.py:545} INFO - Filling up the DagBag from /home/florent/Programs/anaconda3/envs/airflow_etl/lib/python3.11/site-packages/airflow/example_dags/example_dag_decorator.py
[2025-07-11T11:13:31.532+0200] {processor.py:840} INFO - DAG(s) 'example_dag_decorator' retrieved from /home/florent/Programs/anaconda3/envs/airflow_etl/lib/python3.11/site-packages/airflow/example_dags/example_dag_decorator.py
[2025-07-11T11:13:31.536+0200] {logging_mixin.py:188} INFO - [2025-07-11T11:13:31.536+0200] {dag.py:3096} INFO - Sync 1 DAGs
[2025-07-11T11:13:31.544+0200] {logging_mixin.py:188} INFO - [2025-07-11T11:13:31.544+0200] {dag.py:3954} INFO - Setting next_dagrun for example_dag_decorator to None, run_after=None
[2025-07-11T11:13:31.556+0200] {processor.py:183} INFO - Processing /home/florent/Programs/anaconda3/envs/airflow_etl/lib/python3.11/site-packages/airflow/example_dags/example_dag_decorator.py took 0.092 seconds
[2025-07-11T11:14:22.834+0200] {processor.py:161} INFO - Started process (PID=51519) to work on /home/florent/Programs/anaconda3/envs/airflow_etl/lib/python3.11/site-packages/airflow/example_dags/example_dag_decorator.py
[2025-07-11T11:14:22.835+0200] {processor.py:830} INFO - Processing file /home/florent/Programs/anaconda3/envs/airflow_etl/lib/python3.11/site-packages/airflow/example_dags/example_dag_decorator.py for tasks to queue
[2025-07-11T11:14:22.836+0200] {logging_mixin.py:188} INFO - [2025-07-11T11:14:22.836+0200] {dagbag.py:545} INFO - Filling up the DagBag from /home/florent/Programs/anaconda3/envs/airflow_etl/lib/python3.11/site-packages/airflow/example_dags/example_dag_decorator.py
[2025-07-11T11:14:22.877+0200] {processor.py:840} INFO - DAG(s) 'example_dag_decorator' retrieved from /home/florent/Programs/anaconda3/envs/airflow_etl/lib/python3.11/site-packages/airflow/example_dags/example_dag_decorator.py
[2025-07-11T11:14:22.922+0200] {logging_mixin.py:188} INFO - [2025-07-11T11:14:22.922+0200] {dag.py:3096} INFO - Sync 1 DAGs
[2025-07-11T11:14:22.926+0200] {logging_mixin.py:188} INFO - [2025-07-11T11:14:22.926+0200] {dag.py:3954} INFO - Setting next_dagrun for example_dag_decorator to None, run_after=None
[2025-07-11T11:14:22.937+0200] {processor.py:183} INFO - Processing /home/florent/Programs/anaconda3/envs/airflow_etl/lib/python3.11/site-packages/airflow/example_dags/example_dag_decorator.py took 0.108 seconds
[2025-07-11T11:14:30.650+0200] {processor.py:161} INFO - Started process (PID=51608) to work on /home/florent/Programs/anaconda3/envs/airflow_etl/lib/python3.11/site-packages/airflow/example_dags/example_dag_decorator.py
[2025-07-11T11:14:30.652+0200] {processor.py:830} INFO - Processing file /home/florent/Programs/anaconda3/envs/airflow_etl/lib/python3.11/site-packages/airflow/example_dags/example_dag_decorator.py for tasks to queue
[2025-07-11T11:14:30.653+0200] {logging_mixin.py:188} INFO - [2025-07-11T11:14:30.653+0200] {dagbag.py:545} INFO - Filling up the DagBag from /home/florent/Programs/anaconda3/envs/airflow_etl/lib/python3.11/site-packages/airflow/example_dags/example_dag_decorator.py
[2025-07-11T11:14:30.703+0200] {processor.py:840} INFO - DAG(s) 'example_dag_decorator' retrieved from /home/florent/Programs/anaconda3/envs/airflow_etl/lib/python3.11/site-packages/airflow/example_dags/example_dag_decorator.py
[2025-07-11T11:14:30.707+0200] {logging_mixin.py:188} INFO - [2025-07-11T11:14:30.707+0200] {dag.py:3096} INFO - Sync 1 DAGs
[2025-07-11T11:14:30.712+0200] {logging_mixin.py:188} INFO - [2025-07-11T11:14:30.712+0200] {dag.py:3954} INFO - Setting next_dagrun for example_dag_decorator to None, run_after=None
[2025-07-11T11:14:30.721+0200] {processor.py:183} INFO - Processing /home/florent/Programs/anaconda3/envs/airflow_etl/lib/python3.11/site-packages/airflow/example_dags/example_dag_decorator.py took 0.077 seconds
[2025-07-11T11:15:29.633+0200] {processor.py:161} INFO - Started process (PID=52355) to work on /home/florent/Programs/anaconda3/envs/airflow_etl/lib/python3.11/site-packages/airflow/example_dags/example_dag_decorator.py
[2025-07-11T11:15:29.634+0200] {processor.py:830} INFO - Processing file /home/florent/Programs/anaconda3/envs/airflow_etl/lib/python3.11/site-packages/airflow/example_dags/example_dag_decorator.py for tasks to queue
[2025-07-11T11:15:29.635+0200] {logging_mixin.py:188} INFO - [2025-07-11T11:15:29.635+0200] {dagbag.py:545} INFO - Filling up the DagBag from /home/florent/Programs/anaconda3/envs/airflow_etl/lib/python3.11/site-packages/airflow/example_dags/example_dag_decorator.py
[2025-07-11T11:15:29.675+0200] {processor.py:840} INFO - DAG(s) 'example_dag_decorator' retrieved from /home/florent/Programs/anaconda3/envs/airflow_etl/lib/python3.11/site-packages/airflow/example_dags/example_dag_decorator.py
[2025-07-11T11:15:29.719+0200] {logging_mixin.py:188} INFO - [2025-07-11T11:15:29.719+0200] {dag.py:3096} INFO - Sync 1 DAGs
[2025-07-11T11:15:29.785+0200] {logging_mixin.py:188} INFO - [2025-07-11T11:15:29.785+0200] {dag.py:3954} INFO - Setting next_dagrun for example_dag_decorator to None, run_after=None
[2025-07-11T11:15:29.797+0200] {processor.py:183} INFO - Processing /home/florent/Programs/anaconda3/envs/airflow_etl/lib/python3.11/site-packages/airflow/example_dags/example_dag_decorator.py took 0.169 seconds
[2025-07-11T11:15:30.067+0200] {processor.py:161} INFO - Started process (PID=52365) to work on /home/florent/Programs/anaconda3/envs/airflow_etl/lib/python3.11/site-packages/airflow/example_dags/example_dag_decorator.py
[2025-07-11T11:15:30.067+0200] {processor.py:830} INFO - Processing file /home/florent/Programs/anaconda3/envs/airflow_etl/lib/python3.11/site-packages/airflow/example_dags/example_dag_decorator.py for tasks to queue
[2025-07-11T11:15:30.068+0200] {logging_mixin.py:188} INFO - [2025-07-11T11:15:30.067+0200] {dagbag.py:545} INFO - Filling up the DagBag from /home/florent/Programs/anaconda3/envs/airflow_etl/lib/python3.11/site-packages/airflow/example_dags/example_dag_decorator.py
[2025-07-11T11:15:30.108+0200] {processor.py:840} INFO - DAG(s) 'example_dag_decorator' retrieved from /home/florent/Programs/anaconda3/envs/airflow_etl/lib/python3.11/site-packages/airflow/example_dags/example_dag_decorator.py
[2025-07-11T11:15:30.112+0200] {logging_mixin.py:188} INFO - [2025-07-11T11:15:30.112+0200] {dag.py:3096} INFO - Sync 1 DAGs
[2025-07-11T11:15:30.117+0200] {logging_mixin.py:188} INFO - [2025-07-11T11:15:30.117+0200] {dag.py:3954} INFO - Setting next_dagrun for example_dag_decorator to None, run_after=None
[2025-07-11T11:15:30.127+0200] {processor.py:183} INFO - Processing /home/florent/Programs/anaconda3/envs/airflow_etl/lib/python3.11/site-packages/airflow/example_dags/example_dag_decorator.py took 0.063 seconds
[2025-07-11T11:16:30.592+0200] {processor.py:161} INFO - Started process (PID=53079) to work on /home/florent/Programs/anaconda3/envs/airflow_etl/lib/python3.11/site-packages/airflow/example_dags/example_dag_decorator.py
[2025-07-11T11:16:30.594+0200] {processor.py:830} INFO - Processing file /home/florent/Programs/anaconda3/envs/airflow_etl/lib/python3.11/site-packages/airflow/example_dags/example_dag_decorator.py for tasks to queue
[2025-07-11T11:16:30.595+0200] {logging_mixin.py:188} INFO - [2025-07-11T11:16:30.595+0200] {dagbag.py:545} INFO - Filling up the DagBag from /home/florent/Programs/anaconda3/envs/airflow_etl/lib/python3.11/site-packages/airflow/example_dags/example_dag_decorator.py
[2025-07-11T11:16:30.641+0200] {processor.py:840} INFO - DAG(s) 'example_dag_decorator' retrieved from /home/florent/Programs/anaconda3/envs/airflow_etl/lib/python3.11/site-packages/airflow/example_dags/example_dag_decorator.py
[2025-07-11T11:16:30.693+0200] {logging_mixin.py:188} INFO - [2025-07-11T11:16:30.693+0200] {dag.py:3096} INFO - Sync 1 DAGs
[2025-07-11T11:16:30.698+0200] {logging_mixin.py:188} INFO - [2025-07-11T11:16:30.698+0200] {dag.py:3954} INFO - Setting next_dagrun for example_dag_decorator to None, run_after=None
[2025-07-11T11:16:30.711+0200] {processor.py:183} INFO - Processing /home/florent/Programs/anaconda3/envs/airflow_etl/lib/python3.11/site-packages/airflow/example_dags/example_dag_decorator.py took 0.123 seconds
[2025-07-11T11:16:31.295+0200] {processor.py:161} INFO - Started process (PID=53089) to work on /home/florent/Programs/anaconda3/envs/airflow_etl/lib/python3.11/site-packages/airflow/example_dags/example_dag_decorator.py
[2025-07-11T11:16:31.295+0200] {processor.py:830} INFO - Processing file /home/florent/Programs/anaconda3/envs/airflow_etl/lib/python3.11/site-packages/airflow/example_dags/example_dag_decorator.py for tasks to queue
[2025-07-11T11:16:31.296+0200] {logging_mixin.py:188} INFO - [2025-07-11T11:16:31.296+0200] {dagbag.py:545} INFO - Filling up the DagBag from /home/florent/Programs/anaconda3/envs/airflow_etl/lib/python3.11/site-packages/airflow/example_dags/example_dag_decorator.py
[2025-07-11T11:16:31.343+0200] {processor.py:840} INFO - DAG(s) 'example_dag_decorator' retrieved from /home/florent/Programs/anaconda3/envs/airflow_etl/lib/python3.11/site-packages/airflow/example_dags/example_dag_decorator.py
[2025-07-11T11:16:31.348+0200] {logging_mixin.py:188} INFO - [2025-07-11T11:16:31.348+0200] {dag.py:3096} INFO - Sync 1 DAGs
[2025-07-11T11:16:31.355+0200] {logging_mixin.py:188} INFO - [2025-07-11T11:16:31.355+0200] {dag.py:3954} INFO - Setting next_dagrun for example_dag_decorator to None, run_after=None
[2025-07-11T11:16:31.368+0200] {processor.py:183} INFO - Processing /home/florent/Programs/anaconda3/envs/airflow_etl/lib/python3.11/site-packages/airflow/example_dags/example_dag_decorator.py took 0.077 seconds
[2025-07-11T11:18:23.295+0200] {processor.py:161} INFO - Started process (PID=54295) to work on /home/florent/Programs/anaconda3/envs/airflow_etl/lib/python3.11/site-packages/airflow/example_dags/example_dag_decorator.py
[2025-07-11T11:18:23.298+0200] {processor.py:830} INFO - Processing file /home/florent/Programs/anaconda3/envs/airflow_etl/lib/python3.11/site-packages/airflow/example_dags/example_dag_decorator.py for tasks to queue
[2025-07-11T11:18:23.300+0200] {logging_mixin.py:188} INFO - [2025-07-11T11:18:23.300+0200] {dagbag.py:545} INFO - Filling up the DagBag from /home/florent/Programs/anaconda3/envs/airflow_etl/lib/python3.11/site-packages/airflow/example_dags/example_dag_decorator.py
[2025-07-11T11:18:23.359+0200] {processor.py:840} INFO - DAG(s) 'example_dag_decorator' retrieved from /home/florent/Programs/anaconda3/envs/airflow_etl/lib/python3.11/site-packages/airflow/example_dags/example_dag_decorator.py
[2025-07-11T11:18:23.406+0200] {logging_mixin.py:188} INFO - [2025-07-11T11:18:23.406+0200] {dag.py:3096} INFO - Sync 1 DAGs
[2025-07-11T11:18:23.411+0200] {logging_mixin.py:188} INFO - [2025-07-11T11:18:23.411+0200] {dag.py:3954} INFO - Setting next_dagrun for example_dag_decorator to None, run_after=None
[2025-07-11T11:18:23.424+0200] {processor.py:183} INFO - Processing /home/florent/Programs/anaconda3/envs/airflow_etl/lib/python3.11/site-packages/airflow/example_dags/example_dag_decorator.py took 0.135 seconds
[2025-07-11T11:19:12.430+0200] {processor.py:161} INFO - Started process (PID=54858) to work on /home/florent/Programs/anaconda3/envs/airflow_etl/lib/python3.11/site-packages/airflow/example_dags/example_dag_decorator.py
[2025-07-11T11:19:12.433+0200] {processor.py:830} INFO - Processing file /home/florent/Programs/anaconda3/envs/airflow_etl/lib/python3.11/site-packages/airflow/example_dags/example_dag_decorator.py for tasks to queue
[2025-07-11T11:19:12.434+0200] {logging_mixin.py:188} INFO - [2025-07-11T11:19:12.434+0200] {dagbag.py:545} INFO - Filling up the DagBag from /home/florent/Programs/anaconda3/envs/airflow_etl/lib/python3.11/site-packages/airflow/example_dags/example_dag_decorator.py
[2025-07-11T11:19:12.482+0200] {processor.py:840} INFO - DAG(s) 'example_dag_decorator' retrieved from /home/florent/Programs/anaconda3/envs/airflow_etl/lib/python3.11/site-packages/airflow/example_dags/example_dag_decorator.py
[2025-07-11T11:19:12.526+0200] {logging_mixin.py:188} INFO - [2025-07-11T11:19:12.526+0200] {dag.py:3096} INFO - Sync 1 DAGs
[2025-07-11T11:19:12.531+0200] {logging_mixin.py:188} INFO - [2025-07-11T11:19:12.530+0200] {dag.py:3954} INFO - Setting next_dagrun for example_dag_decorator to None, run_after=None
[2025-07-11T11:19:12.541+0200] {processor.py:183} INFO - Processing /home/florent/Programs/anaconda3/envs/airflow_etl/lib/python3.11/site-packages/airflow/example_dags/example_dag_decorator.py took 0.117 seconds
[2025-07-11T11:20:18.231+0200] {processor.py:161} INFO - Started process (PID=55531) to work on /home/florent/Programs/anaconda3/envs/airflow_etl/lib/python3.11/site-packages/airflow/example_dags/example_dag_decorator.py
[2025-07-11T11:20:18.234+0200] {processor.py:830} INFO - Processing file /home/florent/Programs/anaconda3/envs/airflow_etl/lib/python3.11/site-packages/airflow/example_dags/example_dag_decorator.py for tasks to queue
[2025-07-11T11:20:18.235+0200] {logging_mixin.py:188} INFO - [2025-07-11T11:20:18.234+0200] {dagbag.py:545} INFO - Filling up the DagBag from /home/florent/Programs/anaconda3/envs/airflow_etl/lib/python3.11/site-packages/airflow/example_dags/example_dag_decorator.py
[2025-07-11T11:20:18.273+0200] {processor.py:840} INFO - DAG(s) 'example_dag_decorator' retrieved from /home/florent/Programs/anaconda3/envs/airflow_etl/lib/python3.11/site-packages/airflow/example_dags/example_dag_decorator.py
[2025-07-11T11:20:18.317+0200] {logging_mixin.py:188} INFO - [2025-07-11T11:20:18.317+0200] {dag.py:3096} INFO - Sync 1 DAGs
[2025-07-11T11:20:18.377+0200] {logging_mixin.py:188} INFO - [2025-07-11T11:20:18.377+0200] {dag.py:3954} INFO - Setting next_dagrun for example_dag_decorator to None, run_after=None
[2025-07-11T11:20:18.391+0200] {processor.py:183} INFO - Processing /home/florent/Programs/anaconda3/envs/airflow_etl/lib/python3.11/site-packages/airflow/example_dags/example_dag_decorator.py took 0.164 seconds
[2025-07-11T11:21:23.267+0200] {processor.py:161} INFO - Started process (PID=56257) to work on /home/florent/Programs/anaconda3/envs/airflow_etl/lib/python3.11/site-packages/airflow/example_dags/example_dag_decorator.py
[2025-07-11T11:21:23.270+0200] {processor.py:830} INFO - Processing file /home/florent/Programs/anaconda3/envs/airflow_etl/lib/python3.11/site-packages/airflow/example_dags/example_dag_decorator.py for tasks to queue
[2025-07-11T11:21:23.272+0200] {logging_mixin.py:188} INFO - [2025-07-11T11:21:23.271+0200] {dagbag.py:545} INFO - Filling up the DagBag from /home/florent/Programs/anaconda3/envs/airflow_etl/lib/python3.11/site-packages/airflow/example_dags/example_dag_decorator.py
[2025-07-11T11:21:23.317+0200] {processor.py:840} INFO - DAG(s) 'example_dag_decorator' retrieved from /home/florent/Programs/anaconda3/envs/airflow_etl/lib/python3.11/site-packages/airflow/example_dags/example_dag_decorator.py
[2025-07-11T11:21:23.330+0200] {logging_mixin.py:188} INFO - [2025-07-11T11:21:23.330+0200] {dag.py:3096} INFO - Sync 1 DAGs
[2025-07-11T11:21:23.337+0200] {logging_mixin.py:188} INFO - [2025-07-11T11:21:23.337+0200] {dag.py:3954} INFO - Setting next_dagrun for example_dag_decorator to None, run_after=None
[2025-07-11T11:21:23.416+0200] {processor.py:183} INFO - Processing /home/florent/Programs/anaconda3/envs/airflow_etl/lib/python3.11/site-packages/airflow/example_dags/example_dag_decorator.py took 0.155 seconds
[2025-07-11T11:22:30.113+0200] {processor.py:161} INFO - Started process (PID=56911) to work on /home/florent/Programs/anaconda3/envs/airflow_etl/lib/python3.11/site-packages/airflow/example_dags/example_dag_decorator.py
[2025-07-11T11:22:30.115+0200] {processor.py:830} INFO - Processing file /home/florent/Programs/anaconda3/envs/airflow_etl/lib/python3.11/site-packages/airflow/example_dags/example_dag_decorator.py for tasks to queue
[2025-07-11T11:22:30.117+0200] {logging_mixin.py:188} INFO - [2025-07-11T11:22:30.116+0200] {dagbag.py:545} INFO - Filling up the DagBag from /home/florent/Programs/anaconda3/envs/airflow_etl/lib/python3.11/site-packages/airflow/example_dags/example_dag_decorator.py
[2025-07-11T11:22:30.240+0200] {processor.py:840} INFO - DAG(s) 'example_dag_decorator' retrieved from /home/florent/Programs/anaconda3/envs/airflow_etl/lib/python3.11/site-packages/airflow/example_dags/example_dag_decorator.py
[2025-07-11T11:22:30.248+0200] {logging_mixin.py:188} INFO - [2025-07-11T11:22:30.248+0200] {dag.py:3096} INFO - Sync 1 DAGs
[2025-07-11T11:22:30.253+0200] {logging_mixin.py:188} INFO - [2025-07-11T11:22:30.253+0200] {dag.py:3954} INFO - Setting next_dagrun for example_dag_decorator to None, run_after=None
[2025-07-11T11:22:30.265+0200] {processor.py:183} INFO - Processing /home/florent/Programs/anaconda3/envs/airflow_etl/lib/python3.11/site-packages/airflow/example_dags/example_dag_decorator.py took 0.157 seconds
[2025-07-11T11:23:38.668+0200] {processor.py:161} INFO - Started process (PID=57598) to work on /home/florent/Programs/anaconda3/envs/airflow_etl/lib/python3.11/site-packages/airflow/example_dags/example_dag_decorator.py
[2025-07-11T11:23:38.670+0200] {processor.py:830} INFO - Processing file /home/florent/Programs/anaconda3/envs/airflow_etl/lib/python3.11/site-packages/airflow/example_dags/example_dag_decorator.py for tasks to queue
[2025-07-11T11:23:38.672+0200] {logging_mixin.py:188} INFO - [2025-07-11T11:23:38.671+0200] {dagbag.py:545} INFO - Filling up the DagBag from /home/florent/Programs/anaconda3/envs/airflow_etl/lib/python3.11/site-packages/airflow/example_dags/example_dag_decorator.py
[2025-07-11T11:23:38.723+0200] {processor.py:840} INFO - DAG(s) 'example_dag_decorator' retrieved from /home/florent/Programs/anaconda3/envs/airflow_etl/lib/python3.11/site-packages/airflow/example_dags/example_dag_decorator.py
[2025-07-11T11:23:38.732+0200] {logging_mixin.py:188} INFO - [2025-07-11T11:23:38.731+0200] {dag.py:3096} INFO - Sync 1 DAGs
[2025-07-11T11:23:38.737+0200] {logging_mixin.py:188} INFO - [2025-07-11T11:23:38.737+0200] {dag.py:3954} INFO - Setting next_dagrun for example_dag_decorator to None, run_after=None
[2025-07-11T11:23:38.748+0200] {processor.py:183} INFO - Processing /home/florent/Programs/anaconda3/envs/airflow_etl/lib/python3.11/site-packages/airflow/example_dags/example_dag_decorator.py took 0.085 seconds
[2025-07-11T11:24:49.484+0200] {processor.py:161} INFO - Started process (PID=58343) to work on /home/florent/Programs/anaconda3/envs/airflow_etl/lib/python3.11/site-packages/airflow/example_dags/example_dag_decorator.py
[2025-07-11T11:24:49.486+0200] {processor.py:830} INFO - Processing file /home/florent/Programs/anaconda3/envs/airflow_etl/lib/python3.11/site-packages/airflow/example_dags/example_dag_decorator.py for tasks to queue
[2025-07-11T11:24:49.487+0200] {logging_mixin.py:188} INFO - [2025-07-11T11:24:49.487+0200] {dagbag.py:545} INFO - Filling up the DagBag from /home/florent/Programs/anaconda3/envs/airflow_etl/lib/python3.11/site-packages/airflow/example_dags/example_dag_decorator.py
[2025-07-11T11:24:49.527+0200] {processor.py:840} INFO - DAG(s) 'example_dag_decorator' retrieved from /home/florent/Programs/anaconda3/envs/airflow_etl/lib/python3.11/site-packages/airflow/example_dags/example_dag_decorator.py
[2025-07-11T11:24:49.536+0200] {logging_mixin.py:188} INFO - [2025-07-11T11:24:49.536+0200] {dag.py:3096} INFO - Sync 1 DAGs
[2025-07-11T11:24:49.542+0200] {logging_mixin.py:188} INFO - [2025-07-11T11:24:49.542+0200] {dag.py:3954} INFO - Setting next_dagrun for example_dag_decorator to None, run_after=None
[2025-07-11T11:24:49.553+0200] {processor.py:183} INFO - Processing /home/florent/Programs/anaconda3/envs/airflow_etl/lib/python3.11/site-packages/airflow/example_dags/example_dag_decorator.py took 0.072 seconds
[2025-07-11T11:25:56.355+0200] {processor.py:161} INFO - Started process (PID=59069) to work on /home/florent/Programs/anaconda3/envs/airflow_etl/lib/python3.11/site-packages/airflow/example_dags/example_dag_decorator.py
[2025-07-11T11:25:56.358+0200] {processor.py:830} INFO - Processing file /home/florent/Programs/anaconda3/envs/airflow_etl/lib/python3.11/site-packages/airflow/example_dags/example_dag_decorator.py for tasks to queue
[2025-07-11T11:25:56.360+0200] {logging_mixin.py:188} INFO - [2025-07-11T11:25:56.360+0200] {dagbag.py:545} INFO - Filling up the DagBag from /home/florent/Programs/anaconda3/envs/airflow_etl/lib/python3.11/site-packages/airflow/example_dags/example_dag_decorator.py
[2025-07-11T11:25:56.409+0200] {processor.py:840} INFO - DAG(s) 'example_dag_decorator' retrieved from /home/florent/Programs/anaconda3/envs/airflow_etl/lib/python3.11/site-packages/airflow/example_dags/example_dag_decorator.py
[2025-07-11T11:25:56.457+0200] {logging_mixin.py:188} INFO - [2025-07-11T11:25:56.457+0200] {dag.py:3096} INFO - Sync 1 DAGs
[2025-07-11T11:25:56.462+0200] {logging_mixin.py:188} INFO - [2025-07-11T11:25:56.461+0200] {dag.py:3954} INFO - Setting next_dagrun for example_dag_decorator to None, run_after=None
[2025-07-11T11:25:56.473+0200] {processor.py:183} INFO - Processing /home/florent/Programs/anaconda3/envs/airflow_etl/lib/python3.11/site-packages/airflow/example_dags/example_dag_decorator.py took 0.124 seconds
[2025-07-11T11:27:02.345+0200] {processor.py:161} INFO - Started process (PID=59810) to work on /home/florent/Programs/anaconda3/envs/airflow_etl/lib/python3.11/site-packages/airflow/example_dags/example_dag_decorator.py
[2025-07-11T11:27:02.347+0200] {processor.py:830} INFO - Processing file /home/florent/Programs/anaconda3/envs/airflow_etl/lib/python3.11/site-packages/airflow/example_dags/example_dag_decorator.py for tasks to queue
[2025-07-11T11:27:02.349+0200] {logging_mixin.py:188} INFO - [2025-07-11T11:27:02.348+0200] {dagbag.py:545} INFO - Filling up the DagBag from /home/florent/Programs/anaconda3/envs/airflow_etl/lib/python3.11/site-packages/airflow/example_dags/example_dag_decorator.py
[2025-07-11T11:27:02.401+0200] {processor.py:840} INFO - DAG(s) 'example_dag_decorator' retrieved from /home/florent/Programs/anaconda3/envs/airflow_etl/lib/python3.11/site-packages/airflow/example_dags/example_dag_decorator.py
[2025-07-11T11:27:02.450+0200] {logging_mixin.py:188} INFO - [2025-07-11T11:27:02.450+0200] {dag.py:3096} INFO - Sync 1 DAGs
[2025-07-11T11:27:02.454+0200] {logging_mixin.py:188} INFO - [2025-07-11T11:27:02.454+0200] {dag.py:3954} INFO - Setting next_dagrun for example_dag_decorator to None, run_after=None
[2025-07-11T11:27:02.467+0200] {processor.py:183} INFO - Processing /home/florent/Programs/anaconda3/envs/airflow_etl/lib/python3.11/site-packages/airflow/example_dags/example_dag_decorator.py took 0.128 seconds
[2025-07-11T11:27:54.832+0200] {processor.py:161} INFO - Started process (PID=60376) to work on /home/florent/Programs/anaconda3/envs/airflow_etl/lib/python3.11/site-packages/airflow/example_dags/example_dag_decorator.py
[2025-07-11T11:27:54.834+0200] {processor.py:830} INFO - Processing file /home/florent/Programs/anaconda3/envs/airflow_etl/lib/python3.11/site-packages/airflow/example_dags/example_dag_decorator.py for tasks to queue
[2025-07-11T11:27:54.835+0200] {logging_mixin.py:188} INFO - [2025-07-11T11:27:54.835+0200] {dagbag.py:545} INFO - Filling up the DagBag from /home/florent/Programs/anaconda3/envs/airflow_etl/lib/python3.11/site-packages/airflow/example_dags/example_dag_decorator.py
[2025-07-11T11:27:54.876+0200] {processor.py:840} INFO - DAG(s) 'example_dag_decorator' retrieved from /home/florent/Programs/anaconda3/envs/airflow_etl/lib/python3.11/site-packages/airflow/example_dags/example_dag_decorator.py
[2025-07-11T11:27:54.920+0200] {logging_mixin.py:188} INFO - [2025-07-11T11:27:54.920+0200] {dag.py:3096} INFO - Sync 1 DAGs
[2025-07-11T11:27:54.925+0200] {logging_mixin.py:188} INFO - [2025-07-11T11:27:54.924+0200] {dag.py:3954} INFO - Setting next_dagrun for example_dag_decorator to None, run_after=None
[2025-07-11T11:27:54.937+0200] {processor.py:183} INFO - Processing /home/florent/Programs/anaconda3/envs/airflow_etl/lib/python3.11/site-packages/airflow/example_dags/example_dag_decorator.py took 0.109 seconds
[2025-07-11T11:28:57.390+0200] {processor.py:161} INFO - Started process (PID=61071) to work on /home/florent/Programs/anaconda3/envs/airflow_etl/lib/python3.11/site-packages/airflow/example_dags/example_dag_decorator.py
[2025-07-11T11:28:57.392+0200] {processor.py:830} INFO - Processing file /home/florent/Programs/anaconda3/envs/airflow_etl/lib/python3.11/site-packages/airflow/example_dags/example_dag_decorator.py for tasks to queue
[2025-07-11T11:28:57.393+0200] {logging_mixin.py:188} INFO - [2025-07-11T11:28:57.393+0200] {dagbag.py:545} INFO - Filling up the DagBag from /home/florent/Programs/anaconda3/envs/airflow_etl/lib/python3.11/site-packages/airflow/example_dags/example_dag_decorator.py
[2025-07-11T11:28:57.433+0200] {processor.py:840} INFO - DAG(s) 'example_dag_decorator' retrieved from /home/florent/Programs/anaconda3/envs/airflow_etl/lib/python3.11/site-packages/airflow/example_dags/example_dag_decorator.py
[2025-07-11T11:28:57.477+0200] {logging_mixin.py:188} INFO - [2025-07-11T11:28:57.477+0200] {dag.py:3096} INFO - Sync 1 DAGs
[2025-07-11T11:28:57.482+0200] {logging_mixin.py:188} INFO - [2025-07-11T11:28:57.482+0200] {dag.py:3954} INFO - Setting next_dagrun for example_dag_decorator to None, run_after=None
[2025-07-11T11:28:57.491+0200] {processor.py:183} INFO - Processing /home/florent/Programs/anaconda3/envs/airflow_etl/lib/python3.11/site-packages/airflow/example_dags/example_dag_decorator.py took 0.104 seconds
[2025-07-11T11:30:02.110+0200] {processor.py:161} INFO - Started process (PID=61735) to work on /home/florent/Programs/anaconda3/envs/airflow_etl/lib/python3.11/site-packages/airflow/example_dags/example_dag_decorator.py
[2025-07-11T11:30:02.113+0200] {processor.py:830} INFO - Processing file /home/florent/Programs/anaconda3/envs/airflow_etl/lib/python3.11/site-packages/airflow/example_dags/example_dag_decorator.py for tasks to queue
[2025-07-11T11:30:02.115+0200] {logging_mixin.py:188} INFO - [2025-07-11T11:30:02.115+0200] {dagbag.py:545} INFO - Filling up the DagBag from /home/florent/Programs/anaconda3/envs/airflow_etl/lib/python3.11/site-packages/airflow/example_dags/example_dag_decorator.py
[2025-07-11T11:30:02.167+0200] {processor.py:840} INFO - DAG(s) 'example_dag_decorator' retrieved from /home/florent/Programs/anaconda3/envs/airflow_etl/lib/python3.11/site-packages/airflow/example_dags/example_dag_decorator.py
[2025-07-11T11:30:02.217+0200] {logging_mixin.py:188} INFO - [2025-07-11T11:30:02.217+0200] {dag.py:3096} INFO - Sync 1 DAGs
[2025-07-11T11:30:02.223+0200] {logging_mixin.py:188} INFO - [2025-07-11T11:30:02.223+0200] {dag.py:3954} INFO - Setting next_dagrun for example_dag_decorator to None, run_after=None
[2025-07-11T11:30:02.235+0200] {processor.py:183} INFO - Processing /home/florent/Programs/anaconda3/envs/airflow_etl/lib/python3.11/site-packages/airflow/example_dags/example_dag_decorator.py took 0.130 seconds
[2025-07-11T11:31:03.051+0200] {processor.py:161} INFO - Started process (PID=62385) to work on /home/florent/Programs/anaconda3/envs/airflow_etl/lib/python3.11/site-packages/airflow/example_dags/example_dag_decorator.py
[2025-07-11T11:31:03.053+0200] {processor.py:830} INFO - Processing file /home/florent/Programs/anaconda3/envs/airflow_etl/lib/python3.11/site-packages/airflow/example_dags/example_dag_decorator.py for tasks to queue
[2025-07-11T11:31:03.055+0200] {logging_mixin.py:188} INFO - [2025-07-11T11:31:03.054+0200] {dagbag.py:545} INFO - Filling up the DagBag from /home/florent/Programs/anaconda3/envs/airflow_etl/lib/python3.11/site-packages/airflow/example_dags/example_dag_decorator.py
[2025-07-11T11:31:03.096+0200] {processor.py:840} INFO - DAG(s) 'example_dag_decorator' retrieved from /home/florent/Programs/anaconda3/envs/airflow_etl/lib/python3.11/site-packages/airflow/example_dags/example_dag_decorator.py
[2025-07-11T11:31:03.141+0200] {logging_mixin.py:188} INFO - [2025-07-11T11:31:03.141+0200] {dag.py:3096} INFO - Sync 1 DAGs
[2025-07-11T11:31:03.146+0200] {logging_mixin.py:188} INFO - [2025-07-11T11:31:03.146+0200] {dag.py:3954} INFO - Setting next_dagrun for example_dag_decorator to None, run_after=None
[2025-07-11T11:31:03.157+0200] {processor.py:183} INFO - Processing /home/florent/Programs/anaconda3/envs/airflow_etl/lib/python3.11/site-packages/airflow/example_dags/example_dag_decorator.py took 0.111 seconds
[2025-07-11T11:32:10.467+0200] {processor.py:161} INFO - Started process (PID=63040) to work on /home/florent/Programs/anaconda3/envs/airflow_etl/lib/python3.11/site-packages/airflow/example_dags/example_dag_decorator.py
[2025-07-11T11:32:10.469+0200] {processor.py:830} INFO - Processing file /home/florent/Programs/anaconda3/envs/airflow_etl/lib/python3.11/site-packages/airflow/example_dags/example_dag_decorator.py for tasks to queue
[2025-07-11T11:32:10.471+0200] {logging_mixin.py:188} INFO - [2025-07-11T11:32:10.471+0200] {dagbag.py:545} INFO - Filling up the DagBag from /home/florent/Programs/anaconda3/envs/airflow_etl/lib/python3.11/site-packages/airflow/example_dags/example_dag_decorator.py
[2025-07-11T11:32:10.522+0200] {processor.py:840} INFO - DAG(s) 'example_dag_decorator' retrieved from /home/florent/Programs/anaconda3/envs/airflow_etl/lib/python3.11/site-packages/airflow/example_dags/example_dag_decorator.py
[2025-07-11T11:32:10.573+0200] {logging_mixin.py:188} INFO - [2025-07-11T11:32:10.572+0200] {dag.py:3096} INFO - Sync 1 DAGs
[2025-07-11T11:32:10.579+0200] {logging_mixin.py:188} INFO - [2025-07-11T11:32:10.578+0200] {dag.py:3954} INFO - Setting next_dagrun for example_dag_decorator to None, run_after=None
[2025-07-11T11:32:10.592+0200] {processor.py:183} INFO - Processing /home/florent/Programs/anaconda3/envs/airflow_etl/lib/python3.11/site-packages/airflow/example_dags/example_dag_decorator.py took 0.130 seconds
[2025-07-11T11:33:13.662+0200] {processor.py:161} INFO - Started process (PID=63877) to work on /home/florent/Programs/anaconda3/envs/airflow_etl/lib/python3.11/site-packages/airflow/example_dags/example_dag_decorator.py
[2025-07-11T11:33:13.665+0200] {processor.py:830} INFO - Processing file /home/florent/Programs/anaconda3/envs/airflow_etl/lib/python3.11/site-packages/airflow/example_dags/example_dag_decorator.py for tasks to queue
[2025-07-11T11:33:13.667+0200] {logging_mixin.py:188} INFO - [2025-07-11T11:33:13.666+0200] {dagbag.py:545} INFO - Filling up the DagBag from /home/florent/Programs/anaconda3/envs/airflow_etl/lib/python3.11/site-packages/airflow/example_dags/example_dag_decorator.py
[2025-07-11T11:33:13.708+0200] {processor.py:840} INFO - DAG(s) 'example_dag_decorator' retrieved from /home/florent/Programs/anaconda3/envs/airflow_etl/lib/python3.11/site-packages/airflow/example_dags/example_dag_decorator.py
[2025-07-11T11:33:13.751+0200] {logging_mixin.py:188} INFO - [2025-07-11T11:33:13.751+0200] {dag.py:3096} INFO - Sync 1 DAGs
[2025-07-11T11:33:13.755+0200] {logging_mixin.py:188} INFO - [2025-07-11T11:33:13.755+0200] {dag.py:3954} INFO - Setting next_dagrun for example_dag_decorator to None, run_after=None
[2025-07-11T11:33:13.767+0200] {processor.py:183} INFO - Processing /home/florent/Programs/anaconda3/envs/airflow_etl/lib/python3.11/site-packages/airflow/example_dags/example_dag_decorator.py took 0.110 seconds
[2025-07-11T11:34:18.693+0200] {processor.py:161} INFO - Started process (PID=64515) to work on /home/florent/Programs/anaconda3/envs/airflow_etl/lib/python3.11/site-packages/airflow/example_dags/example_dag_decorator.py
[2025-07-11T11:34:18.695+0200] {processor.py:830} INFO - Processing file /home/florent/Programs/anaconda3/envs/airflow_etl/lib/python3.11/site-packages/airflow/example_dags/example_dag_decorator.py for tasks to queue
[2025-07-11T11:34:18.697+0200] {logging_mixin.py:188} INFO - [2025-07-11T11:34:18.697+0200] {dagbag.py:545} INFO - Filling up the DagBag from /home/florent/Programs/anaconda3/envs/airflow_etl/lib/python3.11/site-packages/airflow/example_dags/example_dag_decorator.py
[2025-07-11T11:34:18.745+0200] {processor.py:840} INFO - DAG(s) 'example_dag_decorator' retrieved from /home/florent/Programs/anaconda3/envs/airflow_etl/lib/python3.11/site-packages/airflow/example_dags/example_dag_decorator.py
[2025-07-11T11:34:18.787+0200] {logging_mixin.py:188} INFO - [2025-07-11T11:34:18.787+0200] {dag.py:3096} INFO - Sync 1 DAGs
[2025-07-11T11:34:18.792+0200] {logging_mixin.py:188} INFO - [2025-07-11T11:34:18.792+0200] {dag.py:3954} INFO - Setting next_dagrun for example_dag_decorator to None, run_after=None
[2025-07-11T11:34:18.803+0200] {processor.py:183} INFO - Processing /home/florent/Programs/anaconda3/envs/airflow_etl/lib/python3.11/site-packages/airflow/example_dags/example_dag_decorator.py took 0.116 seconds
[2025-07-11T11:35:25.722+0200] {processor.py:161} INFO - Started process (PID=65182) to work on /home/florent/Programs/anaconda3/envs/airflow_etl/lib/python3.11/site-packages/airflow/example_dags/example_dag_decorator.py
[2025-07-11T11:35:25.725+0200] {processor.py:830} INFO - Processing file /home/florent/Programs/anaconda3/envs/airflow_etl/lib/python3.11/site-packages/airflow/example_dags/example_dag_decorator.py for tasks to queue
[2025-07-11T11:35:25.726+0200] {logging_mixin.py:188} INFO - [2025-07-11T11:35:25.726+0200] {dagbag.py:545} INFO - Filling up the DagBag from /home/florent/Programs/anaconda3/envs/airflow_etl/lib/python3.11/site-packages/airflow/example_dags/example_dag_decorator.py
[2025-07-11T11:35:25.768+0200] {processor.py:840} INFO - DAG(s) 'example_dag_decorator' retrieved from /home/florent/Programs/anaconda3/envs/airflow_etl/lib/python3.11/site-packages/airflow/example_dags/example_dag_decorator.py
[2025-07-11T11:35:25.810+0200] {logging_mixin.py:188} INFO - [2025-07-11T11:35:25.810+0200] {dag.py:3096} INFO - Sync 1 DAGs
[2025-07-11T11:35:25.815+0200] {logging_mixin.py:188} INFO - [2025-07-11T11:35:25.815+0200] {dag.py:3954} INFO - Setting next_dagrun for example_dag_decorator to None, run_after=None
[2025-07-11T11:35:25.826+0200] {processor.py:183} INFO - Processing /home/florent/Programs/anaconda3/envs/airflow_etl/lib/python3.11/site-packages/airflow/example_dags/example_dag_decorator.py took 0.109 seconds
[2025-07-11T11:36:25.930+0200] {processor.py:161} INFO - Started process (PID=65870) to work on /home/florent/Programs/anaconda3/envs/airflow_etl/lib/python3.11/site-packages/airflow/example_dags/example_dag_decorator.py
[2025-07-11T11:36:25.933+0200] {processor.py:830} INFO - Processing file /home/florent/Programs/anaconda3/envs/airflow_etl/lib/python3.11/site-packages/airflow/example_dags/example_dag_decorator.py for tasks to queue
[2025-07-11T11:36:25.934+0200] {logging_mixin.py:188} INFO - [2025-07-11T11:36:25.933+0200] {dagbag.py:545} INFO - Filling up the DagBag from /home/florent/Programs/anaconda3/envs/airflow_etl/lib/python3.11/site-packages/airflow/example_dags/example_dag_decorator.py
[2025-07-11T11:36:25.980+0200] {processor.py:840} INFO - DAG(s) 'example_dag_decorator' retrieved from /home/florent/Programs/anaconda3/envs/airflow_etl/lib/python3.11/site-packages/airflow/example_dags/example_dag_decorator.py
[2025-07-11T11:36:26.028+0200] {logging_mixin.py:188} INFO - [2025-07-11T11:36:26.028+0200] {dag.py:3096} INFO - Sync 1 DAGs
[2025-07-11T11:36:26.033+0200] {logging_mixin.py:188} INFO - [2025-07-11T11:36:26.033+0200] {dag.py:3954} INFO - Setting next_dagrun for example_dag_decorator to None, run_after=None
[2025-07-11T11:36:26.046+0200] {processor.py:183} INFO - Processing /home/florent/Programs/anaconda3/envs/airflow_etl/lib/python3.11/site-packages/airflow/example_dags/example_dag_decorator.py took 0.120 seconds
[2025-07-11T11:37:32.931+0200] {processor.py:161} INFO - Started process (PID=66594) to work on /home/florent/Programs/anaconda3/envs/airflow_etl/lib/python3.11/site-packages/airflow/example_dags/example_dag_decorator.py
[2025-07-11T11:37:32.934+0200] {processor.py:830} INFO - Processing file /home/florent/Programs/anaconda3/envs/airflow_etl/lib/python3.11/site-packages/airflow/example_dags/example_dag_decorator.py for tasks to queue
[2025-07-11T11:37:32.935+0200] {logging_mixin.py:188} INFO - [2025-07-11T11:37:32.935+0200] {dagbag.py:545} INFO - Filling up the DagBag from /home/florent/Programs/anaconda3/envs/airflow_etl/lib/python3.11/site-packages/airflow/example_dags/example_dag_decorator.py
[2025-07-11T11:37:32.984+0200] {processor.py:840} INFO - DAG(s) 'example_dag_decorator' retrieved from /home/florent/Programs/anaconda3/envs/airflow_etl/lib/python3.11/site-packages/airflow/example_dags/example_dag_decorator.py
[2025-07-11T11:37:33.034+0200] {logging_mixin.py:188} INFO - [2025-07-11T11:37:33.034+0200] {dag.py:3096} INFO - Sync 1 DAGs
[2025-07-11T11:37:33.039+0200] {logging_mixin.py:188} INFO - [2025-07-11T11:37:33.039+0200] {dag.py:3954} INFO - Setting next_dagrun for example_dag_decorator to None, run_after=None
[2025-07-11T11:37:33.051+0200] {processor.py:183} INFO - Processing /home/florent/Programs/anaconda3/envs/airflow_etl/lib/python3.11/site-packages/airflow/example_dags/example_dag_decorator.py took 0.126 seconds
[2025-07-11T11:38:38.125+0200] {processor.py:161} INFO - Started process (PID=67228) to work on /home/florent/Programs/anaconda3/envs/airflow_etl/lib/python3.11/site-packages/airflow/example_dags/example_dag_decorator.py
[2025-07-11T11:38:38.127+0200] {processor.py:830} INFO - Processing file /home/florent/Programs/anaconda3/envs/airflow_etl/lib/python3.11/site-packages/airflow/example_dags/example_dag_decorator.py for tasks to queue
[2025-07-11T11:38:38.129+0200] {logging_mixin.py:188} INFO - [2025-07-11T11:38:38.129+0200] {dagbag.py:545} INFO - Filling up the DagBag from /home/florent/Programs/anaconda3/envs/airflow_etl/lib/python3.11/site-packages/airflow/example_dags/example_dag_decorator.py
[2025-07-11T11:38:38.180+0200] {processor.py:840} INFO - DAG(s) 'example_dag_decorator' retrieved from /home/florent/Programs/anaconda3/envs/airflow_etl/lib/python3.11/site-packages/airflow/example_dags/example_dag_decorator.py
[2025-07-11T11:38:38.230+0200] {logging_mixin.py:188} INFO - [2025-07-11T11:38:38.230+0200] {dag.py:3096} INFO - Sync 1 DAGs
[2025-07-11T11:38:38.236+0200] {logging_mixin.py:188} INFO - [2025-07-11T11:38:38.236+0200] {dag.py:3954} INFO - Setting next_dagrun for example_dag_decorator to None, run_after=None
[2025-07-11T11:38:38.249+0200] {processor.py:183} INFO - Processing /home/florent/Programs/anaconda3/envs/airflow_etl/lib/python3.11/site-packages/airflow/example_dags/example_dag_decorator.py took 0.131 seconds
[2025-07-11T11:39:45.814+0200] {processor.py:161} INFO - Started process (PID=68008) to work on /home/florent/Programs/anaconda3/envs/airflow_etl/lib/python3.11/site-packages/airflow/example_dags/example_dag_decorator.py
[2025-07-11T11:39:45.817+0200] {processor.py:830} INFO - Processing file /home/florent/Programs/anaconda3/envs/airflow_etl/lib/python3.11/site-packages/airflow/example_dags/example_dag_decorator.py for tasks to queue
[2025-07-11T11:39:45.819+0200] {logging_mixin.py:188} INFO - [2025-07-11T11:39:45.818+0200] {dagbag.py:545} INFO - Filling up the DagBag from /home/florent/Programs/anaconda3/envs/airflow_etl/lib/python3.11/site-packages/airflow/example_dags/example_dag_decorator.py
[2025-07-11T11:39:45.864+0200] {processor.py:840} INFO - DAG(s) 'example_dag_decorator' retrieved from /home/florent/Programs/anaconda3/envs/airflow_etl/lib/python3.11/site-packages/airflow/example_dags/example_dag_decorator.py
[2025-07-11T11:39:45.908+0200] {logging_mixin.py:188} INFO - [2025-07-11T11:39:45.907+0200] {dag.py:3096} INFO - Sync 1 DAGs
[2025-07-11T11:39:45.912+0200] {logging_mixin.py:188} INFO - [2025-07-11T11:39:45.912+0200] {dag.py:3954} INFO - Setting next_dagrun for example_dag_decorator to None, run_after=None
[2025-07-11T11:39:45.923+0200] {processor.py:183} INFO - Processing /home/florent/Programs/anaconda3/envs/airflow_etl/lib/python3.11/site-packages/airflow/example_dags/example_dag_decorator.py took 0.114 seconds
[2025-07-11T11:40:52.339+0200] {processor.py:161} INFO - Started process (PID=68704) to work on /home/florent/Programs/anaconda3/envs/airflow_etl/lib/python3.11/site-packages/airflow/example_dags/example_dag_decorator.py
[2025-07-11T11:40:52.342+0200] {processor.py:830} INFO - Processing file /home/florent/Programs/anaconda3/envs/airflow_etl/lib/python3.11/site-packages/airflow/example_dags/example_dag_decorator.py for tasks to queue
[2025-07-11T11:40:52.344+0200] {logging_mixin.py:188} INFO - [2025-07-11T11:40:52.343+0200] {dagbag.py:545} INFO - Filling up the DagBag from /home/florent/Programs/anaconda3/envs/airflow_etl/lib/python3.11/site-packages/airflow/example_dags/example_dag_decorator.py
[2025-07-11T11:40:52.387+0200] {processor.py:840} INFO - DAG(s) 'example_dag_decorator' retrieved from /home/florent/Programs/anaconda3/envs/airflow_etl/lib/python3.11/site-packages/airflow/example_dags/example_dag_decorator.py
[2025-07-11T11:40:52.431+0200] {logging_mixin.py:188} INFO - [2025-07-11T11:40:52.431+0200] {dag.py:3096} INFO - Sync 1 DAGs
[2025-07-11T11:40:52.435+0200] {logging_mixin.py:188} INFO - [2025-07-11T11:40:52.435+0200] {dag.py:3954} INFO - Setting next_dagrun for example_dag_decorator to None, run_after=None
[2025-07-11T11:40:52.446+0200] {processor.py:183} INFO - Processing /home/florent/Programs/anaconda3/envs/airflow_etl/lib/python3.11/site-packages/airflow/example_dags/example_dag_decorator.py took 0.113 seconds
[2025-07-11T11:41:57.413+0200] {processor.py:161} INFO - Started process (PID=69440) to work on /home/florent/Programs/anaconda3/envs/airflow_etl/lib/python3.11/site-packages/airflow/example_dags/example_dag_decorator.py
[2025-07-11T11:41:57.415+0200] {processor.py:830} INFO - Processing file /home/florent/Programs/anaconda3/envs/airflow_etl/lib/python3.11/site-packages/airflow/example_dags/example_dag_decorator.py for tasks to queue
[2025-07-11T11:41:57.416+0200] {logging_mixin.py:188} INFO - [2025-07-11T11:41:57.415+0200] {dagbag.py:545} INFO - Filling up the DagBag from /home/florent/Programs/anaconda3/envs/airflow_etl/lib/python3.11/site-packages/airflow/example_dags/example_dag_decorator.py
[2025-07-11T11:41:57.457+0200] {processor.py:840} INFO - DAG(s) 'example_dag_decorator' retrieved from /home/florent/Programs/anaconda3/envs/airflow_etl/lib/python3.11/site-packages/airflow/example_dags/example_dag_decorator.py
[2025-07-11T11:41:57.501+0200] {logging_mixin.py:188} INFO - [2025-07-11T11:41:57.501+0200] {dag.py:3096} INFO - Sync 1 DAGs
[2025-07-11T11:41:57.507+0200] {logging_mixin.py:188} INFO - [2025-07-11T11:41:57.506+0200] {dag.py:3954} INFO - Setting next_dagrun for example_dag_decorator to None, run_after=None
[2025-07-11T11:41:57.518+0200] {processor.py:183} INFO - Processing /home/florent/Programs/anaconda3/envs/airflow_etl/lib/python3.11/site-packages/airflow/example_dags/example_dag_decorator.py took 0.110 seconds
[2025-07-11T11:43:00.958+0200] {processor.py:161} INFO - Started process (PID=70195) to work on /home/florent/Programs/anaconda3/envs/airflow_etl/lib/python3.11/site-packages/airflow/example_dags/example_dag_decorator.py
[2025-07-11T11:43:00.961+0200] {processor.py:830} INFO - Processing file /home/florent/Programs/anaconda3/envs/airflow_etl/lib/python3.11/site-packages/airflow/example_dags/example_dag_decorator.py for tasks to queue
[2025-07-11T11:43:00.963+0200] {logging_mixin.py:188} INFO - [2025-07-11T11:43:00.963+0200] {dagbag.py:545} INFO - Filling up the DagBag from /home/florent/Programs/anaconda3/envs/airflow_etl/lib/python3.11/site-packages/airflow/example_dags/example_dag_decorator.py
[2025-07-11T11:43:01.013+0200] {processor.py:840} INFO - DAG(s) 'example_dag_decorator' retrieved from /home/florent/Programs/anaconda3/envs/airflow_etl/lib/python3.11/site-packages/airflow/example_dags/example_dag_decorator.py
[2025-07-11T11:43:01.067+0200] {logging_mixin.py:188} INFO - [2025-07-11T11:43:01.067+0200] {dag.py:3096} INFO - Sync 1 DAGs
[2025-07-11T11:43:01.072+0200] {logging_mixin.py:188} INFO - [2025-07-11T11:43:01.072+0200] {dag.py:3954} INFO - Setting next_dagrun for example_dag_decorator to None, run_after=None
[2025-07-11T11:43:01.086+0200] {processor.py:183} INFO - Processing /home/florent/Programs/anaconda3/envs/airflow_etl/lib/python3.11/site-packages/airflow/example_dags/example_dag_decorator.py took 0.133 seconds
[2025-07-11T11:44:04.517+0200] {processor.py:161} INFO - Started process (PID=70950) to work on /home/florent/Programs/anaconda3/envs/airflow_etl/lib/python3.11/site-packages/airflow/example_dags/example_dag_decorator.py
[2025-07-11T11:44:04.520+0200] {processor.py:830} INFO - Processing file /home/florent/Programs/anaconda3/envs/airflow_etl/lib/python3.11/site-packages/airflow/example_dags/example_dag_decorator.py for tasks to queue
[2025-07-11T11:44:04.523+0200] {logging_mixin.py:188} INFO - [2025-07-11T11:44:04.522+0200] {dagbag.py:545} INFO - Filling up the DagBag from /home/florent/Programs/anaconda3/envs/airflow_etl/lib/python3.11/site-packages/airflow/example_dags/example_dag_decorator.py
[2025-07-11T11:44:04.633+0200] {processor.py:840} INFO - DAG(s) 'example_dag_decorator' retrieved from /home/florent/Programs/anaconda3/envs/airflow_etl/lib/python3.11/site-packages/airflow/example_dags/example_dag_decorator.py
[2025-07-11T11:44:04.777+0200] {logging_mixin.py:188} INFO - [2025-07-11T11:44:04.777+0200] {dag.py:3096} INFO - Sync 1 DAGs
[2025-07-11T11:44:04.791+0200] {logging_mixin.py:188} INFO - [2025-07-11T11:44:04.791+0200] {dag.py:3954} INFO - Setting next_dagrun for example_dag_decorator to None, run_after=None
[2025-07-11T11:44:04.828+0200] {processor.py:183} INFO - Processing /home/florent/Programs/anaconda3/envs/airflow_etl/lib/python3.11/site-packages/airflow/example_dags/example_dag_decorator.py took 0.318 seconds
[2025-07-11T11:45:15.438+0200] {processor.py:161} INFO - Started process (PID=71798) to work on /home/florent/Programs/anaconda3/envs/airflow_etl/lib/python3.11/site-packages/airflow/example_dags/example_dag_decorator.py
[2025-07-11T11:45:15.441+0200] {processor.py:830} INFO - Processing file /home/florent/Programs/anaconda3/envs/airflow_etl/lib/python3.11/site-packages/airflow/example_dags/example_dag_decorator.py for tasks to queue
[2025-07-11T11:45:15.444+0200] {logging_mixin.py:188} INFO - [2025-07-11T11:45:15.443+0200] {dagbag.py:545} INFO - Filling up the DagBag from /home/florent/Programs/anaconda3/envs/airflow_etl/lib/python3.11/site-packages/airflow/example_dags/example_dag_decorator.py
[2025-07-11T11:45:15.495+0200] {processor.py:840} INFO - DAG(s) 'example_dag_decorator' retrieved from /home/florent/Programs/anaconda3/envs/airflow_etl/lib/python3.11/site-packages/airflow/example_dags/example_dag_decorator.py
[2025-07-11T11:45:15.546+0200] {logging_mixin.py:188} INFO - [2025-07-11T11:45:15.546+0200] {dag.py:3096} INFO - Sync 1 DAGs
[2025-07-11T11:45:15.552+0200] {logging_mixin.py:188} INFO - [2025-07-11T11:45:15.552+0200] {dag.py:3954} INFO - Setting next_dagrun for example_dag_decorator to None, run_after=None
[2025-07-11T11:45:15.565+0200] {processor.py:183} INFO - Processing /home/florent/Programs/anaconda3/envs/airflow_etl/lib/python3.11/site-packages/airflow/example_dags/example_dag_decorator.py took 0.133 seconds
[2025-07-11T11:46:18.917+0200] {processor.py:161} INFO - Started process (PID=72542) to work on /home/florent/Programs/anaconda3/envs/airflow_etl/lib/python3.11/site-packages/airflow/example_dags/example_dag_decorator.py
[2025-07-11T11:46:18.919+0200] {processor.py:830} INFO - Processing file /home/florent/Programs/anaconda3/envs/airflow_etl/lib/python3.11/site-packages/airflow/example_dags/example_dag_decorator.py for tasks to queue
[2025-07-11T11:46:18.921+0200] {logging_mixin.py:188} INFO - [2025-07-11T11:46:18.921+0200] {dagbag.py:545} INFO - Filling up the DagBag from /home/florent/Programs/anaconda3/envs/airflow_etl/lib/python3.11/site-packages/airflow/example_dags/example_dag_decorator.py
[2025-07-11T11:46:18.964+0200] {processor.py:840} INFO - DAG(s) 'example_dag_decorator' retrieved from /home/florent/Programs/anaconda3/envs/airflow_etl/lib/python3.11/site-packages/airflow/example_dags/example_dag_decorator.py
[2025-07-11T11:46:19.007+0200] {logging_mixin.py:188} INFO - [2025-07-11T11:46:19.007+0200] {dag.py:3096} INFO - Sync 1 DAGs
[2025-07-11T11:46:19.012+0200] {logging_mixin.py:188} INFO - [2025-07-11T11:46:19.012+0200] {dag.py:3954} INFO - Setting next_dagrun for example_dag_decorator to None, run_after=None
[2025-07-11T11:46:19.023+0200] {processor.py:183} INFO - Processing /home/florent/Programs/anaconda3/envs/airflow_etl/lib/python3.11/site-packages/airflow/example_dags/example_dag_decorator.py took 0.112 seconds
[2025-07-11T11:47:20.643+0200] {processor.py:161} INFO - Started process (PID=73140) to work on /home/florent/Programs/anaconda3/envs/airflow_etl/lib/python3.11/site-packages/airflow/example_dags/example_dag_decorator.py
[2025-07-11T11:47:20.646+0200] {processor.py:830} INFO - Processing file /home/florent/Programs/anaconda3/envs/airflow_etl/lib/python3.11/site-packages/airflow/example_dags/example_dag_decorator.py for tasks to queue
[2025-07-11T11:47:20.648+0200] {logging_mixin.py:188} INFO - [2025-07-11T11:47:20.647+0200] {dagbag.py:545} INFO - Filling up the DagBag from /home/florent/Programs/anaconda3/envs/airflow_etl/lib/python3.11/site-packages/airflow/example_dags/example_dag_decorator.py
[2025-07-11T11:47:20.692+0200] {processor.py:840} INFO - DAG(s) 'example_dag_decorator' retrieved from /home/florent/Programs/anaconda3/envs/airflow_etl/lib/python3.11/site-packages/airflow/example_dags/example_dag_decorator.py
[2025-07-11T11:47:20.735+0200] {logging_mixin.py:188} INFO - [2025-07-11T11:47:20.735+0200] {dag.py:3096} INFO - Sync 1 DAGs
[2025-07-11T11:47:20.739+0200] {logging_mixin.py:188} INFO - [2025-07-11T11:47:20.739+0200] {dag.py:3954} INFO - Setting next_dagrun for example_dag_decorator to None, run_after=None
[2025-07-11T11:47:20.749+0200] {processor.py:183} INFO - Processing /home/florent/Programs/anaconda3/envs/airflow_etl/lib/python3.11/site-packages/airflow/example_dags/example_dag_decorator.py took 0.113 seconds
[2025-07-11T11:48:25.279+0200] {processor.py:161} INFO - Started process (PID=73839) to work on /home/florent/Programs/anaconda3/envs/airflow_etl/lib/python3.11/site-packages/airflow/example_dags/example_dag_decorator.py
[2025-07-11T11:48:25.282+0200] {processor.py:830} INFO - Processing file /home/florent/Programs/anaconda3/envs/airflow_etl/lib/python3.11/site-packages/airflow/example_dags/example_dag_decorator.py for tasks to queue
[2025-07-11T11:48:25.283+0200] {logging_mixin.py:188} INFO - [2025-07-11T11:48:25.283+0200] {dagbag.py:545} INFO - Filling up the DagBag from /home/florent/Programs/anaconda3/envs/airflow_etl/lib/python3.11/site-packages/airflow/example_dags/example_dag_decorator.py
[2025-07-11T11:48:25.327+0200] {processor.py:840} INFO - DAG(s) 'example_dag_decorator' retrieved from /home/florent/Programs/anaconda3/envs/airflow_etl/lib/python3.11/site-packages/airflow/example_dags/example_dag_decorator.py
[2025-07-11T11:48:25.371+0200] {logging_mixin.py:188} INFO - [2025-07-11T11:48:25.371+0200] {dag.py:3096} INFO - Sync 1 DAGs
[2025-07-11T11:48:25.375+0200] {logging_mixin.py:188} INFO - [2025-07-11T11:48:25.375+0200] {dag.py:3954} INFO - Setting next_dagrun for example_dag_decorator to None, run_after=None
[2025-07-11T11:48:25.386+0200] {processor.py:183} INFO - Processing /home/florent/Programs/anaconda3/envs/airflow_etl/lib/python3.11/site-packages/airflow/example_dags/example_dag_decorator.py took 0.113 seconds
[2025-07-11T11:49:28.547+0200] {processor.py:161} INFO - Started process (PID=74448) to work on /home/florent/Programs/anaconda3/envs/airflow_etl/lib/python3.11/site-packages/airflow/example_dags/example_dag_decorator.py
[2025-07-11T11:49:28.550+0200] {processor.py:830} INFO - Processing file /home/florent/Programs/anaconda3/envs/airflow_etl/lib/python3.11/site-packages/airflow/example_dags/example_dag_decorator.py for tasks to queue
[2025-07-11T11:49:28.552+0200] {logging_mixin.py:188} INFO - [2025-07-11T11:49:28.551+0200] {dagbag.py:545} INFO - Filling up the DagBag from /home/florent/Programs/anaconda3/envs/airflow_etl/lib/python3.11/site-packages/airflow/example_dags/example_dag_decorator.py
[2025-07-11T11:49:28.603+0200] {processor.py:840} INFO - DAG(s) 'example_dag_decorator' retrieved from /home/florent/Programs/anaconda3/envs/airflow_etl/lib/python3.11/site-packages/airflow/example_dags/example_dag_decorator.py
[2025-07-11T11:49:28.653+0200] {logging_mixin.py:188} INFO - [2025-07-11T11:49:28.653+0200] {dag.py:3096} INFO - Sync 1 DAGs
[2025-07-11T11:49:28.658+0200] {logging_mixin.py:188} INFO - [2025-07-11T11:49:28.658+0200] {dag.py:3954} INFO - Setting next_dagrun for example_dag_decorator to None, run_after=None
[2025-07-11T11:49:28.670+0200] {processor.py:183} INFO - Processing /home/florent/Programs/anaconda3/envs/airflow_etl/lib/python3.11/site-packages/airflow/example_dags/example_dag_decorator.py took 0.129 seconds
[2025-07-11T11:50:36.606+0200] {processor.py:161} INFO - Started process (PID=75162) to work on /home/florent/Programs/anaconda3/envs/airflow_etl/lib/python3.11/site-packages/airflow/example_dags/example_dag_decorator.py
[2025-07-11T11:50:36.609+0200] {processor.py:830} INFO - Processing file /home/florent/Programs/anaconda3/envs/airflow_etl/lib/python3.11/site-packages/airflow/example_dags/example_dag_decorator.py for tasks to queue
[2025-07-11T11:50:36.611+0200] {logging_mixin.py:188} INFO - [2025-07-11T11:50:36.610+0200] {dagbag.py:545} INFO - Filling up the DagBag from /home/florent/Programs/anaconda3/envs/airflow_etl/lib/python3.11/site-packages/airflow/example_dags/example_dag_decorator.py
[2025-07-11T11:50:36.661+0200] {processor.py:840} INFO - DAG(s) 'example_dag_decorator' retrieved from /home/florent/Programs/anaconda3/envs/airflow_etl/lib/python3.11/site-packages/airflow/example_dags/example_dag_decorator.py
[2025-07-11T11:50:36.712+0200] {logging_mixin.py:188} INFO - [2025-07-11T11:50:36.712+0200] {dag.py:3096} INFO - Sync 1 DAGs
[2025-07-11T11:50:36.717+0200] {logging_mixin.py:188} INFO - [2025-07-11T11:50:36.717+0200] {dag.py:3954} INFO - Setting next_dagrun for example_dag_decorator to None, run_after=None
[2025-07-11T11:50:36.731+0200] {processor.py:183} INFO - Processing /home/florent/Programs/anaconda3/envs/airflow_etl/lib/python3.11/site-packages/airflow/example_dags/example_dag_decorator.py took 0.129 seconds
[2025-07-11T11:51:43.180+0200] {processor.py:161} INFO - Started process (PID=75814) to work on /home/florent/Programs/anaconda3/envs/airflow_etl/lib/python3.11/site-packages/airflow/example_dags/example_dag_decorator.py
[2025-07-11T11:51:43.183+0200] {processor.py:830} INFO - Processing file /home/florent/Programs/anaconda3/envs/airflow_etl/lib/python3.11/site-packages/airflow/example_dags/example_dag_decorator.py for tasks to queue
[2025-07-11T11:51:43.185+0200] {logging_mixin.py:188} INFO - [2025-07-11T11:51:43.185+0200] {dagbag.py:545} INFO - Filling up the DagBag from /home/florent/Programs/anaconda3/envs/airflow_etl/lib/python3.11/site-packages/airflow/example_dags/example_dag_decorator.py
[2025-07-11T11:51:43.231+0200] {processor.py:840} INFO - DAG(s) 'example_dag_decorator' retrieved from /home/florent/Programs/anaconda3/envs/airflow_etl/lib/python3.11/site-packages/airflow/example_dags/example_dag_decorator.py
[2025-07-11T11:51:43.274+0200] {logging_mixin.py:188} INFO - [2025-07-11T11:51:43.274+0200] {dag.py:3096} INFO - Sync 1 DAGs
[2025-07-11T11:51:43.279+0200] {logging_mixin.py:188} INFO - [2025-07-11T11:51:43.278+0200] {dag.py:3954} INFO - Setting next_dagrun for example_dag_decorator to None, run_after=None
[2025-07-11T11:51:43.289+0200] {processor.py:183} INFO - Processing /home/florent/Programs/anaconda3/envs/airflow_etl/lib/python3.11/site-packages/airflow/example_dags/example_dag_decorator.py took 0.116 seconds
[2025-07-11T11:52:47.706+0200] {processor.py:161} INFO - Started process (PID=76472) to work on /home/florent/Programs/anaconda3/envs/airflow_etl/lib/python3.11/site-packages/airflow/example_dags/example_dag_decorator.py
[2025-07-11T11:52:47.709+0200] {processor.py:830} INFO - Processing file /home/florent/Programs/anaconda3/envs/airflow_etl/lib/python3.11/site-packages/airflow/example_dags/example_dag_decorator.py for tasks to queue
[2025-07-11T11:52:47.710+0200] {logging_mixin.py:188} INFO - [2025-07-11T11:52:47.710+0200] {dagbag.py:545} INFO - Filling up the DagBag from /home/florent/Programs/anaconda3/envs/airflow_etl/lib/python3.11/site-packages/airflow/example_dags/example_dag_decorator.py
[2025-07-11T11:52:47.767+0200] {processor.py:840} INFO - DAG(s) 'example_dag_decorator' retrieved from /home/florent/Programs/anaconda3/envs/airflow_etl/lib/python3.11/site-packages/airflow/example_dags/example_dag_decorator.py
[2025-07-11T11:52:47.818+0200] {logging_mixin.py:188} INFO - [2025-07-11T11:52:47.817+0200] {dag.py:3096} INFO - Sync 1 DAGs
[2025-07-11T11:52:47.823+0200] {logging_mixin.py:188} INFO - [2025-07-11T11:52:47.823+0200] {dag.py:3954} INFO - Setting next_dagrun for example_dag_decorator to None, run_after=None
[2025-07-11T11:52:47.835+0200] {processor.py:183} INFO - Processing /home/florent/Programs/anaconda3/envs/airflow_etl/lib/python3.11/site-packages/airflow/example_dags/example_dag_decorator.py took 0.136 seconds
[2025-07-11T11:53:51.380+0200] {processor.py:161} INFO - Started process (PID=77116) to work on /home/florent/Programs/anaconda3/envs/airflow_etl/lib/python3.11/site-packages/airflow/example_dags/example_dag_decorator.py
[2025-07-11T11:53:51.383+0200] {processor.py:830} INFO - Processing file /home/florent/Programs/anaconda3/envs/airflow_etl/lib/python3.11/site-packages/airflow/example_dags/example_dag_decorator.py for tasks to queue
[2025-07-11T11:53:51.385+0200] {logging_mixin.py:188} INFO - [2025-07-11T11:53:51.385+0200] {dagbag.py:545} INFO - Filling up the DagBag from /home/florent/Programs/anaconda3/envs/airflow_etl/lib/python3.11/site-packages/airflow/example_dags/example_dag_decorator.py
[2025-07-11T11:53:51.435+0200] {processor.py:840} INFO - DAG(s) 'example_dag_decorator' retrieved from /home/florent/Programs/anaconda3/envs/airflow_etl/lib/python3.11/site-packages/airflow/example_dags/example_dag_decorator.py
[2025-07-11T11:53:51.486+0200] {logging_mixin.py:188} INFO - [2025-07-11T11:53:51.485+0200] {dag.py:3096} INFO - Sync 1 DAGs
[2025-07-11T11:53:51.490+0200] {logging_mixin.py:188} INFO - [2025-07-11T11:53:51.490+0200] {dag.py:3954} INFO - Setting next_dagrun for example_dag_decorator to None, run_after=None
[2025-07-11T11:53:51.501+0200] {processor.py:183} INFO - Processing /home/florent/Programs/anaconda3/envs/airflow_etl/lib/python3.11/site-packages/airflow/example_dags/example_dag_decorator.py took 0.127 seconds
[2025-07-11T11:55:01.659+0200] {processor.py:161} INFO - Started process (PID=77807) to work on /home/florent/Programs/anaconda3/envs/airflow_etl/lib/python3.11/site-packages/airflow/example_dags/example_dag_decorator.py
[2025-07-11T11:55:01.661+0200] {processor.py:830} INFO - Processing file /home/florent/Programs/anaconda3/envs/airflow_etl/lib/python3.11/site-packages/airflow/example_dags/example_dag_decorator.py for tasks to queue
[2025-07-11T11:55:01.663+0200] {logging_mixin.py:188} INFO - [2025-07-11T11:55:01.663+0200] {dagbag.py:545} INFO - Filling up the DagBag from /home/florent/Programs/anaconda3/envs/airflow_etl/lib/python3.11/site-packages/airflow/example_dags/example_dag_decorator.py
[2025-07-11T11:55:01.713+0200] {processor.py:840} INFO - DAG(s) 'example_dag_decorator' retrieved from /home/florent/Programs/anaconda3/envs/airflow_etl/lib/python3.11/site-packages/airflow/example_dags/example_dag_decorator.py
[2025-07-11T11:55:01.765+0200] {logging_mixin.py:188} INFO - [2025-07-11T11:55:01.765+0200] {dag.py:3096} INFO - Sync 1 DAGs
[2025-07-11T11:55:01.771+0200] {logging_mixin.py:188} INFO - [2025-07-11T11:55:01.771+0200] {dag.py:3954} INFO - Setting next_dagrun for example_dag_decorator to None, run_after=None
[2025-07-11T11:55:01.784+0200] {processor.py:183} INFO - Processing /home/florent/Programs/anaconda3/envs/airflow_etl/lib/python3.11/site-packages/airflow/example_dags/example_dag_decorator.py took 0.130 seconds
[2025-07-11T11:56:03.406+0200] {processor.py:161} INFO - Started process (PID=78490) to work on /home/florent/Programs/anaconda3/envs/airflow_etl/lib/python3.11/site-packages/airflow/example_dags/example_dag_decorator.py
[2025-07-11T11:56:03.409+0200] {processor.py:830} INFO - Processing file /home/florent/Programs/anaconda3/envs/airflow_etl/lib/python3.11/site-packages/airflow/example_dags/example_dag_decorator.py for tasks to queue
[2025-07-11T11:56:03.411+0200] {logging_mixin.py:188} INFO - [2025-07-11T11:56:03.411+0200] {dagbag.py:545} INFO - Filling up the DagBag from /home/florent/Programs/anaconda3/envs/airflow_etl/lib/python3.11/site-packages/airflow/example_dags/example_dag_decorator.py
[2025-07-11T11:56:03.462+0200] {processor.py:840} INFO - DAG(s) 'example_dag_decorator' retrieved from /home/florent/Programs/anaconda3/envs/airflow_etl/lib/python3.11/site-packages/airflow/example_dags/example_dag_decorator.py
[2025-07-11T11:56:03.515+0200] {logging_mixin.py:188} INFO - [2025-07-11T11:56:03.515+0200] {dag.py:3096} INFO - Sync 1 DAGs
[2025-07-11T11:56:03.521+0200] {logging_mixin.py:188} INFO - [2025-07-11T11:56:03.520+0200] {dag.py:3954} INFO - Setting next_dagrun for example_dag_decorator to None, run_after=None
[2025-07-11T11:56:03.534+0200] {processor.py:183} INFO - Processing /home/florent/Programs/anaconda3/envs/airflow_etl/lib/python3.11/site-packages/airflow/example_dags/example_dag_decorator.py took 0.133 seconds
[2025-07-11T11:57:06.914+0200] {processor.py:161} INFO - Started process (PID=79134) to work on /home/florent/Programs/anaconda3/envs/airflow_etl/lib/python3.11/site-packages/airflow/example_dags/example_dag_decorator.py
[2025-07-11T11:57:06.917+0200] {processor.py:830} INFO - Processing file /home/florent/Programs/anaconda3/envs/airflow_etl/lib/python3.11/site-packages/airflow/example_dags/example_dag_decorator.py for tasks to queue
[2025-07-11T11:57:06.919+0200] {logging_mixin.py:188} INFO - [2025-07-11T11:57:06.918+0200] {dagbag.py:545} INFO - Filling up the DagBag from /home/florent/Programs/anaconda3/envs/airflow_etl/lib/python3.11/site-packages/airflow/example_dags/example_dag_decorator.py
[2025-07-11T11:57:06.971+0200] {processor.py:840} INFO - DAG(s) 'example_dag_decorator' retrieved from /home/florent/Programs/anaconda3/envs/airflow_etl/lib/python3.11/site-packages/airflow/example_dags/example_dag_decorator.py
[2025-07-11T11:57:07.022+0200] {logging_mixin.py:188} INFO - [2025-07-11T11:57:07.021+0200] {dag.py:3096} INFO - Sync 1 DAGs
[2025-07-11T11:57:07.026+0200] {logging_mixin.py:188} INFO - [2025-07-11T11:57:07.026+0200] {dag.py:3954} INFO - Setting next_dagrun for example_dag_decorator to None, run_after=None
[2025-07-11T11:57:07.037+0200] {processor.py:183} INFO - Processing /home/florent/Programs/anaconda3/envs/airflow_etl/lib/python3.11/site-packages/airflow/example_dags/example_dag_decorator.py took 0.128 seconds
[2025-07-11T11:58:11.981+0200] {processor.py:161} INFO - Started process (PID=79767) to work on /home/florent/Programs/anaconda3/envs/airflow_etl/lib/python3.11/site-packages/airflow/example_dags/example_dag_decorator.py
[2025-07-11T11:58:11.983+0200] {processor.py:830} INFO - Processing file /home/florent/Programs/anaconda3/envs/airflow_etl/lib/python3.11/site-packages/airflow/example_dags/example_dag_decorator.py for tasks to queue
[2025-07-11T11:58:11.985+0200] {logging_mixin.py:188} INFO - [2025-07-11T11:58:11.984+0200] {dagbag.py:545} INFO - Filling up the DagBag from /home/florent/Programs/anaconda3/envs/airflow_etl/lib/python3.11/site-packages/airflow/example_dags/example_dag_decorator.py
[2025-07-11T11:58:12.031+0200] {processor.py:840} INFO - DAG(s) 'example_dag_decorator' retrieved from /home/florent/Programs/anaconda3/envs/airflow_etl/lib/python3.11/site-packages/airflow/example_dags/example_dag_decorator.py
[2025-07-11T11:58:12.083+0200] {logging_mixin.py:188} INFO - [2025-07-11T11:58:12.082+0200] {dag.py:3096} INFO - Sync 1 DAGs
[2025-07-11T11:58:12.088+0200] {logging_mixin.py:188} INFO - [2025-07-11T11:58:12.088+0200] {dag.py:3954} INFO - Setting next_dagrun for example_dag_decorator to None, run_after=None
[2025-07-11T11:58:12.101+0200] {processor.py:183} INFO - Processing /home/florent/Programs/anaconda3/envs/airflow_etl/lib/python3.11/site-packages/airflow/example_dags/example_dag_decorator.py took 0.125 seconds
[2025-07-11T11:59:16.770+0200] {processor.py:161} INFO - Started process (PID=80436) to work on /home/florent/Programs/anaconda3/envs/airflow_etl/lib/python3.11/site-packages/airflow/example_dags/example_dag_decorator.py
[2025-07-11T11:59:16.773+0200] {processor.py:830} INFO - Processing file /home/florent/Programs/anaconda3/envs/airflow_etl/lib/python3.11/site-packages/airflow/example_dags/example_dag_decorator.py for tasks to queue
[2025-07-11T11:59:16.776+0200] {logging_mixin.py:188} INFO - [2025-07-11T11:59:16.775+0200] {dagbag.py:545} INFO - Filling up the DagBag from /home/florent/Programs/anaconda3/envs/airflow_etl/lib/python3.11/site-packages/airflow/example_dags/example_dag_decorator.py
[2025-07-11T11:59:16.829+0200] {processor.py:840} INFO - DAG(s) 'example_dag_decorator' retrieved from /home/florent/Programs/anaconda3/envs/airflow_etl/lib/python3.11/site-packages/airflow/example_dags/example_dag_decorator.py
[2025-07-11T11:59:16.879+0200] {logging_mixin.py:188} INFO - [2025-07-11T11:59:16.879+0200] {dag.py:3096} INFO - Sync 1 DAGs
[2025-07-11T11:59:16.884+0200] {logging_mixin.py:188} INFO - [2025-07-11T11:59:16.884+0200] {dag.py:3954} INFO - Setting next_dagrun for example_dag_decorator to None, run_after=None
[2025-07-11T11:59:16.897+0200] {processor.py:183} INFO - Processing /home/florent/Programs/anaconda3/envs/airflow_etl/lib/python3.11/site-packages/airflow/example_dags/example_dag_decorator.py took 0.133 seconds
[2025-07-11T12:00:27.167+0200] {processor.py:161} INFO - Started process (PID=81116) to work on /home/florent/Programs/anaconda3/envs/airflow_etl/lib/python3.11/site-packages/airflow/example_dags/example_dag_decorator.py
[2025-07-11T12:00:27.170+0200] {processor.py:830} INFO - Processing file /home/florent/Programs/anaconda3/envs/airflow_etl/lib/python3.11/site-packages/airflow/example_dags/example_dag_decorator.py for tasks to queue
[2025-07-11T12:00:27.172+0200] {logging_mixin.py:188} INFO - [2025-07-11T12:00:27.171+0200] {dagbag.py:545} INFO - Filling up the DagBag from /home/florent/Programs/anaconda3/envs/airflow_etl/lib/python3.11/site-packages/airflow/example_dags/example_dag_decorator.py
[2025-07-11T12:00:27.223+0200] {processor.py:840} INFO - DAG(s) 'example_dag_decorator' retrieved from /home/florent/Programs/anaconda3/envs/airflow_etl/lib/python3.11/site-packages/airflow/example_dags/example_dag_decorator.py
[2025-07-11T12:00:27.272+0200] {logging_mixin.py:188} INFO - [2025-07-11T12:00:27.272+0200] {dag.py:3096} INFO - Sync 1 DAGs
[2025-07-11T12:00:27.277+0200] {logging_mixin.py:188} INFO - [2025-07-11T12:00:27.277+0200] {dag.py:3954} INFO - Setting next_dagrun for example_dag_decorator to None, run_after=None
[2025-07-11T12:00:27.288+0200] {processor.py:183} INFO - Processing /home/florent/Programs/anaconda3/envs/airflow_etl/lib/python3.11/site-packages/airflow/example_dags/example_dag_decorator.py took 0.127 seconds
[2025-07-11T12:01:35.863+0200] {processor.py:161} INFO - Started process (PID=81848) to work on /home/florent/Programs/anaconda3/envs/airflow_etl/lib/python3.11/site-packages/airflow/example_dags/example_dag_decorator.py
[2025-07-11T12:01:35.866+0200] {processor.py:830} INFO - Processing file /home/florent/Programs/anaconda3/envs/airflow_etl/lib/python3.11/site-packages/airflow/example_dags/example_dag_decorator.py for tasks to queue
[2025-07-11T12:01:35.868+0200] {logging_mixin.py:188} INFO - [2025-07-11T12:01:35.867+0200] {dagbag.py:545} INFO - Filling up the DagBag from /home/florent/Programs/anaconda3/envs/airflow_etl/lib/python3.11/site-packages/airflow/example_dags/example_dag_decorator.py
[2025-07-11T12:01:35.917+0200] {processor.py:840} INFO - DAG(s) 'example_dag_decorator' retrieved from /home/florent/Programs/anaconda3/envs/airflow_etl/lib/python3.11/site-packages/airflow/example_dags/example_dag_decorator.py
[2025-07-11T12:01:35.967+0200] {logging_mixin.py:188} INFO - [2025-07-11T12:01:35.967+0200] {dag.py:3096} INFO - Sync 1 DAGs
[2025-07-11T12:01:35.973+0200] {logging_mixin.py:188} INFO - [2025-07-11T12:01:35.973+0200] {dag.py:3954} INFO - Setting next_dagrun for example_dag_decorator to None, run_after=None
[2025-07-11T12:01:35.986+0200] {processor.py:183} INFO - Processing /home/florent/Programs/anaconda3/envs/airflow_etl/lib/python3.11/site-packages/airflow/example_dags/example_dag_decorator.py took 0.129 seconds
[2025-07-11T12:02:34.779+0200] {processor.py:161} INFO - Started process (PID=82413) to work on /home/florent/Programs/anaconda3/envs/airflow_etl/lib/python3.11/site-packages/airflow/example_dags/example_dag_decorator.py
[2025-07-11T12:02:34.779+0200] {processor.py:830} INFO - Processing file /home/florent/Programs/anaconda3/envs/airflow_etl/lib/python3.11/site-packages/airflow/example_dags/example_dag_decorator.py for tasks to queue
[2025-07-11T12:02:34.780+0200] {logging_mixin.py:188} INFO - [2025-07-11T12:02:34.780+0200] {dagbag.py:545} INFO - Filling up the DagBag from /home/florent/Programs/anaconda3/envs/airflow_etl/lib/python3.11/site-packages/airflow/example_dags/example_dag_decorator.py
[2025-07-11T12:02:34.825+0200] {processor.py:840} INFO - DAG(s) 'example_dag_decorator' retrieved from /home/florent/Programs/anaconda3/envs/airflow_etl/lib/python3.11/site-packages/airflow/example_dags/example_dag_decorator.py
[2025-07-11T12:02:34.877+0200] {logging_mixin.py:188} INFO - [2025-07-11T12:02:34.876+0200] {dag.py:3096} INFO - Sync 1 DAGs
[2025-07-11T12:02:34.882+0200] {logging_mixin.py:188} INFO - [2025-07-11T12:02:34.882+0200] {dag.py:3954} INFO - Setting next_dagrun for example_dag_decorator to None, run_after=None
[2025-07-11T12:02:34.896+0200] {processor.py:183} INFO - Processing /home/florent/Programs/anaconda3/envs/airflow_etl/lib/python3.11/site-packages/airflow/example_dags/example_dag_decorator.py took 0.123 seconds
[2025-07-11T12:03:44.186+0200] {processor.py:161} INFO - Started process (PID=83127) to work on /home/florent/Programs/anaconda3/envs/airflow_etl/lib/python3.11/site-packages/airflow/example_dags/example_dag_decorator.py
[2025-07-11T12:03:44.189+0200] {processor.py:830} INFO - Processing file /home/florent/Programs/anaconda3/envs/airflow_etl/lib/python3.11/site-packages/airflow/example_dags/example_dag_decorator.py for tasks to queue
[2025-07-11T12:03:44.191+0200] {logging_mixin.py:188} INFO - [2025-07-11T12:03:44.190+0200] {dagbag.py:545} INFO - Filling up the DagBag from /home/florent/Programs/anaconda3/envs/airflow_etl/lib/python3.11/site-packages/airflow/example_dags/example_dag_decorator.py
[2025-07-11T12:03:44.241+0200] {processor.py:840} INFO - DAG(s) 'example_dag_decorator' retrieved from /home/florent/Programs/anaconda3/envs/airflow_etl/lib/python3.11/site-packages/airflow/example_dags/example_dag_decorator.py
[2025-07-11T12:03:44.250+0200] {logging_mixin.py:188} INFO - [2025-07-11T12:03:44.250+0200] {dag.py:3096} INFO - Sync 1 DAGs
[2025-07-11T12:03:44.256+0200] {logging_mixin.py:188} INFO - [2025-07-11T12:03:44.256+0200] {dag.py:3954} INFO - Setting next_dagrun for example_dag_decorator to None, run_after=None
[2025-07-11T12:03:44.267+0200] {processor.py:183} INFO - Processing /home/florent/Programs/anaconda3/envs/airflow_etl/lib/python3.11/site-packages/airflow/example_dags/example_dag_decorator.py took 0.086 seconds
[2025-07-11T12:04:48.235+0200] {processor.py:161} INFO - Started process (PID=83743) to work on /home/florent/Programs/anaconda3/envs/airflow_etl/lib/python3.11/site-packages/airflow/example_dags/example_dag_decorator.py
[2025-07-11T12:04:48.237+0200] {processor.py:830} INFO - Processing file /home/florent/Programs/anaconda3/envs/airflow_etl/lib/python3.11/site-packages/airflow/example_dags/example_dag_decorator.py for tasks to queue
[2025-07-11T12:04:48.238+0200] {logging_mixin.py:188} INFO - [2025-07-11T12:04:48.238+0200] {dagbag.py:545} INFO - Filling up the DagBag from /home/florent/Programs/anaconda3/envs/airflow_etl/lib/python3.11/site-packages/airflow/example_dags/example_dag_decorator.py
[2025-07-11T12:04:48.289+0200] {processor.py:840} INFO - DAG(s) 'example_dag_decorator' retrieved from /home/florent/Programs/anaconda3/envs/airflow_etl/lib/python3.11/site-packages/airflow/example_dags/example_dag_decorator.py
[2025-07-11T12:04:48.340+0200] {logging_mixin.py:188} INFO - [2025-07-11T12:04:48.340+0200] {dag.py:3096} INFO - Sync 1 DAGs
[2025-07-11T12:04:48.345+0200] {logging_mixin.py:188} INFO - [2025-07-11T12:04:48.345+0200] {dag.py:3954} INFO - Setting next_dagrun for example_dag_decorator to None, run_after=None
[2025-07-11T12:04:48.359+0200] {processor.py:183} INFO - Processing /home/florent/Programs/anaconda3/envs/airflow_etl/lib/python3.11/site-packages/airflow/example_dags/example_dag_decorator.py took 0.129 seconds
