[2025-07-11T11:03:51.203+0200] {processor.py:161} INFO - Started process (PID=42454) to work on /home/florent/Programs/anaconda3/envs/airflow_etl/lib/python3.11/site-packages/airflow/example_dags/example_short_circuit_decorator.py
[2025-07-11T11:03:51.204+0200] {processor.py:830} INFO - Processing file /home/florent/Programs/anaconda3/envs/airflow_etl/lib/python3.11/site-packages/airflow/example_dags/example_short_circuit_decorator.py for tasks to queue
[2025-07-11T11:03:51.205+0200] {logging_mixin.py:188} INFO - [2025-07-11T11:03:51.204+0200] {dagbag.py:545} INFO - Filling up the DagBag from /home/florent/Programs/anaconda3/envs/airflow_etl/lib/python3.11/site-packages/airflow/example_dags/example_short_circuit_decorator.py
[2025-07-11T11:03:51.212+0200] {processor.py:840} INFO - DAG(s) 'example_short_circuit_decorator' retrieved from /home/florent/Programs/anaconda3/envs/airflow_etl/lib/python3.11/site-packages/airflow/example_dags/example_short_circuit_decorator.py
[2025-07-11T11:03:51.264+0200] {logging_mixin.py:188} INFO - [2025-07-11T11:03:51.264+0200] {dag.py:3096} INFO - Sync 1 DAGs
[2025-07-11T11:03:51.271+0200] {logging_mixin.py:188} INFO - [2025-07-11T11:03:51.270+0200] {dag.py:3954} INFO - Setting next_dagrun for example_short_circuit_decorator to 2025-07-10 00:00:00+00:00, run_after=2025-07-11 00:00:00+00:00
[2025-07-11T11:03:51.282+0200] {processor.py:183} INFO - Processing /home/florent/Programs/anaconda3/envs/airflow_etl/lib/python3.11/site-packages/airflow/example_dags/example_short_circuit_decorator.py took 0.084 seconds
[2025-07-11T11:04:42.687+0200] {processor.py:161} INFO - Started process (PID=42980) to work on /home/florent/Programs/anaconda3/envs/airflow_etl/lib/python3.11/site-packages/airflow/example_dags/example_short_circuit_decorator.py
[2025-07-11T11:04:42.690+0200] {processor.py:830} INFO - Processing file /home/florent/Programs/anaconda3/envs/airflow_etl/lib/python3.11/site-packages/airflow/example_dags/example_short_circuit_decorator.py for tasks to queue
[2025-07-11T11:04:42.691+0200] {logging_mixin.py:188} INFO - [2025-07-11T11:04:42.690+0200] {dagbag.py:545} INFO - Filling up the DagBag from /home/florent/Programs/anaconda3/envs/airflow_etl/lib/python3.11/site-packages/airflow/example_dags/example_short_circuit_decorator.py
[2025-07-11T11:04:42.696+0200] {processor.py:840} INFO - DAG(s) 'example_short_circuit_decorator' retrieved from /home/florent/Programs/anaconda3/envs/airflow_etl/lib/python3.11/site-packages/airflow/example_dags/example_short_circuit_decorator.py
[2025-07-11T11:04:42.709+0200] {logging_mixin.py:188} INFO - [2025-07-11T11:04:42.709+0200] {dag.py:3096} INFO - Sync 1 DAGs
[2025-07-11T11:04:42.719+0200] {logging_mixin.py:188} INFO - [2025-07-11T11:04:42.719+0200] {dag.py:3954} INFO - Setting next_dagrun for example_short_circuit_decorator to 2025-07-10 00:00:00+00:00, run_after=2025-07-11 00:00:00+00:00
[2025-07-11T11:04:42.731+0200] {processor.py:183} INFO - Processing /home/florent/Programs/anaconda3/envs/airflow_etl/lib/python3.11/site-packages/airflow/example_dags/example_short_circuit_decorator.py took 0.047 seconds
[2025-07-11T11:05:49.413+0200] {processor.py:161} INFO - Started process (PID=43806) to work on /home/florent/Programs/anaconda3/envs/airflow_etl/lib/python3.11/site-packages/airflow/example_dags/example_short_circuit_decorator.py
[2025-07-11T11:05:49.416+0200] {processor.py:830} INFO - Processing file /home/florent/Programs/anaconda3/envs/airflow_etl/lib/python3.11/site-packages/airflow/example_dags/example_short_circuit_decorator.py for tasks to queue
[2025-07-11T11:05:49.417+0200] {logging_mixin.py:188} INFO - [2025-07-11T11:05:49.417+0200] {dagbag.py:545} INFO - Filling up the DagBag from /home/florent/Programs/anaconda3/envs/airflow_etl/lib/python3.11/site-packages/airflow/example_dags/example_short_circuit_decorator.py
[2025-07-11T11:05:49.426+0200] {processor.py:840} INFO - DAG(s) 'example_short_circuit_decorator' retrieved from /home/florent/Programs/anaconda3/envs/airflow_etl/lib/python3.11/site-packages/airflow/example_dags/example_short_circuit_decorator.py
[2025-07-11T11:05:49.438+0200] {logging_mixin.py:188} INFO - [2025-07-11T11:05:49.438+0200] {dag.py:3096} INFO - Sync 1 DAGs
[2025-07-11T11:05:49.449+0200] {logging_mixin.py:188} INFO - [2025-07-11T11:05:49.449+0200] {dag.py:3954} INFO - Setting next_dagrun for example_short_circuit_decorator to 2025-07-10 00:00:00+00:00, run_after=2025-07-11 00:00:00+00:00
[2025-07-11T11:05:49.465+0200] {processor.py:183} INFO - Processing /home/florent/Programs/anaconda3/envs/airflow_etl/lib/python3.11/site-packages/airflow/example_dags/example_short_circuit_decorator.py took 0.060 seconds
[2025-07-11T11:06:48.938+0200] {processor.py:161} INFO - Started process (PID=44550) to work on /home/florent/Programs/anaconda3/envs/airflow_etl/lib/python3.11/site-packages/airflow/example_dags/example_short_circuit_decorator.py
[2025-07-11T11:06:48.940+0200] {processor.py:830} INFO - Processing file /home/florent/Programs/anaconda3/envs/airflow_etl/lib/python3.11/site-packages/airflow/example_dags/example_short_circuit_decorator.py for tasks to queue
[2025-07-11T11:06:48.941+0200] {logging_mixin.py:188} INFO - [2025-07-11T11:06:48.941+0200] {dagbag.py:545} INFO - Filling up the DagBag from /home/florent/Programs/anaconda3/envs/airflow_etl/lib/python3.11/site-packages/airflow/example_dags/example_short_circuit_decorator.py
[2025-07-11T11:06:48.950+0200] {processor.py:840} INFO - DAG(s) 'example_short_circuit_decorator' retrieved from /home/florent/Programs/anaconda3/envs/airflow_etl/lib/python3.11/site-packages/airflow/example_dags/example_short_circuit_decorator.py
[2025-07-11T11:06:48.965+0200] {logging_mixin.py:188} INFO - [2025-07-11T11:06:48.965+0200] {dag.py:3096} INFO - Sync 1 DAGs
[2025-07-11T11:06:49.044+0200] {logging_mixin.py:188} INFO - [2025-07-11T11:06:49.044+0200] {dag.py:3954} INFO - Setting next_dagrun for example_short_circuit_decorator to 2025-07-10 00:00:00+00:00, run_after=2025-07-11 00:00:00+00:00
[2025-07-11T11:06:49.054+0200] {processor.py:183} INFO - Processing /home/florent/Programs/anaconda3/envs/airflow_etl/lib/python3.11/site-packages/airflow/example_dags/example_short_circuit_decorator.py took 0.121 seconds
[2025-07-11T11:08:01.174+0200] {processor.py:161} INFO - Started process (PID=45797) to work on /home/florent/Programs/anaconda3/envs/airflow_etl/lib/python3.11/site-packages/airflow/example_dags/example_short_circuit_decorator.py
[2025-07-11T11:08:01.177+0200] {processor.py:830} INFO - Processing file /home/florent/Programs/anaconda3/envs/airflow_etl/lib/python3.11/site-packages/airflow/example_dags/example_short_circuit_decorator.py for tasks to queue
[2025-07-11T11:08:01.177+0200] {logging_mixin.py:188} INFO - [2025-07-11T11:08:01.177+0200] {dagbag.py:545} INFO - Filling up the DagBag from /home/florent/Programs/anaconda3/envs/airflow_etl/lib/python3.11/site-packages/airflow/example_dags/example_short_circuit_decorator.py
[2025-07-11T11:08:01.183+0200] {processor.py:840} INFO - DAG(s) 'example_short_circuit_decorator' retrieved from /home/florent/Programs/anaconda3/envs/airflow_etl/lib/python3.11/site-packages/airflow/example_dags/example_short_circuit_decorator.py
[2025-07-11T11:08:01.197+0200] {logging_mixin.py:188} INFO - [2025-07-11T11:08:01.196+0200] {dag.py:3096} INFO - Sync 1 DAGs
[2025-07-11T11:08:01.211+0200] {logging_mixin.py:188} INFO - [2025-07-11T11:08:01.210+0200] {dag.py:3954} INFO - Setting next_dagrun for example_short_circuit_decorator to 2025-07-10 00:00:00+00:00, run_after=2025-07-11 00:00:00+00:00
[2025-07-11T11:08:01.224+0200] {processor.py:183} INFO - Processing /home/florent/Programs/anaconda3/envs/airflow_etl/lib/python3.11/site-packages/airflow/example_dags/example_short_circuit_decorator.py took 0.054 seconds
[2025-07-11T11:09:02.340+0200] {processor.py:161} INFO - Started process (PID=46476) to work on /home/florent/Programs/anaconda3/envs/airflow_etl/lib/python3.11/site-packages/airflow/example_dags/example_short_circuit_decorator.py
[2025-07-11T11:09:02.344+0200] {processor.py:830} INFO - Processing file /home/florent/Programs/anaconda3/envs/airflow_etl/lib/python3.11/site-packages/airflow/example_dags/example_short_circuit_decorator.py for tasks to queue
[2025-07-11T11:09:02.345+0200] {logging_mixin.py:188} INFO - [2025-07-11T11:09:02.344+0200] {dagbag.py:545} INFO - Filling up the DagBag from /home/florent/Programs/anaconda3/envs/airflow_etl/lib/python3.11/site-packages/airflow/example_dags/example_short_circuit_decorator.py
[2025-07-11T11:09:02.354+0200] {processor.py:840} INFO - DAG(s) 'example_short_circuit_decorator' retrieved from /home/florent/Programs/anaconda3/envs/airflow_etl/lib/python3.11/site-packages/airflow/example_dags/example_short_circuit_decorator.py
[2025-07-11T11:09:02.367+0200] {logging_mixin.py:188} INFO - [2025-07-11T11:09:02.367+0200] {dag.py:3096} INFO - Sync 1 DAGs
[2025-07-11T11:09:02.375+0200] {logging_mixin.py:188} INFO - [2025-07-11T11:09:02.375+0200] {dag.py:3954} INFO - Setting next_dagrun for example_short_circuit_decorator to 2025-07-10 00:00:00+00:00, run_after=2025-07-11 00:00:00+00:00
[2025-07-11T11:09:02.385+0200] {processor.py:183} INFO - Processing /home/florent/Programs/anaconda3/envs/airflow_etl/lib/python3.11/site-packages/airflow/example_dags/example_short_circuit_decorator.py took 0.050 seconds
[2025-07-11T11:10:02.907+0200] {processor.py:161} INFO - Started process (PID=47282) to work on /home/florent/Programs/anaconda3/envs/airflow_etl/lib/python3.11/site-packages/airflow/example_dags/example_short_circuit_decorator.py
[2025-07-11T11:10:02.907+0200] {processor.py:830} INFO - Processing file /home/florent/Programs/anaconda3/envs/airflow_etl/lib/python3.11/site-packages/airflow/example_dags/example_short_circuit_decorator.py for tasks to queue
[2025-07-11T11:10:02.908+0200] {logging_mixin.py:188} INFO - [2025-07-11T11:10:02.908+0200] {dagbag.py:545} INFO - Filling up the DagBag from /home/florent/Programs/anaconda3/envs/airflow_etl/lib/python3.11/site-packages/airflow/example_dags/example_short_circuit_decorator.py
[2025-07-11T11:10:02.913+0200] {processor.py:840} INFO - DAG(s) 'example_short_circuit_decorator' retrieved from /home/florent/Programs/anaconda3/envs/airflow_etl/lib/python3.11/site-packages/airflow/example_dags/example_short_circuit_decorator.py
[2025-07-11T11:10:02.926+0200] {logging_mixin.py:188} INFO - [2025-07-11T11:10:02.926+0200] {dag.py:3096} INFO - Sync 1 DAGs
[2025-07-11T11:10:02.936+0200] {logging_mixin.py:188} INFO - [2025-07-11T11:10:02.936+0200] {dag.py:3954} INFO - Setting next_dagrun for example_short_circuit_decorator to 2025-07-10 00:00:00+00:00, run_after=2025-07-11 00:00:00+00:00
[2025-07-11T11:10:02.947+0200] {processor.py:183} INFO - Processing /home/florent/Programs/anaconda3/envs/airflow_etl/lib/python3.11/site-packages/airflow/example_dags/example_short_circuit_decorator.py took 0.046 seconds
[2025-07-11T11:11:09.427+0200] {processor.py:161} INFO - Started process (PID=48155) to work on /home/florent/Programs/anaconda3/envs/airflow_etl/lib/python3.11/site-packages/airflow/example_dags/example_short_circuit_decorator.py
[2025-07-11T11:11:09.430+0200] {processor.py:830} INFO - Processing file /home/florent/Programs/anaconda3/envs/airflow_etl/lib/python3.11/site-packages/airflow/example_dags/example_short_circuit_decorator.py for tasks to queue
[2025-07-11T11:11:09.431+0200] {logging_mixin.py:188} INFO - [2025-07-11T11:11:09.430+0200] {dagbag.py:545} INFO - Filling up the DagBag from /home/florent/Programs/anaconda3/envs/airflow_etl/lib/python3.11/site-packages/airflow/example_dags/example_short_circuit_decorator.py
[2025-07-11T11:11:09.440+0200] {processor.py:840} INFO - DAG(s) 'example_short_circuit_decorator' retrieved from /home/florent/Programs/anaconda3/envs/airflow_etl/lib/python3.11/site-packages/airflow/example_dags/example_short_circuit_decorator.py
[2025-07-11T11:11:09.452+0200] {logging_mixin.py:188} INFO - [2025-07-11T11:11:09.452+0200] {dag.py:3096} INFO - Sync 1 DAGs
[2025-07-11T11:11:09.462+0200] {logging_mixin.py:188} INFO - [2025-07-11T11:11:09.462+0200] {dag.py:3954} INFO - Setting next_dagrun for example_short_circuit_decorator to 2025-07-10 00:00:00+00:00, run_after=2025-07-11 00:00:00+00:00
[2025-07-11T11:11:09.473+0200] {processor.py:183} INFO - Processing /home/florent/Programs/anaconda3/envs/airflow_etl/lib/python3.11/site-packages/airflow/example_dags/example_short_circuit_decorator.py took 0.053 seconds
[2025-07-11T11:12:19.330+0200] {processor.py:161} INFO - Started process (PID=49883) to work on /home/florent/Programs/anaconda3/envs/airflow_etl/lib/python3.11/site-packages/airflow/example_dags/example_short_circuit_decorator.py
[2025-07-11T11:12:19.333+0200] {processor.py:830} INFO - Processing file /home/florent/Programs/anaconda3/envs/airflow_etl/lib/python3.11/site-packages/airflow/example_dags/example_short_circuit_decorator.py for tasks to queue
[2025-07-11T11:12:19.333+0200] {logging_mixin.py:188} INFO - [2025-07-11T11:12:19.333+0200] {dagbag.py:545} INFO - Filling up the DagBag from /home/florent/Programs/anaconda3/envs/airflow_etl/lib/python3.11/site-packages/airflow/example_dags/example_short_circuit_decorator.py
[2025-07-11T11:12:19.342+0200] {processor.py:840} INFO - DAG(s) 'example_short_circuit_decorator' retrieved from /home/florent/Programs/anaconda3/envs/airflow_etl/lib/python3.11/site-packages/airflow/example_dags/example_short_circuit_decorator.py
[2025-07-11T11:12:19.355+0200] {logging_mixin.py:188} INFO - [2025-07-11T11:12:19.354+0200] {dag.py:3096} INFO - Sync 1 DAGs
[2025-07-11T11:12:19.363+0200] {logging_mixin.py:188} INFO - [2025-07-11T11:12:19.363+0200] {dag.py:3954} INFO - Setting next_dagrun for example_short_circuit_decorator to 2025-07-10 00:00:00+00:00, run_after=2025-07-11 00:00:00+00:00
[2025-07-11T11:12:19.372+0200] {processor.py:183} INFO - Processing /home/florent/Programs/anaconda3/envs/airflow_etl/lib/python3.11/site-packages/airflow/example_dags/example_short_circuit_decorator.py took 0.048 seconds
[2025-07-11T11:13:26.212+0200] {processor.py:161} INFO - Started process (PID=50768) to work on /home/florent/Programs/anaconda3/envs/airflow_etl/lib/python3.11/site-packages/airflow/example_dags/example_short_circuit_decorator.py
[2025-07-11T11:13:26.215+0200] {processor.py:830} INFO - Processing file /home/florent/Programs/anaconda3/envs/airflow_etl/lib/python3.11/site-packages/airflow/example_dags/example_short_circuit_decorator.py for tasks to queue
[2025-07-11T11:13:26.216+0200] {logging_mixin.py:188} INFO - [2025-07-11T11:13:26.216+0200] {dagbag.py:545} INFO - Filling up the DagBag from /home/florent/Programs/anaconda3/envs/airflow_etl/lib/python3.11/site-packages/airflow/example_dags/example_short_circuit_decorator.py
[2025-07-11T11:13:26.225+0200] {processor.py:840} INFO - DAG(s) 'example_short_circuit_decorator' retrieved from /home/florent/Programs/anaconda3/envs/airflow_etl/lib/python3.11/site-packages/airflow/example_dags/example_short_circuit_decorator.py
[2025-07-11T11:13:26.238+0200] {logging_mixin.py:188} INFO - [2025-07-11T11:13:26.238+0200] {dag.py:3096} INFO - Sync 1 DAGs
[2025-07-11T11:13:26.246+0200] {logging_mixin.py:188} INFO - [2025-07-11T11:13:26.246+0200] {dag.py:3954} INFO - Setting next_dagrun for example_short_circuit_decorator to 2025-07-10 00:00:00+00:00, run_after=2025-07-11 00:00:00+00:00
[2025-07-11T11:13:26.257+0200] {processor.py:183} INFO - Processing /home/florent/Programs/anaconda3/envs/airflow_etl/lib/python3.11/site-packages/airflow/example_dags/example_short_circuit_decorator.py took 0.050 seconds
[2025-07-11T11:13:32.070+0200] {processor.py:161} INFO - Started process (PID=50887) to work on /home/florent/Programs/anaconda3/envs/airflow_etl/lib/python3.11/site-packages/airflow/example_dags/example_short_circuit_decorator.py
[2025-07-11T11:13:32.072+0200] {processor.py:830} INFO - Processing file /home/florent/Programs/anaconda3/envs/airflow_etl/lib/python3.11/site-packages/airflow/example_dags/example_short_circuit_decorator.py for tasks to queue
[2025-07-11T11:13:32.074+0200] {logging_mixin.py:188} INFO - [2025-07-11T11:13:32.073+0200] {dagbag.py:545} INFO - Filling up the DagBag from /home/florent/Programs/anaconda3/envs/airflow_etl/lib/python3.11/site-packages/airflow/example_dags/example_short_circuit_decorator.py
[2025-07-11T11:13:32.079+0200] {processor.py:840} INFO - DAG(s) 'example_short_circuit_decorator' retrieved from /home/florent/Programs/anaconda3/envs/airflow_etl/lib/python3.11/site-packages/airflow/example_dags/example_short_circuit_decorator.py
[2025-07-11T11:13:32.092+0200] {logging_mixin.py:188} INFO - [2025-07-11T11:13:32.092+0200] {dag.py:3096} INFO - Sync 1 DAGs
[2025-07-11T11:13:32.109+0200] {logging_mixin.py:188} INFO - [2025-07-11T11:13:32.109+0200] {dag.py:3954} INFO - Setting next_dagrun for example_short_circuit_decorator to 2025-07-10 00:00:00+00:00, run_after=2025-07-11 00:00:00+00:00
[2025-07-11T11:13:32.142+0200] {processor.py:183} INFO - Processing /home/florent/Programs/anaconda3/envs/airflow_etl/lib/python3.11/site-packages/airflow/example_dags/example_short_circuit_decorator.py took 0.078 seconds
[2025-07-11T11:14:23.435+0200] {processor.py:161} INFO - Started process (PID=51520) to work on /home/florent/Programs/anaconda3/envs/airflow_etl/lib/python3.11/site-packages/airflow/example_dags/example_short_circuit_decorator.py
[2025-07-11T11:14:23.438+0200] {processor.py:830} INFO - Processing file /home/florent/Programs/anaconda3/envs/airflow_etl/lib/python3.11/site-packages/airflow/example_dags/example_short_circuit_decorator.py for tasks to queue
[2025-07-11T11:14:23.439+0200] {logging_mixin.py:188} INFO - [2025-07-11T11:14:23.439+0200] {dagbag.py:545} INFO - Filling up the DagBag from /home/florent/Programs/anaconda3/envs/airflow_etl/lib/python3.11/site-packages/airflow/example_dags/example_short_circuit_decorator.py
[2025-07-11T11:14:23.448+0200] {processor.py:840} INFO - DAG(s) 'example_short_circuit_decorator' retrieved from /home/florent/Programs/anaconda3/envs/airflow_etl/lib/python3.11/site-packages/airflow/example_dags/example_short_circuit_decorator.py
[2025-07-11T11:14:23.457+0200] {logging_mixin.py:188} INFO - [2025-07-11T11:14:23.457+0200] {dag.py:3096} INFO - Sync 1 DAGs
[2025-07-11T11:14:23.466+0200] {logging_mixin.py:188} INFO - [2025-07-11T11:14:23.466+0200] {dag.py:3954} INFO - Setting next_dagrun for example_short_circuit_decorator to 2025-07-10 00:00:00+00:00, run_after=2025-07-11 00:00:00+00:00
[2025-07-11T11:14:23.477+0200] {processor.py:183} INFO - Processing /home/florent/Programs/anaconda3/envs/airflow_etl/lib/python3.11/site-packages/airflow/example_dags/example_short_circuit_decorator.py took 0.047 seconds
[2025-07-11T11:14:30.791+0200] {processor.py:161} INFO - Started process (PID=51617) to work on /home/florent/Programs/anaconda3/envs/airflow_etl/lib/python3.11/site-packages/airflow/example_dags/example_short_circuit_decorator.py
[2025-07-11T11:14:30.793+0200] {processor.py:830} INFO - Processing file /home/florent/Programs/anaconda3/envs/airflow_etl/lib/python3.11/site-packages/airflow/example_dags/example_short_circuit_decorator.py for tasks to queue
[2025-07-11T11:14:30.794+0200] {logging_mixin.py:188} INFO - [2025-07-11T11:14:30.793+0200] {dagbag.py:545} INFO - Filling up the DagBag from /home/florent/Programs/anaconda3/envs/airflow_etl/lib/python3.11/site-packages/airflow/example_dags/example_short_circuit_decorator.py
[2025-07-11T11:14:30.803+0200] {processor.py:840} INFO - DAG(s) 'example_short_circuit_decorator' retrieved from /home/florent/Programs/anaconda3/envs/airflow_etl/lib/python3.11/site-packages/airflow/example_dags/example_short_circuit_decorator.py
[2025-07-11T11:14:30.817+0200] {logging_mixin.py:188} INFO - [2025-07-11T11:14:30.817+0200] {dag.py:3096} INFO - Sync 1 DAGs
[2025-07-11T11:14:30.824+0200] {logging_mixin.py:188} INFO - [2025-07-11T11:14:30.824+0200] {dag.py:3954} INFO - Setting next_dagrun for example_short_circuit_decorator to 2025-07-10 00:00:00+00:00, run_after=2025-07-11 00:00:00+00:00
[2025-07-11T11:14:30.834+0200] {processor.py:183} INFO - Processing /home/florent/Programs/anaconda3/envs/airflow_etl/lib/python3.11/site-packages/airflow/example_dags/example_short_circuit_decorator.py took 0.049 seconds
[2025-07-11T11:15:30.205+0200] {processor.py:161} INFO - Started process (PID=52367) to work on /home/florent/Programs/anaconda3/envs/airflow_etl/lib/python3.11/site-packages/airflow/example_dags/example_short_circuit_decorator.py
[2025-07-11T11:15:30.207+0200] {processor.py:830} INFO - Processing file /home/florent/Programs/anaconda3/envs/airflow_etl/lib/python3.11/site-packages/airflow/example_dags/example_short_circuit_decorator.py for tasks to queue
[2025-07-11T11:15:30.206+0200] {processor.py:161} INFO - Started process (PID=52366) to work on /home/florent/Programs/anaconda3/envs/airflow_etl/lib/python3.11/site-packages/airflow/example_dags/example_short_circuit_decorator.py
[2025-07-11T11:15:30.207+0200] {logging_mixin.py:188} INFO - [2025-07-11T11:15:30.207+0200] {dagbag.py:545} INFO - Filling up the DagBag from /home/florent/Programs/anaconda3/envs/airflow_etl/lib/python3.11/site-packages/airflow/example_dags/example_short_circuit_decorator.py
[2025-07-11T11:15:30.207+0200] {processor.py:830} INFO - Processing file /home/florent/Programs/anaconda3/envs/airflow_etl/lib/python3.11/site-packages/airflow/example_dags/example_short_circuit_decorator.py for tasks to queue
[2025-07-11T11:15:30.208+0200] {logging_mixin.py:188} INFO - [2025-07-11T11:15:30.208+0200] {dagbag.py:545} INFO - Filling up the DagBag from /home/florent/Programs/anaconda3/envs/airflow_etl/lib/python3.11/site-packages/airflow/example_dags/example_short_circuit_decorator.py
[2025-07-11T11:15:30.212+0200] {processor.py:840} INFO - DAG(s) 'example_short_circuit_decorator' retrieved from /home/florent/Programs/anaconda3/envs/airflow_etl/lib/python3.11/site-packages/airflow/example_dags/example_short_circuit_decorator.py
[2025-07-11T11:15:30.215+0200] {processor.py:840} INFO - DAG(s) 'example_short_circuit_decorator' retrieved from /home/florent/Programs/anaconda3/envs/airflow_etl/lib/python3.11/site-packages/airflow/example_dags/example_short_circuit_decorator.py
[2025-07-11T11:15:30.221+0200] {logging_mixin.py:188} INFO - [2025-07-11T11:15:30.221+0200] {dag.py:3096} INFO - Sync 1 DAGs
[2025-07-11T11:15:30.225+0200] {logging_mixin.py:188} INFO - [2025-07-11T11:15:30.225+0200] {dag.py:3096} INFO - Sync 1 DAGs
[2025-07-11T11:15:30.229+0200] {logging_mixin.py:188} INFO - [2025-07-11T11:15:30.229+0200] {dag.py:3954} INFO - Setting next_dagrun for example_short_circuit_decorator to 2025-07-10 00:00:00+00:00, run_after=2025-07-11 00:00:00+00:00
[2025-07-11T11:15:30.235+0200] {logging_mixin.py:188} INFO - [2025-07-11T11:15:30.235+0200] {dag.py:3954} INFO - Setting next_dagrun for example_short_circuit_decorator to 2025-07-10 00:00:00+00:00, run_after=2025-07-11 00:00:00+00:00
[2025-07-11T11:15:30.239+0200] {processor.py:183} INFO - Processing /home/florent/Programs/anaconda3/envs/airflow_etl/lib/python3.11/site-packages/airflow/example_dags/example_short_circuit_decorator.py took 0.037 seconds
[2025-07-11T11:15:30.246+0200] {processor.py:183} INFO - Processing /home/florent/Programs/anaconda3/envs/airflow_etl/lib/python3.11/site-packages/airflow/example_dags/example_short_circuit_decorator.py took 0.044 seconds
[2025-07-11T11:16:30.932+0200] {processor.py:161} INFO - Started process (PID=53088) to work on /home/florent/Programs/anaconda3/envs/airflow_etl/lib/python3.11/site-packages/airflow/example_dags/example_short_circuit_decorator.py
[2025-07-11T11:16:30.934+0200] {processor.py:830} INFO - Processing file /home/florent/Programs/anaconda3/envs/airflow_etl/lib/python3.11/site-packages/airflow/example_dags/example_short_circuit_decorator.py for tasks to queue
[2025-07-11T11:16:30.935+0200] {logging_mixin.py:188} INFO - [2025-07-11T11:16:30.935+0200] {dagbag.py:545} INFO - Filling up the DagBag from /home/florent/Programs/anaconda3/envs/airflow_etl/lib/python3.11/site-packages/airflow/example_dags/example_short_circuit_decorator.py
[2025-07-11T11:16:30.942+0200] {processor.py:840} INFO - DAG(s) 'example_short_circuit_decorator' retrieved from /home/florent/Programs/anaconda3/envs/airflow_etl/lib/python3.11/site-packages/airflow/example_dags/example_short_circuit_decorator.py
[2025-07-11T11:16:30.957+0200] {logging_mixin.py:188} INFO - [2025-07-11T11:16:30.957+0200] {dag.py:3096} INFO - Sync 1 DAGs
[2025-07-11T11:16:30.968+0200] {logging_mixin.py:188} INFO - [2025-07-11T11:16:30.968+0200] {dag.py:3954} INFO - Setting next_dagrun for example_short_circuit_decorator to 2025-07-10 00:00:00+00:00, run_after=2025-07-11 00:00:00+00:00
[2025-07-11T11:16:30.981+0200] {processor.py:183} INFO - Processing /home/florent/Programs/anaconda3/envs/airflow_etl/lib/python3.11/site-packages/airflow/example_dags/example_short_circuit_decorator.py took 0.054 seconds
[2025-07-11T11:16:31.920+0200] {processor.py:161} INFO - Started process (PID=53098) to work on /home/florent/Programs/anaconda3/envs/airflow_etl/lib/python3.11/site-packages/airflow/example_dags/example_short_circuit_decorator.py
[2025-07-11T11:16:31.921+0200] {processor.py:830} INFO - Processing file /home/florent/Programs/anaconda3/envs/airflow_etl/lib/python3.11/site-packages/airflow/example_dags/example_short_circuit_decorator.py for tasks to queue
[2025-07-11T11:16:31.922+0200] {logging_mixin.py:188} INFO - [2025-07-11T11:16:31.922+0200] {dagbag.py:545} INFO - Filling up the DagBag from /home/florent/Programs/anaconda3/envs/airflow_etl/lib/python3.11/site-packages/airflow/example_dags/example_short_circuit_decorator.py
[2025-07-11T11:16:31.931+0200] {processor.py:840} INFO - DAG(s) 'example_short_circuit_decorator' retrieved from /home/florent/Programs/anaconda3/envs/airflow_etl/lib/python3.11/site-packages/airflow/example_dags/example_short_circuit_decorator.py
[2025-07-11T11:16:31.945+0200] {logging_mixin.py:188} INFO - [2025-07-11T11:16:31.945+0200] {dag.py:3096} INFO - Sync 1 DAGs
[2025-07-11T11:16:31.958+0200] {logging_mixin.py:188} INFO - [2025-07-11T11:16:31.958+0200] {dag.py:3954} INFO - Setting next_dagrun for example_short_circuit_decorator to 2025-07-10 00:00:00+00:00, run_after=2025-07-11 00:00:00+00:00
[2025-07-11T11:16:31.972+0200] {processor.py:183} INFO - Processing /home/florent/Programs/anaconda3/envs/airflow_etl/lib/python3.11/site-packages/airflow/example_dags/example_short_circuit_decorator.py took 0.057 seconds
[2025-07-11T11:18:23.969+0200] {processor.py:161} INFO - Started process (PID=54296) to work on /home/florent/Programs/anaconda3/envs/airflow_etl/lib/python3.11/site-packages/airflow/example_dags/example_short_circuit_decorator.py
[2025-07-11T11:18:23.971+0200] {processor.py:830} INFO - Processing file /home/florent/Programs/anaconda3/envs/airflow_etl/lib/python3.11/site-packages/airflow/example_dags/example_short_circuit_decorator.py for tasks to queue
[2025-07-11T11:18:23.972+0200] {logging_mixin.py:188} INFO - [2025-07-11T11:18:23.972+0200] {dagbag.py:545} INFO - Filling up the DagBag from /home/florent/Programs/anaconda3/envs/airflow_etl/lib/python3.11/site-packages/airflow/example_dags/example_short_circuit_decorator.py
[2025-07-11T11:18:23.979+0200] {processor.py:840} INFO - DAG(s) 'example_short_circuit_decorator' retrieved from /home/florent/Programs/anaconda3/envs/airflow_etl/lib/python3.11/site-packages/airflow/example_dags/example_short_circuit_decorator.py
[2025-07-11T11:18:23.991+0200] {logging_mixin.py:188} INFO - [2025-07-11T11:18:23.991+0200] {dag.py:3096} INFO - Sync 1 DAGs
[2025-07-11T11:18:24.002+0200] {logging_mixin.py:188} INFO - [2025-07-11T11:18:24.002+0200] {dag.py:3954} INFO - Setting next_dagrun for example_short_circuit_decorator to 2025-07-10 00:00:00+00:00, run_after=2025-07-11 00:00:00+00:00
[2025-07-11T11:18:24.015+0200] {processor.py:183} INFO - Processing /home/florent/Programs/anaconda3/envs/airflow_etl/lib/python3.11/site-packages/airflow/example_dags/example_short_circuit_decorator.py took 0.051 seconds
[2025-07-11T11:19:13.546+0200] {processor.py:161} INFO - Started process (PID=54867) to work on /home/florent/Programs/anaconda3/envs/airflow_etl/lib/python3.11/site-packages/airflow/example_dags/example_short_circuit_decorator.py
[2025-07-11T11:19:13.547+0200] {processor.py:830} INFO - Processing file /home/florent/Programs/anaconda3/envs/airflow_etl/lib/python3.11/site-packages/airflow/example_dags/example_short_circuit_decorator.py for tasks to queue
[2025-07-11T11:19:13.547+0200] {logging_mixin.py:188} INFO - [2025-07-11T11:19:13.547+0200] {dagbag.py:545} INFO - Filling up the DagBag from /home/florent/Programs/anaconda3/envs/airflow_etl/lib/python3.11/site-packages/airflow/example_dags/example_short_circuit_decorator.py
[2025-07-11T11:19:13.553+0200] {processor.py:840} INFO - DAG(s) 'example_short_circuit_decorator' retrieved from /home/florent/Programs/anaconda3/envs/airflow_etl/lib/python3.11/site-packages/airflow/example_dags/example_short_circuit_decorator.py
[2025-07-11T11:19:13.566+0200] {logging_mixin.py:188} INFO - [2025-07-11T11:19:13.566+0200] {dag.py:3096} INFO - Sync 1 DAGs
[2025-07-11T11:19:13.578+0200] {logging_mixin.py:188} INFO - [2025-07-11T11:19:13.578+0200] {dag.py:3954} INFO - Setting next_dagrun for example_short_circuit_decorator to 2025-07-10 00:00:00+00:00, run_after=2025-07-11 00:00:00+00:00
[2025-07-11T11:19:13.589+0200] {processor.py:183} INFO - Processing /home/florent/Programs/anaconda3/envs/airflow_etl/lib/python3.11/site-packages/airflow/example_dags/example_short_circuit_decorator.py took 0.046 seconds
[2025-07-11T11:20:19.192+0200] {processor.py:161} INFO - Started process (PID=55540) to work on /home/florent/Programs/anaconda3/envs/airflow_etl/lib/python3.11/site-packages/airflow/example_dags/example_short_circuit_decorator.py
[2025-07-11T11:20:19.194+0200] {processor.py:830} INFO - Processing file /home/florent/Programs/anaconda3/envs/airflow_etl/lib/python3.11/site-packages/airflow/example_dags/example_short_circuit_decorator.py for tasks to queue
[2025-07-11T11:20:19.195+0200] {logging_mixin.py:188} INFO - [2025-07-11T11:20:19.195+0200] {dagbag.py:545} INFO - Filling up the DagBag from /home/florent/Programs/anaconda3/envs/airflow_etl/lib/python3.11/site-packages/airflow/example_dags/example_short_circuit_decorator.py
[2025-07-11T11:20:19.200+0200] {processor.py:840} INFO - DAG(s) 'example_short_circuit_decorator' retrieved from /home/florent/Programs/anaconda3/envs/airflow_etl/lib/python3.11/site-packages/airflow/example_dags/example_short_circuit_decorator.py
[2025-07-11T11:20:19.209+0200] {logging_mixin.py:188} INFO - [2025-07-11T11:20:19.209+0200] {dag.py:3096} INFO - Sync 1 DAGs
[2025-07-11T11:20:19.218+0200] {logging_mixin.py:188} INFO - [2025-07-11T11:20:19.218+0200] {dag.py:3954} INFO - Setting next_dagrun for example_short_circuit_decorator to 2025-07-10 00:00:00+00:00, run_after=2025-07-11 00:00:00+00:00
[2025-07-11T11:20:19.228+0200] {processor.py:183} INFO - Processing /home/florent/Programs/anaconda3/envs/airflow_etl/lib/python3.11/site-packages/airflow/example_dags/example_short_circuit_decorator.py took 0.040 seconds
[2025-07-11T11:21:24.510+0200] {processor.py:161} INFO - Started process (PID=56266) to work on /home/florent/Programs/anaconda3/envs/airflow_etl/lib/python3.11/site-packages/airflow/example_dags/example_short_circuit_decorator.py
[2025-07-11T11:21:24.512+0200] {processor.py:830} INFO - Processing file /home/florent/Programs/anaconda3/envs/airflow_etl/lib/python3.11/site-packages/airflow/example_dags/example_short_circuit_decorator.py for tasks to queue
[2025-07-11T11:21:24.514+0200] {logging_mixin.py:188} INFO - [2025-07-11T11:21:24.514+0200] {dagbag.py:545} INFO - Filling up the DagBag from /home/florent/Programs/anaconda3/envs/airflow_etl/lib/python3.11/site-packages/airflow/example_dags/example_short_circuit_decorator.py
[2025-07-11T11:21:24.525+0200] {processor.py:840} INFO - DAG(s) 'example_short_circuit_decorator' retrieved from /home/florent/Programs/anaconda3/envs/airflow_etl/lib/python3.11/site-packages/airflow/example_dags/example_short_circuit_decorator.py
[2025-07-11T11:21:24.543+0200] {logging_mixin.py:188} INFO - [2025-07-11T11:21:24.543+0200] {dag.py:3096} INFO - Sync 1 DAGs
[2025-07-11T11:21:24.555+0200] {logging_mixin.py:188} INFO - [2025-07-11T11:21:24.554+0200] {dag.py:3954} INFO - Setting next_dagrun for example_short_circuit_decorator to 2025-07-10 00:00:00+00:00, run_after=2025-07-11 00:00:00+00:00
[2025-07-11T11:21:24.567+0200] {processor.py:183} INFO - Processing /home/florent/Programs/anaconda3/envs/airflow_etl/lib/python3.11/site-packages/airflow/example_dags/example_short_circuit_decorator.py took 0.063 seconds
[2025-07-11T11:22:30.867+0200] {processor.py:161} INFO - Started process (PID=56920) to work on /home/florent/Programs/anaconda3/envs/airflow_etl/lib/python3.11/site-packages/airflow/example_dags/example_short_circuit_decorator.py
[2025-07-11T11:22:30.870+0200] {processor.py:830} INFO - Processing file /home/florent/Programs/anaconda3/envs/airflow_etl/lib/python3.11/site-packages/airflow/example_dags/example_short_circuit_decorator.py for tasks to queue
[2025-07-11T11:22:30.872+0200] {logging_mixin.py:188} INFO - [2025-07-11T11:22:30.871+0200] {dagbag.py:545} INFO - Filling up the DagBag from /home/florent/Programs/anaconda3/envs/airflow_etl/lib/python3.11/site-packages/airflow/example_dags/example_short_circuit_decorator.py
[2025-07-11T11:22:30.881+0200] {processor.py:840} INFO - DAG(s) 'example_short_circuit_decorator' retrieved from /home/florent/Programs/anaconda3/envs/airflow_etl/lib/python3.11/site-packages/airflow/example_dags/example_short_circuit_decorator.py
[2025-07-11T11:22:30.894+0200] {logging_mixin.py:188} INFO - [2025-07-11T11:22:30.894+0200] {dag.py:3096} INFO - Sync 1 DAGs
[2025-07-11T11:22:30.903+0200] {logging_mixin.py:188} INFO - [2025-07-11T11:22:30.903+0200] {dag.py:3954} INFO - Setting next_dagrun for example_short_circuit_decorator to 2025-07-10 00:00:00+00:00, run_after=2025-07-11 00:00:00+00:00
[2025-07-11T11:22:30.971+0200] {processor.py:183} INFO - Processing /home/florent/Programs/anaconda3/envs/airflow_etl/lib/python3.11/site-packages/airflow/example_dags/example_short_circuit_decorator.py took 0.109 seconds
[2025-07-11T11:23:39.799+0200] {processor.py:161} INFO - Started process (PID=57607) to work on /home/florent/Programs/anaconda3/envs/airflow_etl/lib/python3.11/site-packages/airflow/example_dags/example_short_circuit_decorator.py
[2025-07-11T11:23:39.802+0200] {processor.py:830} INFO - Processing file /home/florent/Programs/anaconda3/envs/airflow_etl/lib/python3.11/site-packages/airflow/example_dags/example_short_circuit_decorator.py for tasks to queue
[2025-07-11T11:23:39.804+0200] {logging_mixin.py:188} INFO - [2025-07-11T11:23:39.804+0200] {dagbag.py:545} INFO - Filling up the DagBag from /home/florent/Programs/anaconda3/envs/airflow_etl/lib/python3.11/site-packages/airflow/example_dags/example_short_circuit_decorator.py
[2025-07-11T11:23:39.814+0200] {processor.py:840} INFO - DAG(s) 'example_short_circuit_decorator' retrieved from /home/florent/Programs/anaconda3/envs/airflow_etl/lib/python3.11/site-packages/airflow/example_dags/example_short_circuit_decorator.py
[2025-07-11T11:23:39.823+0200] {logging_mixin.py:188} INFO - [2025-07-11T11:23:39.823+0200] {dag.py:3096} INFO - Sync 1 DAGs
[2025-07-11T11:23:39.832+0200] {logging_mixin.py:188} INFO - [2025-07-11T11:23:39.832+0200] {dag.py:3954} INFO - Setting next_dagrun for example_short_circuit_decorator to 2025-07-10 00:00:00+00:00, run_after=2025-07-11 00:00:00+00:00
[2025-07-11T11:23:39.844+0200] {processor.py:183} INFO - Processing /home/florent/Programs/anaconda3/envs/airflow_etl/lib/python3.11/site-packages/airflow/example_dags/example_short_circuit_decorator.py took 0.050 seconds
[2025-07-11T11:24:50.614+0200] {processor.py:161} INFO - Started process (PID=58352) to work on /home/florent/Programs/anaconda3/envs/airflow_etl/lib/python3.11/site-packages/airflow/example_dags/example_short_circuit_decorator.py
[2025-07-11T11:24:50.617+0200] {processor.py:830} INFO - Processing file /home/florent/Programs/anaconda3/envs/airflow_etl/lib/python3.11/site-packages/airflow/example_dags/example_short_circuit_decorator.py for tasks to queue
[2025-07-11T11:24:50.618+0200] {logging_mixin.py:188} INFO - [2025-07-11T11:24:50.618+0200] {dagbag.py:545} INFO - Filling up the DagBag from /home/florent/Programs/anaconda3/envs/airflow_etl/lib/python3.11/site-packages/airflow/example_dags/example_short_circuit_decorator.py
[2025-07-11T11:24:50.623+0200] {processor.py:840} INFO - DAG(s) 'example_short_circuit_decorator' retrieved from /home/florent/Programs/anaconda3/envs/airflow_etl/lib/python3.11/site-packages/airflow/example_dags/example_short_circuit_decorator.py
[2025-07-11T11:24:50.634+0200] {logging_mixin.py:188} INFO - [2025-07-11T11:24:50.634+0200] {dag.py:3096} INFO - Sync 1 DAGs
[2025-07-11T11:24:50.645+0200] {logging_mixin.py:188} INFO - [2025-07-11T11:24:50.645+0200] {dag.py:3954} INFO - Setting next_dagrun for example_short_circuit_decorator to 2025-07-10 00:00:00+00:00, run_after=2025-07-11 00:00:00+00:00
[2025-07-11T11:24:50.657+0200] {processor.py:183} INFO - Processing /home/florent/Programs/anaconda3/envs/airflow_etl/lib/python3.11/site-packages/airflow/example_dags/example_short_circuit_decorator.py took 0.046 seconds
[2025-07-11T11:25:57.162+0200] {processor.py:161} INFO - Started process (PID=59078) to work on /home/florent/Programs/anaconda3/envs/airflow_etl/lib/python3.11/site-packages/airflow/example_dags/example_short_circuit_decorator.py
[2025-07-11T11:25:57.164+0200] {processor.py:830} INFO - Processing file /home/florent/Programs/anaconda3/envs/airflow_etl/lib/python3.11/site-packages/airflow/example_dags/example_short_circuit_decorator.py for tasks to queue
[2025-07-11T11:25:57.167+0200] {logging_mixin.py:188} INFO - [2025-07-11T11:25:57.166+0200] {dagbag.py:545} INFO - Filling up the DagBag from /home/florent/Programs/anaconda3/envs/airflow_etl/lib/python3.11/site-packages/airflow/example_dags/example_short_circuit_decorator.py
[2025-07-11T11:25:57.177+0200] {processor.py:840} INFO - DAG(s) 'example_short_circuit_decorator' retrieved from /home/florent/Programs/anaconda3/envs/airflow_etl/lib/python3.11/site-packages/airflow/example_dags/example_short_circuit_decorator.py
[2025-07-11T11:25:57.191+0200] {logging_mixin.py:188} INFO - [2025-07-11T11:25:57.191+0200] {dag.py:3096} INFO - Sync 1 DAGs
[2025-07-11T11:25:57.200+0200] {logging_mixin.py:188} INFO - [2025-07-11T11:25:57.200+0200] {dag.py:3954} INFO - Setting next_dagrun for example_short_circuit_decorator to 2025-07-10 00:00:00+00:00, run_after=2025-07-11 00:00:00+00:00
[2025-07-11T11:25:57.213+0200] {processor.py:183} INFO - Processing /home/florent/Programs/anaconda3/envs/airflow_etl/lib/python3.11/site-packages/airflow/example_dags/example_short_circuit_decorator.py took 0.057 seconds
[2025-07-11T11:27:03.472+0200] {processor.py:161} INFO - Started process (PID=59819) to work on /home/florent/Programs/anaconda3/envs/airflow_etl/lib/python3.11/site-packages/airflow/example_dags/example_short_circuit_decorator.py
[2025-07-11T11:27:03.475+0200] {processor.py:830} INFO - Processing file /home/florent/Programs/anaconda3/envs/airflow_etl/lib/python3.11/site-packages/airflow/example_dags/example_short_circuit_decorator.py for tasks to queue
[2025-07-11T11:27:03.477+0200] {logging_mixin.py:188} INFO - [2025-07-11T11:27:03.477+0200] {dagbag.py:545} INFO - Filling up the DagBag from /home/florent/Programs/anaconda3/envs/airflow_etl/lib/python3.11/site-packages/airflow/example_dags/example_short_circuit_decorator.py
[2025-07-11T11:27:03.488+0200] {processor.py:840} INFO - DAG(s) 'example_short_circuit_decorator' retrieved from /home/florent/Programs/anaconda3/envs/airflow_etl/lib/python3.11/site-packages/airflow/example_dags/example_short_circuit_decorator.py
[2025-07-11T11:27:03.503+0200] {logging_mixin.py:188} INFO - [2025-07-11T11:27:03.503+0200] {dag.py:3096} INFO - Sync 1 DAGs
[2025-07-11T11:27:03.514+0200] {logging_mixin.py:188} INFO - [2025-07-11T11:27:03.514+0200] {dag.py:3954} INFO - Setting next_dagrun for example_short_circuit_decorator to 2025-07-10 00:00:00+00:00, run_after=2025-07-11 00:00:00+00:00
[2025-07-11T11:27:03.526+0200] {processor.py:183} INFO - Processing /home/florent/Programs/anaconda3/envs/airflow_etl/lib/python3.11/site-packages/airflow/example_dags/example_short_circuit_decorator.py took 0.061 seconds
[2025-07-11T11:27:56.055+0200] {processor.py:161} INFO - Started process (PID=60385) to work on /home/florent/Programs/anaconda3/envs/airflow_etl/lib/python3.11/site-packages/airflow/example_dags/example_short_circuit_decorator.py
[2025-07-11T11:27:56.058+0200] {processor.py:830} INFO - Processing file /home/florent/Programs/anaconda3/envs/airflow_etl/lib/python3.11/site-packages/airflow/example_dags/example_short_circuit_decorator.py for tasks to queue
[2025-07-11T11:27:56.058+0200] {logging_mixin.py:188} INFO - [2025-07-11T11:27:56.058+0200] {dagbag.py:545} INFO - Filling up the DagBag from /home/florent/Programs/anaconda3/envs/airflow_etl/lib/python3.11/site-packages/airflow/example_dags/example_short_circuit_decorator.py
[2025-07-11T11:27:56.063+0200] {processor.py:840} INFO - DAG(s) 'example_short_circuit_decorator' retrieved from /home/florent/Programs/anaconda3/envs/airflow_etl/lib/python3.11/site-packages/airflow/example_dags/example_short_circuit_decorator.py
[2025-07-11T11:27:56.073+0200] {logging_mixin.py:188} INFO - [2025-07-11T11:27:56.073+0200] {dag.py:3096} INFO - Sync 1 DAGs
[2025-07-11T11:27:56.083+0200] {logging_mixin.py:188} INFO - [2025-07-11T11:27:56.083+0200] {dag.py:3954} INFO - Setting next_dagrun for example_short_circuit_decorator to 2025-07-10 00:00:00+00:00, run_after=2025-07-11 00:00:00+00:00
[2025-07-11T11:27:56.092+0200] {processor.py:183} INFO - Processing /home/florent/Programs/anaconda3/envs/airflow_etl/lib/python3.11/site-packages/airflow/example_dags/example_short_circuit_decorator.py took 0.040 seconds
[2025-07-11T11:28:58.618+0200] {processor.py:161} INFO - Started process (PID=61080) to work on /home/florent/Programs/anaconda3/envs/airflow_etl/lib/python3.11/site-packages/airflow/example_dags/example_short_circuit_decorator.py
[2025-07-11T11:28:58.621+0200] {processor.py:830} INFO - Processing file /home/florent/Programs/anaconda3/envs/airflow_etl/lib/python3.11/site-packages/airflow/example_dags/example_short_circuit_decorator.py for tasks to queue
[2025-07-11T11:28:58.623+0200] {logging_mixin.py:188} INFO - [2025-07-11T11:28:58.622+0200] {dagbag.py:545} INFO - Filling up the DagBag from /home/florent/Programs/anaconda3/envs/airflow_etl/lib/python3.11/site-packages/airflow/example_dags/example_short_circuit_decorator.py
[2025-07-11T11:28:58.632+0200] {processor.py:840} INFO - DAG(s) 'example_short_circuit_decorator' retrieved from /home/florent/Programs/anaconda3/envs/airflow_etl/lib/python3.11/site-packages/airflow/example_dags/example_short_circuit_decorator.py
[2025-07-11T11:28:58.643+0200] {logging_mixin.py:188} INFO - [2025-07-11T11:28:58.643+0200] {dag.py:3096} INFO - Sync 1 DAGs
[2025-07-11T11:28:58.652+0200] {logging_mixin.py:188} INFO - [2025-07-11T11:28:58.652+0200] {dag.py:3954} INFO - Setting next_dagrun for example_short_circuit_decorator to 2025-07-10 00:00:00+00:00, run_after=2025-07-11 00:00:00+00:00
[2025-07-11T11:28:58.663+0200] {processor.py:183} INFO - Processing /home/florent/Programs/anaconda3/envs/airflow_etl/lib/python3.11/site-packages/airflow/example_dags/example_short_circuit_decorator.py took 0.051 seconds
[2025-07-11T11:30:03.356+0200] {processor.py:161} INFO - Started process (PID=61744) to work on /home/florent/Programs/anaconda3/envs/airflow_etl/lib/python3.11/site-packages/airflow/example_dags/example_short_circuit_decorator.py
[2025-07-11T11:30:03.358+0200] {processor.py:830} INFO - Processing file /home/florent/Programs/anaconda3/envs/airflow_etl/lib/python3.11/site-packages/airflow/example_dags/example_short_circuit_decorator.py for tasks to queue
[2025-07-11T11:30:03.360+0200] {logging_mixin.py:188} INFO - [2025-07-11T11:30:03.360+0200] {dagbag.py:545} INFO - Filling up the DagBag from /home/florent/Programs/anaconda3/envs/airflow_etl/lib/python3.11/site-packages/airflow/example_dags/example_short_circuit_decorator.py
[2025-07-11T11:30:03.369+0200] {processor.py:840} INFO - DAG(s) 'example_short_circuit_decorator' retrieved from /home/florent/Programs/anaconda3/envs/airflow_etl/lib/python3.11/site-packages/airflow/example_dags/example_short_circuit_decorator.py
[2025-07-11T11:30:03.381+0200] {logging_mixin.py:188} INFO - [2025-07-11T11:30:03.381+0200] {dag.py:3096} INFO - Sync 1 DAGs
[2025-07-11T11:30:03.390+0200] {logging_mixin.py:188} INFO - [2025-07-11T11:30:03.390+0200] {dag.py:3954} INFO - Setting next_dagrun for example_short_circuit_decorator to 2025-07-10 00:00:00+00:00, run_after=2025-07-11 00:00:00+00:00
[2025-07-11T11:30:03.401+0200] {processor.py:183} INFO - Processing /home/florent/Programs/anaconda3/envs/airflow_etl/lib/python3.11/site-packages/airflow/example_dags/example_short_circuit_decorator.py took 0.051 seconds
[2025-07-11T11:31:03.956+0200] {processor.py:161} INFO - Started process (PID=62394) to work on /home/florent/Programs/anaconda3/envs/airflow_etl/lib/python3.11/site-packages/airflow/example_dags/example_short_circuit_decorator.py
[2025-07-11T11:31:03.956+0200] {processor.py:830} INFO - Processing file /home/florent/Programs/anaconda3/envs/airflow_etl/lib/python3.11/site-packages/airflow/example_dags/example_short_circuit_decorator.py for tasks to queue
[2025-07-11T11:31:03.957+0200] {logging_mixin.py:188} INFO - [2025-07-11T11:31:03.957+0200] {dagbag.py:545} INFO - Filling up the DagBag from /home/florent/Programs/anaconda3/envs/airflow_etl/lib/python3.11/site-packages/airflow/example_dags/example_short_circuit_decorator.py
[2025-07-11T11:31:03.962+0200] {processor.py:840} INFO - DAG(s) 'example_short_circuit_decorator' retrieved from /home/florent/Programs/anaconda3/envs/airflow_etl/lib/python3.11/site-packages/airflow/example_dags/example_short_circuit_decorator.py
[2025-07-11T11:31:03.971+0200] {logging_mixin.py:188} INFO - [2025-07-11T11:31:03.971+0200] {dag.py:3096} INFO - Sync 1 DAGs
[2025-07-11T11:31:03.981+0200] {logging_mixin.py:188} INFO - [2025-07-11T11:31:03.981+0200] {dag.py:3954} INFO - Setting next_dagrun for example_short_circuit_decorator to 2025-07-10 00:00:00+00:00, run_after=2025-07-11 00:00:00+00:00
[2025-07-11T11:31:03.992+0200] {processor.py:183} INFO - Processing /home/florent/Programs/anaconda3/envs/airflow_etl/lib/python3.11/site-packages/airflow/example_dags/example_short_circuit_decorator.py took 0.039 seconds
[2025-07-11T11:32:10.766+0200] {processor.py:161} INFO - Started process (PID=63041) to work on /home/florent/Programs/anaconda3/envs/airflow_etl/lib/python3.11/site-packages/airflow/example_dags/example_short_circuit_decorator.py
[2025-07-11T11:32:10.766+0200] {processor.py:830} INFO - Processing file /home/florent/Programs/anaconda3/envs/airflow_etl/lib/python3.11/site-packages/airflow/example_dags/example_short_circuit_decorator.py for tasks to queue
[2025-07-11T11:32:10.767+0200] {logging_mixin.py:188} INFO - [2025-07-11T11:32:10.767+0200] {dagbag.py:545} INFO - Filling up the DagBag from /home/florent/Programs/anaconda3/envs/airflow_etl/lib/python3.11/site-packages/airflow/example_dags/example_short_circuit_decorator.py
[2025-07-11T11:32:10.773+0200] {processor.py:840} INFO - DAG(s) 'example_short_circuit_decorator' retrieved from /home/florent/Programs/anaconda3/envs/airflow_etl/lib/python3.11/site-packages/airflow/example_dags/example_short_circuit_decorator.py
[2025-07-11T11:32:10.781+0200] {logging_mixin.py:188} INFO - [2025-07-11T11:32:10.781+0200] {dag.py:3096} INFO - Sync 1 DAGs
[2025-07-11T11:32:10.790+0200] {logging_mixin.py:188} INFO - [2025-07-11T11:32:10.790+0200] {dag.py:3954} INFO - Setting next_dagrun for example_short_circuit_decorator to 2025-07-10 00:00:00+00:00, run_after=2025-07-11 00:00:00+00:00
[2025-07-11T11:32:10.800+0200] {processor.py:183} INFO - Processing /home/florent/Programs/anaconda3/envs/airflow_etl/lib/python3.11/site-packages/airflow/example_dags/example_short_circuit_decorator.py took 0.039 seconds
[2025-07-11T11:33:14.669+0200] {processor.py:161} INFO - Started process (PID=63886) to work on /home/florent/Programs/anaconda3/envs/airflow_etl/lib/python3.11/site-packages/airflow/example_dags/example_short_circuit_decorator.py
[2025-07-11T11:33:14.672+0200] {processor.py:830} INFO - Processing file /home/florent/Programs/anaconda3/envs/airflow_etl/lib/python3.11/site-packages/airflow/example_dags/example_short_circuit_decorator.py for tasks to queue
[2025-07-11T11:33:14.674+0200] {logging_mixin.py:188} INFO - [2025-07-11T11:33:14.673+0200] {dagbag.py:545} INFO - Filling up the DagBag from /home/florent/Programs/anaconda3/envs/airflow_etl/lib/python3.11/site-packages/airflow/example_dags/example_short_circuit_decorator.py
[2025-07-11T11:33:14.683+0200] {processor.py:840} INFO - DAG(s) 'example_short_circuit_decorator' retrieved from /home/florent/Programs/anaconda3/envs/airflow_etl/lib/python3.11/site-packages/airflow/example_dags/example_short_circuit_decorator.py
[2025-07-11T11:33:14.693+0200] {logging_mixin.py:188} INFO - [2025-07-11T11:33:14.693+0200] {dag.py:3096} INFO - Sync 1 DAGs
[2025-07-11T11:33:14.703+0200] {logging_mixin.py:188} INFO - [2025-07-11T11:33:14.702+0200] {dag.py:3954} INFO - Setting next_dagrun for example_short_circuit_decorator to 2025-07-10 00:00:00+00:00, run_after=2025-07-11 00:00:00+00:00
[2025-07-11T11:33:14.714+0200] {processor.py:183} INFO - Processing /home/florent/Programs/anaconda3/envs/airflow_etl/lib/python3.11/site-packages/airflow/example_dags/example_short_circuit_decorator.py took 0.050 seconds
[2025-07-11T11:34:19.428+0200] {processor.py:161} INFO - Started process (PID=64524) to work on /home/florent/Programs/anaconda3/envs/airflow_etl/lib/python3.11/site-packages/airflow/example_dags/example_short_circuit_decorator.py
[2025-07-11T11:34:19.431+0200] {processor.py:830} INFO - Processing file /home/florent/Programs/anaconda3/envs/airflow_etl/lib/python3.11/site-packages/airflow/example_dags/example_short_circuit_decorator.py for tasks to queue
[2025-07-11T11:34:19.432+0200] {logging_mixin.py:188} INFO - [2025-07-11T11:34:19.432+0200] {dagbag.py:545} INFO - Filling up the DagBag from /home/florent/Programs/anaconda3/envs/airflow_etl/lib/python3.11/site-packages/airflow/example_dags/example_short_circuit_decorator.py
[2025-07-11T11:34:19.441+0200] {processor.py:840} INFO - DAG(s) 'example_short_circuit_decorator' retrieved from /home/florent/Programs/anaconda3/envs/airflow_etl/lib/python3.11/site-packages/airflow/example_dags/example_short_circuit_decorator.py
[2025-07-11T11:34:19.450+0200] {logging_mixin.py:188} INFO - [2025-07-11T11:34:19.450+0200] {dag.py:3096} INFO - Sync 1 DAGs
[2025-07-11T11:34:19.459+0200] {logging_mixin.py:188} INFO - [2025-07-11T11:34:19.459+0200] {dag.py:3954} INFO - Setting next_dagrun for example_short_circuit_decorator to 2025-07-10 00:00:00+00:00, run_after=2025-07-11 00:00:00+00:00
[2025-07-11T11:34:19.471+0200] {processor.py:183} INFO - Processing /home/florent/Programs/anaconda3/envs/airflow_etl/lib/python3.11/site-packages/airflow/example_dags/example_short_circuit_decorator.py took 0.048 seconds
[2025-07-11T11:35:26.625+0200] {processor.py:161} INFO - Started process (PID=65191) to work on /home/florent/Programs/anaconda3/envs/airflow_etl/lib/python3.11/site-packages/airflow/example_dags/example_short_circuit_decorator.py
[2025-07-11T11:35:26.625+0200] {processor.py:830} INFO - Processing file /home/florent/Programs/anaconda3/envs/airflow_etl/lib/python3.11/site-packages/airflow/example_dags/example_short_circuit_decorator.py for tasks to queue
[2025-07-11T11:35:26.627+0200] {logging_mixin.py:188} INFO - [2025-07-11T11:35:26.626+0200] {dagbag.py:545} INFO - Filling up the DagBag from /home/florent/Programs/anaconda3/envs/airflow_etl/lib/python3.11/site-packages/airflow/example_dags/example_short_circuit_decorator.py
[2025-07-11T11:35:26.633+0200] {processor.py:840} INFO - DAG(s) 'example_short_circuit_decorator' retrieved from /home/florent/Programs/anaconda3/envs/airflow_etl/lib/python3.11/site-packages/airflow/example_dags/example_short_circuit_decorator.py
[2025-07-11T11:35:26.649+0200] {logging_mixin.py:188} INFO - [2025-07-11T11:35:26.649+0200] {dag.py:3096} INFO - Sync 1 DAGs
[2025-07-11T11:35:26.660+0200] {logging_mixin.py:188} INFO - [2025-07-11T11:35:26.660+0200] {dag.py:3954} INFO - Setting next_dagrun for example_short_circuit_decorator to 2025-07-10 00:00:00+00:00, run_after=2025-07-11 00:00:00+00:00
[2025-07-11T11:35:26.671+0200] {processor.py:183} INFO - Processing /home/florent/Programs/anaconda3/envs/airflow_etl/lib/python3.11/site-packages/airflow/example_dags/example_short_circuit_decorator.py took 0.052 seconds
[2025-07-11T11:36:26.399+0200] {processor.py:161} INFO - Started process (PID=65879) to work on /home/florent/Programs/anaconda3/envs/airflow_etl/lib/python3.11/site-packages/airflow/example_dags/example_short_circuit_decorator.py
[2025-07-11T11:36:26.401+0200] {processor.py:830} INFO - Processing file /home/florent/Programs/anaconda3/envs/airflow_etl/lib/python3.11/site-packages/airflow/example_dags/example_short_circuit_decorator.py for tasks to queue
[2025-07-11T11:36:26.403+0200] {logging_mixin.py:188} INFO - [2025-07-11T11:36:26.403+0200] {dagbag.py:545} INFO - Filling up the DagBag from /home/florent/Programs/anaconda3/envs/airflow_etl/lib/python3.11/site-packages/airflow/example_dags/example_short_circuit_decorator.py
[2025-07-11T11:36:26.412+0200] {processor.py:840} INFO - DAG(s) 'example_short_circuit_decorator' retrieved from /home/florent/Programs/anaconda3/envs/airflow_etl/lib/python3.11/site-packages/airflow/example_dags/example_short_circuit_decorator.py
[2025-07-11T11:36:26.423+0200] {logging_mixin.py:188} INFO - [2025-07-11T11:36:26.423+0200] {dag.py:3096} INFO - Sync 1 DAGs
[2025-07-11T11:36:26.432+0200] {logging_mixin.py:188} INFO - [2025-07-11T11:36:26.432+0200] {dag.py:3954} INFO - Setting next_dagrun for example_short_circuit_decorator to 2025-07-10 00:00:00+00:00, run_after=2025-07-11 00:00:00+00:00
[2025-07-11T11:36:26.443+0200] {processor.py:183} INFO - Processing /home/florent/Programs/anaconda3/envs/airflow_etl/lib/python3.11/site-packages/airflow/example_dags/example_short_circuit_decorator.py took 0.050 seconds
[2025-07-11T11:37:34.168+0200] {processor.py:161} INFO - Started process (PID=66603) to work on /home/florent/Programs/anaconda3/envs/airflow_etl/lib/python3.11/site-packages/airflow/example_dags/example_short_circuit_decorator.py
[2025-07-11T11:37:34.171+0200] {processor.py:830} INFO - Processing file /home/florent/Programs/anaconda3/envs/airflow_etl/lib/python3.11/site-packages/airflow/example_dags/example_short_circuit_decorator.py for tasks to queue
[2025-07-11T11:37:34.172+0200] {logging_mixin.py:188} INFO - [2025-07-11T11:37:34.171+0200] {dagbag.py:545} INFO - Filling up the DagBag from /home/florent/Programs/anaconda3/envs/airflow_etl/lib/python3.11/site-packages/airflow/example_dags/example_short_circuit_decorator.py
[2025-07-11T11:37:34.178+0200] {processor.py:840} INFO - DAG(s) 'example_short_circuit_decorator' retrieved from /home/florent/Programs/anaconda3/envs/airflow_etl/lib/python3.11/site-packages/airflow/example_dags/example_short_circuit_decorator.py
[2025-07-11T11:37:34.194+0200] {logging_mixin.py:188} INFO - [2025-07-11T11:37:34.194+0200] {dag.py:3096} INFO - Sync 1 DAGs
[2025-07-11T11:37:34.204+0200] {logging_mixin.py:188} INFO - [2025-07-11T11:37:34.204+0200] {dag.py:3954} INFO - Setting next_dagrun for example_short_circuit_decorator to 2025-07-10 00:00:00+00:00, run_after=2025-07-11 00:00:00+00:00
[2025-07-11T11:37:34.214+0200] {processor.py:183} INFO - Processing /home/florent/Programs/anaconda3/envs/airflow_etl/lib/python3.11/site-packages/airflow/example_dags/example_short_circuit_decorator.py took 0.051 seconds
[2025-07-11T11:38:39.376+0200] {processor.py:161} INFO - Started process (PID=67245) to work on /home/florent/Programs/anaconda3/envs/airflow_etl/lib/python3.11/site-packages/airflow/example_dags/example_short_circuit_decorator.py
[2025-07-11T11:38:39.379+0200] {processor.py:830} INFO - Processing file /home/florent/Programs/anaconda3/envs/airflow_etl/lib/python3.11/site-packages/airflow/example_dags/example_short_circuit_decorator.py for tasks to queue
[2025-07-11T11:38:39.381+0200] {logging_mixin.py:188} INFO - [2025-07-11T11:38:39.380+0200] {dagbag.py:545} INFO - Filling up the DagBag from /home/florent/Programs/anaconda3/envs/airflow_etl/lib/python3.11/site-packages/airflow/example_dags/example_short_circuit_decorator.py
[2025-07-11T11:38:39.392+0200] {processor.py:840} INFO - DAG(s) 'example_short_circuit_decorator' retrieved from /home/florent/Programs/anaconda3/envs/airflow_etl/lib/python3.11/site-packages/airflow/example_dags/example_short_circuit_decorator.py
[2025-07-11T11:38:39.405+0200] {logging_mixin.py:188} INFO - [2025-07-11T11:38:39.405+0200] {dag.py:3096} INFO - Sync 1 DAGs
[2025-07-11T11:38:39.415+0200] {logging_mixin.py:188} INFO - [2025-07-11T11:38:39.415+0200] {dag.py:3954} INFO - Setting next_dagrun for example_short_circuit_decorator to 2025-07-10 00:00:00+00:00, run_after=2025-07-11 00:00:00+00:00
[2025-07-11T11:38:39.428+0200] {processor.py:183} INFO - Processing /home/florent/Programs/anaconda3/envs/airflow_etl/lib/python3.11/site-packages/airflow/example_dags/example_short_circuit_decorator.py took 0.060 seconds
[2025-07-11T11:39:47.056+0200] {processor.py:161} INFO - Started process (PID=68017) to work on /home/florent/Programs/anaconda3/envs/airflow_etl/lib/python3.11/site-packages/airflow/example_dags/example_short_circuit_decorator.py
[2025-07-11T11:39:47.059+0200] {processor.py:830} INFO - Processing file /home/florent/Programs/anaconda3/envs/airflow_etl/lib/python3.11/site-packages/airflow/example_dags/example_short_circuit_decorator.py for tasks to queue
[2025-07-11T11:39:47.061+0200] {logging_mixin.py:188} INFO - [2025-07-11T11:39:47.061+0200] {dagbag.py:545} INFO - Filling up the DagBag from /home/florent/Programs/anaconda3/envs/airflow_etl/lib/python3.11/site-packages/airflow/example_dags/example_short_circuit_decorator.py
[2025-07-11T11:39:47.071+0200] {processor.py:840} INFO - DAG(s) 'example_short_circuit_decorator' retrieved from /home/florent/Programs/anaconda3/envs/airflow_etl/lib/python3.11/site-packages/airflow/example_dags/example_short_circuit_decorator.py
[2025-07-11T11:39:47.082+0200] {logging_mixin.py:188} INFO - [2025-07-11T11:39:47.082+0200] {dag.py:3096} INFO - Sync 1 DAGs
[2025-07-11T11:39:47.093+0200] {logging_mixin.py:188} INFO - [2025-07-11T11:39:47.093+0200] {dag.py:3954} INFO - Setting next_dagrun for example_short_circuit_decorator to 2025-07-10 00:00:00+00:00, run_after=2025-07-11 00:00:00+00:00
[2025-07-11T11:39:47.105+0200] {processor.py:183} INFO - Processing /home/florent/Programs/anaconda3/envs/airflow_etl/lib/python3.11/site-packages/airflow/example_dags/example_short_circuit_decorator.py took 0.054 seconds
[2025-07-11T11:40:53.584+0200] {processor.py:161} INFO - Started process (PID=68721) to work on /home/florent/Programs/anaconda3/envs/airflow_etl/lib/python3.11/site-packages/airflow/example_dags/example_short_circuit_decorator.py
[2025-07-11T11:40:53.586+0200] {processor.py:830} INFO - Processing file /home/florent/Programs/anaconda3/envs/airflow_etl/lib/python3.11/site-packages/airflow/example_dags/example_short_circuit_decorator.py for tasks to queue
[2025-07-11T11:40:53.588+0200] {logging_mixin.py:188} INFO - [2025-07-11T11:40:53.588+0200] {dagbag.py:545} INFO - Filling up the DagBag from /home/florent/Programs/anaconda3/envs/airflow_etl/lib/python3.11/site-packages/airflow/example_dags/example_short_circuit_decorator.py
[2025-07-11T11:40:53.597+0200] {processor.py:840} INFO - DAG(s) 'example_short_circuit_decorator' retrieved from /home/florent/Programs/anaconda3/envs/airflow_etl/lib/python3.11/site-packages/airflow/example_dags/example_short_circuit_decorator.py
[2025-07-11T11:40:53.613+0200] {logging_mixin.py:188} INFO - [2025-07-11T11:40:53.613+0200] {dag.py:3096} INFO - Sync 1 DAGs
[2025-07-11T11:40:53.625+0200] {logging_mixin.py:188} INFO - [2025-07-11T11:40:53.625+0200] {dag.py:3954} INFO - Setting next_dagrun for example_short_circuit_decorator to 2025-07-10 00:00:00+00:00, run_after=2025-07-11 00:00:00+00:00
[2025-07-11T11:40:53.636+0200] {processor.py:183} INFO - Processing /home/florent/Programs/anaconda3/envs/airflow_etl/lib/python3.11/site-packages/airflow/example_dags/example_short_circuit_decorator.py took 0.058 seconds
[2025-07-11T11:41:58.654+0200] {processor.py:161} INFO - Started process (PID=69464) to work on /home/florent/Programs/anaconda3/envs/airflow_etl/lib/python3.11/site-packages/airflow/example_dags/example_short_circuit_decorator.py
[2025-07-11T11:41:58.657+0200] {processor.py:830} INFO - Processing file /home/florent/Programs/anaconda3/envs/airflow_etl/lib/python3.11/site-packages/airflow/example_dags/example_short_circuit_decorator.py for tasks to queue
[2025-07-11T11:41:58.658+0200] {logging_mixin.py:188} INFO - [2025-07-11T11:41:58.658+0200] {dagbag.py:545} INFO - Filling up the DagBag from /home/florent/Programs/anaconda3/envs/airflow_etl/lib/python3.11/site-packages/airflow/example_dags/example_short_circuit_decorator.py
[2025-07-11T11:41:58.668+0200] {processor.py:840} INFO - DAG(s) 'example_short_circuit_decorator' retrieved from /home/florent/Programs/anaconda3/envs/airflow_etl/lib/python3.11/site-packages/airflow/example_dags/example_short_circuit_decorator.py
[2025-07-11T11:41:58.681+0200] {logging_mixin.py:188} INFO - [2025-07-11T11:41:58.681+0200] {dag.py:3096} INFO - Sync 1 DAGs
[2025-07-11T11:41:58.690+0200] {logging_mixin.py:188} INFO - [2025-07-11T11:41:58.690+0200] {dag.py:3954} INFO - Setting next_dagrun for example_short_circuit_decorator to 2025-07-10 00:00:00+00:00, run_after=2025-07-11 00:00:00+00:00
[2025-07-11T11:41:58.702+0200] {processor.py:183} INFO - Processing /home/florent/Programs/anaconda3/envs/airflow_etl/lib/python3.11/site-packages/airflow/example_dags/example_short_circuit_decorator.py took 0.054 seconds
[2025-07-11T11:43:01.518+0200] {processor.py:161} INFO - Started process (PID=70196) to work on /home/florent/Programs/anaconda3/envs/airflow_etl/lib/python3.11/site-packages/airflow/example_dags/example_short_circuit_decorator.py
[2025-07-11T11:43:01.521+0200] {processor.py:830} INFO - Processing file /home/florent/Programs/anaconda3/envs/airflow_etl/lib/python3.11/site-packages/airflow/example_dags/example_short_circuit_decorator.py for tasks to queue
[2025-07-11T11:43:01.522+0200] {logging_mixin.py:188} INFO - [2025-07-11T11:43:01.522+0200] {dagbag.py:545} INFO - Filling up the DagBag from /home/florent/Programs/anaconda3/envs/airflow_etl/lib/python3.11/site-packages/airflow/example_dags/example_short_circuit_decorator.py
[2025-07-11T11:43:01.529+0200] {processor.py:840} INFO - DAG(s) 'example_short_circuit_decorator' retrieved from /home/florent/Programs/anaconda3/envs/airflow_etl/lib/python3.11/site-packages/airflow/example_dags/example_short_circuit_decorator.py
[2025-07-11T11:43:01.538+0200] {logging_mixin.py:188} INFO - [2025-07-11T11:43:01.538+0200] {dag.py:3096} INFO - Sync 1 DAGs
[2025-07-11T11:43:01.547+0200] {logging_mixin.py:188} INFO - [2025-07-11T11:43:01.547+0200] {dag.py:3954} INFO - Setting next_dagrun for example_short_circuit_decorator to 2025-07-10 00:00:00+00:00, run_after=2025-07-11 00:00:00+00:00
[2025-07-11T11:43:01.557+0200] {processor.py:183} INFO - Processing /home/florent/Programs/anaconda3/envs/airflow_etl/lib/python3.11/site-packages/airflow/example_dags/example_short_circuit_decorator.py took 0.044 seconds
[2025-07-11T11:44:05.486+0200] {processor.py:161} INFO - Started process (PID=70959) to work on /home/florent/Programs/anaconda3/envs/airflow_etl/lib/python3.11/site-packages/airflow/example_dags/example_short_circuit_decorator.py
[2025-07-11T11:44:05.489+0200] {processor.py:830} INFO - Processing file /home/florent/Programs/anaconda3/envs/airflow_etl/lib/python3.11/site-packages/airflow/example_dags/example_short_circuit_decorator.py for tasks to queue
[2025-07-11T11:44:05.492+0200] {logging_mixin.py:188} INFO - [2025-07-11T11:44:05.491+0200] {dagbag.py:545} INFO - Filling up the DagBag from /home/florent/Programs/anaconda3/envs/airflow_etl/lib/python3.11/site-packages/airflow/example_dags/example_short_circuit_decorator.py
[2025-07-11T11:44:05.508+0200] {processor.py:840} INFO - DAG(s) 'example_short_circuit_decorator' retrieved from /home/florent/Programs/anaconda3/envs/airflow_etl/lib/python3.11/site-packages/airflow/example_dags/example_short_circuit_decorator.py
[2025-07-11T11:44:05.533+0200] {logging_mixin.py:188} INFO - [2025-07-11T11:44:05.533+0200] {dag.py:3096} INFO - Sync 1 DAGs
[2025-07-11T11:44:05.554+0200] {logging_mixin.py:188} INFO - [2025-07-11T11:44:05.554+0200] {dag.py:3954} INFO - Setting next_dagrun for example_short_circuit_decorator to 2025-07-10 00:00:00+00:00, run_after=2025-07-11 00:00:00+00:00
[2025-07-11T11:44:05.581+0200] {processor.py:183} INFO - Processing /home/florent/Programs/anaconda3/envs/airflow_etl/lib/python3.11/site-packages/airflow/example_dags/example_short_circuit_decorator.py took 0.106 seconds
[2025-07-11T11:45:16.014+0200] {processor.py:161} INFO - Started process (PID=71807) to work on /home/florent/Programs/anaconda3/envs/airflow_etl/lib/python3.11/site-packages/airflow/example_dags/example_short_circuit_decorator.py
[2025-07-11T11:45:16.016+0200] {processor.py:830} INFO - Processing file /home/florent/Programs/anaconda3/envs/airflow_etl/lib/python3.11/site-packages/airflow/example_dags/example_short_circuit_decorator.py for tasks to queue
[2025-07-11T11:45:16.018+0200] {logging_mixin.py:188} INFO - [2025-07-11T11:45:16.018+0200] {dagbag.py:545} INFO - Filling up the DagBag from /home/florent/Programs/anaconda3/envs/airflow_etl/lib/python3.11/site-packages/airflow/example_dags/example_short_circuit_decorator.py
[2025-07-11T11:45:16.025+0200] {processor.py:840} INFO - DAG(s) 'example_short_circuit_decorator' retrieved from /home/florent/Programs/anaconda3/envs/airflow_etl/lib/python3.11/site-packages/airflow/example_dags/example_short_circuit_decorator.py
[2025-07-11T11:45:16.045+0200] {logging_mixin.py:188} INFO - [2025-07-11T11:45:16.044+0200] {dag.py:3096} INFO - Sync 1 DAGs
[2025-07-11T11:45:16.056+0200] {logging_mixin.py:188} INFO - [2025-07-11T11:45:16.056+0200] {dag.py:3954} INFO - Setting next_dagrun for example_short_circuit_decorator to 2025-07-10 00:00:00+00:00, run_after=2025-07-11 00:00:00+00:00
[2025-07-11T11:45:16.066+0200] {processor.py:183} INFO - Processing /home/florent/Programs/anaconda3/envs/airflow_etl/lib/python3.11/site-packages/airflow/example_dags/example_short_circuit_decorator.py took 0.059 seconds
[2025-07-11T11:46:20.157+0200] {processor.py:161} INFO - Started process (PID=72551) to work on /home/florent/Programs/anaconda3/envs/airflow_etl/lib/python3.11/site-packages/airflow/example_dags/example_short_circuit_decorator.py
[2025-07-11T11:46:20.160+0200] {processor.py:830} INFO - Processing file /home/florent/Programs/anaconda3/envs/airflow_etl/lib/python3.11/site-packages/airflow/example_dags/example_short_circuit_decorator.py for tasks to queue
[2025-07-11T11:46:20.161+0200] {logging_mixin.py:188} INFO - [2025-07-11T11:46:20.161+0200] {dagbag.py:545} INFO - Filling up the DagBag from /home/florent/Programs/anaconda3/envs/airflow_etl/lib/python3.11/site-packages/airflow/example_dags/example_short_circuit_decorator.py
[2025-07-11T11:46:20.169+0200] {processor.py:840} INFO - DAG(s) 'example_short_circuit_decorator' retrieved from /home/florent/Programs/anaconda3/envs/airflow_etl/lib/python3.11/site-packages/airflow/example_dags/example_short_circuit_decorator.py
[2025-07-11T11:46:20.185+0200] {logging_mixin.py:188} INFO - [2025-07-11T11:46:20.185+0200] {dag.py:3096} INFO - Sync 1 DAGs
[2025-07-11T11:46:20.194+0200] {logging_mixin.py:188} INFO - [2025-07-11T11:46:20.194+0200] {dag.py:3954} INFO - Setting next_dagrun for example_short_circuit_decorator to 2025-07-10 00:00:00+00:00, run_after=2025-07-11 00:00:00+00:00
[2025-07-11T11:46:20.205+0200] {processor.py:183} INFO - Processing /home/florent/Programs/anaconda3/envs/airflow_etl/lib/python3.11/site-packages/airflow/example_dags/example_short_circuit_decorator.py took 0.054 seconds
[2025-07-11T11:47:21.885+0200] {processor.py:161} INFO - Started process (PID=73157) to work on /home/florent/Programs/anaconda3/envs/airflow_etl/lib/python3.11/site-packages/airflow/example_dags/example_short_circuit_decorator.py
[2025-07-11T11:47:21.888+0200] {processor.py:830} INFO - Processing file /home/florent/Programs/anaconda3/envs/airflow_etl/lib/python3.11/site-packages/airflow/example_dags/example_short_circuit_decorator.py for tasks to queue
[2025-07-11T11:47:21.890+0200] {logging_mixin.py:188} INFO - [2025-07-11T11:47:21.889+0200] {dagbag.py:545} INFO - Filling up the DagBag from /home/florent/Programs/anaconda3/envs/airflow_etl/lib/python3.11/site-packages/airflow/example_dags/example_short_circuit_decorator.py
[2025-07-11T11:47:21.896+0200] {processor.py:840} INFO - DAG(s) 'example_short_circuit_decorator' retrieved from /home/florent/Programs/anaconda3/envs/airflow_etl/lib/python3.11/site-packages/airflow/example_dags/example_short_circuit_decorator.py
[2025-07-11T11:47:21.906+0200] {logging_mixin.py:188} INFO - [2025-07-11T11:47:21.906+0200] {dag.py:3096} INFO - Sync 1 DAGs
[2025-07-11T11:47:21.915+0200] {logging_mixin.py:188} INFO - [2025-07-11T11:47:21.914+0200] {dag.py:3954} INFO - Setting next_dagrun for example_short_circuit_decorator to 2025-07-10 00:00:00+00:00, run_after=2025-07-11 00:00:00+00:00
[2025-07-11T11:47:21.925+0200] {processor.py:183} INFO - Processing /home/florent/Programs/anaconda3/envs/airflow_etl/lib/python3.11/site-packages/airflow/example_dags/example_short_circuit_decorator.py took 0.046 seconds
[2025-07-11T11:48:26.510+0200] {processor.py:161} INFO - Started process (PID=73848) to work on /home/florent/Programs/anaconda3/envs/airflow_etl/lib/python3.11/site-packages/airflow/example_dags/example_short_circuit_decorator.py
[2025-07-11T11:48:26.513+0200] {processor.py:830} INFO - Processing file /home/florent/Programs/anaconda3/envs/airflow_etl/lib/python3.11/site-packages/airflow/example_dags/example_short_circuit_decorator.py for tasks to queue
[2025-07-11T11:48:26.515+0200] {logging_mixin.py:188} INFO - [2025-07-11T11:48:26.515+0200] {dagbag.py:545} INFO - Filling up the DagBag from /home/florent/Programs/anaconda3/envs/airflow_etl/lib/python3.11/site-packages/airflow/example_dags/example_short_circuit_decorator.py
[2025-07-11T11:48:26.527+0200] {processor.py:840} INFO - DAG(s) 'example_short_circuit_decorator' retrieved from /home/florent/Programs/anaconda3/envs/airflow_etl/lib/python3.11/site-packages/airflow/example_dags/example_short_circuit_decorator.py
[2025-07-11T11:48:26.544+0200] {logging_mixin.py:188} INFO - [2025-07-11T11:48:26.543+0200] {dag.py:3096} INFO - Sync 1 DAGs
[2025-07-11T11:48:26.558+0200] {logging_mixin.py:188} INFO - [2025-07-11T11:48:26.557+0200] {dag.py:3954} INFO - Setting next_dagrun for example_short_circuit_decorator to 2025-07-10 00:00:00+00:00, run_after=2025-07-11 00:00:00+00:00
[2025-07-11T11:48:26.572+0200] {processor.py:183} INFO - Processing /home/florent/Programs/anaconda3/envs/airflow_etl/lib/python3.11/site-packages/airflow/example_dags/example_short_circuit_decorator.py took 0.068 seconds
[2025-07-11T11:49:29.803+0200] {processor.py:161} INFO - Started process (PID=74457) to work on /home/florent/Programs/anaconda3/envs/airflow_etl/lib/python3.11/site-packages/airflow/example_dags/example_short_circuit_decorator.py
[2025-07-11T11:49:29.805+0200] {processor.py:830} INFO - Processing file /home/florent/Programs/anaconda3/envs/airflow_etl/lib/python3.11/site-packages/airflow/example_dags/example_short_circuit_decorator.py for tasks to queue
[2025-07-11T11:49:29.808+0200] {logging_mixin.py:188} INFO - [2025-07-11T11:49:29.807+0200] {dagbag.py:545} INFO - Filling up the DagBag from /home/florent/Programs/anaconda3/envs/airflow_etl/lib/python3.11/site-packages/airflow/example_dags/example_short_circuit_decorator.py
[2025-07-11T11:49:29.819+0200] {processor.py:840} INFO - DAG(s) 'example_short_circuit_decorator' retrieved from /home/florent/Programs/anaconda3/envs/airflow_etl/lib/python3.11/site-packages/airflow/example_dags/example_short_circuit_decorator.py
[2025-07-11T11:49:29.834+0200] {logging_mixin.py:188} INFO - [2025-07-11T11:49:29.834+0200] {dag.py:3096} INFO - Sync 1 DAGs
[2025-07-11T11:49:29.843+0200] {logging_mixin.py:188} INFO - [2025-07-11T11:49:29.843+0200] {dag.py:3954} INFO - Setting next_dagrun for example_short_circuit_decorator to 2025-07-10 00:00:00+00:00, run_after=2025-07-11 00:00:00+00:00
[2025-07-11T11:49:29.853+0200] {processor.py:183} INFO - Processing /home/florent/Programs/anaconda3/envs/airflow_etl/lib/python3.11/site-packages/airflow/example_dags/example_short_circuit_decorator.py took 0.059 seconds
[2025-07-11T11:50:37.849+0200] {processor.py:161} INFO - Started process (PID=75171) to work on /home/florent/Programs/anaconda3/envs/airflow_etl/lib/python3.11/site-packages/airflow/example_dags/example_short_circuit_decorator.py
[2025-07-11T11:50:37.852+0200] {processor.py:830} INFO - Processing file /home/florent/Programs/anaconda3/envs/airflow_etl/lib/python3.11/site-packages/airflow/example_dags/example_short_circuit_decorator.py for tasks to queue
[2025-07-11T11:50:37.854+0200] {logging_mixin.py:188} INFO - [2025-07-11T11:50:37.853+0200] {dagbag.py:545} INFO - Filling up the DagBag from /home/florent/Programs/anaconda3/envs/airflow_etl/lib/python3.11/site-packages/airflow/example_dags/example_short_circuit_decorator.py
[2025-07-11T11:50:37.863+0200] {processor.py:840} INFO - DAG(s) 'example_short_circuit_decorator' retrieved from /home/florent/Programs/anaconda3/envs/airflow_etl/lib/python3.11/site-packages/airflow/example_dags/example_short_circuit_decorator.py
[2025-07-11T11:50:37.876+0200] {logging_mixin.py:188} INFO - [2025-07-11T11:50:37.876+0200] {dag.py:3096} INFO - Sync 1 DAGs
[2025-07-11T11:50:37.885+0200] {logging_mixin.py:188} INFO - [2025-07-11T11:50:37.885+0200] {dag.py:3954} INFO - Setting next_dagrun for example_short_circuit_decorator to 2025-07-10 00:00:00+00:00, run_after=2025-07-11 00:00:00+00:00
[2025-07-11T11:50:37.895+0200] {processor.py:183} INFO - Processing /home/florent/Programs/anaconda3/envs/airflow_etl/lib/python3.11/site-packages/airflow/example_dags/example_short_circuit_decorator.py took 0.052 seconds
[2025-07-11T11:51:44.424+0200] {processor.py:161} INFO - Started process (PID=75823) to work on /home/florent/Programs/anaconda3/envs/airflow_etl/lib/python3.11/site-packages/airflow/example_dags/example_short_circuit_decorator.py
[2025-07-11T11:51:44.427+0200] {processor.py:830} INFO - Processing file /home/florent/Programs/anaconda3/envs/airflow_etl/lib/python3.11/site-packages/airflow/example_dags/example_short_circuit_decorator.py for tasks to queue
[2025-07-11T11:51:44.429+0200] {logging_mixin.py:188} INFO - [2025-07-11T11:51:44.429+0200] {dagbag.py:545} INFO - Filling up the DagBag from /home/florent/Programs/anaconda3/envs/airflow_etl/lib/python3.11/site-packages/airflow/example_dags/example_short_circuit_decorator.py
[2025-07-11T11:51:44.439+0200] {processor.py:840} INFO - DAG(s) 'example_short_circuit_decorator' retrieved from /home/florent/Programs/anaconda3/envs/airflow_etl/lib/python3.11/site-packages/airflow/example_dags/example_short_circuit_decorator.py
[2025-07-11T11:51:44.451+0200] {logging_mixin.py:188} INFO - [2025-07-11T11:51:44.451+0200] {dag.py:3096} INFO - Sync 1 DAGs
[2025-07-11T11:51:44.462+0200] {logging_mixin.py:188} INFO - [2025-07-11T11:51:44.462+0200] {dag.py:3954} INFO - Setting next_dagrun for example_short_circuit_decorator to 2025-07-10 00:00:00+00:00, run_after=2025-07-11 00:00:00+00:00
[2025-07-11T11:51:44.473+0200] {processor.py:183} INFO - Processing /home/florent/Programs/anaconda3/envs/airflow_etl/lib/python3.11/site-packages/airflow/example_dags/example_short_circuit_decorator.py took 0.054 seconds
[2025-07-11T11:52:48.946+0200] {processor.py:161} INFO - Started process (PID=76482) to work on /home/florent/Programs/anaconda3/envs/airflow_etl/lib/python3.11/site-packages/airflow/example_dags/example_short_circuit_decorator.py
[2025-07-11T11:52:48.949+0200] {processor.py:830} INFO - Processing file /home/florent/Programs/anaconda3/envs/airflow_etl/lib/python3.11/site-packages/airflow/example_dags/example_short_circuit_decorator.py for tasks to queue
[2025-07-11T11:52:48.951+0200] {logging_mixin.py:188} INFO - [2025-07-11T11:52:48.951+0200] {dagbag.py:545} INFO - Filling up the DagBag from /home/florent/Programs/anaconda3/envs/airflow_etl/lib/python3.11/site-packages/airflow/example_dags/example_short_circuit_decorator.py
[2025-07-11T11:52:48.960+0200] {processor.py:840} INFO - DAG(s) 'example_short_circuit_decorator' retrieved from /home/florent/Programs/anaconda3/envs/airflow_etl/lib/python3.11/site-packages/airflow/example_dags/example_short_circuit_decorator.py
[2025-07-11T11:52:48.971+0200] {logging_mixin.py:188} INFO - [2025-07-11T11:52:48.970+0200] {dag.py:3096} INFO - Sync 1 DAGs
[2025-07-11T11:52:48.981+0200] {logging_mixin.py:188} INFO - [2025-07-11T11:52:48.981+0200] {dag.py:3954} INFO - Setting next_dagrun for example_short_circuit_decorator to 2025-07-10 00:00:00+00:00, run_after=2025-07-11 00:00:00+00:00
[2025-07-11T11:52:48.992+0200] {processor.py:183} INFO - Processing /home/florent/Programs/anaconda3/envs/airflow_etl/lib/python3.11/site-packages/airflow/example_dags/example_short_circuit_decorator.py took 0.052 seconds
[2025-07-11T11:53:52.225+0200] {processor.py:161} INFO - Started process (PID=77117) to work on /home/florent/Programs/anaconda3/envs/airflow_etl/lib/python3.11/site-packages/airflow/example_dags/example_short_circuit_decorator.py
[2025-07-11T11:53:52.228+0200] {processor.py:830} INFO - Processing file /home/florent/Programs/anaconda3/envs/airflow_etl/lib/python3.11/site-packages/airflow/example_dags/example_short_circuit_decorator.py for tasks to queue
[2025-07-11T11:53:52.230+0200] {logging_mixin.py:188} INFO - [2025-07-11T11:53:52.230+0200] {dagbag.py:545} INFO - Filling up the DagBag from /home/florent/Programs/anaconda3/envs/airflow_etl/lib/python3.11/site-packages/airflow/example_dags/example_short_circuit_decorator.py
[2025-07-11T11:53:52.240+0200] {processor.py:840} INFO - DAG(s) 'example_short_circuit_decorator' retrieved from /home/florent/Programs/anaconda3/envs/airflow_etl/lib/python3.11/site-packages/airflow/example_dags/example_short_circuit_decorator.py
[2025-07-11T11:53:52.252+0200] {logging_mixin.py:188} INFO - [2025-07-11T11:53:52.252+0200] {dag.py:3096} INFO - Sync 1 DAGs
[2025-07-11T11:53:52.263+0200] {logging_mixin.py:188} INFO - [2025-07-11T11:53:52.263+0200] {dag.py:3954} INFO - Setting next_dagrun for example_short_circuit_decorator to 2025-07-10 00:00:00+00:00, run_after=2025-07-11 00:00:00+00:00
[2025-07-11T11:53:52.275+0200] {processor.py:183} INFO - Processing /home/florent/Programs/anaconda3/envs/airflow_etl/lib/python3.11/site-packages/airflow/example_dags/example_short_circuit_decorator.py took 0.056 seconds
[2025-07-11T11:55:02.903+0200] {processor.py:161} INFO - Started process (PID=77816) to work on /home/florent/Programs/anaconda3/envs/airflow_etl/lib/python3.11/site-packages/airflow/example_dags/example_short_circuit_decorator.py
[2025-07-11T11:55:02.905+0200] {processor.py:830} INFO - Processing file /home/florent/Programs/anaconda3/envs/airflow_etl/lib/python3.11/site-packages/airflow/example_dags/example_short_circuit_decorator.py for tasks to queue
[2025-07-11T11:55:02.907+0200] {logging_mixin.py:188} INFO - [2025-07-11T11:55:02.907+0200] {dagbag.py:545} INFO - Filling up the DagBag from /home/florent/Programs/anaconda3/envs/airflow_etl/lib/python3.11/site-packages/airflow/example_dags/example_short_circuit_decorator.py
[2025-07-11T11:55:02.917+0200] {processor.py:840} INFO - DAG(s) 'example_short_circuit_decorator' retrieved from /home/florent/Programs/anaconda3/envs/airflow_etl/lib/python3.11/site-packages/airflow/example_dags/example_short_circuit_decorator.py
[2025-07-11T11:55:02.930+0200] {logging_mixin.py:188} INFO - [2025-07-11T11:55:02.930+0200] {dag.py:3096} INFO - Sync 1 DAGs
[2025-07-11T11:55:02.940+0200] {logging_mixin.py:188} INFO - [2025-07-11T11:55:02.940+0200] {dag.py:3954} INFO - Setting next_dagrun for example_short_circuit_decorator to 2025-07-10 00:00:00+00:00, run_after=2025-07-11 00:00:00+00:00
[2025-07-11T11:55:02.950+0200] {processor.py:183} INFO - Processing /home/florent/Programs/anaconda3/envs/airflow_etl/lib/python3.11/site-packages/airflow/example_dags/example_short_circuit_decorator.py took 0.053 seconds
[2025-07-11T11:56:04.651+0200] {processor.py:161} INFO - Started process (PID=78507) to work on /home/florent/Programs/anaconda3/envs/airflow_etl/lib/python3.11/site-packages/airflow/example_dags/example_short_circuit_decorator.py
[2025-07-11T11:56:04.654+0200] {processor.py:830} INFO - Processing file /home/florent/Programs/anaconda3/envs/airflow_etl/lib/python3.11/site-packages/airflow/example_dags/example_short_circuit_decorator.py for tasks to queue
[2025-07-11T11:56:04.656+0200] {logging_mixin.py:188} INFO - [2025-07-11T11:56:04.656+0200] {dagbag.py:545} INFO - Filling up the DagBag from /home/florent/Programs/anaconda3/envs/airflow_etl/lib/python3.11/site-packages/airflow/example_dags/example_short_circuit_decorator.py
[2025-07-11T11:56:04.665+0200] {processor.py:840} INFO - DAG(s) 'example_short_circuit_decorator' retrieved from /home/florent/Programs/anaconda3/envs/airflow_etl/lib/python3.11/site-packages/airflow/example_dags/example_short_circuit_decorator.py
[2025-07-11T11:56:04.683+0200] {logging_mixin.py:188} INFO - [2025-07-11T11:56:04.683+0200] {dag.py:3096} INFO - Sync 1 DAGs
[2025-07-11T11:56:04.694+0200] {logging_mixin.py:188} INFO - [2025-07-11T11:56:04.694+0200] {dag.py:3954} INFO - Setting next_dagrun for example_short_circuit_decorator to 2025-07-10 00:00:00+00:00, run_after=2025-07-11 00:00:00+00:00
[2025-07-11T11:56:04.706+0200] {processor.py:183} INFO - Processing /home/florent/Programs/anaconda3/envs/airflow_etl/lib/python3.11/site-packages/airflow/example_dags/example_short_circuit_decorator.py took 0.062 seconds
[2025-07-11T11:57:07.489+0200] {processor.py:161} INFO - Started process (PID=79135) to work on /home/florent/Programs/anaconda3/envs/airflow_etl/lib/python3.11/site-packages/airflow/example_dags/example_short_circuit_decorator.py
[2025-07-11T11:57:07.492+0200] {processor.py:830} INFO - Processing file /home/florent/Programs/anaconda3/envs/airflow_etl/lib/python3.11/site-packages/airflow/example_dags/example_short_circuit_decorator.py for tasks to queue
[2025-07-11T11:57:07.493+0200] {logging_mixin.py:188} INFO - [2025-07-11T11:57:07.493+0200] {dagbag.py:545} INFO - Filling up the DagBag from /home/florent/Programs/anaconda3/envs/airflow_etl/lib/python3.11/site-packages/airflow/example_dags/example_short_circuit_decorator.py
[2025-07-11T11:57:07.500+0200] {processor.py:840} INFO - DAG(s) 'example_short_circuit_decorator' retrieved from /home/florent/Programs/anaconda3/envs/airflow_etl/lib/python3.11/site-packages/airflow/example_dags/example_short_circuit_decorator.py
[2025-07-11T11:57:07.509+0200] {logging_mixin.py:188} INFO - [2025-07-11T11:57:07.509+0200] {dag.py:3096} INFO - Sync 1 DAGs
[2025-07-11T11:57:07.518+0200] {logging_mixin.py:188} INFO - [2025-07-11T11:57:07.518+0200] {dag.py:3954} INFO - Setting next_dagrun for example_short_circuit_decorator to 2025-07-10 00:00:00+00:00, run_after=2025-07-11 00:00:00+00:00
[2025-07-11T11:57:07.529+0200] {processor.py:183} INFO - Processing /home/florent/Programs/anaconda3/envs/airflow_etl/lib/python3.11/site-packages/airflow/example_dags/example_short_circuit_decorator.py took 0.045 seconds
[2025-07-11T11:58:13.222+0200] {processor.py:161} INFO - Started process (PID=79776) to work on /home/florent/Programs/anaconda3/envs/airflow_etl/lib/python3.11/site-packages/airflow/example_dags/example_short_circuit_decorator.py
[2025-07-11T11:58:13.225+0200] {processor.py:830} INFO - Processing file /home/florent/Programs/anaconda3/envs/airflow_etl/lib/python3.11/site-packages/airflow/example_dags/example_short_circuit_decorator.py for tasks to queue
[2025-07-11T11:58:13.227+0200] {logging_mixin.py:188} INFO - [2025-07-11T11:58:13.227+0200] {dagbag.py:545} INFO - Filling up the DagBag from /home/florent/Programs/anaconda3/envs/airflow_etl/lib/python3.11/site-packages/airflow/example_dags/example_short_circuit_decorator.py
[2025-07-11T11:58:13.236+0200] {processor.py:840} INFO - DAG(s) 'example_short_circuit_decorator' retrieved from /home/florent/Programs/anaconda3/envs/airflow_etl/lib/python3.11/site-packages/airflow/example_dags/example_short_circuit_decorator.py
[2025-07-11T11:58:13.249+0200] {logging_mixin.py:188} INFO - [2025-07-11T11:58:13.249+0200] {dag.py:3096} INFO - Sync 1 DAGs
[2025-07-11T11:58:13.260+0200] {logging_mixin.py:188} INFO - [2025-07-11T11:58:13.260+0200] {dag.py:3954} INFO - Setting next_dagrun for example_short_circuit_decorator to 2025-07-10 00:00:00+00:00, run_after=2025-07-11 00:00:00+00:00
[2025-07-11T11:58:13.272+0200] {processor.py:183} INFO - Processing /home/florent/Programs/anaconda3/envs/airflow_etl/lib/python3.11/site-packages/airflow/example_dags/example_short_circuit_decorator.py took 0.057 seconds
[2025-07-11T11:59:18.023+0200] {processor.py:161} INFO - Started process (PID=80445) to work on /home/florent/Programs/anaconda3/envs/airflow_etl/lib/python3.11/site-packages/airflow/example_dags/example_short_circuit_decorator.py
[2025-07-11T11:59:18.026+0200] {processor.py:830} INFO - Processing file /home/florent/Programs/anaconda3/envs/airflow_etl/lib/python3.11/site-packages/airflow/example_dags/example_short_circuit_decorator.py for tasks to queue
[2025-07-11T11:59:18.028+0200] {logging_mixin.py:188} INFO - [2025-07-11T11:59:18.028+0200] {dagbag.py:545} INFO - Filling up the DagBag from /home/florent/Programs/anaconda3/envs/airflow_etl/lib/python3.11/site-packages/airflow/example_dags/example_short_circuit_decorator.py
[2025-07-11T11:59:18.039+0200] {processor.py:840} INFO - DAG(s) 'example_short_circuit_decorator' retrieved from /home/florent/Programs/anaconda3/envs/airflow_etl/lib/python3.11/site-packages/airflow/example_dags/example_short_circuit_decorator.py
[2025-07-11T11:59:18.052+0200] {logging_mixin.py:188} INFO - [2025-07-11T11:59:18.051+0200] {dag.py:3096} INFO - Sync 1 DAGs
[2025-07-11T11:59:18.062+0200] {logging_mixin.py:188} INFO - [2025-07-11T11:59:18.062+0200] {dag.py:3954} INFO - Setting next_dagrun for example_short_circuit_decorator to 2025-07-10 00:00:00+00:00, run_after=2025-07-11 00:00:00+00:00
[2025-07-11T11:59:18.075+0200] {processor.py:183} INFO - Processing /home/florent/Programs/anaconda3/envs/airflow_etl/lib/python3.11/site-packages/airflow/example_dags/example_short_circuit_decorator.py took 0.058 seconds
[2025-07-11T12:00:28.410+0200] {processor.py:161} INFO - Started process (PID=81125) to work on /home/florent/Programs/anaconda3/envs/airflow_etl/lib/python3.11/site-packages/airflow/example_dags/example_short_circuit_decorator.py
[2025-07-11T12:00:28.413+0200] {processor.py:830} INFO - Processing file /home/florent/Programs/anaconda3/envs/airflow_etl/lib/python3.11/site-packages/airflow/example_dags/example_short_circuit_decorator.py for tasks to queue
[2025-07-11T12:00:28.415+0200] {logging_mixin.py:188} INFO - [2025-07-11T12:00:28.414+0200] {dagbag.py:545} INFO - Filling up the DagBag from /home/florent/Programs/anaconda3/envs/airflow_etl/lib/python3.11/site-packages/airflow/example_dags/example_short_circuit_decorator.py
[2025-07-11T12:00:28.423+0200] {processor.py:840} INFO - DAG(s) 'example_short_circuit_decorator' retrieved from /home/florent/Programs/anaconda3/envs/airflow_etl/lib/python3.11/site-packages/airflow/example_dags/example_short_circuit_decorator.py
[2025-07-11T12:00:28.435+0200] {logging_mixin.py:188} INFO - [2025-07-11T12:00:28.434+0200] {dag.py:3096} INFO - Sync 1 DAGs
[2025-07-11T12:00:28.445+0200] {logging_mixin.py:188} INFO - [2025-07-11T12:00:28.445+0200] {dag.py:3954} INFO - Setting next_dagrun for example_short_circuit_decorator to 2025-07-10 00:00:00+00:00, run_after=2025-07-11 00:00:00+00:00
[2025-07-11T12:00:28.458+0200] {processor.py:183} INFO - Processing /home/florent/Programs/anaconda3/envs/airflow_etl/lib/python3.11/site-packages/airflow/example_dags/example_short_circuit_decorator.py took 0.054 seconds
[2025-07-11T12:01:37.090+0200] {processor.py:161} INFO - Started process (PID=81857) to work on /home/florent/Programs/anaconda3/envs/airflow_etl/lib/python3.11/site-packages/airflow/example_dags/example_short_circuit_decorator.py
[2025-07-11T12:01:37.092+0200] {processor.py:830} INFO - Processing file /home/florent/Programs/anaconda3/envs/airflow_etl/lib/python3.11/site-packages/airflow/example_dags/example_short_circuit_decorator.py for tasks to queue
[2025-07-11T12:01:37.094+0200] {logging_mixin.py:188} INFO - [2025-07-11T12:01:37.093+0200] {dagbag.py:545} INFO - Filling up the DagBag from /home/florent/Programs/anaconda3/envs/airflow_etl/lib/python3.11/site-packages/airflow/example_dags/example_short_circuit_decorator.py
[2025-07-11T12:01:37.102+0200] {processor.py:840} INFO - DAG(s) 'example_short_circuit_decorator' retrieved from /home/florent/Programs/anaconda3/envs/airflow_etl/lib/python3.11/site-packages/airflow/example_dags/example_short_circuit_decorator.py
[2025-07-11T12:01:37.112+0200] {logging_mixin.py:188} INFO - [2025-07-11T12:01:37.112+0200] {dag.py:3096} INFO - Sync 1 DAGs
[2025-07-11T12:01:37.121+0200] {logging_mixin.py:188} INFO - [2025-07-11T12:01:37.121+0200] {dag.py:3954} INFO - Setting next_dagrun for example_short_circuit_decorator to 2025-07-10 00:00:00+00:00, run_after=2025-07-11 00:00:00+00:00
[2025-07-11T12:01:37.132+0200] {processor.py:183} INFO - Processing /home/florent/Programs/anaconda3/envs/airflow_etl/lib/python3.11/site-packages/airflow/example_dags/example_short_circuit_decorator.py took 0.048 seconds
[2025-07-11T12:02:36.033+0200] {processor.py:161} INFO - Started process (PID=82430) to work on /home/florent/Programs/anaconda3/envs/airflow_etl/lib/python3.11/site-packages/airflow/example_dags/example_short_circuit_decorator.py
[2025-07-11T12:02:36.036+0200] {processor.py:830} INFO - Processing file /home/florent/Programs/anaconda3/envs/airflow_etl/lib/python3.11/site-packages/airflow/example_dags/example_short_circuit_decorator.py for tasks to queue
[2025-07-11T12:02:36.038+0200] {logging_mixin.py:188} INFO - [2025-07-11T12:02:36.037+0200] {dagbag.py:545} INFO - Filling up the DagBag from /home/florent/Programs/anaconda3/envs/airflow_etl/lib/python3.11/site-packages/airflow/example_dags/example_short_circuit_decorator.py
[2025-07-11T12:02:36.045+0200] {processor.py:840} INFO - DAG(s) 'example_short_circuit_decorator' retrieved from /home/florent/Programs/anaconda3/envs/airflow_etl/lib/python3.11/site-packages/airflow/example_dags/example_short_circuit_decorator.py
[2025-07-11T12:02:36.057+0200] {logging_mixin.py:188} INFO - [2025-07-11T12:02:36.057+0200] {dag.py:3096} INFO - Sync 1 DAGs
[2025-07-11T12:02:36.069+0200] {logging_mixin.py:188} INFO - [2025-07-11T12:02:36.069+0200] {dag.py:3954} INFO - Setting next_dagrun for example_short_circuit_decorator to 2025-07-10 00:00:00+00:00, run_after=2025-07-11 00:00:00+00:00
[2025-07-11T12:02:36.082+0200] {processor.py:183} INFO - Processing /home/florent/Programs/anaconda3/envs/airflow_etl/lib/python3.11/site-packages/airflow/example_dags/example_short_circuit_decorator.py took 0.055 seconds
[2025-07-11T12:03:45.320+0200] {processor.py:161} INFO - Started process (PID=83136) to work on /home/florent/Programs/anaconda3/envs/airflow_etl/lib/python3.11/site-packages/airflow/example_dags/example_short_circuit_decorator.py
[2025-07-11T12:03:45.323+0200] {processor.py:830} INFO - Processing file /home/florent/Programs/anaconda3/envs/airflow_etl/lib/python3.11/site-packages/airflow/example_dags/example_short_circuit_decorator.py for tasks to queue
[2025-07-11T12:03:45.325+0200] {logging_mixin.py:188} INFO - [2025-07-11T12:03:45.324+0200] {dagbag.py:545} INFO - Filling up the DagBag from /home/florent/Programs/anaconda3/envs/airflow_etl/lib/python3.11/site-packages/airflow/example_dags/example_short_circuit_decorator.py
[2025-07-11T12:03:45.333+0200] {processor.py:840} INFO - DAG(s) 'example_short_circuit_decorator' retrieved from /home/florent/Programs/anaconda3/envs/airflow_etl/lib/python3.11/site-packages/airflow/example_dags/example_short_circuit_decorator.py
[2025-07-11T12:03:45.344+0200] {logging_mixin.py:188} INFO - [2025-07-11T12:03:45.344+0200] {dag.py:3096} INFO - Sync 1 DAGs
[2025-07-11T12:03:45.356+0200] {logging_mixin.py:188} INFO - [2025-07-11T12:03:45.356+0200] {dag.py:3954} INFO - Setting next_dagrun for example_short_circuit_decorator to 2025-07-10 00:00:00+00:00, run_after=2025-07-11 00:00:00+00:00
[2025-07-11T12:03:45.368+0200] {processor.py:183} INFO - Processing /home/florent/Programs/anaconda3/envs/airflow_etl/lib/python3.11/site-packages/airflow/example_dags/example_short_circuit_decorator.py took 0.054 seconds
[2025-07-11T12:04:49.492+0200] {processor.py:161} INFO - Started process (PID=83752) to work on /home/florent/Programs/anaconda3/envs/airflow_etl/lib/python3.11/site-packages/airflow/example_dags/example_short_circuit_decorator.py
[2025-07-11T12:04:49.494+0200] {processor.py:830} INFO - Processing file /home/florent/Programs/anaconda3/envs/airflow_etl/lib/python3.11/site-packages/airflow/example_dags/example_short_circuit_decorator.py for tasks to queue
[2025-07-11T12:04:49.496+0200] {logging_mixin.py:188} INFO - [2025-07-11T12:04:49.496+0200] {dagbag.py:545} INFO - Filling up the DagBag from /home/florent/Programs/anaconda3/envs/airflow_etl/lib/python3.11/site-packages/airflow/example_dags/example_short_circuit_decorator.py
[2025-07-11T12:04:49.507+0200] {processor.py:840} INFO - DAG(s) 'example_short_circuit_decorator' retrieved from /home/florent/Programs/anaconda3/envs/airflow_etl/lib/python3.11/site-packages/airflow/example_dags/example_short_circuit_decorator.py
[2025-07-11T12:04:49.525+0200] {logging_mixin.py:188} INFO - [2025-07-11T12:04:49.525+0200] {dag.py:3096} INFO - Sync 1 DAGs
[2025-07-11T12:04:49.537+0200] {logging_mixin.py:188} INFO - [2025-07-11T12:04:49.537+0200] {dag.py:3954} INFO - Setting next_dagrun for example_short_circuit_decorator to 2025-07-10 00:00:00+00:00, run_after=2025-07-11 00:00:00+00:00
[2025-07-11T12:04:49.548+0200] {processor.py:183} INFO - Processing /home/florent/Programs/anaconda3/envs/airflow_etl/lib/python3.11/site-packages/airflow/example_dags/example_short_circuit_decorator.py took 0.062 seconds
