[2025-07-11T11:03:53.962+0200] {processor.py:161} INFO - Started process (PID=42473) to work on /home/florent/Programs/anaconda3/envs/airflow_etl/lib/python3.11/site-packages/airflow/example_dags/example_trigger_controller_dag.py
[2025-07-11T11:03:53.963+0200] {processor.py:830} INFO - Processing file /home/florent/Programs/anaconda3/envs/airflow_etl/lib/python3.11/site-packages/airflow/example_dags/example_trigger_controller_dag.py for tasks to queue
[2025-07-11T11:03:53.963+0200] {logging_mixin.py:188} INFO - [2025-07-11T11:03:53.963+0200] {dagbag.py:545} INFO - Filling up the DagBag from /home/florent/Programs/anaconda3/envs/airflow_etl/lib/python3.11/site-packages/airflow/example_dags/example_trigger_controller_dag.py
[2025-07-11T11:03:53.966+0200] {processor.py:840} INFO - DAG(s) 'example_trigger_controller_dag' retrieved from /home/florent/Programs/anaconda3/envs/airflow_etl/lib/python3.11/site-packages/airflow/example_dags/example_trigger_controller_dag.py
[2025-07-11T11:03:54.017+0200] {logging_mixin.py:188} INFO - [2025-07-11T11:03:54.016+0200] {dag.py:3096} INFO - Sync 1 DAGs
[2025-07-11T11:03:54.024+0200] {logging_mixin.py:188} INFO - [2025-07-11T11:03:54.024+0200] {dag.py:3954} INFO - Setting next_dagrun for example_trigger_controller_dag to 2021-01-01 00:00:00+00:00, run_after=2021-01-01 00:00:00+00:00
[2025-07-11T11:03:54.036+0200] {processor.py:183} INFO - Processing /home/florent/Programs/anaconda3/envs/airflow_etl/lib/python3.11/site-packages/airflow/example_dags/example_trigger_controller_dag.py took 0.079 seconds
[2025-07-11T11:05:01.881+0200] {processor.py:161} INFO - Started process (PID=43197) to work on /home/florent/Programs/anaconda3/envs/airflow_etl/lib/python3.11/site-packages/airflow/example_dags/example_trigger_controller_dag.py
[2025-07-11T11:05:01.883+0200] {processor.py:830} INFO - Processing file /home/florent/Programs/anaconda3/envs/airflow_etl/lib/python3.11/site-packages/airflow/example_dags/example_trigger_controller_dag.py for tasks to queue
[2025-07-11T11:05:01.884+0200] {logging_mixin.py:188} INFO - [2025-07-11T11:05:01.883+0200] {dagbag.py:545} INFO - Filling up the DagBag from /home/florent/Programs/anaconda3/envs/airflow_etl/lib/python3.11/site-packages/airflow/example_dags/example_trigger_controller_dag.py
[2025-07-11T11:05:01.889+0200] {processor.py:840} INFO - DAG(s) 'example_trigger_controller_dag' retrieved from /home/florent/Programs/anaconda3/envs/airflow_etl/lib/python3.11/site-packages/airflow/example_dags/example_trigger_controller_dag.py
[2025-07-11T11:05:01.902+0200] {logging_mixin.py:188} INFO - [2025-07-11T11:05:01.902+0200] {dag.py:3096} INFO - Sync 1 DAGs
[2025-07-11T11:05:01.911+0200] {logging_mixin.py:188} INFO - [2025-07-11T11:05:01.911+0200] {dag.py:3954} INFO - Setting next_dagrun for example_trigger_controller_dag to 2021-01-01 00:00:00+00:00, run_after=2021-01-01 00:00:00+00:00
[2025-07-11T11:05:01.922+0200] {processor.py:183} INFO - Processing /home/florent/Programs/anaconda3/envs/airflow_etl/lib/python3.11/site-packages/airflow/example_dags/example_trigger_controller_dag.py took 0.047 seconds
[2025-07-11T11:06:05.792+0200] {processor.py:161} INFO - Started process (PID=43999) to work on /home/florent/Programs/anaconda3/envs/airflow_etl/lib/python3.11/site-packages/airflow/example_dags/example_trigger_controller_dag.py
[2025-07-11T11:06:05.794+0200] {processor.py:830} INFO - Processing file /home/florent/Programs/anaconda3/envs/airflow_etl/lib/python3.11/site-packages/airflow/example_dags/example_trigger_controller_dag.py for tasks to queue
[2025-07-11T11:06:05.795+0200] {logging_mixin.py:188} INFO - [2025-07-11T11:06:05.795+0200] {dagbag.py:545} INFO - Filling up the DagBag from /home/florent/Programs/anaconda3/envs/airflow_etl/lib/python3.11/site-packages/airflow/example_dags/example_trigger_controller_dag.py
[2025-07-11T11:06:05.798+0200] {processor.py:840} INFO - DAG(s) 'example_trigger_controller_dag' retrieved from /home/florent/Programs/anaconda3/envs/airflow_etl/lib/python3.11/site-packages/airflow/example_dags/example_trigger_controller_dag.py
[2025-07-11T11:06:05.807+0200] {logging_mixin.py:188} INFO - [2025-07-11T11:06:05.807+0200] {dag.py:3096} INFO - Sync 1 DAGs
[2025-07-11T11:06:05.815+0200] {logging_mixin.py:188} INFO - [2025-07-11T11:06:05.815+0200] {dag.py:3954} INFO - Setting next_dagrun for example_trigger_controller_dag to 2021-01-01 00:00:00+00:00, run_after=2021-01-01 00:00:00+00:00
[2025-07-11T11:06:05.826+0200] {processor.py:183} INFO - Processing /home/florent/Programs/anaconda3/envs/airflow_etl/lib/python3.11/site-packages/airflow/example_dags/example_trigger_controller_dag.py took 0.039 seconds
[2025-07-11T11:07:10.972+0200] {processor.py:161} INFO - Started process (PID=45056) to work on /home/florent/Programs/anaconda3/envs/airflow_etl/lib/python3.11/site-packages/airflow/example_dags/example_trigger_controller_dag.py
[2025-07-11T11:07:10.974+0200] {processor.py:830} INFO - Processing file /home/florent/Programs/anaconda3/envs/airflow_etl/lib/python3.11/site-packages/airflow/example_dags/example_trigger_controller_dag.py for tasks to queue
[2025-07-11T11:07:10.976+0200] {logging_mixin.py:188} INFO - [2025-07-11T11:07:10.975+0200] {dagbag.py:545} INFO - Filling up the DagBag from /home/florent/Programs/anaconda3/envs/airflow_etl/lib/python3.11/site-packages/airflow/example_dags/example_trigger_controller_dag.py
[2025-07-11T11:07:10.987+0200] {processor.py:840} INFO - DAG(s) 'example_trigger_controller_dag' retrieved from /home/florent/Programs/anaconda3/envs/airflow_etl/lib/python3.11/site-packages/airflow/example_dags/example_trigger_controller_dag.py
[2025-07-11T11:07:11.023+0200] {logging_mixin.py:188} INFO - [2025-07-11T11:07:11.022+0200] {dag.py:3096} INFO - Sync 1 DAGs
[2025-07-11T11:07:11.062+0200] {logging_mixin.py:188} INFO - [2025-07-11T11:07:11.061+0200] {dag.py:3954} INFO - Setting next_dagrun for example_trigger_controller_dag to 2021-01-01 00:00:00+00:00, run_after=2021-01-01 00:00:00+00:00
[2025-07-11T11:07:11.108+0200] {processor.py:183} INFO - Processing /home/florent/Programs/anaconda3/envs/airflow_etl/lib/python3.11/site-packages/airflow/example_dags/example_trigger_controller_dag.py took 0.149 seconds
[2025-07-11T11:08:03.082+0200] {processor.py:161} INFO - Started process (PID=45816) to work on /home/florent/Programs/anaconda3/envs/airflow_etl/lib/python3.11/site-packages/airflow/example_dags/example_trigger_controller_dag.py
[2025-07-11T11:08:03.085+0200] {processor.py:830} INFO - Processing file /home/florent/Programs/anaconda3/envs/airflow_etl/lib/python3.11/site-packages/airflow/example_dags/example_trigger_controller_dag.py for tasks to queue
[2025-07-11T11:08:03.086+0200] {logging_mixin.py:188} INFO - [2025-07-11T11:08:03.086+0200] {dagbag.py:545} INFO - Filling up the DagBag from /home/florent/Programs/anaconda3/envs/airflow_etl/lib/python3.11/site-packages/airflow/example_dags/example_trigger_controller_dag.py
[2025-07-11T11:08:03.091+0200] {processor.py:840} INFO - DAG(s) 'example_trigger_controller_dag' retrieved from /home/florent/Programs/anaconda3/envs/airflow_etl/lib/python3.11/site-packages/airflow/example_dags/example_trigger_controller_dag.py
[2025-07-11T11:08:03.105+0200] {logging_mixin.py:188} INFO - [2025-07-11T11:08:03.104+0200] {dag.py:3096} INFO - Sync 1 DAGs
[2025-07-11T11:08:03.114+0200] {logging_mixin.py:188} INFO - [2025-07-11T11:08:03.114+0200] {dag.py:3954} INFO - Setting next_dagrun for example_trigger_controller_dag to 2021-01-01 00:00:00+00:00, run_after=2021-01-01 00:00:00+00:00
[2025-07-11T11:08:03.126+0200] {processor.py:183} INFO - Processing /home/florent/Programs/anaconda3/envs/airflow_etl/lib/python3.11/site-packages/airflow/example_dags/example_trigger_controller_dag.py took 0.050 seconds
[2025-07-11T11:09:04.079+0200] {processor.py:161} INFO - Started process (PID=46495) to work on /home/florent/Programs/anaconda3/envs/airflow_etl/lib/python3.11/site-packages/airflow/example_dags/example_trigger_controller_dag.py
[2025-07-11T11:09:04.081+0200] {processor.py:830} INFO - Processing file /home/florent/Programs/anaconda3/envs/airflow_etl/lib/python3.11/site-packages/airflow/example_dags/example_trigger_controller_dag.py for tasks to queue
[2025-07-11T11:09:04.082+0200] {logging_mixin.py:188} INFO - [2025-07-11T11:09:04.081+0200] {dagbag.py:545} INFO - Filling up the DagBag from /home/florent/Programs/anaconda3/envs/airflow_etl/lib/python3.11/site-packages/airflow/example_dags/example_trigger_controller_dag.py
[2025-07-11T11:09:04.087+0200] {processor.py:840} INFO - DAG(s) 'example_trigger_controller_dag' retrieved from /home/florent/Programs/anaconda3/envs/airflow_etl/lib/python3.11/site-packages/airflow/example_dags/example_trigger_controller_dag.py
[2025-07-11T11:09:04.101+0200] {logging_mixin.py:188} INFO - [2025-07-11T11:09:04.100+0200] {dag.py:3096} INFO - Sync 1 DAGs
[2025-07-11T11:09:04.110+0200] {logging_mixin.py:188} INFO - [2025-07-11T11:09:04.110+0200] {dag.py:3954} INFO - Setting next_dagrun for example_trigger_controller_dag to 2021-01-01 00:00:00+00:00, run_after=2021-01-01 00:00:00+00:00
[2025-07-11T11:09:04.121+0200] {processor.py:183} INFO - Processing /home/florent/Programs/anaconda3/envs/airflow_etl/lib/python3.11/site-packages/airflow/example_dags/example_trigger_controller_dag.py took 0.049 seconds
[2025-07-11T11:10:05.767+0200] {processor.py:161} INFO - Started process (PID=47310) to work on /home/florent/Programs/anaconda3/envs/airflow_etl/lib/python3.11/site-packages/airflow/example_dags/example_trigger_controller_dag.py
[2025-07-11T11:10:05.769+0200] {processor.py:830} INFO - Processing file /home/florent/Programs/anaconda3/envs/airflow_etl/lib/python3.11/site-packages/airflow/example_dags/example_trigger_controller_dag.py for tasks to queue
[2025-07-11T11:10:05.770+0200] {logging_mixin.py:188} INFO - [2025-07-11T11:10:05.769+0200] {dagbag.py:545} INFO - Filling up the DagBag from /home/florent/Programs/anaconda3/envs/airflow_etl/lib/python3.11/site-packages/airflow/example_dags/example_trigger_controller_dag.py
[2025-07-11T11:10:05.775+0200] {processor.py:840} INFO - DAG(s) 'example_trigger_controller_dag' retrieved from /home/florent/Programs/anaconda3/envs/airflow_etl/lib/python3.11/site-packages/airflow/example_dags/example_trigger_controller_dag.py
[2025-07-11T11:10:05.791+0200] {logging_mixin.py:188} INFO - [2025-07-11T11:10:05.790+0200] {dag.py:3096} INFO - Sync 1 DAGs
[2025-07-11T11:10:05.803+0200] {logging_mixin.py:188} INFO - [2025-07-11T11:10:05.803+0200] {dag.py:3954} INFO - Setting next_dagrun for example_trigger_controller_dag to 2021-01-01 00:00:00+00:00, run_after=2021-01-01 00:00:00+00:00
[2025-07-11T11:10:05.815+0200] {processor.py:183} INFO - Processing /home/florent/Programs/anaconda3/envs/airflow_etl/lib/python3.11/site-packages/airflow/example_dags/example_trigger_controller_dag.py took 0.054 seconds
[2025-07-11T11:11:12.266+0200] {processor.py:161} INFO - Started process (PID=48217) to work on /home/florent/Programs/anaconda3/envs/airflow_etl/lib/python3.11/site-packages/airflow/example_dags/example_trigger_controller_dag.py
[2025-07-11T11:11:12.268+0200] {processor.py:830} INFO - Processing file /home/florent/Programs/anaconda3/envs/airflow_etl/lib/python3.11/site-packages/airflow/example_dags/example_trigger_controller_dag.py for tasks to queue
[2025-07-11T11:11:12.269+0200] {logging_mixin.py:188} INFO - [2025-07-11T11:11:12.269+0200] {dagbag.py:545} INFO - Filling up the DagBag from /home/florent/Programs/anaconda3/envs/airflow_etl/lib/python3.11/site-packages/airflow/example_dags/example_trigger_controller_dag.py
[2025-07-11T11:11:12.271+0200] {processor.py:840} INFO - DAG(s) 'example_trigger_controller_dag' retrieved from /home/florent/Programs/anaconda3/envs/airflow_etl/lib/python3.11/site-packages/airflow/example_dags/example_trigger_controller_dag.py
[2025-07-11T11:11:12.280+0200] {logging_mixin.py:188} INFO - [2025-07-11T11:11:12.279+0200] {dag.py:3096} INFO - Sync 1 DAGs
[2025-07-11T11:11:12.288+0200] {logging_mixin.py:188} INFO - [2025-07-11T11:11:12.288+0200] {dag.py:3954} INFO - Setting next_dagrun for example_trigger_controller_dag to 2021-01-01 00:00:00+00:00, run_after=2021-01-01 00:00:00+00:00
[2025-07-11T11:11:12.299+0200] {processor.py:183} INFO - Processing /home/florent/Programs/anaconda3/envs/airflow_etl/lib/python3.11/site-packages/airflow/example_dags/example_trigger_controller_dag.py took 0.036 seconds
[2025-07-11T11:12:22.775+0200] {processor.py:161} INFO - Started process (PID=49922) to work on /home/florent/Programs/anaconda3/envs/airflow_etl/lib/python3.11/site-packages/airflow/example_dags/example_trigger_controller_dag.py
[2025-07-11T11:12:22.778+0200] {processor.py:830} INFO - Processing file /home/florent/Programs/anaconda3/envs/airflow_etl/lib/python3.11/site-packages/airflow/example_dags/example_trigger_controller_dag.py for tasks to queue
[2025-07-11T11:12:22.779+0200] {logging_mixin.py:188} INFO - [2025-07-11T11:12:22.778+0200] {dagbag.py:545} INFO - Filling up the DagBag from /home/florent/Programs/anaconda3/envs/airflow_etl/lib/python3.11/site-packages/airflow/example_dags/example_trigger_controller_dag.py
[2025-07-11T11:12:22.783+0200] {processor.py:840} INFO - DAG(s) 'example_trigger_controller_dag' retrieved from /home/florent/Programs/anaconda3/envs/airflow_etl/lib/python3.11/site-packages/airflow/example_dags/example_trigger_controller_dag.py
[2025-07-11T11:12:22.794+0200] {logging_mixin.py:188} INFO - [2025-07-11T11:12:22.794+0200] {dag.py:3096} INFO - Sync 1 DAGs
[2025-07-11T11:12:22.804+0200] {logging_mixin.py:188} INFO - [2025-07-11T11:12:22.803+0200] {dag.py:3954} INFO - Setting next_dagrun for example_trigger_controller_dag to 2021-01-01 00:00:00+00:00, run_after=2021-01-01 00:00:00+00:00
[2025-07-11T11:12:22.815+0200] {processor.py:183} INFO - Processing /home/florent/Programs/anaconda3/envs/airflow_etl/lib/python3.11/site-packages/airflow/example_dags/example_trigger_controller_dag.py took 0.047 seconds
[2025-07-11T11:13:28.503+0200] {processor.py:161} INFO - Started process (PID=50790) to work on /home/florent/Programs/anaconda3/envs/airflow_etl/lib/python3.11/site-packages/airflow/example_dags/example_trigger_controller_dag.py
[2025-07-11T11:13:28.505+0200] {processor.py:830} INFO - Processing file /home/florent/Programs/anaconda3/envs/airflow_etl/lib/python3.11/site-packages/airflow/example_dags/example_trigger_controller_dag.py for tasks to queue
[2025-07-11T11:13:28.506+0200] {logging_mixin.py:188} INFO - [2025-07-11T11:13:28.506+0200] {dagbag.py:545} INFO - Filling up the DagBag from /home/florent/Programs/anaconda3/envs/airflow_etl/lib/python3.11/site-packages/airflow/example_dags/example_trigger_controller_dag.py
[2025-07-11T11:13:28.511+0200] {processor.py:840} INFO - DAG(s) 'example_trigger_controller_dag' retrieved from /home/florent/Programs/anaconda3/envs/airflow_etl/lib/python3.11/site-packages/airflow/example_dags/example_trigger_controller_dag.py
[2025-07-11T11:13:28.521+0200] {logging_mixin.py:188} INFO - [2025-07-11T11:13:28.521+0200] {dag.py:3096} INFO - Sync 1 DAGs
[2025-07-11T11:13:28.529+0200] {logging_mixin.py:188} INFO - [2025-07-11T11:13:28.529+0200] {dag.py:3954} INFO - Setting next_dagrun for example_trigger_controller_dag to 2021-01-01 00:00:00+00:00, run_after=2021-01-01 00:00:00+00:00
[2025-07-11T11:13:28.539+0200] {processor.py:183} INFO - Processing /home/florent/Programs/anaconda3/envs/airflow_etl/lib/python3.11/site-packages/airflow/example_dags/example_trigger_controller_dag.py took 0.041 seconds
[2025-07-11T11:13:35.509+0200] {processor.py:161} INFO - Started process (PID=50951) to work on /home/florent/Programs/anaconda3/envs/airflow_etl/lib/python3.11/site-packages/airflow/example_dags/example_trigger_controller_dag.py
[2025-07-11T11:13:35.512+0200] {processor.py:830} INFO - Processing file /home/florent/Programs/anaconda3/envs/airflow_etl/lib/python3.11/site-packages/airflow/example_dags/example_trigger_controller_dag.py for tasks to queue
[2025-07-11T11:13:35.513+0200] {logging_mixin.py:188} INFO - [2025-07-11T11:13:35.513+0200] {dagbag.py:545} INFO - Filling up the DagBag from /home/florent/Programs/anaconda3/envs/airflow_etl/lib/python3.11/site-packages/airflow/example_dags/example_trigger_controller_dag.py
[2025-07-11T11:13:35.518+0200] {processor.py:840} INFO - DAG(s) 'example_trigger_controller_dag' retrieved from /home/florent/Programs/anaconda3/envs/airflow_etl/lib/python3.11/site-packages/airflow/example_dags/example_trigger_controller_dag.py
[2025-07-11T11:13:35.533+0200] {logging_mixin.py:188} INFO - [2025-07-11T11:13:35.533+0200] {dag.py:3096} INFO - Sync 1 DAGs
[2025-07-11T11:13:35.542+0200] {logging_mixin.py:188} INFO - [2025-07-11T11:13:35.542+0200] {dag.py:3954} INFO - Setting next_dagrun for example_trigger_controller_dag to 2021-01-01 00:00:00+00:00, run_after=2021-01-01 00:00:00+00:00
[2025-07-11T11:13:35.553+0200] {processor.py:183} INFO - Processing /home/florent/Programs/anaconda3/envs/airflow_etl/lib/python3.11/site-packages/airflow/example_dags/example_trigger_controller_dag.py took 0.050 seconds
[2025-07-11T11:14:34.197+0200] {processor.py:161} INFO - Started process (PID=51648) to work on /home/florent/Programs/anaconda3/envs/airflow_etl/lib/python3.11/site-packages/airflow/example_dags/example_trigger_controller_dag.py
[2025-07-11T11:14:34.198+0200] {processor.py:830} INFO - Processing file /home/florent/Programs/anaconda3/envs/airflow_etl/lib/python3.11/site-packages/airflow/example_dags/example_trigger_controller_dag.py for tasks to queue
[2025-07-11T11:14:34.199+0200] {logging_mixin.py:188} INFO - [2025-07-11T11:14:34.199+0200] {dagbag.py:545} INFO - Filling up the DagBag from /home/florent/Programs/anaconda3/envs/airflow_etl/lib/python3.11/site-packages/airflow/example_dags/example_trigger_controller_dag.py
[2025-07-11T11:14:34.205+0200] {processor.py:840} INFO - DAG(s) 'example_trigger_controller_dag' retrieved from /home/florent/Programs/anaconda3/envs/airflow_etl/lib/python3.11/site-packages/airflow/example_dags/example_trigger_controller_dag.py
[2025-07-11T11:14:34.216+0200] {logging_mixin.py:188} INFO - [2025-07-11T11:14:34.216+0200] {dag.py:3096} INFO - Sync 1 DAGs
[2025-07-11T11:14:34.228+0200] {logging_mixin.py:188} INFO - [2025-07-11T11:14:34.228+0200] {dag.py:3954} INFO - Setting next_dagrun for example_trigger_controller_dag to 2021-01-01 00:00:00+00:00, run_after=2021-01-01 00:00:00+00:00
[2025-07-11T11:14:34.240+0200] {processor.py:183} INFO - Processing /home/florent/Programs/anaconda3/envs/airflow_etl/lib/python3.11/site-packages/airflow/example_dags/example_trigger_controller_dag.py took 0.049 seconds
[2025-07-11T11:14:42.279+0200] {processor.py:161} INFO - Started process (PID=51747) to work on /home/florent/Programs/anaconda3/envs/airflow_etl/lib/python3.11/site-packages/airflow/example_dags/example_trigger_controller_dag.py
[2025-07-11T11:14:42.280+0200] {processor.py:830} INFO - Processing file /home/florent/Programs/anaconda3/envs/airflow_etl/lib/python3.11/site-packages/airflow/example_dags/example_trigger_controller_dag.py for tasks to queue
[2025-07-11T11:14:42.282+0200] {logging_mixin.py:188} INFO - [2025-07-11T11:14:42.281+0200] {dagbag.py:545} INFO - Filling up the DagBag from /home/florent/Programs/anaconda3/envs/airflow_etl/lib/python3.11/site-packages/airflow/example_dags/example_trigger_controller_dag.py
[2025-07-11T11:14:42.287+0200] {processor.py:840} INFO - DAG(s) 'example_trigger_controller_dag' retrieved from /home/florent/Programs/anaconda3/envs/airflow_etl/lib/python3.11/site-packages/airflow/example_dags/example_trigger_controller_dag.py
[2025-07-11T11:14:42.300+0200] {logging_mixin.py:188} INFO - [2025-07-11T11:14:42.300+0200] {dag.py:3096} INFO - Sync 1 DAGs
[2025-07-11T11:14:42.310+0200] {logging_mixin.py:188} INFO - [2025-07-11T11:14:42.310+0200] {dag.py:3954} INFO - Setting next_dagrun for example_trigger_controller_dag to 2021-01-01 00:00:00+00:00, run_after=2021-01-01 00:00:00+00:00
[2025-07-11T11:14:42.323+0200] {processor.py:183} INFO - Processing /home/florent/Programs/anaconda3/envs/airflow_etl/lib/python3.11/site-packages/airflow/example_dags/example_trigger_controller_dag.py took 0.050 seconds
[2025-07-11T11:15:33.616+0200] {processor.py:161} INFO - Started process (PID=52396) to work on /home/florent/Programs/anaconda3/envs/airflow_etl/lib/python3.11/site-packages/airflow/example_dags/example_trigger_controller_dag.py
[2025-07-11T11:15:33.619+0200] {processor.py:830} INFO - Processing file /home/florent/Programs/anaconda3/envs/airflow_etl/lib/python3.11/site-packages/airflow/example_dags/example_trigger_controller_dag.py for tasks to queue
[2025-07-11T11:15:33.619+0200] {logging_mixin.py:188} INFO - [2025-07-11T11:15:33.619+0200] {dagbag.py:545} INFO - Filling up the DagBag from /home/florent/Programs/anaconda3/envs/airflow_etl/lib/python3.11/site-packages/airflow/example_dags/example_trigger_controller_dag.py
[2025-07-11T11:15:33.622+0200] {processor.py:840} INFO - DAG(s) 'example_trigger_controller_dag' retrieved from /home/florent/Programs/anaconda3/envs/airflow_etl/lib/python3.11/site-packages/airflow/example_dags/example_trigger_controller_dag.py
[2025-07-11T11:15:33.631+0200] {logging_mixin.py:188} INFO - [2025-07-11T11:15:33.630+0200] {dag.py:3096} INFO - Sync 1 DAGs
[2025-07-11T11:15:33.640+0200] {logging_mixin.py:188} INFO - [2025-07-11T11:15:33.640+0200] {dag.py:3954} INFO - Setting next_dagrun for example_trigger_controller_dag to 2021-01-01 00:00:00+00:00, run_after=2021-01-01 00:00:00+00:00
[2025-07-11T11:15:33.651+0200] {processor.py:183} INFO - Processing /home/florent/Programs/anaconda3/envs/airflow_etl/lib/python3.11/site-packages/airflow/example_dags/example_trigger_controller_dag.py took 0.039 seconds
[2025-07-11T11:15:48.974+0200] {processor.py:161} INFO - Started process (PID=52569) to work on /home/florent/Programs/anaconda3/envs/airflow_etl/lib/python3.11/site-packages/airflow/example_dags/example_trigger_controller_dag.py
[2025-07-11T11:15:48.976+0200] {processor.py:830} INFO - Processing file /home/florent/Programs/anaconda3/envs/airflow_etl/lib/python3.11/site-packages/airflow/example_dags/example_trigger_controller_dag.py for tasks to queue
[2025-07-11T11:15:48.977+0200] {logging_mixin.py:188} INFO - [2025-07-11T11:15:48.977+0200] {dagbag.py:545} INFO - Filling up the DagBag from /home/florent/Programs/anaconda3/envs/airflow_etl/lib/python3.11/site-packages/airflow/example_dags/example_trigger_controller_dag.py
[2025-07-11T11:15:48.980+0200] {processor.py:840} INFO - DAG(s) 'example_trigger_controller_dag' retrieved from /home/florent/Programs/anaconda3/envs/airflow_etl/lib/python3.11/site-packages/airflow/example_dags/example_trigger_controller_dag.py
[2025-07-11T11:15:48.988+0200] {logging_mixin.py:188} INFO - [2025-07-11T11:15:48.987+0200] {dag.py:3096} INFO - Sync 1 DAGs
[2025-07-11T11:15:48.996+0200] {logging_mixin.py:188} INFO - [2025-07-11T11:15:48.996+0200] {dag.py:3954} INFO - Setting next_dagrun for example_trigger_controller_dag to 2021-01-01 00:00:00+00:00, run_after=2021-01-01 00:00:00+00:00
[2025-07-11T11:15:49.006+0200] {processor.py:183} INFO - Processing /home/florent/Programs/anaconda3/envs/airflow_etl/lib/python3.11/site-packages/airflow/example_dags/example_trigger_controller_dag.py took 0.035 seconds
[2025-07-11T11:16:34.247+0200] {processor.py:161} INFO - Started process (PID=53121) to work on /home/florent/Programs/anaconda3/envs/airflow_etl/lib/python3.11/site-packages/airflow/example_dags/example_trigger_controller_dag.py
[2025-07-11T11:16:34.248+0200] {processor.py:830} INFO - Processing file /home/florent/Programs/anaconda3/envs/airflow_etl/lib/python3.11/site-packages/airflow/example_dags/example_trigger_controller_dag.py for tasks to queue
[2025-07-11T11:16:34.249+0200] {logging_mixin.py:188} INFO - [2025-07-11T11:16:34.248+0200] {dagbag.py:545} INFO - Filling up the DagBag from /home/florent/Programs/anaconda3/envs/airflow_etl/lib/python3.11/site-packages/airflow/example_dags/example_trigger_controller_dag.py
[2025-07-11T11:16:34.252+0200] {processor.py:840} INFO - DAG(s) 'example_trigger_controller_dag' retrieved from /home/florent/Programs/anaconda3/envs/airflow_etl/lib/python3.11/site-packages/airflow/example_dags/example_trigger_controller_dag.py
[2025-07-11T11:16:34.261+0200] {logging_mixin.py:188} INFO - [2025-07-11T11:16:34.261+0200] {dag.py:3096} INFO - Sync 1 DAGs
[2025-07-11T11:16:34.272+0200] {logging_mixin.py:188} INFO - [2025-07-11T11:16:34.272+0200] {dag.py:3954} INFO - Setting next_dagrun for example_trigger_controller_dag to 2021-01-01 00:00:00+00:00, run_after=2021-01-01 00:00:00+00:00
[2025-07-11T11:16:34.286+0200] {processor.py:183} INFO - Processing /home/florent/Programs/anaconda3/envs/airflow_etl/lib/python3.11/site-packages/airflow/example_dags/example_trigger_controller_dag.py took 0.042 seconds
[2025-07-11T11:16:51.181+0200] {processor.py:161} INFO - Started process (PID=53342) to work on /home/florent/Programs/anaconda3/envs/airflow_etl/lib/python3.11/site-packages/airflow/example_dags/example_trigger_controller_dag.py
[2025-07-11T11:16:51.184+0200] {processor.py:830} INFO - Processing file /home/florent/Programs/anaconda3/envs/airflow_etl/lib/python3.11/site-packages/airflow/example_dags/example_trigger_controller_dag.py for tasks to queue
[2025-07-11T11:16:51.185+0200] {logging_mixin.py:188} INFO - [2025-07-11T11:16:51.185+0200] {dagbag.py:545} INFO - Filling up the DagBag from /home/florent/Programs/anaconda3/envs/airflow_etl/lib/python3.11/site-packages/airflow/example_dags/example_trigger_controller_dag.py
[2025-07-11T11:16:51.190+0200] {processor.py:840} INFO - DAG(s) 'example_trigger_controller_dag' retrieved from /home/florent/Programs/anaconda3/envs/airflow_etl/lib/python3.11/site-packages/airflow/example_dags/example_trigger_controller_dag.py
[2025-07-11T11:16:51.200+0200] {logging_mixin.py:188} INFO - [2025-07-11T11:16:51.200+0200] {dag.py:3096} INFO - Sync 1 DAGs
[2025-07-11T11:16:51.209+0200] {logging_mixin.py:188} INFO - [2025-07-11T11:16:51.209+0200] {dag.py:3954} INFO - Setting next_dagrun for example_trigger_controller_dag to 2021-01-01 00:00:00+00:00, run_after=2021-01-01 00:00:00+00:00
[2025-07-11T11:16:51.219+0200] {processor.py:183} INFO - Processing /home/florent/Programs/anaconda3/envs/airflow_etl/lib/python3.11/site-packages/airflow/example_dags/example_trigger_controller_dag.py took 0.043 seconds
[2025-07-11T11:18:27.350+0200] {processor.py:161} INFO - Started process (PID=54332) to work on /home/florent/Programs/anaconda3/envs/airflow_etl/lib/python3.11/site-packages/airflow/example_dags/example_trigger_controller_dag.py
[2025-07-11T11:18:27.353+0200] {processor.py:830} INFO - Processing file /home/florent/Programs/anaconda3/envs/airflow_etl/lib/python3.11/site-packages/airflow/example_dags/example_trigger_controller_dag.py for tasks to queue
[2025-07-11T11:18:27.354+0200] {logging_mixin.py:188} INFO - [2025-07-11T11:18:27.354+0200] {dagbag.py:545} INFO - Filling up the DagBag from /home/florent/Programs/anaconda3/envs/airflow_etl/lib/python3.11/site-packages/airflow/example_dags/example_trigger_controller_dag.py
[2025-07-11T11:18:27.357+0200] {processor.py:840} INFO - DAG(s) 'example_trigger_controller_dag' retrieved from /home/florent/Programs/anaconda3/envs/airflow_etl/lib/python3.11/site-packages/airflow/example_dags/example_trigger_controller_dag.py
[2025-07-11T11:18:27.366+0200] {logging_mixin.py:188} INFO - [2025-07-11T11:18:27.366+0200] {dag.py:3096} INFO - Sync 1 DAGs
[2025-07-11T11:18:27.376+0200] {logging_mixin.py:188} INFO - [2025-07-11T11:18:27.375+0200] {dag.py:3954} INFO - Setting next_dagrun for example_trigger_controller_dag to 2021-01-01 00:00:00+00:00, run_after=2021-01-01 00:00:00+00:00
[2025-07-11T11:18:27.385+0200] {processor.py:183} INFO - Processing /home/florent/Programs/anaconda3/envs/airflow_etl/lib/python3.11/site-packages/airflow/example_dags/example_trigger_controller_dag.py took 0.040 seconds
[2025-07-11T11:19:30.969+0200] {processor.py:161} INFO - Started process (PID=55061) to work on /home/florent/Programs/anaconda3/envs/airflow_etl/lib/python3.11/site-packages/airflow/example_dags/example_trigger_controller_dag.py
[2025-07-11T11:19:30.972+0200] {processor.py:830} INFO - Processing file /home/florent/Programs/anaconda3/envs/airflow_etl/lib/python3.11/site-packages/airflow/example_dags/example_trigger_controller_dag.py for tasks to queue
[2025-07-11T11:19:30.973+0200] {logging_mixin.py:188} INFO - [2025-07-11T11:19:30.973+0200] {dagbag.py:545} INFO - Filling up the DagBag from /home/florent/Programs/anaconda3/envs/airflow_etl/lib/python3.11/site-packages/airflow/example_dags/example_trigger_controller_dag.py
[2025-07-11T11:19:30.978+0200] {processor.py:840} INFO - DAG(s) 'example_trigger_controller_dag' retrieved from /home/florent/Programs/anaconda3/envs/airflow_etl/lib/python3.11/site-packages/airflow/example_dags/example_trigger_controller_dag.py
[2025-07-11T11:19:30.990+0200] {logging_mixin.py:188} INFO - [2025-07-11T11:19:30.990+0200] {dag.py:3096} INFO - Sync 1 DAGs
[2025-07-11T11:19:30.998+0200] {logging_mixin.py:188} INFO - [2025-07-11T11:19:30.998+0200] {dag.py:3954} INFO - Setting next_dagrun for example_trigger_controller_dag to 2021-01-01 00:00:00+00:00, run_after=2021-01-01 00:00:00+00:00
[2025-07-11T11:19:31.009+0200] {processor.py:183} INFO - Processing /home/florent/Programs/anaconda3/envs/airflow_etl/lib/python3.11/site-packages/airflow/example_dags/example_trigger_controller_dag.py took 0.044 seconds
[2025-07-11T11:20:38.595+0200] {processor.py:161} INFO - Started process (PID=55744) to work on /home/florent/Programs/anaconda3/envs/airflow_etl/lib/python3.11/site-packages/airflow/example_dags/example_trigger_controller_dag.py
[2025-07-11T11:20:38.598+0200] {processor.py:830} INFO - Processing file /home/florent/Programs/anaconda3/envs/airflow_etl/lib/python3.11/site-packages/airflow/example_dags/example_trigger_controller_dag.py for tasks to queue
[2025-07-11T11:20:38.599+0200] {logging_mixin.py:188} INFO - [2025-07-11T11:20:38.599+0200] {dagbag.py:545} INFO - Filling up the DagBag from /home/florent/Programs/anaconda3/envs/airflow_etl/lib/python3.11/site-packages/airflow/example_dags/example_trigger_controller_dag.py
[2025-07-11T11:20:38.604+0200] {processor.py:840} INFO - DAG(s) 'example_trigger_controller_dag' retrieved from /home/florent/Programs/anaconda3/envs/airflow_etl/lib/python3.11/site-packages/airflow/example_dags/example_trigger_controller_dag.py
[2025-07-11T11:20:38.614+0200] {logging_mixin.py:188} INFO - [2025-07-11T11:20:38.614+0200] {dag.py:3096} INFO - Sync 1 DAGs
[2025-07-11T11:20:38.623+0200] {logging_mixin.py:188} INFO - [2025-07-11T11:20:38.623+0200] {dag.py:3954} INFO - Setting next_dagrun for example_trigger_controller_dag to 2021-01-01 00:00:00+00:00, run_after=2021-01-01 00:00:00+00:00
[2025-07-11T11:20:38.632+0200] {processor.py:183} INFO - Processing /home/florent/Programs/anaconda3/envs/airflow_etl/lib/python3.11/site-packages/airflow/example_dags/example_trigger_controller_dag.py took 0.043 seconds
[2025-07-11T11:21:44.155+0200] {processor.py:161} INFO - Started process (PID=56457) to work on /home/florent/Programs/anaconda3/envs/airflow_etl/lib/python3.11/site-packages/airflow/example_dags/example_trigger_controller_dag.py
[2025-07-11T11:21:44.158+0200] {processor.py:830} INFO - Processing file /home/florent/Programs/anaconda3/envs/airflow_etl/lib/python3.11/site-packages/airflow/example_dags/example_trigger_controller_dag.py for tasks to queue
[2025-07-11T11:21:44.160+0200] {logging_mixin.py:188} INFO - [2025-07-11T11:21:44.159+0200] {dagbag.py:545} INFO - Filling up the DagBag from /home/florent/Programs/anaconda3/envs/airflow_etl/lib/python3.11/site-packages/airflow/example_dags/example_trigger_controller_dag.py
[2025-07-11T11:21:44.164+0200] {processor.py:840} INFO - DAG(s) 'example_trigger_controller_dag' retrieved from /home/florent/Programs/anaconda3/envs/airflow_etl/lib/python3.11/site-packages/airflow/example_dags/example_trigger_controller_dag.py
[2025-07-11T11:21:44.172+0200] {logging_mixin.py:188} INFO - [2025-07-11T11:21:44.172+0200] {dag.py:3096} INFO - Sync 1 DAGs
[2025-07-11T11:21:44.181+0200] {logging_mixin.py:188} INFO - [2025-07-11T11:21:44.181+0200] {dag.py:3954} INFO - Setting next_dagrun for example_trigger_controller_dag to 2021-01-01 00:00:00+00:00, run_after=2021-01-01 00:00:00+00:00
[2025-07-11T11:21:44.191+0200] {processor.py:183} INFO - Processing /home/florent/Programs/anaconda3/envs/airflow_etl/lib/python3.11/site-packages/airflow/example_dags/example_trigger_controller_dag.py took 0.041 seconds
[2025-07-11T11:22:50.599+0200] {processor.py:161} INFO - Started process (PID=57100) to work on /home/florent/Programs/anaconda3/envs/airflow_etl/lib/python3.11/site-packages/airflow/example_dags/example_trigger_controller_dag.py
[2025-07-11T11:22:50.602+0200] {processor.py:830} INFO - Processing file /home/florent/Programs/anaconda3/envs/airflow_etl/lib/python3.11/site-packages/airflow/example_dags/example_trigger_controller_dag.py for tasks to queue
[2025-07-11T11:22:50.603+0200] {logging_mixin.py:188} INFO - [2025-07-11T11:22:50.603+0200] {dagbag.py:545} INFO - Filling up the DagBag from /home/florent/Programs/anaconda3/envs/airflow_etl/lib/python3.11/site-packages/airflow/example_dags/example_trigger_controller_dag.py
[2025-07-11T11:22:50.607+0200] {processor.py:840} INFO - DAG(s) 'example_trigger_controller_dag' retrieved from /home/florent/Programs/anaconda3/envs/airflow_etl/lib/python3.11/site-packages/airflow/example_dags/example_trigger_controller_dag.py
[2025-07-11T11:22:50.617+0200] {logging_mixin.py:188} INFO - [2025-07-11T11:22:50.617+0200] {dag.py:3096} INFO - Sync 1 DAGs
[2025-07-11T11:22:50.683+0200] {logging_mixin.py:188} INFO - [2025-07-11T11:22:50.683+0200] {dag.py:3954} INFO - Setting next_dagrun for example_trigger_controller_dag to 2021-01-01 00:00:00+00:00, run_after=2021-01-01 00:00:00+00:00
[2025-07-11T11:22:50.693+0200] {processor.py:183} INFO - Processing /home/florent/Programs/anaconda3/envs/airflow_etl/lib/python3.11/site-packages/airflow/example_dags/example_trigger_controller_dag.py took 0.098 seconds
[2025-07-11T11:24:00.997+0200] {processor.py:161} INFO - Started process (PID=57828) to work on /home/florent/Programs/anaconda3/envs/airflow_etl/lib/python3.11/site-packages/airflow/example_dags/example_trigger_controller_dag.py
[2025-07-11T11:24:00.999+0200] {processor.py:830} INFO - Processing file /home/florent/Programs/anaconda3/envs/airflow_etl/lib/python3.11/site-packages/airflow/example_dags/example_trigger_controller_dag.py for tasks to queue
[2025-07-11T11:24:01.001+0200] {logging_mixin.py:188} INFO - [2025-07-11T11:24:01.001+0200] {dagbag.py:545} INFO - Filling up the DagBag from /home/florent/Programs/anaconda3/envs/airflow_etl/lib/python3.11/site-packages/airflow/example_dags/example_trigger_controller_dag.py
[2025-07-11T11:24:01.006+0200] {processor.py:840} INFO - DAG(s) 'example_trigger_controller_dag' retrieved from /home/florent/Programs/anaconda3/envs/airflow_etl/lib/python3.11/site-packages/airflow/example_dags/example_trigger_controller_dag.py
[2025-07-11T11:24:01.018+0200] {logging_mixin.py:188} INFO - [2025-07-11T11:24:01.018+0200] {dag.py:3096} INFO - Sync 1 DAGs
[2025-07-11T11:24:01.027+0200] {logging_mixin.py:188} INFO - [2025-07-11T11:24:01.026+0200] {dag.py:3954} INFO - Setting next_dagrun for example_trigger_controller_dag to 2021-01-01 00:00:00+00:00, run_after=2021-01-01 00:00:00+00:00
[2025-07-11T11:24:01.037+0200] {processor.py:183} INFO - Processing /home/florent/Programs/anaconda3/envs/airflow_etl/lib/python3.11/site-packages/airflow/example_dags/example_trigger_controller_dag.py took 0.045 seconds
[2025-07-11T11:24:53.487+0200] {processor.py:161} INFO - Started process (PID=58380) to work on /home/florent/Programs/anaconda3/envs/airflow_etl/lib/python3.11/site-packages/airflow/example_dags/example_trigger_controller_dag.py
[2025-07-11T11:24:53.490+0200] {processor.py:830} INFO - Processing file /home/florent/Programs/anaconda3/envs/airflow_etl/lib/python3.11/site-packages/airflow/example_dags/example_trigger_controller_dag.py for tasks to queue
[2025-07-11T11:24:53.491+0200] {logging_mixin.py:188} INFO - [2025-07-11T11:24:53.491+0200] {dagbag.py:545} INFO - Filling up the DagBag from /home/florent/Programs/anaconda3/envs/airflow_etl/lib/python3.11/site-packages/airflow/example_dags/example_trigger_controller_dag.py
[2025-07-11T11:24:53.494+0200] {processor.py:840} INFO - DAG(s) 'example_trigger_controller_dag' retrieved from /home/florent/Programs/anaconda3/envs/airflow_etl/lib/python3.11/site-packages/airflow/example_dags/example_trigger_controller_dag.py
[2025-07-11T11:24:53.504+0200] {logging_mixin.py:188} INFO - [2025-07-11T11:24:53.504+0200] {dag.py:3096} INFO - Sync 1 DAGs
[2025-07-11T11:24:53.514+0200] {logging_mixin.py:188} INFO - [2025-07-11T11:24:53.514+0200] {dag.py:3954} INFO - Setting next_dagrun for example_trigger_controller_dag to 2021-01-01 00:00:00+00:00, run_after=2021-01-01 00:00:00+00:00
[2025-07-11T11:24:53.525+0200] {processor.py:183} INFO - Processing /home/florent/Programs/anaconda3/envs/airflow_etl/lib/python3.11/site-packages/airflow/example_dags/example_trigger_controller_dag.py took 0.041 seconds
[2025-07-11T11:26:00.358+0200] {processor.py:161} INFO - Started process (PID=59105) to work on /home/florent/Programs/anaconda3/envs/airflow_etl/lib/python3.11/site-packages/airflow/example_dags/example_trigger_controller_dag.py
[2025-07-11T11:26:00.359+0200] {processor.py:830} INFO - Processing file /home/florent/Programs/anaconda3/envs/airflow_etl/lib/python3.11/site-packages/airflow/example_dags/example_trigger_controller_dag.py for tasks to queue
[2025-07-11T11:26:00.360+0200] {logging_mixin.py:188} INFO - [2025-07-11T11:26:00.360+0200] {dagbag.py:545} INFO - Filling up the DagBag from /home/florent/Programs/anaconda3/envs/airflow_etl/lib/python3.11/site-packages/airflow/example_dags/example_trigger_controller_dag.py
[2025-07-11T11:26:00.364+0200] {processor.py:840} INFO - DAG(s) 'example_trigger_controller_dag' retrieved from /home/florent/Programs/anaconda3/envs/airflow_etl/lib/python3.11/site-packages/airflow/example_dags/example_trigger_controller_dag.py
[2025-07-11T11:26:00.375+0200] {logging_mixin.py:188} INFO - [2025-07-11T11:26:00.375+0200] {dag.py:3096} INFO - Sync 1 DAGs
[2025-07-11T11:26:00.386+0200] {logging_mixin.py:188} INFO - [2025-07-11T11:26:00.386+0200] {dag.py:3954} INFO - Setting next_dagrun for example_trigger_controller_dag to 2021-01-01 00:00:00+00:00, run_after=2021-01-01 00:00:00+00:00
[2025-07-11T11:26:00.398+0200] {processor.py:183} INFO - Processing /home/florent/Programs/anaconda3/envs/airflow_etl/lib/python3.11/site-packages/airflow/example_dags/example_trigger_controller_dag.py took 0.046 seconds
[2025-07-11T11:27:06.343+0200] {processor.py:161} INFO - Started process (PID=59847) to work on /home/florent/Programs/anaconda3/envs/airflow_etl/lib/python3.11/site-packages/airflow/example_dags/example_trigger_controller_dag.py
[2025-07-11T11:27:06.346+0200] {processor.py:830} INFO - Processing file /home/florent/Programs/anaconda3/envs/airflow_etl/lib/python3.11/site-packages/airflow/example_dags/example_trigger_controller_dag.py for tasks to queue
[2025-07-11T11:27:06.347+0200] {logging_mixin.py:188} INFO - [2025-07-11T11:27:06.347+0200] {dagbag.py:545} INFO - Filling up the DagBag from /home/florent/Programs/anaconda3/envs/airflow_etl/lib/python3.11/site-packages/airflow/example_dags/example_trigger_controller_dag.py
[2025-07-11T11:27:06.351+0200] {processor.py:840} INFO - DAG(s) 'example_trigger_controller_dag' retrieved from /home/florent/Programs/anaconda3/envs/airflow_etl/lib/python3.11/site-packages/airflow/example_dags/example_trigger_controller_dag.py
[2025-07-11T11:27:06.361+0200] {logging_mixin.py:188} INFO - [2025-07-11T11:27:06.360+0200] {dag.py:3096} INFO - Sync 1 DAGs
[2025-07-11T11:27:06.371+0200] {logging_mixin.py:188} INFO - [2025-07-11T11:27:06.371+0200] {dag.py:3954} INFO - Setting next_dagrun for example_trigger_controller_dag to 2021-01-01 00:00:00+00:00, run_after=2021-01-01 00:00:00+00:00
[2025-07-11T11:27:06.382+0200] {processor.py:183} INFO - Processing /home/florent/Programs/anaconda3/envs/airflow_etl/lib/python3.11/site-packages/airflow/example_dags/example_trigger_controller_dag.py took 0.044 seconds
[2025-07-11T11:28:16.670+0200] {processor.py:161} INFO - Started process (PID=60594) to work on /home/florent/Programs/anaconda3/envs/airflow_etl/lib/python3.11/site-packages/airflow/example_dags/example_trigger_controller_dag.py
[2025-07-11T11:28:16.673+0200] {processor.py:830} INFO - Processing file /home/florent/Programs/anaconda3/envs/airflow_etl/lib/python3.11/site-packages/airflow/example_dags/example_trigger_controller_dag.py for tasks to queue
[2025-07-11T11:28:16.675+0200] {logging_mixin.py:188} INFO - [2025-07-11T11:28:16.674+0200] {dagbag.py:545} INFO - Filling up the DagBag from /home/florent/Programs/anaconda3/envs/airflow_etl/lib/python3.11/site-packages/airflow/example_dags/example_trigger_controller_dag.py
[2025-07-11T11:28:16.681+0200] {processor.py:840} INFO - DAG(s) 'example_trigger_controller_dag' retrieved from /home/florent/Programs/anaconda3/envs/airflow_etl/lib/python3.11/site-packages/airflow/example_dags/example_trigger_controller_dag.py
[2025-07-11T11:28:16.693+0200] {logging_mixin.py:188} INFO - [2025-07-11T11:28:16.693+0200] {dag.py:3096} INFO - Sync 1 DAGs
[2025-07-11T11:28:16.704+0200] {logging_mixin.py:188} INFO - [2025-07-11T11:28:16.704+0200] {dag.py:3954} INFO - Setting next_dagrun for example_trigger_controller_dag to 2021-01-01 00:00:00+00:00, run_after=2021-01-01 00:00:00+00:00
[2025-07-11T11:28:16.716+0200] {processor.py:183} INFO - Processing /home/florent/Programs/anaconda3/envs/airflow_etl/lib/python3.11/site-packages/airflow/example_dags/example_trigger_controller_dag.py took 0.054 seconds
[2025-07-11T11:29:20.802+0200] {processor.py:161} INFO - Started process (PID=61302) to work on /home/florent/Programs/anaconda3/envs/airflow_etl/lib/python3.11/site-packages/airflow/example_dags/example_trigger_controller_dag.py
[2025-07-11T11:29:20.803+0200] {processor.py:830} INFO - Processing file /home/florent/Programs/anaconda3/envs/airflow_etl/lib/python3.11/site-packages/airflow/example_dags/example_trigger_controller_dag.py for tasks to queue
[2025-07-11T11:29:20.804+0200] {logging_mixin.py:188} INFO - [2025-07-11T11:29:20.804+0200] {dagbag.py:545} INFO - Filling up the DagBag from /home/florent/Programs/anaconda3/envs/airflow_etl/lib/python3.11/site-packages/airflow/example_dags/example_trigger_controller_dag.py
[2025-07-11T11:29:20.809+0200] {processor.py:840} INFO - DAG(s) 'example_trigger_controller_dag' retrieved from /home/florent/Programs/anaconda3/envs/airflow_etl/lib/python3.11/site-packages/airflow/example_dags/example_trigger_controller_dag.py
[2025-07-11T11:29:20.819+0200] {logging_mixin.py:188} INFO - [2025-07-11T11:29:20.819+0200] {dag.py:3096} INFO - Sync 1 DAGs
[2025-07-11T11:29:20.829+0200] {logging_mixin.py:188} INFO - [2025-07-11T11:29:20.829+0200] {dag.py:3954} INFO - Setting next_dagrun for example_trigger_controller_dag to 2021-01-01 00:00:00+00:00, run_after=2021-01-01 00:00:00+00:00
[2025-07-11T11:29:20.839+0200] {processor.py:183} INFO - Processing /home/florent/Programs/anaconda3/envs/airflow_etl/lib/python3.11/site-packages/airflow/example_dags/example_trigger_controller_dag.py took 0.043 seconds
[2025-07-11T11:30:22.809+0200] {processor.py:161} INFO - Started process (PID=61944) to work on /home/florent/Programs/anaconda3/envs/airflow_etl/lib/python3.11/site-packages/airflow/example_dags/example_trigger_controller_dag.py
[2025-07-11T11:30:22.811+0200] {processor.py:830} INFO - Processing file /home/florent/Programs/anaconda3/envs/airflow_etl/lib/python3.11/site-packages/airflow/example_dags/example_trigger_controller_dag.py for tasks to queue
[2025-07-11T11:30:22.813+0200] {logging_mixin.py:188} INFO - [2025-07-11T11:30:22.812+0200] {dagbag.py:545} INFO - Filling up the DagBag from /home/florent/Programs/anaconda3/envs/airflow_etl/lib/python3.11/site-packages/airflow/example_dags/example_trigger_controller_dag.py
[2025-07-11T11:30:22.819+0200] {processor.py:840} INFO - DAG(s) 'example_trigger_controller_dag' retrieved from /home/florent/Programs/anaconda3/envs/airflow_etl/lib/python3.11/site-packages/airflow/example_dags/example_trigger_controller_dag.py
[2025-07-11T11:30:22.833+0200] {logging_mixin.py:188} INFO - [2025-07-11T11:30:22.833+0200] {dag.py:3096} INFO - Sync 1 DAGs
[2025-07-11T11:30:22.843+0200] {logging_mixin.py:188} INFO - [2025-07-11T11:30:22.843+0200] {dag.py:3954} INFO - Setting next_dagrun for example_trigger_controller_dag to 2021-01-01 00:00:00+00:00, run_after=2021-01-01 00:00:00+00:00
[2025-07-11T11:30:22.854+0200] {processor.py:183} INFO - Processing /home/florent/Programs/anaconda3/envs/airflow_etl/lib/python3.11/site-packages/airflow/example_dags/example_trigger_controller_dag.py took 0.052 seconds
[2025-07-11T11:31:25.627+0200] {processor.py:161} INFO - Started process (PID=62594) to work on /home/florent/Programs/anaconda3/envs/airflow_etl/lib/python3.11/site-packages/airflow/example_dags/example_trigger_controller_dag.py
[2025-07-11T11:31:25.630+0200] {processor.py:830} INFO - Processing file /home/florent/Programs/anaconda3/envs/airflow_etl/lib/python3.11/site-packages/airflow/example_dags/example_trigger_controller_dag.py for tasks to queue
[2025-07-11T11:31:25.630+0200] {logging_mixin.py:188} INFO - [2025-07-11T11:31:25.630+0200] {dagbag.py:545} INFO - Filling up the DagBag from /home/florent/Programs/anaconda3/envs/airflow_etl/lib/python3.11/site-packages/airflow/example_dags/example_trigger_controller_dag.py
[2025-07-11T11:31:25.633+0200] {processor.py:840} INFO - DAG(s) 'example_trigger_controller_dag' retrieved from /home/florent/Programs/anaconda3/envs/airflow_etl/lib/python3.11/site-packages/airflow/example_dags/example_trigger_controller_dag.py
[2025-07-11T11:31:25.642+0200] {logging_mixin.py:188} INFO - [2025-07-11T11:31:25.642+0200] {dag.py:3096} INFO - Sync 1 DAGs
[2025-07-11T11:31:25.652+0200] {logging_mixin.py:188} INFO - [2025-07-11T11:31:25.652+0200] {dag.py:3954} INFO - Setting next_dagrun for example_trigger_controller_dag to 2021-01-01 00:00:00+00:00, run_after=2021-01-01 00:00:00+00:00
[2025-07-11T11:31:25.663+0200] {processor.py:183} INFO - Processing /home/florent/Programs/anaconda3/envs/airflow_etl/lib/python3.11/site-packages/airflow/example_dags/example_trigger_controller_dag.py took 0.039 seconds
[2025-07-11T11:32:31.347+0200] {processor.py:161} INFO - Started process (PID=63394) to work on /home/florent/Programs/anaconda3/envs/airflow_etl/lib/python3.11/site-packages/airflow/example_dags/example_trigger_controller_dag.py
[2025-07-11T11:32:31.348+0200] {processor.py:830} INFO - Processing file /home/florent/Programs/anaconda3/envs/airflow_etl/lib/python3.11/site-packages/airflow/example_dags/example_trigger_controller_dag.py for tasks to queue
[2025-07-11T11:32:31.350+0200] {logging_mixin.py:188} INFO - [2025-07-11T11:32:31.349+0200] {dagbag.py:545} INFO - Filling up the DagBag from /home/florent/Programs/anaconda3/envs/airflow_etl/lib/python3.11/site-packages/airflow/example_dags/example_trigger_controller_dag.py
[2025-07-11T11:32:31.354+0200] {processor.py:840} INFO - DAG(s) 'example_trigger_controller_dag' retrieved from /home/florent/Programs/anaconda3/envs/airflow_etl/lib/python3.11/site-packages/airflow/example_dags/example_trigger_controller_dag.py
[2025-07-11T11:32:31.364+0200] {logging_mixin.py:188} INFO - [2025-07-11T11:32:31.364+0200] {dag.py:3096} INFO - Sync 1 DAGs
[2025-07-11T11:32:31.377+0200] {logging_mixin.py:188} INFO - [2025-07-11T11:32:31.376+0200] {dag.py:3954} INFO - Setting next_dagrun for example_trigger_controller_dag to 2021-01-01 00:00:00+00:00, run_after=2021-01-01 00:00:00+00:00
[2025-07-11T11:32:31.389+0200] {processor.py:183} INFO - Processing /home/florent/Programs/anaconda3/envs/airflow_etl/lib/python3.11/site-packages/airflow/example_dags/example_trigger_controller_dag.py took 0.048 seconds
[2025-07-11T11:33:36.094+0200] {processor.py:161} INFO - Started process (PID=64085) to work on /home/florent/Programs/anaconda3/envs/airflow_etl/lib/python3.11/site-packages/airflow/example_dags/example_trigger_controller_dag.py
[2025-07-11T11:33:36.096+0200] {processor.py:830} INFO - Processing file /home/florent/Programs/anaconda3/envs/airflow_etl/lib/python3.11/site-packages/airflow/example_dags/example_trigger_controller_dag.py for tasks to queue
[2025-07-11T11:33:36.098+0200] {logging_mixin.py:188} INFO - [2025-07-11T11:33:36.098+0200] {dagbag.py:545} INFO - Filling up the DagBag from /home/florent/Programs/anaconda3/envs/airflow_etl/lib/python3.11/site-packages/airflow/example_dags/example_trigger_controller_dag.py
[2025-07-11T11:33:36.102+0200] {processor.py:840} INFO - DAG(s) 'example_trigger_controller_dag' retrieved from /home/florent/Programs/anaconda3/envs/airflow_etl/lib/python3.11/site-packages/airflow/example_dags/example_trigger_controller_dag.py
[2025-07-11T11:33:36.111+0200] {logging_mixin.py:188} INFO - [2025-07-11T11:33:36.111+0200] {dag.py:3096} INFO - Sync 1 DAGs
[2025-07-11T11:33:36.120+0200] {logging_mixin.py:188} INFO - [2025-07-11T11:33:36.120+0200] {dag.py:3954} INFO - Setting next_dagrun for example_trigger_controller_dag to 2021-01-01 00:00:00+00:00, run_after=2021-01-01 00:00:00+00:00
[2025-07-11T11:33:36.130+0200] {processor.py:183} INFO - Processing /home/florent/Programs/anaconda3/envs/airflow_etl/lib/python3.11/site-packages/airflow/example_dags/example_trigger_controller_dag.py took 0.042 seconds
[2025-07-11T11:34:42.713+0200] {processor.py:161} INFO - Started process (PID=64751) to work on /home/florent/Programs/anaconda3/envs/airflow_etl/lib/python3.11/site-packages/airflow/example_dags/example_trigger_controller_dag.py
[2025-07-11T11:34:42.716+0200] {processor.py:830} INFO - Processing file /home/florent/Programs/anaconda3/envs/airflow_etl/lib/python3.11/site-packages/airflow/example_dags/example_trigger_controller_dag.py for tasks to queue
[2025-07-11T11:34:42.718+0200] {logging_mixin.py:188} INFO - [2025-07-11T11:34:42.718+0200] {dagbag.py:545} INFO - Filling up the DagBag from /home/florent/Programs/anaconda3/envs/airflow_etl/lib/python3.11/site-packages/airflow/example_dags/example_trigger_controller_dag.py
[2025-07-11T11:34:42.724+0200] {processor.py:840} INFO - DAG(s) 'example_trigger_controller_dag' retrieved from /home/florent/Programs/anaconda3/envs/airflow_etl/lib/python3.11/site-packages/airflow/example_dags/example_trigger_controller_dag.py
[2025-07-11T11:34:42.740+0200] {logging_mixin.py:188} INFO - [2025-07-11T11:34:42.739+0200] {dag.py:3096} INFO - Sync 1 DAGs
[2025-07-11T11:34:42.751+0200] {logging_mixin.py:188} INFO - [2025-07-11T11:34:42.751+0200] {dag.py:3954} INFO - Setting next_dagrun for example_trigger_controller_dag to 2021-01-01 00:00:00+00:00, run_after=2021-01-01 00:00:00+00:00
[2025-07-11T11:34:42.763+0200] {processor.py:183} INFO - Processing /home/florent/Programs/anaconda3/envs/airflow_etl/lib/python3.11/site-packages/airflow/example_dags/example_trigger_controller_dag.py took 0.056 seconds
[2025-07-11T11:35:45.338+0200] {processor.py:161} INFO - Started process (PID=65394) to work on /home/florent/Programs/anaconda3/envs/airflow_etl/lib/python3.11/site-packages/airflow/example_dags/example_trigger_controller_dag.py
[2025-07-11T11:35:45.341+0200] {processor.py:830} INFO - Processing file /home/florent/Programs/anaconda3/envs/airflow_etl/lib/python3.11/site-packages/airflow/example_dags/example_trigger_controller_dag.py for tasks to queue
[2025-07-11T11:35:45.343+0200] {logging_mixin.py:188} INFO - [2025-07-11T11:35:45.342+0200] {dagbag.py:545} INFO - Filling up the DagBag from /home/florent/Programs/anaconda3/envs/airflow_etl/lib/python3.11/site-packages/airflow/example_dags/example_trigger_controller_dag.py
[2025-07-11T11:35:45.348+0200] {processor.py:840} INFO - DAG(s) 'example_trigger_controller_dag' retrieved from /home/florent/Programs/anaconda3/envs/airflow_etl/lib/python3.11/site-packages/airflow/example_dags/example_trigger_controller_dag.py
[2025-07-11T11:35:45.358+0200] {logging_mixin.py:188} INFO - [2025-07-11T11:35:45.358+0200] {dag.py:3096} INFO - Sync 1 DAGs
[2025-07-11T11:35:45.368+0200] {logging_mixin.py:188} INFO - [2025-07-11T11:35:45.368+0200] {dag.py:3954} INFO - Setting next_dagrun for example_trigger_controller_dag to 2021-01-01 00:00:00+00:00, run_after=2021-01-01 00:00:00+00:00
[2025-07-11T11:35:45.378+0200] {processor.py:183} INFO - Processing /home/florent/Programs/anaconda3/envs/airflow_etl/lib/python3.11/site-packages/airflow/example_dags/example_trigger_controller_dag.py took 0.046 seconds
[2025-07-11T11:36:49.396+0200] {processor.py:161} INFO - Started process (PID=66106) to work on /home/florent/Programs/anaconda3/envs/airflow_etl/lib/python3.11/site-packages/airflow/example_dags/example_trigger_controller_dag.py
[2025-07-11T11:36:49.399+0200] {processor.py:830} INFO - Processing file /home/florent/Programs/anaconda3/envs/airflow_etl/lib/python3.11/site-packages/airflow/example_dags/example_trigger_controller_dag.py for tasks to queue
[2025-07-11T11:36:49.401+0200] {logging_mixin.py:188} INFO - [2025-07-11T11:36:49.400+0200] {dagbag.py:545} INFO - Filling up the DagBag from /home/florent/Programs/anaconda3/envs/airflow_etl/lib/python3.11/site-packages/airflow/example_dags/example_trigger_controller_dag.py
[2025-07-11T11:36:49.406+0200] {processor.py:840} INFO - DAG(s) 'example_trigger_controller_dag' retrieved from /home/florent/Programs/anaconda3/envs/airflow_etl/lib/python3.11/site-packages/airflow/example_dags/example_trigger_controller_dag.py
[2025-07-11T11:36:49.417+0200] {logging_mixin.py:188} INFO - [2025-07-11T11:36:49.417+0200] {dag.py:3096} INFO - Sync 1 DAGs
[2025-07-11T11:36:49.426+0200] {logging_mixin.py:188} INFO - [2025-07-11T11:36:49.426+0200] {dag.py:3954} INFO - Setting next_dagrun for example_trigger_controller_dag to 2021-01-01 00:00:00+00:00, run_after=2021-01-01 00:00:00+00:00
[2025-07-11T11:36:49.442+0200] {processor.py:183} INFO - Processing /home/florent/Programs/anaconda3/envs/airflow_etl/lib/python3.11/site-packages/airflow/example_dags/example_trigger_controller_dag.py took 0.052 seconds
[2025-07-11T11:37:55.826+0200] {processor.py:161} INFO - Started process (PID=66811) to work on /home/florent/Programs/anaconda3/envs/airflow_etl/lib/python3.11/site-packages/airflow/example_dags/example_trigger_controller_dag.py
[2025-07-11T11:37:55.829+0200] {processor.py:830} INFO - Processing file /home/florent/Programs/anaconda3/envs/airflow_etl/lib/python3.11/site-packages/airflow/example_dags/example_trigger_controller_dag.py for tasks to queue
[2025-07-11T11:37:55.830+0200] {logging_mixin.py:188} INFO - [2025-07-11T11:37:55.830+0200] {dagbag.py:545} INFO - Filling up the DagBag from /home/florent/Programs/anaconda3/envs/airflow_etl/lib/python3.11/site-packages/airflow/example_dags/example_trigger_controller_dag.py
[2025-07-11T11:37:55.836+0200] {processor.py:840} INFO - DAG(s) 'example_trigger_controller_dag' retrieved from /home/florent/Programs/anaconda3/envs/airflow_etl/lib/python3.11/site-packages/airflow/example_dags/example_trigger_controller_dag.py
[2025-07-11T11:37:55.851+0200] {logging_mixin.py:188} INFO - [2025-07-11T11:37:55.851+0200] {dag.py:3096} INFO - Sync 1 DAGs
[2025-07-11T11:37:55.862+0200] {logging_mixin.py:188} INFO - [2025-07-11T11:37:55.862+0200] {dag.py:3954} INFO - Setting next_dagrun for example_trigger_controller_dag to 2021-01-01 00:00:00+00:00, run_after=2021-01-01 00:00:00+00:00
[2025-07-11T11:37:55.874+0200] {processor.py:183} INFO - Processing /home/florent/Programs/anaconda3/envs/airflow_etl/lib/python3.11/site-packages/airflow/example_dags/example_trigger_controller_dag.py took 0.055 seconds
[2025-07-11T11:39:02.053+0200] {processor.py:161} INFO - Started process (PID=67474) to work on /home/florent/Programs/anaconda3/envs/airflow_etl/lib/python3.11/site-packages/airflow/example_dags/example_trigger_controller_dag.py
[2025-07-11T11:39:02.056+0200] {processor.py:830} INFO - Processing file /home/florent/Programs/anaconda3/envs/airflow_etl/lib/python3.11/site-packages/airflow/example_dags/example_trigger_controller_dag.py for tasks to queue
[2025-07-11T11:39:02.058+0200] {logging_mixin.py:188} INFO - [2025-07-11T11:39:02.057+0200] {dagbag.py:545} INFO - Filling up the DagBag from /home/florent/Programs/anaconda3/envs/airflow_etl/lib/python3.11/site-packages/airflow/example_dags/example_trigger_controller_dag.py
[2025-07-11T11:39:02.062+0200] {processor.py:840} INFO - DAG(s) 'example_trigger_controller_dag' retrieved from /home/florent/Programs/anaconda3/envs/airflow_etl/lib/python3.11/site-packages/airflow/example_dags/example_trigger_controller_dag.py
[2025-07-11T11:39:02.072+0200] {logging_mixin.py:188} INFO - [2025-07-11T11:39:02.071+0200] {dag.py:3096} INFO - Sync 1 DAGs
[2025-07-11T11:39:02.081+0200] {logging_mixin.py:188} INFO - [2025-07-11T11:39:02.081+0200] {dag.py:3954} INFO - Setting next_dagrun for example_trigger_controller_dag to 2021-01-01 00:00:00+00:00, run_after=2021-01-01 00:00:00+00:00
[2025-07-11T11:39:02.093+0200] {processor.py:183} INFO - Processing /home/florent/Programs/anaconda3/envs/airflow_etl/lib/python3.11/site-packages/airflow/example_dags/example_trigger_controller_dag.py took 0.046 seconds
[2025-07-11T11:40:09.074+0200] {processor.py:161} INFO - Started process (PID=68234) to work on /home/florent/Programs/anaconda3/envs/airflow_etl/lib/python3.11/site-packages/airflow/example_dags/example_trigger_controller_dag.py
[2025-07-11T11:40:09.077+0200] {processor.py:830} INFO - Processing file /home/florent/Programs/anaconda3/envs/airflow_etl/lib/python3.11/site-packages/airflow/example_dags/example_trigger_controller_dag.py for tasks to queue
[2025-07-11T11:40:09.079+0200] {logging_mixin.py:188} INFO - [2025-07-11T11:40:09.079+0200] {dagbag.py:545} INFO - Filling up the DagBag from /home/florent/Programs/anaconda3/envs/airflow_etl/lib/python3.11/site-packages/airflow/example_dags/example_trigger_controller_dag.py
[2025-07-11T11:40:09.085+0200] {processor.py:840} INFO - DAG(s) 'example_trigger_controller_dag' retrieved from /home/florent/Programs/anaconda3/envs/airflow_etl/lib/python3.11/site-packages/airflow/example_dags/example_trigger_controller_dag.py
[2025-07-11T11:40:09.102+0200] {logging_mixin.py:188} INFO - [2025-07-11T11:40:09.102+0200] {dag.py:3096} INFO - Sync 1 DAGs
[2025-07-11T11:40:09.119+0200] {logging_mixin.py:188} INFO - [2025-07-11T11:40:09.119+0200] {dag.py:3954} INFO - Setting next_dagrun for example_trigger_controller_dag to 2021-01-01 00:00:00+00:00, run_after=2021-01-01 00:00:00+00:00
[2025-07-11T11:40:09.131+0200] {processor.py:183} INFO - Processing /home/florent/Programs/anaconda3/envs/airflow_etl/lib/python3.11/site-packages/airflow/example_dags/example_trigger_controller_dag.py took 0.063 seconds
[2025-07-11T11:41:15.014+0200] {processor.py:161} INFO - Started process (PID=68931) to work on /home/florent/Programs/anaconda3/envs/airflow_etl/lib/python3.11/site-packages/airflow/example_dags/example_trigger_controller_dag.py
[2025-07-11T11:41:15.017+0200] {processor.py:830} INFO - Processing file /home/florent/Programs/anaconda3/envs/airflow_etl/lib/python3.11/site-packages/airflow/example_dags/example_trigger_controller_dag.py for tasks to queue
[2025-07-11T11:41:15.018+0200] {logging_mixin.py:188} INFO - [2025-07-11T11:41:15.018+0200] {dagbag.py:545} INFO - Filling up the DagBag from /home/florent/Programs/anaconda3/envs/airflow_etl/lib/python3.11/site-packages/airflow/example_dags/example_trigger_controller_dag.py
[2025-07-11T11:41:15.022+0200] {processor.py:840} INFO - DAG(s) 'example_trigger_controller_dag' retrieved from /home/florent/Programs/anaconda3/envs/airflow_etl/lib/python3.11/site-packages/airflow/example_dags/example_trigger_controller_dag.py
[2025-07-11T11:41:15.030+0200] {logging_mixin.py:188} INFO - [2025-07-11T11:41:15.030+0200] {dag.py:3096} INFO - Sync 1 DAGs
[2025-07-11T11:41:15.038+0200] {logging_mixin.py:188} INFO - [2025-07-11T11:41:15.038+0200] {dag.py:3954} INFO - Setting next_dagrun for example_trigger_controller_dag to 2021-01-01 00:00:00+00:00, run_after=2021-01-01 00:00:00+00:00
[2025-07-11T11:41:15.048+0200] {processor.py:183} INFO - Processing /home/florent/Programs/anaconda3/envs/airflow_etl/lib/python3.11/site-packages/airflow/example_dags/example_trigger_controller_dag.py took 0.039 seconds
[2025-07-11T11:42:19.134+0200] {processor.py:161} INFO - Started process (PID=69750) to work on /home/florent/Programs/anaconda3/envs/airflow_etl/lib/python3.11/site-packages/airflow/example_dags/example_trigger_controller_dag.py
[2025-07-11T11:42:19.136+0200] {processor.py:830} INFO - Processing file /home/florent/Programs/anaconda3/envs/airflow_etl/lib/python3.11/site-packages/airflow/example_dags/example_trigger_controller_dag.py for tasks to queue
[2025-07-11T11:42:19.137+0200] {logging_mixin.py:188} INFO - [2025-07-11T11:42:19.137+0200] {dagbag.py:545} INFO - Filling up the DagBag from /home/florent/Programs/anaconda3/envs/airflow_etl/lib/python3.11/site-packages/airflow/example_dags/example_trigger_controller_dag.py
[2025-07-11T11:42:19.140+0200] {processor.py:840} INFO - DAG(s) 'example_trigger_controller_dag' retrieved from /home/florent/Programs/anaconda3/envs/airflow_etl/lib/python3.11/site-packages/airflow/example_dags/example_trigger_controller_dag.py
[2025-07-11T11:42:19.148+0200] {logging_mixin.py:188} INFO - [2025-07-11T11:42:19.148+0200] {dag.py:3096} INFO - Sync 1 DAGs
[2025-07-11T11:42:19.157+0200] {logging_mixin.py:188} INFO - [2025-07-11T11:42:19.157+0200] {dag.py:3954} INFO - Setting next_dagrun for example_trigger_controller_dag to 2021-01-01 00:00:00+00:00, run_after=2021-01-01 00:00:00+00:00
[2025-07-11T11:42:19.168+0200] {processor.py:183} INFO - Processing /home/florent/Programs/anaconda3/envs/airflow_etl/lib/python3.11/site-packages/airflow/example_dags/example_trigger_controller_dag.py took 0.038 seconds
[2025-07-11T11:43:22.007+0200] {processor.py:161} INFO - Started process (PID=70412) to work on /home/florent/Programs/anaconda3/envs/airflow_etl/lib/python3.11/site-packages/airflow/example_dags/example_trigger_controller_dag.py
[2025-07-11T11:43:22.008+0200] {processor.py:830} INFO - Processing file /home/florent/Programs/anaconda3/envs/airflow_etl/lib/python3.11/site-packages/airflow/example_dags/example_trigger_controller_dag.py for tasks to queue
[2025-07-11T11:43:22.009+0200] {logging_mixin.py:188} INFO - [2025-07-11T11:43:22.008+0200] {dagbag.py:545} INFO - Filling up the DagBag from /home/florent/Programs/anaconda3/envs/airflow_etl/lib/python3.11/site-packages/airflow/example_dags/example_trigger_controller_dag.py
[2025-07-11T11:43:22.015+0200] {processor.py:840} INFO - DAG(s) 'example_trigger_controller_dag' retrieved from /home/florent/Programs/anaconda3/envs/airflow_etl/lib/python3.11/site-packages/airflow/example_dags/example_trigger_controller_dag.py
[2025-07-11T11:43:22.029+0200] {logging_mixin.py:188} INFO - [2025-07-11T11:43:22.029+0200] {dag.py:3096} INFO - Sync 1 DAGs
[2025-07-11T11:43:22.040+0200] {logging_mixin.py:188} INFO - [2025-07-11T11:43:22.040+0200] {dag.py:3954} INFO - Setting next_dagrun for example_trigger_controller_dag to 2021-01-01 00:00:00+00:00, run_after=2021-01-01 00:00:00+00:00
[2025-07-11T11:43:22.053+0200] {processor.py:183} INFO - Processing /home/florent/Programs/anaconda3/envs/airflow_etl/lib/python3.11/site-packages/airflow/example_dags/example_trigger_controller_dag.py took 0.053 seconds
[2025-07-11T11:44:28.018+0200] {processor.py:161} INFO - Started process (PID=71192) to work on /home/florent/Programs/anaconda3/envs/airflow_etl/lib/python3.11/site-packages/airflow/example_dags/example_trigger_controller_dag.py
[2025-07-11T11:44:28.021+0200] {processor.py:830} INFO - Processing file /home/florent/Programs/anaconda3/envs/airflow_etl/lib/python3.11/site-packages/airflow/example_dags/example_trigger_controller_dag.py for tasks to queue
[2025-07-11T11:44:28.022+0200] {logging_mixin.py:188} INFO - [2025-07-11T11:44:28.022+0200] {dagbag.py:545} INFO - Filling up the DagBag from /home/florent/Programs/anaconda3/envs/airflow_etl/lib/python3.11/site-packages/airflow/example_dags/example_trigger_controller_dag.py
[2025-07-11T11:44:28.026+0200] {processor.py:840} INFO - DAG(s) 'example_trigger_controller_dag' retrieved from /home/florent/Programs/anaconda3/envs/airflow_etl/lib/python3.11/site-packages/airflow/example_dags/example_trigger_controller_dag.py
[2025-07-11T11:44:28.034+0200] {logging_mixin.py:188} INFO - [2025-07-11T11:44:28.034+0200] {dag.py:3096} INFO - Sync 1 DAGs
[2025-07-11T11:44:28.044+0200] {logging_mixin.py:188} INFO - [2025-07-11T11:44:28.044+0200] {dag.py:3954} INFO - Setting next_dagrun for example_trigger_controller_dag to 2021-01-01 00:00:00+00:00, run_after=2021-01-01 00:00:00+00:00
[2025-07-11T11:44:28.054+0200] {processor.py:183} INFO - Processing /home/florent/Programs/anaconda3/envs/airflow_etl/lib/python3.11/site-packages/airflow/example_dags/example_trigger_controller_dag.py took 0.042 seconds
[2025-07-11T11:45:38.382+0200] {processor.py:161} INFO - Started process (PID=72086) to work on /home/florent/Programs/anaconda3/envs/airflow_etl/lib/python3.11/site-packages/airflow/example_dags/example_trigger_controller_dag.py
[2025-07-11T11:45:38.383+0200] {processor.py:830} INFO - Processing file /home/florent/Programs/anaconda3/envs/airflow_etl/lib/python3.11/site-packages/airflow/example_dags/example_trigger_controller_dag.py for tasks to queue
[2025-07-11T11:45:38.384+0200] {logging_mixin.py:188} INFO - [2025-07-11T11:45:38.383+0200] {dagbag.py:545} INFO - Filling up the DagBag from /home/florent/Programs/anaconda3/envs/airflow_etl/lib/python3.11/site-packages/airflow/example_dags/example_trigger_controller_dag.py
[2025-07-11T11:45:38.387+0200] {processor.py:840} INFO - DAG(s) 'example_trigger_controller_dag' retrieved from /home/florent/Programs/anaconda3/envs/airflow_etl/lib/python3.11/site-packages/airflow/example_dags/example_trigger_controller_dag.py
[2025-07-11T11:45:38.396+0200] {logging_mixin.py:188} INFO - [2025-07-11T11:45:38.396+0200] {dag.py:3096} INFO - Sync 1 DAGs
[2025-07-11T11:45:38.407+0200] {logging_mixin.py:188} INFO - [2025-07-11T11:45:38.407+0200] {dag.py:3954} INFO - Setting next_dagrun for example_trigger_controller_dag to 2021-01-01 00:00:00+00:00, run_after=2021-01-01 00:00:00+00:00
[2025-07-11T11:45:38.422+0200] {processor.py:183} INFO - Processing /home/florent/Programs/anaconda3/envs/airflow_etl/lib/python3.11/site-packages/airflow/example_dags/example_trigger_controller_dag.py took 0.043 seconds
[2025-07-11T11:46:39.504+0200] {processor.py:161} INFO - Started process (PID=72724) to work on /home/florent/Programs/anaconda3/envs/airflow_etl/lib/python3.11/site-packages/airflow/example_dags/example_trigger_controller_dag.py
[2025-07-11T11:46:39.506+0200] {processor.py:830} INFO - Processing file /home/florent/Programs/anaconda3/envs/airflow_etl/lib/python3.11/site-packages/airflow/example_dags/example_trigger_controller_dag.py for tasks to queue
[2025-07-11T11:46:39.508+0200] {logging_mixin.py:188} INFO - [2025-07-11T11:46:39.507+0200] {dagbag.py:545} INFO - Filling up the DagBag from /home/florent/Programs/anaconda3/envs/airflow_etl/lib/python3.11/site-packages/airflow/example_dags/example_trigger_controller_dag.py
[2025-07-11T11:46:39.512+0200] {processor.py:840} INFO - DAG(s) 'example_trigger_controller_dag' retrieved from /home/florent/Programs/anaconda3/envs/airflow_etl/lib/python3.11/site-packages/airflow/example_dags/example_trigger_controller_dag.py
[2025-07-11T11:46:39.523+0200] {logging_mixin.py:188} INFO - [2025-07-11T11:46:39.523+0200] {dag.py:3096} INFO - Sync 1 DAGs
[2025-07-11T11:46:39.533+0200] {logging_mixin.py:188} INFO - [2025-07-11T11:46:39.533+0200] {dag.py:3954} INFO - Setting next_dagrun for example_trigger_controller_dag to 2021-01-01 00:00:00+00:00, run_after=2021-01-01 00:00:00+00:00
[2025-07-11T11:46:39.546+0200] {processor.py:183} INFO - Processing /home/florent/Programs/anaconda3/envs/airflow_etl/lib/python3.11/site-packages/airflow/example_dags/example_trigger_controller_dag.py took 0.046 seconds
[2025-07-11T11:47:44.842+0200] {processor.py:161} INFO - Started process (PID=73374) to work on /home/florent/Programs/anaconda3/envs/airflow_etl/lib/python3.11/site-packages/airflow/example_dags/example_trigger_controller_dag.py
[2025-07-11T11:47:44.845+0200] {processor.py:830} INFO - Processing file /home/florent/Programs/anaconda3/envs/airflow_etl/lib/python3.11/site-packages/airflow/example_dags/example_trigger_controller_dag.py for tasks to queue
[2025-07-11T11:47:44.846+0200] {logging_mixin.py:188} INFO - [2025-07-11T11:47:44.846+0200] {dagbag.py:545} INFO - Filling up the DagBag from /home/florent/Programs/anaconda3/envs/airflow_etl/lib/python3.11/site-packages/airflow/example_dags/example_trigger_controller_dag.py
[2025-07-11T11:47:44.852+0200] {processor.py:840} INFO - DAG(s) 'example_trigger_controller_dag' retrieved from /home/florent/Programs/anaconda3/envs/airflow_etl/lib/python3.11/site-packages/airflow/example_dags/example_trigger_controller_dag.py
[2025-07-11T11:47:44.866+0200] {logging_mixin.py:188} INFO - [2025-07-11T11:47:44.866+0200] {dag.py:3096} INFO - Sync 1 DAGs
[2025-07-11T11:47:44.877+0200] {logging_mixin.py:188} INFO - [2025-07-11T11:47:44.877+0200] {dag.py:3954} INFO - Setting next_dagrun for example_trigger_controller_dag to 2021-01-01 00:00:00+00:00, run_after=2021-01-01 00:00:00+00:00
[2025-07-11T11:47:44.889+0200] {processor.py:183} INFO - Processing /home/florent/Programs/anaconda3/envs/airflow_etl/lib/python3.11/site-packages/airflow/example_dags/example_trigger_controller_dag.py took 0.052 seconds
[2025-07-11T11:48:48.494+0200] {processor.py:161} INFO - Started process (PID=74047) to work on /home/florent/Programs/anaconda3/envs/airflow_etl/lib/python3.11/site-packages/airflow/example_dags/example_trigger_controller_dag.py
[2025-07-11T11:48:48.497+0200] {processor.py:830} INFO - Processing file /home/florent/Programs/anaconda3/envs/airflow_etl/lib/python3.11/site-packages/airflow/example_dags/example_trigger_controller_dag.py for tasks to queue
[2025-07-11T11:48:48.499+0200] {logging_mixin.py:188} INFO - [2025-07-11T11:48:48.498+0200] {dagbag.py:545} INFO - Filling up the DagBag from /home/florent/Programs/anaconda3/envs/airflow_etl/lib/python3.11/site-packages/airflow/example_dags/example_trigger_controller_dag.py
[2025-07-11T11:48:48.504+0200] {processor.py:840} INFO - DAG(s) 'example_trigger_controller_dag' retrieved from /home/florent/Programs/anaconda3/envs/airflow_etl/lib/python3.11/site-packages/airflow/example_dags/example_trigger_controller_dag.py
[2025-07-11T11:48:48.515+0200] {logging_mixin.py:188} INFO - [2025-07-11T11:48:48.515+0200] {dag.py:3096} INFO - Sync 1 DAGs
[2025-07-11T11:48:48.525+0200] {logging_mixin.py:188} INFO - [2025-07-11T11:48:48.525+0200] {dag.py:3954} INFO - Setting next_dagrun for example_trigger_controller_dag to 2021-01-01 00:00:00+00:00, run_after=2021-01-01 00:00:00+00:00
[2025-07-11T11:48:48.537+0200] {processor.py:183} INFO - Processing /home/florent/Programs/anaconda3/envs/airflow_etl/lib/python3.11/site-packages/airflow/example_dags/example_trigger_controller_dag.py took 0.050 seconds
[2025-07-11T11:49:51.725+0200] {processor.py:161} INFO - Started process (PID=74686) to work on /home/florent/Programs/anaconda3/envs/airflow_etl/lib/python3.11/site-packages/airflow/example_dags/example_trigger_controller_dag.py
[2025-07-11T11:49:51.726+0200] {processor.py:830} INFO - Processing file /home/florent/Programs/anaconda3/envs/airflow_etl/lib/python3.11/site-packages/airflow/example_dags/example_trigger_controller_dag.py for tasks to queue
[2025-07-11T11:49:51.728+0200] {logging_mixin.py:188} INFO - [2025-07-11T11:49:51.727+0200] {dagbag.py:545} INFO - Filling up the DagBag from /home/florent/Programs/anaconda3/envs/airflow_etl/lib/python3.11/site-packages/airflow/example_dags/example_trigger_controller_dag.py
[2025-07-11T11:49:51.733+0200] {processor.py:840} INFO - DAG(s) 'example_trigger_controller_dag' retrieved from /home/florent/Programs/anaconda3/envs/airflow_etl/lib/python3.11/site-packages/airflow/example_dags/example_trigger_controller_dag.py
[2025-07-11T11:49:51.744+0200] {logging_mixin.py:188} INFO - [2025-07-11T11:49:51.744+0200] {dag.py:3096} INFO - Sync 1 DAGs
[2025-07-11T11:49:51.753+0200] {logging_mixin.py:188} INFO - [2025-07-11T11:49:51.753+0200] {dag.py:3954} INFO - Setting next_dagrun for example_trigger_controller_dag to 2021-01-01 00:00:00+00:00, run_after=2021-01-01 00:00:00+00:00
[2025-07-11T11:49:51.763+0200] {processor.py:183} INFO - Processing /home/florent/Programs/anaconda3/envs/airflow_etl/lib/python3.11/site-packages/airflow/example_dags/example_trigger_controller_dag.py took 0.044 seconds
[2025-07-11T11:51:00.623+0200] {processor.py:161} INFO - Started process (PID=75387) to work on /home/florent/Programs/anaconda3/envs/airflow_etl/lib/python3.11/site-packages/airflow/example_dags/example_trigger_controller_dag.py
[2025-07-11T11:51:00.626+0200] {processor.py:830} INFO - Processing file /home/florent/Programs/anaconda3/envs/airflow_etl/lib/python3.11/site-packages/airflow/example_dags/example_trigger_controller_dag.py for tasks to queue
[2025-07-11T11:51:00.629+0200] {logging_mixin.py:188} INFO - [2025-07-11T11:51:00.628+0200] {dagbag.py:545} INFO - Filling up the DagBag from /home/florent/Programs/anaconda3/envs/airflow_etl/lib/python3.11/site-packages/airflow/example_dags/example_trigger_controller_dag.py
[2025-07-11T11:51:00.636+0200] {processor.py:840} INFO - DAG(s) 'example_trigger_controller_dag' retrieved from /home/florent/Programs/anaconda3/envs/airflow_etl/lib/python3.11/site-packages/airflow/example_dags/example_trigger_controller_dag.py
[2025-07-11T11:51:00.651+0200] {logging_mixin.py:188} INFO - [2025-07-11T11:51:00.650+0200] {dag.py:3096} INFO - Sync 1 DAGs
[2025-07-11T11:51:00.665+0200] {logging_mixin.py:188} INFO - [2025-07-11T11:51:00.664+0200] {dag.py:3954} INFO - Setting next_dagrun for example_trigger_controller_dag to 2021-01-01 00:00:00+00:00, run_after=2021-01-01 00:00:00+00:00
[2025-07-11T11:51:00.677+0200] {processor.py:183} INFO - Processing /home/florent/Programs/anaconda3/envs/airflow_etl/lib/python3.11/site-packages/airflow/example_dags/example_trigger_controller_dag.py took 0.060 seconds
[2025-07-11T11:52:04.670+0200] {processor.py:161} INFO - Started process (PID=76047) to work on /home/florent/Programs/anaconda3/envs/airflow_etl/lib/python3.11/site-packages/airflow/example_dags/example_trigger_controller_dag.py
[2025-07-11T11:52:04.673+0200] {processor.py:830} INFO - Processing file /home/florent/Programs/anaconda3/envs/airflow_etl/lib/python3.11/site-packages/airflow/example_dags/example_trigger_controller_dag.py for tasks to queue
[2025-07-11T11:52:04.675+0200] {logging_mixin.py:188} INFO - [2025-07-11T11:52:04.675+0200] {dagbag.py:545} INFO - Filling up the DagBag from /home/florent/Programs/anaconda3/envs/airflow_etl/lib/python3.11/site-packages/airflow/example_dags/example_trigger_controller_dag.py
[2025-07-11T11:52:04.680+0200] {processor.py:840} INFO - DAG(s) 'example_trigger_controller_dag' retrieved from /home/florent/Programs/anaconda3/envs/airflow_etl/lib/python3.11/site-packages/airflow/example_dags/example_trigger_controller_dag.py
[2025-07-11T11:52:04.691+0200] {logging_mixin.py:188} INFO - [2025-07-11T11:52:04.691+0200] {dag.py:3096} INFO - Sync 1 DAGs
[2025-07-11T11:52:04.702+0200] {logging_mixin.py:188} INFO - [2025-07-11T11:52:04.701+0200] {dag.py:3954} INFO - Setting next_dagrun for example_trigger_controller_dag to 2021-01-01 00:00:00+00:00, run_after=2021-01-01 00:00:00+00:00
[2025-07-11T11:52:04.714+0200] {processor.py:183} INFO - Processing /home/florent/Programs/anaconda3/envs/airflow_etl/lib/python3.11/site-packages/airflow/example_dags/example_trigger_controller_dag.py took 0.050 seconds
[2025-07-11T11:53:10.216+0200] {processor.py:161} INFO - Started process (PID=76697) to work on /home/florent/Programs/anaconda3/envs/airflow_etl/lib/python3.11/site-packages/airflow/example_dags/example_trigger_controller_dag.py
[2025-07-11T11:53:10.219+0200] {processor.py:830} INFO - Processing file /home/florent/Programs/anaconda3/envs/airflow_etl/lib/python3.11/site-packages/airflow/example_dags/example_trigger_controller_dag.py for tasks to queue
[2025-07-11T11:53:10.220+0200] {logging_mixin.py:188} INFO - [2025-07-11T11:53:10.220+0200] {dagbag.py:545} INFO - Filling up the DagBag from /home/florent/Programs/anaconda3/envs/airflow_etl/lib/python3.11/site-packages/airflow/example_dags/example_trigger_controller_dag.py
[2025-07-11T11:53:10.225+0200] {processor.py:840} INFO - DAG(s) 'example_trigger_controller_dag' retrieved from /home/florent/Programs/anaconda3/envs/airflow_etl/lib/python3.11/site-packages/airflow/example_dags/example_trigger_controller_dag.py
[2025-07-11T11:53:10.236+0200] {logging_mixin.py:188} INFO - [2025-07-11T11:53:10.236+0200] {dag.py:3096} INFO - Sync 1 DAGs
[2025-07-11T11:53:10.246+0200] {logging_mixin.py:188} INFO - [2025-07-11T11:53:10.246+0200] {dag.py:3954} INFO - Setting next_dagrun for example_trigger_controller_dag to 2021-01-01 00:00:00+00:00, run_after=2021-01-01 00:00:00+00:00
[2025-07-11T11:53:10.259+0200] {processor.py:183} INFO - Processing /home/florent/Programs/anaconda3/envs/airflow_etl/lib/python3.11/site-packages/airflow/example_dags/example_trigger_controller_dag.py took 0.050 seconds
[2025-07-11T11:54:15.363+0200] {processor.py:161} INFO - Started process (PID=77351) to work on /home/florent/Programs/anaconda3/envs/airflow_etl/lib/python3.11/site-packages/airflow/example_dags/example_trigger_controller_dag.py
[2025-07-11T11:54:15.366+0200] {processor.py:830} INFO - Processing file /home/florent/Programs/anaconda3/envs/airflow_etl/lib/python3.11/site-packages/airflow/example_dags/example_trigger_controller_dag.py for tasks to queue
[2025-07-11T11:54:15.368+0200] {logging_mixin.py:188} INFO - [2025-07-11T11:54:15.367+0200] {dagbag.py:545} INFO - Filling up the DagBag from /home/florent/Programs/anaconda3/envs/airflow_etl/lib/python3.11/site-packages/airflow/example_dags/example_trigger_controller_dag.py
[2025-07-11T11:54:15.374+0200] {processor.py:840} INFO - DAG(s) 'example_trigger_controller_dag' retrieved from /home/florent/Programs/anaconda3/envs/airflow_etl/lib/python3.11/site-packages/airflow/example_dags/example_trigger_controller_dag.py
[2025-07-11T11:54:15.386+0200] {logging_mixin.py:188} INFO - [2025-07-11T11:54:15.386+0200] {dag.py:3096} INFO - Sync 1 DAGs
[2025-07-11T11:54:15.397+0200] {logging_mixin.py:188} INFO - [2025-07-11T11:54:15.397+0200] {dag.py:3954} INFO - Setting next_dagrun for example_trigger_controller_dag to 2021-01-01 00:00:00+00:00, run_after=2021-01-01 00:00:00+00:00
[2025-07-11T11:54:15.409+0200] {processor.py:183} INFO - Processing /home/florent/Programs/anaconda3/envs/airflow_etl/lib/python3.11/site-packages/airflow/example_dags/example_trigger_controller_dag.py took 0.052 seconds
[2025-07-11T11:55:23.977+0200] {processor.py:161} INFO - Started process (PID=78087) to work on /home/florent/Programs/anaconda3/envs/airflow_etl/lib/python3.11/site-packages/airflow/example_dags/example_trigger_controller_dag.py
[2025-07-11T11:55:23.978+0200] {processor.py:830} INFO - Processing file /home/florent/Programs/anaconda3/envs/airflow_etl/lib/python3.11/site-packages/airflow/example_dags/example_trigger_controller_dag.py for tasks to queue
[2025-07-11T11:55:23.980+0200] {logging_mixin.py:188} INFO - [2025-07-11T11:55:23.980+0200] {dagbag.py:545} INFO - Filling up the DagBag from /home/florent/Programs/anaconda3/envs/airflow_etl/lib/python3.11/site-packages/airflow/example_dags/example_trigger_controller_dag.py
[2025-07-11T11:55:23.986+0200] {processor.py:840} INFO - DAG(s) 'example_trigger_controller_dag' retrieved from /home/florent/Programs/anaconda3/envs/airflow_etl/lib/python3.11/site-packages/airflow/example_dags/example_trigger_controller_dag.py
[2025-07-11T11:55:24.000+0200] {logging_mixin.py:188} INFO - [2025-07-11T11:55:24.000+0200] {dag.py:3096} INFO - Sync 1 DAGs
[2025-07-11T11:55:24.011+0200] {logging_mixin.py:188} INFO - [2025-07-11T11:55:24.010+0200] {dag.py:3954} INFO - Setting next_dagrun for example_trigger_controller_dag to 2021-01-01 00:00:00+00:00, run_after=2021-01-01 00:00:00+00:00
[2025-07-11T11:55:24.024+0200] {processor.py:183} INFO - Processing /home/florent/Programs/anaconda3/envs/airflow_etl/lib/python3.11/site-packages/airflow/example_dags/example_trigger_controller_dag.py took 0.053 seconds
[2025-07-11T11:56:24.822+0200] {processor.py:161} INFO - Started process (PID=78710) to work on /home/florent/Programs/anaconda3/envs/airflow_etl/lib/python3.11/site-packages/airflow/example_dags/example_trigger_controller_dag.py
[2025-07-11T11:56:24.825+0200] {processor.py:830} INFO - Processing file /home/florent/Programs/anaconda3/envs/airflow_etl/lib/python3.11/site-packages/airflow/example_dags/example_trigger_controller_dag.py for tasks to queue
[2025-07-11T11:56:24.827+0200] {logging_mixin.py:188} INFO - [2025-07-11T11:56:24.827+0200] {dagbag.py:545} INFO - Filling up the DagBag from /home/florent/Programs/anaconda3/envs/airflow_etl/lib/python3.11/site-packages/airflow/example_dags/example_trigger_controller_dag.py
[2025-07-11T11:56:24.833+0200] {processor.py:840} INFO - DAG(s) 'example_trigger_controller_dag' retrieved from /home/florent/Programs/anaconda3/envs/airflow_etl/lib/python3.11/site-packages/airflow/example_dags/example_trigger_controller_dag.py
[2025-07-11T11:56:24.844+0200] {logging_mixin.py:188} INFO - [2025-07-11T11:56:24.844+0200] {dag.py:3096} INFO - Sync 1 DAGs
[2025-07-11T11:56:24.855+0200] {logging_mixin.py:188} INFO - [2025-07-11T11:56:24.854+0200] {dag.py:3954} INFO - Setting next_dagrun for example_trigger_controller_dag to 2021-01-01 00:00:00+00:00, run_after=2021-01-01 00:00:00+00:00
[2025-07-11T11:56:24.867+0200] {processor.py:183} INFO - Processing /home/florent/Programs/anaconda3/envs/airflow_etl/lib/python3.11/site-packages/airflow/example_dags/example_trigger_controller_dag.py took 0.051 seconds
[2025-07-11T11:57:27.994+0200] {processor.py:161} INFO - Started process (PID=79333) to work on /home/florent/Programs/anaconda3/envs/airflow_etl/lib/python3.11/site-packages/airflow/example_dags/example_trigger_controller_dag.py
[2025-07-11T11:57:27.996+0200] {processor.py:830} INFO - Processing file /home/florent/Programs/anaconda3/envs/airflow_etl/lib/python3.11/site-packages/airflow/example_dags/example_trigger_controller_dag.py for tasks to queue
[2025-07-11T11:57:27.998+0200] {logging_mixin.py:188} INFO - [2025-07-11T11:57:27.998+0200] {dagbag.py:545} INFO - Filling up the DagBag from /home/florent/Programs/anaconda3/envs/airflow_etl/lib/python3.11/site-packages/airflow/example_dags/example_trigger_controller_dag.py
[2025-07-11T11:57:28.004+0200] {processor.py:840} INFO - DAG(s) 'example_trigger_controller_dag' retrieved from /home/florent/Programs/anaconda3/envs/airflow_etl/lib/python3.11/site-packages/airflow/example_dags/example_trigger_controller_dag.py
[2025-07-11T11:57:28.018+0200] {logging_mixin.py:188} INFO - [2025-07-11T11:57:28.018+0200] {dag.py:3096} INFO - Sync 1 DAGs
[2025-07-11T11:57:28.030+0200] {logging_mixin.py:188} INFO - [2025-07-11T11:57:28.030+0200] {dag.py:3954} INFO - Setting next_dagrun for example_trigger_controller_dag to 2021-01-01 00:00:00+00:00, run_after=2021-01-01 00:00:00+00:00
[2025-07-11T11:57:28.045+0200] {processor.py:183} INFO - Processing /home/florent/Programs/anaconda3/envs/airflow_etl/lib/python3.11/site-packages/airflow/example_dags/example_trigger_controller_dag.py took 0.057 seconds
[2025-07-11T11:58:35.546+0200] {processor.py:161} INFO - Started process (PID=80012) to work on /home/florent/Programs/anaconda3/envs/airflow_etl/lib/python3.11/site-packages/airflow/example_dags/example_trigger_controller_dag.py
[2025-07-11T11:58:35.549+0200] {processor.py:830} INFO - Processing file /home/florent/Programs/anaconda3/envs/airflow_etl/lib/python3.11/site-packages/airflow/example_dags/example_trigger_controller_dag.py for tasks to queue
[2025-07-11T11:58:35.551+0200] {logging_mixin.py:188} INFO - [2025-07-11T11:58:35.550+0200] {dagbag.py:545} INFO - Filling up the DagBag from /home/florent/Programs/anaconda3/envs/airflow_etl/lib/python3.11/site-packages/airflow/example_dags/example_trigger_controller_dag.py
[2025-07-11T11:58:35.557+0200] {processor.py:840} INFO - DAG(s) 'example_trigger_controller_dag' retrieved from /home/florent/Programs/anaconda3/envs/airflow_etl/lib/python3.11/site-packages/airflow/example_dags/example_trigger_controller_dag.py
[2025-07-11T11:58:35.571+0200] {logging_mixin.py:188} INFO - [2025-07-11T11:58:35.571+0200] {dag.py:3096} INFO - Sync 1 DAGs
[2025-07-11T11:58:35.582+0200] {logging_mixin.py:188} INFO - [2025-07-11T11:58:35.582+0200] {dag.py:3954} INFO - Setting next_dagrun for example_trigger_controller_dag to 2021-01-01 00:00:00+00:00, run_after=2021-01-01 00:00:00+00:00
[2025-07-11T11:58:35.598+0200] {processor.py:183} INFO - Processing /home/florent/Programs/anaconda3/envs/airflow_etl/lib/python3.11/site-packages/airflow/example_dags/example_trigger_controller_dag.py took 0.058 seconds
[2025-07-11T11:59:41.719+0200] {processor.py:161} INFO - Started process (PID=80660) to work on /home/florent/Programs/anaconda3/envs/airflow_etl/lib/python3.11/site-packages/airflow/example_dags/example_trigger_controller_dag.py
[2025-07-11T11:59:41.722+0200] {processor.py:830} INFO - Processing file /home/florent/Programs/anaconda3/envs/airflow_etl/lib/python3.11/site-packages/airflow/example_dags/example_trigger_controller_dag.py for tasks to queue
[2025-07-11T11:59:41.724+0200] {logging_mixin.py:188} INFO - [2025-07-11T11:59:41.724+0200] {dagbag.py:545} INFO - Filling up the DagBag from /home/florent/Programs/anaconda3/envs/airflow_etl/lib/python3.11/site-packages/airflow/example_dags/example_trigger_controller_dag.py
[2025-07-11T11:59:41.730+0200] {processor.py:840} INFO - DAG(s) 'example_trigger_controller_dag' retrieved from /home/florent/Programs/anaconda3/envs/airflow_etl/lib/python3.11/site-packages/airflow/example_dags/example_trigger_controller_dag.py
[2025-07-11T11:59:41.745+0200] {logging_mixin.py:188} INFO - [2025-07-11T11:59:41.745+0200] {dag.py:3096} INFO - Sync 1 DAGs
[2025-07-11T11:59:41.756+0200] {logging_mixin.py:188} INFO - [2025-07-11T11:59:41.756+0200] {dag.py:3954} INFO - Setting next_dagrun for example_trigger_controller_dag to 2021-01-01 00:00:00+00:00, run_after=2021-01-01 00:00:00+00:00
[2025-07-11T11:59:41.769+0200] {processor.py:183} INFO - Processing /home/florent/Programs/anaconda3/envs/airflow_etl/lib/python3.11/site-packages/airflow/example_dags/example_trigger_controller_dag.py took 0.056 seconds
[2025-07-11T12:00:52.458+0200] {processor.py:161} INFO - Started process (PID=81392) to work on /home/florent/Programs/anaconda3/envs/airflow_etl/lib/python3.11/site-packages/airflow/example_dags/example_trigger_controller_dag.py
[2025-07-11T12:00:52.461+0200] {processor.py:830} INFO - Processing file /home/florent/Programs/anaconda3/envs/airflow_etl/lib/python3.11/site-packages/airflow/example_dags/example_trigger_controller_dag.py for tasks to queue
[2025-07-11T12:00:52.463+0200] {logging_mixin.py:188} INFO - [2025-07-11T12:00:52.463+0200] {dagbag.py:545} INFO - Filling up the DagBag from /home/florent/Programs/anaconda3/envs/airflow_etl/lib/python3.11/site-packages/airflow/example_dags/example_trigger_controller_dag.py
[2025-07-11T12:00:52.469+0200] {processor.py:840} INFO - DAG(s) 'example_trigger_controller_dag' retrieved from /home/florent/Programs/anaconda3/envs/airflow_etl/lib/python3.11/site-packages/airflow/example_dags/example_trigger_controller_dag.py
[2025-07-11T12:00:52.484+0200] {logging_mixin.py:188} INFO - [2025-07-11T12:00:52.484+0200] {dag.py:3096} INFO - Sync 1 DAGs
[2025-07-11T12:00:52.494+0200] {logging_mixin.py:188} INFO - [2025-07-11T12:00:52.494+0200] {dag.py:3954} INFO - Setting next_dagrun for example_trigger_controller_dag to 2021-01-01 00:00:00+00:00, run_after=2021-01-01 00:00:00+00:00
[2025-07-11T12:00:52.507+0200] {processor.py:183} INFO - Processing /home/florent/Programs/anaconda3/envs/airflow_etl/lib/python3.11/site-packages/airflow/example_dags/example_trigger_controller_dag.py took 0.055 seconds
[2025-07-11T12:01:56.774+0200] {processor.py:161} INFO - Started process (PID=82032) to work on /home/florent/Programs/anaconda3/envs/airflow_etl/lib/python3.11/site-packages/airflow/example_dags/example_trigger_controller_dag.py
[2025-07-11T12:01:56.777+0200] {processor.py:830} INFO - Processing file /home/florent/Programs/anaconda3/envs/airflow_etl/lib/python3.11/site-packages/airflow/example_dags/example_trigger_controller_dag.py for tasks to queue
[2025-07-11T12:01:56.779+0200] {logging_mixin.py:188} INFO - [2025-07-11T12:01:56.779+0200] {dagbag.py:545} INFO - Filling up the DagBag from /home/florent/Programs/anaconda3/envs/airflow_etl/lib/python3.11/site-packages/airflow/example_dags/example_trigger_controller_dag.py
[2025-07-11T12:01:56.785+0200] {processor.py:840} INFO - DAG(s) 'example_trigger_controller_dag' retrieved from /home/florent/Programs/anaconda3/envs/airflow_etl/lib/python3.11/site-packages/airflow/example_dags/example_trigger_controller_dag.py
[2025-07-11T12:01:56.800+0200] {logging_mixin.py:188} INFO - [2025-07-11T12:01:56.800+0200] {dag.py:3096} INFO - Sync 1 DAGs
[2025-07-11T12:01:56.811+0200] {logging_mixin.py:188} INFO - [2025-07-11T12:01:56.811+0200] {dag.py:3954} INFO - Setting next_dagrun for example_trigger_controller_dag to 2021-01-01 00:00:00+00:00, run_after=2021-01-01 00:00:00+00:00
[2025-07-11T12:01:56.823+0200] {processor.py:183} INFO - Processing /home/florent/Programs/anaconda3/envs/airflow_etl/lib/python3.11/site-packages/airflow/example_dags/example_trigger_controller_dag.py took 0.055 seconds
[2025-07-11T12:02:58.512+0200] {processor.py:161} INFO - Started process (PID=82647) to work on /home/florent/Programs/anaconda3/envs/airflow_etl/lib/python3.11/site-packages/airflow/example_dags/example_trigger_controller_dag.py
[2025-07-11T12:02:58.514+0200] {processor.py:830} INFO - Processing file /home/florent/Programs/anaconda3/envs/airflow_etl/lib/python3.11/site-packages/airflow/example_dags/example_trigger_controller_dag.py for tasks to queue
[2025-07-11T12:02:58.516+0200] {logging_mixin.py:188} INFO - [2025-07-11T12:02:58.516+0200] {dagbag.py:545} INFO - Filling up the DagBag from /home/florent/Programs/anaconda3/envs/airflow_etl/lib/python3.11/site-packages/airflow/example_dags/example_trigger_controller_dag.py
[2025-07-11T12:02:58.522+0200] {processor.py:840} INFO - DAG(s) 'example_trigger_controller_dag' retrieved from /home/florent/Programs/anaconda3/envs/airflow_etl/lib/python3.11/site-packages/airflow/example_dags/example_trigger_controller_dag.py
[2025-07-11T12:02:58.535+0200] {logging_mixin.py:188} INFO - [2025-07-11T12:02:58.535+0200] {dag.py:3096} INFO - Sync 1 DAGs
[2025-07-11T12:02:58.546+0200] {logging_mixin.py:188} INFO - [2025-07-11T12:02:58.546+0200] {dag.py:3954} INFO - Setting next_dagrun for example_trigger_controller_dag to 2021-01-01 00:00:00+00:00, run_after=2021-01-01 00:00:00+00:00
[2025-07-11T12:02:58.558+0200] {processor.py:183} INFO - Processing /home/florent/Programs/anaconda3/envs/airflow_etl/lib/python3.11/site-packages/airflow/example_dags/example_trigger_controller_dag.py took 0.052 seconds
[2025-07-11T12:04:07.068+0200] {processor.py:161} INFO - Started process (PID=83335) to work on /home/florent/Programs/anaconda3/envs/airflow_etl/lib/python3.11/site-packages/airflow/example_dags/example_trigger_controller_dag.py
[2025-07-11T12:04:07.071+0200] {processor.py:830} INFO - Processing file /home/florent/Programs/anaconda3/envs/airflow_etl/lib/python3.11/site-packages/airflow/example_dags/example_trigger_controller_dag.py for tasks to queue
[2025-07-11T12:04:07.073+0200] {logging_mixin.py:188} INFO - [2025-07-11T12:04:07.072+0200] {dagbag.py:545} INFO - Filling up the DagBag from /home/florent/Programs/anaconda3/envs/airflow_etl/lib/python3.11/site-packages/airflow/example_dags/example_trigger_controller_dag.py
[2025-07-11T12:04:07.079+0200] {processor.py:840} INFO - DAG(s) 'example_trigger_controller_dag' retrieved from /home/florent/Programs/anaconda3/envs/airflow_etl/lib/python3.11/site-packages/airflow/example_dags/example_trigger_controller_dag.py
[2025-07-11T12:04:07.095+0200] {logging_mixin.py:188} INFO - [2025-07-11T12:04:07.095+0200] {dag.py:3096} INFO - Sync 1 DAGs
[2025-07-11T12:04:07.106+0200] {logging_mixin.py:188} INFO - [2025-07-11T12:04:07.106+0200] {dag.py:3954} INFO - Setting next_dagrun for example_trigger_controller_dag to 2021-01-01 00:00:00+00:00, run_after=2021-01-01 00:00:00+00:00
[2025-07-11T12:04:07.119+0200] {processor.py:183} INFO - Processing /home/florent/Programs/anaconda3/envs/airflow_etl/lib/python3.11/site-packages/airflow/example_dags/example_trigger_controller_dag.py took 0.056 seconds
[2025-07-11T12:05:13.314+0200] {processor.py:161} INFO - Started process (PID=84097) to work on /home/florent/Programs/anaconda3/envs/airflow_etl/lib/python3.11/site-packages/airflow/example_dags/example_trigger_controller_dag.py
[2025-07-11T12:05:13.316+0200] {processor.py:830} INFO - Processing file /home/florent/Programs/anaconda3/envs/airflow_etl/lib/python3.11/site-packages/airflow/example_dags/example_trigger_controller_dag.py for tasks to queue
[2025-07-11T12:05:13.319+0200] {logging_mixin.py:188} INFO - [2025-07-11T12:05:13.318+0200] {dagbag.py:545} INFO - Filling up the DagBag from /home/florent/Programs/anaconda3/envs/airflow_etl/lib/python3.11/site-packages/airflow/example_dags/example_trigger_controller_dag.py
[2025-07-11T12:05:13.325+0200] {processor.py:840} INFO - DAG(s) 'example_trigger_controller_dag' retrieved from /home/florent/Programs/anaconda3/envs/airflow_etl/lib/python3.11/site-packages/airflow/example_dags/example_trigger_controller_dag.py
[2025-07-11T12:05:13.337+0200] {logging_mixin.py:188} INFO - [2025-07-11T12:05:13.337+0200] {dag.py:3096} INFO - Sync 1 DAGs
[2025-07-11T12:05:13.350+0200] {logging_mixin.py:188} INFO - [2025-07-11T12:05:13.350+0200] {dag.py:3954} INFO - Setting next_dagrun for example_trigger_controller_dag to 2021-01-01 00:00:00+00:00, run_after=2021-01-01 00:00:00+00:00
[2025-07-11T12:05:13.362+0200] {processor.py:183} INFO - Processing /home/florent/Programs/anaconda3/envs/airflow_etl/lib/python3.11/site-packages/airflow/example_dags/example_trigger_controller_dag.py took 0.054 seconds
