[2025-07-11T11:03:48.237+0200] {processor.py:161} INFO - Started process (PID=42426) to work on /home/florent/Programs/anaconda3/envs/airflow_etl/lib/python3.11/site-packages/airflow/example_dags/example_bash_operator.py
[2025-07-11T11:03:48.237+0200] {processor.py:830} INFO - Processing file /home/florent/Programs/anaconda3/envs/airflow_etl/lib/python3.11/site-packages/airflow/example_dags/example_bash_operator.py for tasks to queue
[2025-07-11T11:03:48.238+0200] {logging_mixin.py:188} INFO - [2025-07-11T11:03:48.238+0200] {dagbag.py:545} INFO - Filling up the DagBag from /home/florent/Programs/anaconda3/envs/airflow_etl/lib/python3.11/site-packages/airflow/example_dags/example_bash_operator.py
[2025-07-11T11:03:48.248+0200] {processor.py:840} INFO - DAG(s) 'example_bash_operator' retrieved from /home/florent/Programs/anaconda3/envs/airflow_etl/lib/python3.11/site-packages/airflow/example_dags/example_bash_operator.py
[2025-07-11T11:03:48.307+0200] {logging_mixin.py:188} INFO - [2025-07-11T11:03:48.307+0200] {dag.py:3096} INFO - Sync 1 DAGs
[2025-07-11T11:03:48.316+0200] {logging_mixin.py:188} INFO - [2025-07-11T11:03:48.315+0200] {dag.py:3954} INFO - Setting next_dagrun for example_bash_operator to 2025-07-10 00:00:00+00:00, run_after=2025-07-11 00:00:00+00:00
[2025-07-11T11:03:48.328+0200] {processor.py:183} INFO - Processing /home/florent/Programs/anaconda3/envs/airflow_etl/lib/python3.11/site-packages/airflow/example_dags/example_bash_operator.py took 0.098 seconds
[2025-07-11T11:04:38.532+0200] {processor.py:161} INFO - Started process (PID=42944) to work on /home/florent/Programs/anaconda3/envs/airflow_etl/lib/python3.11/site-packages/airflow/example_dags/example_bash_operator.py
[2025-07-11T11:04:38.534+0200] {processor.py:830} INFO - Processing file /home/florent/Programs/anaconda3/envs/airflow_etl/lib/python3.11/site-packages/airflow/example_dags/example_bash_operator.py for tasks to queue
[2025-07-11T11:04:38.535+0200] {logging_mixin.py:188} INFO - [2025-07-11T11:04:38.535+0200] {dagbag.py:545} INFO - Filling up the DagBag from /home/florent/Programs/anaconda3/envs/airflow_etl/lib/python3.11/site-packages/airflow/example_dags/example_bash_operator.py
[2025-07-11T11:04:38.546+0200] {processor.py:840} INFO - DAG(s) 'example_bash_operator' retrieved from /home/florent/Programs/anaconda3/envs/airflow_etl/lib/python3.11/site-packages/airflow/example_dags/example_bash_operator.py
[2025-07-11T11:04:38.559+0200] {logging_mixin.py:188} INFO - [2025-07-11T11:04:38.558+0200] {dag.py:3096} INFO - Sync 1 DAGs
[2025-07-11T11:04:38.568+0200] {logging_mixin.py:188} INFO - [2025-07-11T11:04:38.568+0200] {dag.py:3954} INFO - Setting next_dagrun for example_bash_operator to 2025-07-10 00:00:00+00:00, run_after=2025-07-11 00:00:00+00:00
[2025-07-11T11:04:38.580+0200] {processor.py:183} INFO - Processing /home/florent/Programs/anaconda3/envs/airflow_etl/lib/python3.11/site-packages/airflow/example_dags/example_bash_operator.py took 0.054 seconds
[2025-07-11T11:05:45.367+0200] {processor.py:161} INFO - Started process (PID=43768) to work on /home/florent/Programs/anaconda3/envs/airflow_etl/lib/python3.11/site-packages/airflow/example_dags/example_bash_operator.py
[2025-07-11T11:05:45.370+0200] {processor.py:830} INFO - Processing file /home/florent/Programs/anaconda3/envs/airflow_etl/lib/python3.11/site-packages/airflow/example_dags/example_bash_operator.py for tasks to queue
[2025-07-11T11:05:45.371+0200] {logging_mixin.py:188} INFO - [2025-07-11T11:05:45.370+0200] {dagbag.py:545} INFO - Filling up the DagBag from /home/florent/Programs/anaconda3/envs/airflow_etl/lib/python3.11/site-packages/airflow/example_dags/example_bash_operator.py
[2025-07-11T11:05:45.383+0200] {processor.py:840} INFO - DAG(s) 'example_bash_operator' retrieved from /home/florent/Programs/anaconda3/envs/airflow_etl/lib/python3.11/site-packages/airflow/example_dags/example_bash_operator.py
[2025-07-11T11:05:45.397+0200] {logging_mixin.py:188} INFO - [2025-07-11T11:05:45.397+0200] {dag.py:3096} INFO - Sync 1 DAGs
[2025-07-11T11:05:45.406+0200] {logging_mixin.py:188} INFO - [2025-07-11T11:05:45.406+0200] {dag.py:3954} INFO - Setting next_dagrun for example_bash_operator to 2025-07-10 00:00:00+00:00, run_after=2025-07-11 00:00:00+00:00
[2025-07-11T11:05:45.417+0200] {processor.py:183} INFO - Processing /home/florent/Programs/anaconda3/envs/airflow_etl/lib/python3.11/site-packages/airflow/example_dags/example_bash_operator.py took 0.056 seconds
[2025-07-11T11:06:44.936+0200] {processor.py:161} INFO - Started process (PID=44514) to work on /home/florent/Programs/anaconda3/envs/airflow_etl/lib/python3.11/site-packages/airflow/example_dags/example_bash_operator.py
[2025-07-11T11:06:44.939+0200] {processor.py:830} INFO - Processing file /home/florent/Programs/anaconda3/envs/airflow_etl/lib/python3.11/site-packages/airflow/example_dags/example_bash_operator.py for tasks to queue
[2025-07-11T11:06:44.940+0200] {logging_mixin.py:188} INFO - [2025-07-11T11:06:44.939+0200] {dagbag.py:545} INFO - Filling up the DagBag from /home/florent/Programs/anaconda3/envs/airflow_etl/lib/python3.11/site-packages/airflow/example_dags/example_bash_operator.py
[2025-07-11T11:06:44.951+0200] {processor.py:840} INFO - DAG(s) 'example_bash_operator' retrieved from /home/florent/Programs/anaconda3/envs/airflow_etl/lib/python3.11/site-packages/airflow/example_dags/example_bash_operator.py
[2025-07-11T11:06:44.965+0200] {logging_mixin.py:188} INFO - [2025-07-11T11:06:44.965+0200] {dag.py:3096} INFO - Sync 1 DAGs
[2025-07-11T11:06:45.033+0200] {logging_mixin.py:188} INFO - [2025-07-11T11:06:45.033+0200] {dag.py:3954} INFO - Setting next_dagrun for example_bash_operator to 2025-07-10 00:00:00+00:00, run_after=2025-07-11 00:00:00+00:00
[2025-07-11T11:06:45.042+0200] {processor.py:183} INFO - Processing /home/florent/Programs/anaconda3/envs/airflow_etl/lib/python3.11/site-packages/airflow/example_dags/example_bash_operator.py took 0.111 seconds
[2025-07-11T11:07:40.349+0200] {processor.py:161} INFO - Started process (PID=45558) to work on /home/florent/Programs/anaconda3/envs/airflow_etl/lib/python3.11/site-packages/airflow/example_dags/example_bash_operator.py
[2025-07-11T11:07:40.351+0200] {processor.py:830} INFO - Processing file /home/florent/Programs/anaconda3/envs/airflow_etl/lib/python3.11/site-packages/airflow/example_dags/example_bash_operator.py for tasks to queue
[2025-07-11T11:07:40.352+0200] {logging_mixin.py:188} INFO - [2025-07-11T11:07:40.352+0200] {dagbag.py:545} INFO - Filling up the DagBag from /home/florent/Programs/anaconda3/envs/airflow_etl/lib/python3.11/site-packages/airflow/example_dags/example_bash_operator.py
[2025-07-11T11:07:40.358+0200] {processor.py:840} INFO - DAG(s) 'example_bash_operator' retrieved from /home/florent/Programs/anaconda3/envs/airflow_etl/lib/python3.11/site-packages/airflow/example_dags/example_bash_operator.py
[2025-07-11T11:07:40.369+0200] {logging_mixin.py:188} INFO - [2025-07-11T11:07:40.369+0200] {dag.py:3096} INFO - Sync 1 DAGs
[2025-07-11T11:07:40.379+0200] {logging_mixin.py:188} INFO - [2025-07-11T11:07:40.379+0200] {dag.py:3954} INFO - Setting next_dagrun for example_bash_operator to 2025-07-10 00:00:00+00:00, run_after=2025-07-11 00:00:00+00:00
[2025-07-11T11:07:40.390+0200] {processor.py:183} INFO - Processing /home/florent/Programs/anaconda3/envs/airflow_etl/lib/python3.11/site-packages/airflow/example_dags/example_bash_operator.py took 0.046 seconds
[2025-07-11T11:08:43.472+0200] {processor.py:161} INFO - Started process (PID=46266) to work on /home/florent/Programs/anaconda3/envs/airflow_etl/lib/python3.11/site-packages/airflow/example_dags/example_bash_operator.py
[2025-07-11T11:08:43.475+0200] {processor.py:830} INFO - Processing file /home/florent/Programs/anaconda3/envs/airflow_etl/lib/python3.11/site-packages/airflow/example_dags/example_bash_operator.py for tasks to queue
[2025-07-11T11:08:43.476+0200] {logging_mixin.py:188} INFO - [2025-07-11T11:08:43.475+0200] {dagbag.py:545} INFO - Filling up the DagBag from /home/florent/Programs/anaconda3/envs/airflow_etl/lib/python3.11/site-packages/airflow/example_dags/example_bash_operator.py
[2025-07-11T11:08:43.487+0200] {processor.py:840} INFO - DAG(s) 'example_bash_operator' retrieved from /home/florent/Programs/anaconda3/envs/airflow_etl/lib/python3.11/site-packages/airflow/example_dags/example_bash_operator.py
[2025-07-11T11:08:43.499+0200] {logging_mixin.py:188} INFO - [2025-07-11T11:08:43.499+0200] {dag.py:3096} INFO - Sync 1 DAGs
[2025-07-11T11:08:43.507+0200] {logging_mixin.py:188} INFO - [2025-07-11T11:08:43.507+0200] {dag.py:3954} INFO - Setting next_dagrun for example_bash_operator to 2025-07-10 00:00:00+00:00, run_after=2025-07-11 00:00:00+00:00
[2025-07-11T11:08:43.517+0200] {processor.py:183} INFO - Processing /home/florent/Programs/anaconda3/envs/airflow_etl/lib/python3.11/site-packages/airflow/example_dags/example_bash_operator.py took 0.051 seconds
[2025-07-11T11:09:42.586+0200] {processor.py:161} INFO - Started process (PID=47041) to work on /home/florent/Programs/anaconda3/envs/airflow_etl/lib/python3.11/site-packages/airflow/example_dags/example_bash_operator.py
[2025-07-11T11:09:42.588+0200] {processor.py:830} INFO - Processing file /home/florent/Programs/anaconda3/envs/airflow_etl/lib/python3.11/site-packages/airflow/example_dags/example_bash_operator.py for tasks to queue
[2025-07-11T11:09:42.589+0200] {logging_mixin.py:188} INFO - [2025-07-11T11:09:42.589+0200] {dagbag.py:545} INFO - Filling up the DagBag from /home/florent/Programs/anaconda3/envs/airflow_etl/lib/python3.11/site-packages/airflow/example_dags/example_bash_operator.py
[2025-07-11T11:09:42.600+0200] {processor.py:840} INFO - DAG(s) 'example_bash_operator' retrieved from /home/florent/Programs/anaconda3/envs/airflow_etl/lib/python3.11/site-packages/airflow/example_dags/example_bash_operator.py
[2025-07-11T11:09:42.614+0200] {logging_mixin.py:188} INFO - [2025-07-11T11:09:42.614+0200] {dag.py:3096} INFO - Sync 1 DAGs
[2025-07-11T11:09:42.623+0200] {logging_mixin.py:188} INFO - [2025-07-11T11:09:42.623+0200] {dag.py:3954} INFO - Setting next_dagrun for example_bash_operator to 2025-07-10 00:00:00+00:00, run_after=2025-07-11 00:00:00+00:00
[2025-07-11T11:09:42.634+0200] {processor.py:183} INFO - Processing /home/florent/Programs/anaconda3/envs/airflow_etl/lib/python3.11/site-packages/airflow/example_dags/example_bash_operator.py took 0.054 seconds
[2025-07-11T11:10:49.858+0200] {processor.py:161} INFO - Started process (PID=47908) to work on /home/florent/Programs/anaconda3/envs/airflow_etl/lib/python3.11/site-packages/airflow/example_dags/example_bash_operator.py
[2025-07-11T11:10:49.860+0200] {processor.py:830} INFO - Processing file /home/florent/Programs/anaconda3/envs/airflow_etl/lib/python3.11/site-packages/airflow/example_dags/example_bash_operator.py for tasks to queue
[2025-07-11T11:10:49.861+0200] {logging_mixin.py:188} INFO - [2025-07-11T11:10:49.861+0200] {dagbag.py:545} INFO - Filling up the DagBag from /home/florent/Programs/anaconda3/envs/airflow_etl/lib/python3.11/site-packages/airflow/example_dags/example_bash_operator.py
[2025-07-11T11:10:49.873+0200] {processor.py:840} INFO - DAG(s) 'example_bash_operator' retrieved from /home/florent/Programs/anaconda3/envs/airflow_etl/lib/python3.11/site-packages/airflow/example_dags/example_bash_operator.py
[2025-07-11T11:10:49.887+0200] {logging_mixin.py:188} INFO - [2025-07-11T11:10:49.887+0200] {dag.py:3096} INFO - Sync 1 DAGs
[2025-07-11T11:10:49.898+0200] {logging_mixin.py:188} INFO - [2025-07-11T11:10:49.898+0200] {dag.py:3954} INFO - Setting next_dagrun for example_bash_operator to 2025-07-10 00:00:00+00:00, run_after=2025-07-11 00:00:00+00:00
[2025-07-11T11:10:49.911+0200] {processor.py:183} INFO - Processing /home/florent/Programs/anaconda3/envs/airflow_etl/lib/python3.11/site-packages/airflow/example_dags/example_bash_operator.py took 0.059 seconds
[2025-07-11T11:11:58.815+0200] {processor.py:161} INFO - Started process (PID=49657) to work on /home/florent/Programs/anaconda3/envs/airflow_etl/lib/python3.11/site-packages/airflow/example_dags/example_bash_operator.py
[2025-07-11T11:11:58.815+0200] {processor.py:830} INFO - Processing file /home/florent/Programs/anaconda3/envs/airflow_etl/lib/python3.11/site-packages/airflow/example_dags/example_bash_operator.py for tasks to queue
[2025-07-11T11:11:58.816+0200] {logging_mixin.py:188} INFO - [2025-07-11T11:11:58.816+0200] {dagbag.py:545} INFO - Filling up the DagBag from /home/florent/Programs/anaconda3/envs/airflow_etl/lib/python3.11/site-packages/airflow/example_dags/example_bash_operator.py
[2025-07-11T11:11:58.829+0200] {processor.py:840} INFO - DAG(s) 'example_bash_operator' retrieved from /home/florent/Programs/anaconda3/envs/airflow_etl/lib/python3.11/site-packages/airflow/example_dags/example_bash_operator.py
[2025-07-11T11:11:58.846+0200] {logging_mixin.py:188} INFO - [2025-07-11T11:11:58.846+0200] {dag.py:3096} INFO - Sync 1 DAGs
[2025-07-11T11:11:58.860+0200] {logging_mixin.py:188} INFO - [2025-07-11T11:11:58.860+0200] {dag.py:3954} INFO - Setting next_dagrun for example_bash_operator to 2025-07-10 00:00:00+00:00, run_after=2025-07-11 00:00:00+00:00
[2025-07-11T11:11:58.874+0200] {processor.py:183} INFO - Processing /home/florent/Programs/anaconda3/envs/airflow_etl/lib/python3.11/site-packages/airflow/example_dags/example_bash_operator.py took 0.066 seconds
[2025-07-11T11:13:07.372+0200] {processor.py:161} INFO - Started process (PID=50514) to work on /home/florent/Programs/anaconda3/envs/airflow_etl/lib/python3.11/site-packages/airflow/example_dags/example_bash_operator.py
[2025-07-11T11:13:07.375+0200] {processor.py:830} INFO - Processing file /home/florent/Programs/anaconda3/envs/airflow_etl/lib/python3.11/site-packages/airflow/example_dags/example_bash_operator.py for tasks to queue
[2025-07-11T11:13:07.376+0200] {logging_mixin.py:188} INFO - [2025-07-11T11:13:07.376+0200] {dagbag.py:545} INFO - Filling up the DagBag from /home/florent/Programs/anaconda3/envs/airflow_etl/lib/python3.11/site-packages/airflow/example_dags/example_bash_operator.py
[2025-07-11T11:13:07.389+0200] {processor.py:840} INFO - DAG(s) 'example_bash_operator' retrieved from /home/florent/Programs/anaconda3/envs/airflow_etl/lib/python3.11/site-packages/airflow/example_dags/example_bash_operator.py
[2025-07-11T11:13:07.403+0200] {logging_mixin.py:188} INFO - [2025-07-11T11:13:07.403+0200] {dag.py:3096} INFO - Sync 1 DAGs
[2025-07-11T11:13:07.413+0200] {logging_mixin.py:188} INFO - [2025-07-11T11:13:07.413+0200] {dag.py:3954} INFO - Setting next_dagrun for example_bash_operator to 2025-07-10 00:00:00+00:00, run_after=2025-07-11 00:00:00+00:00
[2025-07-11T11:13:07.424+0200] {processor.py:183} INFO - Processing /home/florent/Programs/anaconda3/envs/airflow_etl/lib/python3.11/site-packages/airflow/example_dags/example_bash_operator.py took 0.058 seconds
[2025-07-11T11:13:28.074+0200] {processor.py:161} INFO - Started process (PID=50789) to work on /home/florent/Programs/anaconda3/envs/airflow_etl/lib/python3.11/site-packages/airflow/example_dags/example_bash_operator.py
[2025-07-11T11:13:28.074+0200] {processor.py:830} INFO - Processing file /home/florent/Programs/anaconda3/envs/airflow_etl/lib/python3.11/site-packages/airflow/example_dags/example_bash_operator.py for tasks to queue
[2025-07-11T11:13:28.076+0200] {logging_mixin.py:188} INFO - [2025-07-11T11:13:28.075+0200] {dagbag.py:545} INFO - Filling up the DagBag from /home/florent/Programs/anaconda3/envs/airflow_etl/lib/python3.11/site-packages/airflow/example_dags/example_bash_operator.py
[2025-07-11T11:13:28.084+0200] {processor.py:840} INFO - DAG(s) 'example_bash_operator' retrieved from /home/florent/Programs/anaconda3/envs/airflow_etl/lib/python3.11/site-packages/airflow/example_dags/example_bash_operator.py
[2025-07-11T11:13:28.097+0200] {logging_mixin.py:188} INFO - [2025-07-11T11:13:28.097+0200] {dag.py:3096} INFO - Sync 1 DAGs
[2025-07-11T11:13:28.108+0200] {logging_mixin.py:188} INFO - [2025-07-11T11:13:28.107+0200] {dag.py:3954} INFO - Setting next_dagrun for example_bash_operator to 2025-07-10 00:00:00+00:00, run_after=2025-07-11 00:00:00+00:00
[2025-07-11T11:13:28.118+0200] {processor.py:183} INFO - Processing /home/florent/Programs/anaconda3/envs/airflow_etl/lib/python3.11/site-packages/airflow/example_dags/example_bash_operator.py took 0.050 seconds
[2025-07-11T11:14:19.437+0200] {processor.py:161} INFO - Started process (PID=51480) to work on /home/florent/Programs/anaconda3/envs/airflow_etl/lib/python3.11/site-packages/airflow/example_dags/example_bash_operator.py
[2025-07-11T11:14:19.438+0200] {processor.py:830} INFO - Processing file /home/florent/Programs/anaconda3/envs/airflow_etl/lib/python3.11/site-packages/airflow/example_dags/example_bash_operator.py for tasks to queue
[2025-07-11T11:14:19.439+0200] {logging_mixin.py:188} INFO - [2025-07-11T11:14:19.439+0200] {dagbag.py:545} INFO - Filling up the DagBag from /home/florent/Programs/anaconda3/envs/airflow_etl/lib/python3.11/site-packages/airflow/example_dags/example_bash_operator.py
[2025-07-11T11:14:19.450+0200] {processor.py:840} INFO - DAG(s) 'example_bash_operator' retrieved from /home/florent/Programs/anaconda3/envs/airflow_etl/lib/python3.11/site-packages/airflow/example_dags/example_bash_operator.py
[2025-07-11T11:14:19.462+0200] {logging_mixin.py:188} INFO - [2025-07-11T11:14:19.462+0200] {dag.py:3096} INFO - Sync 1 DAGs
[2025-07-11T11:14:19.471+0200] {logging_mixin.py:188} INFO - [2025-07-11T11:14:19.471+0200] {dag.py:3954} INFO - Setting next_dagrun for example_bash_operator to 2025-07-10 00:00:00+00:00, run_after=2025-07-11 00:00:00+00:00
[2025-07-11T11:14:19.484+0200] {processor.py:183} INFO - Processing /home/florent/Programs/anaconda3/envs/airflow_etl/lib/python3.11/site-packages/airflow/example_dags/example_bash_operator.py took 0.053 seconds
[2025-07-11T11:14:27.929+0200] {processor.py:161} INFO - Started process (PID=51587) to work on /home/florent/Programs/anaconda3/envs/airflow_etl/lib/python3.11/site-packages/airflow/example_dags/example_bash_operator.py
[2025-07-11T11:14:27.932+0200] {processor.py:830} INFO - Processing file /home/florent/Programs/anaconda3/envs/airflow_etl/lib/python3.11/site-packages/airflow/example_dags/example_bash_operator.py for tasks to queue
[2025-07-11T11:14:27.933+0200] {logging_mixin.py:188} INFO - [2025-07-11T11:14:27.933+0200] {dagbag.py:545} INFO - Filling up the DagBag from /home/florent/Programs/anaconda3/envs/airflow_etl/lib/python3.11/site-packages/airflow/example_dags/example_bash_operator.py
[2025-07-11T11:14:27.945+0200] {processor.py:840} INFO - DAG(s) 'example_bash_operator' retrieved from /home/florent/Programs/anaconda3/envs/airflow_etl/lib/python3.11/site-packages/airflow/example_dags/example_bash_operator.py
[2025-07-11T11:14:27.956+0200] {logging_mixin.py:188} INFO - [2025-07-11T11:14:27.956+0200] {dag.py:3096} INFO - Sync 1 DAGs
[2025-07-11T11:14:27.964+0200] {logging_mixin.py:188} INFO - [2025-07-11T11:14:27.964+0200] {dag.py:3954} INFO - Setting next_dagrun for example_bash_operator to 2025-07-10 00:00:00+00:00, run_after=2025-07-11 00:00:00+00:00
[2025-07-11T11:14:27.975+0200] {processor.py:183} INFO - Processing /home/florent/Programs/anaconda3/envs/airflow_etl/lib/python3.11/site-packages/airflow/example_dags/example_bash_operator.py took 0.051 seconds
[2025-07-11T11:15:26.214+0200] {processor.py:161} INFO - Started process (PID=52325) to work on /home/florent/Programs/anaconda3/envs/airflow_etl/lib/python3.11/site-packages/airflow/example_dags/example_bash_operator.py
[2025-07-11T11:15:26.217+0200] {processor.py:830} INFO - Processing file /home/florent/Programs/anaconda3/envs/airflow_etl/lib/python3.11/site-packages/airflow/example_dags/example_bash_operator.py for tasks to queue
[2025-07-11T11:15:26.219+0200] {logging_mixin.py:188} INFO - [2025-07-11T11:15:26.219+0200] {dagbag.py:545} INFO - Filling up the DagBag from /home/florent/Programs/anaconda3/envs/airflow_etl/lib/python3.11/site-packages/airflow/example_dags/example_bash_operator.py
[2025-07-11T11:15:26.229+0200] {processor.py:840} INFO - DAG(s) 'example_bash_operator' retrieved from /home/florent/Programs/anaconda3/envs/airflow_etl/lib/python3.11/site-packages/airflow/example_dags/example_bash_operator.py
[2025-07-11T11:15:26.242+0200] {logging_mixin.py:188} INFO - [2025-07-11T11:15:26.242+0200] {dag.py:3096} INFO - Sync 1 DAGs
[2025-07-11T11:15:26.253+0200] {logging_mixin.py:188} INFO - [2025-07-11T11:15:26.253+0200] {dag.py:3954} INFO - Setting next_dagrun for example_bash_operator to 2025-07-10 00:00:00+00:00, run_after=2025-07-11 00:00:00+00:00
[2025-07-11T11:15:26.263+0200] {processor.py:183} INFO - Processing /home/florent/Programs/anaconda3/envs/airflow_etl/lib/python3.11/site-packages/airflow/example_dags/example_bash_operator.py took 0.055 seconds
[2025-07-11T11:15:27.360+0200] {processor.py:161} INFO - Started process (PID=52336) to work on /home/florent/Programs/anaconda3/envs/airflow_etl/lib/python3.11/site-packages/airflow/example_dags/example_bash_operator.py
[2025-07-11T11:15:27.361+0200] {processor.py:830} INFO - Processing file /home/florent/Programs/anaconda3/envs/airflow_etl/lib/python3.11/site-packages/airflow/example_dags/example_bash_operator.py for tasks to queue
[2025-07-11T11:15:27.362+0200] {logging_mixin.py:188} INFO - [2025-07-11T11:15:27.361+0200] {dagbag.py:545} INFO - Filling up the DagBag from /home/florent/Programs/anaconda3/envs/airflow_etl/lib/python3.11/site-packages/airflow/example_dags/example_bash_operator.py
[2025-07-11T11:15:27.371+0200] {processor.py:840} INFO - DAG(s) 'example_bash_operator' retrieved from /home/florent/Programs/anaconda3/envs/airflow_etl/lib/python3.11/site-packages/airflow/example_dags/example_bash_operator.py
[2025-07-11T11:15:27.382+0200] {logging_mixin.py:188} INFO - [2025-07-11T11:15:27.382+0200] {dag.py:3096} INFO - Sync 1 DAGs
[2025-07-11T11:15:27.391+0200] {logging_mixin.py:188} INFO - [2025-07-11T11:15:27.391+0200] {dag.py:3954} INFO - Setting next_dagrun for example_bash_operator to 2025-07-10 00:00:00+00:00, run_after=2025-07-11 00:00:00+00:00
[2025-07-11T11:15:27.401+0200] {processor.py:183} INFO - Processing /home/florent/Programs/anaconda3/envs/airflow_etl/lib/python3.11/site-packages/airflow/example_dags/example_bash_operator.py took 0.047 seconds
[2025-07-11T11:16:27.916+0200] {processor.py:161} INFO - Started process (PID=53057) to work on /home/florent/Programs/anaconda3/envs/airflow_etl/lib/python3.11/site-packages/airflow/example_dags/example_bash_operator.py
[2025-07-11T11:16:27.919+0200] {processor.py:830} INFO - Processing file /home/florent/Programs/anaconda3/envs/airflow_etl/lib/python3.11/site-packages/airflow/example_dags/example_bash_operator.py for tasks to queue
[2025-07-11T11:16:27.919+0200] {logging_mixin.py:188} INFO - [2025-07-11T11:16:27.919+0200] {dagbag.py:545} INFO - Filling up the DagBag from /home/florent/Programs/anaconda3/envs/airflow_etl/lib/python3.11/site-packages/airflow/example_dags/example_bash_operator.py
[2025-07-11T11:16:27.925+0200] {processor.py:840} INFO - DAG(s) 'example_bash_operator' retrieved from /home/florent/Programs/anaconda3/envs/airflow_etl/lib/python3.11/site-packages/airflow/example_dags/example_bash_operator.py
[2025-07-11T11:16:27.937+0200] {logging_mixin.py:188} INFO - [2025-07-11T11:16:27.937+0200] {dag.py:3096} INFO - Sync 1 DAGs
[2025-07-11T11:16:27.946+0200] {logging_mixin.py:188} INFO - [2025-07-11T11:16:27.946+0200] {dag.py:3954} INFO - Setting next_dagrun for example_bash_operator to 2025-07-10 00:00:00+00:00, run_after=2025-07-11 00:00:00+00:00
[2025-07-11T11:16:27.957+0200] {processor.py:183} INFO - Processing /home/florent/Programs/anaconda3/envs/airflow_etl/lib/python3.11/site-packages/airflow/example_dags/example_bash_operator.py took 0.044 seconds
[2025-07-11T11:16:28.486+0200] {processor.py:161} INFO - Started process (PID=53058) to work on /home/florent/Programs/anaconda3/envs/airflow_etl/lib/python3.11/site-packages/airflow/example_dags/example_bash_operator.py
[2025-07-11T11:16:28.487+0200] {processor.py:830} INFO - Processing file /home/florent/Programs/anaconda3/envs/airflow_etl/lib/python3.11/site-packages/airflow/example_dags/example_bash_operator.py for tasks to queue
[2025-07-11T11:16:28.487+0200] {logging_mixin.py:188} INFO - [2025-07-11T11:16:28.487+0200] {dagbag.py:545} INFO - Filling up the DagBag from /home/florent/Programs/anaconda3/envs/airflow_etl/lib/python3.11/site-packages/airflow/example_dags/example_bash_operator.py
[2025-07-11T11:16:28.493+0200] {processor.py:840} INFO - DAG(s) 'example_bash_operator' retrieved from /home/florent/Programs/anaconda3/envs/airflow_etl/lib/python3.11/site-packages/airflow/example_dags/example_bash_operator.py
[2025-07-11T11:16:28.504+0200] {logging_mixin.py:188} INFO - [2025-07-11T11:16:28.504+0200] {dag.py:3096} INFO - Sync 1 DAGs
[2025-07-11T11:16:28.513+0200] {logging_mixin.py:188} INFO - [2025-07-11T11:16:28.513+0200] {dag.py:3954} INFO - Setting next_dagrun for example_bash_operator to 2025-07-10 00:00:00+00:00, run_after=2025-07-11 00:00:00+00:00
[2025-07-11T11:16:28.523+0200] {processor.py:183} INFO - Processing /home/florent/Programs/anaconda3/envs/airflow_etl/lib/python3.11/site-packages/airflow/example_dags/example_bash_operator.py took 0.039 seconds
[2025-07-11T11:18:19.966+0200] {processor.py:161} INFO - Started process (PID=54260) to work on /home/florent/Programs/anaconda3/envs/airflow_etl/lib/python3.11/site-packages/airflow/example_dags/example_bash_operator.py
[2025-07-11T11:18:19.969+0200] {processor.py:830} INFO - Processing file /home/florent/Programs/anaconda3/envs/airflow_etl/lib/python3.11/site-packages/airflow/example_dags/example_bash_operator.py for tasks to queue
[2025-07-11T11:18:19.970+0200] {logging_mixin.py:188} INFO - [2025-07-11T11:18:19.970+0200] {dagbag.py:545} INFO - Filling up the DagBag from /home/florent/Programs/anaconda3/envs/airflow_etl/lib/python3.11/site-packages/airflow/example_dags/example_bash_operator.py
[2025-07-11T11:18:19.978+0200] {processor.py:840} INFO - DAG(s) 'example_bash_operator' retrieved from /home/florent/Programs/anaconda3/envs/airflow_etl/lib/python3.11/site-packages/airflow/example_dags/example_bash_operator.py
[2025-07-11T11:18:19.990+0200] {logging_mixin.py:188} INFO - [2025-07-11T11:18:19.990+0200] {dag.py:3096} INFO - Sync 1 DAGs
[2025-07-11T11:18:20.001+0200] {logging_mixin.py:188} INFO - [2025-07-11T11:18:20.000+0200] {dag.py:3954} INFO - Setting next_dagrun for example_bash_operator to 2025-07-10 00:00:00+00:00, run_after=2025-07-11 00:00:00+00:00
[2025-07-11T11:18:20.011+0200] {processor.py:183} INFO - Processing /home/florent/Programs/anaconda3/envs/airflow_etl/lib/python3.11/site-packages/airflow/example_dags/example_bash_operator.py took 0.050 seconds
[2025-07-11T11:19:09.569+0200] {processor.py:161} INFO - Started process (PID=54831) to work on /home/florent/Programs/anaconda3/envs/airflow_etl/lib/python3.11/site-packages/airflow/example_dags/example_bash_operator.py
[2025-07-11T11:19:09.571+0200] {processor.py:830} INFO - Processing file /home/florent/Programs/anaconda3/envs/airflow_etl/lib/python3.11/site-packages/airflow/example_dags/example_bash_operator.py for tasks to queue
[2025-07-11T11:19:09.573+0200] {logging_mixin.py:188} INFO - [2025-07-11T11:19:09.572+0200] {dagbag.py:545} INFO - Filling up the DagBag from /home/florent/Programs/anaconda3/envs/airflow_etl/lib/python3.11/site-packages/airflow/example_dags/example_bash_operator.py
[2025-07-11T11:19:09.583+0200] {processor.py:840} INFO - DAG(s) 'example_bash_operator' retrieved from /home/florent/Programs/anaconda3/envs/airflow_etl/lib/python3.11/site-packages/airflow/example_dags/example_bash_operator.py
[2025-07-11T11:19:09.596+0200] {logging_mixin.py:188} INFO - [2025-07-11T11:19:09.596+0200] {dag.py:3096} INFO - Sync 1 DAGs
[2025-07-11T11:19:09.607+0200] {logging_mixin.py:188} INFO - [2025-07-11T11:19:09.606+0200] {dag.py:3954} INFO - Setting next_dagrun for example_bash_operator to 2025-07-10 00:00:00+00:00, run_after=2025-07-11 00:00:00+00:00
[2025-07-11T11:19:09.620+0200] {processor.py:183} INFO - Processing /home/florent/Programs/anaconda3/envs/airflow_etl/lib/python3.11/site-packages/airflow/example_dags/example_bash_operator.py took 0.058 seconds
[2025-07-11T11:20:15.191+0200] {processor.py:161} INFO - Started process (PID=55504) to work on /home/florent/Programs/anaconda3/envs/airflow_etl/lib/python3.11/site-packages/airflow/example_dags/example_bash_operator.py
[2025-07-11T11:20:15.194+0200] {processor.py:830} INFO - Processing file /home/florent/Programs/anaconda3/envs/airflow_etl/lib/python3.11/site-packages/airflow/example_dags/example_bash_operator.py for tasks to queue
[2025-07-11T11:20:15.194+0200] {logging_mixin.py:188} INFO - [2025-07-11T11:20:15.194+0200] {dagbag.py:545} INFO - Filling up the DagBag from /home/florent/Programs/anaconda3/envs/airflow_etl/lib/python3.11/site-packages/airflow/example_dags/example_bash_operator.py
[2025-07-11T11:20:15.200+0200] {processor.py:840} INFO - DAG(s) 'example_bash_operator' retrieved from /home/florent/Programs/anaconda3/envs/airflow_etl/lib/python3.11/site-packages/airflow/example_dags/example_bash_operator.py
[2025-07-11T11:20:15.212+0200] {logging_mixin.py:188} INFO - [2025-07-11T11:20:15.212+0200] {dag.py:3096} INFO - Sync 1 DAGs
[2025-07-11T11:20:15.221+0200] {logging_mixin.py:188} INFO - [2025-07-11T11:20:15.221+0200] {dag.py:3954} INFO - Setting next_dagrun for example_bash_operator to 2025-07-10 00:00:00+00:00, run_after=2025-07-11 00:00:00+00:00
[2025-07-11T11:20:15.232+0200] {processor.py:183} INFO - Processing /home/florent/Programs/anaconda3/envs/airflow_etl/lib/python3.11/site-packages/airflow/example_dags/example_bash_operator.py took 0.044 seconds
[2025-07-11T11:21:20.260+0200] {processor.py:161} INFO - Started process (PID=56230) to work on /home/florent/Programs/anaconda3/envs/airflow_etl/lib/python3.11/site-packages/airflow/example_dags/example_bash_operator.py
[2025-07-11T11:21:20.263+0200] {processor.py:830} INFO - Processing file /home/florent/Programs/anaconda3/envs/airflow_etl/lib/python3.11/site-packages/airflow/example_dags/example_bash_operator.py for tasks to queue
[2025-07-11T11:21:20.265+0200] {logging_mixin.py:188} INFO - [2025-07-11T11:21:20.264+0200] {dagbag.py:545} INFO - Filling up the DagBag from /home/florent/Programs/anaconda3/envs/airflow_etl/lib/python3.11/site-packages/airflow/example_dags/example_bash_operator.py
[2025-07-11T11:21:20.277+0200] {processor.py:840} INFO - DAG(s) 'example_bash_operator' retrieved from /home/florent/Programs/anaconda3/envs/airflow_etl/lib/python3.11/site-packages/airflow/example_dags/example_bash_operator.py
[2025-07-11T11:21:20.291+0200] {logging_mixin.py:188} INFO - [2025-07-11T11:21:20.291+0200] {dag.py:3096} INFO - Sync 1 DAGs
[2025-07-11T11:21:20.301+0200] {logging_mixin.py:188} INFO - [2025-07-11T11:21:20.301+0200] {dag.py:3954} INFO - Setting next_dagrun for example_bash_operator to 2025-07-10 00:00:00+00:00, run_after=2025-07-11 00:00:00+00:00
[2025-07-11T11:21:20.312+0200] {processor.py:183} INFO - Processing /home/florent/Programs/anaconda3/envs/airflow_etl/lib/python3.11/site-packages/airflow/example_dags/example_bash_operator.py took 0.059 seconds
[2025-07-11T11:22:27.586+0200] {processor.py:161} INFO - Started process (PID=56892) to work on /home/florent/Programs/anaconda3/envs/airflow_etl/lib/python3.11/site-packages/airflow/example_dags/example_bash_operator.py
[2025-07-11T11:22:27.588+0200] {processor.py:830} INFO - Processing file /home/florent/Programs/anaconda3/envs/airflow_etl/lib/python3.11/site-packages/airflow/example_dags/example_bash_operator.py for tasks to queue
[2025-07-11T11:22:27.589+0200] {logging_mixin.py:188} INFO - [2025-07-11T11:22:27.589+0200] {dagbag.py:545} INFO - Filling up the DagBag from /home/florent/Programs/anaconda3/envs/airflow_etl/lib/python3.11/site-packages/airflow/example_dags/example_bash_operator.py
[2025-07-11T11:22:27.599+0200] {processor.py:840} INFO - DAG(s) 'example_bash_operator' retrieved from /home/florent/Programs/anaconda3/envs/airflow_etl/lib/python3.11/site-packages/airflow/example_dags/example_bash_operator.py
[2025-07-11T11:22:27.611+0200] {logging_mixin.py:188} INFO - [2025-07-11T11:22:27.611+0200] {dag.py:3096} INFO - Sync 1 DAGs
[2025-07-11T11:22:27.620+0200] {logging_mixin.py:188} INFO - [2025-07-11T11:22:27.620+0200] {dag.py:3954} INFO - Setting next_dagrun for example_bash_operator to 2025-07-10 00:00:00+00:00, run_after=2025-07-11 00:00:00+00:00
[2025-07-11T11:22:27.631+0200] {processor.py:183} INFO - Processing /home/florent/Programs/anaconda3/envs/airflow_etl/lib/python3.11/site-packages/airflow/example_dags/example_bash_operator.py took 0.050 seconds
[2025-07-11T11:23:35.248+0200] {processor.py:161} INFO - Started process (PID=57561) to work on /home/florent/Programs/anaconda3/envs/airflow_etl/lib/python3.11/site-packages/airflow/example_dags/example_bash_operator.py
[2025-07-11T11:23:35.250+0200] {processor.py:830} INFO - Processing file /home/florent/Programs/anaconda3/envs/airflow_etl/lib/python3.11/site-packages/airflow/example_dags/example_bash_operator.py for tasks to queue
[2025-07-11T11:23:35.251+0200] {logging_mixin.py:188} INFO - [2025-07-11T11:23:35.251+0200] {dagbag.py:545} INFO - Filling up the DagBag from /home/florent/Programs/anaconda3/envs/airflow_etl/lib/python3.11/site-packages/airflow/example_dags/example_bash_operator.py
[2025-07-11T11:23:35.258+0200] {processor.py:840} INFO - DAG(s) 'example_bash_operator' retrieved from /home/florent/Programs/anaconda3/envs/airflow_etl/lib/python3.11/site-packages/airflow/example_dags/example_bash_operator.py
[2025-07-11T11:23:35.270+0200] {logging_mixin.py:188} INFO - [2025-07-11T11:23:35.270+0200] {dag.py:3096} INFO - Sync 1 DAGs
[2025-07-11T11:23:35.281+0200] {logging_mixin.py:188} INFO - [2025-07-11T11:23:35.280+0200] {dag.py:3954} INFO - Setting next_dagrun for example_bash_operator to 2025-07-10 00:00:00+00:00, run_after=2025-07-11 00:00:00+00:00
[2025-07-11T11:23:35.293+0200] {processor.py:183} INFO - Processing /home/florent/Programs/anaconda3/envs/airflow_etl/lib/python3.11/site-packages/airflow/example_dags/example_bash_operator.py took 0.050 seconds
[2025-07-11T11:24:28.868+0200] {processor.py:161} INFO - Started process (PID=58101) to work on /home/florent/Programs/anaconda3/envs/airflow_etl/lib/python3.11/site-packages/airflow/example_dags/example_bash_operator.py
[2025-07-11T11:24:28.870+0200] {processor.py:830} INFO - Processing file /home/florent/Programs/anaconda3/envs/airflow_etl/lib/python3.11/site-packages/airflow/example_dags/example_bash_operator.py for tasks to queue
[2025-07-11T11:24:28.871+0200] {logging_mixin.py:188} INFO - [2025-07-11T11:24:28.871+0200] {dagbag.py:545} INFO - Filling up the DagBag from /home/florent/Programs/anaconda3/envs/airflow_etl/lib/python3.11/site-packages/airflow/example_dags/example_bash_operator.py
[2025-07-11T11:24:28.878+0200] {processor.py:840} INFO - DAG(s) 'example_bash_operator' retrieved from /home/florent/Programs/anaconda3/envs/airflow_etl/lib/python3.11/site-packages/airflow/example_dags/example_bash_operator.py
[2025-07-11T11:24:28.889+0200] {logging_mixin.py:188} INFO - [2025-07-11T11:24:28.889+0200] {dag.py:3096} INFO - Sync 1 DAGs
[2025-07-11T11:24:28.899+0200] {logging_mixin.py:188} INFO - [2025-07-11T11:24:28.899+0200] {dag.py:3954} INFO - Setting next_dagrun for example_bash_operator to 2025-07-10 00:00:00+00:00, run_after=2025-07-11 00:00:00+00:00
[2025-07-11T11:24:28.909+0200] {processor.py:183} INFO - Processing /home/florent/Programs/anaconda3/envs/airflow_etl/lib/python3.11/site-packages/airflow/example_dags/example_bash_operator.py took 0.046 seconds
[2025-07-11T11:25:36.874+0200] {processor.py:161} INFO - Started process (PID=58886) to work on /home/florent/Programs/anaconda3/envs/airflow_etl/lib/python3.11/site-packages/airflow/example_dags/example_bash_operator.py
[2025-07-11T11:25:36.877+0200] {processor.py:830} INFO - Processing file /home/florent/Programs/anaconda3/envs/airflow_etl/lib/python3.11/site-packages/airflow/example_dags/example_bash_operator.py for tasks to queue
[2025-07-11T11:25:36.879+0200] {logging_mixin.py:188} INFO - [2025-07-11T11:25:36.879+0200] {dagbag.py:545} INFO - Filling up the DagBag from /home/florent/Programs/anaconda3/envs/airflow_etl/lib/python3.11/site-packages/airflow/example_dags/example_bash_operator.py
[2025-07-11T11:25:36.891+0200] {processor.py:840} INFO - DAG(s) 'example_bash_operator' retrieved from /home/florent/Programs/anaconda3/envs/airflow_etl/lib/python3.11/site-packages/airflow/example_dags/example_bash_operator.py
[2025-07-11T11:25:36.908+0200] {logging_mixin.py:188} INFO - [2025-07-11T11:25:36.908+0200] {dag.py:3096} INFO - Sync 1 DAGs
[2025-07-11T11:25:36.921+0200] {logging_mixin.py:188} INFO - [2025-07-11T11:25:36.920+0200] {dag.py:3954} INFO - Setting next_dagrun for example_bash_operator to 2025-07-10 00:00:00+00:00, run_after=2025-07-11 00:00:00+00:00
[2025-07-11T11:25:36.932+0200] {processor.py:183} INFO - Processing /home/florent/Programs/anaconda3/envs/airflow_etl/lib/python3.11/site-packages/airflow/example_dags/example_bash_operator.py took 0.063 seconds
[2025-07-11T11:26:42.824+0200] {processor.py:161} INFO - Started process (PID=59590) to work on /home/florent/Programs/anaconda3/envs/airflow_etl/lib/python3.11/site-packages/airflow/example_dags/example_bash_operator.py
[2025-07-11T11:26:42.827+0200] {processor.py:830} INFO - Processing file /home/florent/Programs/anaconda3/envs/airflow_etl/lib/python3.11/site-packages/airflow/example_dags/example_bash_operator.py for tasks to queue
[2025-07-11T11:26:42.829+0200] {logging_mixin.py:188} INFO - [2025-07-11T11:26:42.829+0200] {dagbag.py:545} INFO - Filling up the DagBag from /home/florent/Programs/anaconda3/envs/airflow_etl/lib/python3.11/site-packages/airflow/example_dags/example_bash_operator.py
[2025-07-11T11:26:42.840+0200] {processor.py:840} INFO - DAG(s) 'example_bash_operator' retrieved from /home/florent/Programs/anaconda3/envs/airflow_etl/lib/python3.11/site-packages/airflow/example_dags/example_bash_operator.py
[2025-07-11T11:26:42.851+0200] {logging_mixin.py:188} INFO - [2025-07-11T11:26:42.851+0200] {dag.py:3096} INFO - Sync 1 DAGs
[2025-07-11T11:26:42.860+0200] {logging_mixin.py:188} INFO - [2025-07-11T11:26:42.860+0200] {dag.py:3954} INFO - Setting next_dagrun for example_bash_operator to 2025-07-10 00:00:00+00:00, run_after=2025-07-11 00:00:00+00:00
[2025-07-11T11:26:42.871+0200] {processor.py:183} INFO - Processing /home/florent/Programs/anaconda3/envs/airflow_etl/lib/python3.11/site-packages/airflow/example_dags/example_bash_operator.py took 0.052 seconds
[2025-07-11T11:27:51.445+0200] {processor.py:161} INFO - Started process (PID=60340) to work on /home/florent/Programs/anaconda3/envs/airflow_etl/lib/python3.11/site-packages/airflow/example_dags/example_bash_operator.py
[2025-07-11T11:27:51.448+0200] {processor.py:830} INFO - Processing file /home/florent/Programs/anaconda3/envs/airflow_etl/lib/python3.11/site-packages/airflow/example_dags/example_bash_operator.py for tasks to queue
[2025-07-11T11:27:51.450+0200] {logging_mixin.py:188} INFO - [2025-07-11T11:27:51.450+0200] {dagbag.py:545} INFO - Filling up the DagBag from /home/florent/Programs/anaconda3/envs/airflow_etl/lib/python3.11/site-packages/airflow/example_dags/example_bash_operator.py
[2025-07-11T11:27:51.462+0200] {processor.py:840} INFO - DAG(s) 'example_bash_operator' retrieved from /home/florent/Programs/anaconda3/envs/airflow_etl/lib/python3.11/site-packages/airflow/example_dags/example_bash_operator.py
[2025-07-11T11:27:51.477+0200] {logging_mixin.py:188} INFO - [2025-07-11T11:27:51.477+0200] {dag.py:3096} INFO - Sync 1 DAGs
[2025-07-11T11:27:51.486+0200] {logging_mixin.py:188} INFO - [2025-07-11T11:27:51.486+0200] {dag.py:3954} INFO - Setting next_dagrun for example_bash_operator to 2025-07-10 00:00:00+00:00, run_after=2025-07-11 00:00:00+00:00
[2025-07-11T11:27:51.497+0200] {processor.py:183} INFO - Processing /home/florent/Programs/anaconda3/envs/airflow_etl/lib/python3.11/site-packages/airflow/example_dags/example_bash_operator.py took 0.057 seconds
[2025-07-11T11:28:54.545+0200] {processor.py:161} INFO - Started process (PID=61044) to work on /home/florent/Programs/anaconda3/envs/airflow_etl/lib/python3.11/site-packages/airflow/example_dags/example_bash_operator.py
[2025-07-11T11:28:54.548+0200] {processor.py:830} INFO - Processing file /home/florent/Programs/anaconda3/envs/airflow_etl/lib/python3.11/site-packages/airflow/example_dags/example_bash_operator.py for tasks to queue
[2025-07-11T11:28:54.549+0200] {logging_mixin.py:188} INFO - [2025-07-11T11:28:54.549+0200] {dagbag.py:545} INFO - Filling up the DagBag from /home/florent/Programs/anaconda3/envs/airflow_etl/lib/python3.11/site-packages/airflow/example_dags/example_bash_operator.py
[2025-07-11T11:28:54.560+0200] {processor.py:840} INFO - DAG(s) 'example_bash_operator' retrieved from /home/florent/Programs/anaconda3/envs/airflow_etl/lib/python3.11/site-packages/airflow/example_dags/example_bash_operator.py
[2025-07-11T11:28:54.574+0200] {logging_mixin.py:188} INFO - [2025-07-11T11:28:54.574+0200] {dag.py:3096} INFO - Sync 1 DAGs
[2025-07-11T11:28:54.584+0200] {logging_mixin.py:188} INFO - [2025-07-11T11:28:54.584+0200] {dag.py:3954} INFO - Setting next_dagrun for example_bash_operator to 2025-07-10 00:00:00+00:00, run_after=2025-07-11 00:00:00+00:00
[2025-07-11T11:28:54.594+0200] {processor.py:183} INFO - Processing /home/florent/Programs/anaconda3/envs/airflow_etl/lib/python3.11/site-packages/airflow/example_dags/example_bash_operator.py took 0.053 seconds
[2025-07-11T11:29:59.255+0200] {processor.py:161} INFO - Started process (PID=61708) to work on /home/florent/Programs/anaconda3/envs/airflow_etl/lib/python3.11/site-packages/airflow/example_dags/example_bash_operator.py
[2025-07-11T11:29:59.258+0200] {processor.py:830} INFO - Processing file /home/florent/Programs/anaconda3/envs/airflow_etl/lib/python3.11/site-packages/airflow/example_dags/example_bash_operator.py for tasks to queue
[2025-07-11T11:29:59.260+0200] {logging_mixin.py:188} INFO - [2025-07-11T11:29:59.260+0200] {dagbag.py:545} INFO - Filling up the DagBag from /home/florent/Programs/anaconda3/envs/airflow_etl/lib/python3.11/site-packages/airflow/example_dags/example_bash_operator.py
[2025-07-11T11:29:59.273+0200] {processor.py:840} INFO - DAG(s) 'example_bash_operator' retrieved from /home/florent/Programs/anaconda3/envs/airflow_etl/lib/python3.11/site-packages/airflow/example_dags/example_bash_operator.py
[2025-07-11T11:29:59.291+0200] {logging_mixin.py:188} INFO - [2025-07-11T11:29:59.291+0200] {dag.py:3096} INFO - Sync 1 DAGs
[2025-07-11T11:29:59.304+0200] {logging_mixin.py:188} INFO - [2025-07-11T11:29:59.304+0200] {dag.py:3954} INFO - Setting next_dagrun for example_bash_operator to 2025-07-10 00:00:00+00:00, run_after=2025-07-11 00:00:00+00:00
[2025-07-11T11:29:59.316+0200] {processor.py:183} INFO - Processing /home/florent/Programs/anaconda3/envs/airflow_etl/lib/python3.11/site-packages/airflow/example_dags/example_bash_operator.py took 0.067 seconds
[2025-07-11T11:30:59.964+0200] {processor.py:161} INFO - Started process (PID=62348) to work on /home/florent/Programs/anaconda3/envs/airflow_etl/lib/python3.11/site-packages/airflow/example_dags/example_bash_operator.py
[2025-07-11T11:30:59.966+0200] {processor.py:830} INFO - Processing file /home/florent/Programs/anaconda3/envs/airflow_etl/lib/python3.11/site-packages/airflow/example_dags/example_bash_operator.py for tasks to queue
[2025-07-11T11:30:59.968+0200] {logging_mixin.py:188} INFO - [2025-07-11T11:30:59.968+0200] {dagbag.py:545} INFO - Filling up the DagBag from /home/florent/Programs/anaconda3/envs/airflow_etl/lib/python3.11/site-packages/airflow/example_dags/example_bash_operator.py
[2025-07-11T11:30:59.979+0200] {processor.py:840} INFO - DAG(s) 'example_bash_operator' retrieved from /home/florent/Programs/anaconda3/envs/airflow_etl/lib/python3.11/site-packages/airflow/example_dags/example_bash_operator.py
[2025-07-11T11:30:59.992+0200] {logging_mixin.py:188} INFO - [2025-07-11T11:30:59.992+0200] {dag.py:3096} INFO - Sync 1 DAGs
[2025-07-11T11:31:00.001+0200] {logging_mixin.py:188} INFO - [2025-07-11T11:31:00.001+0200] {dag.py:3954} INFO - Setting next_dagrun for example_bash_operator to 2025-07-10 00:00:00+00:00, run_after=2025-07-11 00:00:00+00:00
[2025-07-11T11:31:00.013+0200] {processor.py:183} INFO - Processing /home/florent/Programs/anaconda3/envs/airflow_etl/lib/python3.11/site-packages/airflow/example_dags/example_bash_operator.py took 0.054 seconds
[2025-07-11T11:32:07.906+0200] {processor.py:161} INFO - Started process (PID=63021) to work on /home/florent/Programs/anaconda3/envs/airflow_etl/lib/python3.11/site-packages/airflow/example_dags/example_bash_operator.py
[2025-07-11T11:32:07.910+0200] {processor.py:830} INFO - Processing file /home/florent/Programs/anaconda3/envs/airflow_etl/lib/python3.11/site-packages/airflow/example_dags/example_bash_operator.py for tasks to queue
[2025-07-11T11:32:07.912+0200] {logging_mixin.py:188} INFO - [2025-07-11T11:32:07.911+0200] {dagbag.py:545} INFO - Filling up the DagBag from /home/florent/Programs/anaconda3/envs/airflow_etl/lib/python3.11/site-packages/airflow/example_dags/example_bash_operator.py
[2025-07-11T11:32:07.924+0200] {processor.py:840} INFO - DAG(s) 'example_bash_operator' retrieved from /home/florent/Programs/anaconda3/envs/airflow_etl/lib/python3.11/site-packages/airflow/example_dags/example_bash_operator.py
[2025-07-11T11:32:07.939+0200] {logging_mixin.py:188} INFO - [2025-07-11T11:32:07.938+0200] {dag.py:3096} INFO - Sync 1 DAGs
[2025-07-11T11:32:07.950+0200] {logging_mixin.py:188} INFO - [2025-07-11T11:32:07.950+0200] {dag.py:3954} INFO - Setting next_dagrun for example_bash_operator to 2025-07-10 00:00:00+00:00, run_after=2025-07-11 00:00:00+00:00
[2025-07-11T11:32:07.963+0200] {processor.py:183} INFO - Processing /home/florent/Programs/anaconda3/envs/airflow_etl/lib/python3.11/site-packages/airflow/example_dags/example_bash_operator.py took 0.063 seconds
[2025-07-11T11:33:10.503+0200] {processor.py:161} INFO - Started process (PID=63850) to work on /home/florent/Programs/anaconda3/envs/airflow_etl/lib/python3.11/site-packages/airflow/example_dags/example_bash_operator.py
[2025-07-11T11:33:10.504+0200] {processor.py:830} INFO - Processing file /home/florent/Programs/anaconda3/envs/airflow_etl/lib/python3.11/site-packages/airflow/example_dags/example_bash_operator.py for tasks to queue
[2025-07-11T11:33:10.505+0200] {logging_mixin.py:188} INFO - [2025-07-11T11:33:10.505+0200] {dagbag.py:545} INFO - Filling up the DagBag from /home/florent/Programs/anaconda3/envs/airflow_etl/lib/python3.11/site-packages/airflow/example_dags/example_bash_operator.py
[2025-07-11T11:33:10.511+0200] {processor.py:840} INFO - DAG(s) 'example_bash_operator' retrieved from /home/florent/Programs/anaconda3/envs/airflow_etl/lib/python3.11/site-packages/airflow/example_dags/example_bash_operator.py
[2025-07-11T11:33:10.524+0200] {logging_mixin.py:188} INFO - [2025-07-11T11:33:10.524+0200] {dag.py:3096} INFO - Sync 1 DAGs
[2025-07-11T11:33:10.536+0200] {logging_mixin.py:188} INFO - [2025-07-11T11:33:10.535+0200] {dag.py:3954} INFO - Setting next_dagrun for example_bash_operator to 2025-07-10 00:00:00+00:00, run_after=2025-07-11 00:00:00+00:00
[2025-07-11T11:33:10.548+0200] {processor.py:183} INFO - Processing /home/florent/Programs/anaconda3/envs/airflow_etl/lib/python3.11/site-packages/airflow/example_dags/example_bash_operator.py took 0.048 seconds
[2025-07-11T11:34:15.284+0200] {processor.py:161} INFO - Started process (PID=64477) to work on /home/florent/Programs/anaconda3/envs/airflow_etl/lib/python3.11/site-packages/airflow/example_dags/example_bash_operator.py
[2025-07-11T11:34:15.286+0200] {processor.py:830} INFO - Processing file /home/florent/Programs/anaconda3/envs/airflow_etl/lib/python3.11/site-packages/airflow/example_dags/example_bash_operator.py for tasks to queue
[2025-07-11T11:34:15.288+0200] {logging_mixin.py:188} INFO - [2025-07-11T11:34:15.288+0200] {dagbag.py:545} INFO - Filling up the DagBag from /home/florent/Programs/anaconda3/envs/airflow_etl/lib/python3.11/site-packages/airflow/example_dags/example_bash_operator.py
[2025-07-11T11:34:15.301+0200] {processor.py:840} INFO - DAG(s) 'example_bash_operator' retrieved from /home/florent/Programs/anaconda3/envs/airflow_etl/lib/python3.11/site-packages/airflow/example_dags/example_bash_operator.py
[2025-07-11T11:34:15.316+0200] {logging_mixin.py:188} INFO - [2025-07-11T11:34:15.316+0200] {dag.py:3096} INFO - Sync 1 DAGs
[2025-07-11T11:34:15.329+0200] {logging_mixin.py:188} INFO - [2025-07-11T11:34:15.329+0200] {dag.py:3954} INFO - Setting next_dagrun for example_bash_operator to 2025-07-10 00:00:00+00:00, run_after=2025-07-11 00:00:00+00:00
[2025-07-11T11:34:15.345+0200] {processor.py:183} INFO - Processing /home/florent/Programs/anaconda3/envs/airflow_etl/lib/python3.11/site-packages/airflow/example_dags/example_bash_operator.py took 0.066 seconds
[2025-07-11T11:35:22.935+0200] {processor.py:161} INFO - Started process (PID=65154) to work on /home/florent/Programs/anaconda3/envs/airflow_etl/lib/python3.11/site-packages/airflow/example_dags/example_bash_operator.py
[2025-07-11T11:35:22.938+0200] {processor.py:830} INFO - Processing file /home/florent/Programs/anaconda3/envs/airflow_etl/lib/python3.11/site-packages/airflow/example_dags/example_bash_operator.py for tasks to queue
[2025-07-11T11:35:22.940+0200] {logging_mixin.py:188} INFO - [2025-07-11T11:35:22.940+0200] {dagbag.py:545} INFO - Filling up the DagBag from /home/florent/Programs/anaconda3/envs/airflow_etl/lib/python3.11/site-packages/airflow/example_dags/example_bash_operator.py
[2025-07-11T11:35:22.951+0200] {processor.py:840} INFO - DAG(s) 'example_bash_operator' retrieved from /home/florent/Programs/anaconda3/envs/airflow_etl/lib/python3.11/site-packages/airflow/example_dags/example_bash_operator.py
[2025-07-11T11:35:22.963+0200] {logging_mixin.py:188} INFO - [2025-07-11T11:35:22.963+0200] {dag.py:3096} INFO - Sync 1 DAGs
[2025-07-11T11:35:22.972+0200] {logging_mixin.py:188} INFO - [2025-07-11T11:35:22.972+0200] {dag.py:3954} INFO - Setting next_dagrun for example_bash_operator to 2025-07-10 00:00:00+00:00, run_after=2025-07-11 00:00:00+00:00
[2025-07-11T11:35:22.983+0200] {processor.py:183} INFO - Processing /home/florent/Programs/anaconda3/envs/airflow_etl/lib/python3.11/site-packages/airflow/example_dags/example_bash_operator.py took 0.055 seconds
[2025-07-11T11:36:23.072+0200] {processor.py:161} INFO - Started process (PID=65843) to work on /home/florent/Programs/anaconda3/envs/airflow_etl/lib/python3.11/site-packages/airflow/example_dags/example_bash_operator.py
[2025-07-11T11:36:23.075+0200] {processor.py:830} INFO - Processing file /home/florent/Programs/anaconda3/envs/airflow_etl/lib/python3.11/site-packages/airflow/example_dags/example_bash_operator.py for tasks to queue
[2025-07-11T11:36:23.077+0200] {logging_mixin.py:188} INFO - [2025-07-11T11:36:23.076+0200] {dagbag.py:545} INFO - Filling up the DagBag from /home/florent/Programs/anaconda3/envs/airflow_etl/lib/python3.11/site-packages/airflow/example_dags/example_bash_operator.py
[2025-07-11T11:36:23.087+0200] {processor.py:840} INFO - DAG(s) 'example_bash_operator' retrieved from /home/florent/Programs/anaconda3/envs/airflow_etl/lib/python3.11/site-packages/airflow/example_dags/example_bash_operator.py
[2025-07-11T11:36:23.126+0200] {logging_mixin.py:188} INFO - [2025-07-11T11:36:23.126+0200] {dag.py:3096} INFO - Sync 1 DAGs
[2025-07-11T11:36:23.162+0200] {logging_mixin.py:188} INFO - [2025-07-11T11:36:23.161+0200] {dag.py:3954} INFO - Setting next_dagrun for example_bash_operator to 2025-07-10 00:00:00+00:00, run_after=2025-07-11 00:00:00+00:00
[2025-07-11T11:36:23.175+0200] {processor.py:183} INFO - Processing /home/florent/Programs/anaconda3/envs/airflow_etl/lib/python3.11/site-packages/airflow/example_dags/example_bash_operator.py took 0.110 seconds
[2025-07-11T11:37:30.142+0200] {processor.py:161} INFO - Started process (PID=66566) to work on /home/florent/Programs/anaconda3/envs/airflow_etl/lib/python3.11/site-packages/airflow/example_dags/example_bash_operator.py
[2025-07-11T11:37:30.145+0200] {processor.py:830} INFO - Processing file /home/florent/Programs/anaconda3/envs/airflow_etl/lib/python3.11/site-packages/airflow/example_dags/example_bash_operator.py for tasks to queue
[2025-07-11T11:37:30.147+0200] {logging_mixin.py:188} INFO - [2025-07-11T11:37:30.146+0200] {dagbag.py:545} INFO - Filling up the DagBag from /home/florent/Programs/anaconda3/envs/airflow_etl/lib/python3.11/site-packages/airflow/example_dags/example_bash_operator.py
[2025-07-11T11:37:30.160+0200] {processor.py:840} INFO - DAG(s) 'example_bash_operator' retrieved from /home/florent/Programs/anaconda3/envs/airflow_etl/lib/python3.11/site-packages/airflow/example_dags/example_bash_operator.py
[2025-07-11T11:37:30.175+0200] {logging_mixin.py:188} INFO - [2025-07-11T11:37:30.175+0200] {dag.py:3096} INFO - Sync 1 DAGs
[2025-07-11T11:37:30.187+0200] {logging_mixin.py:188} INFO - [2025-07-11T11:37:30.187+0200] {dag.py:3954} INFO - Setting next_dagrun for example_bash_operator to 2025-07-10 00:00:00+00:00, run_after=2025-07-11 00:00:00+00:00
[2025-07-11T11:37:30.199+0200] {processor.py:183} INFO - Processing /home/florent/Programs/anaconda3/envs/airflow_etl/lib/python3.11/site-packages/airflow/example_dags/example_bash_operator.py took 0.064 seconds
[2025-07-11T11:38:35.268+0200] {processor.py:161} INFO - Started process (PID=67201) to work on /home/florent/Programs/anaconda3/envs/airflow_etl/lib/python3.11/site-packages/airflow/example_dags/example_bash_operator.py
[2025-07-11T11:38:35.271+0200] {processor.py:830} INFO - Processing file /home/florent/Programs/anaconda3/envs/airflow_etl/lib/python3.11/site-packages/airflow/example_dags/example_bash_operator.py for tasks to queue
[2025-07-11T11:38:35.273+0200] {logging_mixin.py:188} INFO - [2025-07-11T11:38:35.272+0200] {dagbag.py:545} INFO - Filling up the DagBag from /home/florent/Programs/anaconda3/envs/airflow_etl/lib/python3.11/site-packages/airflow/example_dags/example_bash_operator.py
[2025-07-11T11:38:35.282+0200] {processor.py:840} INFO - DAG(s) 'example_bash_operator' retrieved from /home/florent/Programs/anaconda3/envs/airflow_etl/lib/python3.11/site-packages/airflow/example_dags/example_bash_operator.py
[2025-07-11T11:38:35.296+0200] {logging_mixin.py:188} INFO - [2025-07-11T11:38:35.296+0200] {dag.py:3096} INFO - Sync 1 DAGs
[2025-07-11T11:38:35.308+0200] {logging_mixin.py:188} INFO - [2025-07-11T11:38:35.308+0200] {dag.py:3954} INFO - Setting next_dagrun for example_bash_operator to 2025-07-10 00:00:00+00:00, run_after=2025-07-11 00:00:00+00:00
[2025-07-11T11:38:35.320+0200] {processor.py:183} INFO - Processing /home/florent/Programs/anaconda3/envs/airflow_etl/lib/python3.11/site-packages/airflow/example_dags/example_bash_operator.py took 0.057 seconds
[2025-07-11T11:39:43.245+0200] {processor.py:161} INFO - Started process (PID=67981) to work on /home/florent/Programs/anaconda3/envs/airflow_etl/lib/python3.11/site-packages/airflow/example_dags/example_bash_operator.py
[2025-07-11T11:39:43.249+0200] {processor.py:830} INFO - Processing file /home/florent/Programs/anaconda3/envs/airflow_etl/lib/python3.11/site-packages/airflow/example_dags/example_bash_operator.py for tasks to queue
[2025-07-11T11:39:43.251+0200] {logging_mixin.py:188} INFO - [2025-07-11T11:39:43.250+0200] {dagbag.py:545} INFO - Filling up the DagBag from /home/florent/Programs/anaconda3/envs/airflow_etl/lib/python3.11/site-packages/airflow/example_dags/example_bash_operator.py
[2025-07-11T11:39:43.263+0200] {processor.py:840} INFO - DAG(s) 'example_bash_operator' retrieved from /home/florent/Programs/anaconda3/envs/airflow_etl/lib/python3.11/site-packages/airflow/example_dags/example_bash_operator.py
[2025-07-11T11:39:43.276+0200] {logging_mixin.py:188} INFO - [2025-07-11T11:39:43.276+0200] {dag.py:3096} INFO - Sync 1 DAGs
[2025-07-11T11:39:43.289+0200] {logging_mixin.py:188} INFO - [2025-07-11T11:39:43.289+0200] {dag.py:3954} INFO - Setting next_dagrun for example_bash_operator to 2025-07-10 00:00:00+00:00, run_after=2025-07-11 00:00:00+00:00
[2025-07-11T11:39:43.302+0200] {processor.py:183} INFO - Processing /home/florent/Programs/anaconda3/envs/airflow_etl/lib/python3.11/site-packages/airflow/example_dags/example_bash_operator.py took 0.063 seconds
[2025-07-11T11:40:50.297+0200] {processor.py:161} INFO - Started process (PID=68685) to work on /home/florent/Programs/anaconda3/envs/airflow_etl/lib/python3.11/site-packages/airflow/example_dags/example_bash_operator.py
[2025-07-11T11:40:50.300+0200] {processor.py:830} INFO - Processing file /home/florent/Programs/anaconda3/envs/airflow_etl/lib/python3.11/site-packages/airflow/example_dags/example_bash_operator.py for tasks to queue
[2025-07-11T11:40:50.302+0200] {logging_mixin.py:188} INFO - [2025-07-11T11:40:50.301+0200] {dagbag.py:545} INFO - Filling up the DagBag from /home/florent/Programs/anaconda3/envs/airflow_etl/lib/python3.11/site-packages/airflow/example_dags/example_bash_operator.py
[2025-07-11T11:40:50.312+0200] {processor.py:840} INFO - DAG(s) 'example_bash_operator' retrieved from /home/florent/Programs/anaconda3/envs/airflow_etl/lib/python3.11/site-packages/airflow/example_dags/example_bash_operator.py
[2025-07-11T11:40:50.325+0200] {logging_mixin.py:188} INFO - [2025-07-11T11:40:50.325+0200] {dag.py:3096} INFO - Sync 1 DAGs
[2025-07-11T11:40:50.336+0200] {logging_mixin.py:188} INFO - [2025-07-11T11:40:50.336+0200] {dag.py:3954} INFO - Setting next_dagrun for example_bash_operator to 2025-07-10 00:00:00+00:00, run_after=2025-07-11 00:00:00+00:00
[2025-07-11T11:40:50.351+0200] {processor.py:183} INFO - Processing /home/florent/Programs/anaconda3/envs/airflow_etl/lib/python3.11/site-packages/airflow/example_dags/example_bash_operator.py took 0.060 seconds
[2025-07-11T11:41:53.994+0200] {processor.py:161} INFO - Started process (PID=69337) to work on /home/florent/Programs/anaconda3/envs/airflow_etl/lib/python3.11/site-packages/airflow/example_dags/example_bash_operator.py
[2025-07-11T11:41:53.995+0200] {processor.py:830} INFO - Processing file /home/florent/Programs/anaconda3/envs/airflow_etl/lib/python3.11/site-packages/airflow/example_dags/example_bash_operator.py for tasks to queue
[2025-07-11T11:41:53.996+0200] {logging_mixin.py:188} INFO - [2025-07-11T11:41:53.995+0200] {dagbag.py:545} INFO - Filling up the DagBag from /home/florent/Programs/anaconda3/envs/airflow_etl/lib/python3.11/site-packages/airflow/example_dags/example_bash_operator.py
[2025-07-11T11:41:54.007+0200] {processor.py:840} INFO - DAG(s) 'example_bash_operator' retrieved from /home/florent/Programs/anaconda3/envs/airflow_etl/lib/python3.11/site-packages/airflow/example_dags/example_bash_operator.py
[2025-07-11T11:41:54.026+0200] {logging_mixin.py:188} INFO - [2025-07-11T11:41:54.026+0200] {dag.py:3096} INFO - Sync 1 DAGs
[2025-07-11T11:41:54.038+0200] {logging_mixin.py:188} INFO - [2025-07-11T11:41:54.038+0200] {dag.py:3954} INFO - Setting next_dagrun for example_bash_operator to 2025-07-10 00:00:00+00:00, run_after=2025-07-11 00:00:00+00:00
[2025-07-11T11:41:54.050+0200] {processor.py:183} INFO - Processing /home/florent/Programs/anaconda3/envs/airflow_etl/lib/python3.11/site-packages/airflow/example_dags/example_bash_operator.py took 0.062 seconds
[2025-07-11T11:42:57.525+0200] {processor.py:161} INFO - Started process (PID=70159) to work on /home/florent/Programs/anaconda3/envs/airflow_etl/lib/python3.11/site-packages/airflow/example_dags/example_bash_operator.py
[2025-07-11T11:42:57.525+0200] {processor.py:830} INFO - Processing file /home/florent/Programs/anaconda3/envs/airflow_etl/lib/python3.11/site-packages/airflow/example_dags/example_bash_operator.py for tasks to queue
[2025-07-11T11:42:57.527+0200] {logging_mixin.py:188} INFO - [2025-07-11T11:42:57.527+0200] {dagbag.py:545} INFO - Filling up the DagBag from /home/florent/Programs/anaconda3/envs/airflow_etl/lib/python3.11/site-packages/airflow/example_dags/example_bash_operator.py
[2025-07-11T11:42:57.539+0200] {processor.py:840} INFO - DAG(s) 'example_bash_operator' retrieved from /home/florent/Programs/anaconda3/envs/airflow_etl/lib/python3.11/site-packages/airflow/example_dags/example_bash_operator.py
[2025-07-11T11:42:57.553+0200] {logging_mixin.py:188} INFO - [2025-07-11T11:42:57.553+0200] {dag.py:3096} INFO - Sync 1 DAGs
[2025-07-11T11:42:57.564+0200] {logging_mixin.py:188} INFO - [2025-07-11T11:42:57.564+0200] {dag.py:3954} INFO - Setting next_dagrun for example_bash_operator to 2025-07-10 00:00:00+00:00, run_after=2025-07-11 00:00:00+00:00
[2025-07-11T11:42:57.577+0200] {processor.py:183} INFO - Processing /home/florent/Programs/anaconda3/envs/airflow_etl/lib/python3.11/site-packages/airflow/example_dags/example_bash_operator.py took 0.058 seconds
[2025-07-11T11:44:01.598+0200] {processor.py:161} INFO - Started process (PID=70891) to work on /home/florent/Programs/anaconda3/envs/airflow_etl/lib/python3.11/site-packages/airflow/example_dags/example_bash_operator.py
[2025-07-11T11:44:01.601+0200] {processor.py:830} INFO - Processing file /home/florent/Programs/anaconda3/envs/airflow_etl/lib/python3.11/site-packages/airflow/example_dags/example_bash_operator.py for tasks to queue
[2025-07-11T11:44:01.602+0200] {logging_mixin.py:188} INFO - [2025-07-11T11:44:01.602+0200] {dagbag.py:545} INFO - Filling up the DagBag from /home/florent/Programs/anaconda3/envs/airflow_etl/lib/python3.11/site-packages/airflow/example_dags/example_bash_operator.py
[2025-07-11T11:44:01.613+0200] {processor.py:840} INFO - DAG(s) 'example_bash_operator' retrieved from /home/florent/Programs/anaconda3/envs/airflow_etl/lib/python3.11/site-packages/airflow/example_dags/example_bash_operator.py
[2025-07-11T11:44:01.634+0200] {logging_mixin.py:188} INFO - [2025-07-11T11:44:01.633+0200] {dag.py:3096} INFO - Sync 1 DAGs
[2025-07-11T11:44:01.652+0200] {logging_mixin.py:188} INFO - [2025-07-11T11:44:01.652+0200] {dag.py:3954} INFO - Setting next_dagrun for example_bash_operator to 2025-07-10 00:00:00+00:00, run_after=2025-07-11 00:00:00+00:00
[2025-07-11T11:44:01.670+0200] {processor.py:183} INFO - Processing /home/florent/Programs/anaconda3/envs/airflow_etl/lib/python3.11/site-packages/airflow/example_dags/example_bash_operator.py took 0.078 seconds
[2025-07-11T11:45:12.015+0200] {processor.py:161} INFO - Started process (PID=71753) to work on /home/florent/Programs/anaconda3/envs/airflow_etl/lib/python3.11/site-packages/airflow/example_dags/example_bash_operator.py
[2025-07-11T11:45:12.018+0200] {processor.py:830} INFO - Processing file /home/florent/Programs/anaconda3/envs/airflow_etl/lib/python3.11/site-packages/airflow/example_dags/example_bash_operator.py for tasks to queue
[2025-07-11T11:45:12.020+0200] {logging_mixin.py:188} INFO - [2025-07-11T11:45:12.019+0200] {dagbag.py:545} INFO - Filling up the DagBag from /home/florent/Programs/anaconda3/envs/airflow_etl/lib/python3.11/site-packages/airflow/example_dags/example_bash_operator.py
[2025-07-11T11:45:12.033+0200] {processor.py:840} INFO - DAG(s) 'example_bash_operator' retrieved from /home/florent/Programs/anaconda3/envs/airflow_etl/lib/python3.11/site-packages/airflow/example_dags/example_bash_operator.py
[2025-07-11T11:45:12.058+0200] {logging_mixin.py:188} INFO - [2025-07-11T11:45:12.057+0200] {dag.py:3096} INFO - Sync 1 DAGs
[2025-07-11T11:45:12.074+0200] {logging_mixin.py:188} INFO - [2025-07-11T11:45:12.074+0200] {dag.py:3954} INFO - Setting next_dagrun for example_bash_operator to 2025-07-10 00:00:00+00:00, run_after=2025-07-11 00:00:00+00:00
[2025-07-11T11:45:12.086+0200] {processor.py:183} INFO - Processing /home/florent/Programs/anaconda3/envs/airflow_etl/lib/python3.11/site-packages/airflow/example_dags/example_bash_operator.py took 0.077 seconds
[2025-07-11T11:46:17.186+0200] {processor.py:161} INFO - Started process (PID=72523) to work on /home/florent/Programs/anaconda3/envs/airflow_etl/lib/python3.11/site-packages/airflow/example_dags/example_bash_operator.py
[2025-07-11T11:46:17.187+0200] {processor.py:830} INFO - Processing file /home/florent/Programs/anaconda3/envs/airflow_etl/lib/python3.11/site-packages/airflow/example_dags/example_bash_operator.py for tasks to queue
[2025-07-11T11:46:17.188+0200] {logging_mixin.py:188} INFO - [2025-07-11T11:46:17.188+0200] {dagbag.py:545} INFO - Filling up the DagBag from /home/florent/Programs/anaconda3/envs/airflow_etl/lib/python3.11/site-packages/airflow/example_dags/example_bash_operator.py
[2025-07-11T11:46:17.195+0200] {processor.py:840} INFO - DAG(s) 'example_bash_operator' retrieved from /home/florent/Programs/anaconda3/envs/airflow_etl/lib/python3.11/site-packages/airflow/example_dags/example_bash_operator.py
[2025-07-11T11:46:17.208+0200] {logging_mixin.py:188} INFO - [2025-07-11T11:46:17.208+0200] {dag.py:3096} INFO - Sync 1 DAGs
[2025-07-11T11:46:17.218+0200] {logging_mixin.py:188} INFO - [2025-07-11T11:46:17.218+0200] {dag.py:3954} INFO - Setting next_dagrun for example_bash_operator to 2025-07-10 00:00:00+00:00, run_after=2025-07-11 00:00:00+00:00
[2025-07-11T11:46:17.231+0200] {processor.py:183} INFO - Processing /home/florent/Programs/anaconda3/envs/airflow_etl/lib/python3.11/site-packages/airflow/example_dags/example_bash_operator.py took 0.049 seconds
[2025-07-11T11:47:18.042+0200] {processor.py:161} INFO - Started process (PID=73113) to work on /home/florent/Programs/anaconda3/envs/airflow_etl/lib/python3.11/site-packages/airflow/example_dags/example_bash_operator.py
[2025-07-11T11:47:18.043+0200] {processor.py:830} INFO - Processing file /home/florent/Programs/anaconda3/envs/airflow_etl/lib/python3.11/site-packages/airflow/example_dags/example_bash_operator.py for tasks to queue
[2025-07-11T11:47:18.044+0200] {logging_mixin.py:188} INFO - [2025-07-11T11:47:18.044+0200] {dagbag.py:545} INFO - Filling up the DagBag from /home/florent/Programs/anaconda3/envs/airflow_etl/lib/python3.11/site-packages/airflow/example_dags/example_bash_operator.py
[2025-07-11T11:47:18.051+0200] {processor.py:840} INFO - DAG(s) 'example_bash_operator' retrieved from /home/florent/Programs/anaconda3/envs/airflow_etl/lib/python3.11/site-packages/airflow/example_dags/example_bash_operator.py
[2025-07-11T11:47:18.064+0200] {logging_mixin.py:188} INFO - [2025-07-11T11:47:18.064+0200] {dag.py:3096} INFO - Sync 1 DAGs
[2025-07-11T11:47:18.075+0200] {logging_mixin.py:188} INFO - [2025-07-11T11:47:18.074+0200] {dag.py:3954} INFO - Setting next_dagrun for example_bash_operator to 2025-07-10 00:00:00+00:00, run_after=2025-07-11 00:00:00+00:00
[2025-07-11T11:47:18.085+0200] {processor.py:183} INFO - Processing /home/florent/Programs/anaconda3/envs/airflow_etl/lib/python3.11/site-packages/airflow/example_dags/example_bash_operator.py took 0.046 seconds
[2025-07-11T11:48:21.874+0200] {processor.py:161} INFO - Started process (PID=73804) to work on /home/florent/Programs/anaconda3/envs/airflow_etl/lib/python3.11/site-packages/airflow/example_dags/example_bash_operator.py
[2025-07-11T11:48:21.876+0200] {processor.py:830} INFO - Processing file /home/florent/Programs/anaconda3/envs/airflow_etl/lib/python3.11/site-packages/airflow/example_dags/example_bash_operator.py for tasks to queue
[2025-07-11T11:48:21.877+0200] {logging_mixin.py:188} INFO - [2025-07-11T11:48:21.876+0200] {dagbag.py:545} INFO - Filling up the DagBag from /home/florent/Programs/anaconda3/envs/airflow_etl/lib/python3.11/site-packages/airflow/example_dags/example_bash_operator.py
[2025-07-11T11:48:21.884+0200] {processor.py:840} INFO - DAG(s) 'example_bash_operator' retrieved from /home/florent/Programs/anaconda3/envs/airflow_etl/lib/python3.11/site-packages/airflow/example_dags/example_bash_operator.py
[2025-07-11T11:48:21.901+0200] {logging_mixin.py:188} INFO - [2025-07-11T11:48:21.901+0200] {dag.py:3096} INFO - Sync 1 DAGs
[2025-07-11T11:48:21.915+0200] {logging_mixin.py:188} INFO - [2025-07-11T11:48:21.914+0200] {dag.py:3954} INFO - Setting next_dagrun for example_bash_operator to 2025-07-10 00:00:00+00:00, run_after=2025-07-11 00:00:00+00:00
[2025-07-11T11:48:21.928+0200] {processor.py:183} INFO - Processing /home/florent/Programs/anaconda3/envs/airflow_etl/lib/python3.11/site-packages/airflow/example_dags/example_bash_operator.py took 0.057 seconds
[2025-07-11T11:49:25.685+0200] {processor.py:161} INFO - Started process (PID=74421) to work on /home/florent/Programs/anaconda3/envs/airflow_etl/lib/python3.11/site-packages/airflow/example_dags/example_bash_operator.py
[2025-07-11T11:49:25.688+0200] {processor.py:830} INFO - Processing file /home/florent/Programs/anaconda3/envs/airflow_etl/lib/python3.11/site-packages/airflow/example_dags/example_bash_operator.py for tasks to queue
[2025-07-11T11:49:25.691+0200] {logging_mixin.py:188} INFO - [2025-07-11T11:49:25.690+0200] {dagbag.py:545} INFO - Filling up the DagBag from /home/florent/Programs/anaconda3/envs/airflow_etl/lib/python3.11/site-packages/airflow/example_dags/example_bash_operator.py
[2025-07-11T11:49:25.705+0200] {processor.py:840} INFO - DAG(s) 'example_bash_operator' retrieved from /home/florent/Programs/anaconda3/envs/airflow_etl/lib/python3.11/site-packages/airflow/example_dags/example_bash_operator.py
[2025-07-11T11:49:25.721+0200] {logging_mixin.py:188} INFO - [2025-07-11T11:49:25.721+0200] {dag.py:3096} INFO - Sync 1 DAGs
[2025-07-11T11:49:25.732+0200] {logging_mixin.py:188} INFO - [2025-07-11T11:49:25.732+0200] {dag.py:3954} INFO - Setting next_dagrun for example_bash_operator to 2025-07-10 00:00:00+00:00, run_after=2025-07-11 00:00:00+00:00
[2025-07-11T11:49:25.744+0200] {processor.py:183} INFO - Processing /home/florent/Programs/anaconda3/envs/airflow_etl/lib/python3.11/site-packages/airflow/example_dags/example_bash_operator.py took 0.066 seconds
[2025-07-11T11:50:33.326+0200] {processor.py:161} INFO - Started process (PID=75135) to work on /home/florent/Programs/anaconda3/envs/airflow_etl/lib/python3.11/site-packages/airflow/example_dags/example_bash_operator.py
[2025-07-11T11:50:33.329+0200] {processor.py:830} INFO - Processing file /home/florent/Programs/anaconda3/envs/airflow_etl/lib/python3.11/site-packages/airflow/example_dags/example_bash_operator.py for tasks to queue
[2025-07-11T11:50:33.331+0200] {logging_mixin.py:188} INFO - [2025-07-11T11:50:33.330+0200] {dagbag.py:545} INFO - Filling up the DagBag from /home/florent/Programs/anaconda3/envs/airflow_etl/lib/python3.11/site-packages/airflow/example_dags/example_bash_operator.py
[2025-07-11T11:50:33.344+0200] {processor.py:840} INFO - DAG(s) 'example_bash_operator' retrieved from /home/florent/Programs/anaconda3/envs/airflow_etl/lib/python3.11/site-packages/airflow/example_dags/example_bash_operator.py
[2025-07-11T11:50:33.359+0200] {logging_mixin.py:188} INFO - [2025-07-11T11:50:33.359+0200] {dag.py:3096} INFO - Sync 1 DAGs
[2025-07-11T11:50:33.370+0200] {logging_mixin.py:188} INFO - [2025-07-11T11:50:33.370+0200] {dag.py:3954} INFO - Setting next_dagrun for example_bash_operator to 2025-07-10 00:00:00+00:00, run_after=2025-07-11 00:00:00+00:00
[2025-07-11T11:50:33.381+0200] {processor.py:183} INFO - Processing /home/florent/Programs/anaconda3/envs/airflow_etl/lib/python3.11/site-packages/airflow/example_dags/example_bash_operator.py took 0.061 seconds
[2025-07-11T11:51:41.189+0200] {processor.py:161} INFO - Started process (PID=75795) to work on /home/florent/Programs/anaconda3/envs/airflow_etl/lib/python3.11/site-packages/airflow/example_dags/example_bash_operator.py
[2025-07-11T11:51:41.192+0200] {processor.py:830} INFO - Processing file /home/florent/Programs/anaconda3/envs/airflow_etl/lib/python3.11/site-packages/airflow/example_dags/example_bash_operator.py for tasks to queue
[2025-07-11T11:51:41.194+0200] {logging_mixin.py:188} INFO - [2025-07-11T11:51:41.193+0200] {dagbag.py:545} INFO - Filling up the DagBag from /home/florent/Programs/anaconda3/envs/airflow_etl/lib/python3.11/site-packages/airflow/example_dags/example_bash_operator.py
[2025-07-11T11:51:41.203+0200] {processor.py:840} INFO - DAG(s) 'example_bash_operator' retrieved from /home/florent/Programs/anaconda3/envs/airflow_etl/lib/python3.11/site-packages/airflow/example_dags/example_bash_operator.py
[2025-07-11T11:51:41.218+0200] {logging_mixin.py:188} INFO - [2025-07-11T11:51:41.217+0200] {dag.py:3096} INFO - Sync 1 DAGs
[2025-07-11T11:51:41.229+0200] {logging_mixin.py:188} INFO - [2025-07-11T11:51:41.229+0200] {dag.py:3954} INFO - Setting next_dagrun for example_bash_operator to 2025-07-10 00:00:00+00:00, run_after=2025-07-11 00:00:00+00:00
[2025-07-11T11:51:41.241+0200] {processor.py:183} INFO - Processing /home/florent/Programs/anaconda3/envs/airflow_etl/lib/python3.11/site-packages/airflow/example_dags/example_bash_operator.py took 0.058 seconds
[2025-07-11T11:52:44.516+0200] {processor.py:161} INFO - Started process (PID=76445) to work on /home/florent/Programs/anaconda3/envs/airflow_etl/lib/python3.11/site-packages/airflow/example_dags/example_bash_operator.py
[2025-07-11T11:52:44.517+0200] {processor.py:830} INFO - Processing file /home/florent/Programs/anaconda3/envs/airflow_etl/lib/python3.11/site-packages/airflow/example_dags/example_bash_operator.py for tasks to queue
[2025-07-11T11:52:44.519+0200] {logging_mixin.py:188} INFO - [2025-07-11T11:52:44.519+0200] {dagbag.py:545} INFO - Filling up the DagBag from /home/florent/Programs/anaconda3/envs/airflow_etl/lib/python3.11/site-packages/airflow/example_dags/example_bash_operator.py
[2025-07-11T11:52:44.528+0200] {processor.py:840} INFO - DAG(s) 'example_bash_operator' retrieved from /home/florent/Programs/anaconda3/envs/airflow_etl/lib/python3.11/site-packages/airflow/example_dags/example_bash_operator.py
[2025-07-11T11:52:44.542+0200] {logging_mixin.py:188} INFO - [2025-07-11T11:52:44.542+0200] {dag.py:3096} INFO - Sync 1 DAGs
[2025-07-11T11:52:44.554+0200] {logging_mixin.py:188} INFO - [2025-07-11T11:52:44.554+0200] {dag.py:3954} INFO - Setting next_dagrun for example_bash_operator to 2025-07-10 00:00:00+00:00, run_after=2025-07-11 00:00:00+00:00
[2025-07-11T11:52:44.565+0200] {processor.py:183} INFO - Processing /home/florent/Programs/anaconda3/envs/airflow_etl/lib/python3.11/site-packages/airflow/example_dags/example_bash_operator.py took 0.056 seconds
[2025-07-11T11:53:47.947+0200] {processor.py:161} INFO - Started process (PID=77081) to work on /home/florent/Programs/anaconda3/envs/airflow_etl/lib/python3.11/site-packages/airflow/example_dags/example_bash_operator.py
[2025-07-11T11:53:47.950+0200] {processor.py:830} INFO - Processing file /home/florent/Programs/anaconda3/envs/airflow_etl/lib/python3.11/site-packages/airflow/example_dags/example_bash_operator.py for tasks to queue
[2025-07-11T11:53:47.952+0200] {logging_mixin.py:188} INFO - [2025-07-11T11:53:47.951+0200] {dagbag.py:545} INFO - Filling up the DagBag from /home/florent/Programs/anaconda3/envs/airflow_etl/lib/python3.11/site-packages/airflow/example_dags/example_bash_operator.py
[2025-07-11T11:53:47.965+0200] {processor.py:840} INFO - DAG(s) 'example_bash_operator' retrieved from /home/florent/Programs/anaconda3/envs/airflow_etl/lib/python3.11/site-packages/airflow/example_dags/example_bash_operator.py
[2025-07-11T11:53:47.981+0200] {logging_mixin.py:188} INFO - [2025-07-11T11:53:47.980+0200] {dag.py:3096} INFO - Sync 1 DAGs
[2025-07-11T11:53:47.992+0200] {logging_mixin.py:188} INFO - [2025-07-11T11:53:47.992+0200] {dag.py:3954} INFO - Setting next_dagrun for example_bash_operator to 2025-07-10 00:00:00+00:00, run_after=2025-07-11 00:00:00+00:00
[2025-07-11T11:53:48.004+0200] {processor.py:183} INFO - Processing /home/florent/Programs/anaconda3/envs/airflow_etl/lib/python3.11/site-packages/airflow/example_dags/example_bash_operator.py took 0.064 seconds
[2025-07-11T11:54:58.228+0200] {processor.py:161} INFO - Started process (PID=77768) to work on /home/florent/Programs/anaconda3/envs/airflow_etl/lib/python3.11/site-packages/airflow/example_dags/example_bash_operator.py
[2025-07-11T11:54:58.231+0200] {processor.py:830} INFO - Processing file /home/florent/Programs/anaconda3/envs/airflow_etl/lib/python3.11/site-packages/airflow/example_dags/example_bash_operator.py for tasks to queue
[2025-07-11T11:54:58.234+0200] {logging_mixin.py:188} INFO - [2025-07-11T11:54:58.232+0200] {dagbag.py:545} INFO - Filling up the DagBag from /home/florent/Programs/anaconda3/envs/airflow_etl/lib/python3.11/site-packages/airflow/example_dags/example_bash_operator.py
[2025-07-11T11:54:58.246+0200] {processor.py:840} INFO - DAG(s) 'example_bash_operator' retrieved from /home/florent/Programs/anaconda3/envs/airflow_etl/lib/python3.11/site-packages/airflow/example_dags/example_bash_operator.py
[2025-07-11T11:54:58.265+0200] {logging_mixin.py:188} INFO - [2025-07-11T11:54:58.265+0200] {dag.py:3096} INFO - Sync 1 DAGs
[2025-07-11T11:54:58.277+0200] {logging_mixin.py:188} INFO - [2025-07-11T11:54:58.277+0200] {dag.py:3954} INFO - Setting next_dagrun for example_bash_operator to 2025-07-10 00:00:00+00:00, run_after=2025-07-11 00:00:00+00:00
[2025-07-11T11:54:58.289+0200] {processor.py:183} INFO - Processing /home/florent/Programs/anaconda3/envs/airflow_etl/lib/python3.11/site-packages/airflow/example_dags/example_bash_operator.py took 0.067 seconds
[2025-07-11T11:55:59.980+0200] {processor.py:161} INFO - Started process (PID=78463) to work on /home/florent/Programs/anaconda3/envs/airflow_etl/lib/python3.11/site-packages/airflow/example_dags/example_bash_operator.py
[2025-07-11T11:55:59.983+0200] {processor.py:830} INFO - Processing file /home/florent/Programs/anaconda3/envs/airflow_etl/lib/python3.11/site-packages/airflow/example_dags/example_bash_operator.py for tasks to queue
[2025-07-11T11:55:59.985+0200] {logging_mixin.py:188} INFO - [2025-07-11T11:55:59.984+0200] {dagbag.py:545} INFO - Filling up the DagBag from /home/florent/Programs/anaconda3/envs/airflow_etl/lib/python3.11/site-packages/airflow/example_dags/example_bash_operator.py
[2025-07-11T11:55:59.997+0200] {processor.py:840} INFO - DAG(s) 'example_bash_operator' retrieved from /home/florent/Programs/anaconda3/envs/airflow_etl/lib/python3.11/site-packages/airflow/example_dags/example_bash_operator.py
[2025-07-11T11:56:00.012+0200] {logging_mixin.py:188} INFO - [2025-07-11T11:56:00.012+0200] {dag.py:3096} INFO - Sync 1 DAGs
[2025-07-11T11:56:00.026+0200] {logging_mixin.py:188} INFO - [2025-07-11T11:56:00.025+0200] {dag.py:3954} INFO - Setting next_dagrun for example_bash_operator to 2025-07-10 00:00:00+00:00, run_after=2025-07-11 00:00:00+00:00
[2025-07-11T11:56:00.041+0200] {processor.py:183} INFO - Processing /home/florent/Programs/anaconda3/envs/airflow_etl/lib/python3.11/site-packages/airflow/example_dags/example_bash_operator.py took 0.067 seconds
[2025-07-11T11:57:03.494+0200] {processor.py:161} INFO - Started process (PID=79099) to work on /home/florent/Programs/anaconda3/envs/airflow_etl/lib/python3.11/site-packages/airflow/example_dags/example_bash_operator.py
[2025-07-11T11:57:03.496+0200] {processor.py:830} INFO - Processing file /home/florent/Programs/anaconda3/envs/airflow_etl/lib/python3.11/site-packages/airflow/example_dags/example_bash_operator.py for tasks to queue
[2025-07-11T11:57:03.498+0200] {logging_mixin.py:188} INFO - [2025-07-11T11:57:03.498+0200] {dagbag.py:545} INFO - Filling up the DagBag from /home/florent/Programs/anaconda3/envs/airflow_etl/lib/python3.11/site-packages/airflow/example_dags/example_bash_operator.py
[2025-07-11T11:57:03.512+0200] {processor.py:840} INFO - DAG(s) 'example_bash_operator' retrieved from /home/florent/Programs/anaconda3/envs/airflow_etl/lib/python3.11/site-packages/airflow/example_dags/example_bash_operator.py
[2025-07-11T11:57:03.529+0200] {logging_mixin.py:188} INFO - [2025-07-11T11:57:03.529+0200] {dag.py:3096} INFO - Sync 1 DAGs
[2025-07-11T11:57:03.541+0200] {logging_mixin.py:188} INFO - [2025-07-11T11:57:03.541+0200] {dag.py:3954} INFO - Setting next_dagrun for example_bash_operator to 2025-07-10 00:00:00+00:00, run_after=2025-07-11 00:00:00+00:00
[2025-07-11T11:57:03.554+0200] {processor.py:183} INFO - Processing /home/florent/Programs/anaconda3/envs/airflow_etl/lib/python3.11/site-packages/airflow/example_dags/example_bash_operator.py took 0.066 seconds
[2025-07-11T11:58:09.199+0200] {processor.py:161} INFO - Started process (PID=79740) to work on /home/florent/Programs/anaconda3/envs/airflow_etl/lib/python3.11/site-packages/airflow/example_dags/example_bash_operator.py
[2025-07-11T11:58:09.202+0200] {processor.py:830} INFO - Processing file /home/florent/Programs/anaconda3/envs/airflow_etl/lib/python3.11/site-packages/airflow/example_dags/example_bash_operator.py for tasks to queue
[2025-07-11T11:58:09.204+0200] {logging_mixin.py:188} INFO - [2025-07-11T11:58:09.203+0200] {dagbag.py:545} INFO - Filling up the DagBag from /home/florent/Programs/anaconda3/envs/airflow_etl/lib/python3.11/site-packages/airflow/example_dags/example_bash_operator.py
[2025-07-11T11:58:09.218+0200] {processor.py:840} INFO - DAG(s) 'example_bash_operator' retrieved from /home/florent/Programs/anaconda3/envs/airflow_etl/lib/python3.11/site-packages/airflow/example_dags/example_bash_operator.py
[2025-07-11T11:58:09.235+0200] {logging_mixin.py:188} INFO - [2025-07-11T11:58:09.235+0200] {dag.py:3096} INFO - Sync 1 DAGs
[2025-07-11T11:58:09.247+0200] {logging_mixin.py:188} INFO - [2025-07-11T11:58:09.247+0200] {dag.py:3954} INFO - Setting next_dagrun for example_bash_operator to 2025-07-10 00:00:00+00:00, run_after=2025-07-11 00:00:00+00:00
[2025-07-11T11:58:09.259+0200] {processor.py:183} INFO - Processing /home/florent/Programs/anaconda3/envs/airflow_etl/lib/python3.11/site-packages/airflow/example_dags/example_bash_operator.py took 0.067 seconds
[2025-07-11T11:59:13.911+0200] {processor.py:161} INFO - Started process (PID=80409) to work on /home/florent/Programs/anaconda3/envs/airflow_etl/lib/python3.11/site-packages/airflow/example_dags/example_bash_operator.py
[2025-07-11T11:59:13.914+0200] {processor.py:830} INFO - Processing file /home/florent/Programs/anaconda3/envs/airflow_etl/lib/python3.11/site-packages/airflow/example_dags/example_bash_operator.py for tasks to queue
[2025-07-11T11:59:13.916+0200] {logging_mixin.py:188} INFO - [2025-07-11T11:59:13.915+0200] {dagbag.py:545} INFO - Filling up the DagBag from /home/florent/Programs/anaconda3/envs/airflow_etl/lib/python3.11/site-packages/airflow/example_dags/example_bash_operator.py
[2025-07-11T11:59:13.930+0200] {processor.py:840} INFO - DAG(s) 'example_bash_operator' retrieved from /home/florent/Programs/anaconda3/envs/airflow_etl/lib/python3.11/site-packages/airflow/example_dags/example_bash_operator.py
[2025-07-11T11:59:13.945+0200] {logging_mixin.py:188} INFO - [2025-07-11T11:59:13.944+0200] {dag.py:3096} INFO - Sync 1 DAGs
[2025-07-11T11:59:13.957+0200] {logging_mixin.py:188} INFO - [2025-07-11T11:59:13.957+0200] {dag.py:3954} INFO - Setting next_dagrun for example_bash_operator to 2025-07-10 00:00:00+00:00, run_after=2025-07-11 00:00:00+00:00
[2025-07-11T11:59:13.968+0200] {processor.py:183} INFO - Processing /home/florent/Programs/anaconda3/envs/airflow_etl/lib/python3.11/site-packages/airflow/example_dags/example_bash_operator.py took 0.063 seconds
[2025-07-11T12:00:24.451+0200] {processor.py:161} INFO - Started process (PID=81089) to work on /home/florent/Programs/anaconda3/envs/airflow_etl/lib/python3.11/site-packages/airflow/example_dags/example_bash_operator.py
[2025-07-11T12:00:24.454+0200] {processor.py:830} INFO - Processing file /home/florent/Programs/anaconda3/envs/airflow_etl/lib/python3.11/site-packages/airflow/example_dags/example_bash_operator.py for tasks to queue
[2025-07-11T12:00:24.457+0200] {logging_mixin.py:188} INFO - [2025-07-11T12:00:24.456+0200] {dagbag.py:545} INFO - Filling up the DagBag from /home/florent/Programs/anaconda3/envs/airflow_etl/lib/python3.11/site-packages/airflow/example_dags/example_bash_operator.py
[2025-07-11T12:00:24.470+0200] {processor.py:840} INFO - DAG(s) 'example_bash_operator' retrieved from /home/florent/Programs/anaconda3/envs/airflow_etl/lib/python3.11/site-packages/airflow/example_dags/example_bash_operator.py
[2025-07-11T12:00:24.485+0200] {logging_mixin.py:188} INFO - [2025-07-11T12:00:24.485+0200] {dag.py:3096} INFO - Sync 1 DAGs
[2025-07-11T12:00:24.496+0200] {logging_mixin.py:188} INFO - [2025-07-11T12:00:24.496+0200] {dag.py:3954} INFO - Setting next_dagrun for example_bash_operator to 2025-07-10 00:00:00+00:00, run_after=2025-07-11 00:00:00+00:00
[2025-07-11T12:00:24.508+0200] {processor.py:183} INFO - Processing /home/florent/Programs/anaconda3/envs/airflow_etl/lib/python3.11/site-packages/airflow/example_dags/example_bash_operator.py took 0.063 seconds
[2025-07-11T12:01:32.428+0200] {processor.py:161} INFO - Started process (PID=81813) to work on /home/florent/Programs/anaconda3/envs/airflow_etl/lib/python3.11/site-packages/airflow/example_dags/example_bash_operator.py
[2025-07-11T12:01:32.431+0200] {processor.py:830} INFO - Processing file /home/florent/Programs/anaconda3/envs/airflow_etl/lib/python3.11/site-packages/airflow/example_dags/example_bash_operator.py for tasks to queue
[2025-07-11T12:01:32.433+0200] {logging_mixin.py:188} INFO - [2025-07-11T12:01:32.432+0200] {dagbag.py:545} INFO - Filling up the DagBag from /home/florent/Programs/anaconda3/envs/airflow_etl/lib/python3.11/site-packages/airflow/example_dags/example_bash_operator.py
[2025-07-11T12:01:32.446+0200] {processor.py:840} INFO - DAG(s) 'example_bash_operator' retrieved from /home/florent/Programs/anaconda3/envs/airflow_etl/lib/python3.11/site-packages/airflow/example_dags/example_bash_operator.py
[2025-07-11T12:01:32.462+0200] {logging_mixin.py:188} INFO - [2025-07-11T12:01:32.462+0200] {dag.py:3096} INFO - Sync 1 DAGs
[2025-07-11T12:01:32.474+0200] {logging_mixin.py:188} INFO - [2025-07-11T12:01:32.473+0200] {dag.py:3954} INFO - Setting next_dagrun for example_bash_operator to 2025-07-10 00:00:00+00:00, run_after=2025-07-11 00:00:00+00:00
[2025-07-11T12:01:32.485+0200] {processor.py:183} INFO - Processing /home/florent/Programs/anaconda3/envs/airflow_etl/lib/python3.11/site-packages/airflow/example_dags/example_bash_operator.py took 0.063 seconds
[2025-07-11T12:02:31.919+0200] {processor.py:161} INFO - Started process (PID=82394) to work on /home/florent/Programs/anaconda3/envs/airflow_etl/lib/python3.11/site-packages/airflow/example_dags/example_bash_operator.py
[2025-07-11T12:02:31.922+0200] {processor.py:830} INFO - Processing file /home/florent/Programs/anaconda3/envs/airflow_etl/lib/python3.11/site-packages/airflow/example_dags/example_bash_operator.py for tasks to queue
[2025-07-11T12:02:31.924+0200] {logging_mixin.py:188} INFO - [2025-07-11T12:02:31.923+0200] {dagbag.py:545} INFO - Filling up the DagBag from /home/florent/Programs/anaconda3/envs/airflow_etl/lib/python3.11/site-packages/airflow/example_dags/example_bash_operator.py
[2025-07-11T12:02:31.937+0200] {processor.py:840} INFO - DAG(s) 'example_bash_operator' retrieved from /home/florent/Programs/anaconda3/envs/airflow_etl/lib/python3.11/site-packages/airflow/example_dags/example_bash_operator.py
[2025-07-11T12:02:31.951+0200] {logging_mixin.py:188} INFO - [2025-07-11T12:02:31.951+0200] {dag.py:3096} INFO - Sync 1 DAGs
[2025-07-11T12:02:31.963+0200] {logging_mixin.py:188} INFO - [2025-07-11T12:02:31.963+0200] {dag.py:3954} INFO - Setting next_dagrun for example_bash_operator to 2025-07-10 00:00:00+00:00, run_after=2025-07-11 00:00:00+00:00
[2025-07-11T12:02:31.975+0200] {processor.py:183} INFO - Processing /home/florent/Programs/anaconda3/envs/airflow_etl/lib/python3.11/site-packages/airflow/example_dags/example_bash_operator.py took 0.062 seconds
[2025-07-11T12:03:42.534+0200] {processor.py:161} INFO - Started process (PID=83108) to work on /home/florent/Programs/anaconda3/envs/airflow_etl/lib/python3.11/site-packages/airflow/example_dags/example_bash_operator.py
[2025-07-11T12:03:42.537+0200] {processor.py:830} INFO - Processing file /home/florent/Programs/anaconda3/envs/airflow_etl/lib/python3.11/site-packages/airflow/example_dags/example_bash_operator.py for tasks to queue
[2025-07-11T12:03:42.539+0200] {logging_mixin.py:188} INFO - [2025-07-11T12:03:42.538+0200] {dagbag.py:545} INFO - Filling up the DagBag from /home/florent/Programs/anaconda3/envs/airflow_etl/lib/python3.11/site-packages/airflow/example_dags/example_bash_operator.py
[2025-07-11T12:03:42.548+0200] {processor.py:840} INFO - DAG(s) 'example_bash_operator' retrieved from /home/florent/Programs/anaconda3/envs/airflow_etl/lib/python3.11/site-packages/airflow/example_dags/example_bash_operator.py
[2025-07-11T12:03:42.562+0200] {logging_mixin.py:188} INFO - [2025-07-11T12:03:42.562+0200] {dag.py:3096} INFO - Sync 1 DAGs
[2025-07-11T12:03:42.574+0200] {logging_mixin.py:188} INFO - [2025-07-11T12:03:42.574+0200] {dag.py:3954} INFO - Setting next_dagrun for example_bash_operator to 2025-07-10 00:00:00+00:00, run_after=2025-07-11 00:00:00+00:00
[2025-07-11T12:03:42.586+0200] {processor.py:183} INFO - Processing /home/florent/Programs/anaconda3/envs/airflow_etl/lib/python3.11/site-packages/airflow/example_dags/example_bash_operator.py took 0.058 seconds
[2025-07-11T12:04:45.033+0200] {processor.py:161} INFO - Started process (PID=83708) to work on /home/florent/Programs/anaconda3/envs/airflow_etl/lib/python3.11/site-packages/airflow/example_dags/example_bash_operator.py
[2025-07-11T12:04:45.036+0200] {processor.py:830} INFO - Processing file /home/florent/Programs/anaconda3/envs/airflow_etl/lib/python3.11/site-packages/airflow/example_dags/example_bash_operator.py for tasks to queue
[2025-07-11T12:04:45.038+0200] {logging_mixin.py:188} INFO - [2025-07-11T12:04:45.038+0200] {dagbag.py:545} INFO - Filling up the DagBag from /home/florent/Programs/anaconda3/envs/airflow_etl/lib/python3.11/site-packages/airflow/example_dags/example_bash_operator.py
[2025-07-11T12:04:45.050+0200] {processor.py:840} INFO - DAG(s) 'example_bash_operator' retrieved from /home/florent/Programs/anaconda3/envs/airflow_etl/lib/python3.11/site-packages/airflow/example_dags/example_bash_operator.py
[2025-07-11T12:04:45.071+0200] {logging_mixin.py:188} INFO - [2025-07-11T12:04:45.071+0200] {dag.py:3096} INFO - Sync 1 DAGs
[2025-07-11T12:04:45.084+0200] {logging_mixin.py:188} INFO - [2025-07-11T12:04:45.083+0200] {dag.py:3954} INFO - Setting next_dagrun for example_bash_operator to 2025-07-10 00:00:00+00:00, run_after=2025-07-11 00:00:00+00:00
[2025-07-11T12:04:45.096+0200] {processor.py:183} INFO - Processing /home/florent/Programs/anaconda3/envs/airflow_etl/lib/python3.11/site-packages/airflow/example_dags/example_bash_operator.py took 0.069 seconds
