[2025-07-11T11:03:44.816+0200] {processor.py:161} INFO - Started process (PID=42391) to work on /home/florent/Programs/anaconda3/envs/airflow_etl/lib/python3.11/site-packages/airflow/example_dags/example_setup_teardown_taskflow.py
[2025-07-11T11:03:44.817+0200] {processor.py:830} INFO - Processing file /home/florent/Programs/anaconda3/envs/airflow_etl/lib/python3.11/site-packages/airflow/example_dags/example_setup_teardown_taskflow.py for tasks to queue
[2025-07-11T11:03:44.818+0200] {logging_mixin.py:188} INFO - [2025-07-11T11:03:44.818+0200] {dagbag.py:545} INFO - Filling up the DagBag from /home/florent/Programs/anaconda3/envs/airflow_etl/lib/python3.11/site-packages/airflow/example_dags/example_setup_teardown_taskflow.py
[2025-07-11T11:03:44.824+0200] {processor.py:840} INFO - DAG(s) 'example_setup_teardown_taskflow' retrieved from /home/florent/Programs/anaconda3/envs/airflow_etl/lib/python3.11/site-packages/airflow/example_dags/example_setup_teardown_taskflow.py
[2025-07-11T11:03:44.871+0200] {logging_mixin.py:188} INFO - [2025-07-11T11:03:44.870+0200] {dag.py:3096} INFO - Sync 1 DAGs
[2025-07-11T11:03:44.877+0200] {logging_mixin.py:188} INFO - [2025-07-11T11:03:44.877+0200] {dag.py:3954} INFO - Setting next_dagrun for example_setup_teardown_taskflow to 2025-07-10 00:00:00+00:00, run_after=2025-07-11 00:00:00+00:00
[2025-07-11T11:03:44.888+0200] {processor.py:183} INFO - Processing /home/florent/Programs/anaconda3/envs/airflow_etl/lib/python3.11/site-packages/airflow/example_dags/example_setup_teardown_taskflow.py took 0.077 seconds
[2025-07-11T11:04:35.162+0200] {processor.py:161} INFO - Started process (PID=42917) to work on /home/florent/Programs/anaconda3/envs/airflow_etl/lib/python3.11/site-packages/airflow/example_dags/example_setup_teardown_taskflow.py
[2025-07-11T11:04:35.165+0200] {processor.py:830} INFO - Processing file /home/florent/Programs/anaconda3/envs/airflow_etl/lib/python3.11/site-packages/airflow/example_dags/example_setup_teardown_taskflow.py for tasks to queue
[2025-07-11T11:04:35.166+0200] {logging_mixin.py:188} INFO - [2025-07-11T11:04:35.166+0200] {dagbag.py:545} INFO - Filling up the DagBag from /home/florent/Programs/anaconda3/envs/airflow_etl/lib/python3.11/site-packages/airflow/example_dags/example_setup_teardown_taskflow.py
[2025-07-11T11:04:35.175+0200] {processor.py:840} INFO - DAG(s) 'example_setup_teardown_taskflow' retrieved from /home/florent/Programs/anaconda3/envs/airflow_etl/lib/python3.11/site-packages/airflow/example_dags/example_setup_teardown_taskflow.py
[2025-07-11T11:04:35.186+0200] {logging_mixin.py:188} INFO - [2025-07-11T11:04:35.186+0200] {dag.py:3096} INFO - Sync 1 DAGs
[2025-07-11T11:04:35.199+0200] {logging_mixin.py:188} INFO - [2025-07-11T11:04:35.199+0200] {dag.py:3954} INFO - Setting next_dagrun for example_setup_teardown_taskflow to 2025-07-10 00:00:00+00:00, run_after=2025-07-11 00:00:00+00:00
[2025-07-11T11:04:35.216+0200] {processor.py:183} INFO - Processing /home/florent/Programs/anaconda3/envs/airflow_etl/lib/python3.11/site-packages/airflow/example_dags/example_setup_teardown_taskflow.py took 0.062 seconds
[2025-07-11T11:05:27.590+0200] {processor.py:161} INFO - Started process (PID=43547) to work on /home/florent/Programs/anaconda3/envs/airflow_etl/lib/python3.11/site-packages/airflow/example_dags/example_setup_teardown_taskflow.py
[2025-07-11T11:05:27.593+0200] {processor.py:830} INFO - Processing file /home/florent/Programs/anaconda3/envs/airflow_etl/lib/python3.11/site-packages/airflow/example_dags/example_setup_teardown_taskflow.py for tasks to queue
[2025-07-11T11:05:27.594+0200] {logging_mixin.py:188} INFO - [2025-07-11T11:05:27.594+0200] {dagbag.py:545} INFO - Filling up the DagBag from /home/florent/Programs/anaconda3/envs/airflow_etl/lib/python3.11/site-packages/airflow/example_dags/example_setup_teardown_taskflow.py
[2025-07-11T11:05:27.604+0200] {processor.py:840} INFO - DAG(s) 'example_setup_teardown_taskflow' retrieved from /home/florent/Programs/anaconda3/envs/airflow_etl/lib/python3.11/site-packages/airflow/example_dags/example_setup_teardown_taskflow.py
[2025-07-11T11:05:27.619+0200] {logging_mixin.py:188} INFO - [2025-07-11T11:05:27.619+0200] {dag.py:3096} INFO - Sync 1 DAGs
[2025-07-11T11:05:27.628+0200] {logging_mixin.py:188} INFO - [2025-07-11T11:05:27.628+0200] {dag.py:3954} INFO - Setting next_dagrun for example_setup_teardown_taskflow to 2025-07-10 00:00:00+00:00, run_after=2025-07-11 00:00:00+00:00
[2025-07-11T11:05:27.638+0200] {processor.py:183} INFO - Processing /home/florent/Programs/anaconda3/envs/airflow_etl/lib/python3.11/site-packages/airflow/example_dags/example_setup_teardown_taskflow.py took 0.054 seconds
[2025-07-11T11:06:26.918+0200] {processor.py:161} INFO - Started process (PID=44230) to work on /home/florent/Programs/anaconda3/envs/airflow_etl/lib/python3.11/site-packages/airflow/example_dags/example_setup_teardown_taskflow.py
[2025-07-11T11:06:26.919+0200] {processor.py:830} INFO - Processing file /home/florent/Programs/anaconda3/envs/airflow_etl/lib/python3.11/site-packages/airflow/example_dags/example_setup_teardown_taskflow.py for tasks to queue
[2025-07-11T11:06:26.920+0200] {logging_mixin.py:188} INFO - [2025-07-11T11:06:26.920+0200] {dagbag.py:545} INFO - Filling up the DagBag from /home/florent/Programs/anaconda3/envs/airflow_etl/lib/python3.11/site-packages/airflow/example_dags/example_setup_teardown_taskflow.py
[2025-07-11T11:06:26.926+0200] {processor.py:840} INFO - DAG(s) 'example_setup_teardown_taskflow' retrieved from /home/florent/Programs/anaconda3/envs/airflow_etl/lib/python3.11/site-packages/airflow/example_dags/example_setup_teardown_taskflow.py
[2025-07-11T11:06:26.934+0200] {logging_mixin.py:188} INFO - [2025-07-11T11:06:26.934+0200] {dag.py:3096} INFO - Sync 1 DAGs
[2025-07-11T11:06:26.942+0200] {logging_mixin.py:188} INFO - [2025-07-11T11:06:26.942+0200] {dag.py:3954} INFO - Setting next_dagrun for example_setup_teardown_taskflow to 2025-07-10 00:00:00+00:00, run_after=2025-07-11 00:00:00+00:00
[2025-07-11T11:06:27.010+0200] {processor.py:183} INFO - Processing /home/florent/Programs/anaconda3/envs/airflow_etl/lib/python3.11/site-packages/airflow/example_dags/example_setup_teardown_taskflow.py took 0.097 seconds
[2025-07-11T11:07:37.264+0200] {processor.py:161} INFO - Started process (PID=45521) to work on /home/florent/Programs/anaconda3/envs/airflow_etl/lib/python3.11/site-packages/airflow/example_dags/example_setup_teardown_taskflow.py
[2025-07-11T11:07:37.267+0200] {processor.py:830} INFO - Processing file /home/florent/Programs/anaconda3/envs/airflow_etl/lib/python3.11/site-packages/airflow/example_dags/example_setup_teardown_taskflow.py for tasks to queue
[2025-07-11T11:07:37.268+0200] {logging_mixin.py:188} INFO - [2025-07-11T11:07:37.268+0200] {dagbag.py:545} INFO - Filling up the DagBag from /home/florent/Programs/anaconda3/envs/airflow_etl/lib/python3.11/site-packages/airflow/example_dags/example_setup_teardown_taskflow.py
[2025-07-11T11:07:37.278+0200] {processor.py:840} INFO - DAG(s) 'example_setup_teardown_taskflow' retrieved from /home/florent/Programs/anaconda3/envs/airflow_etl/lib/python3.11/site-packages/airflow/example_dags/example_setup_teardown_taskflow.py
[2025-07-11T11:07:37.289+0200] {logging_mixin.py:188} INFO - [2025-07-11T11:07:37.289+0200] {dag.py:3096} INFO - Sync 1 DAGs
[2025-07-11T11:07:37.302+0200] {logging_mixin.py:188} INFO - [2025-07-11T11:07:37.301+0200] {dag.py:3954} INFO - Setting next_dagrun for example_setup_teardown_taskflow to 2025-07-10 00:00:00+00:00, run_after=2025-07-11 00:00:00+00:00
[2025-07-11T11:07:37.313+0200] {processor.py:183} INFO - Processing /home/florent/Programs/anaconda3/envs/airflow_etl/lib/python3.11/site-packages/airflow/example_dags/example_setup_teardown_taskflow.py took 0.055 seconds
[2025-07-11T11:08:40.896+0200] {processor.py:161} INFO - Started process (PID=46230) to work on /home/florent/Programs/anaconda3/envs/airflow_etl/lib/python3.11/site-packages/airflow/example_dags/example_setup_teardown_taskflow.py
[2025-07-11T11:08:40.899+0200] {processor.py:830} INFO - Processing file /home/florent/Programs/anaconda3/envs/airflow_etl/lib/python3.11/site-packages/airflow/example_dags/example_setup_teardown_taskflow.py for tasks to queue
[2025-07-11T11:08:40.900+0200] {logging_mixin.py:188} INFO - [2025-07-11T11:08:40.899+0200] {dagbag.py:545} INFO - Filling up the DagBag from /home/florent/Programs/anaconda3/envs/airflow_etl/lib/python3.11/site-packages/airflow/example_dags/example_setup_teardown_taskflow.py
[2025-07-11T11:08:40.909+0200] {processor.py:840} INFO - DAG(s) 'example_setup_teardown_taskflow' retrieved from /home/florent/Programs/anaconda3/envs/airflow_etl/lib/python3.11/site-packages/airflow/example_dags/example_setup_teardown_taskflow.py
[2025-07-11T11:08:40.920+0200] {logging_mixin.py:188} INFO - [2025-07-11T11:08:40.920+0200] {dag.py:3096} INFO - Sync 1 DAGs
[2025-07-11T11:08:40.930+0200] {logging_mixin.py:188} INFO - [2025-07-11T11:08:40.930+0200] {dag.py:3954} INFO - Setting next_dagrun for example_setup_teardown_taskflow to 2025-07-10 00:00:00+00:00, run_after=2025-07-11 00:00:00+00:00
[2025-07-11T11:08:40.941+0200] {processor.py:183} INFO - Processing /home/florent/Programs/anaconda3/envs/airflow_etl/lib/python3.11/site-packages/airflow/example_dags/example_setup_teardown_taskflow.py took 0.052 seconds
[2025-07-11T11:09:39.992+0200] {processor.py:161} INFO - Started process (PID=47005) to work on /home/florent/Programs/anaconda3/envs/airflow_etl/lib/python3.11/site-packages/airflow/example_dags/example_setup_teardown_taskflow.py
[2025-07-11T11:09:39.995+0200] {processor.py:830} INFO - Processing file /home/florent/Programs/anaconda3/envs/airflow_etl/lib/python3.11/site-packages/airflow/example_dags/example_setup_teardown_taskflow.py for tasks to queue
[2025-07-11T11:09:39.996+0200] {logging_mixin.py:188} INFO - [2025-07-11T11:09:39.996+0200] {dagbag.py:545} INFO - Filling up the DagBag from /home/florent/Programs/anaconda3/envs/airflow_etl/lib/python3.11/site-packages/airflow/example_dags/example_setup_teardown_taskflow.py
[2025-07-11T11:09:40.004+0200] {processor.py:840} INFO - DAG(s) 'example_setup_teardown_taskflow' retrieved from /home/florent/Programs/anaconda3/envs/airflow_etl/lib/python3.11/site-packages/airflow/example_dags/example_setup_teardown_taskflow.py
[2025-07-11T11:09:40.013+0200] {logging_mixin.py:188} INFO - [2025-07-11T11:09:40.012+0200] {dag.py:3096} INFO - Sync 1 DAGs
[2025-07-11T11:09:40.020+0200] {logging_mixin.py:188} INFO - [2025-07-11T11:09:40.020+0200] {dag.py:3954} INFO - Setting next_dagrun for example_setup_teardown_taskflow to 2025-07-10 00:00:00+00:00, run_after=2025-07-11 00:00:00+00:00
[2025-07-11T11:09:40.030+0200] {processor.py:183} INFO - Processing /home/florent/Programs/anaconda3/envs/airflow_etl/lib/python3.11/site-packages/airflow/example_dags/example_setup_teardown_taskflow.py took 0.042 seconds
[2025-07-11T11:10:46.563+0200] {processor.py:161} INFO - Started process (PID=47871) to work on /home/florent/Programs/anaconda3/envs/airflow_etl/lib/python3.11/site-packages/airflow/example_dags/example_setup_teardown_taskflow.py
[2025-07-11T11:10:46.566+0200] {processor.py:830} INFO - Processing file /home/florent/Programs/anaconda3/envs/airflow_etl/lib/python3.11/site-packages/airflow/example_dags/example_setup_teardown_taskflow.py for tasks to queue
[2025-07-11T11:10:46.567+0200] {logging_mixin.py:188} INFO - [2025-07-11T11:10:46.566+0200] {dagbag.py:545} INFO - Filling up the DagBag from /home/florent/Programs/anaconda3/envs/airflow_etl/lib/python3.11/site-packages/airflow/example_dags/example_setup_teardown_taskflow.py
[2025-07-11T11:10:46.576+0200] {processor.py:840} INFO - DAG(s) 'example_setup_teardown_taskflow' retrieved from /home/florent/Programs/anaconda3/envs/airflow_etl/lib/python3.11/site-packages/airflow/example_dags/example_setup_teardown_taskflow.py
[2025-07-11T11:10:46.586+0200] {logging_mixin.py:188} INFO - [2025-07-11T11:10:46.586+0200] {dag.py:3096} INFO - Sync 1 DAGs
[2025-07-11T11:10:46.596+0200] {logging_mixin.py:188} INFO - [2025-07-11T11:10:46.595+0200] {dag.py:3954} INFO - Setting next_dagrun for example_setup_teardown_taskflow to 2025-07-10 00:00:00+00:00, run_after=2025-07-11 00:00:00+00:00
[2025-07-11T11:10:46.607+0200] {processor.py:183} INFO - Processing /home/florent/Programs/anaconda3/envs/airflow_etl/lib/python3.11/site-packages/airflow/example_dags/example_setup_teardown_taskflow.py took 0.051 seconds
[2025-07-11T11:11:55.971+0200] {processor.py:161} INFO - Started process (PID=49599) to work on /home/florent/Programs/anaconda3/envs/airflow_etl/lib/python3.11/site-packages/airflow/example_dags/example_setup_teardown_taskflow.py
[2025-07-11T11:11:55.971+0200] {processor.py:830} INFO - Processing file /home/florent/Programs/anaconda3/envs/airflow_etl/lib/python3.11/site-packages/airflow/example_dags/example_setup_teardown_taskflow.py for tasks to queue
[2025-07-11T11:11:55.972+0200] {logging_mixin.py:188} INFO - [2025-07-11T11:11:55.972+0200] {dagbag.py:545} INFO - Filling up the DagBag from /home/florent/Programs/anaconda3/envs/airflow_etl/lib/python3.11/site-packages/airflow/example_dags/example_setup_teardown_taskflow.py
[2025-07-11T11:11:55.980+0200] {processor.py:840} INFO - DAG(s) 'example_setup_teardown_taskflow' retrieved from /home/florent/Programs/anaconda3/envs/airflow_etl/lib/python3.11/site-packages/airflow/example_dags/example_setup_teardown_taskflow.py
[2025-07-11T11:11:55.995+0200] {logging_mixin.py:188} INFO - [2025-07-11T11:11:55.994+0200] {dag.py:3096} INFO - Sync 1 DAGs
[2025-07-11T11:11:56.008+0200] {logging_mixin.py:188} INFO - [2025-07-11T11:11:56.008+0200] {dag.py:3954} INFO - Setting next_dagrun for example_setup_teardown_taskflow to 2025-07-10 00:00:00+00:00, run_after=2025-07-11 00:00:00+00:00
[2025-07-11T11:11:56.025+0200] {processor.py:183} INFO - Processing /home/florent/Programs/anaconda3/envs/airflow_etl/lib/python3.11/site-packages/airflow/example_dags/example_setup_teardown_taskflow.py took 0.059 seconds
[2025-07-11T11:13:04.511+0200] {processor.py:161} INFO - Started process (PID=50483) to work on /home/florent/Programs/anaconda3/envs/airflow_etl/lib/python3.11/site-packages/airflow/example_dags/example_setup_teardown_taskflow.py
[2025-07-11T11:13:04.514+0200] {processor.py:830} INFO - Processing file /home/florent/Programs/anaconda3/envs/airflow_etl/lib/python3.11/site-packages/airflow/example_dags/example_setup_teardown_taskflow.py for tasks to queue
[2025-07-11T11:13:04.515+0200] {logging_mixin.py:188} INFO - [2025-07-11T11:13:04.514+0200] {dagbag.py:545} INFO - Filling up the DagBag from /home/florent/Programs/anaconda3/envs/airflow_etl/lib/python3.11/site-packages/airflow/example_dags/example_setup_teardown_taskflow.py
[2025-07-11T11:13:04.524+0200] {processor.py:840} INFO - DAG(s) 'example_setup_teardown_taskflow' retrieved from /home/florent/Programs/anaconda3/envs/airflow_etl/lib/python3.11/site-packages/airflow/example_dags/example_setup_teardown_taskflow.py
[2025-07-11T11:13:04.536+0200] {logging_mixin.py:188} INFO - [2025-07-11T11:13:04.536+0200] {dag.py:3096} INFO - Sync 1 DAGs
[2025-07-11T11:13:04.545+0200] {logging_mixin.py:188} INFO - [2025-07-11T11:13:04.545+0200] {dag.py:3954} INFO - Setting next_dagrun for example_setup_teardown_taskflow to 2025-07-10 00:00:00+00:00, run_after=2025-07-11 00:00:00+00:00
[2025-07-11T11:13:04.557+0200] {processor.py:183} INFO - Processing /home/florent/Programs/anaconda3/envs/airflow_etl/lib/python3.11/site-packages/airflow/example_dags/example_setup_teardown_taskflow.py took 0.052 seconds
[2025-07-11T11:13:25.198+0200] {processor.py:161} INFO - Started process (PID=50759) to work on /home/florent/Programs/anaconda3/envs/airflow_etl/lib/python3.11/site-packages/airflow/example_dags/example_setup_teardown_taskflow.py
[2025-07-11T11:13:25.199+0200] {processor.py:830} INFO - Processing file /home/florent/Programs/anaconda3/envs/airflow_etl/lib/python3.11/site-packages/airflow/example_dags/example_setup_teardown_taskflow.py for tasks to queue
[2025-07-11T11:13:25.201+0200] {logging_mixin.py:188} INFO - [2025-07-11T11:13:25.200+0200] {dagbag.py:545} INFO - Filling up the DagBag from /home/florent/Programs/anaconda3/envs/airflow_etl/lib/python3.11/site-packages/airflow/example_dags/example_setup_teardown_taskflow.py
[2025-07-11T11:13:25.208+0200] {processor.py:840} INFO - DAG(s) 'example_setup_teardown_taskflow' retrieved from /home/florent/Programs/anaconda3/envs/airflow_etl/lib/python3.11/site-packages/airflow/example_dags/example_setup_teardown_taskflow.py
[2025-07-11T11:13:25.223+0200] {logging_mixin.py:188} INFO - [2025-07-11T11:13:25.223+0200] {dag.py:3096} INFO - Sync 1 DAGs
[2025-07-11T11:13:25.232+0200] {logging_mixin.py:188} INFO - [2025-07-11T11:13:25.232+0200] {dag.py:3954} INFO - Setting next_dagrun for example_setup_teardown_taskflow to 2025-07-10 00:00:00+00:00, run_after=2025-07-11 00:00:00+00:00
[2025-07-11T11:13:25.243+0200] {processor.py:183} INFO - Processing /home/florent/Programs/anaconda3/envs/airflow_etl/lib/python3.11/site-packages/airflow/example_dags/example_setup_teardown_taskflow.py took 0.051 seconds
[2025-07-11T11:14:16.558+0200] {processor.py:161} INFO - Started process (PID=51451) to work on /home/florent/Programs/anaconda3/envs/airflow_etl/lib/python3.11/site-packages/airflow/example_dags/example_setup_teardown_taskflow.py
[2025-07-11T11:14:16.560+0200] {processor.py:830} INFO - Processing file /home/florent/Programs/anaconda3/envs/airflow_etl/lib/python3.11/site-packages/airflow/example_dags/example_setup_teardown_taskflow.py for tasks to queue
[2025-07-11T11:14:16.562+0200] {logging_mixin.py:188} INFO - [2025-07-11T11:14:16.562+0200] {dagbag.py:545} INFO - Filling up the DagBag from /home/florent/Programs/anaconda3/envs/airflow_etl/lib/python3.11/site-packages/airflow/example_dags/example_setup_teardown_taskflow.py
[2025-07-11T11:14:16.572+0200] {processor.py:840} INFO - DAG(s) 'example_setup_teardown_taskflow' retrieved from /home/florent/Programs/anaconda3/envs/airflow_etl/lib/python3.11/site-packages/airflow/example_dags/example_setup_teardown_taskflow.py
[2025-07-11T11:14:16.585+0200] {logging_mixin.py:188} INFO - [2025-07-11T11:14:16.584+0200] {dag.py:3096} INFO - Sync 1 DAGs
[2025-07-11T11:14:16.596+0200] {logging_mixin.py:188} INFO - [2025-07-11T11:14:16.596+0200] {dag.py:3954} INFO - Setting next_dagrun for example_setup_teardown_taskflow to 2025-07-10 00:00:00+00:00, run_after=2025-07-11 00:00:00+00:00
[2025-07-11T11:14:16.609+0200] {processor.py:183} INFO - Processing /home/florent/Programs/anaconda3/envs/airflow_etl/lib/python3.11/site-packages/airflow/example_dags/example_setup_teardown_taskflow.py took 0.057 seconds
[2025-07-11T11:14:25.062+0200] {processor.py:161} INFO - Started process (PID=51539) to work on /home/florent/Programs/anaconda3/envs/airflow_etl/lib/python3.11/site-packages/airflow/example_dags/example_setup_teardown_taskflow.py
[2025-07-11T11:14:25.065+0200] {processor.py:830} INFO - Processing file /home/florent/Programs/anaconda3/envs/airflow_etl/lib/python3.11/site-packages/airflow/example_dags/example_setup_teardown_taskflow.py for tasks to queue
[2025-07-11T11:14:25.066+0200] {logging_mixin.py:188} INFO - [2025-07-11T11:14:25.065+0200] {dagbag.py:545} INFO - Filling up the DagBag from /home/florent/Programs/anaconda3/envs/airflow_etl/lib/python3.11/site-packages/airflow/example_dags/example_setup_teardown_taskflow.py
[2025-07-11T11:14:25.074+0200] {processor.py:840} INFO - DAG(s) 'example_setup_teardown_taskflow' retrieved from /home/florent/Programs/anaconda3/envs/airflow_etl/lib/python3.11/site-packages/airflow/example_dags/example_setup_teardown_taskflow.py
[2025-07-11T11:14:25.085+0200] {logging_mixin.py:188} INFO - [2025-07-11T11:14:25.085+0200] {dag.py:3096} INFO - Sync 1 DAGs
[2025-07-11T11:14:25.092+0200] {logging_mixin.py:188} INFO - [2025-07-11T11:14:25.092+0200] {dag.py:3954} INFO - Setting next_dagrun for example_setup_teardown_taskflow to 2025-07-10 00:00:00+00:00, run_after=2025-07-11 00:00:00+00:00
[2025-07-11T11:14:25.102+0200] {processor.py:183} INFO - Processing /home/florent/Programs/anaconda3/envs/airflow_etl/lib/python3.11/site-packages/airflow/example_dags/example_setup_teardown_taskflow.py took 0.045 seconds
[2025-07-11T11:15:09.405+0200] {processor.py:161} INFO - Started process (PID=52067) to work on /home/florent/Programs/anaconda3/envs/airflow_etl/lib/python3.11/site-packages/airflow/example_dags/example_setup_teardown_taskflow.py
[2025-07-11T11:15:09.407+0200] {processor.py:830} INFO - Processing file /home/florent/Programs/anaconda3/envs/airflow_etl/lib/python3.11/site-packages/airflow/example_dags/example_setup_teardown_taskflow.py for tasks to queue
[2025-07-11T11:15:09.408+0200] {logging_mixin.py:188} INFO - [2025-07-11T11:15:09.407+0200] {dagbag.py:545} INFO - Filling up the DagBag from /home/florent/Programs/anaconda3/envs/airflow_etl/lib/python3.11/site-packages/airflow/example_dags/example_setup_teardown_taskflow.py
[2025-07-11T11:15:09.417+0200] {processor.py:840} INFO - DAG(s) 'example_setup_teardown_taskflow' retrieved from /home/florent/Programs/anaconda3/envs/airflow_etl/lib/python3.11/site-packages/airflow/example_dags/example_setup_teardown_taskflow.py
[2025-07-11T11:15:09.431+0200] {logging_mixin.py:188} INFO - [2025-07-11T11:15:09.431+0200] {dag.py:3096} INFO - Sync 1 DAGs
[2025-07-11T11:15:09.440+0200] {logging_mixin.py:188} INFO - [2025-07-11T11:15:09.440+0200] {dag.py:3954} INFO - Setting next_dagrun for example_setup_teardown_taskflow to 2025-07-10 00:00:00+00:00, run_after=2025-07-11 00:00:00+00:00
[2025-07-11T11:15:09.451+0200] {processor.py:183} INFO - Processing /home/florent/Programs/anaconda3/envs/airflow_etl/lib/python3.11/site-packages/airflow/example_dags/example_setup_teardown_taskflow.py took 0.051 seconds
[2025-07-11T11:15:14.756+0200] {processor.py:161} INFO - Started process (PID=52165) to work on /home/florent/Programs/anaconda3/envs/airflow_etl/lib/python3.11/site-packages/airflow/example_dags/example_setup_teardown_taskflow.py
[2025-07-11T11:15:14.756+0200] {processor.py:830} INFO - Processing file /home/florent/Programs/anaconda3/envs/airflow_etl/lib/python3.11/site-packages/airflow/example_dags/example_setup_teardown_taskflow.py for tasks to queue
[2025-07-11T11:15:14.757+0200] {logging_mixin.py:188} INFO - [2025-07-11T11:15:14.757+0200] {dagbag.py:545} INFO - Filling up the DagBag from /home/florent/Programs/anaconda3/envs/airflow_etl/lib/python3.11/site-packages/airflow/example_dags/example_setup_teardown_taskflow.py
[2025-07-11T11:15:14.762+0200] {processor.py:840} INFO - DAG(s) 'example_setup_teardown_taskflow' retrieved from /home/florent/Programs/anaconda3/envs/airflow_etl/lib/python3.11/site-packages/airflow/example_dags/example_setup_teardown_taskflow.py
[2025-07-11T11:15:14.771+0200] {logging_mixin.py:188} INFO - [2025-07-11T11:15:14.771+0200] {dag.py:3096} INFO - Sync 1 DAGs
[2025-07-11T11:15:14.779+0200] {logging_mixin.py:188} INFO - [2025-07-11T11:15:14.779+0200] {dag.py:3954} INFO - Setting next_dagrun for example_setup_teardown_taskflow to 2025-07-10 00:00:00+00:00, run_after=2025-07-11 00:00:00+00:00
[2025-07-11T11:15:14.788+0200] {processor.py:183} INFO - Processing /home/florent/Programs/anaconda3/envs/airflow_etl/lib/python3.11/site-packages/airflow/example_dags/example_setup_teardown_taskflow.py took 0.038 seconds
[2025-07-11T11:16:11.389+0200] {processor.py:161} INFO - Started process (PID=52886) to work on /home/florent/Programs/anaconda3/envs/airflow_etl/lib/python3.11/site-packages/airflow/example_dags/example_setup_teardown_taskflow.py
[2025-07-11T11:16:11.392+0200] {processor.py:830} INFO - Processing file /home/florent/Programs/anaconda3/envs/airflow_etl/lib/python3.11/site-packages/airflow/example_dags/example_setup_teardown_taskflow.py for tasks to queue
[2025-07-11T11:16:11.394+0200] {logging_mixin.py:188} INFO - [2025-07-11T11:16:11.394+0200] {dagbag.py:545} INFO - Filling up the DagBag from /home/florent/Programs/anaconda3/envs/airflow_etl/lib/python3.11/site-packages/airflow/example_dags/example_setup_teardown_taskflow.py
[2025-07-11T11:16:11.402+0200] {processor.py:840} INFO - DAG(s) 'example_setup_teardown_taskflow' retrieved from /home/florent/Programs/anaconda3/envs/airflow_etl/lib/python3.11/site-packages/airflow/example_dags/example_setup_teardown_taskflow.py
[2025-07-11T11:16:11.411+0200] {logging_mixin.py:188} INFO - [2025-07-11T11:16:11.411+0200] {dag.py:3096} INFO - Sync 1 DAGs
[2025-07-11T11:16:11.420+0200] {logging_mixin.py:188} INFO - [2025-07-11T11:16:11.420+0200] {dag.py:3954} INFO - Setting next_dagrun for example_setup_teardown_taskflow to 2025-07-10 00:00:00+00:00, run_after=2025-07-11 00:00:00+00:00
[2025-07-11T11:16:11.430+0200] {processor.py:183} INFO - Processing /home/florent/Programs/anaconda3/envs/airflow_etl/lib/python3.11/site-packages/airflow/example_dags/example_setup_teardown_taskflow.py took 0.047 seconds
[2025-07-11T11:16:13.766+0200] {processor.py:161} INFO - Started process (PID=52908) to work on /home/florent/Programs/anaconda3/envs/airflow_etl/lib/python3.11/site-packages/airflow/example_dags/example_setup_teardown_taskflow.py
[2025-07-11T11:16:13.767+0200] {processor.py:830} INFO - Processing file /home/florent/Programs/anaconda3/envs/airflow_etl/lib/python3.11/site-packages/airflow/example_dags/example_setup_teardown_taskflow.py for tasks to queue
[2025-07-11T11:16:13.767+0200] {logging_mixin.py:188} INFO - [2025-07-11T11:16:13.767+0200] {dagbag.py:545} INFO - Filling up the DagBag from /home/florent/Programs/anaconda3/envs/airflow_etl/lib/python3.11/site-packages/airflow/example_dags/example_setup_teardown_taskflow.py
[2025-07-11T11:16:13.771+0200] {processor.py:840} INFO - DAG(s) 'example_setup_teardown_taskflow' retrieved from /home/florent/Programs/anaconda3/envs/airflow_etl/lib/python3.11/site-packages/airflow/example_dags/example_setup_teardown_taskflow.py
[2025-07-11T11:16:13.780+0200] {logging_mixin.py:188} INFO - [2025-07-11T11:16:13.780+0200] {dag.py:3096} INFO - Sync 1 DAGs
[2025-07-11T11:16:13.789+0200] {logging_mixin.py:188} INFO - [2025-07-11T11:16:13.789+0200] {dag.py:3954} INFO - Setting next_dagrun for example_setup_teardown_taskflow to 2025-07-10 00:00:00+00:00, run_after=2025-07-11 00:00:00+00:00
[2025-07-11T11:16:13.800+0200] {processor.py:183} INFO - Processing /home/florent/Programs/anaconda3/envs/airflow_etl/lib/python3.11/site-packages/airflow/example_dags/example_setup_teardown_taskflow.py took 0.038 seconds
[2025-07-11T11:18:17.093+0200] {processor.py:161} INFO - Started process (PID=54241) to work on /home/florent/Programs/anaconda3/envs/airflow_etl/lib/python3.11/site-packages/airflow/example_dags/example_setup_teardown_taskflow.py
[2025-07-11T11:18:17.096+0200] {processor.py:830} INFO - Processing file /home/florent/Programs/anaconda3/envs/airflow_etl/lib/python3.11/site-packages/airflow/example_dags/example_setup_teardown_taskflow.py for tasks to queue
[2025-07-11T11:18:17.096+0200] {logging_mixin.py:188} INFO - [2025-07-11T11:18:17.096+0200] {dagbag.py:545} INFO - Filling up the DagBag from /home/florent/Programs/anaconda3/envs/airflow_etl/lib/python3.11/site-packages/airflow/example_dags/example_setup_teardown_taskflow.py
[2025-07-11T11:18:17.101+0200] {processor.py:840} INFO - DAG(s) 'example_setup_teardown_taskflow' retrieved from /home/florent/Programs/anaconda3/envs/airflow_etl/lib/python3.11/site-packages/airflow/example_dags/example_setup_teardown_taskflow.py
[2025-07-11T11:18:17.113+0200] {logging_mixin.py:188} INFO - [2025-07-11T11:18:17.113+0200] {dag.py:3096} INFO - Sync 1 DAGs
[2025-07-11T11:18:17.123+0200] {logging_mixin.py:188} INFO - [2025-07-11T11:18:17.123+0200] {dag.py:3954} INFO - Setting next_dagrun for example_setup_teardown_taskflow to 2025-07-10 00:00:00+00:00, run_after=2025-07-11 00:00:00+00:00
[2025-07-11T11:18:17.134+0200] {processor.py:183} INFO - Processing /home/florent/Programs/anaconda3/envs/airflow_etl/lib/python3.11/site-packages/airflow/example_dags/example_setup_teardown_taskflow.py took 0.044 seconds
[2025-07-11T11:19:06.138+0200] {processor.py:161} INFO - Started process (PID=54777) to work on /home/florent/Programs/anaconda3/envs/airflow_etl/lib/python3.11/site-packages/airflow/example_dags/example_setup_teardown_taskflow.py
[2025-07-11T11:19:06.141+0200] {processor.py:830} INFO - Processing file /home/florent/Programs/anaconda3/envs/airflow_etl/lib/python3.11/site-packages/airflow/example_dags/example_setup_teardown_taskflow.py for tasks to queue
[2025-07-11T11:19:06.143+0200] {logging_mixin.py:188} INFO - [2025-07-11T11:19:06.142+0200] {dagbag.py:545} INFO - Filling up the DagBag from /home/florent/Programs/anaconda3/envs/airflow_etl/lib/python3.11/site-packages/airflow/example_dags/example_setup_teardown_taskflow.py
[2025-07-11T11:19:06.153+0200] {processor.py:840} INFO - DAG(s) 'example_setup_teardown_taskflow' retrieved from /home/florent/Programs/anaconda3/envs/airflow_etl/lib/python3.11/site-packages/airflow/example_dags/example_setup_teardown_taskflow.py
[2025-07-11T11:19:06.164+0200] {logging_mixin.py:188} INFO - [2025-07-11T11:19:06.164+0200] {dag.py:3096} INFO - Sync 1 DAGs
[2025-07-11T11:19:06.174+0200] {logging_mixin.py:188} INFO - [2025-07-11T11:19:06.174+0200] {dag.py:3954} INFO - Setting next_dagrun for example_setup_teardown_taskflow to 2025-07-10 00:00:00+00:00, run_after=2025-07-11 00:00:00+00:00
[2025-07-11T11:19:06.185+0200] {processor.py:183} INFO - Processing /home/florent/Programs/anaconda3/envs/airflow_etl/lib/python3.11/site-packages/airflow/example_dags/example_setup_teardown_taskflow.py took 0.053 seconds
[2025-07-11T11:19:58.671+0200] {processor.py:161} INFO - Started process (PID=55333) to work on /home/florent/Programs/anaconda3/envs/airflow_etl/lib/python3.11/site-packages/airflow/example_dags/example_setup_teardown_taskflow.py
[2025-07-11T11:19:58.672+0200] {processor.py:830} INFO - Processing file /home/florent/Programs/anaconda3/envs/airflow_etl/lib/python3.11/site-packages/airflow/example_dags/example_setup_teardown_taskflow.py for tasks to queue
[2025-07-11T11:19:58.673+0200] {logging_mixin.py:188} INFO - [2025-07-11T11:19:58.673+0200] {dagbag.py:545} INFO - Filling up the DagBag from /home/florent/Programs/anaconda3/envs/airflow_etl/lib/python3.11/site-packages/airflow/example_dags/example_setup_teardown_taskflow.py
[2025-07-11T11:19:58.678+0200] {processor.py:840} INFO - DAG(s) 'example_setup_teardown_taskflow' retrieved from /home/florent/Programs/anaconda3/envs/airflow_etl/lib/python3.11/site-packages/airflow/example_dags/example_setup_teardown_taskflow.py
[2025-07-11T11:19:58.686+0200] {logging_mixin.py:188} INFO - [2025-07-11T11:19:58.686+0200] {dag.py:3096} INFO - Sync 1 DAGs
[2025-07-11T11:19:58.695+0200] {logging_mixin.py:188} INFO - [2025-07-11T11:19:58.695+0200] {dag.py:3954} INFO - Setting next_dagrun for example_setup_teardown_taskflow to 2025-07-10 00:00:00+00:00, run_after=2025-07-11 00:00:00+00:00
[2025-07-11T11:19:58.705+0200] {processor.py:183} INFO - Processing /home/florent/Programs/anaconda3/envs/airflow_etl/lib/python3.11/site-packages/airflow/example_dags/example_setup_teardown_taskflow.py took 0.037 seconds
[2025-07-11T11:21:02.670+0200] {processor.py:161} INFO - Started process (PID=56060) to work on /home/florent/Programs/anaconda3/envs/airflow_etl/lib/python3.11/site-packages/airflow/example_dags/example_setup_teardown_taskflow.py
[2025-07-11T11:21:02.673+0200] {processor.py:830} INFO - Processing file /home/florent/Programs/anaconda3/envs/airflow_etl/lib/python3.11/site-packages/airflow/example_dags/example_setup_teardown_taskflow.py for tasks to queue
[2025-07-11T11:21:02.675+0200] {logging_mixin.py:188} INFO - [2025-07-11T11:21:02.674+0200] {dagbag.py:545} INFO - Filling up the DagBag from /home/florent/Programs/anaconda3/envs/airflow_etl/lib/python3.11/site-packages/airflow/example_dags/example_setup_teardown_taskflow.py
[2025-07-11T11:21:02.683+0200] {processor.py:840} INFO - DAG(s) 'example_setup_teardown_taskflow' retrieved from /home/florent/Programs/anaconda3/envs/airflow_etl/lib/python3.11/site-packages/airflow/example_dags/example_setup_teardown_taskflow.py
[2025-07-11T11:21:02.695+0200] {logging_mixin.py:188} INFO - [2025-07-11T11:21:02.695+0200] {dag.py:3096} INFO - Sync 1 DAGs
[2025-07-11T11:21:02.706+0200] {logging_mixin.py:188} INFO - [2025-07-11T11:21:02.706+0200] {dag.py:3954} INFO - Setting next_dagrun for example_setup_teardown_taskflow to 2025-07-10 00:00:00+00:00, run_after=2025-07-11 00:00:00+00:00
[2025-07-11T11:21:02.718+0200] {processor.py:183} INFO - Processing /home/florent/Programs/anaconda3/envs/airflow_etl/lib/python3.11/site-packages/airflow/example_dags/example_setup_teardown_taskflow.py took 0.054 seconds
[2025-07-11T11:22:09.560+0200] {processor.py:161} INFO - Started process (PID=56712) to work on /home/florent/Programs/anaconda3/envs/airflow_etl/lib/python3.11/site-packages/airflow/example_dags/example_setup_teardown_taskflow.py
[2025-07-11T11:22:09.562+0200] {processor.py:830} INFO - Processing file /home/florent/Programs/anaconda3/envs/airflow_etl/lib/python3.11/site-packages/airflow/example_dags/example_setup_teardown_taskflow.py for tasks to queue
[2025-07-11T11:22:09.564+0200] {logging_mixin.py:188} INFO - [2025-07-11T11:22:09.564+0200] {dagbag.py:545} INFO - Filling up the DagBag from /home/florent/Programs/anaconda3/envs/airflow_etl/lib/python3.11/site-packages/airflow/example_dags/example_setup_teardown_taskflow.py
[2025-07-11T11:22:09.573+0200] {processor.py:840} INFO - DAG(s) 'example_setup_teardown_taskflow' retrieved from /home/florent/Programs/anaconda3/envs/airflow_etl/lib/python3.11/site-packages/airflow/example_dags/example_setup_teardown_taskflow.py
[2025-07-11T11:22:09.584+0200] {logging_mixin.py:188} INFO - [2025-07-11T11:22:09.584+0200] {dag.py:3096} INFO - Sync 1 DAGs
[2025-07-11T11:22:09.595+0200] {logging_mixin.py:188} INFO - [2025-07-11T11:22:09.595+0200] {dag.py:3954} INFO - Setting next_dagrun for example_setup_teardown_taskflow to 2025-07-10 00:00:00+00:00, run_after=2025-07-11 00:00:00+00:00
[2025-07-11T11:22:09.607+0200] {processor.py:183} INFO - Processing /home/florent/Programs/anaconda3/envs/airflow_etl/lib/python3.11/site-packages/airflow/example_dags/example_setup_teardown_taskflow.py took 0.054 seconds
[2025-07-11T11:23:15.947+0200] {processor.py:161} INFO - Started process (PID=57370) to work on /home/florent/Programs/anaconda3/envs/airflow_etl/lib/python3.11/site-packages/airflow/example_dags/example_setup_teardown_taskflow.py
[2025-07-11T11:23:15.950+0200] {processor.py:830} INFO - Processing file /home/florent/Programs/anaconda3/envs/airflow_etl/lib/python3.11/site-packages/airflow/example_dags/example_setup_teardown_taskflow.py for tasks to queue
[2025-07-11T11:23:15.951+0200] {logging_mixin.py:188} INFO - [2025-07-11T11:23:15.951+0200] {dagbag.py:545} INFO - Filling up the DagBag from /home/florent/Programs/anaconda3/envs/airflow_etl/lib/python3.11/site-packages/airflow/example_dags/example_setup_teardown_taskflow.py
[2025-07-11T11:23:15.958+0200] {processor.py:840} INFO - DAG(s) 'example_setup_teardown_taskflow' retrieved from /home/florent/Programs/anaconda3/envs/airflow_etl/lib/python3.11/site-packages/airflow/example_dags/example_setup_teardown_taskflow.py
[2025-07-11T11:23:15.968+0200] {logging_mixin.py:188} INFO - [2025-07-11T11:23:15.968+0200] {dag.py:3096} INFO - Sync 1 DAGs
[2025-07-11T11:23:15.980+0200] {logging_mixin.py:188} INFO - [2025-07-11T11:23:15.980+0200] {dag.py:3954} INFO - Setting next_dagrun for example_setup_teardown_taskflow to 2025-07-10 00:00:00+00:00, run_after=2025-07-11 00:00:00+00:00
[2025-07-11T11:23:15.991+0200] {processor.py:183} INFO - Processing /home/florent/Programs/anaconda3/envs/airflow_etl/lib/python3.11/site-packages/airflow/example_dags/example_setup_teardown_taskflow.py took 0.049 seconds
[2025-07-11T11:24:25.471+0200] {processor.py:161} INFO - Started process (PID=58074) to work on /home/florent/Programs/anaconda3/envs/airflow_etl/lib/python3.11/site-packages/airflow/example_dags/example_setup_teardown_taskflow.py
[2025-07-11T11:24:25.473+0200] {processor.py:830} INFO - Processing file /home/florent/Programs/anaconda3/envs/airflow_etl/lib/python3.11/site-packages/airflow/example_dags/example_setup_teardown_taskflow.py for tasks to queue
[2025-07-11T11:24:25.475+0200] {logging_mixin.py:188} INFO - [2025-07-11T11:24:25.475+0200] {dagbag.py:545} INFO - Filling up the DagBag from /home/florent/Programs/anaconda3/envs/airflow_etl/lib/python3.11/site-packages/airflow/example_dags/example_setup_teardown_taskflow.py
[2025-07-11T11:24:25.482+0200] {processor.py:840} INFO - DAG(s) 'example_setup_teardown_taskflow' retrieved from /home/florent/Programs/anaconda3/envs/airflow_etl/lib/python3.11/site-packages/airflow/example_dags/example_setup_teardown_taskflow.py
[2025-07-11T11:24:25.491+0200] {logging_mixin.py:188} INFO - [2025-07-11T11:24:25.491+0200] {dag.py:3096} INFO - Sync 1 DAGs
[2025-07-11T11:24:25.500+0200] {logging_mixin.py:188} INFO - [2025-07-11T11:24:25.500+0200] {dag.py:3954} INFO - Setting next_dagrun for example_setup_teardown_taskflow to 2025-07-10 00:00:00+00:00, run_after=2025-07-11 00:00:00+00:00
[2025-07-11T11:24:25.511+0200] {processor.py:183} INFO - Processing /home/florent/Programs/anaconda3/envs/airflow_etl/lib/python3.11/site-packages/airflow/example_dags/example_setup_teardown_taskflow.py took 0.046 seconds
[2025-07-11T11:25:33.595+0200] {processor.py:161} INFO - Started process (PID=58859) to work on /home/florent/Programs/anaconda3/envs/airflow_etl/lib/python3.11/site-packages/airflow/example_dags/example_setup_teardown_taskflow.py
[2025-07-11T11:25:33.597+0200] {processor.py:830} INFO - Processing file /home/florent/Programs/anaconda3/envs/airflow_etl/lib/python3.11/site-packages/airflow/example_dags/example_setup_teardown_taskflow.py for tasks to queue
[2025-07-11T11:25:33.599+0200] {logging_mixin.py:188} INFO - [2025-07-11T11:25:33.598+0200] {dagbag.py:545} INFO - Filling up the DagBag from /home/florent/Programs/anaconda3/envs/airflow_etl/lib/python3.11/site-packages/airflow/example_dags/example_setup_teardown_taskflow.py
[2025-07-11T11:25:33.606+0200] {processor.py:840} INFO - DAG(s) 'example_setup_teardown_taskflow' retrieved from /home/florent/Programs/anaconda3/envs/airflow_etl/lib/python3.11/site-packages/airflow/example_dags/example_setup_teardown_taskflow.py
[2025-07-11T11:25:33.615+0200] {logging_mixin.py:188} INFO - [2025-07-11T11:25:33.615+0200] {dag.py:3096} INFO - Sync 1 DAGs
[2025-07-11T11:25:33.624+0200] {logging_mixin.py:188} INFO - [2025-07-11T11:25:33.624+0200] {dag.py:3954} INFO - Setting next_dagrun for example_setup_teardown_taskflow to 2025-07-10 00:00:00+00:00, run_after=2025-07-11 00:00:00+00:00
[2025-07-11T11:25:33.634+0200] {processor.py:183} INFO - Processing /home/florent/Programs/anaconda3/envs/airflow_etl/lib/python3.11/site-packages/airflow/example_dags/example_setup_teardown_taskflow.py took 0.046 seconds
[2025-07-11T11:26:39.970+0200] {processor.py:161} INFO - Started process (PID=59541) to work on /home/florent/Programs/anaconda3/envs/airflow_etl/lib/python3.11/site-packages/airflow/example_dags/example_setup_teardown_taskflow.py
[2025-07-11T11:26:39.973+0200] {processor.py:830} INFO - Processing file /home/florent/Programs/anaconda3/envs/airflow_etl/lib/python3.11/site-packages/airflow/example_dags/example_setup_teardown_taskflow.py for tasks to queue
[2025-07-11T11:26:39.975+0200] {logging_mixin.py:188} INFO - [2025-07-11T11:26:39.975+0200] {dagbag.py:545} INFO - Filling up the DagBag from /home/florent/Programs/anaconda3/envs/airflow_etl/lib/python3.11/site-packages/airflow/example_dags/example_setup_teardown_taskflow.py
[2025-07-11T11:26:39.986+0200] {processor.py:840} INFO - DAG(s) 'example_setup_teardown_taskflow' retrieved from /home/florent/Programs/anaconda3/envs/airflow_etl/lib/python3.11/site-packages/airflow/example_dags/example_setup_teardown_taskflow.py
[2025-07-11T11:26:40.002+0200] {logging_mixin.py:188} INFO - [2025-07-11T11:26:40.002+0200] {dag.py:3096} INFO - Sync 1 DAGs
[2025-07-11T11:26:40.013+0200] {logging_mixin.py:188} INFO - [2025-07-11T11:26:40.013+0200] {dag.py:3954} INFO - Setting next_dagrun for example_setup_teardown_taskflow to 2025-07-10 00:00:00+00:00, run_after=2025-07-11 00:00:00+00:00
[2025-07-11T11:26:40.025+0200] {processor.py:183} INFO - Processing /home/florent/Programs/anaconda3/envs/airflow_etl/lib/python3.11/site-packages/airflow/example_dags/example_setup_teardown_taskflow.py took 0.060 seconds
[2025-07-11T11:27:49.796+0200] {processor.py:161} INFO - Started process (PID=60328) to work on /home/florent/Programs/anaconda3/envs/airflow_etl/lib/python3.11/site-packages/airflow/example_dags/example_setup_teardown_taskflow.py
[2025-07-11T11:27:49.799+0200] {processor.py:830} INFO - Processing file /home/florent/Programs/anaconda3/envs/airflow_etl/lib/python3.11/site-packages/airflow/example_dags/example_setup_teardown_taskflow.py for tasks to queue
[2025-07-11T11:27:49.801+0200] {logging_mixin.py:188} INFO - [2025-07-11T11:27:49.801+0200] {dagbag.py:545} INFO - Filling up the DagBag from /home/florent/Programs/anaconda3/envs/airflow_etl/lib/python3.11/site-packages/airflow/example_dags/example_setup_teardown_taskflow.py
[2025-07-11T11:27:49.811+0200] {processor.py:840} INFO - DAG(s) 'example_setup_teardown_taskflow' retrieved from /home/florent/Programs/anaconda3/envs/airflow_etl/lib/python3.11/site-packages/airflow/example_dags/example_setup_teardown_taskflow.py
[2025-07-11T11:27:49.829+0200] {logging_mixin.py:188} INFO - [2025-07-11T11:27:49.828+0200] {dag.py:3096} INFO - Sync 1 DAGs
[2025-07-11T11:27:49.846+0200] {logging_mixin.py:188} INFO - [2025-07-11T11:27:49.846+0200] {dag.py:3954} INFO - Setting next_dagrun for example_setup_teardown_taskflow to 2025-07-10 00:00:00+00:00, run_after=2025-07-11 00:00:00+00:00
[2025-07-11T11:27:49.866+0200] {processor.py:183} INFO - Processing /home/florent/Programs/anaconda3/envs/airflow_etl/lib/python3.11/site-packages/airflow/example_dags/example_setup_teardown_taskflow.py took 0.076 seconds
[2025-07-11T11:28:51.157+0200] {processor.py:161} INFO - Started process (PID=61016) to work on /home/florent/Programs/anaconda3/envs/airflow_etl/lib/python3.11/site-packages/airflow/example_dags/example_setup_teardown_taskflow.py
[2025-07-11T11:28:51.158+0200] {processor.py:830} INFO - Processing file /home/florent/Programs/anaconda3/envs/airflow_etl/lib/python3.11/site-packages/airflow/example_dags/example_setup_teardown_taskflow.py for tasks to queue
[2025-07-11T11:28:51.160+0200] {logging_mixin.py:188} INFO - [2025-07-11T11:28:51.160+0200] {dagbag.py:545} INFO - Filling up the DagBag from /home/florent/Programs/anaconda3/envs/airflow_etl/lib/python3.11/site-packages/airflow/example_dags/example_setup_teardown_taskflow.py
[2025-07-11T11:28:51.170+0200] {processor.py:840} INFO - DAG(s) 'example_setup_teardown_taskflow' retrieved from /home/florent/Programs/anaconda3/envs/airflow_etl/lib/python3.11/site-packages/airflow/example_dags/example_setup_teardown_taskflow.py
[2025-07-11T11:28:51.182+0200] {logging_mixin.py:188} INFO - [2025-07-11T11:28:51.182+0200] {dag.py:3096} INFO - Sync 1 DAGs
[2025-07-11T11:28:51.196+0200] {logging_mixin.py:188} INFO - [2025-07-11T11:28:51.196+0200] {dag.py:3954} INFO - Setting next_dagrun for example_setup_teardown_taskflow to 2025-07-10 00:00:00+00:00, run_after=2025-07-11 00:00:00+00:00
[2025-07-11T11:28:51.207+0200] {processor.py:183} INFO - Processing /home/florent/Programs/anaconda3/envs/airflow_etl/lib/python3.11/site-packages/airflow/example_dags/example_setup_teardown_taskflow.py took 0.055 seconds
[2025-07-11T11:29:56.560+0200] {processor.py:161} INFO - Started process (PID=61681) to work on /home/florent/Programs/anaconda3/envs/airflow_etl/lib/python3.11/site-packages/airflow/example_dags/example_setup_teardown_taskflow.py
[2025-07-11T11:29:56.563+0200] {processor.py:830} INFO - Processing file /home/florent/Programs/anaconda3/envs/airflow_etl/lib/python3.11/site-packages/airflow/example_dags/example_setup_teardown_taskflow.py for tasks to queue
[2025-07-11T11:29:56.566+0200] {logging_mixin.py:188} INFO - [2025-07-11T11:29:56.565+0200] {dagbag.py:545} INFO - Filling up the DagBag from /home/florent/Programs/anaconda3/envs/airflow_etl/lib/python3.11/site-packages/airflow/example_dags/example_setup_teardown_taskflow.py
[2025-07-11T11:29:56.577+0200] {processor.py:840} INFO - DAG(s) 'example_setup_teardown_taskflow' retrieved from /home/florent/Programs/anaconda3/envs/airflow_etl/lib/python3.11/site-packages/airflow/example_dags/example_setup_teardown_taskflow.py
[2025-07-11T11:29:56.589+0200] {logging_mixin.py:188} INFO - [2025-07-11T11:29:56.589+0200] {dag.py:3096} INFO - Sync 1 DAGs
[2025-07-11T11:29:56.600+0200] {logging_mixin.py:188} INFO - [2025-07-11T11:29:56.600+0200] {dag.py:3954} INFO - Setting next_dagrun for example_setup_teardown_taskflow to 2025-07-10 00:00:00+00:00, run_after=2025-07-11 00:00:00+00:00
[2025-07-11T11:29:56.613+0200] {processor.py:183} INFO - Processing /home/florent/Programs/anaconda3/envs/airflow_etl/lib/python3.11/site-packages/airflow/example_dags/example_setup_teardown_taskflow.py took 0.059 seconds
[2025-07-11T11:30:57.082+0200] {processor.py:161} INFO - Started process (PID=62321) to work on /home/florent/Programs/anaconda3/envs/airflow_etl/lib/python3.11/site-packages/airflow/example_dags/example_setup_teardown_taskflow.py
[2025-07-11T11:30:57.084+0200] {processor.py:830} INFO - Processing file /home/florent/Programs/anaconda3/envs/airflow_etl/lib/python3.11/site-packages/airflow/example_dags/example_setup_teardown_taskflow.py for tasks to queue
[2025-07-11T11:30:57.085+0200] {logging_mixin.py:188} INFO - [2025-07-11T11:30:57.085+0200] {dagbag.py:545} INFO - Filling up the DagBag from /home/florent/Programs/anaconda3/envs/airflow_etl/lib/python3.11/site-packages/airflow/example_dags/example_setup_teardown_taskflow.py
[2025-07-11T11:30:57.092+0200] {processor.py:840} INFO - DAG(s) 'example_setup_teardown_taskflow' retrieved from /home/florent/Programs/anaconda3/envs/airflow_etl/lib/python3.11/site-packages/airflow/example_dags/example_setup_teardown_taskflow.py
[2025-07-11T11:30:57.103+0200] {logging_mixin.py:188} INFO - [2025-07-11T11:30:57.103+0200] {dag.py:3096} INFO - Sync 1 DAGs
[2025-07-11T11:30:57.112+0200] {logging_mixin.py:188} INFO - [2025-07-11T11:30:57.112+0200] {dag.py:3954} INFO - Setting next_dagrun for example_setup_teardown_taskflow to 2025-07-10 00:00:00+00:00, run_after=2025-07-11 00:00:00+00:00
[2025-07-11T11:30:57.123+0200] {processor.py:183} INFO - Processing /home/florent/Programs/anaconda3/envs/airflow_etl/lib/python3.11/site-packages/airflow/example_dags/example_setup_teardown_taskflow.py took 0.045 seconds
[2025-07-11T11:32:05.057+0200] {processor.py:161} INFO - Started process (PID=62993) to work on /home/florent/Programs/anaconda3/envs/airflow_etl/lib/python3.11/site-packages/airflow/example_dags/example_setup_teardown_taskflow.py
[2025-07-11T11:32:05.060+0200] {processor.py:830} INFO - Processing file /home/florent/Programs/anaconda3/envs/airflow_etl/lib/python3.11/site-packages/airflow/example_dags/example_setup_teardown_taskflow.py for tasks to queue
[2025-07-11T11:32:05.062+0200] {logging_mixin.py:188} INFO - [2025-07-11T11:32:05.061+0200] {dagbag.py:545} INFO - Filling up the DagBag from /home/florent/Programs/anaconda3/envs/airflow_etl/lib/python3.11/site-packages/airflow/example_dags/example_setup_teardown_taskflow.py
[2025-07-11T11:32:05.073+0200] {processor.py:840} INFO - DAG(s) 'example_setup_teardown_taskflow' retrieved from /home/florent/Programs/anaconda3/envs/airflow_etl/lib/python3.11/site-packages/airflow/example_dags/example_setup_teardown_taskflow.py
[2025-07-11T11:32:05.086+0200] {logging_mixin.py:188} INFO - [2025-07-11T11:32:05.086+0200] {dag.py:3096} INFO - Sync 1 DAGs
[2025-07-11T11:32:05.097+0200] {logging_mixin.py:188} INFO - [2025-07-11T11:32:05.097+0200] {dag.py:3954} INFO - Setting next_dagrun for example_setup_teardown_taskflow to 2025-07-10 00:00:00+00:00, run_after=2025-07-11 00:00:00+00:00
[2025-07-11T11:32:05.109+0200] {processor.py:183} INFO - Processing /home/florent/Programs/anaconda3/envs/airflow_etl/lib/python3.11/site-packages/airflow/example_dags/example_setup_teardown_taskflow.py took 0.058 seconds
[2025-07-11T11:33:07.375+0200] {processor.py:161} INFO - Started process (PID=63805) to work on /home/florent/Programs/anaconda3/envs/airflow_etl/lib/python3.11/site-packages/airflow/example_dags/example_setup_teardown_taskflow.py
[2025-07-11T11:33:07.377+0200] {processor.py:830} INFO - Processing file /home/florent/Programs/anaconda3/envs/airflow_etl/lib/python3.11/site-packages/airflow/example_dags/example_setup_teardown_taskflow.py for tasks to queue
[2025-07-11T11:33:07.378+0200] {logging_mixin.py:188} INFO - [2025-07-11T11:33:07.378+0200] {dagbag.py:545} INFO - Filling up the DagBag from /home/florent/Programs/anaconda3/envs/airflow_etl/lib/python3.11/site-packages/airflow/example_dags/example_setup_teardown_taskflow.py
[2025-07-11T11:33:07.383+0200] {processor.py:840} INFO - DAG(s) 'example_setup_teardown_taskflow' retrieved from /home/florent/Programs/anaconda3/envs/airflow_etl/lib/python3.11/site-packages/airflow/example_dags/example_setup_teardown_taskflow.py
[2025-07-11T11:33:07.392+0200] {logging_mixin.py:188} INFO - [2025-07-11T11:33:07.391+0200] {dag.py:3096} INFO - Sync 1 DAGs
[2025-07-11T11:33:07.401+0200] {logging_mixin.py:188} INFO - [2025-07-11T11:33:07.400+0200] {dag.py:3954} INFO - Setting next_dagrun for example_setup_teardown_taskflow to 2025-07-10 00:00:00+00:00, run_after=2025-07-11 00:00:00+00:00
[2025-07-11T11:33:07.410+0200] {processor.py:183} INFO - Processing /home/florent/Programs/anaconda3/envs/airflow_etl/lib/python3.11/site-packages/airflow/example_dags/example_setup_teardown_taskflow.py took 0.040 seconds
[2025-07-11T11:34:12.423+0200] {processor.py:161} INFO - Started process (PID=64449) to work on /home/florent/Programs/anaconda3/envs/airflow_etl/lib/python3.11/site-packages/airflow/example_dags/example_setup_teardown_taskflow.py
[2025-07-11T11:34:12.424+0200] {processor.py:830} INFO - Processing file /home/florent/Programs/anaconda3/envs/airflow_etl/lib/python3.11/site-packages/airflow/example_dags/example_setup_teardown_taskflow.py for tasks to queue
[2025-07-11T11:34:12.427+0200] {logging_mixin.py:188} INFO - [2025-07-11T11:34:12.426+0200] {dagbag.py:545} INFO - Filling up the DagBag from /home/florent/Programs/anaconda3/envs/airflow_etl/lib/python3.11/site-packages/airflow/example_dags/example_setup_teardown_taskflow.py
[2025-07-11T11:34:12.438+0200] {processor.py:840} INFO - DAG(s) 'example_setup_teardown_taskflow' retrieved from /home/florent/Programs/anaconda3/envs/airflow_etl/lib/python3.11/site-packages/airflow/example_dags/example_setup_teardown_taskflow.py
[2025-07-11T11:34:12.454+0200] {logging_mixin.py:188} INFO - [2025-07-11T11:34:12.454+0200] {dag.py:3096} INFO - Sync 1 DAGs
[2025-07-11T11:34:12.465+0200] {logging_mixin.py:188} INFO - [2025-07-11T11:34:12.465+0200] {dag.py:3954} INFO - Setting next_dagrun for example_setup_teardown_taskflow to 2025-07-10 00:00:00+00:00, run_after=2025-07-11 00:00:00+00:00
[2025-07-11T11:34:12.477+0200] {processor.py:183} INFO - Processing /home/florent/Programs/anaconda3/envs/airflow_etl/lib/python3.11/site-packages/airflow/example_dags/example_setup_teardown_taskflow.py took 0.059 seconds
[2025-07-11T11:34:59.279+0200] {processor.py:161} INFO - Started process (PID=64904) to work on /home/florent/Programs/anaconda3/envs/airflow_etl/lib/python3.11/site-packages/airflow/example_dags/example_setup_teardown_taskflow.py
[2025-07-11T11:34:59.282+0200] {processor.py:830} INFO - Processing file /home/florent/Programs/anaconda3/envs/airflow_etl/lib/python3.11/site-packages/airflow/example_dags/example_setup_teardown_taskflow.py for tasks to queue
[2025-07-11T11:34:59.284+0200] {logging_mixin.py:188} INFO - [2025-07-11T11:34:59.283+0200] {dagbag.py:545} INFO - Filling up the DagBag from /home/florent/Programs/anaconda3/envs/airflow_etl/lib/python3.11/site-packages/airflow/example_dags/example_setup_teardown_taskflow.py
[2025-07-11T11:34:59.296+0200] {processor.py:840} INFO - DAG(s) 'example_setup_teardown_taskflow' retrieved from /home/florent/Programs/anaconda3/envs/airflow_etl/lib/python3.11/site-packages/airflow/example_dags/example_setup_teardown_taskflow.py
[2025-07-11T11:34:59.311+0200] {logging_mixin.py:188} INFO - [2025-07-11T11:34:59.311+0200] {dag.py:3096} INFO - Sync 1 DAGs
[2025-07-11T11:34:59.323+0200] {logging_mixin.py:188} INFO - [2025-07-11T11:34:59.323+0200] {dag.py:3954} INFO - Setting next_dagrun for example_setup_teardown_taskflow to 2025-07-10 00:00:00+00:00, run_after=2025-07-11 00:00:00+00:00
[2025-07-11T11:34:59.335+0200] {processor.py:183} INFO - Processing /home/florent/Programs/anaconda3/envs/airflow_etl/lib/python3.11/site-packages/airflow/example_dags/example_setup_teardown_taskflow.py took 0.063 seconds
[2025-07-11T11:35:58.987+0200] {processor.py:161} INFO - Started process (PID=65530) to work on /home/florent/Programs/anaconda3/envs/airflow_etl/lib/python3.11/site-packages/airflow/example_dags/example_setup_teardown_taskflow.py
[2025-07-11T11:35:58.990+0200] {processor.py:830} INFO - Processing file /home/florent/Programs/anaconda3/envs/airflow_etl/lib/python3.11/site-packages/airflow/example_dags/example_setup_teardown_taskflow.py for tasks to queue
[2025-07-11T11:35:58.992+0200] {logging_mixin.py:188} INFO - [2025-07-11T11:35:58.991+0200] {dagbag.py:545} INFO - Filling up the DagBag from /home/florent/Programs/anaconda3/envs/airflow_etl/lib/python3.11/site-packages/airflow/example_dags/example_setup_teardown_taskflow.py
[2025-07-11T11:35:59.000+0200] {processor.py:840} INFO - DAG(s) 'example_setup_teardown_taskflow' retrieved from /home/florent/Programs/anaconda3/envs/airflow_etl/lib/python3.11/site-packages/airflow/example_dags/example_setup_teardown_taskflow.py
[2025-07-11T11:35:59.011+0200] {logging_mixin.py:188} INFO - [2025-07-11T11:35:59.011+0200] {dag.py:3096} INFO - Sync 1 DAGs
[2025-07-11T11:35:59.023+0200] {logging_mixin.py:188} INFO - [2025-07-11T11:35:59.023+0200] {dag.py:3954} INFO - Setting next_dagrun for example_setup_teardown_taskflow to 2025-07-10 00:00:00+00:00, run_after=2025-07-11 00:00:00+00:00
[2025-07-11T11:35:59.035+0200] {processor.py:183} INFO - Processing /home/florent/Programs/anaconda3/envs/airflow_etl/lib/python3.11/site-packages/airflow/example_dags/example_setup_teardown_taskflow.py took 0.054 seconds
[2025-07-11T11:37:05.952+0200] {processor.py:161} INFO - Started process (PID=66310) to work on /home/florent/Programs/anaconda3/envs/airflow_etl/lib/python3.11/site-packages/airflow/example_dags/example_setup_teardown_taskflow.py
[2025-07-11T11:37:05.953+0200] {processor.py:830} INFO - Processing file /home/florent/Programs/anaconda3/envs/airflow_etl/lib/python3.11/site-packages/airflow/example_dags/example_setup_teardown_taskflow.py for tasks to queue
[2025-07-11T11:37:05.954+0200] {logging_mixin.py:188} INFO - [2025-07-11T11:37:05.954+0200] {dagbag.py:545} INFO - Filling up the DagBag from /home/florent/Programs/anaconda3/envs/airflow_etl/lib/python3.11/site-packages/airflow/example_dags/example_setup_teardown_taskflow.py
[2025-07-11T11:37:05.962+0200] {processor.py:840} INFO - DAG(s) 'example_setup_teardown_taskflow' retrieved from /home/florent/Programs/anaconda3/envs/airflow_etl/lib/python3.11/site-packages/airflow/example_dags/example_setup_teardown_taskflow.py
[2025-07-11T11:37:05.971+0200] {logging_mixin.py:188} INFO - [2025-07-11T11:37:05.970+0200] {dag.py:3096} INFO - Sync 1 DAGs
[2025-07-11T11:37:05.980+0200] {logging_mixin.py:188} INFO - [2025-07-11T11:37:05.980+0200] {dag.py:3954} INFO - Setting next_dagrun for example_setup_teardown_taskflow to 2025-07-10 00:00:00+00:00, run_after=2025-07-11 00:00:00+00:00
[2025-07-11T11:37:05.990+0200] {processor.py:183} INFO - Processing /home/florent/Programs/anaconda3/envs/airflow_etl/lib/python3.11/site-packages/airflow/example_dags/example_setup_teardown_taskflow.py took 0.044 seconds
[2025-07-11T11:38:10.727+0200] {processor.py:161} INFO - Started process (PID=66965) to work on /home/florent/Programs/anaconda3/envs/airflow_etl/lib/python3.11/site-packages/airflow/example_dags/example_setup_teardown_taskflow.py
[2025-07-11T11:38:10.730+0200] {processor.py:830} INFO - Processing file /home/florent/Programs/anaconda3/envs/airflow_etl/lib/python3.11/site-packages/airflow/example_dags/example_setup_teardown_taskflow.py for tasks to queue
[2025-07-11T11:38:10.732+0200] {logging_mixin.py:188} INFO - [2025-07-11T11:38:10.732+0200] {dagbag.py:545} INFO - Filling up the DagBag from /home/florent/Programs/anaconda3/envs/airflow_etl/lib/python3.11/site-packages/airflow/example_dags/example_setup_teardown_taskflow.py
[2025-07-11T11:38:10.740+0200] {processor.py:840} INFO - DAG(s) 'example_setup_teardown_taskflow' retrieved from /home/florent/Programs/anaconda3/envs/airflow_etl/lib/python3.11/site-packages/airflow/example_dags/example_setup_teardown_taskflow.py
[2025-07-11T11:38:10.752+0200] {logging_mixin.py:188} INFO - [2025-07-11T11:38:10.751+0200] {dag.py:3096} INFO - Sync 1 DAGs
[2025-07-11T11:38:10.763+0200] {logging_mixin.py:188} INFO - [2025-07-11T11:38:10.763+0200] {dag.py:3954} INFO - Setting next_dagrun for example_setup_teardown_taskflow to 2025-07-10 00:00:00+00:00, run_after=2025-07-11 00:00:00+00:00
[2025-07-11T11:38:10.775+0200] {processor.py:183} INFO - Processing /home/florent/Programs/anaconda3/envs/airflow_etl/lib/python3.11/site-packages/airflow/example_dags/example_setup_teardown_taskflow.py took 0.054 seconds
[2025-07-11T11:39:19.429+0200] {processor.py:161} INFO - Started process (PID=67681) to work on /home/florent/Programs/anaconda3/envs/airflow_etl/lib/python3.11/site-packages/airflow/example_dags/example_setup_teardown_taskflow.py
[2025-07-11T11:39:19.432+0200] {processor.py:830} INFO - Processing file /home/florent/Programs/anaconda3/envs/airflow_etl/lib/python3.11/site-packages/airflow/example_dags/example_setup_teardown_taskflow.py for tasks to queue
[2025-07-11T11:39:19.435+0200] {logging_mixin.py:188} INFO - [2025-07-11T11:39:19.434+0200] {dagbag.py:545} INFO - Filling up the DagBag from /home/florent/Programs/anaconda3/envs/airflow_etl/lib/python3.11/site-packages/airflow/example_dags/example_setup_teardown_taskflow.py
[2025-07-11T11:39:19.444+0200] {processor.py:840} INFO - DAG(s) 'example_setup_teardown_taskflow' retrieved from /home/florent/Programs/anaconda3/envs/airflow_etl/lib/python3.11/site-packages/airflow/example_dags/example_setup_teardown_taskflow.py
[2025-07-11T11:39:19.460+0200] {logging_mixin.py:188} INFO - [2025-07-11T11:39:19.460+0200] {dag.py:3096} INFO - Sync 1 DAGs
[2025-07-11T11:39:19.471+0200] {logging_mixin.py:188} INFO - [2025-07-11T11:39:19.471+0200] {dag.py:3954} INFO - Setting next_dagrun for example_setup_teardown_taskflow to 2025-07-10 00:00:00+00:00, run_after=2025-07-11 00:00:00+00:00
[2025-07-11T11:39:19.484+0200] {processor.py:183} INFO - Processing /home/florent/Programs/anaconda3/envs/airflow_etl/lib/python3.11/site-packages/airflow/example_dags/example_setup_teardown_taskflow.py took 0.060 seconds
[2025-07-11T11:40:25.342+0200] {processor.py:161} INFO - Started process (PID=68431) to work on /home/florent/Programs/anaconda3/envs/airflow_etl/lib/python3.11/site-packages/airflow/example_dags/example_setup_teardown_taskflow.py
[2025-07-11T11:40:25.344+0200] {processor.py:830} INFO - Processing file /home/florent/Programs/anaconda3/envs/airflow_etl/lib/python3.11/site-packages/airflow/example_dags/example_setup_teardown_taskflow.py for tasks to queue
[2025-07-11T11:40:25.346+0200] {logging_mixin.py:188} INFO - [2025-07-11T11:40:25.346+0200] {dagbag.py:545} INFO - Filling up the DagBag from /home/florent/Programs/anaconda3/envs/airflow_etl/lib/python3.11/site-packages/airflow/example_dags/example_setup_teardown_taskflow.py
[2025-07-11T11:40:25.356+0200] {processor.py:840} INFO - DAG(s) 'example_setup_teardown_taskflow' retrieved from /home/florent/Programs/anaconda3/envs/airflow_etl/lib/python3.11/site-packages/airflow/example_dags/example_setup_teardown_taskflow.py
[2025-07-11T11:40:25.366+0200] {logging_mixin.py:188} INFO - [2025-07-11T11:40:25.366+0200] {dag.py:3096} INFO - Sync 1 DAGs
[2025-07-11T11:40:25.375+0200] {logging_mixin.py:188} INFO - [2025-07-11T11:40:25.375+0200] {dag.py:3954} INFO - Setting next_dagrun for example_setup_teardown_taskflow to 2025-07-10 00:00:00+00:00, run_after=2025-07-11 00:00:00+00:00
[2025-07-11T11:40:25.385+0200] {processor.py:183} INFO - Processing /home/florent/Programs/anaconda3/envs/airflow_etl/lib/python3.11/site-packages/airflow/example_dags/example_setup_teardown_taskflow.py took 0.048 seconds
[2025-07-11T11:41:31.306+0200] {processor.py:161} INFO - Started process (PID=69076) to work on /home/florent/Programs/anaconda3/envs/airflow_etl/lib/python3.11/site-packages/airflow/example_dags/example_setup_teardown_taskflow.py
[2025-07-11T11:41:31.309+0200] {processor.py:830} INFO - Processing file /home/florent/Programs/anaconda3/envs/airflow_etl/lib/python3.11/site-packages/airflow/example_dags/example_setup_teardown_taskflow.py for tasks to queue
[2025-07-11T11:41:31.311+0200] {logging_mixin.py:188} INFO - [2025-07-11T11:41:31.310+0200] {dagbag.py:545} INFO - Filling up the DagBag from /home/florent/Programs/anaconda3/envs/airflow_etl/lib/python3.11/site-packages/airflow/example_dags/example_setup_teardown_taskflow.py
[2025-07-11T11:41:31.322+0200] {processor.py:840} INFO - DAG(s) 'example_setup_teardown_taskflow' retrieved from /home/florent/Programs/anaconda3/envs/airflow_etl/lib/python3.11/site-packages/airflow/example_dags/example_setup_teardown_taskflow.py
[2025-07-11T11:41:31.334+0200] {logging_mixin.py:188} INFO - [2025-07-11T11:41:31.334+0200] {dag.py:3096} INFO - Sync 1 DAGs
[2025-07-11T11:41:31.345+0200] {logging_mixin.py:188} INFO - [2025-07-11T11:41:31.345+0200] {dag.py:3954} INFO - Setting next_dagrun for example_setup_teardown_taskflow to 2025-07-10 00:00:00+00:00, run_after=2025-07-11 00:00:00+00:00
[2025-07-11T11:41:31.363+0200] {processor.py:183} INFO - Processing /home/florent/Programs/anaconda3/envs/airflow_etl/lib/python3.11/site-packages/airflow/example_dags/example_setup_teardown_taskflow.py took 0.063 seconds
[2025-07-11T11:42:34.970+0200] {processor.py:161} INFO - Started process (PID=69938) to work on /home/florent/Programs/anaconda3/envs/airflow_etl/lib/python3.11/site-packages/airflow/example_dags/example_setup_teardown_taskflow.py
[2025-07-11T11:42:34.973+0200] {processor.py:830} INFO - Processing file /home/florent/Programs/anaconda3/envs/airflow_etl/lib/python3.11/site-packages/airflow/example_dags/example_setup_teardown_taskflow.py for tasks to queue
[2025-07-11T11:42:34.974+0200] {logging_mixin.py:188} INFO - [2025-07-11T11:42:34.974+0200] {dagbag.py:545} INFO - Filling up the DagBag from /home/florent/Programs/anaconda3/envs/airflow_etl/lib/python3.11/site-packages/airflow/example_dags/example_setup_teardown_taskflow.py
[2025-07-11T11:42:34.982+0200] {processor.py:840} INFO - DAG(s) 'example_setup_teardown_taskflow' retrieved from /home/florent/Programs/anaconda3/envs/airflow_etl/lib/python3.11/site-packages/airflow/example_dags/example_setup_teardown_taskflow.py
[2025-07-11T11:42:34.992+0200] {logging_mixin.py:188} INFO - [2025-07-11T11:42:34.992+0200] {dag.py:3096} INFO - Sync 1 DAGs
[2025-07-11T11:42:35.003+0200] {logging_mixin.py:188} INFO - [2025-07-11T11:42:35.003+0200] {dag.py:3954} INFO - Setting next_dagrun for example_setup_teardown_taskflow to 2025-07-10 00:00:00+00:00, run_after=2025-07-11 00:00:00+00:00
[2025-07-11T11:42:35.015+0200] {processor.py:183} INFO - Processing /home/florent/Programs/anaconda3/envs/airflow_etl/lib/python3.11/site-packages/airflow/example_dags/example_setup_teardown_taskflow.py took 0.050 seconds
[2025-07-11T11:43:38.590+0200] {processor.py:161} INFO - Started process (PID=70639) to work on /home/florent/Programs/anaconda3/envs/airflow_etl/lib/python3.11/site-packages/airflow/example_dags/example_setup_teardown_taskflow.py
[2025-07-11T11:43:38.593+0200] {processor.py:830} INFO - Processing file /home/florent/Programs/anaconda3/envs/airflow_etl/lib/python3.11/site-packages/airflow/example_dags/example_setup_teardown_taskflow.py for tasks to queue
[2025-07-11T11:43:38.594+0200] {logging_mixin.py:188} INFO - [2025-07-11T11:43:38.594+0200] {dagbag.py:545} INFO - Filling up the DagBag from /home/florent/Programs/anaconda3/envs/airflow_etl/lib/python3.11/site-packages/airflow/example_dags/example_setup_teardown_taskflow.py
[2025-07-11T11:43:38.604+0200] {processor.py:840} INFO - DAG(s) 'example_setup_teardown_taskflow' retrieved from /home/florent/Programs/anaconda3/envs/airflow_etl/lib/python3.11/site-packages/airflow/example_dags/example_setup_teardown_taskflow.py
[2025-07-11T11:43:38.614+0200] {logging_mixin.py:188} INFO - [2025-07-11T11:43:38.614+0200] {dag.py:3096} INFO - Sync 1 DAGs
[2025-07-11T11:43:38.623+0200] {logging_mixin.py:188} INFO - [2025-07-11T11:43:38.623+0200] {dag.py:3954} INFO - Setting next_dagrun for example_setup_teardown_taskflow to 2025-07-10 00:00:00+00:00, run_after=2025-07-11 00:00:00+00:00
[2025-07-11T11:43:38.634+0200] {processor.py:183} INFO - Processing /home/florent/Programs/anaconda3/envs/airflow_etl/lib/python3.11/site-packages/airflow/example_dags/example_setup_teardown_taskflow.py took 0.049 seconds
[2025-07-11T11:44:45.900+0200] {processor.py:161} INFO - Started process (PID=71467) to work on /home/florent/Programs/anaconda3/envs/airflow_etl/lib/python3.11/site-packages/airflow/example_dags/example_setup_teardown_taskflow.py
[2025-07-11T11:44:45.903+0200] {processor.py:830} INFO - Processing file /home/florent/Programs/anaconda3/envs/airflow_etl/lib/python3.11/site-packages/airflow/example_dags/example_setup_teardown_taskflow.py for tasks to queue
[2025-07-11T11:44:45.905+0200] {logging_mixin.py:188} INFO - [2025-07-11T11:44:45.905+0200] {dagbag.py:545} INFO - Filling up the DagBag from /home/florent/Programs/anaconda3/envs/airflow_etl/lib/python3.11/site-packages/airflow/example_dags/example_setup_teardown_taskflow.py
[2025-07-11T11:44:45.916+0200] {processor.py:840} INFO - DAG(s) 'example_setup_teardown_taskflow' retrieved from /home/florent/Programs/anaconda3/envs/airflow_etl/lib/python3.11/site-packages/airflow/example_dags/example_setup_teardown_taskflow.py
[2025-07-11T11:44:45.938+0200] {logging_mixin.py:188} INFO - [2025-07-11T11:44:45.937+0200] {dag.py:3096} INFO - Sync 1 DAGs
[2025-07-11T11:44:45.963+0200] {logging_mixin.py:188} INFO - [2025-07-11T11:44:45.962+0200] {dag.py:3954} INFO - Setting next_dagrun for example_setup_teardown_taskflow to 2025-07-10 00:00:00+00:00, run_after=2025-07-11 00:00:00+00:00
[2025-07-11T11:44:45.991+0200] {processor.py:183} INFO - Processing /home/florent/Programs/anaconda3/envs/airflow_etl/lib/python3.11/site-packages/airflow/example_dags/example_setup_teardown_taskflow.py took 0.099 seconds
[2025-07-11T11:45:35.531+0200] {processor.py:161} INFO - Started process (PID=72009) to work on /home/florent/Programs/anaconda3/envs/airflow_etl/lib/python3.11/site-packages/airflow/example_dags/example_setup_teardown_taskflow.py
[2025-07-11T11:45:35.534+0200] {processor.py:830} INFO - Processing file /home/florent/Programs/anaconda3/envs/airflow_etl/lib/python3.11/site-packages/airflow/example_dags/example_setup_teardown_taskflow.py for tasks to queue
[2025-07-11T11:45:35.536+0200] {logging_mixin.py:188} INFO - [2025-07-11T11:45:35.535+0200] {dagbag.py:545} INFO - Filling up the DagBag from /home/florent/Programs/anaconda3/envs/airflow_etl/lib/python3.11/site-packages/airflow/example_dags/example_setup_teardown_taskflow.py
[2025-07-11T11:45:35.546+0200] {processor.py:840} INFO - DAG(s) 'example_setup_teardown_taskflow' retrieved from /home/florent/Programs/anaconda3/envs/airflow_etl/lib/python3.11/site-packages/airflow/example_dags/example_setup_teardown_taskflow.py
[2025-07-11T11:45:35.556+0200] {logging_mixin.py:188} INFO - [2025-07-11T11:45:35.556+0200] {dag.py:3096} INFO - Sync 1 DAGs
[2025-07-11T11:45:35.566+0200] {logging_mixin.py:188} INFO - [2025-07-11T11:45:35.565+0200] {dag.py:3954} INFO - Setting next_dagrun for example_setup_teardown_taskflow to 2025-07-10 00:00:00+00:00, run_after=2025-07-11 00:00:00+00:00
[2025-07-11T11:45:35.576+0200] {processor.py:183} INFO - Processing /home/florent/Programs/anaconda3/envs/airflow_etl/lib/python3.11/site-packages/airflow/example_dags/example_setup_teardown_taskflow.py took 0.051 seconds
[2025-07-11T11:46:37.784+0200] {processor.py:161} INFO - Started process (PID=72705) to work on /home/florent/Programs/anaconda3/envs/airflow_etl/lib/python3.11/site-packages/airflow/example_dags/example_setup_teardown_taskflow.py
[2025-07-11T11:46:37.787+0200] {processor.py:830} INFO - Processing file /home/florent/Programs/anaconda3/envs/airflow_etl/lib/python3.11/site-packages/airflow/example_dags/example_setup_teardown_taskflow.py for tasks to queue
[2025-07-11T11:46:37.788+0200] {logging_mixin.py:188} INFO - [2025-07-11T11:46:37.788+0200] {dagbag.py:545} INFO - Filling up the DagBag from /home/florent/Programs/anaconda3/envs/airflow_etl/lib/python3.11/site-packages/airflow/example_dags/example_setup_teardown_taskflow.py
[2025-07-11T11:46:37.796+0200] {processor.py:840} INFO - DAG(s) 'example_setup_teardown_taskflow' retrieved from /home/florent/Programs/anaconda3/envs/airflow_etl/lib/python3.11/site-packages/airflow/example_dags/example_setup_teardown_taskflow.py
[2025-07-11T11:46:37.807+0200] {logging_mixin.py:188} INFO - [2025-07-11T11:46:37.807+0200] {dag.py:3096} INFO - Sync 1 DAGs
[2025-07-11T11:46:37.818+0200] {logging_mixin.py:188} INFO - [2025-07-11T11:46:37.818+0200] {dag.py:3954} INFO - Setting next_dagrun for example_setup_teardown_taskflow to 2025-07-10 00:00:00+00:00, run_after=2025-07-11 00:00:00+00:00
[2025-07-11T11:46:37.831+0200] {processor.py:183} INFO - Processing /home/florent/Programs/anaconda3/envs/airflow_etl/lib/python3.11/site-packages/airflow/example_dags/example_setup_teardown_taskflow.py took 0.053 seconds
[2025-07-11T11:47:42.394+0200] {processor.py:161} INFO - Started process (PID=73355) to work on /home/florent/Programs/anaconda3/envs/airflow_etl/lib/python3.11/site-packages/airflow/example_dags/example_setup_teardown_taskflow.py
[2025-07-11T11:47:42.397+0200] {processor.py:830} INFO - Processing file /home/florent/Programs/anaconda3/envs/airflow_etl/lib/python3.11/site-packages/airflow/example_dags/example_setup_teardown_taskflow.py for tasks to queue
[2025-07-11T11:47:42.400+0200] {logging_mixin.py:188} INFO - [2025-07-11T11:47:42.399+0200] {dagbag.py:545} INFO - Filling up the DagBag from /home/florent/Programs/anaconda3/envs/airflow_etl/lib/python3.11/site-packages/airflow/example_dags/example_setup_teardown_taskflow.py
[2025-07-11T11:47:42.411+0200] {processor.py:840} INFO - DAG(s) 'example_setup_teardown_taskflow' retrieved from /home/florent/Programs/anaconda3/envs/airflow_etl/lib/python3.11/site-packages/airflow/example_dags/example_setup_teardown_taskflow.py
[2025-07-11T11:47:42.423+0200] {logging_mixin.py:188} INFO - [2025-07-11T11:47:42.423+0200] {dag.py:3096} INFO - Sync 1 DAGs
[2025-07-11T11:47:42.434+0200] {logging_mixin.py:188} INFO - [2025-07-11T11:47:42.433+0200] {dag.py:3954} INFO - Setting next_dagrun for example_setup_teardown_taskflow to 2025-07-10 00:00:00+00:00, run_after=2025-07-11 00:00:00+00:00
[2025-07-11T11:47:42.445+0200] {processor.py:183} INFO - Processing /home/florent/Programs/anaconda3/envs/airflow_etl/lib/python3.11/site-packages/airflow/example_dags/example_setup_teardown_taskflow.py took 0.058 seconds
[2025-07-11T11:48:46.772+0200] {processor.py:161} INFO - Started process (PID=74028) to work on /home/florent/Programs/anaconda3/envs/airflow_etl/lib/python3.11/site-packages/airflow/example_dags/example_setup_teardown_taskflow.py
[2025-07-11T11:48:46.775+0200] {processor.py:830} INFO - Processing file /home/florent/Programs/anaconda3/envs/airflow_etl/lib/python3.11/site-packages/airflow/example_dags/example_setup_teardown_taskflow.py for tasks to queue
[2025-07-11T11:48:46.777+0200] {logging_mixin.py:188} INFO - [2025-07-11T11:48:46.776+0200] {dagbag.py:545} INFO - Filling up the DagBag from /home/florent/Programs/anaconda3/envs/airflow_etl/lib/python3.11/site-packages/airflow/example_dags/example_setup_teardown_taskflow.py
[2025-07-11T11:48:46.789+0200] {processor.py:840} INFO - DAG(s) 'example_setup_teardown_taskflow' retrieved from /home/florent/Programs/anaconda3/envs/airflow_etl/lib/python3.11/site-packages/airflow/example_dags/example_setup_teardown_taskflow.py
[2025-07-11T11:48:46.804+0200] {logging_mixin.py:188} INFO - [2025-07-11T11:48:46.804+0200] {dag.py:3096} INFO - Sync 1 DAGs
[2025-07-11T11:48:46.815+0200] {logging_mixin.py:188} INFO - [2025-07-11T11:48:46.815+0200] {dag.py:3954} INFO - Setting next_dagrun for example_setup_teardown_taskflow to 2025-07-10 00:00:00+00:00, run_after=2025-07-11 00:00:00+00:00
[2025-07-11T11:48:46.827+0200] {processor.py:183} INFO - Processing /home/florent/Programs/anaconda3/envs/airflow_etl/lib/python3.11/site-packages/airflow/example_dags/example_setup_teardown_taskflow.py took 0.059 seconds
[2025-07-11T11:49:49.166+0200] {processor.py:161} INFO - Started process (PID=74667) to work on /home/florent/Programs/anaconda3/envs/airflow_etl/lib/python3.11/site-packages/airflow/example_dags/example_setup_teardown_taskflow.py
[2025-07-11T11:49:49.169+0200] {processor.py:830} INFO - Processing file /home/florent/Programs/anaconda3/envs/airflow_etl/lib/python3.11/site-packages/airflow/example_dags/example_setup_teardown_taskflow.py for tasks to queue
[2025-07-11T11:49:49.172+0200] {logging_mixin.py:188} INFO - [2025-07-11T11:49:49.170+0200] {dagbag.py:545} INFO - Filling up the DagBag from /home/florent/Programs/anaconda3/envs/airflow_etl/lib/python3.11/site-packages/airflow/example_dags/example_setup_teardown_taskflow.py
[2025-07-11T11:49:49.180+0200] {processor.py:840} INFO - DAG(s) 'example_setup_teardown_taskflow' retrieved from /home/florent/Programs/anaconda3/envs/airflow_etl/lib/python3.11/site-packages/airflow/example_dags/example_setup_teardown_taskflow.py
[2025-07-11T11:49:49.190+0200] {logging_mixin.py:188} INFO - [2025-07-11T11:49:49.190+0200] {dag.py:3096} INFO - Sync 1 DAGs
[2025-07-11T11:49:49.200+0200] {logging_mixin.py:188} INFO - [2025-07-11T11:49:49.200+0200] {dag.py:3954} INFO - Setting next_dagrun for example_setup_teardown_taskflow to 2025-07-10 00:00:00+00:00, run_after=2025-07-11 00:00:00+00:00
[2025-07-11T11:49:49.214+0200] {processor.py:183} INFO - Processing /home/florent/Programs/anaconda3/envs/airflow_etl/lib/python3.11/site-packages/airflow/example_dags/example_setup_teardown_taskflow.py took 0.054 seconds
[2025-07-11T11:50:57.199+0200] {processor.py:161} INFO - Started process (PID=75360) to work on /home/florent/Programs/anaconda3/envs/airflow_etl/lib/python3.11/site-packages/airflow/example_dags/example_setup_teardown_taskflow.py
[2025-07-11T11:50:57.202+0200] {processor.py:830} INFO - Processing file /home/florent/Programs/anaconda3/envs/airflow_etl/lib/python3.11/site-packages/airflow/example_dags/example_setup_teardown_taskflow.py for tasks to queue
[2025-07-11T11:50:57.204+0200] {logging_mixin.py:188} INFO - [2025-07-11T11:50:57.203+0200] {dagbag.py:545} INFO - Filling up the DagBag from /home/florent/Programs/anaconda3/envs/airflow_etl/lib/python3.11/site-packages/airflow/example_dags/example_setup_teardown_taskflow.py
[2025-07-11T11:50:57.215+0200] {processor.py:840} INFO - DAG(s) 'example_setup_teardown_taskflow' retrieved from /home/florent/Programs/anaconda3/envs/airflow_etl/lib/python3.11/site-packages/airflow/example_dags/example_setup_teardown_taskflow.py
[2025-07-11T11:50:57.227+0200] {logging_mixin.py:188} INFO - [2025-07-11T11:50:57.227+0200] {dag.py:3096} INFO - Sync 1 DAGs
[2025-07-11T11:50:57.238+0200] {logging_mixin.py:188} INFO - [2025-07-11T11:50:57.237+0200] {dag.py:3954} INFO - Setting next_dagrun for example_setup_teardown_taskflow to 2025-07-10 00:00:00+00:00, run_after=2025-07-11 00:00:00+00:00
[2025-07-11T11:50:57.253+0200] {processor.py:183} INFO - Processing /home/florent/Programs/anaconda3/envs/airflow_etl/lib/python3.11/site-packages/airflow/example_dags/example_setup_teardown_taskflow.py took 0.059 seconds
[2025-07-11T11:52:01.799+0200] {processor.py:161} INFO - Started process (PID=76020) to work on /home/florent/Programs/anaconda3/envs/airflow_etl/lib/python3.11/site-packages/airflow/example_dags/example_setup_teardown_taskflow.py
[2025-07-11T11:52:01.801+0200] {processor.py:830} INFO - Processing file /home/florent/Programs/anaconda3/envs/airflow_etl/lib/python3.11/site-packages/airflow/example_dags/example_setup_teardown_taskflow.py for tasks to queue
[2025-07-11T11:52:01.803+0200] {logging_mixin.py:188} INFO - [2025-07-11T11:52:01.803+0200] {dagbag.py:545} INFO - Filling up the DagBag from /home/florent/Programs/anaconda3/envs/airflow_etl/lib/python3.11/site-packages/airflow/example_dags/example_setup_teardown_taskflow.py
[2025-07-11T11:52:01.814+0200] {processor.py:840} INFO - DAG(s) 'example_setup_teardown_taskflow' retrieved from /home/florent/Programs/anaconda3/envs/airflow_etl/lib/python3.11/site-packages/airflow/example_dags/example_setup_teardown_taskflow.py
[2025-07-11T11:52:01.826+0200] {logging_mixin.py:188} INFO - [2025-07-11T11:52:01.826+0200] {dag.py:3096} INFO - Sync 1 DAGs
[2025-07-11T11:52:01.838+0200] {logging_mixin.py:188} INFO - [2025-07-11T11:52:01.838+0200] {dag.py:3954} INFO - Setting next_dagrun for example_setup_teardown_taskflow to 2025-07-10 00:00:00+00:00, run_after=2025-07-11 00:00:00+00:00
[2025-07-11T11:52:01.853+0200] {processor.py:183} INFO - Processing /home/florent/Programs/anaconda3/envs/airflow_etl/lib/python3.11/site-packages/airflow/example_dags/example_setup_teardown_taskflow.py took 0.059 seconds
[2025-07-11T11:53:06.794+0200] {processor.py:161} INFO - Started process (PID=76669) to work on /home/florent/Programs/anaconda3/envs/airflow_etl/lib/python3.11/site-packages/airflow/example_dags/example_setup_teardown_taskflow.py
[2025-07-11T11:53:06.796+0200] {processor.py:830} INFO - Processing file /home/florent/Programs/anaconda3/envs/airflow_etl/lib/python3.11/site-packages/airflow/example_dags/example_setup_teardown_taskflow.py for tasks to queue
[2025-07-11T11:53:06.798+0200] {logging_mixin.py:188} INFO - [2025-07-11T11:53:06.797+0200] {dagbag.py:545} INFO - Filling up the DagBag from /home/florent/Programs/anaconda3/envs/airflow_etl/lib/python3.11/site-packages/airflow/example_dags/example_setup_teardown_taskflow.py
[2025-07-11T11:53:06.808+0200] {processor.py:840} INFO - DAG(s) 'example_setup_teardown_taskflow' retrieved from /home/florent/Programs/anaconda3/envs/airflow_etl/lib/python3.11/site-packages/airflow/example_dags/example_setup_teardown_taskflow.py
[2025-07-11T11:53:06.818+0200] {logging_mixin.py:188} INFO - [2025-07-11T11:53:06.818+0200] {dag.py:3096} INFO - Sync 1 DAGs
[2025-07-11T11:53:06.827+0200] {logging_mixin.py:188} INFO - [2025-07-11T11:53:06.826+0200] {dag.py:3954} INFO - Setting next_dagrun for example_setup_teardown_taskflow to 2025-07-10 00:00:00+00:00, run_after=2025-07-11 00:00:00+00:00
[2025-07-11T11:53:06.837+0200] {processor.py:183} INFO - Processing /home/florent/Programs/anaconda3/envs/airflow_etl/lib/python3.11/site-packages/airflow/example_dags/example_setup_teardown_taskflow.py took 0.049 seconds
[2025-07-11T11:54:11.946+0200] {processor.py:161} INFO - Started process (PID=77315) to work on /home/florent/Programs/anaconda3/envs/airflow_etl/lib/python3.11/site-packages/airflow/example_dags/example_setup_teardown_taskflow.py
[2025-07-11T11:54:11.949+0200] {processor.py:830} INFO - Processing file /home/florent/Programs/anaconda3/envs/airflow_etl/lib/python3.11/site-packages/airflow/example_dags/example_setup_teardown_taskflow.py for tasks to queue
[2025-07-11T11:54:11.951+0200] {logging_mixin.py:188} INFO - [2025-07-11T11:54:11.950+0200] {dagbag.py:545} INFO - Filling up the DagBag from /home/florent/Programs/anaconda3/envs/airflow_etl/lib/python3.11/site-packages/airflow/example_dags/example_setup_teardown_taskflow.py
[2025-07-11T11:54:11.962+0200] {processor.py:840} INFO - DAG(s) 'example_setup_teardown_taskflow' retrieved from /home/florent/Programs/anaconda3/envs/airflow_etl/lib/python3.11/site-packages/airflow/example_dags/example_setup_teardown_taskflow.py
[2025-07-11T11:54:11.975+0200] {logging_mixin.py:188} INFO - [2025-07-11T11:54:11.974+0200] {dag.py:3096} INFO - Sync 1 DAGs
[2025-07-11T11:54:11.989+0200] {logging_mixin.py:188} INFO - [2025-07-11T11:54:11.989+0200] {dag.py:3954} INFO - Setting next_dagrun for example_setup_teardown_taskflow to 2025-07-10 00:00:00+00:00, run_after=2025-07-11 00:00:00+00:00
[2025-07-11T11:54:12.002+0200] {processor.py:183} INFO - Processing /home/florent/Programs/anaconda3/envs/airflow_etl/lib/python3.11/site-packages/airflow/example_dags/example_setup_teardown_taskflow.py took 0.062 seconds
[2025-07-11T11:55:21.115+0200] {processor.py:161} INFO - Started process (PID=78060) to work on /home/florent/Programs/anaconda3/envs/airflow_etl/lib/python3.11/site-packages/airflow/example_dags/example_setup_teardown_taskflow.py
[2025-07-11T11:55:21.117+0200] {processor.py:830} INFO - Processing file /home/florent/Programs/anaconda3/envs/airflow_etl/lib/python3.11/site-packages/airflow/example_dags/example_setup_teardown_taskflow.py for tasks to queue
[2025-07-11T11:55:21.119+0200] {logging_mixin.py:188} INFO - [2025-07-11T11:55:21.118+0200] {dagbag.py:545} INFO - Filling up the DagBag from /home/florent/Programs/anaconda3/envs/airflow_etl/lib/python3.11/site-packages/airflow/example_dags/example_setup_teardown_taskflow.py
[2025-07-11T11:55:21.125+0200] {processor.py:840} INFO - DAG(s) 'example_setup_teardown_taskflow' retrieved from /home/florent/Programs/anaconda3/envs/airflow_etl/lib/python3.11/site-packages/airflow/example_dags/example_setup_teardown_taskflow.py
[2025-07-11T11:55:21.133+0200] {logging_mixin.py:188} INFO - [2025-07-11T11:55:21.133+0200] {dag.py:3096} INFO - Sync 1 DAGs
[2025-07-11T11:55:21.142+0200] {logging_mixin.py:188} INFO - [2025-07-11T11:55:21.142+0200] {dag.py:3954} INFO - Setting next_dagrun for example_setup_teardown_taskflow to 2025-07-10 00:00:00+00:00, run_after=2025-07-11 00:00:00+00:00
[2025-07-11T11:55:21.153+0200] {processor.py:183} INFO - Processing /home/florent/Programs/anaconda3/envs/airflow_etl/lib/python3.11/site-packages/airflow/example_dags/example_setup_teardown_taskflow.py took 0.043 seconds
[2025-07-11T11:56:22.280+0200] {processor.py:161} INFO - Started process (PID=78683) to work on /home/florent/Programs/anaconda3/envs/airflow_etl/lib/python3.11/site-packages/airflow/example_dags/example_setup_teardown_taskflow.py
[2025-07-11T11:56:22.283+0200] {processor.py:830} INFO - Processing file /home/florent/Programs/anaconda3/envs/airflow_etl/lib/python3.11/site-packages/airflow/example_dags/example_setup_teardown_taskflow.py for tasks to queue
[2025-07-11T11:56:22.285+0200] {logging_mixin.py:188} INFO - [2025-07-11T11:56:22.284+0200] {dagbag.py:545} INFO - Filling up the DagBag from /home/florent/Programs/anaconda3/envs/airflow_etl/lib/python3.11/site-packages/airflow/example_dags/example_setup_teardown_taskflow.py
[2025-07-11T11:56:22.295+0200] {processor.py:840} INFO - DAG(s) 'example_setup_teardown_taskflow' retrieved from /home/florent/Programs/anaconda3/envs/airflow_etl/lib/python3.11/site-packages/airflow/example_dags/example_setup_teardown_taskflow.py
[2025-07-11T11:56:22.307+0200] {logging_mixin.py:188} INFO - [2025-07-11T11:56:22.306+0200] {dag.py:3096} INFO - Sync 1 DAGs
[2025-07-11T11:56:22.318+0200] {logging_mixin.py:188} INFO - [2025-07-11T11:56:22.318+0200] {dag.py:3954} INFO - Setting next_dagrun for example_setup_teardown_taskflow to 2025-07-10 00:00:00+00:00, run_after=2025-07-11 00:00:00+00:00
[2025-07-11T11:56:22.330+0200] {processor.py:183} INFO - Processing /home/florent/Programs/anaconda3/envs/airflow_etl/lib/python3.11/site-packages/airflow/example_dags/example_setup_teardown_taskflow.py took 0.057 seconds
[2025-07-11T11:57:25.403+0200] {processor.py:161} INFO - Started process (PID=79306) to work on /home/florent/Programs/anaconda3/envs/airflow_etl/lib/python3.11/site-packages/airflow/example_dags/example_setup_teardown_taskflow.py
[2025-07-11T11:57:25.405+0200] {processor.py:830} INFO - Processing file /home/florent/Programs/anaconda3/envs/airflow_etl/lib/python3.11/site-packages/airflow/example_dags/example_setup_teardown_taskflow.py for tasks to queue
[2025-07-11T11:57:25.407+0200] {logging_mixin.py:188} INFO - [2025-07-11T11:57:25.407+0200] {dagbag.py:545} INFO - Filling up the DagBag from /home/florent/Programs/anaconda3/envs/airflow_etl/lib/python3.11/site-packages/airflow/example_dags/example_setup_teardown_taskflow.py
[2025-07-11T11:57:25.418+0200] {processor.py:840} INFO - DAG(s) 'example_setup_teardown_taskflow' retrieved from /home/florent/Programs/anaconda3/envs/airflow_etl/lib/python3.11/site-packages/airflow/example_dags/example_setup_teardown_taskflow.py
[2025-07-11T11:57:25.435+0200] {logging_mixin.py:188} INFO - [2025-07-11T11:57:25.435+0200] {dag.py:3096} INFO - Sync 1 DAGs
[2025-07-11T11:57:25.446+0200] {logging_mixin.py:188} INFO - [2025-07-11T11:57:25.446+0200] {dag.py:3954} INFO - Setting next_dagrun for example_setup_teardown_taskflow to 2025-07-10 00:00:00+00:00, run_after=2025-07-11 00:00:00+00:00
[2025-07-11T11:57:25.458+0200] {processor.py:183} INFO - Processing /home/florent/Programs/anaconda3/envs/airflow_etl/lib/python3.11/site-packages/airflow/example_dags/example_setup_teardown_taskflow.py took 0.061 seconds
[2025-07-11T11:58:32.699+0200] {processor.py:161} INFO - Started process (PID=79993) to work on /home/florent/Programs/anaconda3/envs/airflow_etl/lib/python3.11/site-packages/airflow/example_dags/example_setup_teardown_taskflow.py
[2025-07-11T11:58:32.702+0200] {processor.py:830} INFO - Processing file /home/florent/Programs/anaconda3/envs/airflow_etl/lib/python3.11/site-packages/airflow/example_dags/example_setup_teardown_taskflow.py for tasks to queue
[2025-07-11T11:58:32.704+0200] {logging_mixin.py:188} INFO - [2025-07-11T11:58:32.704+0200] {dagbag.py:545} INFO - Filling up the DagBag from /home/florent/Programs/anaconda3/envs/airflow_etl/lib/python3.11/site-packages/airflow/example_dags/example_setup_teardown_taskflow.py
[2025-07-11T11:58:32.715+0200] {processor.py:840} INFO - DAG(s) 'example_setup_teardown_taskflow' retrieved from /home/florent/Programs/anaconda3/envs/airflow_etl/lib/python3.11/site-packages/airflow/example_dags/example_setup_teardown_taskflow.py
[2025-07-11T11:58:32.731+0200] {logging_mixin.py:188} INFO - [2025-07-11T11:58:32.731+0200] {dag.py:3096} INFO - Sync 1 DAGs
[2025-07-11T11:58:32.744+0200] {logging_mixin.py:188} INFO - [2025-07-11T11:58:32.743+0200] {dag.py:3954} INFO - Setting next_dagrun for example_setup_teardown_taskflow to 2025-07-10 00:00:00+00:00, run_after=2025-07-11 00:00:00+00:00
[2025-07-11T11:58:32.761+0200] {processor.py:183} INFO - Processing /home/florent/Programs/anaconda3/envs/airflow_etl/lib/python3.11/site-packages/airflow/example_dags/example_setup_teardown_taskflow.py took 0.067 seconds
[2025-07-11T11:59:38.622+0200] {processor.py:161} INFO - Started process (PID=80625) to work on /home/florent/Programs/anaconda3/envs/airflow_etl/lib/python3.11/site-packages/airflow/example_dags/example_setup_teardown_taskflow.py
[2025-07-11T11:59:38.625+0200] {processor.py:830} INFO - Processing file /home/florent/Programs/anaconda3/envs/airflow_etl/lib/python3.11/site-packages/airflow/example_dags/example_setup_teardown_taskflow.py for tasks to queue
[2025-07-11T11:59:38.627+0200] {logging_mixin.py:188} INFO - [2025-07-11T11:59:38.626+0200] {dagbag.py:545} INFO - Filling up the DagBag from /home/florent/Programs/anaconda3/envs/airflow_etl/lib/python3.11/site-packages/airflow/example_dags/example_setup_teardown_taskflow.py
[2025-07-11T11:59:38.636+0200] {processor.py:840} INFO - DAG(s) 'example_setup_teardown_taskflow' retrieved from /home/florent/Programs/anaconda3/envs/airflow_etl/lib/python3.11/site-packages/airflow/example_dags/example_setup_teardown_taskflow.py
[2025-07-11T11:59:38.648+0200] {logging_mixin.py:188} INFO - [2025-07-11T11:59:38.648+0200] {dag.py:3096} INFO - Sync 1 DAGs
[2025-07-11T11:59:38.658+0200] {logging_mixin.py:188} INFO - [2025-07-11T11:59:38.658+0200] {dag.py:3954} INFO - Setting next_dagrun for example_setup_teardown_taskflow to 2025-07-10 00:00:00+00:00, run_after=2025-07-11 00:00:00+00:00
[2025-07-11T11:59:38.671+0200] {processor.py:183} INFO - Processing /home/florent/Programs/anaconda3/envs/airflow_etl/lib/python3.11/site-packages/airflow/example_dags/example_setup_teardown_taskflow.py took 0.055 seconds
[2025-07-11T12:00:50.186+0200] {processor.py:161} INFO - Started process (PID=81373) to work on /home/florent/Programs/anaconda3/envs/airflow_etl/lib/python3.11/site-packages/airflow/example_dags/example_setup_teardown_taskflow.py
[2025-07-11T12:00:50.189+0200] {processor.py:830} INFO - Processing file /home/florent/Programs/anaconda3/envs/airflow_etl/lib/python3.11/site-packages/airflow/example_dags/example_setup_teardown_taskflow.py for tasks to queue
[2025-07-11T12:00:50.191+0200] {logging_mixin.py:188} INFO - [2025-07-11T12:00:50.191+0200] {dagbag.py:545} INFO - Filling up the DagBag from /home/florent/Programs/anaconda3/envs/airflow_etl/lib/python3.11/site-packages/airflow/example_dags/example_setup_teardown_taskflow.py
[2025-07-11T12:00:50.202+0200] {processor.py:840} INFO - DAG(s) 'example_setup_teardown_taskflow' retrieved from /home/florent/Programs/anaconda3/envs/airflow_etl/lib/python3.11/site-packages/airflow/example_dags/example_setup_teardown_taskflow.py
[2025-07-11T12:00:50.221+0200] {logging_mixin.py:188} INFO - [2025-07-11T12:00:50.220+0200] {dag.py:3096} INFO - Sync 1 DAGs
[2025-07-11T12:00:50.235+0200] {logging_mixin.py:188} INFO - [2025-07-11T12:00:50.235+0200] {dag.py:3954} INFO - Setting next_dagrun for example_setup_teardown_taskflow to 2025-07-10 00:00:00+00:00, run_after=2025-07-11 00:00:00+00:00
[2025-07-11T12:00:50.247+0200] {processor.py:183} INFO - Processing /home/florent/Programs/anaconda3/envs/airflow_etl/lib/python3.11/site-packages/airflow/example_dags/example_setup_teardown_taskflow.py took 0.067 seconds
[2025-07-11T12:01:54.174+0200] {processor.py:161} INFO - Started process (PID=82013) to work on /home/florent/Programs/anaconda3/envs/airflow_etl/lib/python3.11/site-packages/airflow/example_dags/example_setup_teardown_taskflow.py
[2025-07-11T12:01:54.177+0200] {processor.py:830} INFO - Processing file /home/florent/Programs/anaconda3/envs/airflow_etl/lib/python3.11/site-packages/airflow/example_dags/example_setup_teardown_taskflow.py for tasks to queue
[2025-07-11T12:01:54.179+0200] {logging_mixin.py:188} INFO - [2025-07-11T12:01:54.179+0200] {dagbag.py:545} INFO - Filling up the DagBag from /home/florent/Programs/anaconda3/envs/airflow_etl/lib/python3.11/site-packages/airflow/example_dags/example_setup_teardown_taskflow.py
[2025-07-11T12:01:54.190+0200] {processor.py:840} INFO - DAG(s) 'example_setup_teardown_taskflow' retrieved from /home/florent/Programs/anaconda3/envs/airflow_etl/lib/python3.11/site-packages/airflow/example_dags/example_setup_teardown_taskflow.py
[2025-07-11T12:01:54.202+0200] {logging_mixin.py:188} INFO - [2025-07-11T12:01:54.202+0200] {dag.py:3096} INFO - Sync 1 DAGs
[2025-07-11T12:01:54.213+0200] {logging_mixin.py:188} INFO - [2025-07-11T12:01:54.213+0200] {dag.py:3954} INFO - Setting next_dagrun for example_setup_teardown_taskflow to 2025-07-10 00:00:00+00:00, run_after=2025-07-11 00:00:00+00:00
[2025-07-11T12:01:54.225+0200] {processor.py:183} INFO - Processing /home/florent/Programs/anaconda3/envs/airflow_etl/lib/python3.11/site-packages/airflow/example_dags/example_setup_teardown_taskflow.py took 0.055 seconds
[2025-07-11T12:02:55.300+0200] {processor.py:161} INFO - Started process (PID=82620) to work on /home/florent/Programs/anaconda3/envs/airflow_etl/lib/python3.11/site-packages/airflow/example_dags/example_setup_teardown_taskflow.py
[2025-07-11T12:02:55.303+0200] {processor.py:830} INFO - Processing file /home/florent/Programs/anaconda3/envs/airflow_etl/lib/python3.11/site-packages/airflow/example_dags/example_setup_teardown_taskflow.py for tasks to queue
[2025-07-11T12:02:55.305+0200] {logging_mixin.py:188} INFO - [2025-07-11T12:02:55.304+0200] {dagbag.py:545} INFO - Filling up the DagBag from /home/florent/Programs/anaconda3/envs/airflow_etl/lib/python3.11/site-packages/airflow/example_dags/example_setup_teardown_taskflow.py
[2025-07-11T12:02:55.315+0200] {processor.py:840} INFO - DAG(s) 'example_setup_teardown_taskflow' retrieved from /home/florent/Programs/anaconda3/envs/airflow_etl/lib/python3.11/site-packages/airflow/example_dags/example_setup_teardown_taskflow.py
[2025-07-11T12:02:55.327+0200] {logging_mixin.py:188} INFO - [2025-07-11T12:02:55.327+0200] {dag.py:3096} INFO - Sync 1 DAGs
[2025-07-11T12:02:55.338+0200] {logging_mixin.py:188} INFO - [2025-07-11T12:02:55.338+0200] {dag.py:3954} INFO - Setting next_dagrun for example_setup_teardown_taskflow to 2025-07-10 00:00:00+00:00, run_after=2025-07-11 00:00:00+00:00
[2025-07-11T12:02:55.350+0200] {processor.py:183} INFO - Processing /home/florent/Programs/anaconda3/envs/airflow_etl/lib/python3.11/site-packages/airflow/example_dags/example_setup_teardown_taskflow.py took 0.056 seconds
[2025-07-11T12:04:04.211+0200] {processor.py:161} INFO - Started process (PID=83307) to work on /home/florent/Programs/anaconda3/envs/airflow_etl/lib/python3.11/site-packages/airflow/example_dags/example_setup_teardown_taskflow.py
[2025-07-11T12:04:04.214+0200] {processor.py:830} INFO - Processing file /home/florent/Programs/anaconda3/envs/airflow_etl/lib/python3.11/site-packages/airflow/example_dags/example_setup_teardown_taskflow.py for tasks to queue
[2025-07-11T12:04:04.216+0200] {logging_mixin.py:188} INFO - [2025-07-11T12:04:04.216+0200] {dagbag.py:545} INFO - Filling up the DagBag from /home/florent/Programs/anaconda3/envs/airflow_etl/lib/python3.11/site-packages/airflow/example_dags/example_setup_teardown_taskflow.py
[2025-07-11T12:04:04.227+0200] {processor.py:840} INFO - DAG(s) 'example_setup_teardown_taskflow' retrieved from /home/florent/Programs/anaconda3/envs/airflow_etl/lib/python3.11/site-packages/airflow/example_dags/example_setup_teardown_taskflow.py
[2025-07-11T12:04:04.239+0200] {logging_mixin.py:188} INFO - [2025-07-11T12:04:04.239+0200] {dag.py:3096} INFO - Sync 1 DAGs
[2025-07-11T12:04:04.250+0200] {logging_mixin.py:188} INFO - [2025-07-11T12:04:04.250+0200] {dag.py:3954} INFO - Setting next_dagrun for example_setup_teardown_taskflow to 2025-07-10 00:00:00+00:00, run_after=2025-07-11 00:00:00+00:00
[2025-07-11T12:04:04.262+0200] {processor.py:183} INFO - Processing /home/florent/Programs/anaconda3/envs/airflow_etl/lib/python3.11/site-packages/airflow/example_dags/example_setup_teardown_taskflow.py took 0.057 seconds
[2025-07-11T12:05:08.753+0200] {processor.py:161} INFO - Started process (PID=83996) to work on /home/florent/Programs/anaconda3/envs/airflow_etl/lib/python3.11/site-packages/airflow/example_dags/example_setup_teardown_taskflow.py
[2025-07-11T12:05:08.756+0200] {processor.py:830} INFO - Processing file /home/florent/Programs/anaconda3/envs/airflow_etl/lib/python3.11/site-packages/airflow/example_dags/example_setup_teardown_taskflow.py for tasks to queue
[2025-07-11T12:05:08.759+0200] {logging_mixin.py:188} INFO - [2025-07-11T12:05:08.758+0200] {dagbag.py:545} INFO - Filling up the DagBag from /home/florent/Programs/anaconda3/envs/airflow_etl/lib/python3.11/site-packages/airflow/example_dags/example_setup_teardown_taskflow.py
[2025-07-11T12:05:08.771+0200] {processor.py:840} INFO - DAG(s) 'example_setup_teardown_taskflow' retrieved from /home/florent/Programs/anaconda3/envs/airflow_etl/lib/python3.11/site-packages/airflow/example_dags/example_setup_teardown_taskflow.py
[2025-07-11T12:05:08.784+0200] {logging_mixin.py:188} INFO - [2025-07-11T12:05:08.783+0200] {dag.py:3096} INFO - Sync 1 DAGs
[2025-07-11T12:05:08.797+0200] {logging_mixin.py:188} INFO - [2025-07-11T12:05:08.797+0200] {dag.py:3954} INFO - Setting next_dagrun for example_setup_teardown_taskflow to 2025-07-10 00:00:00+00:00, run_after=2025-07-11 00:00:00+00:00
[2025-07-11T12:05:08.812+0200] {processor.py:183} INFO - Processing /home/florent/Programs/anaconda3/envs/airflow_etl/lib/python3.11/site-packages/airflow/example_dags/example_setup_teardown_taskflow.py took 0.065 seconds
