[2025-07-11T11:03:41.950+0200] {processor.py:161} INFO - Started process (PID=42364) to work on /home/florent/Programs/anaconda3/envs/airflow_etl/lib/python3.11/site-packages/airflow/example_dags/example_kubernetes_executor.py
[2025-07-11T11:03:41.950+0200] {processor.py:830} INFO - Processing file /home/florent/Programs/anaconda3/envs/airflow_etl/lib/python3.11/site-packages/airflow/example_dags/example_kubernetes_executor.py for tasks to queue
[2025-07-11T11:03:41.951+0200] {logging_mixin.py:188} INFO - [2025-07-11T11:03:41.950+0200] {dagbag.py:545} INFO - Filling up the DagBag from /home/florent/Programs/anaconda3/envs/airflow_etl/lib/python3.11/site-packages/airflow/example_dags/example_kubernetes_executor.py
[2025-07-11T11:03:41.952+0200] {logging_mixin.py:188} INFO - [2025-07-11T11:03:41.952+0200] {example_kubernetes_executor.py:39} WARNING - The example_kubernetes_executor example DAG requires the kubernetes provider. Please install it with: pip install apache-airflow[cncf.kubernetes]
[2025-07-11T11:03:41.952+0200] {processor.py:842} WARNING - No viable dags retrieved from /home/florent/Programs/anaconda3/envs/airflow_etl/lib/python3.11/site-packages/airflow/example_dags/example_kubernetes_executor.py
[2025-07-11T11:03:41.961+0200] {processor.py:183} INFO - Processing /home/florent/Programs/anaconda3/envs/airflow_etl/lib/python3.11/site-packages/airflow/example_dags/example_kubernetes_executor.py took 0.016 seconds
[2025-07-11T11:04:32.307+0200] {processor.py:161} INFO - Started process (PID=42890) to work on /home/florent/Programs/anaconda3/envs/airflow_etl/lib/python3.11/site-packages/airflow/example_dags/example_kubernetes_executor.py
[2025-07-11T11:04:32.310+0200] {processor.py:830} INFO - Processing file /home/florent/Programs/anaconda3/envs/airflow_etl/lib/python3.11/site-packages/airflow/example_dags/example_kubernetes_executor.py for tasks to queue
[2025-07-11T11:04:32.311+0200] {logging_mixin.py:188} INFO - [2025-07-11T11:04:32.311+0200] {dagbag.py:545} INFO - Filling up the DagBag from /home/florent/Programs/anaconda3/envs/airflow_etl/lib/python3.11/site-packages/airflow/example_dags/example_kubernetes_executor.py
[2025-07-11T11:04:32.314+0200] {logging_mixin.py:188} INFO - [2025-07-11T11:04:32.314+0200] {example_kubernetes_executor.py:39} WARNING - The example_kubernetes_executor example DAG requires the kubernetes provider. Please install it with: pip install apache-airflow[cncf.kubernetes]
[2025-07-11T11:04:32.315+0200] {processor.py:842} WARNING - No viable dags retrieved from /home/florent/Programs/anaconda3/envs/airflow_etl/lib/python3.11/site-packages/airflow/example_dags/example_kubernetes_executor.py
[2025-07-11T11:04:32.325+0200] {processor.py:183} INFO - Processing /home/florent/Programs/anaconda3/envs/airflow_etl/lib/python3.11/site-packages/airflow/example_dags/example_kubernetes_executor.py took 0.025 seconds
[2025-07-11T11:05:25.112+0200] {processor.py:161} INFO - Started process (PID=43493) to work on /home/florent/Programs/anaconda3/envs/airflow_etl/lib/python3.11/site-packages/airflow/example_dags/example_kubernetes_executor.py
[2025-07-11T11:05:25.115+0200] {processor.py:830} INFO - Processing file /home/florent/Programs/anaconda3/envs/airflow_etl/lib/python3.11/site-packages/airflow/example_dags/example_kubernetes_executor.py for tasks to queue
[2025-07-11T11:05:25.116+0200] {logging_mixin.py:188} INFO - [2025-07-11T11:05:25.115+0200] {dagbag.py:545} INFO - Filling up the DagBag from /home/florent/Programs/anaconda3/envs/airflow_etl/lib/python3.11/site-packages/airflow/example_dags/example_kubernetes_executor.py
[2025-07-11T11:05:25.118+0200] {logging_mixin.py:188} INFO - [2025-07-11T11:05:25.118+0200] {example_kubernetes_executor.py:39} WARNING - The example_kubernetes_executor example DAG requires the kubernetes provider. Please install it with: pip install apache-airflow[cncf.kubernetes]
[2025-07-11T11:05:25.118+0200] {processor.py:842} WARNING - No viable dags retrieved from /home/florent/Programs/anaconda3/envs/airflow_etl/lib/python3.11/site-packages/airflow/example_dags/example_kubernetes_executor.py
[2025-07-11T11:05:25.127+0200] {processor.py:183} INFO - Processing /home/florent/Programs/anaconda3/envs/airflow_etl/lib/python3.11/site-packages/airflow/example_dags/example_kubernetes_executor.py took 0.020 seconds
[2025-07-11T11:06:24.119+0200] {processor.py:161} INFO - Started process (PID=44202) to work on /home/florent/Programs/anaconda3/envs/airflow_etl/lib/python3.11/site-packages/airflow/example_dags/example_kubernetes_executor.py
[2025-07-11T11:06:24.122+0200] {processor.py:830} INFO - Processing file /home/florent/Programs/anaconda3/envs/airflow_etl/lib/python3.11/site-packages/airflow/example_dags/example_kubernetes_executor.py for tasks to queue
[2025-07-11T11:06:24.123+0200] {logging_mixin.py:188} INFO - [2025-07-11T11:06:24.122+0200] {dagbag.py:545} INFO - Filling up the DagBag from /home/florent/Programs/anaconda3/envs/airflow_etl/lib/python3.11/site-packages/airflow/example_dags/example_kubernetes_executor.py
[2025-07-11T11:06:24.126+0200] {logging_mixin.py:188} INFO - [2025-07-11T11:06:24.126+0200] {example_kubernetes_executor.py:39} WARNING - The example_kubernetes_executor example DAG requires the kubernetes provider. Please install it with: pip install apache-airflow[cncf.kubernetes]
[2025-07-11T11:06:24.126+0200] {processor.py:842} WARNING - No viable dags retrieved from /home/florent/Programs/anaconda3/envs/airflow_etl/lib/python3.11/site-packages/airflow/example_dags/example_kubernetes_executor.py
[2025-07-11T11:06:24.135+0200] {processor.py:183} INFO - Processing /home/florent/Programs/anaconda3/envs/airflow_etl/lib/python3.11/site-packages/airflow/example_dags/example_kubernetes_executor.py took 0.022 seconds
[2025-07-11T11:07:34.826+0200] {processor.py:161} INFO - Started process (PID=45500) to work on /home/florent/Programs/anaconda3/envs/airflow_etl/lib/python3.11/site-packages/airflow/example_dags/example_kubernetes_executor.py
[2025-07-11T11:07:34.829+0200] {processor.py:830} INFO - Processing file /home/florent/Programs/anaconda3/envs/airflow_etl/lib/python3.11/site-packages/airflow/example_dags/example_kubernetes_executor.py for tasks to queue
[2025-07-11T11:07:34.830+0200] {logging_mixin.py:188} INFO - [2025-07-11T11:07:34.830+0200] {dagbag.py:545} INFO - Filling up the DagBag from /home/florent/Programs/anaconda3/envs/airflow_etl/lib/python3.11/site-packages/airflow/example_dags/example_kubernetes_executor.py
[2025-07-11T11:07:34.833+0200] {logging_mixin.py:188} INFO - [2025-07-11T11:07:34.832+0200] {example_kubernetes_executor.py:39} WARNING - The example_kubernetes_executor example DAG requires the kubernetes provider. Please install it with: pip install apache-airflow[cncf.kubernetes]
[2025-07-11T11:07:34.833+0200] {processor.py:842} WARNING - No viable dags retrieved from /home/florent/Programs/anaconda3/envs/airflow_etl/lib/python3.11/site-packages/airflow/example_dags/example_kubernetes_executor.py
[2025-07-11T11:07:34.840+0200] {processor.py:183} INFO - Processing /home/florent/Programs/anaconda3/envs/airflow_etl/lib/python3.11/site-packages/airflow/example_dags/example_kubernetes_executor.py took 0.020 seconds
[2025-07-11T11:08:21.805+0200] {processor.py:161} INFO - Started process (PID=45990) to work on /home/florent/Programs/anaconda3/envs/airflow_etl/lib/python3.11/site-packages/airflow/example_dags/example_kubernetes_executor.py
[2025-07-11T11:08:21.807+0200] {processor.py:830} INFO - Processing file /home/florent/Programs/anaconda3/envs/airflow_etl/lib/python3.11/site-packages/airflow/example_dags/example_kubernetes_executor.py for tasks to queue
[2025-07-11T11:08:21.807+0200] {logging_mixin.py:188} INFO - [2025-07-11T11:08:21.807+0200] {dagbag.py:545} INFO - Filling up the DagBag from /home/florent/Programs/anaconda3/envs/airflow_etl/lib/python3.11/site-packages/airflow/example_dags/example_kubernetes_executor.py
[2025-07-11T11:08:21.810+0200] {logging_mixin.py:188} INFO - [2025-07-11T11:08:21.810+0200] {example_kubernetes_executor.py:39} WARNING - The example_kubernetes_executor example DAG requires the kubernetes provider. Please install it with: pip install apache-airflow[cncf.kubernetes]
[2025-07-11T11:08:21.811+0200] {processor.py:842} WARNING - No viable dags retrieved from /home/florent/Programs/anaconda3/envs/airflow_etl/lib/python3.11/site-packages/airflow/example_dags/example_kubernetes_executor.py
[2025-07-11T11:08:21.821+0200] {processor.py:183} INFO - Processing /home/florent/Programs/anaconda3/envs/airflow_etl/lib/python3.11/site-packages/airflow/example_dags/example_kubernetes_executor.py took 0.022 seconds
[2025-07-11T11:09:20.666+0200] {processor.py:161} INFO - Started process (PID=46742) to work on /home/florent/Programs/anaconda3/envs/airflow_etl/lib/python3.11/site-packages/airflow/example_dags/example_kubernetes_executor.py
[2025-07-11T11:09:20.669+0200] {processor.py:830} INFO - Processing file /home/florent/Programs/anaconda3/envs/airflow_etl/lib/python3.11/site-packages/airflow/example_dags/example_kubernetes_executor.py for tasks to queue
[2025-07-11T11:09:20.670+0200] {logging_mixin.py:188} INFO - [2025-07-11T11:09:20.669+0200] {dagbag.py:545} INFO - Filling up the DagBag from /home/florent/Programs/anaconda3/envs/airflow_etl/lib/python3.11/site-packages/airflow/example_dags/example_kubernetes_executor.py
[2025-07-11T11:09:20.672+0200] {logging_mixin.py:188} INFO - [2025-07-11T11:09:20.672+0200] {example_kubernetes_executor.py:39} WARNING - The example_kubernetes_executor example DAG requires the kubernetes provider. Please install it with: pip install apache-airflow[cncf.kubernetes]
[2025-07-11T11:09:20.673+0200] {processor.py:842} WARNING - No viable dags retrieved from /home/florent/Programs/anaconda3/envs/airflow_etl/lib/python3.11/site-packages/airflow/example_dags/example_kubernetes_executor.py
[2025-07-11T11:09:20.683+0200] {processor.py:183} INFO - Processing /home/florent/Programs/anaconda3/envs/airflow_etl/lib/python3.11/site-packages/airflow/example_dags/example_kubernetes_executor.py took 0.022 seconds
[2025-07-11T11:10:25.118+0200] {processor.py:161} INFO - Started process (PID=47622) to work on /home/florent/Programs/anaconda3/envs/airflow_etl/lib/python3.11/site-packages/airflow/example_dags/example_kubernetes_executor.py
[2025-07-11T11:10:25.121+0200] {processor.py:830} INFO - Processing file /home/florent/Programs/anaconda3/envs/airflow_etl/lib/python3.11/site-packages/airflow/example_dags/example_kubernetes_executor.py for tasks to queue
[2025-07-11T11:10:25.122+0200] {logging_mixin.py:188} INFO - [2025-07-11T11:10:25.122+0200] {dagbag.py:545} INFO - Filling up the DagBag from /home/florent/Programs/anaconda3/envs/airflow_etl/lib/python3.11/site-packages/airflow/example_dags/example_kubernetes_executor.py
[2025-07-11T11:10:25.125+0200] {logging_mixin.py:188} INFO - [2025-07-11T11:10:25.125+0200] {example_kubernetes_executor.py:39} WARNING - The example_kubernetes_executor example DAG requires the kubernetes provider. Please install it with: pip install apache-airflow[cncf.kubernetes]
[2025-07-11T11:10:25.125+0200] {processor.py:842} WARNING - No viable dags retrieved from /home/florent/Programs/anaconda3/envs/airflow_etl/lib/python3.11/site-packages/airflow/example_dags/example_kubernetes_executor.py
[2025-07-11T11:10:25.136+0200] {processor.py:183} INFO - Processing /home/florent/Programs/anaconda3/envs/airflow_etl/lib/python3.11/site-packages/airflow/example_dags/example_kubernetes_executor.py took 0.023 seconds
[2025-07-11T11:11:32.291+0200] {processor.py:161} INFO - Started process (PID=48458) to work on /home/florent/Programs/anaconda3/envs/airflow_etl/lib/python3.11/site-packages/airflow/example_dags/example_kubernetes_executor.py
[2025-07-11T11:11:32.292+0200] {processor.py:830} INFO - Processing file /home/florent/Programs/anaconda3/envs/airflow_etl/lib/python3.11/site-packages/airflow/example_dags/example_kubernetes_executor.py for tasks to queue
[2025-07-11T11:11:32.293+0200] {logging_mixin.py:188} INFO - [2025-07-11T11:11:32.292+0200] {dagbag.py:545} INFO - Filling up the DagBag from /home/florent/Programs/anaconda3/envs/airflow_etl/lib/python3.11/site-packages/airflow/example_dags/example_kubernetes_executor.py
[2025-07-11T11:11:32.295+0200] {logging_mixin.py:188} INFO - [2025-07-11T11:11:32.295+0200] {example_kubernetes_executor.py:39} WARNING - The example_kubernetes_executor example DAG requires the kubernetes provider. Please install it with: pip install apache-airflow[cncf.kubernetes]
[2025-07-11T11:11:32.295+0200] {processor.py:842} WARNING - No viable dags retrieved from /home/florent/Programs/anaconda3/envs/airflow_etl/lib/python3.11/site-packages/airflow/example_dags/example_kubernetes_executor.py
[2025-07-11T11:11:32.302+0200] {processor.py:183} INFO - Processing /home/florent/Programs/anaconda3/envs/airflow_etl/lib/python3.11/site-packages/airflow/example_dags/example_kubernetes_executor.py took 0.017 seconds
[2025-07-11T11:12:18.194+0200] {processor.py:161} INFO - Started process (PID=49874) to work on /home/florent/Programs/anaconda3/envs/airflow_etl/lib/python3.11/site-packages/airflow/example_dags/example_kubernetes_executor.py
[2025-07-11T11:12:18.196+0200] {processor.py:830} INFO - Processing file /home/florent/Programs/anaconda3/envs/airflow_etl/lib/python3.11/site-packages/airflow/example_dags/example_kubernetes_executor.py for tasks to queue
[2025-07-11T11:12:18.196+0200] {logging_mixin.py:188} INFO - [2025-07-11T11:12:18.196+0200] {dagbag.py:545} INFO - Filling up the DagBag from /home/florent/Programs/anaconda3/envs/airflow_etl/lib/python3.11/site-packages/airflow/example_dags/example_kubernetes_executor.py
[2025-07-11T11:12:18.199+0200] {logging_mixin.py:188} INFO - [2025-07-11T11:12:18.198+0200] {example_kubernetes_executor.py:39} WARNING - The example_kubernetes_executor example DAG requires the kubernetes provider. Please install it with: pip install apache-airflow[cncf.kubernetes]
[2025-07-11T11:12:18.199+0200] {processor.py:842} WARNING - No viable dags retrieved from /home/florent/Programs/anaconda3/envs/airflow_etl/lib/python3.11/site-packages/airflow/example_dags/example_kubernetes_executor.py
[2025-07-11T11:12:18.209+0200] {processor.py:183} INFO - Processing /home/florent/Programs/anaconda3/envs/airflow_etl/lib/python3.11/site-packages/airflow/example_dags/example_kubernetes_executor.py took 0.020 seconds
[2025-07-11T11:13:03.371+0200] {processor.py:161} INFO - Started process (PID=50473) to work on /home/florent/Programs/anaconda3/envs/airflow_etl/lib/python3.11/site-packages/airflow/example_dags/example_kubernetes_executor.py
[2025-07-11T11:13:03.374+0200] {processor.py:830} INFO - Processing file /home/florent/Programs/anaconda3/envs/airflow_etl/lib/python3.11/site-packages/airflow/example_dags/example_kubernetes_executor.py for tasks to queue
[2025-07-11T11:13:03.375+0200] {logging_mixin.py:188} INFO - [2025-07-11T11:13:03.374+0200] {dagbag.py:545} INFO - Filling up the DagBag from /home/florent/Programs/anaconda3/envs/airflow_etl/lib/python3.11/site-packages/airflow/example_dags/example_kubernetes_executor.py
[2025-07-11T11:13:03.378+0200] {logging_mixin.py:188} INFO - [2025-07-11T11:13:03.378+0200] {example_kubernetes_executor.py:39} WARNING - The example_kubernetes_executor example DAG requires the kubernetes provider. Please install it with: pip install apache-airflow[cncf.kubernetes]
[2025-07-11T11:13:03.378+0200] {processor.py:842} WARNING - No viable dags retrieved from /home/florent/Programs/anaconda3/envs/airflow_etl/lib/python3.11/site-packages/airflow/example_dags/example_kubernetes_executor.py
[2025-07-11T11:13:03.387+0200] {processor.py:183} INFO - Processing /home/florent/Programs/anaconda3/envs/airflow_etl/lib/python3.11/site-packages/airflow/example_dags/example_kubernetes_executor.py took 0.022 seconds
[2025-07-11T11:13:21.764+0200] {processor.py:161} INFO - Started process (PID=50728) to work on /home/florent/Programs/anaconda3/envs/airflow_etl/lib/python3.11/site-packages/airflow/example_dags/example_kubernetes_executor.py
[2025-07-11T11:13:21.766+0200] {processor.py:830} INFO - Processing file /home/florent/Programs/anaconda3/envs/airflow_etl/lib/python3.11/site-packages/airflow/example_dags/example_kubernetes_executor.py for tasks to queue
[2025-07-11T11:13:21.768+0200] {logging_mixin.py:188} INFO - [2025-07-11T11:13:21.767+0200] {dagbag.py:545} INFO - Filling up the DagBag from /home/florent/Programs/anaconda3/envs/airflow_etl/lib/python3.11/site-packages/airflow/example_dags/example_kubernetes_executor.py
[2025-07-11T11:13:21.771+0200] {logging_mixin.py:188} INFO - [2025-07-11T11:13:21.771+0200] {example_kubernetes_executor.py:39} WARNING - The example_kubernetes_executor example DAG requires the kubernetes provider. Please install it with: pip install apache-airflow[cncf.kubernetes]
[2025-07-11T11:13:21.771+0200] {processor.py:842} WARNING - No viable dags retrieved from /home/florent/Programs/anaconda3/envs/airflow_etl/lib/python3.11/site-packages/airflow/example_dags/example_kubernetes_executor.py
[2025-07-11T11:13:21.781+0200] {processor.py:183} INFO - Processing /home/florent/Programs/anaconda3/envs/airflow_etl/lib/python3.11/site-packages/airflow/example_dags/example_kubernetes_executor.py took 0.022 seconds
[2025-07-11T11:14:13.144+0200] {processor.py:161} INFO - Started process (PID=51419) to work on /home/florent/Programs/anaconda3/envs/airflow_etl/lib/python3.11/site-packages/airflow/example_dags/example_kubernetes_executor.py
[2025-07-11T11:14:13.147+0200] {processor.py:830} INFO - Processing file /home/florent/Programs/anaconda3/envs/airflow_etl/lib/python3.11/site-packages/airflow/example_dags/example_kubernetes_executor.py for tasks to queue
[2025-07-11T11:14:13.148+0200] {logging_mixin.py:188} INFO - [2025-07-11T11:14:13.148+0200] {dagbag.py:545} INFO - Filling up the DagBag from /home/florent/Programs/anaconda3/envs/airflow_etl/lib/python3.11/site-packages/airflow/example_dags/example_kubernetes_executor.py
[2025-07-11T11:14:13.152+0200] {logging_mixin.py:188} INFO - [2025-07-11T11:14:13.151+0200] {example_kubernetes_executor.py:39} WARNING - The example_kubernetes_executor example DAG requires the kubernetes provider. Please install it with: pip install apache-airflow[cncf.kubernetes]
[2025-07-11T11:14:13.152+0200] {processor.py:842} WARNING - No viable dags retrieved from /home/florent/Programs/anaconda3/envs/airflow_etl/lib/python3.11/site-packages/airflow/example_dags/example_kubernetes_executor.py
[2025-07-11T11:14:13.160+0200] {processor.py:183} INFO - Processing /home/florent/Programs/anaconda3/envs/airflow_etl/lib/python3.11/site-packages/airflow/example_dags/example_kubernetes_executor.py took 0.021 seconds
[2025-07-11T11:14:23.922+0200] {processor.py:161} INFO - Started process (PID=51529) to work on /home/florent/Programs/anaconda3/envs/airflow_etl/lib/python3.11/site-packages/airflow/example_dags/example_kubernetes_executor.py
[2025-07-11T11:14:23.925+0200] {processor.py:830} INFO - Processing file /home/florent/Programs/anaconda3/envs/airflow_etl/lib/python3.11/site-packages/airflow/example_dags/example_kubernetes_executor.py for tasks to queue
[2025-07-11T11:14:23.926+0200] {logging_mixin.py:188} INFO - [2025-07-11T11:14:23.925+0200] {dagbag.py:545} INFO - Filling up the DagBag from /home/florent/Programs/anaconda3/envs/airflow_etl/lib/python3.11/site-packages/airflow/example_dags/example_kubernetes_executor.py
[2025-07-11T11:14:23.928+0200] {logging_mixin.py:188} INFO - [2025-07-11T11:14:23.928+0200] {example_kubernetes_executor.py:39} WARNING - The example_kubernetes_executor example DAG requires the kubernetes provider. Please install it with: pip install apache-airflow[cncf.kubernetes]
[2025-07-11T11:14:23.928+0200] {processor.py:842} WARNING - No viable dags retrieved from /home/florent/Programs/anaconda3/envs/airflow_etl/lib/python3.11/site-packages/airflow/example_dags/example_kubernetes_executor.py
[2025-07-11T11:14:23.934+0200] {processor.py:183} INFO - Processing /home/florent/Programs/anaconda3/envs/airflow_etl/lib/python3.11/site-packages/airflow/example_dags/example_kubernetes_executor.py took 0.017 seconds
[2025-07-11T11:15:06.901+0200] {processor.py:161} INFO - Started process (PID=52045) to work on /home/florent/Programs/anaconda3/envs/airflow_etl/lib/python3.11/site-packages/airflow/example_dags/example_kubernetes_executor.py
[2025-07-11T11:15:06.902+0200] {processor.py:830} INFO - Processing file /home/florent/Programs/anaconda3/envs/airflow_etl/lib/python3.11/site-packages/airflow/example_dags/example_kubernetes_executor.py for tasks to queue
[2025-07-11T11:15:06.903+0200] {logging_mixin.py:188} INFO - [2025-07-11T11:15:06.903+0200] {dagbag.py:545} INFO - Filling up the DagBag from /home/florent/Programs/anaconda3/envs/airflow_etl/lib/python3.11/site-packages/airflow/example_dags/example_kubernetes_executor.py
[2025-07-11T11:15:06.905+0200] {logging_mixin.py:188} INFO - [2025-07-11T11:15:06.905+0200] {example_kubernetes_executor.py:39} WARNING - The example_kubernetes_executor example DAG requires the kubernetes provider. Please install it with: pip install apache-airflow[cncf.kubernetes]
[2025-07-11T11:15:06.905+0200] {processor.py:842} WARNING - No viable dags retrieved from /home/florent/Programs/anaconda3/envs/airflow_etl/lib/python3.11/site-packages/airflow/example_dags/example_kubernetes_executor.py
[2025-07-11T11:15:06.915+0200] {processor.py:183} INFO - Processing /home/florent/Programs/anaconda3/envs/airflow_etl/lib/python3.11/site-packages/airflow/example_dags/example_kubernetes_executor.py took 0.018 seconds
[2025-07-11T11:15:13.623+0200] {processor.py:161} INFO - Started process (PID=52134) to work on /home/florent/Programs/anaconda3/envs/airflow_etl/lib/python3.11/site-packages/airflow/example_dags/example_kubernetes_executor.py
[2025-07-11T11:15:13.624+0200] {processor.py:830} INFO - Processing file /home/florent/Programs/anaconda3/envs/airflow_etl/lib/python3.11/site-packages/airflow/example_dags/example_kubernetes_executor.py for tasks to queue
[2025-07-11T11:15:13.625+0200] {logging_mixin.py:188} INFO - [2025-07-11T11:15:13.624+0200] {dagbag.py:545} INFO - Filling up the DagBag from /home/florent/Programs/anaconda3/envs/airflow_etl/lib/python3.11/site-packages/airflow/example_dags/example_kubernetes_executor.py
[2025-07-11T11:15:13.628+0200] {logging_mixin.py:188} INFO - [2025-07-11T11:15:13.628+0200] {example_kubernetes_executor.py:39} WARNING - The example_kubernetes_executor example DAG requires the kubernetes provider. Please install it with: pip install apache-airflow[cncf.kubernetes]
[2025-07-11T11:15:13.629+0200] {processor.py:842} WARNING - No viable dags retrieved from /home/florent/Programs/anaconda3/envs/airflow_etl/lib/python3.11/site-packages/airflow/example_dags/example_kubernetes_executor.py
[2025-07-11T11:15:13.636+0200] {processor.py:183} INFO - Processing /home/florent/Programs/anaconda3/envs/airflow_etl/lib/python3.11/site-packages/airflow/example_dags/example_kubernetes_executor.py took 0.018 seconds
[2025-07-11T11:16:08.737+0200] {processor.py:161} INFO - Started process (PID=52849) to work on /home/florent/Programs/anaconda3/envs/airflow_etl/lib/python3.11/site-packages/airflow/example_dags/example_kubernetes_executor.py
[2025-07-11T11:16:08.738+0200] {processor.py:830} INFO - Processing file /home/florent/Programs/anaconda3/envs/airflow_etl/lib/python3.11/site-packages/airflow/example_dags/example_kubernetes_executor.py for tasks to queue
[2025-07-11T11:16:08.739+0200] {logging_mixin.py:188} INFO - [2025-07-11T11:16:08.739+0200] {dagbag.py:545} INFO - Filling up the DagBag from /home/florent/Programs/anaconda3/envs/airflow_etl/lib/python3.11/site-packages/airflow/example_dags/example_kubernetes_executor.py
[2025-07-11T11:16:08.741+0200] {logging_mixin.py:188} INFO - [2025-07-11T11:16:08.741+0200] {example_kubernetes_executor.py:39} WARNING - The example_kubernetes_executor example DAG requires the kubernetes provider. Please install it with: pip install apache-airflow[cncf.kubernetes]
[2025-07-11T11:16:08.741+0200] {processor.py:842} WARNING - No viable dags retrieved from /home/florent/Programs/anaconda3/envs/airflow_etl/lib/python3.11/site-packages/airflow/example_dags/example_kubernetes_executor.py
[2025-07-11T11:16:08.749+0200] {processor.py:183} INFO - Processing /home/florent/Programs/anaconda3/envs/airflow_etl/lib/python3.11/site-packages/airflow/example_dags/example_kubernetes_executor.py took 0.018 seconds
[2025-07-11T11:16:12.626+0200] {processor.py:161} INFO - Started process (PID=52898) to work on /home/florent/Programs/anaconda3/envs/airflow_etl/lib/python3.11/site-packages/airflow/example_dags/example_kubernetes_executor.py
[2025-07-11T11:16:12.627+0200] {processor.py:830} INFO - Processing file /home/florent/Programs/anaconda3/envs/airflow_etl/lib/python3.11/site-packages/airflow/example_dags/example_kubernetes_executor.py for tasks to queue
[2025-07-11T11:16:12.627+0200] {logging_mixin.py:188} INFO - [2025-07-11T11:16:12.627+0200] {dagbag.py:545} INFO - Filling up the DagBag from /home/florent/Programs/anaconda3/envs/airflow_etl/lib/python3.11/site-packages/airflow/example_dags/example_kubernetes_executor.py
[2025-07-11T11:16:12.629+0200] {logging_mixin.py:188} INFO - [2025-07-11T11:16:12.629+0200] {example_kubernetes_executor.py:39} WARNING - The example_kubernetes_executor example DAG requires the kubernetes provider. Please install it with: pip install apache-airflow[cncf.kubernetes]
[2025-07-11T11:16:12.630+0200] {processor.py:842} WARNING - No viable dags retrieved from /home/florent/Programs/anaconda3/envs/airflow_etl/lib/python3.11/site-packages/airflow/example_dags/example_kubernetes_executor.py
[2025-07-11T11:16:12.636+0200] {processor.py:183} INFO - Processing /home/florent/Programs/anaconda3/envs/airflow_etl/lib/python3.11/site-packages/airflow/example_dags/example_kubernetes_executor.py took 0.017 seconds
[2025-07-11T11:18:13.680+0200] {processor.py:161} INFO - Started process (PID=54206) to work on /home/florent/Programs/anaconda3/envs/airflow_etl/lib/python3.11/site-packages/airflow/example_dags/example_kubernetes_executor.py
[2025-07-11T11:18:13.681+0200] {processor.py:830} INFO - Processing file /home/florent/Programs/anaconda3/envs/airflow_etl/lib/python3.11/site-packages/airflow/example_dags/example_kubernetes_executor.py for tasks to queue
[2025-07-11T11:18:13.682+0200] {logging_mixin.py:188} INFO - [2025-07-11T11:18:13.682+0200] {dagbag.py:545} INFO - Filling up the DagBag from /home/florent/Programs/anaconda3/envs/airflow_etl/lib/python3.11/site-packages/airflow/example_dags/example_kubernetes_executor.py
[2025-07-11T11:18:13.683+0200] {logging_mixin.py:188} INFO - [2025-07-11T11:18:13.683+0200] {example_kubernetes_executor.py:39} WARNING - The example_kubernetes_executor example DAG requires the kubernetes provider. Please install it with: pip install apache-airflow[cncf.kubernetes]
[2025-07-11T11:18:13.683+0200] {processor.py:842} WARNING - No viable dags retrieved from /home/florent/Programs/anaconda3/envs/airflow_etl/lib/python3.11/site-packages/airflow/example_dags/example_kubernetes_executor.py
[2025-07-11T11:18:13.689+0200] {processor.py:183} INFO - Processing /home/florent/Programs/anaconda3/envs/airflow_etl/lib/python3.11/site-packages/airflow/example_dags/example_kubernetes_executor.py took 0.013 seconds
[2025-07-11T11:19:04.397+0200] {processor.py:161} INFO - Started process (PID=54758) to work on /home/florent/Programs/anaconda3/envs/airflow_etl/lib/python3.11/site-packages/airflow/example_dags/example_kubernetes_executor.py
[2025-07-11T11:19:04.399+0200] {processor.py:830} INFO - Processing file /home/florent/Programs/anaconda3/envs/airflow_etl/lib/python3.11/site-packages/airflow/example_dags/example_kubernetes_executor.py for tasks to queue
[2025-07-11T11:19:04.401+0200] {logging_mixin.py:188} INFO - [2025-07-11T11:19:04.401+0200] {dagbag.py:545} INFO - Filling up the DagBag from /home/florent/Programs/anaconda3/envs/airflow_etl/lib/python3.11/site-packages/airflow/example_dags/example_kubernetes_executor.py
[2025-07-11T11:19:04.404+0200] {logging_mixin.py:188} INFO - [2025-07-11T11:19:04.403+0200] {example_kubernetes_executor.py:39} WARNING - The example_kubernetes_executor example DAG requires the kubernetes provider. Please install it with: pip install apache-airflow[cncf.kubernetes]
[2025-07-11T11:19:04.404+0200] {processor.py:842} WARNING - No viable dags retrieved from /home/florent/Programs/anaconda3/envs/airflow_etl/lib/python3.11/site-packages/airflow/example_dags/example_kubernetes_executor.py
[2025-07-11T11:19:04.413+0200] {processor.py:183} INFO - Processing /home/florent/Programs/anaconda3/envs/airflow_etl/lib/python3.11/site-packages/airflow/example_dags/example_kubernetes_executor.py took 0.022 seconds
[2025-07-11T11:19:55.818+0200] {processor.py:161} INFO - Started process (PID=55306) to work on /home/florent/Programs/anaconda3/envs/airflow_etl/lib/python3.11/site-packages/airflow/example_dags/example_kubernetes_executor.py
[2025-07-11T11:19:55.820+0200] {processor.py:830} INFO - Processing file /home/florent/Programs/anaconda3/envs/airflow_etl/lib/python3.11/site-packages/airflow/example_dags/example_kubernetes_executor.py for tasks to queue
[2025-07-11T11:19:55.822+0200] {logging_mixin.py:188} INFO - [2025-07-11T11:19:55.821+0200] {dagbag.py:545} INFO - Filling up the DagBag from /home/florent/Programs/anaconda3/envs/airflow_etl/lib/python3.11/site-packages/airflow/example_dags/example_kubernetes_executor.py
[2025-07-11T11:19:55.824+0200] {logging_mixin.py:188} INFO - [2025-07-11T11:19:55.824+0200] {example_kubernetes_executor.py:39} WARNING - The example_kubernetes_executor example DAG requires the kubernetes provider. Please install it with: pip install apache-airflow[cncf.kubernetes]
[2025-07-11T11:19:55.825+0200] {processor.py:842} WARNING - No viable dags retrieved from /home/florent/Programs/anaconda3/envs/airflow_etl/lib/python3.11/site-packages/airflow/example_dags/example_kubernetes_executor.py
[2025-07-11T11:19:55.833+0200] {processor.py:183} INFO - Processing /home/florent/Programs/anaconda3/envs/airflow_etl/lib/python3.11/site-packages/airflow/example_dags/example_kubernetes_executor.py took 0.021 seconds
[2025-07-11T11:21:00.019+0200] {processor.py:161} INFO - Started process (PID=56022) to work on /home/florent/Programs/anaconda3/envs/airflow_etl/lib/python3.11/site-packages/airflow/example_dags/example_kubernetes_executor.py
[2025-07-11T11:21:00.022+0200] {processor.py:830} INFO - Processing file /home/florent/Programs/anaconda3/envs/airflow_etl/lib/python3.11/site-packages/airflow/example_dags/example_kubernetes_executor.py for tasks to queue
[2025-07-11T11:21:00.024+0200] {logging_mixin.py:188} INFO - [2025-07-11T11:21:00.023+0200] {dagbag.py:545} INFO - Filling up the DagBag from /home/florent/Programs/anaconda3/envs/airflow_etl/lib/python3.11/site-packages/airflow/example_dags/example_kubernetes_executor.py
[2025-07-11T11:21:00.027+0200] {logging_mixin.py:188} INFO - [2025-07-11T11:21:00.027+0200] {example_kubernetes_executor.py:39} WARNING - The example_kubernetes_executor example DAG requires the kubernetes provider. Please install it with: pip install apache-airflow[cncf.kubernetes]
[2025-07-11T11:21:00.027+0200] {processor.py:842} WARNING - No viable dags retrieved from /home/florent/Programs/anaconda3/envs/airflow_etl/lib/python3.11/site-packages/airflow/example_dags/example_kubernetes_executor.py
[2025-07-11T11:21:00.036+0200] {processor.py:183} INFO - Processing /home/florent/Programs/anaconda3/envs/airflow_etl/lib/python3.11/site-packages/airflow/example_dags/example_kubernetes_executor.py took 0.025 seconds
[2025-07-11T11:22:06.690+0200] {processor.py:161} INFO - Started process (PID=56685) to work on /home/florent/Programs/anaconda3/envs/airflow_etl/lib/python3.11/site-packages/airflow/example_dags/example_kubernetes_executor.py
[2025-07-11T11:22:06.692+0200] {processor.py:830} INFO - Processing file /home/florent/Programs/anaconda3/envs/airflow_etl/lib/python3.11/site-packages/airflow/example_dags/example_kubernetes_executor.py for tasks to queue
[2025-07-11T11:22:06.694+0200] {logging_mixin.py:188} INFO - [2025-07-11T11:22:06.693+0200] {dagbag.py:545} INFO - Filling up the DagBag from /home/florent/Programs/anaconda3/envs/airflow_etl/lib/python3.11/site-packages/airflow/example_dags/example_kubernetes_executor.py
[2025-07-11T11:22:06.696+0200] {logging_mixin.py:188} INFO - [2025-07-11T11:22:06.696+0200] {example_kubernetes_executor.py:39} WARNING - The example_kubernetes_executor example DAG requires the kubernetes provider. Please install it with: pip install apache-airflow[cncf.kubernetes]
[2025-07-11T11:22:06.696+0200] {processor.py:842} WARNING - No viable dags retrieved from /home/florent/Programs/anaconda3/envs/airflow_etl/lib/python3.11/site-packages/airflow/example_dags/example_kubernetes_executor.py
[2025-07-11T11:22:06.702+0200] {processor.py:183} INFO - Processing /home/florent/Programs/anaconda3/envs/airflow_etl/lib/python3.11/site-packages/airflow/example_dags/example_kubernetes_executor.py took 0.019 seconds
[2025-07-11T11:23:13.462+0200] {processor.py:161} INFO - Started process (PID=57351) to work on /home/florent/Programs/anaconda3/envs/airflow_etl/lib/python3.11/site-packages/airflow/example_dags/example_kubernetes_executor.py
[2025-07-11T11:23:13.465+0200] {processor.py:830} INFO - Processing file /home/florent/Programs/anaconda3/envs/airflow_etl/lib/python3.11/site-packages/airflow/example_dags/example_kubernetes_executor.py for tasks to queue
[2025-07-11T11:23:13.466+0200] {logging_mixin.py:188} INFO - [2025-07-11T11:23:13.466+0200] {dagbag.py:545} INFO - Filling up the DagBag from /home/florent/Programs/anaconda3/envs/airflow_etl/lib/python3.11/site-packages/airflow/example_dags/example_kubernetes_executor.py
[2025-07-11T11:23:13.467+0200] {logging_mixin.py:188} INFO - [2025-07-11T11:23:13.467+0200] {example_kubernetes_executor.py:39} WARNING - The example_kubernetes_executor example DAG requires the kubernetes provider. Please install it with: pip install apache-airflow[cncf.kubernetes]
[2025-07-11T11:23:13.468+0200] {processor.py:842} WARNING - No viable dags retrieved from /home/florent/Programs/anaconda3/envs/airflow_etl/lib/python3.11/site-packages/airflow/example_dags/example_kubernetes_executor.py
[2025-07-11T11:23:13.474+0200] {processor.py:183} INFO - Processing /home/florent/Programs/anaconda3/envs/airflow_etl/lib/python3.11/site-packages/airflow/example_dags/example_kubernetes_executor.py took 0.015 seconds
[2025-07-11T11:24:22.643+0200] {processor.py:161} INFO - Started process (PID=58047) to work on /home/florent/Programs/anaconda3/envs/airflow_etl/lib/python3.11/site-packages/airflow/example_dags/example_kubernetes_executor.py
[2025-07-11T11:24:22.645+0200] {processor.py:830} INFO - Processing file /home/florent/Programs/anaconda3/envs/airflow_etl/lib/python3.11/site-packages/airflow/example_dags/example_kubernetes_executor.py for tasks to queue
[2025-07-11T11:24:22.646+0200] {logging_mixin.py:188} INFO - [2025-07-11T11:24:22.646+0200] {dagbag.py:545} INFO - Filling up the DagBag from /home/florent/Programs/anaconda3/envs/airflow_etl/lib/python3.11/site-packages/airflow/example_dags/example_kubernetes_executor.py
[2025-07-11T11:24:22.647+0200] {logging_mixin.py:188} INFO - [2025-07-11T11:24:22.647+0200] {example_kubernetes_executor.py:39} WARNING - The example_kubernetes_executor example DAG requires the kubernetes provider. Please install it with: pip install apache-airflow[cncf.kubernetes]
[2025-07-11T11:24:22.648+0200] {processor.py:842} WARNING - No viable dags retrieved from /home/florent/Programs/anaconda3/envs/airflow_etl/lib/python3.11/site-packages/airflow/example_dags/example_kubernetes_executor.py
[2025-07-11T11:24:22.653+0200] {processor.py:183} INFO - Processing /home/florent/Programs/anaconda3/envs/airflow_etl/lib/python3.11/site-packages/airflow/example_dags/example_kubernetes_executor.py took 0.015 seconds
[2025-07-11T11:25:08.905+0200] {processor.py:161} INFO - Started process (PID=58565) to work on /home/florent/Programs/anaconda3/envs/airflow_etl/lib/python3.11/site-packages/airflow/example_dags/example_kubernetes_executor.py
[2025-07-11T11:25:08.907+0200] {processor.py:830} INFO - Processing file /home/florent/Programs/anaconda3/envs/airflow_etl/lib/python3.11/site-packages/airflow/example_dags/example_kubernetes_executor.py for tasks to queue
[2025-07-11T11:25:08.908+0200] {logging_mixin.py:188} INFO - [2025-07-11T11:25:08.908+0200] {dagbag.py:545} INFO - Filling up the DagBag from /home/florent/Programs/anaconda3/envs/airflow_etl/lib/python3.11/site-packages/airflow/example_dags/example_kubernetes_executor.py
[2025-07-11T11:25:08.911+0200] {logging_mixin.py:188} INFO - [2025-07-11T11:25:08.911+0200] {example_kubernetes_executor.py:39} WARNING - The example_kubernetes_executor example DAG requires the kubernetes provider. Please install it with: pip install apache-airflow[cncf.kubernetes]
[2025-07-11T11:25:08.911+0200] {processor.py:842} WARNING - No viable dags retrieved from /home/florent/Programs/anaconda3/envs/airflow_etl/lib/python3.11/site-packages/airflow/example_dags/example_kubernetes_executor.py
[2025-07-11T11:25:08.921+0200] {processor.py:183} INFO - Processing /home/florent/Programs/anaconda3/envs/airflow_etl/lib/python3.11/site-packages/airflow/example_dags/example_kubernetes_executor.py took 0.021 seconds
[2025-07-11T11:26:16.883+0200] {processor.py:161} INFO - Started process (PID=59314) to work on /home/florent/Programs/anaconda3/envs/airflow_etl/lib/python3.11/site-packages/airflow/example_dags/example_kubernetes_executor.py
[2025-07-11T11:26:16.885+0200] {processor.py:830} INFO - Processing file /home/florent/Programs/anaconda3/envs/airflow_etl/lib/python3.11/site-packages/airflow/example_dags/example_kubernetes_executor.py for tasks to queue
[2025-07-11T11:26:16.887+0200] {logging_mixin.py:188} INFO - [2025-07-11T11:26:16.886+0200] {dagbag.py:545} INFO - Filling up the DagBag from /home/florent/Programs/anaconda3/envs/airflow_etl/lib/python3.11/site-packages/airflow/example_dags/example_kubernetes_executor.py
[2025-07-11T11:26:16.889+0200] {logging_mixin.py:188} INFO - [2025-07-11T11:26:16.889+0200] {example_kubernetes_executor.py:39} WARNING - The example_kubernetes_executor example DAG requires the kubernetes provider. Please install it with: pip install apache-airflow[cncf.kubernetes]
[2025-07-11T11:26:16.889+0200] {processor.py:842} WARNING - No viable dags retrieved from /home/florent/Programs/anaconda3/envs/airflow_etl/lib/python3.11/site-packages/airflow/example_dags/example_kubernetes_executor.py
[2025-07-11T11:26:16.895+0200] {processor.py:183} INFO - Processing /home/florent/Programs/anaconda3/envs/airflow_etl/lib/python3.11/site-packages/airflow/example_dags/example_kubernetes_executor.py took 0.017 seconds
[2025-07-11T11:27:26.926+0200] {processor.py:161} INFO - Started process (PID=60101) to work on /home/florent/Programs/anaconda3/envs/airflow_etl/lib/python3.11/site-packages/airflow/example_dags/example_kubernetes_executor.py
[2025-07-11T11:27:26.928+0200] {processor.py:830} INFO - Processing file /home/florent/Programs/anaconda3/envs/airflow_etl/lib/python3.11/site-packages/airflow/example_dags/example_kubernetes_executor.py for tasks to queue
[2025-07-11T11:27:26.929+0200] {logging_mixin.py:188} INFO - [2025-07-11T11:27:26.929+0200] {dagbag.py:545} INFO - Filling up the DagBag from /home/florent/Programs/anaconda3/envs/airflow_etl/lib/python3.11/site-packages/airflow/example_dags/example_kubernetes_executor.py
[2025-07-11T11:27:26.931+0200] {logging_mixin.py:188} INFO - [2025-07-11T11:27:26.931+0200] {example_kubernetes_executor.py:39} WARNING - The example_kubernetes_executor example DAG requires the kubernetes provider. Please install it with: pip install apache-airflow[cncf.kubernetes]
[2025-07-11T11:27:26.932+0200] {processor.py:842} WARNING - No viable dags retrieved from /home/florent/Programs/anaconda3/envs/airflow_etl/lib/python3.11/site-packages/airflow/example_dags/example_kubernetes_executor.py
[2025-07-11T11:27:26.937+0200] {processor.py:183} INFO - Processing /home/florent/Programs/anaconda3/envs/airflow_etl/lib/python3.11/site-packages/airflow/example_dags/example_kubernetes_executor.py took 0.017 seconds
[2025-07-11T11:28:13.230+0200] {processor.py:161} INFO - Started process (PID=60558) to work on /home/florent/Programs/anaconda3/envs/airflow_etl/lib/python3.11/site-packages/airflow/example_dags/example_kubernetes_executor.py
[2025-07-11T11:28:13.232+0200] {processor.py:830} INFO - Processing file /home/florent/Programs/anaconda3/envs/airflow_etl/lib/python3.11/site-packages/airflow/example_dags/example_kubernetes_executor.py for tasks to queue
[2025-07-11T11:28:13.233+0200] {logging_mixin.py:188} INFO - [2025-07-11T11:28:13.232+0200] {dagbag.py:545} INFO - Filling up the DagBag from /home/florent/Programs/anaconda3/envs/airflow_etl/lib/python3.11/site-packages/airflow/example_dags/example_kubernetes_executor.py
[2025-07-11T11:28:13.235+0200] {logging_mixin.py:188} INFO - [2025-07-11T11:28:13.235+0200] {example_kubernetes_executor.py:39} WARNING - The example_kubernetes_executor example DAG requires the kubernetes provider. Please install it with: pip install apache-airflow[cncf.kubernetes]
[2025-07-11T11:28:13.235+0200] {processor.py:842} WARNING - No viable dags retrieved from /home/florent/Programs/anaconda3/envs/airflow_etl/lib/python3.11/site-packages/airflow/example_dags/example_kubernetes_executor.py
[2025-07-11T11:28:13.244+0200] {processor.py:183} INFO - Processing /home/florent/Programs/anaconda3/envs/airflow_etl/lib/python3.11/site-packages/airflow/example_dags/example_kubernetes_executor.py took 0.020 seconds
[2025-07-11T11:29:17.934+0200] {processor.py:161} INFO - Started process (PID=61275) to work on /home/florent/Programs/anaconda3/envs/airflow_etl/lib/python3.11/site-packages/airflow/example_dags/example_kubernetes_executor.py
[2025-07-11T11:29:17.936+0200] {processor.py:830} INFO - Processing file /home/florent/Programs/anaconda3/envs/airflow_etl/lib/python3.11/site-packages/airflow/example_dags/example_kubernetes_executor.py for tasks to queue
[2025-07-11T11:29:17.938+0200] {logging_mixin.py:188} INFO - [2025-07-11T11:29:17.938+0200] {dagbag.py:545} INFO - Filling up the DagBag from /home/florent/Programs/anaconda3/envs/airflow_etl/lib/python3.11/site-packages/airflow/example_dags/example_kubernetes_executor.py
[2025-07-11T11:29:17.941+0200] {logging_mixin.py:188} INFO - [2025-07-11T11:29:17.941+0200] {example_kubernetes_executor.py:39} WARNING - The example_kubernetes_executor example DAG requires the kubernetes provider. Please install it with: pip install apache-airflow[cncf.kubernetes]
[2025-07-11T11:29:17.941+0200] {processor.py:842} WARNING - No viable dags retrieved from /home/florent/Programs/anaconda3/envs/airflow_etl/lib/python3.11/site-packages/airflow/example_dags/example_kubernetes_executor.py
[2025-07-11T11:29:17.950+0200] {processor.py:183} INFO - Processing /home/florent/Programs/anaconda3/envs/airflow_etl/lib/python3.11/site-packages/airflow/example_dags/example_kubernetes_executor.py took 0.023 seconds
[2025-07-11T11:30:21.093+0200] {processor.py:161} INFO - Started process (PID=61925) to work on /home/florent/Programs/anaconda3/envs/airflow_etl/lib/python3.11/site-packages/airflow/example_dags/example_kubernetes_executor.py
[2025-07-11T11:30:21.094+0200] {processor.py:830} INFO - Processing file /home/florent/Programs/anaconda3/envs/airflow_etl/lib/python3.11/site-packages/airflow/example_dags/example_kubernetes_executor.py for tasks to queue
[2025-07-11T11:30:21.095+0200] {logging_mixin.py:188} INFO - [2025-07-11T11:30:21.095+0200] {dagbag.py:545} INFO - Filling up the DagBag from /home/florent/Programs/anaconda3/envs/airflow_etl/lib/python3.11/site-packages/airflow/example_dags/example_kubernetes_executor.py
[2025-07-11T11:30:21.097+0200] {logging_mixin.py:188} INFO - [2025-07-11T11:30:21.097+0200] {example_kubernetes_executor.py:39} WARNING - The example_kubernetes_executor example DAG requires the kubernetes provider. Please install it with: pip install apache-airflow[cncf.kubernetes]
[2025-07-11T11:30:21.097+0200] {processor.py:842} WARNING - No viable dags retrieved from /home/florent/Programs/anaconda3/envs/airflow_etl/lib/python3.11/site-packages/airflow/example_dags/example_kubernetes_executor.py
[2025-07-11T11:30:21.104+0200] {processor.py:183} INFO - Processing /home/florent/Programs/anaconda3/envs/airflow_etl/lib/python3.11/site-packages/airflow/example_dags/example_kubernetes_executor.py took 0.015 seconds
[2025-07-11T11:31:22.751+0200] {processor.py:161} INFO - Started process (PID=62567) to work on /home/florent/Programs/anaconda3/envs/airflow_etl/lib/python3.11/site-packages/airflow/example_dags/example_kubernetes_executor.py
[2025-07-11T11:31:22.753+0200] {processor.py:830} INFO - Processing file /home/florent/Programs/anaconda3/envs/airflow_etl/lib/python3.11/site-packages/airflow/example_dags/example_kubernetes_executor.py for tasks to queue
[2025-07-11T11:31:22.754+0200] {logging_mixin.py:188} INFO - [2025-07-11T11:31:22.754+0200] {dagbag.py:545} INFO - Filling up the DagBag from /home/florent/Programs/anaconda3/envs/airflow_etl/lib/python3.11/site-packages/airflow/example_dags/example_kubernetes_executor.py
[2025-07-11T11:31:22.756+0200] {logging_mixin.py:188} INFO - [2025-07-11T11:31:22.756+0200] {example_kubernetes_executor.py:39} WARNING - The example_kubernetes_executor example DAG requires the kubernetes provider. Please install it with: pip install apache-airflow[cncf.kubernetes]
[2025-07-11T11:31:22.756+0200] {processor.py:842} WARNING - No viable dags retrieved from /home/florent/Programs/anaconda3/envs/airflow_etl/lib/python3.11/site-packages/airflow/example_dags/example_kubernetes_executor.py
[2025-07-11T11:31:22.762+0200] {processor.py:183} INFO - Processing /home/florent/Programs/anaconda3/envs/airflow_etl/lib/python3.11/site-packages/airflow/example_dags/example_kubernetes_executor.py took 0.014 seconds
[2025-07-11T11:32:28.482+0200] {processor.py:161} INFO - Started process (PID=63336) to work on /home/florent/Programs/anaconda3/envs/airflow_etl/lib/python3.11/site-packages/airflow/example_dags/example_kubernetes_executor.py
[2025-07-11T11:32:28.484+0200] {processor.py:830} INFO - Processing file /home/florent/Programs/anaconda3/envs/airflow_etl/lib/python3.11/site-packages/airflow/example_dags/example_kubernetes_executor.py for tasks to queue
[2025-07-11T11:32:28.486+0200] {logging_mixin.py:188} INFO - [2025-07-11T11:32:28.485+0200] {dagbag.py:545} INFO - Filling up the DagBag from /home/florent/Programs/anaconda3/envs/airflow_etl/lib/python3.11/site-packages/airflow/example_dags/example_kubernetes_executor.py
[2025-07-11T11:32:28.487+0200] {logging_mixin.py:188} INFO - [2025-07-11T11:32:28.487+0200] {example_kubernetes_executor.py:39} WARNING - The example_kubernetes_executor example DAG requires the kubernetes provider. Please install it with: pip install apache-airflow[cncf.kubernetes]
[2025-07-11T11:32:28.487+0200] {processor.py:842} WARNING - No viable dags retrieved from /home/florent/Programs/anaconda3/envs/airflow_etl/lib/python3.11/site-packages/airflow/example_dags/example_kubernetes_executor.py
[2025-07-11T11:32:28.493+0200] {processor.py:183} INFO - Processing /home/florent/Programs/anaconda3/envs/airflow_etl/lib/python3.11/site-packages/airflow/example_dags/example_kubernetes_executor.py took 0.014 seconds
[2025-07-11T11:33:33.088+0200] {processor.py:161} INFO - Started process (PID=64058) to work on /home/florent/Programs/anaconda3/envs/airflow_etl/lib/python3.11/site-packages/airflow/example_dags/example_kubernetes_executor.py
[2025-07-11T11:33:33.091+0200] {processor.py:830} INFO - Processing file /home/florent/Programs/anaconda3/envs/airflow_etl/lib/python3.11/site-packages/airflow/example_dags/example_kubernetes_executor.py for tasks to queue
[2025-07-11T11:33:33.093+0200] {logging_mixin.py:188} INFO - [2025-07-11T11:33:33.093+0200] {dagbag.py:545} INFO - Filling up the DagBag from /home/florent/Programs/anaconda3/envs/airflow_etl/lib/python3.11/site-packages/airflow/example_dags/example_kubernetes_executor.py
[2025-07-11T11:33:33.097+0200] {logging_mixin.py:188} INFO - [2025-07-11T11:33:33.096+0200] {example_kubernetes_executor.py:39} WARNING - The example_kubernetes_executor example DAG requires the kubernetes provider. Please install it with: pip install apache-airflow[cncf.kubernetes]
[2025-07-11T11:33:33.097+0200] {processor.py:842} WARNING - No viable dags retrieved from /home/florent/Programs/anaconda3/envs/airflow_etl/lib/python3.11/site-packages/airflow/example_dags/example_kubernetes_executor.py
[2025-07-11T11:33:33.107+0200] {processor.py:183} INFO - Processing /home/florent/Programs/anaconda3/envs/airflow_etl/lib/python3.11/site-packages/airflow/example_dags/example_kubernetes_executor.py took 0.025 seconds
[2025-07-11T11:34:40.039+0200] {processor.py:161} INFO - Started process (PID=64724) to work on /home/florent/Programs/anaconda3/envs/airflow_etl/lib/python3.11/site-packages/airflow/example_dags/example_kubernetes_executor.py
[2025-07-11T11:34:40.040+0200] {processor.py:830} INFO - Processing file /home/florent/Programs/anaconda3/envs/airflow_etl/lib/python3.11/site-packages/airflow/example_dags/example_kubernetes_executor.py for tasks to queue
[2025-07-11T11:34:40.042+0200] {logging_mixin.py:188} INFO - [2025-07-11T11:34:40.041+0200] {dagbag.py:545} INFO - Filling up the DagBag from /home/florent/Programs/anaconda3/envs/airflow_etl/lib/python3.11/site-packages/airflow/example_dags/example_kubernetes_executor.py
[2025-07-11T11:34:40.045+0200] {logging_mixin.py:188} INFO - [2025-07-11T11:34:40.045+0200] {example_kubernetes_executor.py:39} WARNING - The example_kubernetes_executor example DAG requires the kubernetes provider. Please install it with: pip install apache-airflow[cncf.kubernetes]
[2025-07-11T11:34:40.045+0200] {processor.py:842} WARNING - No viable dags retrieved from /home/florent/Programs/anaconda3/envs/airflow_etl/lib/python3.11/site-packages/airflow/example_dags/example_kubernetes_executor.py
[2025-07-11T11:34:40.058+0200] {processor.py:183} INFO - Processing /home/florent/Programs/anaconda3/envs/airflow_etl/lib/python3.11/site-packages/airflow/example_dags/example_kubernetes_executor.py took 0.026 seconds
[2025-07-11T11:35:43.537+0200] {processor.py:161} INFO - Started process (PID=65375) to work on /home/florent/Programs/anaconda3/envs/airflow_etl/lib/python3.11/site-packages/airflow/example_dags/example_kubernetes_executor.py
[2025-07-11T11:35:43.540+0200] {processor.py:830} INFO - Processing file /home/florent/Programs/anaconda3/envs/airflow_etl/lib/python3.11/site-packages/airflow/example_dags/example_kubernetes_executor.py for tasks to queue
[2025-07-11T11:35:43.542+0200] {logging_mixin.py:188} INFO - [2025-07-11T11:35:43.541+0200] {dagbag.py:545} INFO - Filling up the DagBag from /home/florent/Programs/anaconda3/envs/airflow_etl/lib/python3.11/site-packages/airflow/example_dags/example_kubernetes_executor.py
[2025-07-11T11:35:43.545+0200] {logging_mixin.py:188} INFO - [2025-07-11T11:35:43.545+0200] {example_kubernetes_executor.py:39} WARNING - The example_kubernetes_executor example DAG requires the kubernetes provider. Please install it with: pip install apache-airflow[cncf.kubernetes]
[2025-07-11T11:35:43.545+0200] {processor.py:842} WARNING - No viable dags retrieved from /home/florent/Programs/anaconda3/envs/airflow_etl/lib/python3.11/site-packages/airflow/example_dags/example_kubernetes_executor.py
[2025-07-11T11:35:43.555+0200] {processor.py:183} INFO - Processing /home/florent/Programs/anaconda3/envs/airflow_etl/lib/python3.11/site-packages/airflow/example_dags/example_kubernetes_executor.py took 0.025 seconds
[2025-07-11T11:36:45.392+0200] {processor.py:161} INFO - Started process (PID=66070) to work on /home/florent/Programs/anaconda3/envs/airflow_etl/lib/python3.11/site-packages/airflow/example_dags/example_kubernetes_executor.py
[2025-07-11T11:36:45.394+0200] {processor.py:830} INFO - Processing file /home/florent/Programs/anaconda3/envs/airflow_etl/lib/python3.11/site-packages/airflow/example_dags/example_kubernetes_executor.py for tasks to queue
[2025-07-11T11:36:45.395+0200] {logging_mixin.py:188} INFO - [2025-07-11T11:36:45.395+0200] {dagbag.py:545} INFO - Filling up the DagBag from /home/florent/Programs/anaconda3/envs/airflow_etl/lib/python3.11/site-packages/airflow/example_dags/example_kubernetes_executor.py
[2025-07-11T11:36:45.397+0200] {logging_mixin.py:188} INFO - [2025-07-11T11:36:45.397+0200] {example_kubernetes_executor.py:39} WARNING - The example_kubernetes_executor example DAG requires the kubernetes provider. Please install it with: pip install apache-airflow[cncf.kubernetes]
[2025-07-11T11:36:45.397+0200] {processor.py:842} WARNING - No viable dags retrieved from /home/florent/Programs/anaconda3/envs/airflow_etl/lib/python3.11/site-packages/airflow/example_dags/example_kubernetes_executor.py
[2025-07-11T11:36:45.404+0200] {processor.py:183} INFO - Processing /home/florent/Programs/anaconda3/envs/airflow_etl/lib/python3.11/site-packages/airflow/example_dags/example_kubernetes_executor.py took 0.016 seconds
[2025-07-11T11:37:50.442+0200] {processor.py:161} INFO - Started process (PID=66766) to work on /home/florent/Programs/anaconda3/envs/airflow_etl/lib/python3.11/site-packages/airflow/example_dags/example_kubernetes_executor.py
[2025-07-11T11:37:50.445+0200] {processor.py:830} INFO - Processing file /home/florent/Programs/anaconda3/envs/airflow_etl/lib/python3.11/site-packages/airflow/example_dags/example_kubernetes_executor.py for tasks to queue
[2025-07-11T11:37:50.447+0200] {logging_mixin.py:188} INFO - [2025-07-11T11:37:50.446+0200] {dagbag.py:545} INFO - Filling up the DagBag from /home/florent/Programs/anaconda3/envs/airflow_etl/lib/python3.11/site-packages/airflow/example_dags/example_kubernetes_executor.py
[2025-07-11T11:37:50.450+0200] {logging_mixin.py:188} INFO - [2025-07-11T11:37:50.450+0200] {example_kubernetes_executor.py:39} WARNING - The example_kubernetes_executor example DAG requires the kubernetes provider. Please install it with: pip install apache-airflow[cncf.kubernetes]
[2025-07-11T11:37:50.450+0200] {processor.py:842} WARNING - No viable dags retrieved from /home/florent/Programs/anaconda3/envs/airflow_etl/lib/python3.11/site-packages/airflow/example_dags/example_kubernetes_executor.py
[2025-07-11T11:37:50.458+0200] {processor.py:183} INFO - Processing /home/florent/Programs/anaconda3/envs/airflow_etl/lib/python3.11/site-packages/airflow/example_dags/example_kubernetes_executor.py took 0.023 seconds
[2025-07-11T11:38:57.110+0200] {processor.py:161} INFO - Started process (PID=67426) to work on /home/florent/Programs/anaconda3/envs/airflow_etl/lib/python3.11/site-packages/airflow/example_dags/example_kubernetes_executor.py
[2025-07-11T11:38:57.113+0200] {processor.py:830} INFO - Processing file /home/florent/Programs/anaconda3/envs/airflow_etl/lib/python3.11/site-packages/airflow/example_dags/example_kubernetes_executor.py for tasks to queue
[2025-07-11T11:38:57.114+0200] {logging_mixin.py:188} INFO - [2025-07-11T11:38:57.114+0200] {dagbag.py:545} INFO - Filling up the DagBag from /home/florent/Programs/anaconda3/envs/airflow_etl/lib/python3.11/site-packages/airflow/example_dags/example_kubernetes_executor.py
[2025-07-11T11:38:57.117+0200] {logging_mixin.py:188} INFO - [2025-07-11T11:38:57.117+0200] {example_kubernetes_executor.py:39} WARNING - The example_kubernetes_executor example DAG requires the kubernetes provider. Please install it with: pip install apache-airflow[cncf.kubernetes]
[2025-07-11T11:38:57.117+0200] {processor.py:842} WARNING - No viable dags retrieved from /home/florent/Programs/anaconda3/envs/airflow_etl/lib/python3.11/site-packages/airflow/example_dags/example_kubernetes_executor.py
[2025-07-11T11:38:57.125+0200] {processor.py:183} INFO - Processing /home/florent/Programs/anaconda3/envs/airflow_etl/lib/python3.11/site-packages/airflow/example_dags/example_kubernetes_executor.py took 0.022 seconds
[2025-07-11T11:40:03.923+0200] {processor.py:161} INFO - Started process (PID=68189) to work on /home/florent/Programs/anaconda3/envs/airflow_etl/lib/python3.11/site-packages/airflow/example_dags/example_kubernetes_executor.py
[2025-07-11T11:40:03.925+0200] {processor.py:830} INFO - Processing file /home/florent/Programs/anaconda3/envs/airflow_etl/lib/python3.11/site-packages/airflow/example_dags/example_kubernetes_executor.py for tasks to queue
[2025-07-11T11:40:03.926+0200] {logging_mixin.py:188} INFO - [2025-07-11T11:40:03.926+0200] {dagbag.py:545} INFO - Filling up the DagBag from /home/florent/Programs/anaconda3/envs/airflow_etl/lib/python3.11/site-packages/airflow/example_dags/example_kubernetes_executor.py
[2025-07-11T11:40:03.929+0200] {logging_mixin.py:188} INFO - [2025-07-11T11:40:03.929+0200] {example_kubernetes_executor.py:39} WARNING - The example_kubernetes_executor example DAG requires the kubernetes provider. Please install it with: pip install apache-airflow[cncf.kubernetes]
[2025-07-11T11:40:03.929+0200] {processor.py:842} WARNING - No viable dags retrieved from /home/florent/Programs/anaconda3/envs/airflow_etl/lib/python3.11/site-packages/airflow/example_dags/example_kubernetes_executor.py
[2025-07-11T11:40:03.936+0200] {processor.py:183} INFO - Processing /home/florent/Programs/anaconda3/envs/airflow_etl/lib/python3.11/site-packages/airflow/example_dags/example_kubernetes_executor.py took 0.019 seconds
[2025-07-11T11:41:10.841+0200] {processor.py:161} INFO - Started process (PID=68893) to work on /home/florent/Programs/anaconda3/envs/airflow_etl/lib/python3.11/site-packages/airflow/example_dags/example_kubernetes_executor.py
[2025-07-11T11:41:10.844+0200] {processor.py:830} INFO - Processing file /home/florent/Programs/anaconda3/envs/airflow_etl/lib/python3.11/site-packages/airflow/example_dags/example_kubernetes_executor.py for tasks to queue
[2025-07-11T11:41:10.845+0200] {logging_mixin.py:188} INFO - [2025-07-11T11:41:10.845+0200] {dagbag.py:545} INFO - Filling up the DagBag from /home/florent/Programs/anaconda3/envs/airflow_etl/lib/python3.11/site-packages/airflow/example_dags/example_kubernetes_executor.py
[2025-07-11T11:41:10.848+0200] {logging_mixin.py:188} INFO - [2025-07-11T11:41:10.848+0200] {example_kubernetes_executor.py:39} WARNING - The example_kubernetes_executor example DAG requires the kubernetes provider. Please install it with: pip install apache-airflow[cncf.kubernetes]
[2025-07-11T11:41:10.849+0200] {processor.py:842} WARNING - No viable dags retrieved from /home/florent/Programs/anaconda3/envs/airflow_etl/lib/python3.11/site-packages/airflow/example_dags/example_kubernetes_executor.py
[2025-07-11T11:41:10.856+0200] {processor.py:183} INFO - Processing /home/florent/Programs/anaconda3/envs/airflow_etl/lib/python3.11/site-packages/airflow/example_dags/example_kubernetes_executor.py took 0.022 seconds
[2025-07-11T11:42:14.429+0200] {processor.py:161} INFO - Started process (PID=69689) to work on /home/florent/Programs/anaconda3/envs/airflow_etl/lib/python3.11/site-packages/airflow/example_dags/example_kubernetes_executor.py
[2025-07-11T11:42:14.432+0200] {processor.py:830} INFO - Processing file /home/florent/Programs/anaconda3/envs/airflow_etl/lib/python3.11/site-packages/airflow/example_dags/example_kubernetes_executor.py for tasks to queue
[2025-07-11T11:42:14.433+0200] {logging_mixin.py:188} INFO - [2025-07-11T11:42:14.433+0200] {dagbag.py:545} INFO - Filling up the DagBag from /home/florent/Programs/anaconda3/envs/airflow_etl/lib/python3.11/site-packages/airflow/example_dags/example_kubernetes_executor.py
[2025-07-11T11:42:14.436+0200] {logging_mixin.py:188} INFO - [2025-07-11T11:42:14.436+0200] {example_kubernetes_executor.py:39} WARNING - The example_kubernetes_executor example DAG requires the kubernetes provider. Please install it with: pip install apache-airflow[cncf.kubernetes]
[2025-07-11T11:42:14.436+0200] {processor.py:842} WARNING - No viable dags retrieved from /home/florent/Programs/anaconda3/envs/airflow_etl/lib/python3.11/site-packages/airflow/example_dags/example_kubernetes_executor.py
[2025-07-11T11:42:14.445+0200] {processor.py:183} INFO - Processing /home/florent/Programs/anaconda3/envs/airflow_etl/lib/python3.11/site-packages/airflow/example_dags/example_kubernetes_executor.py took 0.020 seconds
[2025-07-11T11:43:16.857+0200] {processor.py:161} INFO - Started process (PID=70358) to work on /home/florent/Programs/anaconda3/envs/airflow_etl/lib/python3.11/site-packages/airflow/example_dags/example_kubernetes_executor.py
[2025-07-11T11:43:16.859+0200] {processor.py:830} INFO - Processing file /home/florent/Programs/anaconda3/envs/airflow_etl/lib/python3.11/site-packages/airflow/example_dags/example_kubernetes_executor.py for tasks to queue
[2025-07-11T11:43:16.861+0200] {logging_mixin.py:188} INFO - [2025-07-11T11:43:16.861+0200] {dagbag.py:545} INFO - Filling up the DagBag from /home/florent/Programs/anaconda3/envs/airflow_etl/lib/python3.11/site-packages/airflow/example_dags/example_kubernetes_executor.py
[2025-07-11T11:43:16.864+0200] {logging_mixin.py:188} INFO - [2025-07-11T11:43:16.864+0200] {example_kubernetes_executor.py:39} WARNING - The example_kubernetes_executor example DAG requires the kubernetes provider. Please install it with: pip install apache-airflow[cncf.kubernetes]
[2025-07-11T11:43:16.864+0200] {processor.py:842} WARNING - No viable dags retrieved from /home/florent/Programs/anaconda3/envs/airflow_etl/lib/python3.11/site-packages/airflow/example_dags/example_kubernetes_executor.py
[2025-07-11T11:43:16.873+0200] {processor.py:183} INFO - Processing /home/florent/Programs/anaconda3/envs/airflow_etl/lib/python3.11/site-packages/airflow/example_dags/example_kubernetes_executor.py took 0.023 seconds
[2025-07-11T11:44:23.354+0200] {processor.py:161} INFO - Started process (PID=71147) to work on /home/florent/Programs/anaconda3/envs/airflow_etl/lib/python3.11/site-packages/airflow/example_dags/example_kubernetes_executor.py
[2025-07-11T11:44:23.357+0200] {processor.py:830} INFO - Processing file /home/florent/Programs/anaconda3/envs/airflow_etl/lib/python3.11/site-packages/airflow/example_dags/example_kubernetes_executor.py for tasks to queue
[2025-07-11T11:44:23.358+0200] {logging_mixin.py:188} INFO - [2025-07-11T11:44:23.358+0200] {dagbag.py:545} INFO - Filling up the DagBag from /home/florent/Programs/anaconda3/envs/airflow_etl/lib/python3.11/site-packages/airflow/example_dags/example_kubernetes_executor.py
[2025-07-11T11:44:23.361+0200] {logging_mixin.py:188} INFO - [2025-07-11T11:44:23.361+0200] {example_kubernetes_executor.py:39} WARNING - The example_kubernetes_executor example DAG requires the kubernetes provider. Please install it with: pip install apache-airflow[cncf.kubernetes]
[2025-07-11T11:44:23.361+0200] {processor.py:842} WARNING - No viable dags retrieved from /home/florent/Programs/anaconda3/envs/airflow_etl/lib/python3.11/site-packages/airflow/example_dags/example_kubernetes_executor.py
[2025-07-11T11:44:23.371+0200] {processor.py:183} INFO - Processing /home/florent/Programs/anaconda3/envs/airflow_etl/lib/python3.11/site-packages/airflow/example_dags/example_kubernetes_executor.py took 0.023 seconds
[2025-07-11T11:45:09.722+0200] {processor.py:161} INFO - Started process (PID=71727) to work on /home/florent/Programs/anaconda3/envs/airflow_etl/lib/python3.11/site-packages/airflow/example_dags/example_kubernetes_executor.py
[2025-07-11T11:45:09.725+0200] {processor.py:830} INFO - Processing file /home/florent/Programs/anaconda3/envs/airflow_etl/lib/python3.11/site-packages/airflow/example_dags/example_kubernetes_executor.py for tasks to queue
[2025-07-11T11:45:09.727+0200] {logging_mixin.py:188} INFO - [2025-07-11T11:45:09.727+0200] {dagbag.py:545} INFO - Filling up the DagBag from /home/florent/Programs/anaconda3/envs/airflow_etl/lib/python3.11/site-packages/airflow/example_dags/example_kubernetes_executor.py
[2025-07-11T11:45:09.730+0200] {logging_mixin.py:188} INFO - [2025-07-11T11:45:09.730+0200] {example_kubernetes_executor.py:39} WARNING - The example_kubernetes_executor example DAG requires the kubernetes provider. Please install it with: pip install apache-airflow[cncf.kubernetes]
[2025-07-11T11:45:09.731+0200] {processor.py:842} WARNING - No viable dags retrieved from /home/florent/Programs/anaconda3/envs/airflow_etl/lib/python3.11/site-packages/airflow/example_dags/example_kubernetes_executor.py
[2025-07-11T11:45:09.738+0200] {processor.py:183} INFO - Processing /home/florent/Programs/anaconda3/envs/airflow_etl/lib/python3.11/site-packages/airflow/example_dags/example_kubernetes_executor.py took 0.022 seconds
[2025-07-11T11:46:14.926+0200] {processor.py:161} INFO - Started process (PID=72478) to work on /home/florent/Programs/anaconda3/envs/airflow_etl/lib/python3.11/site-packages/airflow/example_dags/example_kubernetes_executor.py
[2025-07-11T11:46:14.929+0200] {processor.py:830} INFO - Processing file /home/florent/Programs/anaconda3/envs/airflow_etl/lib/python3.11/site-packages/airflow/example_dags/example_kubernetes_executor.py for tasks to queue
[2025-07-11T11:46:14.931+0200] {logging_mixin.py:188} INFO - [2025-07-11T11:46:14.930+0200] {dagbag.py:545} INFO - Filling up the DagBag from /home/florent/Programs/anaconda3/envs/airflow_etl/lib/python3.11/site-packages/airflow/example_dags/example_kubernetes_executor.py
[2025-07-11T11:46:14.933+0200] {logging_mixin.py:188} INFO - [2025-07-11T11:46:14.933+0200] {example_kubernetes_executor.py:39} WARNING - The example_kubernetes_executor example DAG requires the kubernetes provider. Please install it with: pip install apache-airflow[cncf.kubernetes]
[2025-07-11T11:46:14.934+0200] {processor.py:842} WARNING - No viable dags retrieved from /home/florent/Programs/anaconda3/envs/airflow_etl/lib/python3.11/site-packages/airflow/example_dags/example_kubernetes_executor.py
[2025-07-11T11:46:14.941+0200] {processor.py:183} INFO - Processing /home/florent/Programs/anaconda3/envs/airflow_etl/lib/python3.11/site-packages/airflow/example_dags/example_kubernetes_executor.py took 0.021 seconds
[2025-07-11T11:47:16.635+0200] {processor.py:161} INFO - Started process (PID=73094) to work on /home/florent/Programs/anaconda3/envs/airflow_etl/lib/python3.11/site-packages/airflow/example_dags/example_kubernetes_executor.py
[2025-07-11T11:47:16.637+0200] {processor.py:830} INFO - Processing file /home/florent/Programs/anaconda3/envs/airflow_etl/lib/python3.11/site-packages/airflow/example_dags/example_kubernetes_executor.py for tasks to queue
[2025-07-11T11:47:16.639+0200] {logging_mixin.py:188} INFO - [2025-07-11T11:47:16.639+0200] {dagbag.py:545} INFO - Filling up the DagBag from /home/florent/Programs/anaconda3/envs/airflow_etl/lib/python3.11/site-packages/airflow/example_dags/example_kubernetes_executor.py
[2025-07-11T11:47:16.642+0200] {logging_mixin.py:188} INFO - [2025-07-11T11:47:16.642+0200] {example_kubernetes_executor.py:39} WARNING - The example_kubernetes_executor example DAG requires the kubernetes provider. Please install it with: pip install apache-airflow[cncf.kubernetes]
[2025-07-11T11:47:16.642+0200] {processor.py:842} WARNING - No viable dags retrieved from /home/florent/Programs/anaconda3/envs/airflow_etl/lib/python3.11/site-packages/airflow/example_dags/example_kubernetes_executor.py
[2025-07-11T11:47:16.654+0200] {processor.py:183} INFO - Processing /home/florent/Programs/anaconda3/envs/airflow_etl/lib/python3.11/site-packages/airflow/example_dags/example_kubernetes_executor.py took 0.025 seconds
[2025-07-11T11:48:19.632+0200] {processor.py:161} INFO - Started process (PID=73783) to work on /home/florent/Programs/anaconda3/envs/airflow_etl/lib/python3.11/site-packages/airflow/example_dags/example_kubernetes_executor.py
[2025-07-11T11:48:19.635+0200] {processor.py:830} INFO - Processing file /home/florent/Programs/anaconda3/envs/airflow_etl/lib/python3.11/site-packages/airflow/example_dags/example_kubernetes_executor.py for tasks to queue
[2025-07-11T11:48:19.636+0200] {logging_mixin.py:188} INFO - [2025-07-11T11:48:19.636+0200] {dagbag.py:545} INFO - Filling up the DagBag from /home/florent/Programs/anaconda3/envs/airflow_etl/lib/python3.11/site-packages/airflow/example_dags/example_kubernetes_executor.py
[2025-07-11T11:48:19.639+0200] {logging_mixin.py:188} INFO - [2025-07-11T11:48:19.639+0200] {example_kubernetes_executor.py:39} WARNING - The example_kubernetes_executor example DAG requires the kubernetes provider. Please install it with: pip install apache-airflow[cncf.kubernetes]
[2025-07-11T11:48:19.640+0200] {processor.py:842} WARNING - No viable dags retrieved from /home/florent/Programs/anaconda3/envs/airflow_etl/lib/python3.11/site-packages/airflow/example_dags/example_kubernetes_executor.py
[2025-07-11T11:48:19.649+0200] {processor.py:183} INFO - Processing /home/florent/Programs/anaconda3/envs/airflow_etl/lib/python3.11/site-packages/airflow/example_dags/example_kubernetes_executor.py took 0.022 seconds
[2025-07-11T11:49:23.390+0200] {processor.py:161} INFO - Started process (PID=74403) to work on /home/florent/Programs/anaconda3/envs/airflow_etl/lib/python3.11/site-packages/airflow/example_dags/example_kubernetes_executor.py
[2025-07-11T11:49:23.393+0200] {processor.py:830} INFO - Processing file /home/florent/Programs/anaconda3/envs/airflow_etl/lib/python3.11/site-packages/airflow/example_dags/example_kubernetes_executor.py for tasks to queue
[2025-07-11T11:49:23.395+0200] {logging_mixin.py:188} INFO - [2025-07-11T11:49:23.395+0200] {dagbag.py:545} INFO - Filling up the DagBag from /home/florent/Programs/anaconda3/envs/airflow_etl/lib/python3.11/site-packages/airflow/example_dags/example_kubernetes_executor.py
[2025-07-11T11:49:23.398+0200] {logging_mixin.py:188} INFO - [2025-07-11T11:49:23.398+0200] {example_kubernetes_executor.py:39} WARNING - The example_kubernetes_executor example DAG requires the kubernetes provider. Please install it with: pip install apache-airflow[cncf.kubernetes]
[2025-07-11T11:49:23.399+0200] {processor.py:842} WARNING - No viable dags retrieved from /home/florent/Programs/anaconda3/envs/airflow_etl/lib/python3.11/site-packages/airflow/example_dags/example_kubernetes_executor.py
[2025-07-11T11:49:23.406+0200] {processor.py:183} INFO - Processing /home/florent/Programs/anaconda3/envs/airflow_etl/lib/python3.11/site-packages/airflow/example_dags/example_kubernetes_executor.py took 0.023 seconds
[2025-07-11T11:50:31.499+0200] {processor.py:161} INFO - Started process (PID=75117) to work on /home/florent/Programs/anaconda3/envs/airflow_etl/lib/python3.11/site-packages/airflow/example_dags/example_kubernetes_executor.py
[2025-07-11T11:50:31.502+0200] {processor.py:830} INFO - Processing file /home/florent/Programs/anaconda3/envs/airflow_etl/lib/python3.11/site-packages/airflow/example_dags/example_kubernetes_executor.py for tasks to queue
[2025-07-11T11:50:31.504+0200] {logging_mixin.py:188} INFO - [2025-07-11T11:50:31.503+0200] {dagbag.py:545} INFO - Filling up the DagBag from /home/florent/Programs/anaconda3/envs/airflow_etl/lib/python3.11/site-packages/airflow/example_dags/example_kubernetes_executor.py
[2025-07-11T11:50:31.507+0200] {logging_mixin.py:188} INFO - [2025-07-11T11:50:31.507+0200] {example_kubernetes_executor.py:39} WARNING - The example_kubernetes_executor example DAG requires the kubernetes provider. Please install it with: pip install apache-airflow[cncf.kubernetes]
[2025-07-11T11:50:31.507+0200] {processor.py:842} WARNING - No viable dags retrieved from /home/florent/Programs/anaconda3/envs/airflow_etl/lib/python3.11/site-packages/airflow/example_dags/example_kubernetes_executor.py
[2025-07-11T11:50:31.518+0200] {processor.py:183} INFO - Processing /home/florent/Programs/anaconda3/envs/airflow_etl/lib/python3.11/site-packages/airflow/example_dags/example_kubernetes_executor.py took 0.024 seconds
[2025-07-11T11:51:38.909+0200] {processor.py:161} INFO - Started process (PID=75769) to work on /home/florent/Programs/anaconda3/envs/airflow_etl/lib/python3.11/site-packages/airflow/example_dags/example_kubernetes_executor.py
[2025-07-11T11:51:38.910+0200] {processor.py:830} INFO - Processing file /home/florent/Programs/anaconda3/envs/airflow_etl/lib/python3.11/site-packages/airflow/example_dags/example_kubernetes_executor.py for tasks to queue
[2025-07-11T11:51:38.911+0200] {logging_mixin.py:188} INFO - [2025-07-11T11:51:38.911+0200] {dagbag.py:545} INFO - Filling up the DagBag from /home/florent/Programs/anaconda3/envs/airflow_etl/lib/python3.11/site-packages/airflow/example_dags/example_kubernetes_executor.py
[2025-07-11T11:51:38.913+0200] {logging_mixin.py:188} INFO - [2025-07-11T11:51:38.913+0200] {example_kubernetes_executor.py:39} WARNING - The example_kubernetes_executor example DAG requires the kubernetes provider. Please install it with: pip install apache-airflow[cncf.kubernetes]
[2025-07-11T11:51:38.914+0200] {processor.py:842} WARNING - No viable dags retrieved from /home/florent/Programs/anaconda3/envs/airflow_etl/lib/python3.11/site-packages/airflow/example_dags/example_kubernetes_executor.py
[2025-07-11T11:51:38.922+0200] {processor.py:183} INFO - Processing /home/florent/Programs/anaconda3/envs/airflow_etl/lib/python3.11/site-packages/airflow/example_dags/example_kubernetes_executor.py took 0.017 seconds
[2025-07-11T11:52:43.683+0200] {processor.py:161} INFO - Started process (PID=76435) to work on /home/florent/Programs/anaconda3/envs/airflow_etl/lib/python3.11/site-packages/airflow/example_dags/example_kubernetes_executor.py
[2025-07-11T11:52:43.686+0200] {processor.py:830} INFO - Processing file /home/florent/Programs/anaconda3/envs/airflow_etl/lib/python3.11/site-packages/airflow/example_dags/example_kubernetes_executor.py for tasks to queue
[2025-07-11T11:52:43.688+0200] {logging_mixin.py:188} INFO - [2025-07-11T11:52:43.688+0200] {dagbag.py:545} INFO - Filling up the DagBag from /home/florent/Programs/anaconda3/envs/airflow_etl/lib/python3.11/site-packages/airflow/example_dags/example_kubernetes_executor.py
[2025-07-11T11:52:43.692+0200] {logging_mixin.py:188} INFO - [2025-07-11T11:52:43.692+0200] {example_kubernetes_executor.py:39} WARNING - The example_kubernetes_executor example DAG requires the kubernetes provider. Please install it with: pip install apache-airflow[cncf.kubernetes]
[2025-07-11T11:52:43.692+0200] {processor.py:842} WARNING - No viable dags retrieved from /home/florent/Programs/anaconda3/envs/airflow_etl/lib/python3.11/site-packages/airflow/example_dags/example_kubernetes_executor.py
[2025-07-11T11:52:43.703+0200] {processor.py:183} INFO - Processing /home/florent/Programs/anaconda3/envs/airflow_etl/lib/python3.11/site-packages/airflow/example_dags/example_kubernetes_executor.py took 0.026 seconds
[2025-07-11T11:53:46.253+0200] {processor.py:161} INFO - Started process (PID=77063) to work on /home/florent/Programs/anaconda3/envs/airflow_etl/lib/python3.11/site-packages/airflow/example_dags/example_kubernetes_executor.py
[2025-07-11T11:53:46.256+0200] {processor.py:830} INFO - Processing file /home/florent/Programs/anaconda3/envs/airflow_etl/lib/python3.11/site-packages/airflow/example_dags/example_kubernetes_executor.py for tasks to queue
[2025-07-11T11:53:46.257+0200] {logging_mixin.py:188} INFO - [2025-07-11T11:53:46.257+0200] {dagbag.py:545} INFO - Filling up the DagBag from /home/florent/Programs/anaconda3/envs/airflow_etl/lib/python3.11/site-packages/airflow/example_dags/example_kubernetes_executor.py
[2025-07-11T11:53:46.260+0200] {logging_mixin.py:188} INFO - [2025-07-11T11:53:46.260+0200] {example_kubernetes_executor.py:39} WARNING - The example_kubernetes_executor example DAG requires the kubernetes provider. Please install it with: pip install apache-airflow[cncf.kubernetes]
[2025-07-11T11:53:46.260+0200] {processor.py:842} WARNING - No viable dags retrieved from /home/florent/Programs/anaconda3/envs/airflow_etl/lib/python3.11/site-packages/airflow/example_dags/example_kubernetes_executor.py
[2025-07-11T11:53:46.267+0200] {processor.py:183} INFO - Processing /home/florent/Programs/anaconda3/envs/airflow_etl/lib/python3.11/site-packages/airflow/example_dags/example_kubernetes_executor.py took 0.019 seconds
[2025-07-11T11:54:32.559+0200] {processor.py:161} INFO - Started process (PID=77505) to work on /home/florent/Programs/anaconda3/envs/airflow_etl/lib/python3.11/site-packages/airflow/example_dags/example_kubernetes_executor.py
[2025-07-11T11:54:32.561+0200] {processor.py:830} INFO - Processing file /home/florent/Programs/anaconda3/envs/airflow_etl/lib/python3.11/site-packages/airflow/example_dags/example_kubernetes_executor.py for tasks to queue
[2025-07-11T11:54:32.562+0200] {logging_mixin.py:188} INFO - [2025-07-11T11:54:32.562+0200] {dagbag.py:545} INFO - Filling up the DagBag from /home/florent/Programs/anaconda3/envs/airflow_etl/lib/python3.11/site-packages/airflow/example_dags/example_kubernetes_executor.py
[2025-07-11T11:54:32.565+0200] {logging_mixin.py:188} INFO - [2025-07-11T11:54:32.564+0200] {example_kubernetes_executor.py:39} WARNING - The example_kubernetes_executor example DAG requires the kubernetes provider. Please install it with: pip install apache-airflow[cncf.kubernetes]
[2025-07-11T11:54:32.565+0200] {processor.py:842} WARNING - No viable dags retrieved from /home/florent/Programs/anaconda3/envs/airflow_etl/lib/python3.11/site-packages/airflow/example_dags/example_kubernetes_executor.py
[2025-07-11T11:54:32.572+0200] {processor.py:183} INFO - Processing /home/florent/Programs/anaconda3/envs/airflow_etl/lib/python3.11/site-packages/airflow/example_dags/example_kubernetes_executor.py took 0.019 seconds
[2025-07-11T11:55:18.837+0200] {processor.py:161} INFO - Started process (PID=77996) to work on /home/florent/Programs/anaconda3/envs/airflow_etl/lib/python3.11/site-packages/airflow/example_dags/example_kubernetes_executor.py
[2025-07-11T11:55:18.838+0200] {processor.py:830} INFO - Processing file /home/florent/Programs/anaconda3/envs/airflow_etl/lib/python3.11/site-packages/airflow/example_dags/example_kubernetes_executor.py for tasks to queue
[2025-07-11T11:55:18.840+0200] {logging_mixin.py:188} INFO - [2025-07-11T11:55:18.839+0200] {dagbag.py:545} INFO - Filling up the DagBag from /home/florent/Programs/anaconda3/envs/airflow_etl/lib/python3.11/site-packages/airflow/example_dags/example_kubernetes_executor.py
[2025-07-11T11:55:18.842+0200] {logging_mixin.py:188} INFO - [2025-07-11T11:55:18.842+0200] {example_kubernetes_executor.py:39} WARNING - The example_kubernetes_executor example DAG requires the kubernetes provider. Please install it with: pip install apache-airflow[cncf.kubernetes]
[2025-07-11T11:55:18.842+0200] {processor.py:842} WARNING - No viable dags retrieved from /home/florent/Programs/anaconda3/envs/airflow_etl/lib/python3.11/site-packages/airflow/example_dags/example_kubernetes_executor.py
[2025-07-11T11:55:18.850+0200] {processor.py:183} INFO - Processing /home/florent/Programs/anaconda3/envs/airflow_etl/lib/python3.11/site-packages/airflow/example_dags/example_kubernetes_executor.py took 0.020 seconds
[2025-07-11T11:56:20.451+0200] {processor.py:161} INFO - Started process (PID=78662) to work on /home/florent/Programs/anaconda3/envs/airflow_etl/lib/python3.11/site-packages/airflow/example_dags/example_kubernetes_executor.py
[2025-07-11T11:56:20.454+0200] {processor.py:830} INFO - Processing file /home/florent/Programs/anaconda3/envs/airflow_etl/lib/python3.11/site-packages/airflow/example_dags/example_kubernetes_executor.py for tasks to queue
[2025-07-11T11:56:20.456+0200] {logging_mixin.py:188} INFO - [2025-07-11T11:56:20.455+0200] {dagbag.py:545} INFO - Filling up the DagBag from /home/florent/Programs/anaconda3/envs/airflow_etl/lib/python3.11/site-packages/airflow/example_dags/example_kubernetes_executor.py
[2025-07-11T11:56:20.459+0200] {logging_mixin.py:188} INFO - [2025-07-11T11:56:20.458+0200] {example_kubernetes_executor.py:39} WARNING - The example_kubernetes_executor example DAG requires the kubernetes provider. Please install it with: pip install apache-airflow[cncf.kubernetes]
[2025-07-11T11:56:20.459+0200] {processor.py:842} WARNING - No viable dags retrieved from /home/florent/Programs/anaconda3/envs/airflow_etl/lib/python3.11/site-packages/airflow/example_dags/example_kubernetes_executor.py
[2025-07-11T11:56:20.468+0200] {processor.py:183} INFO - Processing /home/florent/Programs/anaconda3/envs/airflow_etl/lib/python3.11/site-packages/airflow/example_dags/example_kubernetes_executor.py took 0.023 seconds
[2025-07-11T11:57:23.994+0200] {processor.py:161} INFO - Started process (PID=79296) to work on /home/florent/Programs/anaconda3/envs/airflow_etl/lib/python3.11/site-packages/airflow/example_dags/example_kubernetes_executor.py
[2025-07-11T11:57:23.997+0200] {processor.py:830} INFO - Processing file /home/florent/Programs/anaconda3/envs/airflow_etl/lib/python3.11/site-packages/airflow/example_dags/example_kubernetes_executor.py for tasks to queue
[2025-07-11T11:57:23.999+0200] {logging_mixin.py:188} INFO - [2025-07-11T11:57:23.998+0200] {dagbag.py:545} INFO - Filling up the DagBag from /home/florent/Programs/anaconda3/envs/airflow_etl/lib/python3.11/site-packages/airflow/example_dags/example_kubernetes_executor.py
[2025-07-11T11:57:24.002+0200] {logging_mixin.py:188} INFO - [2025-07-11T11:57:24.002+0200] {example_kubernetes_executor.py:39} WARNING - The example_kubernetes_executor example DAG requires the kubernetes provider. Please install it with: pip install apache-airflow[cncf.kubernetes]
[2025-07-11T11:57:24.003+0200] {processor.py:842} WARNING - No viable dags retrieved from /home/florent/Programs/anaconda3/envs/airflow_etl/lib/python3.11/site-packages/airflow/example_dags/example_kubernetes_executor.py
[2025-07-11T11:57:24.015+0200] {processor.py:183} INFO - Processing /home/florent/Programs/anaconda3/envs/airflow_etl/lib/python3.11/site-packages/airflow/example_dags/example_kubernetes_executor.py took 0.027 seconds
[2025-07-11T11:58:30.394+0200] {processor.py:161} INFO - Started process (PID=79967) to work on /home/florent/Programs/anaconda3/envs/airflow_etl/lib/python3.11/site-packages/airflow/example_dags/example_kubernetes_executor.py
[2025-07-11T11:58:30.396+0200] {processor.py:830} INFO - Processing file /home/florent/Programs/anaconda3/envs/airflow_etl/lib/python3.11/site-packages/airflow/example_dags/example_kubernetes_executor.py for tasks to queue
[2025-07-11T11:58:30.398+0200] {logging_mixin.py:188} INFO - [2025-07-11T11:58:30.398+0200] {dagbag.py:545} INFO - Filling up the DagBag from /home/florent/Programs/anaconda3/envs/airflow_etl/lib/python3.11/site-packages/airflow/example_dags/example_kubernetes_executor.py
[2025-07-11T11:58:30.401+0200] {logging_mixin.py:188} INFO - [2025-07-11T11:58:30.400+0200] {example_kubernetes_executor.py:39} WARNING - The example_kubernetes_executor example DAG requires the kubernetes provider. Please install it with: pip install apache-airflow[cncf.kubernetes]
[2025-07-11T11:58:30.401+0200] {processor.py:842} WARNING - No viable dags retrieved from /home/florent/Programs/anaconda3/envs/airflow_etl/lib/python3.11/site-packages/airflow/example_dags/example_kubernetes_executor.py
[2025-07-11T11:58:30.410+0200] {processor.py:183} INFO - Processing /home/florent/Programs/anaconda3/envs/airflow_etl/lib/python3.11/site-packages/airflow/example_dags/example_kubernetes_executor.py took 0.021 seconds
[2025-07-11T11:59:36.895+0200] {processor.py:161} INFO - Started process (PID=80615) to work on /home/florent/Programs/anaconda3/envs/airflow_etl/lib/python3.11/site-packages/airflow/example_dags/example_kubernetes_executor.py
[2025-07-11T11:59:36.898+0200] {processor.py:830} INFO - Processing file /home/florent/Programs/anaconda3/envs/airflow_etl/lib/python3.11/site-packages/airflow/example_dags/example_kubernetes_executor.py for tasks to queue
[2025-07-11T11:59:36.899+0200] {logging_mixin.py:188} INFO - [2025-07-11T11:59:36.899+0200] {dagbag.py:545} INFO - Filling up the DagBag from /home/florent/Programs/anaconda3/envs/airflow_etl/lib/python3.11/site-packages/airflow/example_dags/example_kubernetes_executor.py
[2025-07-11T11:59:36.902+0200] {logging_mixin.py:188} INFO - [2025-07-11T11:59:36.902+0200] {example_kubernetes_executor.py:39} WARNING - The example_kubernetes_executor example DAG requires the kubernetes provider. Please install it with: pip install apache-airflow[cncf.kubernetes]
[2025-07-11T11:59:36.902+0200] {processor.py:842} WARNING - No viable dags retrieved from /home/florent/Programs/anaconda3/envs/airflow_etl/lib/python3.11/site-packages/airflow/example_dags/example_kubernetes_executor.py
[2025-07-11T11:59:36.910+0200] {processor.py:183} INFO - Processing /home/florent/Programs/anaconda3/envs/airflow_etl/lib/python3.11/site-packages/airflow/example_dags/example_kubernetes_executor.py took 0.021 seconds
[2025-07-11T12:00:46.770+0200] {processor.py:161} INFO - Started process (PID=81338) to work on /home/florent/Programs/anaconda3/envs/airflow_etl/lib/python3.11/site-packages/airflow/example_dags/example_kubernetes_executor.py
[2025-07-11T12:00:46.773+0200] {processor.py:830} INFO - Processing file /home/florent/Programs/anaconda3/envs/airflow_etl/lib/python3.11/site-packages/airflow/example_dags/example_kubernetes_executor.py for tasks to queue
[2025-07-11T12:00:46.775+0200] {logging_mixin.py:188} INFO - [2025-07-11T12:00:46.775+0200] {dagbag.py:545} INFO - Filling up the DagBag from /home/florent/Programs/anaconda3/envs/airflow_etl/lib/python3.11/site-packages/airflow/example_dags/example_kubernetes_executor.py
[2025-07-11T12:00:46.778+0200] {logging_mixin.py:188} INFO - [2025-07-11T12:00:46.777+0200] {example_kubernetes_executor.py:39} WARNING - The example_kubernetes_executor example DAG requires the kubernetes provider. Please install it with: pip install apache-airflow[cncf.kubernetes]
[2025-07-11T12:00:46.778+0200] {processor.py:842} WARNING - No viable dags retrieved from /home/florent/Programs/anaconda3/envs/airflow_etl/lib/python3.11/site-packages/airflow/example_dags/example_kubernetes_executor.py
[2025-07-11T12:00:46.786+0200] {processor.py:183} INFO - Processing /home/florent/Programs/anaconda3/envs/airflow_etl/lib/python3.11/site-packages/airflow/example_dags/example_kubernetes_executor.py took 0.022 seconds
[2025-07-11T12:01:51.471+0200] {processor.py:161} INFO - Started process (PID=81986) to work on /home/florent/Programs/anaconda3/envs/airflow_etl/lib/python3.11/site-packages/airflow/example_dags/example_kubernetes_executor.py
[2025-07-11T12:01:51.474+0200] {processor.py:830} INFO - Processing file /home/florent/Programs/anaconda3/envs/airflow_etl/lib/python3.11/site-packages/airflow/example_dags/example_kubernetes_executor.py for tasks to queue
[2025-07-11T12:01:51.476+0200] {logging_mixin.py:188} INFO - [2025-07-11T12:01:51.475+0200] {dagbag.py:545} INFO - Filling up the DagBag from /home/florent/Programs/anaconda3/envs/airflow_etl/lib/python3.11/site-packages/airflow/example_dags/example_kubernetes_executor.py
[2025-07-11T12:01:51.479+0200] {logging_mixin.py:188} INFO - [2025-07-11T12:01:51.479+0200] {example_kubernetes_executor.py:39} WARNING - The example_kubernetes_executor example DAG requires the kubernetes provider. Please install it with: pip install apache-airflow[cncf.kubernetes]
[2025-07-11T12:01:51.479+0200] {processor.py:842} WARNING - No viable dags retrieved from /home/florent/Programs/anaconda3/envs/airflow_etl/lib/python3.11/site-packages/airflow/example_dags/example_kubernetes_executor.py
[2025-07-11T12:01:51.490+0200] {processor.py:183} INFO - Processing /home/florent/Programs/anaconda3/envs/airflow_etl/lib/python3.11/site-packages/airflow/example_dags/example_kubernetes_executor.py took 0.024 seconds
[2025-07-11T12:02:52.572+0200] {processor.py:161} INFO - Started process (PID=82592) to work on /home/florent/Programs/anaconda3/envs/airflow_etl/lib/python3.11/site-packages/airflow/example_dags/example_kubernetes_executor.py
[2025-07-11T12:02:52.574+0200] {processor.py:830} INFO - Processing file /home/florent/Programs/anaconda3/envs/airflow_etl/lib/python3.11/site-packages/airflow/example_dags/example_kubernetes_executor.py for tasks to queue
[2025-07-11T12:02:52.576+0200] {logging_mixin.py:188} INFO - [2025-07-11T12:02:52.575+0200] {dagbag.py:545} INFO - Filling up the DagBag from /home/florent/Programs/anaconda3/envs/airflow_etl/lib/python3.11/site-packages/airflow/example_dags/example_kubernetes_executor.py
[2025-07-11T12:02:52.578+0200] {logging_mixin.py:188} INFO - [2025-07-11T12:02:52.578+0200] {example_kubernetes_executor.py:39} WARNING - The example_kubernetes_executor example DAG requires the kubernetes provider. Please install it with: pip install apache-airflow[cncf.kubernetes]
[2025-07-11T12:02:52.578+0200] {processor.py:842} WARNING - No viable dags retrieved from /home/florent/Programs/anaconda3/envs/airflow_etl/lib/python3.11/site-packages/airflow/example_dags/example_kubernetes_executor.py
[2025-07-11T12:02:52.586+0200] {processor.py:183} INFO - Processing /home/florent/Programs/anaconda3/envs/airflow_etl/lib/python3.11/site-packages/airflow/example_dags/example_kubernetes_executor.py took 0.020 seconds
[2025-07-11T12:03:40.803+0200] {processor.py:161} INFO - Started process (PID=83090) to work on /home/florent/Programs/anaconda3/envs/airflow_etl/lib/python3.11/site-packages/airflow/example_dags/example_kubernetes_executor.py
[2025-07-11T12:03:40.806+0200] {processor.py:830} INFO - Processing file /home/florent/Programs/anaconda3/envs/airflow_etl/lib/python3.11/site-packages/airflow/example_dags/example_kubernetes_executor.py for tasks to queue
[2025-07-11T12:03:40.808+0200] {logging_mixin.py:188} INFO - [2025-07-11T12:03:40.807+0200] {dagbag.py:545} INFO - Filling up the DagBag from /home/florent/Programs/anaconda3/envs/airflow_etl/lib/python3.11/site-packages/airflow/example_dags/example_kubernetes_executor.py
[2025-07-11T12:03:40.811+0200] {logging_mixin.py:188} INFO - [2025-07-11T12:03:40.811+0200] {example_kubernetes_executor.py:39} WARNING - The example_kubernetes_executor example DAG requires the kubernetes provider. Please install it with: pip install apache-airflow[cncf.kubernetes]
[2025-07-11T12:03:40.811+0200] {processor.py:842} WARNING - No viable dags retrieved from /home/florent/Programs/anaconda3/envs/airflow_etl/lib/python3.11/site-packages/airflow/example_dags/example_kubernetes_executor.py
[2025-07-11T12:03:40.819+0200] {processor.py:183} INFO - Processing /home/florent/Programs/anaconda3/envs/airflow_etl/lib/python3.11/site-packages/airflow/example_dags/example_kubernetes_executor.py took 0.021 seconds
[2025-07-11T12:04:43.358+0200] {processor.py:161} INFO - Started process (PID=83698) to work on /home/florent/Programs/anaconda3/envs/airflow_etl/lib/python3.11/site-packages/airflow/example_dags/example_kubernetes_executor.py
[2025-07-11T12:04:43.361+0200] {processor.py:830} INFO - Processing file /home/florent/Programs/anaconda3/envs/airflow_etl/lib/python3.11/site-packages/airflow/example_dags/example_kubernetes_executor.py for tasks to queue
[2025-07-11T12:04:43.363+0200] {logging_mixin.py:188} INFO - [2025-07-11T12:04:43.363+0200] {dagbag.py:545} INFO - Filling up the DagBag from /home/florent/Programs/anaconda3/envs/airflow_etl/lib/python3.11/site-packages/airflow/example_dags/example_kubernetes_executor.py
[2025-07-11T12:04:43.367+0200] {logging_mixin.py:188} INFO - [2025-07-11T12:04:43.366+0200] {example_kubernetes_executor.py:39} WARNING - The example_kubernetes_executor example DAG requires the kubernetes provider. Please install it with: pip install apache-airflow[cncf.kubernetes]
[2025-07-11T12:04:43.367+0200] {processor.py:842} WARNING - No viable dags retrieved from /home/florent/Programs/anaconda3/envs/airflow_etl/lib/python3.11/site-packages/airflow/example_dags/example_kubernetes_executor.py
[2025-07-11T12:04:43.378+0200] {processor.py:183} INFO - Processing /home/florent/Programs/anaconda3/envs/airflow_etl/lib/python3.11/site-packages/airflow/example_dags/example_kubernetes_executor.py took 0.026 seconds
[2025-07-11T12:05:28.795+0200] {processor.py:161} INFO - Started process (PID=84303) to work on /home/florent/Programs/anaconda3/envs/airflow_etl/lib/python3.11/site-packages/airflow/example_dags/example_kubernetes_executor.py
[2025-07-11T12:05:28.798+0200] {processor.py:830} INFO - Processing file /home/florent/Programs/anaconda3/envs/airflow_etl/lib/python3.11/site-packages/airflow/example_dags/example_kubernetes_executor.py for tasks to queue
[2025-07-11T12:05:28.799+0200] {logging_mixin.py:188} INFO - [2025-07-11T12:05:28.799+0200] {dagbag.py:545} INFO - Filling up the DagBag from /home/florent/Programs/anaconda3/envs/airflow_etl/lib/python3.11/site-packages/airflow/example_dags/example_kubernetes_executor.py
[2025-07-11T12:05:28.802+0200] {logging_mixin.py:188} INFO - [2025-07-11T12:05:28.802+0200] {example_kubernetes_executor.py:39} WARNING - The example_kubernetes_executor example DAG requires the kubernetes provider. Please install it with: pip install apache-airflow[cncf.kubernetes]
[2025-07-11T12:05:28.802+0200] {processor.py:842} WARNING - No viable dags retrieved from /home/florent/Programs/anaconda3/envs/airflow_etl/lib/python3.11/site-packages/airflow/example_dags/example_kubernetes_executor.py
[2025-07-11T12:05:28.810+0200] {processor.py:183} INFO - Processing /home/florent/Programs/anaconda3/envs/airflow_etl/lib/python3.11/site-packages/airflow/example_dags/example_kubernetes_executor.py took 0.021 seconds
