[2025-07-11T11:03:48.816+0200] {processor.py:161} INFO - Started process (PID=42428) to work on /home/florent/Programs/anaconda3/envs/airflow_etl/lib/python3.11/site-packages/airflow/example_dags/example_sensor_decorator.py
[2025-07-11T11:03:48.817+0200] {processor.py:830} INFO - Processing file /home/florent/Programs/anaconda3/envs/airflow_etl/lib/python3.11/site-packages/airflow/example_dags/example_sensor_decorator.py for tasks to queue
[2025-07-11T11:03:48.817+0200] {logging_mixin.py:188} INFO - [2025-07-11T11:03:48.817+0200] {dagbag.py:545} INFO - Filling up the DagBag from /home/florent/Programs/anaconda3/envs/airflow_etl/lib/python3.11/site-packages/airflow/example_dags/example_sensor_decorator.py
[2025-07-11T11:03:48.822+0200] {processor.py:840} INFO - DAG(s) 'example_sensor_decorator' retrieved from /home/florent/Programs/anaconda3/envs/airflow_etl/lib/python3.11/site-packages/airflow/example_dags/example_sensor_decorator.py
[2025-07-11T11:03:48.870+0200] {logging_mixin.py:188} INFO - [2025-07-11T11:03:48.870+0200] {dag.py:3096} INFO - Sync 1 DAGs
[2025-07-11T11:03:48.874+0200] {logging_mixin.py:188} INFO - [2025-07-11T11:03:48.874+0200] {dag.py:3954} INFO - Setting next_dagrun for example_sensor_decorator to None, run_after=None
[2025-07-11T11:03:48.883+0200] {processor.py:183} INFO - Processing /home/florent/Programs/anaconda3/envs/airflow_etl/lib/python3.11/site-packages/airflow/example_dags/example_sensor_decorator.py took 0.072 seconds
[2025-07-11T11:04:40.307+0200] {processor.py:161} INFO - Started process (PID=42962) to work on /home/florent/Programs/anaconda3/envs/airflow_etl/lib/python3.11/site-packages/airflow/example_dags/example_sensor_decorator.py
[2025-07-11T11:04:40.310+0200] {processor.py:830} INFO - Processing file /home/florent/Programs/anaconda3/envs/airflow_etl/lib/python3.11/site-packages/airflow/example_dags/example_sensor_decorator.py for tasks to queue
[2025-07-11T11:04:40.311+0200] {logging_mixin.py:188} INFO - [2025-07-11T11:04:40.311+0200] {dagbag.py:545} INFO - Filling up the DagBag from /home/florent/Programs/anaconda3/envs/airflow_etl/lib/python3.11/site-packages/airflow/example_dags/example_sensor_decorator.py
[2025-07-11T11:04:40.318+0200] {processor.py:840} INFO - DAG(s) 'example_sensor_decorator' retrieved from /home/florent/Programs/anaconda3/envs/airflow_etl/lib/python3.11/site-packages/airflow/example_dags/example_sensor_decorator.py
[2025-07-11T11:04:40.333+0200] {logging_mixin.py:188} INFO - [2025-07-11T11:04:40.333+0200] {dag.py:3096} INFO - Sync 1 DAGs
[2025-07-11T11:04:40.340+0200] {logging_mixin.py:188} INFO - [2025-07-11T11:04:40.339+0200] {dag.py:3954} INFO - Setting next_dagrun for example_sensor_decorator to None, run_after=None
[2025-07-11T11:04:40.350+0200] {processor.py:183} INFO - Processing /home/florent/Programs/anaconda3/envs/airflow_etl/lib/python3.11/site-packages/airflow/example_dags/example_sensor_decorator.py took 0.049 seconds
[2025-07-11T11:05:47.027+0200] {processor.py:161} INFO - Started process (PID=43779) to work on /home/florent/Programs/anaconda3/envs/airflow_etl/lib/python3.11/site-packages/airflow/example_dags/example_sensor_decorator.py
[2025-07-11T11:05:47.030+0200] {processor.py:830} INFO - Processing file /home/florent/Programs/anaconda3/envs/airflow_etl/lib/python3.11/site-packages/airflow/example_dags/example_sensor_decorator.py for tasks to queue
[2025-07-11T11:05:47.030+0200] {logging_mixin.py:188} INFO - [2025-07-11T11:05:47.030+0200] {dagbag.py:545} INFO - Filling up the DagBag from /home/florent/Programs/anaconda3/envs/airflow_etl/lib/python3.11/site-packages/airflow/example_dags/example_sensor_decorator.py
[2025-07-11T11:05:47.035+0200] {processor.py:840} INFO - DAG(s) 'example_sensor_decorator' retrieved from /home/florent/Programs/anaconda3/envs/airflow_etl/lib/python3.11/site-packages/airflow/example_dags/example_sensor_decorator.py
[2025-07-11T11:05:47.043+0200] {logging_mixin.py:188} INFO - [2025-07-11T11:05:47.043+0200] {dag.py:3096} INFO - Sync 1 DAGs
[2025-07-11T11:05:47.049+0200] {logging_mixin.py:188} INFO - [2025-07-11T11:05:47.049+0200] {dag.py:3954} INFO - Setting next_dagrun for example_sensor_decorator to None, run_after=None
[2025-07-11T11:05:47.059+0200] {processor.py:183} INFO - Processing /home/florent/Programs/anaconda3/envs/airflow_etl/lib/python3.11/site-packages/airflow/example_dags/example_sensor_decorator.py took 0.037 seconds
[2025-07-11T11:06:47.419+0200] {processor.py:161} INFO - Started process (PID=44540) to work on /home/florent/Programs/anaconda3/envs/airflow_etl/lib/python3.11/site-packages/airflow/example_dags/example_sensor_decorator.py
[2025-07-11T11:06:47.422+0200] {processor.py:830} INFO - Processing file /home/florent/Programs/anaconda3/envs/airflow_etl/lib/python3.11/site-packages/airflow/example_dags/example_sensor_decorator.py for tasks to queue
[2025-07-11T11:06:47.422+0200] {logging_mixin.py:188} INFO - [2025-07-11T11:06:47.422+0200] {dagbag.py:545} INFO - Filling up the DagBag from /home/florent/Programs/anaconda3/envs/airflow_etl/lib/python3.11/site-packages/airflow/example_dags/example_sensor_decorator.py
[2025-07-11T11:06:47.427+0200] {processor.py:840} INFO - DAG(s) 'example_sensor_decorator' retrieved from /home/florent/Programs/anaconda3/envs/airflow_etl/lib/python3.11/site-packages/airflow/example_dags/example_sensor_decorator.py
[2025-07-11T11:06:47.437+0200] {logging_mixin.py:188} INFO - [2025-07-11T11:06:47.437+0200] {dag.py:3096} INFO - Sync 1 DAGs
[2025-07-11T11:06:47.515+0200] {logging_mixin.py:188} INFO - [2025-07-11T11:06:47.515+0200] {dag.py:3954} INFO - Setting next_dagrun for example_sensor_decorator to None, run_after=None
[2025-07-11T11:06:47.525+0200] {processor.py:183} INFO - Processing /home/florent/Programs/anaconda3/envs/airflow_etl/lib/python3.11/site-packages/airflow/example_dags/example_sensor_decorator.py took 0.111 seconds
[2025-07-11T11:07:42.414+0200] {processor.py:161} INFO - Started process (PID=45578) to work on /home/florent/Programs/anaconda3/envs/airflow_etl/lib/python3.11/site-packages/airflow/example_dags/example_sensor_decorator.py
[2025-07-11T11:07:42.416+0200] {processor.py:830} INFO - Processing file /home/florent/Programs/anaconda3/envs/airflow_etl/lib/python3.11/site-packages/airflow/example_dags/example_sensor_decorator.py for tasks to queue
[2025-07-11T11:07:42.417+0200] {logging_mixin.py:188} INFO - [2025-07-11T11:07:42.417+0200] {dagbag.py:545} INFO - Filling up the DagBag from /home/florent/Programs/anaconda3/envs/airflow_etl/lib/python3.11/site-packages/airflow/example_dags/example_sensor_decorator.py
[2025-07-11T11:07:42.424+0200] {processor.py:840} INFO - DAG(s) 'example_sensor_decorator' retrieved from /home/florent/Programs/anaconda3/envs/airflow_etl/lib/python3.11/site-packages/airflow/example_dags/example_sensor_decorator.py
[2025-07-11T11:07:42.439+0200] {logging_mixin.py:188} INFO - [2025-07-11T11:07:42.438+0200] {dag.py:3096} INFO - Sync 1 DAGs
[2025-07-11T11:07:42.445+0200] {logging_mixin.py:188} INFO - [2025-07-11T11:07:42.445+0200] {dag.py:3954} INFO - Setting next_dagrun for example_sensor_decorator to None, run_after=None
[2025-07-11T11:07:42.457+0200] {processor.py:183} INFO - Processing /home/florent/Programs/anaconda3/envs/airflow_etl/lib/python3.11/site-packages/airflow/example_dags/example_sensor_decorator.py took 0.049 seconds
[2025-07-11T11:08:44.796+0200] {processor.py:161} INFO - Started process (PID=46276) to work on /home/florent/Programs/anaconda3/envs/airflow_etl/lib/python3.11/site-packages/airflow/example_dags/example_sensor_decorator.py
[2025-07-11T11:08:44.797+0200] {processor.py:830} INFO - Processing file /home/florent/Programs/anaconda3/envs/airflow_etl/lib/python3.11/site-packages/airflow/example_dags/example_sensor_decorator.py for tasks to queue
[2025-07-11T11:08:44.798+0200] {logging_mixin.py:188} INFO - [2025-07-11T11:08:44.798+0200] {dagbag.py:545} INFO - Filling up the DagBag from /home/florent/Programs/anaconda3/envs/airflow_etl/lib/python3.11/site-packages/airflow/example_dags/example_sensor_decorator.py
[2025-07-11T11:08:44.803+0200] {processor.py:840} INFO - DAG(s) 'example_sensor_decorator' retrieved from /home/florent/Programs/anaconda3/envs/airflow_etl/lib/python3.11/site-packages/airflow/example_dags/example_sensor_decorator.py
[2025-07-11T11:08:44.814+0200] {logging_mixin.py:188} INFO - [2025-07-11T11:08:44.814+0200] {dag.py:3096} INFO - Sync 1 DAGs
[2025-07-11T11:08:44.819+0200] {logging_mixin.py:188} INFO - [2025-07-11T11:08:44.819+0200] {dag.py:3954} INFO - Setting next_dagrun for example_sensor_decorator to None, run_after=None
[2025-07-11T11:08:44.828+0200] {processor.py:183} INFO - Processing /home/florent/Programs/anaconda3/envs/airflow_etl/lib/python3.11/site-packages/airflow/example_dags/example_sensor_decorator.py took 0.039 seconds
[2025-07-11T11:09:44.566+0200] {processor.py:161} INFO - Started process (PID=47060) to work on /home/florent/Programs/anaconda3/envs/airflow_etl/lib/python3.11/site-packages/airflow/example_dags/example_sensor_decorator.py
[2025-07-11T11:09:44.569+0200] {processor.py:830} INFO - Processing file /home/florent/Programs/anaconda3/envs/airflow_etl/lib/python3.11/site-packages/airflow/example_dags/example_sensor_decorator.py for tasks to queue
[2025-07-11T11:09:44.570+0200] {logging_mixin.py:188} INFO - [2025-07-11T11:09:44.569+0200] {dagbag.py:545} INFO - Filling up the DagBag from /home/florent/Programs/anaconda3/envs/airflow_etl/lib/python3.11/site-packages/airflow/example_dags/example_sensor_decorator.py
[2025-07-11T11:09:44.577+0200] {processor.py:840} INFO - DAG(s) 'example_sensor_decorator' retrieved from /home/florent/Programs/anaconda3/envs/airflow_etl/lib/python3.11/site-packages/airflow/example_dags/example_sensor_decorator.py
[2025-07-11T11:09:44.588+0200] {logging_mixin.py:188} INFO - [2025-07-11T11:09:44.588+0200] {dag.py:3096} INFO - Sync 1 DAGs
[2025-07-11T11:09:44.596+0200] {logging_mixin.py:188} INFO - [2025-07-11T11:09:44.595+0200] {dag.py:3954} INFO - Setting next_dagrun for example_sensor_decorator to None, run_after=None
[2025-07-11T11:09:44.606+0200] {processor.py:183} INFO - Processing /home/florent/Programs/anaconda3/envs/airflow_etl/lib/python3.11/site-packages/airflow/example_dags/example_sensor_decorator.py took 0.046 seconds
[2025-07-11T11:10:52.142+0200] {processor.py:161} INFO - Started process (PID=47926) to work on /home/florent/Programs/anaconda3/envs/airflow_etl/lib/python3.11/site-packages/airflow/example_dags/example_sensor_decorator.py
[2025-07-11T11:10:52.145+0200] {processor.py:830} INFO - Processing file /home/florent/Programs/anaconda3/envs/airflow_etl/lib/python3.11/site-packages/airflow/example_dags/example_sensor_decorator.py for tasks to queue
[2025-07-11T11:10:52.146+0200] {logging_mixin.py:188} INFO - [2025-07-11T11:10:52.145+0200] {dagbag.py:545} INFO - Filling up the DagBag from /home/florent/Programs/anaconda3/envs/airflow_etl/lib/python3.11/site-packages/airflow/example_dags/example_sensor_decorator.py
[2025-07-11T11:10:52.152+0200] {processor.py:840} INFO - DAG(s) 'example_sensor_decorator' retrieved from /home/florent/Programs/anaconda3/envs/airflow_etl/lib/python3.11/site-packages/airflow/example_dags/example_sensor_decorator.py
[2025-07-11T11:10:52.166+0200] {logging_mixin.py:188} INFO - [2025-07-11T11:10:52.166+0200] {dag.py:3096} INFO - Sync 1 DAGs
[2025-07-11T11:10:52.172+0200] {logging_mixin.py:188} INFO - [2025-07-11T11:10:52.172+0200] {dag.py:3954} INFO - Setting next_dagrun for example_sensor_decorator to None, run_after=None
[2025-07-11T11:10:52.185+0200] {processor.py:183} INFO - Processing /home/florent/Programs/anaconda3/envs/airflow_etl/lib/python3.11/site-packages/airflow/example_dags/example_sensor_decorator.py took 0.049 seconds
[2025-07-11T11:12:01.087+0200] {processor.py:161} INFO - Started process (PID=49675) to work on /home/florent/Programs/anaconda3/envs/airflow_etl/lib/python3.11/site-packages/airflow/example_dags/example_sensor_decorator.py
[2025-07-11T11:12:01.089+0200] {processor.py:830} INFO - Processing file /home/florent/Programs/anaconda3/envs/airflow_etl/lib/python3.11/site-packages/airflow/example_dags/example_sensor_decorator.py for tasks to queue
[2025-07-11T11:12:01.090+0200] {logging_mixin.py:188} INFO - [2025-07-11T11:12:01.090+0200] {dagbag.py:545} INFO - Filling up the DagBag from /home/florent/Programs/anaconda3/envs/airflow_etl/lib/python3.11/site-packages/airflow/example_dags/example_sensor_decorator.py
[2025-07-11T11:12:01.096+0200] {processor.py:840} INFO - DAG(s) 'example_sensor_decorator' retrieved from /home/florent/Programs/anaconda3/envs/airflow_etl/lib/python3.11/site-packages/airflow/example_dags/example_sensor_decorator.py
[2025-07-11T11:12:01.104+0200] {logging_mixin.py:188} INFO - [2025-07-11T11:12:01.104+0200] {dag.py:3096} INFO - Sync 1 DAGs
[2025-07-11T11:12:01.109+0200] {logging_mixin.py:188} INFO - [2025-07-11T11:12:01.109+0200] {dag.py:3954} INFO - Setting next_dagrun for example_sensor_decorator to None, run_after=None
[2025-07-11T11:12:01.118+0200] {processor.py:183} INFO - Processing /home/florent/Programs/anaconda3/envs/airflow_etl/lib/python3.11/site-packages/airflow/example_dags/example_sensor_decorator.py took 0.037 seconds
[2025-07-11T11:13:08.906+0200] {processor.py:161} INFO - Started process (PID=50534) to work on /home/florent/Programs/anaconda3/envs/airflow_etl/lib/python3.11/site-packages/airflow/example_dags/example_sensor_decorator.py
[2025-07-11T11:13:08.909+0200] {processor.py:830} INFO - Processing file /home/florent/Programs/anaconda3/envs/airflow_etl/lib/python3.11/site-packages/airflow/example_dags/example_sensor_decorator.py for tasks to queue
[2025-07-11T11:13:08.909+0200] {logging_mixin.py:188} INFO - [2025-07-11T11:13:08.909+0200] {dagbag.py:545} INFO - Filling up the DagBag from /home/florent/Programs/anaconda3/envs/airflow_etl/lib/python3.11/site-packages/airflow/example_dags/example_sensor_decorator.py
[2025-07-11T11:13:08.912+0200] {processor.py:840} INFO - DAG(s) 'example_sensor_decorator' retrieved from /home/florent/Programs/anaconda3/envs/airflow_etl/lib/python3.11/site-packages/airflow/example_dags/example_sensor_decorator.py
[2025-07-11T11:13:08.920+0200] {logging_mixin.py:188} INFO - [2025-07-11T11:13:08.920+0200] {dag.py:3096} INFO - Sync 1 DAGs
[2025-07-11T11:13:08.925+0200] {logging_mixin.py:188} INFO - [2025-07-11T11:13:08.925+0200] {dag.py:3954} INFO - Setting next_dagrun for example_sensor_decorator to None, run_after=None
[2025-07-11T11:13:08.934+0200] {processor.py:183} INFO - Processing /home/florent/Programs/anaconda3/envs/airflow_etl/lib/python3.11/site-packages/airflow/example_dags/example_sensor_decorator.py took 0.031 seconds
[2025-07-11T11:13:30.446+0200] {processor.py:161} INFO - Started process (PID=50809) to work on /home/florent/Programs/anaconda3/envs/airflow_etl/lib/python3.11/site-packages/airflow/example_dags/example_sensor_decorator.py
[2025-07-11T11:13:30.449+0200] {processor.py:830} INFO - Processing file /home/florent/Programs/anaconda3/envs/airflow_etl/lib/python3.11/site-packages/airflow/example_dags/example_sensor_decorator.py for tasks to queue
[2025-07-11T11:13:30.450+0200] {logging_mixin.py:188} INFO - [2025-07-11T11:13:30.450+0200] {dagbag.py:545} INFO - Filling up the DagBag from /home/florent/Programs/anaconda3/envs/airflow_etl/lib/python3.11/site-packages/airflow/example_dags/example_sensor_decorator.py
[2025-07-11T11:13:30.455+0200] {processor.py:840} INFO - DAG(s) 'example_sensor_decorator' retrieved from /home/florent/Programs/anaconda3/envs/airflow_etl/lib/python3.11/site-packages/airflow/example_dags/example_sensor_decorator.py
[2025-07-11T11:13:30.465+0200] {logging_mixin.py:188} INFO - [2025-07-11T11:13:30.465+0200] {dag.py:3096} INFO - Sync 1 DAGs
[2025-07-11T11:13:30.472+0200] {logging_mixin.py:188} INFO - [2025-07-11T11:13:30.472+0200] {dag.py:3954} INFO - Setting next_dagrun for example_sensor_decorator to None, run_after=None
[2025-07-11T11:13:30.482+0200] {processor.py:183} INFO - Processing /home/florent/Programs/anaconda3/envs/airflow_etl/lib/python3.11/site-packages/airflow/example_dags/example_sensor_decorator.py took 0.042 seconds
[2025-07-11T11:14:21.693+0200] {processor.py:161} INFO - Started process (PID=51501) to work on /home/florent/Programs/anaconda3/envs/airflow_etl/lib/python3.11/site-packages/airflow/example_dags/example_sensor_decorator.py
[2025-07-11T11:14:21.693+0200] {processor.py:830} INFO - Processing file /home/florent/Programs/anaconda3/envs/airflow_etl/lib/python3.11/site-packages/airflow/example_dags/example_sensor_decorator.py for tasks to queue
[2025-07-11T11:14:21.694+0200] {logging_mixin.py:188} INFO - [2025-07-11T11:14:21.694+0200] {dagbag.py:545} INFO - Filling up the DagBag from /home/florent/Programs/anaconda3/envs/airflow_etl/lib/python3.11/site-packages/airflow/example_dags/example_sensor_decorator.py
[2025-07-11T11:14:21.697+0200] {processor.py:840} INFO - DAG(s) 'example_sensor_decorator' retrieved from /home/florent/Programs/anaconda3/envs/airflow_etl/lib/python3.11/site-packages/airflow/example_dags/example_sensor_decorator.py
[2025-07-11T11:14:21.705+0200] {logging_mixin.py:188} INFO - [2025-07-11T11:14:21.705+0200] {dag.py:3096} INFO - Sync 1 DAGs
[2025-07-11T11:14:21.710+0200] {logging_mixin.py:188} INFO - [2025-07-11T11:14:21.710+0200] {dag.py:3954} INFO - Setting next_dagrun for example_sensor_decorator to None, run_after=None
[2025-07-11T11:14:21.719+0200] {processor.py:183} INFO - Processing /home/florent/Programs/anaconda3/envs/airflow_etl/lib/python3.11/site-packages/airflow/example_dags/example_sensor_decorator.py took 0.029 seconds
[2025-07-11T11:14:29.509+0200] {processor.py:161} INFO - Started process (PID=51598) to work on /home/florent/Programs/anaconda3/envs/airflow_etl/lib/python3.11/site-packages/airflow/example_dags/example_sensor_decorator.py
[2025-07-11T11:14:29.512+0200] {processor.py:830} INFO - Processing file /home/florent/Programs/anaconda3/envs/airflow_etl/lib/python3.11/site-packages/airflow/example_dags/example_sensor_decorator.py for tasks to queue
[2025-07-11T11:14:29.512+0200] {logging_mixin.py:188} INFO - [2025-07-11T11:14:29.512+0200] {dagbag.py:545} INFO - Filling up the DagBag from /home/florent/Programs/anaconda3/envs/airflow_etl/lib/python3.11/site-packages/airflow/example_dags/example_sensor_decorator.py
[2025-07-11T11:14:29.518+0200] {processor.py:840} INFO - DAG(s) 'example_sensor_decorator' retrieved from /home/florent/Programs/anaconda3/envs/airflow_etl/lib/python3.11/site-packages/airflow/example_dags/example_sensor_decorator.py
[2025-07-11T11:14:29.531+0200] {logging_mixin.py:188} INFO - [2025-07-11T11:14:29.530+0200] {dag.py:3096} INFO - Sync 1 DAGs
[2025-07-11T11:14:29.541+0200] {logging_mixin.py:188} INFO - [2025-07-11T11:14:29.540+0200] {dag.py:3954} INFO - Setting next_dagrun for example_sensor_decorator to None, run_after=None
[2025-07-11T11:14:29.555+0200] {processor.py:183} INFO - Processing /home/florent/Programs/anaconda3/envs/airflow_etl/lib/python3.11/site-packages/airflow/example_dags/example_sensor_decorator.py took 0.052 seconds
[2025-07-11T11:15:28.491+0200] {processor.py:161} INFO - Started process (PID=52345) to work on /home/florent/Programs/anaconda3/envs/airflow_etl/lib/python3.11/site-packages/airflow/example_dags/example_sensor_decorator.py
[2025-07-11T11:15:28.494+0200] {processor.py:830} INFO - Processing file /home/florent/Programs/anaconda3/envs/airflow_etl/lib/python3.11/site-packages/airflow/example_dags/example_sensor_decorator.py for tasks to queue
[2025-07-11T11:15:28.495+0200] {logging_mixin.py:188} INFO - [2025-07-11T11:15:28.494+0200] {dagbag.py:545} INFO - Filling up the DagBag from /home/florent/Programs/anaconda3/envs/airflow_etl/lib/python3.11/site-packages/airflow/example_dags/example_sensor_decorator.py
[2025-07-11T11:15:28.499+0200] {processor.py:840} INFO - DAG(s) 'example_sensor_decorator' retrieved from /home/florent/Programs/anaconda3/envs/airflow_etl/lib/python3.11/site-packages/airflow/example_dags/example_sensor_decorator.py
[2025-07-11T11:15:28.509+0200] {logging_mixin.py:188} INFO - [2025-07-11T11:15:28.509+0200] {dag.py:3096} INFO - Sync 1 DAGs
[2025-07-11T11:15:28.516+0200] {logging_mixin.py:188} INFO - [2025-07-11T11:15:28.516+0200] {dag.py:3954} INFO - Setting next_dagrun for example_sensor_decorator to None, run_after=None
[2025-07-11T11:15:28.528+0200] {processor.py:183} INFO - Processing /home/florent/Programs/anaconda3/envs/airflow_etl/lib/python3.11/site-packages/airflow/example_dags/example_sensor_decorator.py took 0.042 seconds
[2025-07-11T11:15:29.633+0200] {processor.py:161} INFO - Started process (PID=52356) to work on /home/florent/Programs/anaconda3/envs/airflow_etl/lib/python3.11/site-packages/airflow/example_dags/example_sensor_decorator.py
[2025-07-11T11:15:29.634+0200] {processor.py:830} INFO - Processing file /home/florent/Programs/anaconda3/envs/airflow_etl/lib/python3.11/site-packages/airflow/example_dags/example_sensor_decorator.py for tasks to queue
[2025-07-11T11:15:29.634+0200] {logging_mixin.py:188} INFO - [2025-07-11T11:15:29.634+0200] {dagbag.py:545} INFO - Filling up the DagBag from /home/florent/Programs/anaconda3/envs/airflow_etl/lib/python3.11/site-packages/airflow/example_dags/example_sensor_decorator.py
[2025-07-11T11:15:29.638+0200] {processor.py:840} INFO - DAG(s) 'example_sensor_decorator' retrieved from /home/florent/Programs/anaconda3/envs/airflow_etl/lib/python3.11/site-packages/airflow/example_dags/example_sensor_decorator.py
[2025-07-11T11:15:29.646+0200] {logging_mixin.py:188} INFO - [2025-07-11T11:15:29.646+0200] {dag.py:3096} INFO - Sync 1 DAGs
[2025-07-11T11:15:29.651+0200] {logging_mixin.py:188} INFO - [2025-07-11T11:15:29.651+0200] {dag.py:3954} INFO - Setting next_dagrun for example_sensor_decorator to None, run_after=None
[2025-07-11T11:15:29.661+0200] {processor.py:183} INFO - Processing /home/florent/Programs/anaconda3/envs/airflow_etl/lib/python3.11/site-packages/airflow/example_dags/example_sensor_decorator.py took 0.032 seconds
[2025-07-11T11:16:30.170+0200] {processor.py:161} INFO - Started process (PID=53077) to work on /home/florent/Programs/anaconda3/envs/airflow_etl/lib/python3.11/site-packages/airflow/example_dags/example_sensor_decorator.py
[2025-07-11T11:16:30.171+0200] {processor.py:830} INFO - Processing file /home/florent/Programs/anaconda3/envs/airflow_etl/lib/python3.11/site-packages/airflow/example_dags/example_sensor_decorator.py for tasks to queue
[2025-07-11T11:16:30.172+0200] {logging_mixin.py:188} INFO - [2025-07-11T11:16:30.172+0200] {dagbag.py:545} INFO - Filling up the DagBag from /home/florent/Programs/anaconda3/envs/airflow_etl/lib/python3.11/site-packages/airflow/example_dags/example_sensor_decorator.py
[2025-07-11T11:16:30.176+0200] {processor.py:840} INFO - DAG(s) 'example_sensor_decorator' retrieved from /home/florent/Programs/anaconda3/envs/airflow_etl/lib/python3.11/site-packages/airflow/example_dags/example_sensor_decorator.py
[2025-07-11T11:16:30.185+0200] {logging_mixin.py:188} INFO - [2025-07-11T11:16:30.185+0200] {dag.py:3096} INFO - Sync 1 DAGs
[2025-07-11T11:16:30.191+0200] {logging_mixin.py:188} INFO - [2025-07-11T11:16:30.191+0200] {dag.py:3954} INFO - Setting next_dagrun for example_sensor_decorator to None, run_after=None
[2025-07-11T11:16:30.202+0200] {processor.py:183} INFO - Processing /home/florent/Programs/anaconda3/envs/airflow_etl/lib/python3.11/site-packages/airflow/example_dags/example_sensor_decorator.py took 0.037 seconds
[2025-07-11T11:16:30.248+0200] {processor.py:161} INFO - Started process (PID=53078) to work on /home/florent/Programs/anaconda3/envs/airflow_etl/lib/python3.11/site-packages/airflow/example_dags/example_sensor_decorator.py
[2025-07-11T11:16:30.249+0200] {processor.py:830} INFO - Processing file /home/florent/Programs/anaconda3/envs/airflow_etl/lib/python3.11/site-packages/airflow/example_dags/example_sensor_decorator.py for tasks to queue
[2025-07-11T11:16:30.249+0200] {logging_mixin.py:188} INFO - [2025-07-11T11:16:30.249+0200] {dagbag.py:545} INFO - Filling up the DagBag from /home/florent/Programs/anaconda3/envs/airflow_etl/lib/python3.11/site-packages/airflow/example_dags/example_sensor_decorator.py
[2025-07-11T11:16:30.254+0200] {processor.py:840} INFO - DAG(s) 'example_sensor_decorator' retrieved from /home/florent/Programs/anaconda3/envs/airflow_etl/lib/python3.11/site-packages/airflow/example_dags/example_sensor_decorator.py
[2025-07-11T11:16:30.263+0200] {logging_mixin.py:188} INFO - [2025-07-11T11:16:30.263+0200] {dag.py:3096} INFO - Sync 1 DAGs
[2025-07-11T11:16:30.269+0200] {logging_mixin.py:188} INFO - [2025-07-11T11:16:30.269+0200] {dag.py:3954} INFO - Setting next_dagrun for example_sensor_decorator to None, run_after=None
[2025-07-11T11:16:30.280+0200] {processor.py:183} INFO - Processing /home/florent/Programs/anaconda3/envs/airflow_etl/lib/python3.11/site-packages/airflow/example_dags/example_sensor_decorator.py took 0.037 seconds
[2025-07-11T11:18:22.214+0200] {processor.py:161} INFO - Started process (PID=54286) to work on /home/florent/Programs/anaconda3/envs/airflow_etl/lib/python3.11/site-packages/airflow/example_dags/example_sensor_decorator.py
[2025-07-11T11:18:22.216+0200] {processor.py:830} INFO - Processing file /home/florent/Programs/anaconda3/envs/airflow_etl/lib/python3.11/site-packages/airflow/example_dags/example_sensor_decorator.py for tasks to queue
[2025-07-11T11:18:22.218+0200] {logging_mixin.py:188} INFO - [2025-07-11T11:18:22.218+0200] {dagbag.py:545} INFO - Filling up the DagBag from /home/florent/Programs/anaconda3/envs/airflow_etl/lib/python3.11/site-packages/airflow/example_dags/example_sensor_decorator.py
[2025-07-11T11:18:22.223+0200] {processor.py:840} INFO - DAG(s) 'example_sensor_decorator' retrieved from /home/florent/Programs/anaconda3/envs/airflow_etl/lib/python3.11/site-packages/airflow/example_dags/example_sensor_decorator.py
[2025-07-11T11:18:22.236+0200] {logging_mixin.py:188} INFO - [2025-07-11T11:18:22.236+0200] {dag.py:3096} INFO - Sync 1 DAGs
[2025-07-11T11:18:22.244+0200] {logging_mixin.py:188} INFO - [2025-07-11T11:18:22.244+0200] {dag.py:3954} INFO - Setting next_dagrun for example_sensor_decorator to None, run_after=None
[2025-07-11T11:18:22.256+0200] {processor.py:183} INFO - Processing /home/florent/Programs/anaconda3/envs/airflow_etl/lib/python3.11/site-packages/airflow/example_dags/example_sensor_decorator.py took 0.047 seconds
[2025-07-11T11:19:11.286+0200] {processor.py:161} INFO - Started process (PID=54849) to work on /home/florent/Programs/anaconda3/envs/airflow_etl/lib/python3.11/site-packages/airflow/example_dags/example_sensor_decorator.py
[2025-07-11T11:19:11.289+0200] {processor.py:830} INFO - Processing file /home/florent/Programs/anaconda3/envs/airflow_etl/lib/python3.11/site-packages/airflow/example_dags/example_sensor_decorator.py for tasks to queue
[2025-07-11T11:19:11.291+0200] {logging_mixin.py:188} INFO - [2025-07-11T11:19:11.290+0200] {dagbag.py:545} INFO - Filling up the DagBag from /home/florent/Programs/anaconda3/envs/airflow_etl/lib/python3.11/site-packages/airflow/example_dags/example_sensor_decorator.py
[2025-07-11T11:19:11.296+0200] {processor.py:840} INFO - DAG(s) 'example_sensor_decorator' retrieved from /home/florent/Programs/anaconda3/envs/airflow_etl/lib/python3.11/site-packages/airflow/example_dags/example_sensor_decorator.py
[2025-07-11T11:19:11.306+0200] {logging_mixin.py:188} INFO - [2025-07-11T11:19:11.306+0200] {dag.py:3096} INFO - Sync 1 DAGs
[2025-07-11T11:19:11.311+0200] {logging_mixin.py:188} INFO - [2025-07-11T11:19:11.311+0200] {dag.py:3954} INFO - Setting next_dagrun for example_sensor_decorator to None, run_after=None
[2025-07-11T11:19:11.321+0200] {processor.py:183} INFO - Processing /home/florent/Programs/anaconda3/envs/airflow_etl/lib/python3.11/site-packages/airflow/example_dags/example_sensor_decorator.py took 0.040 seconds
[2025-07-11T11:20:17.442+0200] {processor.py:161} INFO - Started process (PID=55522) to work on /home/florent/Programs/anaconda3/envs/airflow_etl/lib/python3.11/site-packages/airflow/example_dags/example_sensor_decorator.py
[2025-07-11T11:20:17.445+0200] {processor.py:830} INFO - Processing file /home/florent/Programs/anaconda3/envs/airflow_etl/lib/python3.11/site-packages/airflow/example_dags/example_sensor_decorator.py for tasks to queue
[2025-07-11T11:20:17.446+0200] {logging_mixin.py:188} INFO - [2025-07-11T11:20:17.445+0200] {dagbag.py:545} INFO - Filling up the DagBag from /home/florent/Programs/anaconda3/envs/airflow_etl/lib/python3.11/site-packages/airflow/example_dags/example_sensor_decorator.py
[2025-07-11T11:20:17.449+0200] {processor.py:840} INFO - DAG(s) 'example_sensor_decorator' retrieved from /home/florent/Programs/anaconda3/envs/airflow_etl/lib/python3.11/site-packages/airflow/example_dags/example_sensor_decorator.py
[2025-07-11T11:20:17.457+0200] {logging_mixin.py:188} INFO - [2025-07-11T11:20:17.457+0200] {dag.py:3096} INFO - Sync 1 DAGs
[2025-07-11T11:20:17.462+0200] {logging_mixin.py:188} INFO - [2025-07-11T11:20:17.462+0200] {dag.py:3954} INFO - Setting next_dagrun for example_sensor_decorator to None, run_after=None
[2025-07-11T11:20:17.473+0200] {processor.py:183} INFO - Processing /home/florent/Programs/anaconda3/envs/airflow_etl/lib/python3.11/site-packages/airflow/example_dags/example_sensor_decorator.py took 0.034 seconds
[2025-07-11T11:21:22.123+0200] {processor.py:161} INFO - Started process (PID=56240) to work on /home/florent/Programs/anaconda3/envs/airflow_etl/lib/python3.11/site-packages/airflow/example_dags/example_sensor_decorator.py
[2025-07-11T11:21:22.124+0200] {processor.py:830} INFO - Processing file /home/florent/Programs/anaconda3/envs/airflow_etl/lib/python3.11/site-packages/airflow/example_dags/example_sensor_decorator.py for tasks to queue
[2025-07-11T11:21:22.126+0200] {logging_mixin.py:188} INFO - [2025-07-11T11:21:22.126+0200] {dagbag.py:545} INFO - Filling up the DagBag from /home/florent/Programs/anaconda3/envs/airflow_etl/lib/python3.11/site-packages/airflow/example_dags/example_sensor_decorator.py
[2025-07-11T11:21:22.131+0200] {processor.py:840} INFO - DAG(s) 'example_sensor_decorator' retrieved from /home/florent/Programs/anaconda3/envs/airflow_etl/lib/python3.11/site-packages/airflow/example_dags/example_sensor_decorator.py
[2025-07-11T11:21:22.141+0200] {logging_mixin.py:188} INFO - [2025-07-11T11:21:22.141+0200] {dag.py:3096} INFO - Sync 1 DAGs
[2025-07-11T11:21:22.148+0200] {logging_mixin.py:188} INFO - [2025-07-11T11:21:22.148+0200] {dag.py:3954} INFO - Setting next_dagrun for example_sensor_decorator to None, run_after=None
[2025-07-11T11:21:22.160+0200] {processor.py:183} INFO - Processing /home/florent/Programs/anaconda3/envs/airflow_etl/lib/python3.11/site-packages/airflow/example_dags/example_sensor_decorator.py took 0.043 seconds
[2025-07-11T11:22:29.408+0200] {processor.py:161} INFO - Started process (PID=56910) to work on /home/florent/Programs/anaconda3/envs/airflow_etl/lib/python3.11/site-packages/airflow/example_dags/example_sensor_decorator.py
[2025-07-11T11:22:29.409+0200] {processor.py:830} INFO - Processing file /home/florent/Programs/anaconda3/envs/airflow_etl/lib/python3.11/site-packages/airflow/example_dags/example_sensor_decorator.py for tasks to queue
[2025-07-11T11:22:29.410+0200] {logging_mixin.py:188} INFO - [2025-07-11T11:22:29.410+0200] {dagbag.py:545} INFO - Filling up the DagBag from /home/florent/Programs/anaconda3/envs/airflow_etl/lib/python3.11/site-packages/airflow/example_dags/example_sensor_decorator.py
[2025-07-11T11:22:29.414+0200] {processor.py:840} INFO - DAG(s) 'example_sensor_decorator' retrieved from /home/florent/Programs/anaconda3/envs/airflow_etl/lib/python3.11/site-packages/airflow/example_dags/example_sensor_decorator.py
[2025-07-11T11:22:29.423+0200] {logging_mixin.py:188} INFO - [2025-07-11T11:22:29.423+0200] {dag.py:3096} INFO - Sync 1 DAGs
[2025-07-11T11:22:29.429+0200] {logging_mixin.py:188} INFO - [2025-07-11T11:22:29.429+0200] {dag.py:3954} INFO - Setting next_dagrun for example_sensor_decorator to None, run_after=None
[2025-07-11T11:22:29.439+0200] {processor.py:183} INFO - Processing /home/florent/Programs/anaconda3/envs/airflow_etl/lib/python3.11/site-packages/airflow/example_dags/example_sensor_decorator.py took 0.035 seconds
[2025-07-11T11:23:37.529+0200] {processor.py:161} INFO - Started process (PID=57588) to work on /home/florent/Programs/anaconda3/envs/airflow_etl/lib/python3.11/site-packages/airflow/example_dags/example_sensor_decorator.py
[2025-07-11T11:23:37.531+0200] {processor.py:830} INFO - Processing file /home/florent/Programs/anaconda3/envs/airflow_etl/lib/python3.11/site-packages/airflow/example_dags/example_sensor_decorator.py for tasks to queue
[2025-07-11T11:23:37.533+0200] {logging_mixin.py:188} INFO - [2025-07-11T11:23:37.532+0200] {dagbag.py:545} INFO - Filling up the DagBag from /home/florent/Programs/anaconda3/envs/airflow_etl/lib/python3.11/site-packages/airflow/example_dags/example_sensor_decorator.py
[2025-07-11T11:23:37.537+0200] {processor.py:840} INFO - DAG(s) 'example_sensor_decorator' retrieved from /home/florent/Programs/anaconda3/envs/airflow_etl/lib/python3.11/site-packages/airflow/example_dags/example_sensor_decorator.py
[2025-07-11T11:23:37.545+0200] {logging_mixin.py:188} INFO - [2025-07-11T11:23:37.545+0200] {dag.py:3096} INFO - Sync 1 DAGs
[2025-07-11T11:23:37.551+0200] {logging_mixin.py:188} INFO - [2025-07-11T11:23:37.551+0200] {dag.py:3954} INFO - Setting next_dagrun for example_sensor_decorator to None, run_after=None
[2025-07-11T11:23:37.561+0200] {processor.py:183} INFO - Processing /home/florent/Programs/anaconda3/envs/airflow_etl/lib/python3.11/site-packages/airflow/example_dags/example_sensor_decorator.py took 0.037 seconds
[2025-07-11T11:24:48.359+0200] {processor.py:161} INFO - Started process (PID=58326) to work on /home/florent/Programs/anaconda3/envs/airflow_etl/lib/python3.11/site-packages/airflow/example_dags/example_sensor_decorator.py
[2025-07-11T11:24:48.361+0200] {processor.py:830} INFO - Processing file /home/florent/Programs/anaconda3/envs/airflow_etl/lib/python3.11/site-packages/airflow/example_dags/example_sensor_decorator.py for tasks to queue
[2025-07-11T11:24:48.362+0200] {logging_mixin.py:188} INFO - [2025-07-11T11:24:48.362+0200] {dagbag.py:545} INFO - Filling up the DagBag from /home/florent/Programs/anaconda3/envs/airflow_etl/lib/python3.11/site-packages/airflow/example_dags/example_sensor_decorator.py
[2025-07-11T11:24:48.366+0200] {processor.py:840} INFO - DAG(s) 'example_sensor_decorator' retrieved from /home/florent/Programs/anaconda3/envs/airflow_etl/lib/python3.11/site-packages/airflow/example_dags/example_sensor_decorator.py
[2025-07-11T11:24:48.374+0200] {logging_mixin.py:188} INFO - [2025-07-11T11:24:48.374+0200] {dag.py:3096} INFO - Sync 1 DAGs
[2025-07-11T11:24:48.379+0200] {logging_mixin.py:188} INFO - [2025-07-11T11:24:48.379+0200] {dag.py:3954} INFO - Setting next_dagrun for example_sensor_decorator to None, run_after=None
[2025-07-11T11:24:48.389+0200] {processor.py:183} INFO - Processing /home/florent/Programs/anaconda3/envs/airflow_etl/lib/python3.11/site-packages/airflow/example_dags/example_sensor_decorator.py took 0.033 seconds
[2025-07-11T11:25:55.208+0200] {processor.py:161} INFO - Started process (PID=59060) to work on /home/florent/Programs/anaconda3/envs/airflow_etl/lib/python3.11/site-packages/airflow/example_dags/example_sensor_decorator.py
[2025-07-11T11:25:55.209+0200] {processor.py:830} INFO - Processing file /home/florent/Programs/anaconda3/envs/airflow_etl/lib/python3.11/site-packages/airflow/example_dags/example_sensor_decorator.py for tasks to queue
[2025-07-11T11:25:55.210+0200] {logging_mixin.py:188} INFO - [2025-07-11T11:25:55.210+0200] {dagbag.py:545} INFO - Filling up the DagBag from /home/florent/Programs/anaconda3/envs/airflow_etl/lib/python3.11/site-packages/airflow/example_dags/example_sensor_decorator.py
[2025-07-11T11:25:55.215+0200] {processor.py:840} INFO - DAG(s) 'example_sensor_decorator' retrieved from /home/florent/Programs/anaconda3/envs/airflow_etl/lib/python3.11/site-packages/airflow/example_dags/example_sensor_decorator.py
[2025-07-11T11:25:55.224+0200] {logging_mixin.py:188} INFO - [2025-07-11T11:25:55.224+0200] {dag.py:3096} INFO - Sync 1 DAGs
[2025-07-11T11:25:55.230+0200] {logging_mixin.py:188} INFO - [2025-07-11T11:25:55.230+0200] {dag.py:3954} INFO - Setting next_dagrun for example_sensor_decorator to None, run_after=None
[2025-07-11T11:25:55.241+0200] {processor.py:183} INFO - Processing /home/florent/Programs/anaconda3/envs/airflow_etl/lib/python3.11/site-packages/airflow/example_dags/example_sensor_decorator.py took 0.039 seconds
[2025-07-11T11:27:01.190+0200] {processor.py:161} INFO - Started process (PID=59799) to work on /home/florent/Programs/anaconda3/envs/airflow_etl/lib/python3.11/site-packages/airflow/example_dags/example_sensor_decorator.py
[2025-07-11T11:27:01.192+0200] {processor.py:830} INFO - Processing file /home/florent/Programs/anaconda3/envs/airflow_etl/lib/python3.11/site-packages/airflow/example_dags/example_sensor_decorator.py for tasks to queue
[2025-07-11T11:27:01.193+0200] {logging_mixin.py:188} INFO - [2025-07-11T11:27:01.193+0200] {dagbag.py:545} INFO - Filling up the DagBag from /home/florent/Programs/anaconda3/envs/airflow_etl/lib/python3.11/site-packages/airflow/example_dags/example_sensor_decorator.py
[2025-07-11T11:27:01.196+0200] {processor.py:840} INFO - DAG(s) 'example_sensor_decorator' retrieved from /home/florent/Programs/anaconda3/envs/airflow_etl/lib/python3.11/site-packages/airflow/example_dags/example_sensor_decorator.py
[2025-07-11T11:27:01.204+0200] {logging_mixin.py:188} INFO - [2025-07-11T11:27:01.204+0200] {dag.py:3096} INFO - Sync 1 DAGs
[2025-07-11T11:27:01.210+0200] {logging_mixin.py:188} INFO - [2025-07-11T11:27:01.210+0200] {dag.py:3954} INFO - Setting next_dagrun for example_sensor_decorator to None, run_after=None
[2025-07-11T11:27:01.219+0200] {processor.py:183} INFO - Processing /home/florent/Programs/anaconda3/envs/airflow_etl/lib/python3.11/site-packages/airflow/example_dags/example_sensor_decorator.py took 0.033 seconds
[2025-07-11T11:27:53.706+0200] {processor.py:161} INFO - Started process (PID=60367) to work on /home/florent/Programs/anaconda3/envs/airflow_etl/lib/python3.11/site-packages/airflow/example_dags/example_sensor_decorator.py
[2025-07-11T11:27:53.708+0200] {processor.py:830} INFO - Processing file /home/florent/Programs/anaconda3/envs/airflow_etl/lib/python3.11/site-packages/airflow/example_dags/example_sensor_decorator.py for tasks to queue
[2025-07-11T11:27:53.709+0200] {logging_mixin.py:188} INFO - [2025-07-11T11:27:53.709+0200] {dagbag.py:545} INFO - Filling up the DagBag from /home/florent/Programs/anaconda3/envs/airflow_etl/lib/python3.11/site-packages/airflow/example_dags/example_sensor_decorator.py
[2025-07-11T11:27:53.713+0200] {processor.py:840} INFO - DAG(s) 'example_sensor_decorator' retrieved from /home/florent/Programs/anaconda3/envs/airflow_etl/lib/python3.11/site-packages/airflow/example_dags/example_sensor_decorator.py
[2025-07-11T11:27:53.724+0200] {logging_mixin.py:188} INFO - [2025-07-11T11:27:53.724+0200] {dag.py:3096} INFO - Sync 1 DAGs
[2025-07-11T11:27:53.731+0200] {logging_mixin.py:188} INFO - [2025-07-11T11:27:53.731+0200] {dag.py:3954} INFO - Setting next_dagrun for example_sensor_decorator to None, run_after=None
[2025-07-11T11:27:53.742+0200] {processor.py:183} INFO - Processing /home/florent/Programs/anaconda3/envs/airflow_etl/lib/python3.11/site-packages/airflow/example_dags/example_sensor_decorator.py took 0.040 seconds
[2025-07-11T11:28:56.268+0200] {processor.py:161} INFO - Started process (PID=61062) to work on /home/florent/Programs/anaconda3/envs/airflow_etl/lib/python3.11/site-packages/airflow/example_dags/example_sensor_decorator.py
[2025-07-11T11:28:56.271+0200] {processor.py:830} INFO - Processing file /home/florent/Programs/anaconda3/envs/airflow_etl/lib/python3.11/site-packages/airflow/example_dags/example_sensor_decorator.py for tasks to queue
[2025-07-11T11:28:56.273+0200] {logging_mixin.py:188} INFO - [2025-07-11T11:28:56.272+0200] {dagbag.py:545} INFO - Filling up the DagBag from /home/florent/Programs/anaconda3/envs/airflow_etl/lib/python3.11/site-packages/airflow/example_dags/example_sensor_decorator.py
[2025-07-11T11:28:56.280+0200] {processor.py:840} INFO - DAG(s) 'example_sensor_decorator' retrieved from /home/florent/Programs/anaconda3/envs/airflow_etl/lib/python3.11/site-packages/airflow/example_dags/example_sensor_decorator.py
[2025-07-11T11:28:56.294+0200] {logging_mixin.py:188} INFO - [2025-07-11T11:28:56.294+0200] {dag.py:3096} INFO - Sync 1 DAGs
[2025-07-11T11:28:56.301+0200] {logging_mixin.py:188} INFO - [2025-07-11T11:28:56.301+0200] {dag.py:3954} INFO - Setting next_dagrun for example_sensor_decorator to None, run_after=None
[2025-07-11T11:28:56.311+0200] {processor.py:183} INFO - Processing /home/florent/Programs/anaconda3/envs/airflow_etl/lib/python3.11/site-packages/airflow/example_dags/example_sensor_decorator.py took 0.048 seconds
[2025-07-11T11:30:01.534+0200] {processor.py:161} INFO - Started process (PID=61726) to work on /home/florent/Programs/anaconda3/envs/airflow_etl/lib/python3.11/site-packages/airflow/example_dags/example_sensor_decorator.py
[2025-07-11T11:30:01.537+0200] {processor.py:830} INFO - Processing file /home/florent/Programs/anaconda3/envs/airflow_etl/lib/python3.11/site-packages/airflow/example_dags/example_sensor_decorator.py for tasks to queue
[2025-07-11T11:30:01.539+0200] {logging_mixin.py:188} INFO - [2025-07-11T11:30:01.539+0200] {dagbag.py:545} INFO - Filling up the DagBag from /home/florent/Programs/anaconda3/envs/airflow_etl/lib/python3.11/site-packages/airflow/example_dags/example_sensor_decorator.py
[2025-07-11T11:30:01.546+0200] {processor.py:840} INFO - DAG(s) 'example_sensor_decorator' retrieved from /home/florent/Programs/anaconda3/envs/airflow_etl/lib/python3.11/site-packages/airflow/example_dags/example_sensor_decorator.py
[2025-07-11T11:30:01.557+0200] {logging_mixin.py:188} INFO - [2025-07-11T11:30:01.557+0200] {dag.py:3096} INFO - Sync 1 DAGs
[2025-07-11T11:30:01.568+0200] {logging_mixin.py:188} INFO - [2025-07-11T11:30:01.568+0200] {dag.py:3954} INFO - Setting next_dagrun for example_sensor_decorator to None, run_after=None
[2025-07-11T11:30:01.582+0200] {processor.py:183} INFO - Processing /home/florent/Programs/anaconda3/envs/airflow_etl/lib/python3.11/site-packages/airflow/example_dags/example_sensor_decorator.py took 0.055 seconds
[2025-07-11T11:31:02.212+0200] {processor.py:161} INFO - Started process (PID=62366) to work on /home/florent/Programs/anaconda3/envs/airflow_etl/lib/python3.11/site-packages/airflow/example_dags/example_sensor_decorator.py
[2025-07-11T11:31:02.214+0200] {processor.py:830} INFO - Processing file /home/florent/Programs/anaconda3/envs/airflow_etl/lib/python3.11/site-packages/airflow/example_dags/example_sensor_decorator.py for tasks to queue
[2025-07-11T11:31:02.215+0200] {logging_mixin.py:188} INFO - [2025-07-11T11:31:02.215+0200] {dagbag.py:545} INFO - Filling up the DagBag from /home/florent/Programs/anaconda3/envs/airflow_etl/lib/python3.11/site-packages/airflow/example_dags/example_sensor_decorator.py
[2025-07-11T11:31:02.218+0200] {processor.py:840} INFO - DAG(s) 'example_sensor_decorator' retrieved from /home/florent/Programs/anaconda3/envs/airflow_etl/lib/python3.11/site-packages/airflow/example_dags/example_sensor_decorator.py
[2025-07-11T11:31:02.226+0200] {logging_mixin.py:188} INFO - [2025-07-11T11:31:02.226+0200] {dag.py:3096} INFO - Sync 1 DAGs
[2025-07-11T11:31:02.232+0200] {logging_mixin.py:188} INFO - [2025-07-11T11:31:02.232+0200] {dag.py:3954} INFO - Setting next_dagrun for example_sensor_decorator to None, run_after=None
[2025-07-11T11:31:02.252+0200] {processor.py:183} INFO - Processing /home/florent/Programs/anaconda3/envs/airflow_etl/lib/python3.11/site-packages/airflow/example_dags/example_sensor_decorator.py took 0.045 seconds
[2025-07-11T11:32:09.326+0200] {processor.py:161} INFO - Started process (PID=63031) to work on /home/florent/Programs/anaconda3/envs/airflow_etl/lib/python3.11/site-packages/airflow/example_dags/example_sensor_decorator.py
[2025-07-11T11:32:09.329+0200] {processor.py:830} INFO - Processing file /home/florent/Programs/anaconda3/envs/airflow_etl/lib/python3.11/site-packages/airflow/example_dags/example_sensor_decorator.py for tasks to queue
[2025-07-11T11:32:09.331+0200] {logging_mixin.py:188} INFO - [2025-07-11T11:32:09.330+0200] {dagbag.py:545} INFO - Filling up the DagBag from /home/florent/Programs/anaconda3/envs/airflow_etl/lib/python3.11/site-packages/airflow/example_dags/example_sensor_decorator.py
[2025-07-11T11:32:09.338+0200] {processor.py:840} INFO - DAG(s) 'example_sensor_decorator' retrieved from /home/florent/Programs/anaconda3/envs/airflow_etl/lib/python3.11/site-packages/airflow/example_dags/example_sensor_decorator.py
[2025-07-11T11:32:09.352+0200] {logging_mixin.py:188} INFO - [2025-07-11T11:32:09.352+0200] {dag.py:3096} INFO - Sync 1 DAGs
[2025-07-11T11:32:09.360+0200] {logging_mixin.py:188} INFO - [2025-07-11T11:32:09.359+0200] {dag.py:3954} INFO - Setting next_dagrun for example_sensor_decorator to None, run_after=None
[2025-07-11T11:32:09.376+0200] {processor.py:183} INFO - Processing /home/florent/Programs/anaconda3/envs/airflow_etl/lib/python3.11/site-packages/airflow/example_dags/example_sensor_decorator.py took 0.056 seconds
[2025-07-11T11:33:12.516+0200] {processor.py:161} INFO - Started process (PID=63868) to work on /home/florent/Programs/anaconda3/envs/airflow_etl/lib/python3.11/site-packages/airflow/example_dags/example_sensor_decorator.py
[2025-07-11T11:33:12.517+0200] {processor.py:830} INFO - Processing file /home/florent/Programs/anaconda3/envs/airflow_etl/lib/python3.11/site-packages/airflow/example_dags/example_sensor_decorator.py for tasks to queue
[2025-07-11T11:33:12.520+0200] {logging_mixin.py:188} INFO - [2025-07-11T11:33:12.519+0200] {dagbag.py:545} INFO - Filling up the DagBag from /home/florent/Programs/anaconda3/envs/airflow_etl/lib/python3.11/site-packages/airflow/example_dags/example_sensor_decorator.py
[2025-07-11T11:33:12.526+0200] {processor.py:840} INFO - DAG(s) 'example_sensor_decorator' retrieved from /home/florent/Programs/anaconda3/envs/airflow_etl/lib/python3.11/site-packages/airflow/example_dags/example_sensor_decorator.py
[2025-07-11T11:33:12.542+0200] {logging_mixin.py:188} INFO - [2025-07-11T11:33:12.542+0200] {dag.py:3096} INFO - Sync 1 DAGs
[2025-07-11T11:33:12.552+0200] {logging_mixin.py:188} INFO - [2025-07-11T11:33:12.552+0200] {dag.py:3954} INFO - Setting next_dagrun for example_sensor_decorator to None, run_after=None
[2025-07-11T11:33:12.562+0200] {processor.py:183} INFO - Processing /home/florent/Programs/anaconda3/envs/airflow_etl/lib/python3.11/site-packages/airflow/example_dags/example_sensor_decorator.py took 0.053 seconds
[2025-07-11T11:34:17.557+0200] {processor.py:161} INFO - Started process (PID=64505) to work on /home/florent/Programs/anaconda3/envs/airflow_etl/lib/python3.11/site-packages/airflow/example_dags/example_sensor_decorator.py
[2025-07-11T11:34:17.559+0200] {processor.py:830} INFO - Processing file /home/florent/Programs/anaconda3/envs/airflow_etl/lib/python3.11/site-packages/airflow/example_dags/example_sensor_decorator.py for tasks to queue
[2025-07-11T11:34:17.560+0200] {logging_mixin.py:188} INFO - [2025-07-11T11:34:17.560+0200] {dagbag.py:545} INFO - Filling up the DagBag from /home/florent/Programs/anaconda3/envs/airflow_etl/lib/python3.11/site-packages/airflow/example_dags/example_sensor_decorator.py
[2025-07-11T11:34:17.567+0200] {processor.py:840} INFO - DAG(s) 'example_sensor_decorator' retrieved from /home/florent/Programs/anaconda3/envs/airflow_etl/lib/python3.11/site-packages/airflow/example_dags/example_sensor_decorator.py
[2025-07-11T11:34:17.578+0200] {logging_mixin.py:188} INFO - [2025-07-11T11:34:17.578+0200] {dag.py:3096} INFO - Sync 1 DAGs
[2025-07-11T11:34:17.583+0200] {logging_mixin.py:188} INFO - [2025-07-11T11:34:17.583+0200] {dag.py:3954} INFO - Setting next_dagrun for example_sensor_decorator to None, run_after=None
[2025-07-11T11:34:17.593+0200] {processor.py:183} INFO - Processing /home/florent/Programs/anaconda3/envs/airflow_etl/lib/python3.11/site-packages/airflow/example_dags/example_sensor_decorator.py took 0.042 seconds
[2025-07-11T11:35:25.219+0200] {processor.py:161} INFO - Started process (PID=65181) to work on /home/florent/Programs/anaconda3/envs/airflow_etl/lib/python3.11/site-packages/airflow/example_dags/example_sensor_decorator.py
[2025-07-11T11:35:25.221+0200] {processor.py:830} INFO - Processing file /home/florent/Programs/anaconda3/envs/airflow_etl/lib/python3.11/site-packages/airflow/example_dags/example_sensor_decorator.py for tasks to queue
[2025-07-11T11:35:25.224+0200] {logging_mixin.py:188} INFO - [2025-07-11T11:35:25.223+0200] {dagbag.py:545} INFO - Filling up the DagBag from /home/florent/Programs/anaconda3/envs/airflow_etl/lib/python3.11/site-packages/airflow/example_dags/example_sensor_decorator.py
[2025-07-11T11:35:25.231+0200] {processor.py:840} INFO - DAG(s) 'example_sensor_decorator' retrieved from /home/florent/Programs/anaconda3/envs/airflow_etl/lib/python3.11/site-packages/airflow/example_dags/example_sensor_decorator.py
[2025-07-11T11:35:25.244+0200] {logging_mixin.py:188} INFO - [2025-07-11T11:35:25.244+0200] {dag.py:3096} INFO - Sync 1 DAGs
[2025-07-11T11:35:25.252+0200] {logging_mixin.py:188} INFO - [2025-07-11T11:35:25.251+0200] {dag.py:3954} INFO - Setting next_dagrun for example_sensor_decorator to None, run_after=None
[2025-07-11T11:35:25.263+0200] {processor.py:183} INFO - Processing /home/florent/Programs/anaconda3/envs/airflow_etl/lib/python3.11/site-packages/airflow/example_dags/example_sensor_decorator.py took 0.051 seconds
[2025-07-11T11:36:24.800+0200] {processor.py:161} INFO - Started process (PID=65861) to work on /home/florent/Programs/anaconda3/envs/airflow_etl/lib/python3.11/site-packages/airflow/example_dags/example_sensor_decorator.py
[2025-07-11T11:36:24.802+0200] {processor.py:830} INFO - Processing file /home/florent/Programs/anaconda3/envs/airflow_etl/lib/python3.11/site-packages/airflow/example_dags/example_sensor_decorator.py for tasks to queue
[2025-07-11T11:36:24.804+0200] {logging_mixin.py:188} INFO - [2025-07-11T11:36:24.804+0200] {dagbag.py:545} INFO - Filling up the DagBag from /home/florent/Programs/anaconda3/envs/airflow_etl/lib/python3.11/site-packages/airflow/example_dags/example_sensor_decorator.py
[2025-07-11T11:36:24.810+0200] {processor.py:840} INFO - DAG(s) 'example_sensor_decorator' retrieved from /home/florent/Programs/anaconda3/envs/airflow_etl/lib/python3.11/site-packages/airflow/example_dags/example_sensor_decorator.py
[2025-07-11T11:36:24.820+0200] {logging_mixin.py:188} INFO - [2025-07-11T11:36:24.820+0200] {dag.py:3096} INFO - Sync 1 DAGs
[2025-07-11T11:36:24.826+0200] {logging_mixin.py:188} INFO - [2025-07-11T11:36:24.826+0200] {dag.py:3954} INFO - Setting next_dagrun for example_sensor_decorator to None, run_after=None
[2025-07-11T11:36:24.836+0200] {processor.py:183} INFO - Processing /home/florent/Programs/anaconda3/envs/airflow_etl/lib/python3.11/site-packages/airflow/example_dags/example_sensor_decorator.py took 0.041 seconds
[2025-07-11T11:37:31.790+0200] {processor.py:161} INFO - Started process (PID=66584) to work on /home/florent/Programs/anaconda3/envs/airflow_etl/lib/python3.11/site-packages/airflow/example_dags/example_sensor_decorator.py
[2025-07-11T11:37:31.793+0200] {processor.py:830} INFO - Processing file /home/florent/Programs/anaconda3/envs/airflow_etl/lib/python3.11/site-packages/airflow/example_dags/example_sensor_decorator.py for tasks to queue
[2025-07-11T11:37:31.794+0200] {logging_mixin.py:188} INFO - [2025-07-11T11:37:31.794+0200] {dagbag.py:545} INFO - Filling up the DagBag from /home/florent/Programs/anaconda3/envs/airflow_etl/lib/python3.11/site-packages/airflow/example_dags/example_sensor_decorator.py
[2025-07-11T11:37:31.802+0200] {processor.py:840} INFO - DAG(s) 'example_sensor_decorator' retrieved from /home/florent/Programs/anaconda3/envs/airflow_etl/lib/python3.11/site-packages/airflow/example_dags/example_sensor_decorator.py
[2025-07-11T11:37:31.819+0200] {logging_mixin.py:188} INFO - [2025-07-11T11:37:31.818+0200] {dag.py:3096} INFO - Sync 1 DAGs
[2025-07-11T11:37:31.825+0200] {logging_mixin.py:188} INFO - [2025-07-11T11:37:31.825+0200] {dag.py:3954} INFO - Setting next_dagrun for example_sensor_decorator to None, run_after=None
[2025-07-11T11:37:31.837+0200] {processor.py:183} INFO - Processing /home/florent/Programs/anaconda3/envs/airflow_etl/lib/python3.11/site-packages/airflow/example_dags/example_sensor_decorator.py took 0.053 seconds
[2025-07-11T11:38:37.556+0200] {processor.py:161} INFO - Started process (PID=67227) to work on /home/florent/Programs/anaconda3/envs/airflow_etl/lib/python3.11/site-packages/airflow/example_dags/example_sensor_decorator.py
[2025-07-11T11:38:37.559+0200] {processor.py:830} INFO - Processing file /home/florent/Programs/anaconda3/envs/airflow_etl/lib/python3.11/site-packages/airflow/example_dags/example_sensor_decorator.py for tasks to queue
[2025-07-11T11:38:37.561+0200] {logging_mixin.py:188} INFO - [2025-07-11T11:38:37.561+0200] {dagbag.py:545} INFO - Filling up the DagBag from /home/florent/Programs/anaconda3/envs/airflow_etl/lib/python3.11/site-packages/airflow/example_dags/example_sensor_decorator.py
[2025-07-11T11:38:37.568+0200] {processor.py:840} INFO - DAG(s) 'example_sensor_decorator' retrieved from /home/florent/Programs/anaconda3/envs/airflow_etl/lib/python3.11/site-packages/airflow/example_dags/example_sensor_decorator.py
[2025-07-11T11:38:37.583+0200] {logging_mixin.py:188} INFO - [2025-07-11T11:38:37.583+0200] {dag.py:3096} INFO - Sync 1 DAGs
[2025-07-11T11:38:37.590+0200] {logging_mixin.py:188} INFO - [2025-07-11T11:38:37.589+0200] {dag.py:3954} INFO - Setting next_dagrun for example_sensor_decorator to None, run_after=None
[2025-07-11T11:38:37.604+0200] {processor.py:183} INFO - Processing /home/florent/Programs/anaconda3/envs/airflow_etl/lib/python3.11/site-packages/airflow/example_dags/example_sensor_decorator.py took 0.055 seconds
[2025-07-11T11:39:45.064+0200] {processor.py:161} INFO - Started process (PID=67999) to work on /home/florent/Programs/anaconda3/envs/airflow_etl/lib/python3.11/site-packages/airflow/example_dags/example_sensor_decorator.py
[2025-07-11T11:39:45.067+0200] {processor.py:830} INFO - Processing file /home/florent/Programs/anaconda3/envs/airflow_etl/lib/python3.11/site-packages/airflow/example_dags/example_sensor_decorator.py for tasks to queue
[2025-07-11T11:39:45.069+0200] {logging_mixin.py:188} INFO - [2025-07-11T11:39:45.068+0200] {dagbag.py:545} INFO - Filling up the DagBag from /home/florent/Programs/anaconda3/envs/airflow_etl/lib/python3.11/site-packages/airflow/example_dags/example_sensor_decorator.py
[2025-07-11T11:39:45.075+0200] {processor.py:840} INFO - DAG(s) 'example_sensor_decorator' retrieved from /home/florent/Programs/anaconda3/envs/airflow_etl/lib/python3.11/site-packages/airflow/example_dags/example_sensor_decorator.py
[2025-07-11T11:39:45.089+0200] {logging_mixin.py:188} INFO - [2025-07-11T11:39:45.089+0200] {dag.py:3096} INFO - Sync 1 DAGs
[2025-07-11T11:39:45.097+0200] {logging_mixin.py:188} INFO - [2025-07-11T11:39:45.097+0200] {dag.py:3954} INFO - Setting next_dagrun for example_sensor_decorator to None, run_after=None
[2025-07-11T11:39:45.109+0200] {processor.py:183} INFO - Processing /home/florent/Programs/anaconda3/envs/airflow_etl/lib/python3.11/site-packages/airflow/example_dags/example_sensor_decorator.py took 0.051 seconds
[2025-07-11T11:40:52.012+0200] {processor.py:161} INFO - Started process (PID=68703) to work on /home/florent/Programs/anaconda3/envs/airflow_etl/lib/python3.11/site-packages/airflow/example_dags/example_sensor_decorator.py
[2025-07-11T11:40:52.014+0200] {processor.py:830} INFO - Processing file /home/florent/Programs/anaconda3/envs/airflow_etl/lib/python3.11/site-packages/airflow/example_dags/example_sensor_decorator.py for tasks to queue
[2025-07-11T11:40:52.015+0200] {logging_mixin.py:188} INFO - [2025-07-11T11:40:52.015+0200] {dagbag.py:545} INFO - Filling up the DagBag from /home/florent/Programs/anaconda3/envs/airflow_etl/lib/python3.11/site-packages/airflow/example_dags/example_sensor_decorator.py
[2025-07-11T11:40:52.022+0200] {processor.py:840} INFO - DAG(s) 'example_sensor_decorator' retrieved from /home/florent/Programs/anaconda3/envs/airflow_etl/lib/python3.11/site-packages/airflow/example_dags/example_sensor_decorator.py
[2025-07-11T11:40:52.032+0200] {logging_mixin.py:188} INFO - [2025-07-11T11:40:52.032+0200] {dag.py:3096} INFO - Sync 1 DAGs
[2025-07-11T11:40:52.037+0200] {logging_mixin.py:188} INFO - [2025-07-11T11:40:52.037+0200] {dag.py:3954} INFO - Setting next_dagrun for example_sensor_decorator to None, run_after=None
[2025-07-11T11:40:52.047+0200] {processor.py:183} INFO - Processing /home/florent/Programs/anaconda3/envs/airflow_etl/lib/python3.11/site-packages/airflow/example_dags/example_sensor_decorator.py took 0.041 seconds
[2025-07-11T11:41:56.281+0200] {processor.py:161} INFO - Started process (PID=69355) to work on /home/florent/Programs/anaconda3/envs/airflow_etl/lib/python3.11/site-packages/airflow/example_dags/example_sensor_decorator.py
[2025-07-11T11:41:56.284+0200] {processor.py:830} INFO - Processing file /home/florent/Programs/anaconda3/envs/airflow_etl/lib/python3.11/site-packages/airflow/example_dags/example_sensor_decorator.py for tasks to queue
[2025-07-11T11:41:56.286+0200] {logging_mixin.py:188} INFO - [2025-07-11T11:41:56.285+0200] {dagbag.py:545} INFO - Filling up the DagBag from /home/florent/Programs/anaconda3/envs/airflow_etl/lib/python3.11/site-packages/airflow/example_dags/example_sensor_decorator.py
[2025-07-11T11:41:56.292+0200] {processor.py:840} INFO - DAG(s) 'example_sensor_decorator' retrieved from /home/florent/Programs/anaconda3/envs/airflow_etl/lib/python3.11/site-packages/airflow/example_dags/example_sensor_decorator.py
[2025-07-11T11:41:56.303+0200] {logging_mixin.py:188} INFO - [2025-07-11T11:41:56.303+0200] {dag.py:3096} INFO - Sync 1 DAGs
[2025-07-11T11:41:56.309+0200] {logging_mixin.py:188} INFO - [2025-07-11T11:41:56.308+0200] {dag.py:3954} INFO - Setting next_dagrun for example_sensor_decorator to None, run_after=None
[2025-07-11T11:41:56.320+0200] {processor.py:183} INFO - Processing /home/florent/Programs/anaconda3/envs/airflow_etl/lib/python3.11/site-packages/airflow/example_dags/example_sensor_decorator.py took 0.045 seconds
[2025-07-11T11:42:59.813+0200] {processor.py:161} INFO - Started process (PID=70186) to work on /home/florent/Programs/anaconda3/envs/airflow_etl/lib/python3.11/site-packages/airflow/example_dags/example_sensor_decorator.py
[2025-07-11T11:42:59.816+0200] {processor.py:830} INFO - Processing file /home/florent/Programs/anaconda3/envs/airflow_etl/lib/python3.11/site-packages/airflow/example_dags/example_sensor_decorator.py for tasks to queue
[2025-07-11T11:42:59.818+0200] {logging_mixin.py:188} INFO - [2025-07-11T11:42:59.818+0200] {dagbag.py:545} INFO - Filling up the DagBag from /home/florent/Programs/anaconda3/envs/airflow_etl/lib/python3.11/site-packages/airflow/example_dags/example_sensor_decorator.py
[2025-07-11T11:42:59.824+0200] {processor.py:840} INFO - DAG(s) 'example_sensor_decorator' retrieved from /home/florent/Programs/anaconda3/envs/airflow_etl/lib/python3.11/site-packages/airflow/example_dags/example_sensor_decorator.py
[2025-07-11T11:42:59.838+0200] {logging_mixin.py:188} INFO - [2025-07-11T11:42:59.838+0200] {dag.py:3096} INFO - Sync 1 DAGs
[2025-07-11T11:42:59.846+0200] {logging_mixin.py:188} INFO - [2025-07-11T11:42:59.846+0200] {dag.py:3954} INFO - Setting next_dagrun for example_sensor_decorator to None, run_after=None
[2025-07-11T11:42:59.858+0200] {processor.py:183} INFO - Processing /home/florent/Programs/anaconda3/envs/airflow_etl/lib/python3.11/site-packages/airflow/example_dags/example_sensor_decorator.py took 0.052 seconds
[2025-07-11T11:44:03.365+0200] {processor.py:161} INFO - Started process (PID=70927) to work on /home/florent/Programs/anaconda3/envs/airflow_etl/lib/python3.11/site-packages/airflow/example_dags/example_sensor_decorator.py
[2025-07-11T11:44:03.369+0200] {processor.py:830} INFO - Processing file /home/florent/Programs/anaconda3/envs/airflow_etl/lib/python3.11/site-packages/airflow/example_dags/example_sensor_decorator.py for tasks to queue
[2025-07-11T11:44:03.371+0200] {logging_mixin.py:188} INFO - [2025-07-11T11:44:03.370+0200] {dagbag.py:545} INFO - Filling up the DagBag from /home/florent/Programs/anaconda3/envs/airflow_etl/lib/python3.11/site-packages/airflow/example_dags/example_sensor_decorator.py
[2025-07-11T11:44:03.378+0200] {processor.py:840} INFO - DAG(s) 'example_sensor_decorator' retrieved from /home/florent/Programs/anaconda3/envs/airflow_etl/lib/python3.11/site-packages/airflow/example_dags/example_sensor_decorator.py
[2025-07-11T11:44:03.398+0200] {logging_mixin.py:188} INFO - [2025-07-11T11:44:03.398+0200] {dag.py:3096} INFO - Sync 1 DAGs
[2025-07-11T11:44:03.412+0200] {logging_mixin.py:188} INFO - [2025-07-11T11:44:03.412+0200] {dag.py:3954} INFO - Setting next_dagrun for example_sensor_decorator to None, run_after=None
[2025-07-11T11:44:03.441+0200] {processor.py:183} INFO - Processing /home/florent/Programs/anaconda3/envs/airflow_etl/lib/python3.11/site-packages/airflow/example_dags/example_sensor_decorator.py took 0.086 seconds
[2025-07-11T11:45:14.296+0200] {processor.py:161} INFO - Started process (PID=71771) to work on /home/florent/Programs/anaconda3/envs/airflow_etl/lib/python3.11/site-packages/airflow/example_dags/example_sensor_decorator.py
[2025-07-11T11:45:14.298+0200] {processor.py:830} INFO - Processing file /home/florent/Programs/anaconda3/envs/airflow_etl/lib/python3.11/site-packages/airflow/example_dags/example_sensor_decorator.py for tasks to queue
[2025-07-11T11:45:14.301+0200] {logging_mixin.py:188} INFO - [2025-07-11T11:45:14.300+0200] {dagbag.py:545} INFO - Filling up the DagBag from /home/florent/Programs/anaconda3/envs/airflow_etl/lib/python3.11/site-packages/airflow/example_dags/example_sensor_decorator.py
[2025-07-11T11:45:14.308+0200] {processor.py:840} INFO - DAG(s) 'example_sensor_decorator' retrieved from /home/florent/Programs/anaconda3/envs/airflow_etl/lib/python3.11/site-packages/airflow/example_dags/example_sensor_decorator.py
[2025-07-11T11:45:14.325+0200] {logging_mixin.py:188} INFO - [2025-07-11T11:45:14.325+0200] {dag.py:3096} INFO - Sync 1 DAGs
[2025-07-11T11:45:14.332+0200] {logging_mixin.py:188} INFO - [2025-07-11T11:45:14.332+0200] {dag.py:3954} INFO - Setting next_dagrun for example_sensor_decorator to None, run_after=None
[2025-07-11T11:45:14.344+0200] {processor.py:183} INFO - Processing /home/florent/Programs/anaconda3/envs/airflow_etl/lib/python3.11/site-packages/airflow/example_dags/example_sensor_decorator.py took 0.055 seconds
[2025-07-11T11:46:17.774+0200] {processor.py:161} INFO - Started process (PID=72525) to work on /home/florent/Programs/anaconda3/envs/airflow_etl/lib/python3.11/site-packages/airflow/example_dags/example_sensor_decorator.py
[2025-07-11T11:46:17.776+0200] {processor.py:830} INFO - Processing file /home/florent/Programs/anaconda3/envs/airflow_etl/lib/python3.11/site-packages/airflow/example_dags/example_sensor_decorator.py for tasks to queue
[2025-07-11T11:46:17.777+0200] {logging_mixin.py:188} INFO - [2025-07-11T11:46:17.777+0200] {dagbag.py:545} INFO - Filling up the DagBag from /home/florent/Programs/anaconda3/envs/airflow_etl/lib/python3.11/site-packages/airflow/example_dags/example_sensor_decorator.py
[2025-07-11T11:46:17.780+0200] {processor.py:840} INFO - DAG(s) 'example_sensor_decorator' retrieved from /home/florent/Programs/anaconda3/envs/airflow_etl/lib/python3.11/site-packages/airflow/example_dags/example_sensor_decorator.py
[2025-07-11T11:46:17.789+0200] {logging_mixin.py:188} INFO - [2025-07-11T11:46:17.789+0200] {dag.py:3096} INFO - Sync 1 DAGs
[2025-07-11T11:46:17.795+0200] {logging_mixin.py:188} INFO - [2025-07-11T11:46:17.794+0200] {dag.py:3954} INFO - Setting next_dagrun for example_sensor_decorator to None, run_after=None
[2025-07-11T11:46:17.805+0200] {processor.py:183} INFO - Processing /home/florent/Programs/anaconda3/envs/airflow_etl/lib/python3.11/site-packages/airflow/example_dags/example_sensor_decorator.py took 0.035 seconds
[2025-07-11T11:47:19.500+0200] {processor.py:161} INFO - Started process (PID=73131) to work on /home/florent/Programs/anaconda3/envs/airflow_etl/lib/python3.11/site-packages/airflow/example_dags/example_sensor_decorator.py
[2025-07-11T11:47:19.503+0200] {processor.py:830} INFO - Processing file /home/florent/Programs/anaconda3/envs/airflow_etl/lib/python3.11/site-packages/airflow/example_dags/example_sensor_decorator.py for tasks to queue
[2025-07-11T11:47:19.505+0200] {logging_mixin.py:188} INFO - [2025-07-11T11:47:19.505+0200] {dagbag.py:545} INFO - Filling up the DagBag from /home/florent/Programs/anaconda3/envs/airflow_etl/lib/python3.11/site-packages/airflow/example_dags/example_sensor_decorator.py
[2025-07-11T11:47:19.511+0200] {processor.py:840} INFO - DAG(s) 'example_sensor_decorator' retrieved from /home/florent/Programs/anaconda3/envs/airflow_etl/lib/python3.11/site-packages/airflow/example_dags/example_sensor_decorator.py
[2025-07-11T11:47:19.522+0200] {logging_mixin.py:188} INFO - [2025-07-11T11:47:19.522+0200] {dag.py:3096} INFO - Sync 1 DAGs
[2025-07-11T11:47:19.528+0200] {logging_mixin.py:188} INFO - [2025-07-11T11:47:19.528+0200] {dag.py:3954} INFO - Setting next_dagrun for example_sensor_decorator to None, run_after=None
[2025-07-11T11:47:19.539+0200] {processor.py:183} INFO - Processing /home/florent/Programs/anaconda3/envs/airflow_etl/lib/python3.11/site-packages/airflow/example_dags/example_sensor_decorator.py took 0.044 seconds
[2025-07-11T11:48:24.141+0200] {processor.py:161} INFO - Started process (PID=73830) to work on /home/florent/Programs/anaconda3/envs/airflow_etl/lib/python3.11/site-packages/airflow/example_dags/example_sensor_decorator.py
[2025-07-11T11:48:24.144+0200] {processor.py:830} INFO - Processing file /home/florent/Programs/anaconda3/envs/airflow_etl/lib/python3.11/site-packages/airflow/example_dags/example_sensor_decorator.py for tasks to queue
[2025-07-11T11:48:24.146+0200] {logging_mixin.py:188} INFO - [2025-07-11T11:48:24.145+0200] {dagbag.py:545} INFO - Filling up the DagBag from /home/florent/Programs/anaconda3/envs/airflow_etl/lib/python3.11/site-packages/airflow/example_dags/example_sensor_decorator.py
[2025-07-11T11:48:24.152+0200] {processor.py:840} INFO - DAG(s) 'example_sensor_decorator' retrieved from /home/florent/Programs/anaconda3/envs/airflow_etl/lib/python3.11/site-packages/airflow/example_dags/example_sensor_decorator.py
[2025-07-11T11:48:24.164+0200] {logging_mixin.py:188} INFO - [2025-07-11T11:48:24.164+0200] {dag.py:3096} INFO - Sync 1 DAGs
[2025-07-11T11:48:24.173+0200] {logging_mixin.py:188} INFO - [2025-07-11T11:48:24.173+0200] {dag.py:3954} INFO - Setting next_dagrun for example_sensor_decorator to None, run_after=None
[2025-07-11T11:48:24.185+0200] {processor.py:183} INFO - Processing /home/florent/Programs/anaconda3/envs/airflow_etl/lib/python3.11/site-packages/airflow/example_dags/example_sensor_decorator.py took 0.050 seconds
[2025-07-11T11:49:27.962+0200] {processor.py:161} INFO - Started process (PID=74439) to work on /home/florent/Programs/anaconda3/envs/airflow_etl/lib/python3.11/site-packages/airflow/example_dags/example_sensor_decorator.py
[2025-07-11T11:49:27.965+0200] {processor.py:830} INFO - Processing file /home/florent/Programs/anaconda3/envs/airflow_etl/lib/python3.11/site-packages/airflow/example_dags/example_sensor_decorator.py for tasks to queue
[2025-07-11T11:49:27.967+0200] {logging_mixin.py:188} INFO - [2025-07-11T11:49:27.966+0200] {dagbag.py:545} INFO - Filling up the DagBag from /home/florent/Programs/anaconda3/envs/airflow_etl/lib/python3.11/site-packages/airflow/example_dags/example_sensor_decorator.py
[2025-07-11T11:49:27.974+0200] {processor.py:840} INFO - DAG(s) 'example_sensor_decorator' retrieved from /home/florent/Programs/anaconda3/envs/airflow_etl/lib/python3.11/site-packages/airflow/example_dags/example_sensor_decorator.py
[2025-07-11T11:49:27.987+0200] {logging_mixin.py:188} INFO - [2025-07-11T11:49:27.987+0200] {dag.py:3096} INFO - Sync 1 DAGs
[2025-07-11T11:49:27.994+0200] {logging_mixin.py:188} INFO - [2025-07-11T11:49:27.994+0200] {dag.py:3954} INFO - Setting next_dagrun for example_sensor_decorator to None, run_after=None
[2025-07-11T11:49:28.009+0200] {processor.py:183} INFO - Processing /home/florent/Programs/anaconda3/envs/airflow_etl/lib/python3.11/site-packages/airflow/example_dags/example_sensor_decorator.py took 0.052 seconds
[2025-07-11T11:50:35.451+0200] {processor.py:161} INFO - Started process (PID=75153) to work on /home/florent/Programs/anaconda3/envs/airflow_etl/lib/python3.11/site-packages/airflow/example_dags/example_sensor_decorator.py
[2025-07-11T11:50:35.452+0200] {processor.py:830} INFO - Processing file /home/florent/Programs/anaconda3/envs/airflow_etl/lib/python3.11/site-packages/airflow/example_dags/example_sensor_decorator.py for tasks to queue
[2025-07-11T11:50:35.454+0200] {logging_mixin.py:188} INFO - [2025-07-11T11:50:35.453+0200] {dagbag.py:545} INFO - Filling up the DagBag from /home/florent/Programs/anaconda3/envs/airflow_etl/lib/python3.11/site-packages/airflow/example_dags/example_sensor_decorator.py
[2025-07-11T11:50:35.461+0200] {processor.py:840} INFO - DAG(s) 'example_sensor_decorator' retrieved from /home/florent/Programs/anaconda3/envs/airflow_etl/lib/python3.11/site-packages/airflow/example_dags/example_sensor_decorator.py
[2025-07-11T11:50:35.474+0200] {logging_mixin.py:188} INFO - [2025-07-11T11:50:35.474+0200] {dag.py:3096} INFO - Sync 1 DAGs
[2025-07-11T11:50:35.484+0200] {logging_mixin.py:188} INFO - [2025-07-11T11:50:35.484+0200] {dag.py:3954} INFO - Setting next_dagrun for example_sensor_decorator to None, run_after=None
[2025-07-11T11:50:35.502+0200] {processor.py:183} INFO - Processing /home/florent/Programs/anaconda3/envs/airflow_etl/lib/python3.11/site-packages/airflow/example_dags/example_sensor_decorator.py took 0.057 seconds
[2025-07-11T11:51:42.915+0200] {processor.py:161} INFO - Started process (PID=75805) to work on /home/florent/Programs/anaconda3/envs/airflow_etl/lib/python3.11/site-packages/airflow/example_dags/example_sensor_decorator.py
[2025-07-11T11:51:42.918+0200] {processor.py:830} INFO - Processing file /home/florent/Programs/anaconda3/envs/airflow_etl/lib/python3.11/site-packages/airflow/example_dags/example_sensor_decorator.py for tasks to queue
[2025-07-11T11:51:42.919+0200] {logging_mixin.py:188} INFO - [2025-07-11T11:51:42.919+0200] {dagbag.py:545} INFO - Filling up the DagBag from /home/florent/Programs/anaconda3/envs/airflow_etl/lib/python3.11/site-packages/airflow/example_dags/example_sensor_decorator.py
[2025-07-11T11:51:42.926+0200] {processor.py:840} INFO - DAG(s) 'example_sensor_decorator' retrieved from /home/florent/Programs/anaconda3/envs/airflow_etl/lib/python3.11/site-packages/airflow/example_dags/example_sensor_decorator.py
[2025-07-11T11:51:42.938+0200] {logging_mixin.py:188} INFO - [2025-07-11T11:51:42.938+0200] {dag.py:3096} INFO - Sync 1 DAGs
[2025-07-11T11:51:42.945+0200] {logging_mixin.py:188} INFO - [2025-07-11T11:51:42.945+0200] {dag.py:3954} INFO - Setting next_dagrun for example_sensor_decorator to None, run_after=None
[2025-07-11T11:51:42.957+0200] {processor.py:183} INFO - Processing /home/florent/Programs/anaconda3/envs/airflow_etl/lib/python3.11/site-packages/airflow/example_dags/example_sensor_decorator.py took 0.049 seconds
[2025-07-11T11:52:46.821+0200] {processor.py:161} INFO - Started process (PID=76463) to work on /home/florent/Programs/anaconda3/envs/airflow_etl/lib/python3.11/site-packages/airflow/example_dags/example_sensor_decorator.py
[2025-07-11T11:52:46.824+0200] {processor.py:830} INFO - Processing file /home/florent/Programs/anaconda3/envs/airflow_etl/lib/python3.11/site-packages/airflow/example_dags/example_sensor_decorator.py for tasks to queue
[2025-07-11T11:52:46.826+0200] {logging_mixin.py:188} INFO - [2025-07-11T11:52:46.825+0200] {dagbag.py:545} INFO - Filling up the DagBag from /home/florent/Programs/anaconda3/envs/airflow_etl/lib/python3.11/site-packages/airflow/example_dags/example_sensor_decorator.py
[2025-07-11T11:52:46.833+0200] {processor.py:840} INFO - DAG(s) 'example_sensor_decorator' retrieved from /home/florent/Programs/anaconda3/envs/airflow_etl/lib/python3.11/site-packages/airflow/example_dags/example_sensor_decorator.py
[2025-07-11T11:52:46.846+0200] {logging_mixin.py:188} INFO - [2025-07-11T11:52:46.845+0200] {dag.py:3096} INFO - Sync 1 DAGs
[2025-07-11T11:52:46.852+0200] {logging_mixin.py:188} INFO - [2025-07-11T11:52:46.852+0200] {dag.py:3954} INFO - Setting next_dagrun for example_sensor_decorator to None, run_after=None
[2025-07-11T11:52:46.864+0200] {processor.py:183} INFO - Processing /home/florent/Programs/anaconda3/envs/airflow_etl/lib/python3.11/site-packages/airflow/example_dags/example_sensor_decorator.py took 0.048 seconds
[2025-07-11T11:53:50.240+0200] {processor.py:161} INFO - Started process (PID=77099) to work on /home/florent/Programs/anaconda3/envs/airflow_etl/lib/python3.11/site-packages/airflow/example_dags/example_sensor_decorator.py
[2025-07-11T11:53:50.243+0200] {processor.py:830} INFO - Processing file /home/florent/Programs/anaconda3/envs/airflow_etl/lib/python3.11/site-packages/airflow/example_dags/example_sensor_decorator.py for tasks to queue
[2025-07-11T11:53:50.245+0200] {logging_mixin.py:188} INFO - [2025-07-11T11:53:50.244+0200] {dagbag.py:545} INFO - Filling up the DagBag from /home/florent/Programs/anaconda3/envs/airflow_etl/lib/python3.11/site-packages/airflow/example_dags/example_sensor_decorator.py
[2025-07-11T11:53:50.250+0200] {processor.py:840} INFO - DAG(s) 'example_sensor_decorator' retrieved from /home/florent/Programs/anaconda3/envs/airflow_etl/lib/python3.11/site-packages/airflow/example_dags/example_sensor_decorator.py
[2025-07-11T11:53:50.266+0200] {logging_mixin.py:188} INFO - [2025-07-11T11:53:50.266+0200] {dag.py:3096} INFO - Sync 1 DAGs
[2025-07-11T11:53:50.275+0200] {logging_mixin.py:188} INFO - [2025-07-11T11:53:50.275+0200] {dag.py:3954} INFO - Setting next_dagrun for example_sensor_decorator to None, run_after=None
[2025-07-11T11:53:50.287+0200] {processor.py:183} INFO - Processing /home/florent/Programs/anaconda3/envs/airflow_etl/lib/python3.11/site-packages/airflow/example_dags/example_sensor_decorator.py took 0.053 seconds
[2025-07-11T11:55:00.519+0200] {processor.py:161} INFO - Started process (PID=77794) to work on /home/florent/Programs/anaconda3/envs/airflow_etl/lib/python3.11/site-packages/airflow/example_dags/example_sensor_decorator.py
[2025-07-11T11:55:00.521+0200] {processor.py:830} INFO - Processing file /home/florent/Programs/anaconda3/envs/airflow_etl/lib/python3.11/site-packages/airflow/example_dags/example_sensor_decorator.py for tasks to queue
[2025-07-11T11:55:00.523+0200] {logging_mixin.py:188} INFO - [2025-07-11T11:55:00.523+0200] {dagbag.py:545} INFO - Filling up the DagBag from /home/florent/Programs/anaconda3/envs/airflow_etl/lib/python3.11/site-packages/airflow/example_dags/example_sensor_decorator.py
[2025-07-11T11:55:00.530+0200] {processor.py:840} INFO - DAG(s) 'example_sensor_decorator' retrieved from /home/florent/Programs/anaconda3/envs/airflow_etl/lib/python3.11/site-packages/airflow/example_dags/example_sensor_decorator.py
[2025-07-11T11:55:00.542+0200] {logging_mixin.py:188} INFO - [2025-07-11T11:55:00.542+0200] {dag.py:3096} INFO - Sync 1 DAGs
[2025-07-11T11:55:00.549+0200] {logging_mixin.py:188} INFO - [2025-07-11T11:55:00.549+0200] {dag.py:3954} INFO - Setting next_dagrun for example_sensor_decorator to None, run_after=None
[2025-07-11T11:55:00.566+0200] {processor.py:183} INFO - Processing /home/florent/Programs/anaconda3/envs/airflow_etl/lib/python3.11/site-packages/airflow/example_dags/example_sensor_decorator.py took 0.053 seconds
[2025-07-11T11:56:02.263+0200] {processor.py:161} INFO - Started process (PID=78481) to work on /home/florent/Programs/anaconda3/envs/airflow_etl/lib/python3.11/site-packages/airflow/example_dags/example_sensor_decorator.py
[2025-07-11T11:56:02.266+0200] {processor.py:830} INFO - Processing file /home/florent/Programs/anaconda3/envs/airflow_etl/lib/python3.11/site-packages/airflow/example_dags/example_sensor_decorator.py for tasks to queue
[2025-07-11T11:56:02.267+0200] {logging_mixin.py:188} INFO - [2025-07-11T11:56:02.267+0200] {dagbag.py:545} INFO - Filling up the DagBag from /home/florent/Programs/anaconda3/envs/airflow_etl/lib/python3.11/site-packages/airflow/example_dags/example_sensor_decorator.py
[2025-07-11T11:56:02.272+0200] {processor.py:840} INFO - DAG(s) 'example_sensor_decorator' retrieved from /home/florent/Programs/anaconda3/envs/airflow_etl/lib/python3.11/site-packages/airflow/example_dags/example_sensor_decorator.py
[2025-07-11T11:56:02.283+0200] {logging_mixin.py:188} INFO - [2025-07-11T11:56:02.283+0200] {dag.py:3096} INFO - Sync 1 DAGs
[2025-07-11T11:56:02.290+0200] {logging_mixin.py:188} INFO - [2025-07-11T11:56:02.290+0200] {dag.py:3954} INFO - Setting next_dagrun for example_sensor_decorator to None, run_after=None
[2025-07-11T11:56:02.302+0200] {processor.py:183} INFO - Processing /home/florent/Programs/anaconda3/envs/airflow_etl/lib/python3.11/site-packages/airflow/example_dags/example_sensor_decorator.py took 0.044 seconds
[2025-07-11T11:57:05.774+0200] {processor.py:161} INFO - Started process (PID=79125) to work on /home/florent/Programs/anaconda3/envs/airflow_etl/lib/python3.11/site-packages/airflow/example_dags/example_sensor_decorator.py
[2025-07-11T11:57:05.776+0200] {processor.py:830} INFO - Processing file /home/florent/Programs/anaconda3/envs/airflow_etl/lib/python3.11/site-packages/airflow/example_dags/example_sensor_decorator.py for tasks to queue
[2025-07-11T11:57:05.778+0200] {logging_mixin.py:188} INFO - [2025-07-11T11:57:05.778+0200] {dagbag.py:545} INFO - Filling up the DagBag from /home/florent/Programs/anaconda3/envs/airflow_etl/lib/python3.11/site-packages/airflow/example_dags/example_sensor_decorator.py
[2025-07-11T11:57:05.785+0200] {processor.py:840} INFO - DAG(s) 'example_sensor_decorator' retrieved from /home/florent/Programs/anaconda3/envs/airflow_etl/lib/python3.11/site-packages/airflow/example_dags/example_sensor_decorator.py
[2025-07-11T11:57:05.798+0200] {logging_mixin.py:188} INFO - [2025-07-11T11:57:05.797+0200] {dag.py:3096} INFO - Sync 1 DAGs
[2025-07-11T11:57:05.804+0200] {logging_mixin.py:188} INFO - [2025-07-11T11:57:05.804+0200] {dag.py:3954} INFO - Setting next_dagrun for example_sensor_decorator to None, run_after=None
[2025-07-11T11:57:05.815+0200] {processor.py:183} INFO - Processing /home/florent/Programs/anaconda3/envs/airflow_etl/lib/python3.11/site-packages/airflow/example_dags/example_sensor_decorator.py took 0.047 seconds
[2025-07-11T11:58:10.845+0200] {processor.py:161} INFO - Started process (PID=79758) to work on /home/florent/Programs/anaconda3/envs/airflow_etl/lib/python3.11/site-packages/airflow/example_dags/example_sensor_decorator.py
[2025-07-11T11:58:10.848+0200] {processor.py:830} INFO - Processing file /home/florent/Programs/anaconda3/envs/airflow_etl/lib/python3.11/site-packages/airflow/example_dags/example_sensor_decorator.py for tasks to queue
[2025-07-11T11:58:10.850+0200] {logging_mixin.py:188} INFO - [2025-07-11T11:58:10.849+0200] {dagbag.py:545} INFO - Filling up the DagBag from /home/florent/Programs/anaconda3/envs/airflow_etl/lib/python3.11/site-packages/airflow/example_dags/example_sensor_decorator.py
[2025-07-11T11:58:10.857+0200] {processor.py:840} INFO - DAG(s) 'example_sensor_decorator' retrieved from /home/florent/Programs/anaconda3/envs/airflow_etl/lib/python3.11/site-packages/airflow/example_dags/example_sensor_decorator.py
[2025-07-11T11:58:10.869+0200] {logging_mixin.py:188} INFO - [2025-07-11T11:58:10.869+0200] {dag.py:3096} INFO - Sync 1 DAGs
[2025-07-11T11:58:10.876+0200] {logging_mixin.py:188} INFO - [2025-07-11T11:58:10.875+0200] {dag.py:3954} INFO - Setting next_dagrun for example_sensor_decorator to None, run_after=None
[2025-07-11T11:58:10.888+0200] {processor.py:183} INFO - Processing /home/florent/Programs/anaconda3/envs/airflow_etl/lib/python3.11/site-packages/airflow/example_dags/example_sensor_decorator.py took 0.050 seconds
[2025-07-11T11:59:16.190+0200] {processor.py:161} INFO - Started process (PID=80427) to work on /home/florent/Programs/anaconda3/envs/airflow_etl/lib/python3.11/site-packages/airflow/example_dags/example_sensor_decorator.py
[2025-07-11T11:59:16.193+0200] {processor.py:830} INFO - Processing file /home/florent/Programs/anaconda3/envs/airflow_etl/lib/python3.11/site-packages/airflow/example_dags/example_sensor_decorator.py for tasks to queue
[2025-07-11T11:59:16.195+0200] {logging_mixin.py:188} INFO - [2025-07-11T11:59:16.194+0200] {dagbag.py:545} INFO - Filling up the DagBag from /home/florent/Programs/anaconda3/envs/airflow_etl/lib/python3.11/site-packages/airflow/example_dags/example_sensor_decorator.py
[2025-07-11T11:59:16.202+0200] {processor.py:840} INFO - DAG(s) 'example_sensor_decorator' retrieved from /home/florent/Programs/anaconda3/envs/airflow_etl/lib/python3.11/site-packages/airflow/example_dags/example_sensor_decorator.py
[2025-07-11T11:59:16.216+0200] {logging_mixin.py:188} INFO - [2025-07-11T11:59:16.215+0200] {dag.py:3096} INFO - Sync 1 DAGs
[2025-07-11T11:59:16.223+0200] {logging_mixin.py:188} INFO - [2025-07-11T11:59:16.223+0200] {dag.py:3954} INFO - Setting next_dagrun for example_sensor_decorator to None, run_after=None
[2025-07-11T11:59:16.238+0200] {processor.py:183} INFO - Processing /home/florent/Programs/anaconda3/envs/airflow_etl/lib/python3.11/site-packages/airflow/example_dags/example_sensor_decorator.py took 0.053 seconds
[2025-07-11T12:00:26.020+0200] {processor.py:161} INFO - Started process (PID=81107) to work on /home/florent/Programs/anaconda3/envs/airflow_etl/lib/python3.11/site-packages/airflow/example_dags/example_sensor_decorator.py
[2025-07-11T12:00:26.021+0200] {processor.py:830} INFO - Processing file /home/florent/Programs/anaconda3/envs/airflow_etl/lib/python3.11/site-packages/airflow/example_dags/example_sensor_decorator.py for tasks to queue
[2025-07-11T12:00:26.022+0200] {logging_mixin.py:188} INFO - [2025-07-11T12:00:26.022+0200] {dagbag.py:545} INFO - Filling up the DagBag from /home/florent/Programs/anaconda3/envs/airflow_etl/lib/python3.11/site-packages/airflow/example_dags/example_sensor_decorator.py
[2025-07-11T12:00:26.029+0200] {processor.py:840} INFO - DAG(s) 'example_sensor_decorator' retrieved from /home/florent/Programs/anaconda3/envs/airflow_etl/lib/python3.11/site-packages/airflow/example_dags/example_sensor_decorator.py
[2025-07-11T12:00:26.041+0200] {logging_mixin.py:188} INFO - [2025-07-11T12:00:26.041+0200] {dag.py:3096} INFO - Sync 1 DAGs
[2025-07-11T12:00:26.048+0200] {logging_mixin.py:188} INFO - [2025-07-11T12:00:26.048+0200] {dag.py:3954} INFO - Setting next_dagrun for example_sensor_decorator to None, run_after=None
[2025-07-11T12:00:26.060+0200] {processor.py:183} INFO - Processing /home/florent/Programs/anaconda3/envs/airflow_etl/lib/python3.11/site-packages/airflow/example_dags/example_sensor_decorator.py took 0.048 seconds
[2025-07-11T12:01:34.726+0200] {processor.py:161} INFO - Started process (PID=81831) to work on /home/florent/Programs/anaconda3/envs/airflow_etl/lib/python3.11/site-packages/airflow/example_dags/example_sensor_decorator.py
[2025-07-11T12:01:34.729+0200] {processor.py:830} INFO - Processing file /home/florent/Programs/anaconda3/envs/airflow_etl/lib/python3.11/site-packages/airflow/example_dags/example_sensor_decorator.py for tasks to queue
[2025-07-11T12:01:34.731+0200] {logging_mixin.py:188} INFO - [2025-07-11T12:01:34.731+0200] {dagbag.py:545} INFO - Filling up the DagBag from /home/florent/Programs/anaconda3/envs/airflow_etl/lib/python3.11/site-packages/airflow/example_dags/example_sensor_decorator.py
[2025-07-11T12:01:34.737+0200] {processor.py:840} INFO - DAG(s) 'example_sensor_decorator' retrieved from /home/florent/Programs/anaconda3/envs/airflow_etl/lib/python3.11/site-packages/airflow/example_dags/example_sensor_decorator.py
[2025-07-11T12:01:34.747+0200] {logging_mixin.py:188} INFO - [2025-07-11T12:01:34.747+0200] {dag.py:3096} INFO - Sync 1 DAGs
[2025-07-11T12:01:34.755+0200] {logging_mixin.py:188} INFO - [2025-07-11T12:01:34.754+0200] {dag.py:3954} INFO - Setting next_dagrun for example_sensor_decorator to None, run_after=None
[2025-07-11T12:01:34.765+0200] {processor.py:183} INFO - Processing /home/florent/Programs/anaconda3/envs/airflow_etl/lib/python3.11/site-packages/airflow/example_dags/example_sensor_decorator.py took 0.045 seconds
[2025-07-11T12:02:33.867+0200] {processor.py:161} INFO - Started process (PID=82404) to work on /home/florent/Programs/anaconda3/envs/airflow_etl/lib/python3.11/site-packages/airflow/example_dags/example_sensor_decorator.py
[2025-07-11T12:02:33.870+0200] {processor.py:830} INFO - Processing file /home/florent/Programs/anaconda3/envs/airflow_etl/lib/python3.11/site-packages/airflow/example_dags/example_sensor_decorator.py for tasks to queue
[2025-07-11T12:02:33.872+0200] {logging_mixin.py:188} INFO - [2025-07-11T12:02:33.871+0200] {dagbag.py:545} INFO - Filling up the DagBag from /home/florent/Programs/anaconda3/envs/airflow_etl/lib/python3.11/site-packages/airflow/example_dags/example_sensor_decorator.py
[2025-07-11T12:02:33.878+0200] {processor.py:840} INFO - DAG(s) 'example_sensor_decorator' retrieved from /home/florent/Programs/anaconda3/envs/airflow_etl/lib/python3.11/site-packages/airflow/example_dags/example_sensor_decorator.py
[2025-07-11T12:02:33.890+0200] {logging_mixin.py:188} INFO - [2025-07-11T12:02:33.890+0200] {dag.py:3096} INFO - Sync 1 DAGs
[2025-07-11T12:02:33.897+0200] {logging_mixin.py:188} INFO - [2025-07-11T12:02:33.897+0200] {dag.py:3954} INFO - Setting next_dagrun for example_sensor_decorator to None, run_after=None
[2025-07-11T12:02:33.910+0200] {processor.py:183} INFO - Processing /home/florent/Programs/anaconda3/envs/airflow_etl/lib/python3.11/site-packages/airflow/example_dags/example_sensor_decorator.py took 0.050 seconds
[2025-07-11T12:03:43.947+0200] {processor.py:161} INFO - Started process (PID=83118) to work on /home/florent/Programs/anaconda3/envs/airflow_etl/lib/python3.11/site-packages/airflow/example_dags/example_sensor_decorator.py
[2025-07-11T12:03:43.949+0200] {processor.py:830} INFO - Processing file /home/florent/Programs/anaconda3/envs/airflow_etl/lib/python3.11/site-packages/airflow/example_dags/example_sensor_decorator.py for tasks to queue
[2025-07-11T12:03:43.951+0200] {logging_mixin.py:188} INFO - [2025-07-11T12:03:43.951+0200] {dagbag.py:545} INFO - Filling up the DagBag from /home/florent/Programs/anaconda3/envs/airflow_etl/lib/python3.11/site-packages/airflow/example_dags/example_sensor_decorator.py
[2025-07-11T12:03:43.958+0200] {processor.py:840} INFO - DAG(s) 'example_sensor_decorator' retrieved from /home/florent/Programs/anaconda3/envs/airflow_etl/lib/python3.11/site-packages/airflow/example_dags/example_sensor_decorator.py
[2025-07-11T12:03:43.972+0200] {logging_mixin.py:188} INFO - [2025-07-11T12:03:43.972+0200] {dag.py:3096} INFO - Sync 1 DAGs
[2025-07-11T12:03:43.979+0200] {logging_mixin.py:188} INFO - [2025-07-11T12:03:43.979+0200] {dag.py:3954} INFO - Setting next_dagrun for example_sensor_decorator to None, run_after=None
[2025-07-11T12:03:43.993+0200] {processor.py:183} INFO - Processing /home/florent/Programs/anaconda3/envs/airflow_etl/lib/python3.11/site-packages/airflow/example_dags/example_sensor_decorator.py took 0.051 seconds
[2025-07-11T12:04:47.319+0200] {processor.py:161} INFO - Started process (PID=83734) to work on /home/florent/Programs/anaconda3/envs/airflow_etl/lib/python3.11/site-packages/airflow/example_dags/example_sensor_decorator.py
[2025-07-11T12:04:47.322+0200] {processor.py:830} INFO - Processing file /home/florent/Programs/anaconda3/envs/airflow_etl/lib/python3.11/site-packages/airflow/example_dags/example_sensor_decorator.py for tasks to queue
[2025-07-11T12:04:47.324+0200] {logging_mixin.py:188} INFO - [2025-07-11T12:04:47.323+0200] {dagbag.py:545} INFO - Filling up the DagBag from /home/florent/Programs/anaconda3/envs/airflow_etl/lib/python3.11/site-packages/airflow/example_dags/example_sensor_decorator.py
[2025-07-11T12:04:47.331+0200] {processor.py:840} INFO - DAG(s) 'example_sensor_decorator' retrieved from /home/florent/Programs/anaconda3/envs/airflow_etl/lib/python3.11/site-packages/airflow/example_dags/example_sensor_decorator.py
[2025-07-11T12:04:47.344+0200] {logging_mixin.py:188} INFO - [2025-07-11T12:04:47.344+0200] {dag.py:3096} INFO - Sync 1 DAGs
[2025-07-11T12:04:47.351+0200] {logging_mixin.py:188} INFO - [2025-07-11T12:04:47.351+0200] {dag.py:3954} INFO - Setting next_dagrun for example_sensor_decorator to None, run_after=None
[2025-07-11T12:04:47.364+0200] {processor.py:183} INFO - Processing /home/florent/Programs/anaconda3/envs/airflow_etl/lib/python3.11/site-packages/airflow/example_dags/example_sensor_decorator.py took 0.050 seconds
