[2025-07-11T11:03:45.953+0200] {processor.py:161} INFO - Started process (PID=42400) to work on /home/florent/Programs/anaconda3/envs/airflow_etl/lib/python3.11/site-packages/airflow/example_dags/example_time_delta_sensor_async.py
[2025-07-11T11:03:45.954+0200] {processor.py:830} INFO - Processing file /home/florent/Programs/anaconda3/envs/airflow_etl/lib/python3.11/site-packages/airflow/example_dags/example_time_delta_sensor_async.py for tasks to queue
[2025-07-11T11:03:45.955+0200] {logging_mixin.py:188} INFO - [2025-07-11T11:03:45.954+0200] {dagbag.py:545} INFO - Filling up the DagBag from /home/florent/Programs/anaconda3/envs/airflow_etl/lib/python3.11/site-packages/airflow/example_dags/example_time_delta_sensor_async.py
[2025-07-11T11:03:45.959+0200] {processor.py:840} INFO - DAG(s) 'example_time_delta_sensor_async' retrieved from /home/florent/Programs/anaconda3/envs/airflow_etl/lib/python3.11/site-packages/airflow/example_dags/example_time_delta_sensor_async.py
[2025-07-11T11:03:46.005+0200] {logging_mixin.py:188} INFO - [2025-07-11T11:03:46.005+0200] {dag.py:3096} INFO - Sync 1 DAGs
[2025-07-11T11:03:46.009+0200] {logging_mixin.py:188} INFO - [2025-07-11T11:03:46.009+0200] {dag.py:3954} INFO - Setting next_dagrun for example_time_delta_sensor_async to None, run_after=None
[2025-07-11T11:03:46.019+0200] {processor.py:183} INFO - Processing /home/florent/Programs/anaconda3/envs/airflow_etl/lib/python3.11/site-packages/airflow/example_dags/example_time_delta_sensor_async.py took 0.071 seconds
[2025-07-11T11:04:36.306+0200] {processor.py:161} INFO - Started process (PID=42926) to work on /home/florent/Programs/anaconda3/envs/airflow_etl/lib/python3.11/site-packages/airflow/example_dags/example_time_delta_sensor_async.py
[2025-07-11T11:04:36.309+0200] {processor.py:830} INFO - Processing file /home/florent/Programs/anaconda3/envs/airflow_etl/lib/python3.11/site-packages/airflow/example_dags/example_time_delta_sensor_async.py for tasks to queue
[2025-07-11T11:04:36.310+0200] {logging_mixin.py:188} INFO - [2025-07-11T11:04:36.310+0200] {dagbag.py:545} INFO - Filling up the DagBag from /home/florent/Programs/anaconda3/envs/airflow_etl/lib/python3.11/site-packages/airflow/example_dags/example_time_delta_sensor_async.py
[2025-07-11T11:04:36.316+0200] {processor.py:840} INFO - DAG(s) 'example_time_delta_sensor_async' retrieved from /home/florent/Programs/anaconda3/envs/airflow_etl/lib/python3.11/site-packages/airflow/example_dags/example_time_delta_sensor_async.py
[2025-07-11T11:04:36.332+0200] {logging_mixin.py:188} INFO - [2025-07-11T11:04:36.332+0200] {dag.py:3096} INFO - Sync 1 DAGs
[2025-07-11T11:04:36.339+0200] {logging_mixin.py:188} INFO - [2025-07-11T11:04:36.339+0200] {dag.py:3954} INFO - Setting next_dagrun for example_time_delta_sensor_async to None, run_after=None
[2025-07-11T11:04:36.353+0200] {processor.py:183} INFO - Processing /home/florent/Programs/anaconda3/envs/airflow_etl/lib/python3.11/site-packages/airflow/example_dags/example_time_delta_sensor_async.py took 0.052 seconds
[2025-07-11T11:05:28.730+0200] {processor.py:161} INFO - Started process (PID=43556) to work on /home/florent/Programs/anaconda3/envs/airflow_etl/lib/python3.11/site-packages/airflow/example_dags/example_time_delta_sensor_async.py
[2025-07-11T11:05:28.733+0200] {processor.py:830} INFO - Processing file /home/florent/Programs/anaconda3/envs/airflow_etl/lib/python3.11/site-packages/airflow/example_dags/example_time_delta_sensor_async.py for tasks to queue
[2025-07-11T11:05:28.734+0200] {logging_mixin.py:188} INFO - [2025-07-11T11:05:28.733+0200] {dagbag.py:545} INFO - Filling up the DagBag from /home/florent/Programs/anaconda3/envs/airflow_etl/lib/python3.11/site-packages/airflow/example_dags/example_time_delta_sensor_async.py
[2025-07-11T11:05:28.739+0200] {processor.py:840} INFO - DAG(s) 'example_time_delta_sensor_async' retrieved from /home/florent/Programs/anaconda3/envs/airflow_etl/lib/python3.11/site-packages/airflow/example_dags/example_time_delta_sensor_async.py
[2025-07-11T11:05:28.748+0200] {logging_mixin.py:188} INFO - [2025-07-11T11:05:28.748+0200] {dag.py:3096} INFO - Sync 1 DAGs
[2025-07-11T11:05:28.753+0200] {logging_mixin.py:188} INFO - [2025-07-11T11:05:28.752+0200] {dag.py:3954} INFO - Setting next_dagrun for example_time_delta_sensor_async to None, run_after=None
[2025-07-11T11:05:28.763+0200] {processor.py:183} INFO - Processing /home/florent/Programs/anaconda3/envs/airflow_etl/lib/python3.11/site-packages/airflow/example_dags/example_time_delta_sensor_async.py took 0.037 seconds
[2025-07-11T11:06:28.054+0200] {processor.py:161} INFO - Started process (PID=44239) to work on /home/florent/Programs/anaconda3/envs/airflow_etl/lib/python3.11/site-packages/airflow/example_dags/example_time_delta_sensor_async.py
[2025-07-11T11:06:28.057+0200] {processor.py:830} INFO - Processing file /home/florent/Programs/anaconda3/envs/airflow_etl/lib/python3.11/site-packages/airflow/example_dags/example_time_delta_sensor_async.py for tasks to queue
[2025-07-11T11:06:28.057+0200] {logging_mixin.py:188} INFO - [2025-07-11T11:06:28.057+0200] {dagbag.py:545} INFO - Filling up the DagBag from /home/florent/Programs/anaconda3/envs/airflow_etl/lib/python3.11/site-packages/airflow/example_dags/example_time_delta_sensor_async.py
[2025-07-11T11:06:28.061+0200] {processor.py:840} INFO - DAG(s) 'example_time_delta_sensor_async' retrieved from /home/florent/Programs/anaconda3/envs/airflow_etl/lib/python3.11/site-packages/airflow/example_dags/example_time_delta_sensor_async.py
[2025-07-11T11:06:28.070+0200] {logging_mixin.py:188} INFO - [2025-07-11T11:06:28.070+0200] {dag.py:3096} INFO - Sync 1 DAGs
[2025-07-11T11:06:28.075+0200] {logging_mixin.py:188} INFO - [2025-07-11T11:06:28.074+0200] {dag.py:3954} INFO - Setting next_dagrun for example_time_delta_sensor_async to None, run_after=None
[2025-07-11T11:06:28.084+0200] {processor.py:183} INFO - Processing /home/florent/Programs/anaconda3/envs/airflow_etl/lib/python3.11/site-packages/airflow/example_dags/example_time_delta_sensor_async.py took 0.036 seconds
[2025-07-11T11:07:38.399+0200] {processor.py:161} INFO - Started process (PID=45539) to work on /home/florent/Programs/anaconda3/envs/airflow_etl/lib/python3.11/site-packages/airflow/example_dags/example_time_delta_sensor_async.py
[2025-07-11T11:07:38.402+0200] {processor.py:830} INFO - Processing file /home/florent/Programs/anaconda3/envs/airflow_etl/lib/python3.11/site-packages/airflow/example_dags/example_time_delta_sensor_async.py for tasks to queue
[2025-07-11T11:07:38.403+0200] {logging_mixin.py:188} INFO - [2025-07-11T11:07:38.402+0200] {dagbag.py:545} INFO - Filling up the DagBag from /home/florent/Programs/anaconda3/envs/airflow_etl/lib/python3.11/site-packages/airflow/example_dags/example_time_delta_sensor_async.py
[2025-07-11T11:07:38.405+0200] {processor.py:840} INFO - DAG(s) 'example_time_delta_sensor_async' retrieved from /home/florent/Programs/anaconda3/envs/airflow_etl/lib/python3.11/site-packages/airflow/example_dags/example_time_delta_sensor_async.py
[2025-07-11T11:07:38.414+0200] {logging_mixin.py:188} INFO - [2025-07-11T11:07:38.414+0200] {dag.py:3096} INFO - Sync 1 DAGs
[2025-07-11T11:07:38.419+0200] {logging_mixin.py:188} INFO - [2025-07-11T11:07:38.419+0200] {dag.py:3954} INFO - Setting next_dagrun for example_time_delta_sensor_async to None, run_after=None
[2025-07-11T11:07:38.429+0200] {processor.py:183} INFO - Processing /home/florent/Programs/anaconda3/envs/airflow_etl/lib/python3.11/site-packages/airflow/example_dags/example_time_delta_sensor_async.py took 0.035 seconds
[2025-07-11T11:08:42.042+0200] {processor.py:161} INFO - Started process (PID=46248) to work on /home/florent/Programs/anaconda3/envs/airflow_etl/lib/python3.11/site-packages/airflow/example_dags/example_time_delta_sensor_async.py
[2025-07-11T11:08:42.045+0200] {processor.py:830} INFO - Processing file /home/florent/Programs/anaconda3/envs/airflow_etl/lib/python3.11/site-packages/airflow/example_dags/example_time_delta_sensor_async.py for tasks to queue
[2025-07-11T11:08:42.046+0200] {logging_mixin.py:188} INFO - [2025-07-11T11:08:42.045+0200] {dagbag.py:545} INFO - Filling up the DagBag from /home/florent/Programs/anaconda3/envs/airflow_etl/lib/python3.11/site-packages/airflow/example_dags/example_time_delta_sensor_async.py
[2025-07-11T11:08:42.051+0200] {processor.py:840} INFO - DAG(s) 'example_time_delta_sensor_async' retrieved from /home/florent/Programs/anaconda3/envs/airflow_etl/lib/python3.11/site-packages/airflow/example_dags/example_time_delta_sensor_async.py
[2025-07-11T11:08:42.061+0200] {logging_mixin.py:188} INFO - [2025-07-11T11:08:42.061+0200] {dag.py:3096} INFO - Sync 1 DAGs
[2025-07-11T11:08:42.066+0200] {logging_mixin.py:188} INFO - [2025-07-11T11:08:42.066+0200] {dag.py:3954} INFO - Setting next_dagrun for example_time_delta_sensor_async to None, run_after=None
[2025-07-11T11:08:42.075+0200] {processor.py:183} INFO - Processing /home/florent/Programs/anaconda3/envs/airflow_etl/lib/python3.11/site-packages/airflow/example_dags/example_time_delta_sensor_async.py took 0.039 seconds
[2025-07-11T11:09:41.143+0200] {processor.py:161} INFO - Started process (PID=47014) to work on /home/florent/Programs/anaconda3/envs/airflow_etl/lib/python3.11/site-packages/airflow/example_dags/example_time_delta_sensor_async.py
[2025-07-11T11:09:41.144+0200] {processor.py:830} INFO - Processing file /home/florent/Programs/anaconda3/envs/airflow_etl/lib/python3.11/site-packages/airflow/example_dags/example_time_delta_sensor_async.py for tasks to queue
[2025-07-11T11:09:41.145+0200] {logging_mixin.py:188} INFO - [2025-07-11T11:09:41.145+0200] {dagbag.py:545} INFO - Filling up the DagBag from /home/florent/Programs/anaconda3/envs/airflow_etl/lib/python3.11/site-packages/airflow/example_dags/example_time_delta_sensor_async.py
[2025-07-11T11:09:41.149+0200] {processor.py:840} INFO - DAG(s) 'example_time_delta_sensor_async' retrieved from /home/florent/Programs/anaconda3/envs/airflow_etl/lib/python3.11/site-packages/airflow/example_dags/example_time_delta_sensor_async.py
[2025-07-11T11:09:41.159+0200] {logging_mixin.py:188} INFO - [2025-07-11T11:09:41.159+0200] {dag.py:3096} INFO - Sync 1 DAGs
[2025-07-11T11:09:41.166+0200] {logging_mixin.py:188} INFO - [2025-07-11T11:09:41.165+0200] {dag.py:3954} INFO - Setting next_dagrun for example_time_delta_sensor_async to None, run_after=None
[2025-07-11T11:09:41.176+0200] {processor.py:183} INFO - Processing /home/florent/Programs/anaconda3/envs/airflow_etl/lib/python3.11/site-packages/airflow/example_dags/example_time_delta_sensor_async.py took 0.040 seconds
[2025-07-11T11:10:47.571+0200] {processor.py:161} INFO - Started process (PID=47890) to work on /home/florent/Programs/anaconda3/envs/airflow_etl/lib/python3.11/site-packages/airflow/example_dags/example_time_delta_sensor_async.py
[2025-07-11T11:10:47.574+0200] {processor.py:830} INFO - Processing file /home/florent/Programs/anaconda3/envs/airflow_etl/lib/python3.11/site-packages/airflow/example_dags/example_time_delta_sensor_async.py for tasks to queue
[2025-07-11T11:10:47.575+0200] {logging_mixin.py:188} INFO - [2025-07-11T11:10:47.574+0200] {dagbag.py:545} INFO - Filling up the DagBag from /home/florent/Programs/anaconda3/envs/airflow_etl/lib/python3.11/site-packages/airflow/example_dags/example_time_delta_sensor_async.py
[2025-07-11T11:10:47.580+0200] {processor.py:840} INFO - DAG(s) 'example_time_delta_sensor_async' retrieved from /home/florent/Programs/anaconda3/envs/airflow_etl/lib/python3.11/site-packages/airflow/example_dags/example_time_delta_sensor_async.py
[2025-07-11T11:10:47.595+0200] {logging_mixin.py:188} INFO - [2025-07-11T11:10:47.595+0200] {dag.py:3096} INFO - Sync 1 DAGs
[2025-07-11T11:10:47.602+0200] {logging_mixin.py:188} INFO - [2025-07-11T11:10:47.602+0200] {dag.py:3954} INFO - Setting next_dagrun for example_time_delta_sensor_async to None, run_after=None
[2025-07-11T11:10:47.613+0200] {processor.py:183} INFO - Processing /home/florent/Programs/anaconda3/envs/airflow_etl/lib/python3.11/site-packages/airflow/example_dags/example_time_delta_sensor_async.py took 0.048 seconds
[2025-07-11T11:11:56.762+0200] {processor.py:161} INFO - Started process (PID=49626) to work on /home/florent/Programs/anaconda3/envs/airflow_etl/lib/python3.11/site-packages/airflow/example_dags/example_time_delta_sensor_async.py
[2025-07-11T11:11:56.763+0200] {processor.py:830} INFO - Processing file /home/florent/Programs/anaconda3/envs/airflow_etl/lib/python3.11/site-packages/airflow/example_dags/example_time_delta_sensor_async.py for tasks to queue
[2025-07-11T11:11:56.764+0200] {logging_mixin.py:188} INFO - [2025-07-11T11:11:56.763+0200] {dagbag.py:545} INFO - Filling up the DagBag from /home/florent/Programs/anaconda3/envs/airflow_etl/lib/python3.11/site-packages/airflow/example_dags/example_time_delta_sensor_async.py
[2025-07-11T11:11:56.768+0200] {processor.py:840} INFO - DAG(s) 'example_time_delta_sensor_async' retrieved from /home/florent/Programs/anaconda3/envs/airflow_etl/lib/python3.11/site-packages/airflow/example_dags/example_time_delta_sensor_async.py
[2025-07-11T11:11:56.783+0200] {logging_mixin.py:188} INFO - [2025-07-11T11:11:56.783+0200] {dag.py:3096} INFO - Sync 1 DAGs
[2025-07-11T11:11:56.794+0200] {logging_mixin.py:188} INFO - [2025-07-11T11:11:56.794+0200] {dag.py:3954} INFO - Setting next_dagrun for example_time_delta_sensor_async to None, run_after=None
[2025-07-11T11:11:56.813+0200] {processor.py:183} INFO - Processing /home/florent/Programs/anaconda3/envs/airflow_etl/lib/python3.11/site-packages/airflow/example_dags/example_time_delta_sensor_async.py took 0.058 seconds
[2025-07-11T11:13:05.650+0200] {processor.py:161} INFO - Started process (PID=50493) to work on /home/florent/Programs/anaconda3/envs/airflow_etl/lib/python3.11/site-packages/airflow/example_dags/example_time_delta_sensor_async.py
[2025-07-11T11:13:05.652+0200] {processor.py:830} INFO - Processing file /home/florent/Programs/anaconda3/envs/airflow_etl/lib/python3.11/site-packages/airflow/example_dags/example_time_delta_sensor_async.py for tasks to queue
[2025-07-11T11:13:05.653+0200] {logging_mixin.py:188} INFO - [2025-07-11T11:13:05.653+0200] {dagbag.py:545} INFO - Filling up the DagBag from /home/florent/Programs/anaconda3/envs/airflow_etl/lib/python3.11/site-packages/airflow/example_dags/example_time_delta_sensor_async.py
[2025-07-11T11:13:05.658+0200] {processor.py:840} INFO - DAG(s) 'example_time_delta_sensor_async' retrieved from /home/florent/Programs/anaconda3/envs/airflow_etl/lib/python3.11/site-packages/airflow/example_dags/example_time_delta_sensor_async.py
[2025-07-11T11:13:05.667+0200] {logging_mixin.py:188} INFO - [2025-07-11T11:13:05.667+0200] {dag.py:3096} INFO - Sync 1 DAGs
[2025-07-11T11:13:05.672+0200] {logging_mixin.py:188} INFO - [2025-07-11T11:13:05.672+0200] {dag.py:3954} INFO - Setting next_dagrun for example_time_delta_sensor_async to None, run_after=None
[2025-07-11T11:13:05.682+0200] {processor.py:183} INFO - Processing /home/florent/Programs/anaconda3/envs/airflow_etl/lib/python3.11/site-packages/airflow/example_dags/example_time_delta_sensor_async.py took 0.037 seconds
[2025-07-11T11:13:26.333+0200] {processor.py:161} INFO - Started process (PID=50769) to work on /home/florent/Programs/anaconda3/envs/airflow_etl/lib/python3.11/site-packages/airflow/example_dags/example_time_delta_sensor_async.py
[2025-07-11T11:13:26.334+0200] {processor.py:830} INFO - Processing file /home/florent/Programs/anaconda3/envs/airflow_etl/lib/python3.11/site-packages/airflow/example_dags/example_time_delta_sensor_async.py for tasks to queue
[2025-07-11T11:13:26.336+0200] {logging_mixin.py:188} INFO - [2025-07-11T11:13:26.335+0200] {dagbag.py:545} INFO - Filling up the DagBag from /home/florent/Programs/anaconda3/envs/airflow_etl/lib/python3.11/site-packages/airflow/example_dags/example_time_delta_sensor_async.py
[2025-07-11T11:13:26.339+0200] {processor.py:840} INFO - DAG(s) 'example_time_delta_sensor_async' retrieved from /home/florent/Programs/anaconda3/envs/airflow_etl/lib/python3.11/site-packages/airflow/example_dags/example_time_delta_sensor_async.py
[2025-07-11T11:13:26.350+0200] {logging_mixin.py:188} INFO - [2025-07-11T11:13:26.350+0200] {dag.py:3096} INFO - Sync 1 DAGs
[2025-07-11T11:13:26.356+0200] {logging_mixin.py:188} INFO - [2025-07-11T11:13:26.356+0200] {dag.py:3954} INFO - Setting next_dagrun for example_time_delta_sensor_async to None, run_after=None
[2025-07-11T11:13:26.366+0200] {processor.py:183} INFO - Processing /home/florent/Programs/anaconda3/envs/airflow_etl/lib/python3.11/site-packages/airflow/example_dags/example_time_delta_sensor_async.py took 0.039 seconds
[2025-07-11T11:14:17.699+0200] {processor.py:161} INFO - Started process (PID=51461) to work on /home/florent/Programs/anaconda3/envs/airflow_etl/lib/python3.11/site-packages/airflow/example_dags/example_time_delta_sensor_async.py
[2025-07-11T11:14:17.700+0200] {processor.py:830} INFO - Processing file /home/florent/Programs/anaconda3/envs/airflow_etl/lib/python3.11/site-packages/airflow/example_dags/example_time_delta_sensor_async.py for tasks to queue
[2025-07-11T11:14:17.702+0200] {logging_mixin.py:188} INFO - [2025-07-11T11:14:17.702+0200] {dagbag.py:545} INFO - Filling up the DagBag from /home/florent/Programs/anaconda3/envs/airflow_etl/lib/python3.11/site-packages/airflow/example_dags/example_time_delta_sensor_async.py
[2025-07-11T11:14:17.706+0200] {processor.py:840} INFO - DAG(s) 'example_time_delta_sensor_async' retrieved from /home/florent/Programs/anaconda3/envs/airflow_etl/lib/python3.11/site-packages/airflow/example_dags/example_time_delta_sensor_async.py
[2025-07-11T11:14:17.718+0200] {logging_mixin.py:188} INFO - [2025-07-11T11:14:17.718+0200] {dag.py:3096} INFO - Sync 1 DAGs
[2025-07-11T11:14:17.724+0200] {logging_mixin.py:188} INFO - [2025-07-11T11:14:17.724+0200] {dag.py:3954} INFO - Setting next_dagrun for example_time_delta_sensor_async to None, run_after=None
[2025-07-11T11:14:17.734+0200] {processor.py:183} INFO - Processing /home/florent/Programs/anaconda3/envs/airflow_etl/lib/python3.11/site-packages/airflow/example_dags/example_time_delta_sensor_async.py took 0.042 seconds
[2025-07-11T11:14:25.650+0200] {processor.py:161} INFO - Started process (PID=51540) to work on /home/florent/Programs/anaconda3/envs/airflow_etl/lib/python3.11/site-packages/airflow/example_dags/example_time_delta_sensor_async.py
[2025-07-11T11:14:25.653+0200] {processor.py:830} INFO - Processing file /home/florent/Programs/anaconda3/envs/airflow_etl/lib/python3.11/site-packages/airflow/example_dags/example_time_delta_sensor_async.py for tasks to queue
[2025-07-11T11:14:25.654+0200] {logging_mixin.py:188} INFO - [2025-07-11T11:14:25.653+0200] {dagbag.py:545} INFO - Filling up the DagBag from /home/florent/Programs/anaconda3/envs/airflow_etl/lib/python3.11/site-packages/airflow/example_dags/example_time_delta_sensor_async.py
[2025-07-11T11:14:25.657+0200] {processor.py:840} INFO - DAG(s) 'example_time_delta_sensor_async' retrieved from /home/florent/Programs/anaconda3/envs/airflow_etl/lib/python3.11/site-packages/airflow/example_dags/example_time_delta_sensor_async.py
[2025-07-11T11:14:25.666+0200] {logging_mixin.py:188} INFO - [2025-07-11T11:14:25.666+0200] {dag.py:3096} INFO - Sync 1 DAGs
[2025-07-11T11:14:25.671+0200] {logging_mixin.py:188} INFO - [2025-07-11T11:14:25.670+0200] {dag.py:3954} INFO - Setting next_dagrun for example_time_delta_sensor_async to None, run_after=None
[2025-07-11T11:14:25.679+0200] {processor.py:183} INFO - Processing /home/florent/Programs/anaconda3/envs/airflow_etl/lib/python3.11/site-packages/airflow/example_dags/example_time_delta_sensor_async.py took 0.035 seconds
[2025-07-11T11:15:09.756+0200] {processor.py:161} INFO - Started process (PID=52068) to work on /home/florent/Programs/anaconda3/envs/airflow_etl/lib/python3.11/site-packages/airflow/example_dags/example_time_delta_sensor_async.py
[2025-07-11T11:15:09.759+0200] {processor.py:830} INFO - Processing file /home/florent/Programs/anaconda3/envs/airflow_etl/lib/python3.11/site-packages/airflow/example_dags/example_time_delta_sensor_async.py for tasks to queue
[2025-07-11T11:15:09.761+0200] {logging_mixin.py:188} INFO - [2025-07-11T11:15:09.760+0200] {dagbag.py:545} INFO - Filling up the DagBag from /home/florent/Programs/anaconda3/envs/airflow_etl/lib/python3.11/site-packages/airflow/example_dags/example_time_delta_sensor_async.py
[2025-07-11T11:15:09.765+0200] {processor.py:840} INFO - DAG(s) 'example_time_delta_sensor_async' retrieved from /home/florent/Programs/anaconda3/envs/airflow_etl/lib/python3.11/site-packages/airflow/example_dags/example_time_delta_sensor_async.py
[2025-07-11T11:15:09.774+0200] {logging_mixin.py:188} INFO - [2025-07-11T11:15:09.774+0200] {dag.py:3096} INFO - Sync 1 DAGs
[2025-07-11T11:15:09.779+0200] {logging_mixin.py:188} INFO - [2025-07-11T11:15:09.779+0200] {dag.py:3954} INFO - Setting next_dagrun for example_time_delta_sensor_async to None, run_after=None
[2025-07-11T11:15:09.789+0200] {processor.py:183} INFO - Processing /home/florent/Programs/anaconda3/envs/airflow_etl/lib/python3.11/site-packages/airflow/example_dags/example_time_delta_sensor_async.py took 0.039 seconds
[2025-07-11T11:15:14.927+0200] {processor.py:161} INFO - Started process (PID=52175) to work on /home/florent/Programs/anaconda3/envs/airflow_etl/lib/python3.11/site-packages/airflow/example_dags/example_time_delta_sensor_async.py
[2025-07-11T11:15:14.928+0200] {processor.py:830} INFO - Processing file /home/florent/Programs/anaconda3/envs/airflow_etl/lib/python3.11/site-packages/airflow/example_dags/example_time_delta_sensor_async.py for tasks to queue
[2025-07-11T11:15:14.928+0200] {logging_mixin.py:188} INFO - [2025-07-11T11:15:14.928+0200] {dagbag.py:545} INFO - Filling up the DagBag from /home/florent/Programs/anaconda3/envs/airflow_etl/lib/python3.11/site-packages/airflow/example_dags/example_time_delta_sensor_async.py
[2025-07-11T11:15:14.931+0200] {processor.py:840} INFO - DAG(s) 'example_time_delta_sensor_async' retrieved from /home/florent/Programs/anaconda3/envs/airflow_etl/lib/python3.11/site-packages/airflow/example_dags/example_time_delta_sensor_async.py
[2025-07-11T11:15:14.939+0200] {logging_mixin.py:188} INFO - [2025-07-11T11:15:14.939+0200] {dag.py:3096} INFO - Sync 1 DAGs
[2025-07-11T11:15:14.944+0200] {logging_mixin.py:188} INFO - [2025-07-11T11:15:14.944+0200] {dag.py:3954} INFO - Setting next_dagrun for example_time_delta_sensor_async to None, run_after=None
[2025-07-11T11:15:14.953+0200] {processor.py:183} INFO - Processing /home/florent/Programs/anaconda3/envs/airflow_etl/lib/python3.11/site-packages/airflow/example_dags/example_time_delta_sensor_async.py took 0.029 seconds
[2025-07-11T11:16:12.536+0200] {processor.py:161} INFO - Started process (PID=52897) to work on /home/florent/Programs/anaconda3/envs/airflow_etl/lib/python3.11/site-packages/airflow/example_dags/example_time_delta_sensor_async.py
[2025-07-11T11:16:12.539+0200] {processor.py:830} INFO - Processing file /home/florent/Programs/anaconda3/envs/airflow_etl/lib/python3.11/site-packages/airflow/example_dags/example_time_delta_sensor_async.py for tasks to queue
[2025-07-11T11:16:12.541+0200] {logging_mixin.py:188} INFO - [2025-07-11T11:16:12.541+0200] {dagbag.py:545} INFO - Filling up the DagBag from /home/florent/Programs/anaconda3/envs/airflow_etl/lib/python3.11/site-packages/airflow/example_dags/example_time_delta_sensor_async.py
[2025-07-11T11:16:12.547+0200] {processor.py:840} INFO - DAG(s) 'example_time_delta_sensor_async' retrieved from /home/florent/Programs/anaconda3/envs/airflow_etl/lib/python3.11/site-packages/airflow/example_dags/example_time_delta_sensor_async.py
[2025-07-11T11:16:12.560+0200] {logging_mixin.py:188} INFO - [2025-07-11T11:16:12.560+0200] {dag.py:3096} INFO - Sync 1 DAGs
[2025-07-11T11:16:12.567+0200] {logging_mixin.py:188} INFO - [2025-07-11T11:16:12.567+0200] {dag.py:3954} INFO - Setting next_dagrun for example_time_delta_sensor_async to None, run_after=None
[2025-07-11T11:16:12.582+0200] {processor.py:183} INFO - Processing /home/florent/Programs/anaconda3/envs/airflow_etl/lib/python3.11/site-packages/airflow/example_dags/example_time_delta_sensor_async.py took 0.051 seconds
[2025-07-11T11:16:14.906+0200] {processor.py:161} INFO - Started process (PID=52926) to work on /home/florent/Programs/anaconda3/envs/airflow_etl/lib/python3.11/site-packages/airflow/example_dags/example_time_delta_sensor_async.py
[2025-07-11T11:16:14.907+0200] {processor.py:830} INFO - Processing file /home/florent/Programs/anaconda3/envs/airflow_etl/lib/python3.11/site-packages/airflow/example_dags/example_time_delta_sensor_async.py for tasks to queue
[2025-07-11T11:16:14.908+0200] {logging_mixin.py:188} INFO - [2025-07-11T11:16:14.907+0200] {dagbag.py:545} INFO - Filling up the DagBag from /home/florent/Programs/anaconda3/envs/airflow_etl/lib/python3.11/site-packages/airflow/example_dags/example_time_delta_sensor_async.py
[2025-07-11T11:16:14.910+0200] {processor.py:840} INFO - DAG(s) 'example_time_delta_sensor_async' retrieved from /home/florent/Programs/anaconda3/envs/airflow_etl/lib/python3.11/site-packages/airflow/example_dags/example_time_delta_sensor_async.py
[2025-07-11T11:16:14.918+0200] {logging_mixin.py:188} INFO - [2025-07-11T11:16:14.918+0200] {dag.py:3096} INFO - Sync 1 DAGs
[2025-07-11T11:16:14.923+0200] {logging_mixin.py:188} INFO - [2025-07-11T11:16:14.923+0200] {dag.py:3954} INFO - Setting next_dagrun for example_time_delta_sensor_async to None, run_after=None
[2025-07-11T11:16:14.933+0200] {processor.py:183} INFO - Processing /home/florent/Programs/anaconda3/envs/airflow_etl/lib/python3.11/site-packages/airflow/example_dags/example_time_delta_sensor_async.py took 0.030 seconds
[2025-07-11T11:18:18.230+0200] {processor.py:161} INFO - Started process (PID=54250) to work on /home/florent/Programs/anaconda3/envs/airflow_etl/lib/python3.11/site-packages/airflow/example_dags/example_time_delta_sensor_async.py
[2025-07-11T11:18:18.232+0200] {processor.py:830} INFO - Processing file /home/florent/Programs/anaconda3/envs/airflow_etl/lib/python3.11/site-packages/airflow/example_dags/example_time_delta_sensor_async.py for tasks to queue
[2025-07-11T11:18:18.234+0200] {logging_mixin.py:188} INFO - [2025-07-11T11:18:18.233+0200] {dagbag.py:545} INFO - Filling up the DagBag from /home/florent/Programs/anaconda3/envs/airflow_etl/lib/python3.11/site-packages/airflow/example_dags/example_time_delta_sensor_async.py
[2025-07-11T11:18:18.239+0200] {processor.py:840} INFO - DAG(s) 'example_time_delta_sensor_async' retrieved from /home/florent/Programs/anaconda3/envs/airflow_etl/lib/python3.11/site-packages/airflow/example_dags/example_time_delta_sensor_async.py
[2025-07-11T11:18:18.254+0200] {logging_mixin.py:188} INFO - [2025-07-11T11:18:18.254+0200] {dag.py:3096} INFO - Sync 1 DAGs
[2025-07-11T11:18:18.261+0200] {logging_mixin.py:188} INFO - [2025-07-11T11:18:18.261+0200] {dag.py:3954} INFO - Setting next_dagrun for example_time_delta_sensor_async to None, run_after=None
[2025-07-11T11:18:18.271+0200] {processor.py:183} INFO - Processing /home/florent/Programs/anaconda3/envs/airflow_etl/lib/python3.11/site-packages/airflow/example_dags/example_time_delta_sensor_async.py took 0.047 seconds
[2025-07-11T11:19:07.285+0200] {processor.py:161} INFO - Started process (PID=54787) to work on /home/florent/Programs/anaconda3/envs/airflow_etl/lib/python3.11/site-packages/airflow/example_dags/example_time_delta_sensor_async.py
[2025-07-11T11:19:07.288+0200] {processor.py:830} INFO - Processing file /home/florent/Programs/anaconda3/envs/airflow_etl/lib/python3.11/site-packages/airflow/example_dags/example_time_delta_sensor_async.py for tasks to queue
[2025-07-11T11:19:07.290+0200] {logging_mixin.py:188} INFO - [2025-07-11T11:19:07.289+0200] {dagbag.py:545} INFO - Filling up the DagBag from /home/florent/Programs/anaconda3/envs/airflow_etl/lib/python3.11/site-packages/airflow/example_dags/example_time_delta_sensor_async.py
[2025-07-11T11:19:07.295+0200] {processor.py:840} INFO - DAG(s) 'example_time_delta_sensor_async' retrieved from /home/florent/Programs/anaconda3/envs/airflow_etl/lib/python3.11/site-packages/airflow/example_dags/example_time_delta_sensor_async.py
[2025-07-11T11:19:07.312+0200] {logging_mixin.py:188} INFO - [2025-07-11T11:19:07.312+0200] {dag.py:3096} INFO - Sync 1 DAGs
[2025-07-11T11:19:07.319+0200] {logging_mixin.py:188} INFO - [2025-07-11T11:19:07.319+0200] {dag.py:3954} INFO - Setting next_dagrun for example_time_delta_sensor_async to None, run_after=None
[2025-07-11T11:19:07.331+0200] {processor.py:183} INFO - Processing /home/florent/Programs/anaconda3/envs/airflow_etl/lib/python3.11/site-packages/airflow/example_dags/example_time_delta_sensor_async.py took 0.053 seconds
[2025-07-11T11:19:58.966+0200] {processor.py:161} INFO - Started process (PID=55334) to work on /home/florent/Programs/anaconda3/envs/airflow_etl/lib/python3.11/site-packages/airflow/example_dags/example_time_delta_sensor_async.py
[2025-07-11T11:19:58.969+0200] {processor.py:830} INFO - Processing file /home/florent/Programs/anaconda3/envs/airflow_etl/lib/python3.11/site-packages/airflow/example_dags/example_time_delta_sensor_async.py for tasks to queue
[2025-07-11T11:19:58.970+0200] {logging_mixin.py:188} INFO - [2025-07-11T11:19:58.970+0200] {dagbag.py:545} INFO - Filling up the DagBag from /home/florent/Programs/anaconda3/envs/airflow_etl/lib/python3.11/site-packages/airflow/example_dags/example_time_delta_sensor_async.py
[2025-07-11T11:19:58.972+0200] {processor.py:840} INFO - DAG(s) 'example_time_delta_sensor_async' retrieved from /home/florent/Programs/anaconda3/envs/airflow_etl/lib/python3.11/site-packages/airflow/example_dags/example_time_delta_sensor_async.py
[2025-07-11T11:19:58.981+0200] {logging_mixin.py:188} INFO - [2025-07-11T11:19:58.981+0200] {dag.py:3096} INFO - Sync 1 DAGs
[2025-07-11T11:19:58.986+0200] {logging_mixin.py:188} INFO - [2025-07-11T11:19:58.986+0200] {dag.py:3954} INFO - Setting next_dagrun for example_time_delta_sensor_async to None, run_after=None
[2025-07-11T11:19:58.997+0200] {processor.py:183} INFO - Processing /home/florent/Programs/anaconda3/envs/airflow_etl/lib/python3.11/site-packages/airflow/example_dags/example_time_delta_sensor_async.py took 0.036 seconds
[2025-07-11T11:21:03.807+0200] {processor.py:161} INFO - Started process (PID=56069) to work on /home/florent/Programs/anaconda3/envs/airflow_etl/lib/python3.11/site-packages/airflow/example_dags/example_time_delta_sensor_async.py
[2025-07-11T11:21:03.809+0200] {processor.py:830} INFO - Processing file /home/florent/Programs/anaconda3/envs/airflow_etl/lib/python3.11/site-packages/airflow/example_dags/example_time_delta_sensor_async.py for tasks to queue
[2025-07-11T11:21:03.811+0200] {logging_mixin.py:188} INFO - [2025-07-11T11:21:03.811+0200] {dagbag.py:545} INFO - Filling up the DagBag from /home/florent/Programs/anaconda3/envs/airflow_etl/lib/python3.11/site-packages/airflow/example_dags/example_time_delta_sensor_async.py
[2025-07-11T11:21:03.817+0200] {processor.py:840} INFO - DAG(s) 'example_time_delta_sensor_async' retrieved from /home/florent/Programs/anaconda3/envs/airflow_etl/lib/python3.11/site-packages/airflow/example_dags/example_time_delta_sensor_async.py
[2025-07-11T11:21:03.830+0200] {logging_mixin.py:188} INFO - [2025-07-11T11:21:03.830+0200] {dag.py:3096} INFO - Sync 1 DAGs
[2025-07-11T11:21:03.836+0200] {logging_mixin.py:188} INFO - [2025-07-11T11:21:03.836+0200] {dag.py:3954} INFO - Setting next_dagrun for example_time_delta_sensor_async to None, run_after=None
[2025-07-11T11:21:03.849+0200] {processor.py:183} INFO - Processing /home/florent/Programs/anaconda3/envs/airflow_etl/lib/python3.11/site-packages/airflow/example_dags/example_time_delta_sensor_async.py took 0.047 seconds
[2025-07-11T11:22:09.832+0200] {processor.py:161} INFO - Started process (PID=56713) to work on /home/florent/Programs/anaconda3/envs/airflow_etl/lib/python3.11/site-packages/airflow/example_dags/example_time_delta_sensor_async.py
[2025-07-11T11:22:09.835+0200] {processor.py:830} INFO - Processing file /home/florent/Programs/anaconda3/envs/airflow_etl/lib/python3.11/site-packages/airflow/example_dags/example_time_delta_sensor_async.py for tasks to queue
[2025-07-11T11:22:09.837+0200] {logging_mixin.py:188} INFO - [2025-07-11T11:22:09.837+0200] {dagbag.py:545} INFO - Filling up the DagBag from /home/florent/Programs/anaconda3/envs/airflow_etl/lib/python3.11/site-packages/airflow/example_dags/example_time_delta_sensor_async.py
[2025-07-11T11:22:09.842+0200] {processor.py:840} INFO - DAG(s) 'example_time_delta_sensor_async' retrieved from /home/florent/Programs/anaconda3/envs/airflow_etl/lib/python3.11/site-packages/airflow/example_dags/example_time_delta_sensor_async.py
[2025-07-11T11:22:09.856+0200] {logging_mixin.py:188} INFO - [2025-07-11T11:22:09.856+0200] {dag.py:3096} INFO - Sync 1 DAGs
[2025-07-11T11:22:09.863+0200] {logging_mixin.py:188} INFO - [2025-07-11T11:22:09.862+0200] {dag.py:3954} INFO - Setting next_dagrun for example_time_delta_sensor_async to None, run_after=None
[2025-07-11T11:22:09.875+0200] {processor.py:183} INFO - Processing /home/florent/Programs/anaconda3/envs/airflow_etl/lib/python3.11/site-packages/airflow/example_dags/example_time_delta_sensor_async.py took 0.048 seconds
[2025-07-11T11:23:16.451+0200] {processor.py:161} INFO - Started process (PID=57379) to work on /home/florent/Programs/anaconda3/envs/airflow_etl/lib/python3.11/site-packages/airflow/example_dags/example_time_delta_sensor_async.py
[2025-07-11T11:23:16.454+0200] {processor.py:830} INFO - Processing file /home/florent/Programs/anaconda3/envs/airflow_etl/lib/python3.11/site-packages/airflow/example_dags/example_time_delta_sensor_async.py for tasks to queue
[2025-07-11T11:23:16.455+0200] {logging_mixin.py:188} INFO - [2025-07-11T11:23:16.455+0200] {dagbag.py:545} INFO - Filling up the DagBag from /home/florent/Programs/anaconda3/envs/airflow_etl/lib/python3.11/site-packages/airflow/example_dags/example_time_delta_sensor_async.py
[2025-07-11T11:23:16.458+0200] {processor.py:840} INFO - DAG(s) 'example_time_delta_sensor_async' retrieved from /home/florent/Programs/anaconda3/envs/airflow_etl/lib/python3.11/site-packages/airflow/example_dags/example_time_delta_sensor_async.py
[2025-07-11T11:23:16.467+0200] {logging_mixin.py:188} INFO - [2025-07-11T11:23:16.467+0200] {dag.py:3096} INFO - Sync 1 DAGs
[2025-07-11T11:23:16.473+0200] {logging_mixin.py:188} INFO - [2025-07-11T11:23:16.473+0200] {dag.py:3954} INFO - Setting next_dagrun for example_time_delta_sensor_async to None, run_after=None
[2025-07-11T11:23:16.485+0200] {processor.py:183} INFO - Processing /home/florent/Programs/anaconda3/envs/airflow_etl/lib/python3.11/site-packages/airflow/example_dags/example_time_delta_sensor_async.py took 0.037 seconds
[2025-07-11T11:24:26.598+0200] {processor.py:161} INFO - Started process (PID=58083) to work on /home/florent/Programs/anaconda3/envs/airflow_etl/lib/python3.11/site-packages/airflow/example_dags/example_time_delta_sensor_async.py
[2025-07-11T11:24:26.601+0200] {processor.py:830} INFO - Processing file /home/florent/Programs/anaconda3/envs/airflow_etl/lib/python3.11/site-packages/airflow/example_dags/example_time_delta_sensor_async.py for tasks to queue
[2025-07-11T11:24:26.602+0200] {logging_mixin.py:188} INFO - [2025-07-11T11:24:26.602+0200] {dagbag.py:545} INFO - Filling up the DagBag from /home/florent/Programs/anaconda3/envs/airflow_etl/lib/python3.11/site-packages/airflow/example_dags/example_time_delta_sensor_async.py
[2025-07-11T11:24:26.606+0200] {processor.py:840} INFO - DAG(s) 'example_time_delta_sensor_async' retrieved from /home/florent/Programs/anaconda3/envs/airflow_etl/lib/python3.11/site-packages/airflow/example_dags/example_time_delta_sensor_async.py
[2025-07-11T11:24:26.615+0200] {logging_mixin.py:188} INFO - [2025-07-11T11:24:26.615+0200] {dag.py:3096} INFO - Sync 1 DAGs
[2025-07-11T11:24:26.621+0200] {logging_mixin.py:188} INFO - [2025-07-11T11:24:26.621+0200] {dag.py:3954} INFO - Setting next_dagrun for example_time_delta_sensor_async to None, run_after=None
[2025-07-11T11:24:26.630+0200] {processor.py:183} INFO - Processing /home/florent/Programs/anaconda3/envs/airflow_etl/lib/python3.11/site-packages/airflow/example_dags/example_time_delta_sensor_async.py took 0.037 seconds
[2025-07-11T11:25:34.744+0200] {processor.py:161} INFO - Started process (PID=58868) to work on /home/florent/Programs/anaconda3/envs/airflow_etl/lib/python3.11/site-packages/airflow/example_dags/example_time_delta_sensor_async.py
[2025-07-11T11:25:34.745+0200] {processor.py:830} INFO - Processing file /home/florent/Programs/anaconda3/envs/airflow_etl/lib/python3.11/site-packages/airflow/example_dags/example_time_delta_sensor_async.py for tasks to queue
[2025-07-11T11:25:34.747+0200] {logging_mixin.py:188} INFO - [2025-07-11T11:25:34.746+0200] {dagbag.py:545} INFO - Filling up the DagBag from /home/florent/Programs/anaconda3/envs/airflow_etl/lib/python3.11/site-packages/airflow/example_dags/example_time_delta_sensor_async.py
[2025-07-11T11:25:34.752+0200] {processor.py:840} INFO - DAG(s) 'example_time_delta_sensor_async' retrieved from /home/florent/Programs/anaconda3/envs/airflow_etl/lib/python3.11/site-packages/airflow/example_dags/example_time_delta_sensor_async.py
[2025-07-11T11:25:34.764+0200] {logging_mixin.py:188} INFO - [2025-07-11T11:25:34.764+0200] {dag.py:3096} INFO - Sync 1 DAGs
[2025-07-11T11:25:34.771+0200] {logging_mixin.py:188} INFO - [2025-07-11T11:25:34.771+0200] {dag.py:3954} INFO - Setting next_dagrun for example_time_delta_sensor_async to None, run_after=None
[2025-07-11T11:25:34.788+0200] {processor.py:183} INFO - Processing /home/florent/Programs/anaconda3/envs/airflow_etl/lib/python3.11/site-packages/airflow/example_dags/example_time_delta_sensor_async.py took 0.050 seconds
[2025-07-11T11:26:40.547+0200] {processor.py:161} INFO - Started process (PID=59547) to work on /home/florent/Programs/anaconda3/envs/airflow_etl/lib/python3.11/site-packages/airflow/example_dags/example_time_delta_sensor_async.py
[2025-07-11T11:26:40.550+0200] {processor.py:830} INFO - Processing file /home/florent/Programs/anaconda3/envs/airflow_etl/lib/python3.11/site-packages/airflow/example_dags/example_time_delta_sensor_async.py for tasks to queue
[2025-07-11T11:26:40.551+0200] {logging_mixin.py:188} INFO - [2025-07-11T11:26:40.551+0200] {dagbag.py:545} INFO - Filling up the DagBag from /home/florent/Programs/anaconda3/envs/airflow_etl/lib/python3.11/site-packages/airflow/example_dags/example_time_delta_sensor_async.py
[2025-07-11T11:26:40.556+0200] {processor.py:840} INFO - DAG(s) 'example_time_delta_sensor_async' retrieved from /home/florent/Programs/anaconda3/envs/airflow_etl/lib/python3.11/site-packages/airflow/example_dags/example_time_delta_sensor_async.py
[2025-07-11T11:26:40.566+0200] {logging_mixin.py:188} INFO - [2025-07-11T11:26:40.566+0200] {dag.py:3096} INFO - Sync 1 DAGs
[2025-07-11T11:26:40.572+0200] {logging_mixin.py:188} INFO - [2025-07-11T11:26:40.572+0200] {dag.py:3954} INFO - Setting next_dagrun for example_time_delta_sensor_async to None, run_after=None
[2025-07-11T11:26:40.584+0200] {processor.py:183} INFO - Processing /home/florent/Programs/anaconda3/envs/airflow_etl/lib/python3.11/site-packages/airflow/example_dags/example_time_delta_sensor_async.py took 0.044 seconds
[2025-07-11T11:27:50.170+0200] {processor.py:161} INFO - Started process (PID=60329) to work on /home/florent/Programs/anaconda3/envs/airflow_etl/lib/python3.11/site-packages/airflow/example_dags/example_time_delta_sensor_async.py
[2025-07-11T11:27:50.173+0200] {processor.py:830} INFO - Processing file /home/florent/Programs/anaconda3/envs/airflow_etl/lib/python3.11/site-packages/airflow/example_dags/example_time_delta_sensor_async.py for tasks to queue
[2025-07-11T11:27:50.174+0200] {logging_mixin.py:188} INFO - [2025-07-11T11:27:50.174+0200] {dagbag.py:545} INFO - Filling up the DagBag from /home/florent/Programs/anaconda3/envs/airflow_etl/lib/python3.11/site-packages/airflow/example_dags/example_time_delta_sensor_async.py
[2025-07-11T11:27:50.178+0200] {processor.py:840} INFO - DAG(s) 'example_time_delta_sensor_async' retrieved from /home/florent/Programs/anaconda3/envs/airflow_etl/lib/python3.11/site-packages/airflow/example_dags/example_time_delta_sensor_async.py
[2025-07-11T11:27:50.187+0200] {logging_mixin.py:188} INFO - [2025-07-11T11:27:50.187+0200] {dag.py:3096} INFO - Sync 1 DAGs
[2025-07-11T11:27:50.193+0200] {logging_mixin.py:188} INFO - [2025-07-11T11:27:50.193+0200] {dag.py:3954} INFO - Setting next_dagrun for example_time_delta_sensor_async to None, run_after=None
[2025-07-11T11:27:50.204+0200] {processor.py:183} INFO - Processing /home/florent/Programs/anaconda3/envs/airflow_etl/lib/python3.11/site-packages/airflow/example_dags/example_time_delta_sensor_async.py took 0.039 seconds
[2025-07-11T11:28:52.290+0200] {processor.py:161} INFO - Started process (PID=61026) to work on /home/florent/Programs/anaconda3/envs/airflow_etl/lib/python3.11/site-packages/airflow/example_dags/example_time_delta_sensor_async.py
[2025-07-11T11:28:52.293+0200] {processor.py:830} INFO - Processing file /home/florent/Programs/anaconda3/envs/airflow_etl/lib/python3.11/site-packages/airflow/example_dags/example_time_delta_sensor_async.py for tasks to queue
[2025-07-11T11:28:52.294+0200] {logging_mixin.py:188} INFO - [2025-07-11T11:28:52.294+0200] {dagbag.py:545} INFO - Filling up the DagBag from /home/florent/Programs/anaconda3/envs/airflow_etl/lib/python3.11/site-packages/airflow/example_dags/example_time_delta_sensor_async.py
[2025-07-11T11:28:52.298+0200] {processor.py:840} INFO - DAG(s) 'example_time_delta_sensor_async' retrieved from /home/florent/Programs/anaconda3/envs/airflow_etl/lib/python3.11/site-packages/airflow/example_dags/example_time_delta_sensor_async.py
[2025-07-11T11:28:52.306+0200] {logging_mixin.py:188} INFO - [2025-07-11T11:28:52.306+0200] {dag.py:3096} INFO - Sync 1 DAGs
[2025-07-11T11:28:52.312+0200] {logging_mixin.py:188} INFO - [2025-07-11T11:28:52.312+0200] {dag.py:3954} INFO - Setting next_dagrun for example_time_delta_sensor_async to None, run_after=None
[2025-07-11T11:28:52.321+0200] {processor.py:183} INFO - Processing /home/florent/Programs/anaconda3/envs/airflow_etl/lib/python3.11/site-packages/airflow/example_dags/example_time_delta_sensor_async.py took 0.035 seconds
[2025-07-11T11:29:56.962+0200] {processor.py:161} INFO - Started process (PID=61690) to work on /home/florent/Programs/anaconda3/envs/airflow_etl/lib/python3.11/site-packages/airflow/example_dags/example_time_delta_sensor_async.py
[2025-07-11T11:29:56.964+0200] {processor.py:830} INFO - Processing file /home/florent/Programs/anaconda3/envs/airflow_etl/lib/python3.11/site-packages/airflow/example_dags/example_time_delta_sensor_async.py for tasks to queue
[2025-07-11T11:29:56.965+0200] {logging_mixin.py:188} INFO - [2025-07-11T11:29:56.965+0200] {dagbag.py:545} INFO - Filling up the DagBag from /home/florent/Programs/anaconda3/envs/airflow_etl/lib/python3.11/site-packages/airflow/example_dags/example_time_delta_sensor_async.py
[2025-07-11T11:29:56.970+0200] {processor.py:840} INFO - DAG(s) 'example_time_delta_sensor_async' retrieved from /home/florent/Programs/anaconda3/envs/airflow_etl/lib/python3.11/site-packages/airflow/example_dags/example_time_delta_sensor_async.py
[2025-07-11T11:29:56.981+0200] {logging_mixin.py:188} INFO - [2025-07-11T11:29:56.981+0200] {dag.py:3096} INFO - Sync 1 DAGs
[2025-07-11T11:29:56.988+0200] {logging_mixin.py:188} INFO - [2025-07-11T11:29:56.987+0200] {dag.py:3954} INFO - Setting next_dagrun for example_time_delta_sensor_async to None, run_after=None
[2025-07-11T11:29:56.999+0200] {processor.py:183} INFO - Processing /home/florent/Programs/anaconda3/envs/airflow_etl/lib/python3.11/site-packages/airflow/example_dags/example_time_delta_sensor_async.py took 0.044 seconds
[2025-07-11T11:30:58.212+0200] {processor.py:161} INFO - Started process (PID=62330) to work on /home/florent/Programs/anaconda3/envs/airflow_etl/lib/python3.11/site-packages/airflow/example_dags/example_time_delta_sensor_async.py
[2025-07-11T11:30:58.215+0200] {processor.py:830} INFO - Processing file /home/florent/Programs/anaconda3/envs/airflow_etl/lib/python3.11/site-packages/airflow/example_dags/example_time_delta_sensor_async.py for tasks to queue
[2025-07-11T11:30:58.217+0200] {logging_mixin.py:188} INFO - [2025-07-11T11:30:58.216+0200] {dagbag.py:545} INFO - Filling up the DagBag from /home/florent/Programs/anaconda3/envs/airflow_etl/lib/python3.11/site-packages/airflow/example_dags/example_time_delta_sensor_async.py
[2025-07-11T11:30:58.221+0200] {processor.py:840} INFO - DAG(s) 'example_time_delta_sensor_async' retrieved from /home/florent/Programs/anaconda3/envs/airflow_etl/lib/python3.11/site-packages/airflow/example_dags/example_time_delta_sensor_async.py
[2025-07-11T11:30:58.236+0200] {logging_mixin.py:188} INFO - [2025-07-11T11:30:58.236+0200] {dag.py:3096} INFO - Sync 1 DAGs
[2025-07-11T11:30:58.243+0200] {logging_mixin.py:188} INFO - [2025-07-11T11:30:58.243+0200] {dag.py:3954} INFO - Setting next_dagrun for example_time_delta_sensor_async to None, run_after=None
[2025-07-11T11:30:58.253+0200] {processor.py:183} INFO - Processing /home/florent/Programs/anaconda3/envs/airflow_etl/lib/python3.11/site-packages/airflow/example_dags/example_time_delta_sensor_async.py took 0.047 seconds
[2025-07-11T11:32:05.615+0200] {processor.py:161} INFO - Started process (PID=62994) to work on /home/florent/Programs/anaconda3/envs/airflow_etl/lib/python3.11/site-packages/airflow/example_dags/example_time_delta_sensor_async.py
[2025-07-11T11:32:05.618+0200] {processor.py:830} INFO - Processing file /home/florent/Programs/anaconda3/envs/airflow_etl/lib/python3.11/site-packages/airflow/example_dags/example_time_delta_sensor_async.py for tasks to queue
[2025-07-11T11:32:05.620+0200] {logging_mixin.py:188} INFO - [2025-07-11T11:32:05.619+0200] {dagbag.py:545} INFO - Filling up the DagBag from /home/florent/Programs/anaconda3/envs/airflow_etl/lib/python3.11/site-packages/airflow/example_dags/example_time_delta_sensor_async.py
[2025-07-11T11:32:05.625+0200] {processor.py:840} INFO - DAG(s) 'example_time_delta_sensor_async' retrieved from /home/florent/Programs/anaconda3/envs/airflow_etl/lib/python3.11/site-packages/airflow/example_dags/example_time_delta_sensor_async.py
[2025-07-11T11:32:05.635+0200] {logging_mixin.py:188} INFO - [2025-07-11T11:32:05.635+0200] {dag.py:3096} INFO - Sync 1 DAGs
[2025-07-11T11:32:05.642+0200] {logging_mixin.py:188} INFO - [2025-07-11T11:32:05.642+0200] {dag.py:3954} INFO - Setting next_dagrun for example_time_delta_sensor_async to None, run_after=None
[2025-07-11T11:32:05.653+0200] {processor.py:183} INFO - Processing /home/florent/Programs/anaconda3/envs/airflow_etl/lib/python3.11/site-packages/airflow/example_dags/example_time_delta_sensor_async.py took 0.044 seconds
[2025-07-11T11:33:08.517+0200] {processor.py:161} INFO - Started process (PID=63814) to work on /home/florent/Programs/anaconda3/envs/airflow_etl/lib/python3.11/site-packages/airflow/example_dags/example_time_delta_sensor_async.py
[2025-07-11T11:33:08.520+0200] {processor.py:830} INFO - Processing file /home/florent/Programs/anaconda3/envs/airflow_etl/lib/python3.11/site-packages/airflow/example_dags/example_time_delta_sensor_async.py for tasks to queue
[2025-07-11T11:33:08.522+0200] {logging_mixin.py:188} INFO - [2025-07-11T11:33:08.521+0200] {dagbag.py:545} INFO - Filling up the DagBag from /home/florent/Programs/anaconda3/envs/airflow_etl/lib/python3.11/site-packages/airflow/example_dags/example_time_delta_sensor_async.py
[2025-07-11T11:33:08.527+0200] {processor.py:840} INFO - DAG(s) 'example_time_delta_sensor_async' retrieved from /home/florent/Programs/anaconda3/envs/airflow_etl/lib/python3.11/site-packages/airflow/example_dags/example_time_delta_sensor_async.py
[2025-07-11T11:33:08.538+0200] {logging_mixin.py:188} INFO - [2025-07-11T11:33:08.538+0200] {dag.py:3096} INFO - Sync 1 DAGs
[2025-07-11T11:33:08.544+0200] {logging_mixin.py:188} INFO - [2025-07-11T11:33:08.544+0200] {dag.py:3954} INFO - Setting next_dagrun for example_time_delta_sensor_async to None, run_after=None
[2025-07-11T11:33:08.555+0200] {processor.py:183} INFO - Processing /home/florent/Programs/anaconda3/envs/airflow_etl/lib/python3.11/site-packages/airflow/example_dags/example_time_delta_sensor_async.py took 0.044 seconds
[2025-07-11T11:34:13.566+0200] {processor.py:161} INFO - Started process (PID=64458) to work on /home/florent/Programs/anaconda3/envs/airflow_etl/lib/python3.11/site-packages/airflow/example_dags/example_time_delta_sensor_async.py
[2025-07-11T11:34:13.569+0200] {processor.py:830} INFO - Processing file /home/florent/Programs/anaconda3/envs/airflow_etl/lib/python3.11/site-packages/airflow/example_dags/example_time_delta_sensor_async.py for tasks to queue
[2025-07-11T11:34:13.571+0200] {logging_mixin.py:188} INFO - [2025-07-11T11:34:13.571+0200] {dagbag.py:545} INFO - Filling up the DagBag from /home/florent/Programs/anaconda3/envs/airflow_etl/lib/python3.11/site-packages/airflow/example_dags/example_time_delta_sensor_async.py
[2025-07-11T11:34:13.576+0200] {processor.py:840} INFO - DAG(s) 'example_time_delta_sensor_async' retrieved from /home/florent/Programs/anaconda3/envs/airflow_etl/lib/python3.11/site-packages/airflow/example_dags/example_time_delta_sensor_async.py
[2025-07-11T11:34:13.589+0200] {logging_mixin.py:188} INFO - [2025-07-11T11:34:13.589+0200] {dag.py:3096} INFO - Sync 1 DAGs
[2025-07-11T11:34:13.596+0200] {logging_mixin.py:188} INFO - [2025-07-11T11:34:13.596+0200] {dag.py:3954} INFO - Setting next_dagrun for example_time_delta_sensor_async to None, run_after=None
[2025-07-11T11:34:13.608+0200] {processor.py:183} INFO - Processing /home/florent/Programs/anaconda3/envs/airflow_etl/lib/python3.11/site-packages/airflow/example_dags/example_time_delta_sensor_async.py took 0.048 seconds
[2025-07-11T11:35:00.414+0200] {processor.py:161} INFO - Started process (PID=64913) to work on /home/florent/Programs/anaconda3/envs/airflow_etl/lib/python3.11/site-packages/airflow/example_dags/example_time_delta_sensor_async.py
[2025-07-11T11:35:00.416+0200] {processor.py:830} INFO - Processing file /home/florent/Programs/anaconda3/envs/airflow_etl/lib/python3.11/site-packages/airflow/example_dags/example_time_delta_sensor_async.py for tasks to queue
[2025-07-11T11:35:00.418+0200] {logging_mixin.py:188} INFO - [2025-07-11T11:35:00.418+0200] {dagbag.py:545} INFO - Filling up the DagBag from /home/florent/Programs/anaconda3/envs/airflow_etl/lib/python3.11/site-packages/airflow/example_dags/example_time_delta_sensor_async.py
[2025-07-11T11:35:00.422+0200] {processor.py:840} INFO - DAG(s) 'example_time_delta_sensor_async' retrieved from /home/florent/Programs/anaconda3/envs/airflow_etl/lib/python3.11/site-packages/airflow/example_dags/example_time_delta_sensor_async.py
[2025-07-11T11:35:00.431+0200] {logging_mixin.py:188} INFO - [2025-07-11T11:35:00.431+0200] {dag.py:3096} INFO - Sync 1 DAGs
[2025-07-11T11:35:00.436+0200] {logging_mixin.py:188} INFO - [2025-07-11T11:35:00.436+0200] {dag.py:3954} INFO - Setting next_dagrun for example_time_delta_sensor_async to None, run_after=None
[2025-07-11T11:35:00.446+0200] {processor.py:183} INFO - Processing /home/florent/Programs/anaconda3/envs/airflow_etl/lib/python3.11/site-packages/airflow/example_dags/example_time_delta_sensor_async.py took 0.038 seconds
[2025-07-11T11:36:00.125+0200] {processor.py:161} INFO - Started process (PID=65539) to work on /home/florent/Programs/anaconda3/envs/airflow_etl/lib/python3.11/site-packages/airflow/example_dags/example_time_delta_sensor_async.py
[2025-07-11T11:36:00.128+0200] {processor.py:830} INFO - Processing file /home/florent/Programs/anaconda3/envs/airflow_etl/lib/python3.11/site-packages/airflow/example_dags/example_time_delta_sensor_async.py for tasks to queue
[2025-07-11T11:36:00.130+0200] {logging_mixin.py:188} INFO - [2025-07-11T11:36:00.130+0200] {dagbag.py:545} INFO - Filling up the DagBag from /home/florent/Programs/anaconda3/envs/airflow_etl/lib/python3.11/site-packages/airflow/example_dags/example_time_delta_sensor_async.py
[2025-07-11T11:36:00.136+0200] {processor.py:840} INFO - DAG(s) 'example_time_delta_sensor_async' retrieved from /home/florent/Programs/anaconda3/envs/airflow_etl/lib/python3.11/site-packages/airflow/example_dags/example_time_delta_sensor_async.py
[2025-07-11T11:36:00.149+0200] {logging_mixin.py:188} INFO - [2025-07-11T11:36:00.149+0200] {dag.py:3096} INFO - Sync 1 DAGs
[2025-07-11T11:36:00.155+0200] {logging_mixin.py:188} INFO - [2025-07-11T11:36:00.155+0200] {dag.py:3954} INFO - Setting next_dagrun for example_time_delta_sensor_async to None, run_after=None
[2025-07-11T11:36:00.168+0200] {processor.py:183} INFO - Processing /home/florent/Programs/anaconda3/envs/airflow_etl/lib/python3.11/site-packages/airflow/example_dags/example_time_delta_sensor_async.py took 0.050 seconds
[2025-07-11T11:37:07.075+0200] {processor.py:161} INFO - Started process (PID=66319) to work on /home/florent/Programs/anaconda3/envs/airflow_etl/lib/python3.11/site-packages/airflow/example_dags/example_time_delta_sensor_async.py
[2025-07-11T11:37:07.077+0200] {processor.py:830} INFO - Processing file /home/florent/Programs/anaconda3/envs/airflow_etl/lib/python3.11/site-packages/airflow/example_dags/example_time_delta_sensor_async.py for tasks to queue
[2025-07-11T11:37:07.078+0200] {logging_mixin.py:188} INFO - [2025-07-11T11:37:07.078+0200] {dagbag.py:545} INFO - Filling up the DagBag from /home/florent/Programs/anaconda3/envs/airflow_etl/lib/python3.11/site-packages/airflow/example_dags/example_time_delta_sensor_async.py
[2025-07-11T11:37:07.081+0200] {processor.py:840} INFO - DAG(s) 'example_time_delta_sensor_async' retrieved from /home/florent/Programs/anaconda3/envs/airflow_etl/lib/python3.11/site-packages/airflow/example_dags/example_time_delta_sensor_async.py
[2025-07-11T11:37:07.090+0200] {logging_mixin.py:188} INFO - [2025-07-11T11:37:07.089+0200] {dag.py:3096} INFO - Sync 1 DAGs
[2025-07-11T11:37:07.096+0200] {logging_mixin.py:188} INFO - [2025-07-11T11:37:07.095+0200] {dag.py:3954} INFO - Setting next_dagrun for example_time_delta_sensor_async to None, run_after=None
[2025-07-11T11:37:07.105+0200] {processor.py:183} INFO - Processing /home/florent/Programs/anaconda3/envs/airflow_etl/lib/python3.11/site-packages/airflow/example_dags/example_time_delta_sensor_async.py took 0.034 seconds
[2025-07-11T11:38:11.871+0200] {processor.py:161} INFO - Started process (PID=66974) to work on /home/florent/Programs/anaconda3/envs/airflow_etl/lib/python3.11/site-packages/airflow/example_dags/example_time_delta_sensor_async.py
[2025-07-11T11:38:11.874+0200] {processor.py:830} INFO - Processing file /home/florent/Programs/anaconda3/envs/airflow_etl/lib/python3.11/site-packages/airflow/example_dags/example_time_delta_sensor_async.py for tasks to queue
[2025-07-11T11:38:11.876+0200] {logging_mixin.py:188} INFO - [2025-07-11T11:38:11.875+0200] {dagbag.py:545} INFO - Filling up the DagBag from /home/florent/Programs/anaconda3/envs/airflow_etl/lib/python3.11/site-packages/airflow/example_dags/example_time_delta_sensor_async.py
[2025-07-11T11:38:11.882+0200] {processor.py:840} INFO - DAG(s) 'example_time_delta_sensor_async' retrieved from /home/florent/Programs/anaconda3/envs/airflow_etl/lib/python3.11/site-packages/airflow/example_dags/example_time_delta_sensor_async.py
[2025-07-11T11:38:11.899+0200] {logging_mixin.py:188} INFO - [2025-07-11T11:38:11.899+0200] {dag.py:3096} INFO - Sync 1 DAGs
[2025-07-11T11:38:11.909+0200] {logging_mixin.py:188} INFO - [2025-07-11T11:38:11.909+0200] {dag.py:3954} INFO - Setting next_dagrun for example_time_delta_sensor_async to None, run_after=None
[2025-07-11T11:38:11.921+0200] {processor.py:183} INFO - Processing /home/florent/Programs/anaconda3/envs/airflow_etl/lib/python3.11/site-packages/airflow/example_dags/example_time_delta_sensor_async.py took 0.057 seconds
[2025-07-11T11:39:20.580+0200] {processor.py:161} INFO - Started process (PID=67690) to work on /home/florent/Programs/anaconda3/envs/airflow_etl/lib/python3.11/site-packages/airflow/example_dags/example_time_delta_sensor_async.py
[2025-07-11T11:39:20.583+0200] {processor.py:830} INFO - Processing file /home/florent/Programs/anaconda3/envs/airflow_etl/lib/python3.11/site-packages/airflow/example_dags/example_time_delta_sensor_async.py for tasks to queue
[2025-07-11T11:39:20.585+0200] {logging_mixin.py:188} INFO - [2025-07-11T11:39:20.585+0200] {dagbag.py:545} INFO - Filling up the DagBag from /home/florent/Programs/anaconda3/envs/airflow_etl/lib/python3.11/site-packages/airflow/example_dags/example_time_delta_sensor_async.py
[2025-07-11T11:39:20.591+0200] {processor.py:840} INFO - DAG(s) 'example_time_delta_sensor_async' retrieved from /home/florent/Programs/anaconda3/envs/airflow_etl/lib/python3.11/site-packages/airflow/example_dags/example_time_delta_sensor_async.py
[2025-07-11T11:39:20.609+0200] {logging_mixin.py:188} INFO - [2025-07-11T11:39:20.608+0200] {dag.py:3096} INFO - Sync 1 DAGs
[2025-07-11T11:39:20.615+0200] {logging_mixin.py:188} INFO - [2025-07-11T11:39:20.615+0200] {dag.py:3954} INFO - Setting next_dagrun for example_time_delta_sensor_async to None, run_after=None
[2025-07-11T11:39:20.628+0200] {processor.py:183} INFO - Processing /home/florent/Programs/anaconda3/envs/airflow_etl/lib/python3.11/site-packages/airflow/example_dags/example_time_delta_sensor_async.py took 0.055 seconds
[2025-07-11T11:40:26.265+0200] {processor.py:161} INFO - Started process (PID=68440) to work on /home/florent/Programs/anaconda3/envs/airflow_etl/lib/python3.11/site-packages/airflow/example_dags/example_time_delta_sensor_async.py
[2025-07-11T11:40:26.268+0200] {processor.py:830} INFO - Processing file /home/florent/Programs/anaconda3/envs/airflow_etl/lib/python3.11/site-packages/airflow/example_dags/example_time_delta_sensor_async.py for tasks to queue
[2025-07-11T11:40:26.270+0200] {logging_mixin.py:188} INFO - [2025-07-11T11:40:26.269+0200] {dagbag.py:545} INFO - Filling up the DagBag from /home/florent/Programs/anaconda3/envs/airflow_etl/lib/python3.11/site-packages/airflow/example_dags/example_time_delta_sensor_async.py
[2025-07-11T11:40:26.274+0200] {processor.py:840} INFO - DAG(s) 'example_time_delta_sensor_async' retrieved from /home/florent/Programs/anaconda3/envs/airflow_etl/lib/python3.11/site-packages/airflow/example_dags/example_time_delta_sensor_async.py
[2025-07-11T11:40:26.286+0200] {logging_mixin.py:188} INFO - [2025-07-11T11:40:26.286+0200] {dag.py:3096} INFO - Sync 1 DAGs
[2025-07-11T11:40:26.293+0200] {logging_mixin.py:188} INFO - [2025-07-11T11:40:26.293+0200] {dag.py:3954} INFO - Setting next_dagrun for example_time_delta_sensor_async to None, run_after=None
[2025-07-11T11:40:26.304+0200] {processor.py:183} INFO - Processing /home/florent/Programs/anaconda3/envs/airflow_etl/lib/python3.11/site-packages/airflow/example_dags/example_time_delta_sensor_async.py took 0.043 seconds
[2025-07-11T11:41:32.446+0200] {processor.py:161} INFO - Started process (PID=69085) to work on /home/florent/Programs/anaconda3/envs/airflow_etl/lib/python3.11/site-packages/airflow/example_dags/example_time_delta_sensor_async.py
[2025-07-11T11:41:32.449+0200] {processor.py:830} INFO - Processing file /home/florent/Programs/anaconda3/envs/airflow_etl/lib/python3.11/site-packages/airflow/example_dags/example_time_delta_sensor_async.py for tasks to queue
[2025-07-11T11:41:32.451+0200] {logging_mixin.py:188} INFO - [2025-07-11T11:41:32.450+0200] {dagbag.py:545} INFO - Filling up the DagBag from /home/florent/Programs/anaconda3/envs/airflow_etl/lib/python3.11/site-packages/airflow/example_dags/example_time_delta_sensor_async.py
[2025-07-11T11:41:32.457+0200] {processor.py:840} INFO - DAG(s) 'example_time_delta_sensor_async' retrieved from /home/florent/Programs/anaconda3/envs/airflow_etl/lib/python3.11/site-packages/airflow/example_dags/example_time_delta_sensor_async.py
[2025-07-11T11:41:32.470+0200] {logging_mixin.py:188} INFO - [2025-07-11T11:41:32.470+0200] {dag.py:3096} INFO - Sync 1 DAGs
[2025-07-11T11:41:32.477+0200] {logging_mixin.py:188} INFO - [2025-07-11T11:41:32.476+0200] {dag.py:3954} INFO - Setting next_dagrun for example_time_delta_sensor_async to None, run_after=None
[2025-07-11T11:41:32.489+0200] {processor.py:183} INFO - Processing /home/florent/Programs/anaconda3/envs/airflow_etl/lib/python3.11/site-packages/airflow/example_dags/example_time_delta_sensor_async.py took 0.049 seconds
[2025-07-11T11:42:35.769+0200] {processor.py:161} INFO - Started process (PID=69947) to work on /home/florent/Programs/anaconda3/envs/airflow_etl/lib/python3.11/site-packages/airflow/example_dags/example_time_delta_sensor_async.py
[2025-07-11T11:42:35.772+0200] {processor.py:830} INFO - Processing file /home/florent/Programs/anaconda3/envs/airflow_etl/lib/python3.11/site-packages/airflow/example_dags/example_time_delta_sensor_async.py for tasks to queue
[2025-07-11T11:42:35.773+0200] {logging_mixin.py:188} INFO - [2025-07-11T11:42:35.773+0200] {dagbag.py:545} INFO - Filling up the DagBag from /home/florent/Programs/anaconda3/envs/airflow_etl/lib/python3.11/site-packages/airflow/example_dags/example_time_delta_sensor_async.py
[2025-07-11T11:42:35.779+0200] {processor.py:840} INFO - DAG(s) 'example_time_delta_sensor_async' retrieved from /home/florent/Programs/anaconda3/envs/airflow_etl/lib/python3.11/site-packages/airflow/example_dags/example_time_delta_sensor_async.py
[2025-07-11T11:42:35.793+0200] {logging_mixin.py:188} INFO - [2025-07-11T11:42:35.792+0200] {dag.py:3096} INFO - Sync 1 DAGs
[2025-07-11T11:42:35.801+0200] {logging_mixin.py:188} INFO - [2025-07-11T11:42:35.800+0200] {dag.py:3954} INFO - Setting next_dagrun for example_time_delta_sensor_async to None, run_after=None
[2025-07-11T11:42:35.811+0200] {processor.py:183} INFO - Processing /home/florent/Programs/anaconda3/envs/airflow_etl/lib/python3.11/site-packages/airflow/example_dags/example_time_delta_sensor_async.py took 0.047 seconds
[2025-07-11T11:43:39.732+0200] {processor.py:161} INFO - Started process (PID=70656) to work on /home/florent/Programs/anaconda3/envs/airflow_etl/lib/python3.11/site-packages/airflow/example_dags/example_time_delta_sensor_async.py
[2025-07-11T11:43:39.735+0200] {processor.py:830} INFO - Processing file /home/florent/Programs/anaconda3/envs/airflow_etl/lib/python3.11/site-packages/airflow/example_dags/example_time_delta_sensor_async.py for tasks to queue
[2025-07-11T11:43:39.736+0200] {logging_mixin.py:188} INFO - [2025-07-11T11:43:39.736+0200] {dagbag.py:545} INFO - Filling up the DagBag from /home/florent/Programs/anaconda3/envs/airflow_etl/lib/python3.11/site-packages/airflow/example_dags/example_time_delta_sensor_async.py
[2025-07-11T11:43:39.741+0200] {processor.py:840} INFO - DAG(s) 'example_time_delta_sensor_async' retrieved from /home/florent/Programs/anaconda3/envs/airflow_etl/lib/python3.11/site-packages/airflow/example_dags/example_time_delta_sensor_async.py
[2025-07-11T11:43:39.754+0200] {logging_mixin.py:188} INFO - [2025-07-11T11:43:39.754+0200] {dag.py:3096} INFO - Sync 1 DAGs
[2025-07-11T11:43:39.761+0200] {logging_mixin.py:188} INFO - [2025-07-11T11:43:39.761+0200] {dag.py:3954} INFO - Setting next_dagrun for example_time_delta_sensor_async to None, run_after=None
[2025-07-11T11:43:39.773+0200] {processor.py:183} INFO - Processing /home/florent/Programs/anaconda3/envs/airflow_etl/lib/python3.11/site-packages/airflow/example_dags/example_time_delta_sensor_async.py took 0.047 seconds
[2025-07-11T11:44:46.573+0200] {processor.py:161} INFO - Started process (PID=71471) to work on /home/florent/Programs/anaconda3/envs/airflow_etl/lib/python3.11/site-packages/airflow/example_dags/example_time_delta_sensor_async.py
[2025-07-11T11:44:46.576+0200] {processor.py:830} INFO - Processing file /home/florent/Programs/anaconda3/envs/airflow_etl/lib/python3.11/site-packages/airflow/example_dags/example_time_delta_sensor_async.py for tasks to queue
[2025-07-11T11:44:46.578+0200] {logging_mixin.py:188} INFO - [2025-07-11T11:44:46.577+0200] {dagbag.py:545} INFO - Filling up the DagBag from /home/florent/Programs/anaconda3/envs/airflow_etl/lib/python3.11/site-packages/airflow/example_dags/example_time_delta_sensor_async.py
[2025-07-11T11:44:46.583+0200] {processor.py:840} INFO - DAG(s) 'example_time_delta_sensor_async' retrieved from /home/florent/Programs/anaconda3/envs/airflow_etl/lib/python3.11/site-packages/airflow/example_dags/example_time_delta_sensor_async.py
[2025-07-11T11:44:46.599+0200] {logging_mixin.py:188} INFO - [2025-07-11T11:44:46.599+0200] {dag.py:3096} INFO - Sync 1 DAGs
[2025-07-11T11:44:46.612+0200] {logging_mixin.py:188} INFO - [2025-07-11T11:44:46.612+0200] {dag.py:3954} INFO - Setting next_dagrun for example_time_delta_sensor_async to None, run_after=None
[2025-07-11T11:44:46.637+0200] {processor.py:183} INFO - Processing /home/florent/Programs/anaconda3/envs/airflow_etl/lib/python3.11/site-packages/airflow/example_dags/example_time_delta_sensor_async.py took 0.070 seconds
[2025-07-11T11:45:55.465+0200] {processor.py:161} INFO - Started process (PID=72259) to work on /home/florent/Programs/anaconda3/envs/airflow_etl/lib/python3.11/site-packages/airflow/example_dags/example_time_delta_sensor_async.py
[2025-07-11T11:45:55.467+0200] {processor.py:830} INFO - Processing file /home/florent/Programs/anaconda3/envs/airflow_etl/lib/python3.11/site-packages/airflow/example_dags/example_time_delta_sensor_async.py for tasks to queue
[2025-07-11T11:45:55.468+0200] {logging_mixin.py:188} INFO - [2025-07-11T11:45:55.468+0200] {dagbag.py:545} INFO - Filling up the DagBag from /home/florent/Programs/anaconda3/envs/airflow_etl/lib/python3.11/site-packages/airflow/example_dags/example_time_delta_sensor_async.py
[2025-07-11T11:45:55.471+0200] {processor.py:840} INFO - DAG(s) 'example_time_delta_sensor_async' retrieved from /home/florent/Programs/anaconda3/envs/airflow_etl/lib/python3.11/site-packages/airflow/example_dags/example_time_delta_sensor_async.py
[2025-07-11T11:45:55.480+0200] {logging_mixin.py:188} INFO - [2025-07-11T11:45:55.480+0200] {dag.py:3096} INFO - Sync 1 DAGs
[2025-07-11T11:45:55.486+0200] {logging_mixin.py:188} INFO - [2025-07-11T11:45:55.486+0200] {dag.py:3954} INFO - Setting next_dagrun for example_time_delta_sensor_async to None, run_after=None
[2025-07-11T11:45:55.496+0200] {processor.py:183} INFO - Processing /home/florent/Programs/anaconda3/envs/airflow_etl/lib/python3.11/site-packages/airflow/example_dags/example_time_delta_sensor_async.py took 0.036 seconds
[2025-07-11T11:46:54.951+0200] {processor.py:161} INFO - Started process (PID=72886) to work on /home/florent/Programs/anaconda3/envs/airflow_etl/lib/python3.11/site-packages/airflow/example_dags/example_time_delta_sensor_async.py
[2025-07-11T11:46:54.954+0200] {processor.py:830} INFO - Processing file /home/florent/Programs/anaconda3/envs/airflow_etl/lib/python3.11/site-packages/airflow/example_dags/example_time_delta_sensor_async.py for tasks to queue
[2025-07-11T11:46:54.955+0200] {logging_mixin.py:188} INFO - [2025-07-11T11:46:54.955+0200] {dagbag.py:545} INFO - Filling up the DagBag from /home/florent/Programs/anaconda3/envs/airflow_etl/lib/python3.11/site-packages/airflow/example_dags/example_time_delta_sensor_async.py
[2025-07-11T11:46:54.959+0200] {processor.py:840} INFO - DAG(s) 'example_time_delta_sensor_async' retrieved from /home/florent/Programs/anaconda3/envs/airflow_etl/lib/python3.11/site-packages/airflow/example_dags/example_time_delta_sensor_async.py
[2025-07-11T11:46:54.967+0200] {logging_mixin.py:188} INFO - [2025-07-11T11:46:54.967+0200] {dag.py:3096} INFO - Sync 1 DAGs
[2025-07-11T11:46:54.973+0200] {logging_mixin.py:188} INFO - [2025-07-11T11:46:54.973+0200] {dag.py:3954} INFO - Setting next_dagrun for example_time_delta_sensor_async to None, run_after=None
[2025-07-11T11:46:54.983+0200] {processor.py:183} INFO - Processing /home/florent/Programs/anaconda3/envs/airflow_etl/lib/python3.11/site-packages/airflow/example_dags/example_time_delta_sensor_async.py took 0.038 seconds
[2025-07-11T11:48:00.491+0200] {processor.py:161} INFO - Started process (PID=73519) to work on /home/florent/Programs/anaconda3/envs/airflow_etl/lib/python3.11/site-packages/airflow/example_dags/example_time_delta_sensor_async.py
[2025-07-11T11:48:00.494+0200] {processor.py:830} INFO - Processing file /home/florent/Programs/anaconda3/envs/airflow_etl/lib/python3.11/site-packages/airflow/example_dags/example_time_delta_sensor_async.py for tasks to queue
[2025-07-11T11:48:00.496+0200] {logging_mixin.py:188} INFO - [2025-07-11T11:48:00.496+0200] {dagbag.py:545} INFO - Filling up the DagBag from /home/florent/Programs/anaconda3/envs/airflow_etl/lib/python3.11/site-packages/airflow/example_dags/example_time_delta_sensor_async.py
[2025-07-11T11:48:00.501+0200] {processor.py:840} INFO - DAG(s) 'example_time_delta_sensor_async' retrieved from /home/florent/Programs/anaconda3/envs/airflow_etl/lib/python3.11/site-packages/airflow/example_dags/example_time_delta_sensor_async.py
[2025-07-11T11:48:00.517+0200] {logging_mixin.py:188} INFO - [2025-07-11T11:48:00.516+0200] {dag.py:3096} INFO - Sync 1 DAGs
[2025-07-11T11:48:00.523+0200] {logging_mixin.py:188} INFO - [2025-07-11T11:48:00.523+0200] {dag.py:3954} INFO - Setting next_dagrun for example_time_delta_sensor_async to None, run_after=None
[2025-07-11T11:48:00.532+0200] {processor.py:183} INFO - Processing /home/florent/Programs/anaconda3/envs/airflow_etl/lib/python3.11/site-packages/airflow/example_dags/example_time_delta_sensor_async.py took 0.048 seconds
[2025-07-11T11:49:03.941+0200] {processor.py:161} INFO - Started process (PID=74203) to work on /home/florent/Programs/anaconda3/envs/airflow_etl/lib/python3.11/site-packages/airflow/example_dags/example_time_delta_sensor_async.py
[2025-07-11T11:49:03.944+0200] {processor.py:830} INFO - Processing file /home/florent/Programs/anaconda3/envs/airflow_etl/lib/python3.11/site-packages/airflow/example_dags/example_time_delta_sensor_async.py for tasks to queue
[2025-07-11T11:49:03.946+0200] {logging_mixin.py:188} INFO - [2025-07-11T11:49:03.945+0200] {dagbag.py:545} INFO - Filling up the DagBag from /home/florent/Programs/anaconda3/envs/airflow_etl/lib/python3.11/site-packages/airflow/example_dags/example_time_delta_sensor_async.py
[2025-07-11T11:49:03.950+0200] {processor.py:840} INFO - DAG(s) 'example_time_delta_sensor_async' retrieved from /home/florent/Programs/anaconda3/envs/airflow_etl/lib/python3.11/site-packages/airflow/example_dags/example_time_delta_sensor_async.py
[2025-07-11T11:49:03.963+0200] {logging_mixin.py:188} INFO - [2025-07-11T11:49:03.963+0200] {dag.py:3096} INFO - Sync 1 DAGs
[2025-07-11T11:49:03.969+0200] {logging_mixin.py:188} INFO - [2025-07-11T11:49:03.969+0200] {dag.py:3954} INFO - Setting next_dagrun for example_time_delta_sensor_async to None, run_after=None
[2025-07-11T11:49:03.979+0200] {processor.py:183} INFO - Processing /home/florent/Programs/anaconda3/envs/airflow_etl/lib/python3.11/site-packages/airflow/example_dags/example_time_delta_sensor_async.py took 0.043 seconds
[2025-07-11T11:50:09.735+0200] {processor.py:161} INFO - Started process (PID=74849) to work on /home/florent/Programs/anaconda3/envs/airflow_etl/lib/python3.11/site-packages/airflow/example_dags/example_time_delta_sensor_async.py
[2025-07-11T11:50:09.737+0200] {processor.py:830} INFO - Processing file /home/florent/Programs/anaconda3/envs/airflow_etl/lib/python3.11/site-packages/airflow/example_dags/example_time_delta_sensor_async.py for tasks to queue
[2025-07-11T11:50:09.739+0200] {logging_mixin.py:188} INFO - [2025-07-11T11:50:09.739+0200] {dagbag.py:545} INFO - Filling up the DagBag from /home/florent/Programs/anaconda3/envs/airflow_etl/lib/python3.11/site-packages/airflow/example_dags/example_time_delta_sensor_async.py
[2025-07-11T11:50:09.745+0200] {processor.py:840} INFO - DAG(s) 'example_time_delta_sensor_async' retrieved from /home/florent/Programs/anaconda3/envs/airflow_etl/lib/python3.11/site-packages/airflow/example_dags/example_time_delta_sensor_async.py
[2025-07-11T11:50:09.761+0200] {logging_mixin.py:188} INFO - [2025-07-11T11:50:09.760+0200] {dag.py:3096} INFO - Sync 1 DAGs
[2025-07-11T11:50:09.767+0200] {logging_mixin.py:188} INFO - [2025-07-11T11:50:09.767+0200] {dag.py:3954} INFO - Setting next_dagrun for example_time_delta_sensor_async to None, run_after=None
[2025-07-11T11:50:09.780+0200] {processor.py:183} INFO - Processing /home/florent/Programs/anaconda3/envs/airflow_etl/lib/python3.11/site-packages/airflow/example_dags/example_time_delta_sensor_async.py took 0.052 seconds
[2025-07-11T11:51:17.207+0200] {processor.py:161} INFO - Started process (PID=75560) to work on /home/florent/Programs/anaconda3/envs/airflow_etl/lib/python3.11/site-packages/airflow/example_dags/example_time_delta_sensor_async.py
[2025-07-11T11:51:17.209+0200] {processor.py:830} INFO - Processing file /home/florent/Programs/anaconda3/envs/airflow_etl/lib/python3.11/site-packages/airflow/example_dags/example_time_delta_sensor_async.py for tasks to queue
[2025-07-11T11:51:17.211+0200] {logging_mixin.py:188} INFO - [2025-07-11T11:51:17.210+0200] {dagbag.py:545} INFO - Filling up the DagBag from /home/florent/Programs/anaconda3/envs/airflow_etl/lib/python3.11/site-packages/airflow/example_dags/example_time_delta_sensor_async.py
[2025-07-11T11:51:17.217+0200] {processor.py:840} INFO - DAG(s) 'example_time_delta_sensor_async' retrieved from /home/florent/Programs/anaconda3/envs/airflow_etl/lib/python3.11/site-packages/airflow/example_dags/example_time_delta_sensor_async.py
[2025-07-11T11:51:17.229+0200] {logging_mixin.py:188} INFO - [2025-07-11T11:51:17.229+0200] {dag.py:3096} INFO - Sync 1 DAGs
[2025-07-11T11:51:17.237+0200] {logging_mixin.py:188} INFO - [2025-07-11T11:51:17.236+0200] {dag.py:3954} INFO - Setting next_dagrun for example_time_delta_sensor_async to None, run_after=None
[2025-07-11T11:51:17.253+0200] {processor.py:183} INFO - Processing /home/florent/Programs/anaconda3/envs/airflow_etl/lib/python3.11/site-packages/airflow/example_dags/example_time_delta_sensor_async.py took 0.051 seconds
[2025-07-11T11:52:21.091+0200] {processor.py:161} INFO - Started process (PID=76191) to work on /home/florent/Programs/anaconda3/envs/airflow_etl/lib/python3.11/site-packages/airflow/example_dags/example_time_delta_sensor_async.py
[2025-07-11T11:52:21.092+0200] {processor.py:830} INFO - Processing file /home/florent/Programs/anaconda3/envs/airflow_etl/lib/python3.11/site-packages/airflow/example_dags/example_time_delta_sensor_async.py for tasks to queue
[2025-07-11T11:52:21.093+0200] {logging_mixin.py:188} INFO - [2025-07-11T11:52:21.092+0200] {dagbag.py:545} INFO - Filling up the DagBag from /home/florent/Programs/anaconda3/envs/airflow_etl/lib/python3.11/site-packages/airflow/example_dags/example_time_delta_sensor_async.py
[2025-07-11T11:52:21.096+0200] {processor.py:840} INFO - DAG(s) 'example_time_delta_sensor_async' retrieved from /home/florent/Programs/anaconda3/envs/airflow_etl/lib/python3.11/site-packages/airflow/example_dags/example_time_delta_sensor_async.py
[2025-07-11T11:52:21.110+0200] {logging_mixin.py:188} INFO - [2025-07-11T11:52:21.109+0200] {dag.py:3096} INFO - Sync 1 DAGs
[2025-07-11T11:52:21.116+0200] {logging_mixin.py:188} INFO - [2025-07-11T11:52:21.116+0200] {dag.py:3954} INFO - Setting next_dagrun for example_time_delta_sensor_async to None, run_after=None
[2025-07-11T11:52:21.126+0200] {processor.py:183} INFO - Processing /home/florent/Programs/anaconda3/envs/airflow_etl/lib/python3.11/site-packages/airflow/example_dags/example_time_delta_sensor_async.py took 0.039 seconds
[2025-07-11T11:53:25.662+0200] {processor.py:161} INFO - Started process (PID=76860) to work on /home/florent/Programs/anaconda3/envs/airflow_etl/lib/python3.11/site-packages/airflow/example_dags/example_time_delta_sensor_async.py
[2025-07-11T11:53:25.665+0200] {processor.py:830} INFO - Processing file /home/florent/Programs/anaconda3/envs/airflow_etl/lib/python3.11/site-packages/airflow/example_dags/example_time_delta_sensor_async.py for tasks to queue
[2025-07-11T11:53:25.667+0200] {logging_mixin.py:188} INFO - [2025-07-11T11:53:25.667+0200] {dagbag.py:545} INFO - Filling up the DagBag from /home/florent/Programs/anaconda3/envs/airflow_etl/lib/python3.11/site-packages/airflow/example_dags/example_time_delta_sensor_async.py
[2025-07-11T11:53:25.673+0200] {processor.py:840} INFO - DAG(s) 'example_time_delta_sensor_async' retrieved from /home/florent/Programs/anaconda3/envs/airflow_etl/lib/python3.11/site-packages/airflow/example_dags/example_time_delta_sensor_async.py
[2025-07-11T11:53:25.690+0200] {logging_mixin.py:188} INFO - [2025-07-11T11:53:25.690+0200] {dag.py:3096} INFO - Sync 1 DAGs
[2025-07-11T11:53:25.698+0200] {logging_mixin.py:188} INFO - [2025-07-11T11:53:25.698+0200] {dag.py:3954} INFO - Setting next_dagrun for example_time_delta_sensor_async to None, run_after=None
[2025-07-11T11:53:25.709+0200] {processor.py:183} INFO - Processing /home/florent/Programs/anaconda3/envs/airflow_etl/lib/python3.11/site-packages/airflow/example_dags/example_time_delta_sensor_async.py took 0.053 seconds
[2025-07-11T11:54:33.719+0200] {processor.py:161} INFO - Started process (PID=77514) to work on /home/florent/Programs/anaconda3/envs/airflow_etl/lib/python3.11/site-packages/airflow/example_dags/example_time_delta_sensor_async.py
[2025-07-11T11:54:33.722+0200] {processor.py:830} INFO - Processing file /home/florent/Programs/anaconda3/envs/airflow_etl/lib/python3.11/site-packages/airflow/example_dags/example_time_delta_sensor_async.py for tasks to queue
[2025-07-11T11:54:33.724+0200] {logging_mixin.py:188} INFO - [2025-07-11T11:54:33.723+0200] {dagbag.py:545} INFO - Filling up the DagBag from /home/florent/Programs/anaconda3/envs/airflow_etl/lib/python3.11/site-packages/airflow/example_dags/example_time_delta_sensor_async.py
[2025-07-11T11:54:33.729+0200] {processor.py:840} INFO - DAG(s) 'example_time_delta_sensor_async' retrieved from /home/florent/Programs/anaconda3/envs/airflow_etl/lib/python3.11/site-packages/airflow/example_dags/example_time_delta_sensor_async.py
[2025-07-11T11:54:33.744+0200] {logging_mixin.py:188} INFO - [2025-07-11T11:54:33.744+0200] {dag.py:3096} INFO - Sync 1 DAGs
[2025-07-11T11:54:33.750+0200] {logging_mixin.py:188} INFO - [2025-07-11T11:54:33.750+0200] {dag.py:3954} INFO - Setting next_dagrun for example_time_delta_sensor_async to None, run_after=None
[2025-07-11T11:54:33.762+0200] {processor.py:183} INFO - Processing /home/florent/Programs/anaconda3/envs/airflow_etl/lib/python3.11/site-packages/airflow/example_dags/example_time_delta_sensor_async.py took 0.049 seconds
[2025-07-11T11:55:40.541+0200] {processor.py:161} INFO - Started process (PID=78258) to work on /home/florent/Programs/anaconda3/envs/airflow_etl/lib/python3.11/site-packages/airflow/example_dags/example_time_delta_sensor_async.py
[2025-07-11T11:55:40.544+0200] {processor.py:830} INFO - Processing file /home/florent/Programs/anaconda3/envs/airflow_etl/lib/python3.11/site-packages/airflow/example_dags/example_time_delta_sensor_async.py for tasks to queue
[2025-07-11T11:55:40.546+0200] {logging_mixin.py:188} INFO - [2025-07-11T11:55:40.546+0200] {dagbag.py:545} INFO - Filling up the DagBag from /home/florent/Programs/anaconda3/envs/airflow_etl/lib/python3.11/site-packages/airflow/example_dags/example_time_delta_sensor_async.py
[2025-07-11T11:55:40.553+0200] {processor.py:840} INFO - DAG(s) 'example_time_delta_sensor_async' retrieved from /home/florent/Programs/anaconda3/envs/airflow_etl/lib/python3.11/site-packages/airflow/example_dags/example_time_delta_sensor_async.py
[2025-07-11T11:55:40.566+0200] {logging_mixin.py:188} INFO - [2025-07-11T11:55:40.566+0200] {dag.py:3096} INFO - Sync 1 DAGs
[2025-07-11T11:55:40.576+0200] {logging_mixin.py:188} INFO - [2025-07-11T11:55:40.576+0200] {dag.py:3954} INFO - Setting next_dagrun for example_time_delta_sensor_async to None, run_after=None
[2025-07-11T11:55:40.587+0200] {processor.py:183} INFO - Processing /home/florent/Programs/anaconda3/envs/airflow_etl/lib/python3.11/site-packages/airflow/example_dags/example_time_delta_sensor_async.py took 0.053 seconds
[2025-07-11T11:56:41.735+0200] {processor.py:161} INFO - Started process (PID=78865) to work on /home/florent/Programs/anaconda3/envs/airflow_etl/lib/python3.11/site-packages/airflow/example_dags/example_time_delta_sensor_async.py
[2025-07-11T11:56:41.737+0200] {processor.py:830} INFO - Processing file /home/florent/Programs/anaconda3/envs/airflow_etl/lib/python3.11/site-packages/airflow/example_dags/example_time_delta_sensor_async.py for tasks to queue
[2025-07-11T11:56:41.739+0200] {logging_mixin.py:188} INFO - [2025-07-11T11:56:41.738+0200] {dagbag.py:545} INFO - Filling up the DagBag from /home/florent/Programs/anaconda3/envs/airflow_etl/lib/python3.11/site-packages/airflow/example_dags/example_time_delta_sensor_async.py
[2025-07-11T11:56:41.743+0200] {processor.py:840} INFO - DAG(s) 'example_time_delta_sensor_async' retrieved from /home/florent/Programs/anaconda3/envs/airflow_etl/lib/python3.11/site-packages/airflow/example_dags/example_time_delta_sensor_async.py
[2025-07-11T11:56:41.754+0200] {logging_mixin.py:188} INFO - [2025-07-11T11:56:41.753+0200] {dag.py:3096} INFO - Sync 1 DAGs
[2025-07-11T11:56:41.760+0200] {logging_mixin.py:188} INFO - [2025-07-11T11:56:41.760+0200] {dag.py:3954} INFO - Setting next_dagrun for example_time_delta_sensor_async to None, run_after=None
[2025-07-11T11:56:41.771+0200] {processor.py:183} INFO - Processing /home/florent/Programs/anaconda3/envs/airflow_etl/lib/python3.11/site-packages/airflow/example_dags/example_time_delta_sensor_async.py took 0.042 seconds
[2025-07-11T11:57:44.976+0200] {processor.py:161} INFO - Started process (PID=79506) to work on /home/florent/Programs/anaconda3/envs/airflow_etl/lib/python3.11/site-packages/airflow/example_dags/example_time_delta_sensor_async.py
[2025-07-11T11:57:44.979+0200] {processor.py:830} INFO - Processing file /home/florent/Programs/anaconda3/envs/airflow_etl/lib/python3.11/site-packages/airflow/example_dags/example_time_delta_sensor_async.py for tasks to queue
[2025-07-11T11:57:44.981+0200] {logging_mixin.py:188} INFO - [2025-07-11T11:57:44.981+0200] {dagbag.py:545} INFO - Filling up the DagBag from /home/florent/Programs/anaconda3/envs/airflow_etl/lib/python3.11/site-packages/airflow/example_dags/example_time_delta_sensor_async.py
[2025-07-11T11:57:44.988+0200] {processor.py:840} INFO - DAG(s) 'example_time_delta_sensor_async' retrieved from /home/florent/Programs/anaconda3/envs/airflow_etl/lib/python3.11/site-packages/airflow/example_dags/example_time_delta_sensor_async.py
[2025-07-11T11:57:45.001+0200] {logging_mixin.py:188} INFO - [2025-07-11T11:57:45.001+0200] {dag.py:3096} INFO - Sync 1 DAGs
[2025-07-11T11:57:45.008+0200] {logging_mixin.py:188} INFO - [2025-07-11T11:57:45.008+0200] {dag.py:3954} INFO - Setting next_dagrun for example_time_delta_sensor_async to None, run_after=None
[2025-07-11T11:57:45.021+0200] {processor.py:183} INFO - Processing /home/florent/Programs/anaconda3/envs/airflow_etl/lib/python3.11/site-packages/airflow/example_dags/example_time_delta_sensor_async.py took 0.051 seconds
[2025-07-11T11:58:51.006+0200] {processor.py:161} INFO - Started process (PID=80165) to work on /home/florent/Programs/anaconda3/envs/airflow_etl/lib/python3.11/site-packages/airflow/example_dags/example_time_delta_sensor_async.py
[2025-07-11T11:58:51.009+0200] {processor.py:830} INFO - Processing file /home/florent/Programs/anaconda3/envs/airflow_etl/lib/python3.11/site-packages/airflow/example_dags/example_time_delta_sensor_async.py for tasks to queue
[2025-07-11T11:58:51.011+0200] {logging_mixin.py:188} INFO - [2025-07-11T11:58:51.010+0200] {dagbag.py:545} INFO - Filling up the DagBag from /home/florent/Programs/anaconda3/envs/airflow_etl/lib/python3.11/site-packages/airflow/example_dags/example_time_delta_sensor_async.py
[2025-07-11T11:58:51.016+0200] {processor.py:840} INFO - DAG(s) 'example_time_delta_sensor_async' retrieved from /home/florent/Programs/anaconda3/envs/airflow_etl/lib/python3.11/site-packages/airflow/example_dags/example_time_delta_sensor_async.py
[2025-07-11T11:58:51.026+0200] {logging_mixin.py:188} INFO - [2025-07-11T11:58:51.026+0200] {dag.py:3096} INFO - Sync 1 DAGs
[2025-07-11T11:58:51.033+0200] {logging_mixin.py:188} INFO - [2025-07-11T11:58:51.033+0200] {dag.py:3954} INFO - Setting next_dagrun for example_time_delta_sensor_async to None, run_after=None
[2025-07-11T11:58:51.044+0200] {processor.py:183} INFO - Processing /home/florent/Programs/anaconda3/envs/airflow_etl/lib/python3.11/site-packages/airflow/example_dags/example_time_delta_sensor_async.py took 0.044 seconds
[2025-07-11T11:59:59.922+0200] {processor.py:161} INFO - Started process (PID=80850) to work on /home/florent/Programs/anaconda3/envs/airflow_etl/lib/python3.11/site-packages/airflow/example_dags/example_time_delta_sensor_async.py
[2025-07-11T11:59:59.925+0200] {processor.py:830} INFO - Processing file /home/florent/Programs/anaconda3/envs/airflow_etl/lib/python3.11/site-packages/airflow/example_dags/example_time_delta_sensor_async.py for tasks to queue
[2025-07-11T11:59:59.927+0200] {logging_mixin.py:188} INFO - [2025-07-11T11:59:59.927+0200] {dagbag.py:545} INFO - Filling up the DagBag from /home/florent/Programs/anaconda3/envs/airflow_etl/lib/python3.11/site-packages/airflow/example_dags/example_time_delta_sensor_async.py
[2025-07-11T11:59:59.933+0200] {processor.py:840} INFO - DAG(s) 'example_time_delta_sensor_async' retrieved from /home/florent/Programs/anaconda3/envs/airflow_etl/lib/python3.11/site-packages/airflow/example_dags/example_time_delta_sensor_async.py
[2025-07-11T11:59:59.947+0200] {logging_mixin.py:188} INFO - [2025-07-11T11:59:59.947+0200] {dag.py:3096} INFO - Sync 1 DAGs
[2025-07-11T11:59:59.954+0200] {logging_mixin.py:188} INFO - [2025-07-11T11:59:59.954+0200] {dag.py:3954} INFO - Setting next_dagrun for example_time_delta_sensor_async to None, run_after=None
[2025-07-11T11:59:59.966+0200] {processor.py:183} INFO - Processing /home/florent/Programs/anaconda3/envs/airflow_etl/lib/python3.11/site-packages/airflow/example_dags/example_time_delta_sensor_async.py took 0.050 seconds
[2025-07-11T12:01:09.617+0200] {processor.py:161} INFO - Started process (PID=81557) to work on /home/florent/Programs/anaconda3/envs/airflow_etl/lib/python3.11/site-packages/airflow/example_dags/example_time_delta_sensor_async.py
[2025-07-11T12:01:09.620+0200] {processor.py:830} INFO - Processing file /home/florent/Programs/anaconda3/envs/airflow_etl/lib/python3.11/site-packages/airflow/example_dags/example_time_delta_sensor_async.py for tasks to queue
[2025-07-11T12:01:09.622+0200] {logging_mixin.py:188} INFO - [2025-07-11T12:01:09.621+0200] {dagbag.py:545} INFO - Filling up the DagBag from /home/florent/Programs/anaconda3/envs/airflow_etl/lib/python3.11/site-packages/airflow/example_dags/example_time_delta_sensor_async.py
[2025-07-11T12:01:09.627+0200] {processor.py:840} INFO - DAG(s) 'example_time_delta_sensor_async' retrieved from /home/florent/Programs/anaconda3/envs/airflow_etl/lib/python3.11/site-packages/airflow/example_dags/example_time_delta_sensor_async.py
[2025-07-11T12:01:09.643+0200] {logging_mixin.py:188} INFO - [2025-07-11T12:01:09.643+0200] {dag.py:3096} INFO - Sync 1 DAGs
[2025-07-11T12:01:09.650+0200] {logging_mixin.py:188} INFO - [2025-07-11T12:01:09.649+0200] {dag.py:3954} INFO - Setting next_dagrun for example_time_delta_sensor_async to None, run_after=None
[2025-07-11T12:01:09.662+0200] {processor.py:183} INFO - Processing /home/florent/Programs/anaconda3/envs/airflow_etl/lib/python3.11/site-packages/airflow/example_dags/example_time_delta_sensor_async.py took 0.050 seconds
[2025-07-11T12:02:11.114+0200] {processor.py:161} INFO - Started process (PID=82185) to work on /home/florent/Programs/anaconda3/envs/airflow_etl/lib/python3.11/site-packages/airflow/example_dags/example_time_delta_sensor_async.py
[2025-07-11T12:02:11.117+0200] {processor.py:830} INFO - Processing file /home/florent/Programs/anaconda3/envs/airflow_etl/lib/python3.11/site-packages/airflow/example_dags/example_time_delta_sensor_async.py for tasks to queue
[2025-07-11T12:02:11.118+0200] {logging_mixin.py:188} INFO - [2025-07-11T12:02:11.118+0200] {dagbag.py:545} INFO - Filling up the DagBag from /home/florent/Programs/anaconda3/envs/airflow_etl/lib/python3.11/site-packages/airflow/example_dags/example_time_delta_sensor_async.py
[2025-07-11T12:02:11.124+0200] {processor.py:840} INFO - DAG(s) 'example_time_delta_sensor_async' retrieved from /home/florent/Programs/anaconda3/envs/airflow_etl/lib/python3.11/site-packages/airflow/example_dags/example_time_delta_sensor_async.py
[2025-07-11T12:02:11.141+0200] {logging_mixin.py:188} INFO - [2025-07-11T12:02:11.140+0200] {dag.py:3096} INFO - Sync 1 DAGs
[2025-07-11T12:02:11.148+0200] {logging_mixin.py:188} INFO - [2025-07-11T12:02:11.148+0200] {dag.py:3954} INFO - Setting next_dagrun for example_time_delta_sensor_async to None, run_after=None
[2025-07-11T12:02:11.160+0200] {processor.py:183} INFO - Processing /home/florent/Programs/anaconda3/envs/airflow_etl/lib/python3.11/site-packages/airflow/example_dags/example_time_delta_sensor_async.py took 0.051 seconds
[2025-07-11T12:03:15.755+0200] {processor.py:161} INFO - Started process (PID=82803) to work on /home/florent/Programs/anaconda3/envs/airflow_etl/lib/python3.11/site-packages/airflow/example_dags/example_time_delta_sensor_async.py
[2025-07-11T12:03:15.758+0200] {processor.py:830} INFO - Processing file /home/florent/Programs/anaconda3/envs/airflow_etl/lib/python3.11/site-packages/airflow/example_dags/example_time_delta_sensor_async.py for tasks to queue
[2025-07-11T12:03:15.760+0200] {logging_mixin.py:188} INFO - [2025-07-11T12:03:15.759+0200] {dagbag.py:545} INFO - Filling up the DagBag from /home/florent/Programs/anaconda3/envs/airflow_etl/lib/python3.11/site-packages/airflow/example_dags/example_time_delta_sensor_async.py
[2025-07-11T12:03:15.765+0200] {processor.py:840} INFO - DAG(s) 'example_time_delta_sensor_async' retrieved from /home/florent/Programs/anaconda3/envs/airflow_etl/lib/python3.11/site-packages/airflow/example_dags/example_time_delta_sensor_async.py
[2025-07-11T12:03:15.779+0200] {logging_mixin.py:188} INFO - [2025-07-11T12:03:15.779+0200] {dag.py:3096} INFO - Sync 1 DAGs
[2025-07-11T12:03:15.786+0200] {logging_mixin.py:188} INFO - [2025-07-11T12:03:15.786+0200] {dag.py:3954} INFO - Setting next_dagrun for example_time_delta_sensor_async to None, run_after=None
[2025-07-11T12:03:15.799+0200] {processor.py:183} INFO - Processing /home/florent/Programs/anaconda3/envs/airflow_etl/lib/python3.11/site-packages/airflow/example_dags/example_time_delta_sensor_async.py took 0.050 seconds
[2025-07-11T12:04:04.459+0200] {processor.py:161} INFO - Started process (PID=83308) to work on /home/florent/Programs/anaconda3/envs/airflow_etl/lib/python3.11/site-packages/airflow/example_dags/example_time_delta_sensor_async.py
[2025-07-11T12:04:04.461+0200] {processor.py:830} INFO - Processing file /home/florent/Programs/anaconda3/envs/airflow_etl/lib/python3.11/site-packages/airflow/example_dags/example_time_delta_sensor_async.py for tasks to queue
[2025-07-11T12:04:04.463+0200] {logging_mixin.py:188} INFO - [2025-07-11T12:04:04.463+0200] {dagbag.py:545} INFO - Filling up the DagBag from /home/florent/Programs/anaconda3/envs/airflow_etl/lib/python3.11/site-packages/airflow/example_dags/example_time_delta_sensor_async.py
[2025-07-11T12:04:04.469+0200] {processor.py:840} INFO - DAG(s) 'example_time_delta_sensor_async' retrieved from /home/florent/Programs/anaconda3/envs/airflow_etl/lib/python3.11/site-packages/airflow/example_dags/example_time_delta_sensor_async.py
[2025-07-11T12:04:04.483+0200] {logging_mixin.py:188} INFO - [2025-07-11T12:04:04.482+0200] {dag.py:3096} INFO - Sync 1 DAGs
[2025-07-11T12:04:04.489+0200] {logging_mixin.py:188} INFO - [2025-07-11T12:04:04.489+0200] {dag.py:3954} INFO - Setting next_dagrun for example_time_delta_sensor_async to None, run_after=None
[2025-07-11T12:04:04.500+0200] {processor.py:183} INFO - Processing /home/florent/Programs/anaconda3/envs/airflow_etl/lib/python3.11/site-packages/airflow/example_dags/example_time_delta_sensor_async.py took 0.048 seconds
[2025-07-11T12:05:09.891+0200] {processor.py:161} INFO - Started process (PID=84010) to work on /home/florent/Programs/anaconda3/envs/airflow_etl/lib/python3.11/site-packages/airflow/example_dags/example_time_delta_sensor_async.py
[2025-07-11T12:05:09.894+0200] {processor.py:830} INFO - Processing file /home/florent/Programs/anaconda3/envs/airflow_etl/lib/python3.11/site-packages/airflow/example_dags/example_time_delta_sensor_async.py for tasks to queue
[2025-07-11T12:05:09.896+0200] {logging_mixin.py:188} INFO - [2025-07-11T12:05:09.895+0200] {dagbag.py:545} INFO - Filling up the DagBag from /home/florent/Programs/anaconda3/envs/airflow_etl/lib/python3.11/site-packages/airflow/example_dags/example_time_delta_sensor_async.py
[2025-07-11T12:05:09.901+0200] {processor.py:840} INFO - DAG(s) 'example_time_delta_sensor_async' retrieved from /home/florent/Programs/anaconda3/envs/airflow_etl/lib/python3.11/site-packages/airflow/example_dags/example_time_delta_sensor_async.py
[2025-07-11T12:05:09.913+0200] {logging_mixin.py:188} INFO - [2025-07-11T12:05:09.913+0200] {dag.py:3096} INFO - Sync 1 DAGs
[2025-07-11T12:05:09.918+0200] {logging_mixin.py:188} INFO - [2025-07-11T12:05:09.918+0200] {dag.py:3954} INFO - Setting next_dagrun for example_time_delta_sensor_async to None, run_after=None
[2025-07-11T12:05:09.928+0200] {processor.py:183} INFO - Processing /home/florent/Programs/anaconda3/envs/airflow_etl/lib/python3.11/site-packages/airflow/example_dags/example_time_delta_sensor_async.py took 0.042 seconds
