[2025-07-11T11:03:53.112+0200] {processor.py:161} INFO - Started process (PID=42472) to work on /home/florent/Programs/anaconda3/envs/airflow_etl/lib/python3.11/site-packages/airflow/example_dags/example_sla_dag.py
[2025-07-11T11:03:53.113+0200] {processor.py:830} INFO - Processing file /home/florent/Programs/anaconda3/envs/airflow_etl/lib/python3.11/site-packages/airflow/example_dags/example_sla_dag.py for tasks to queue
[2025-07-11T11:03:53.114+0200] {logging_mixin.py:188} INFO - [2025-07-11T11:03:53.114+0200] {dagbag.py:545} INFO - Filling up the DagBag from /home/florent/Programs/anaconda3/envs/airflow_etl/lib/python3.11/site-packages/airflow/example_dags/example_sla_dag.py
[2025-07-11T11:03:53.122+0200] {processor.py:840} INFO - DAG(s) 'example_sla_dag' retrieved from /home/florent/Programs/anaconda3/envs/airflow_etl/lib/python3.11/site-packages/airflow/example_dags/example_sla_dag.py
[2025-07-11T11:03:53.172+0200] {logging_mixin.py:188} INFO - [2025-07-11T11:03:53.172+0200] {dag.py:3096} INFO - Sync 1 DAGs
[2025-07-11T11:03:53.181+0200] {logging_mixin.py:188} INFO - [2025-07-11T11:03:53.181+0200] {dag.py:3954} INFO - Setting next_dagrun for example_sla_dag to 2025-07-11 09:00:00+00:00, run_after=2025-07-11 09:02:00+00:00
[2025-07-11T11:03:53.194+0200] {processor.py:183} INFO - Processing /home/florent/Programs/anaconda3/envs/airflow_etl/lib/python3.11/site-packages/airflow/example_dags/example_sla_dag.py took 0.088 seconds
[2025-07-11T11:05:00.739+0200] {processor.py:161} INFO - Started process (PID=43188) to work on /home/florent/Programs/anaconda3/envs/airflow_etl/lib/python3.11/site-packages/airflow/example_dags/example_sla_dag.py
[2025-07-11T11:05:00.742+0200] {processor.py:830} INFO - Processing file /home/florent/Programs/anaconda3/envs/airflow_etl/lib/python3.11/site-packages/airflow/example_dags/example_sla_dag.py for tasks to queue
[2025-07-11T11:05:00.743+0200] {logging_mixin.py:188} INFO - [2025-07-11T11:05:00.743+0200] {dagbag.py:545} INFO - Filling up the DagBag from /home/florent/Programs/anaconda3/envs/airflow_etl/lib/python3.11/site-packages/airflow/example_dags/example_sla_dag.py
[2025-07-11T11:05:00.752+0200] {processor.py:840} INFO - DAG(s) 'example_sla_dag' retrieved from /home/florent/Programs/anaconda3/envs/airflow_etl/lib/python3.11/site-packages/airflow/example_dags/example_sla_dag.py
[2025-07-11T11:05:00.763+0200] {logging_mixin.py:188} INFO - [2025-07-11T11:05:00.763+0200] {dag.py:3096} INFO - Sync 1 DAGs
[2025-07-11T11:05:00.773+0200] {logging_mixin.py:188} INFO - [2025-07-11T11:05:00.773+0200] {dag.py:3954} INFO - Setting next_dagrun for example_sla_dag to 2025-07-11 09:02:00+00:00, run_after=2025-07-11 09:04:00+00:00
[2025-07-11T11:05:00.783+0200] {processor.py:183} INFO - Processing /home/florent/Programs/anaconda3/envs/airflow_etl/lib/python3.11/site-packages/airflow/example_dags/example_sla_dag.py took 0.049 seconds
[2025-07-11T11:06:04.654+0200] {processor.py:161} INFO - Started process (PID=43988) to work on /home/florent/Programs/anaconda3/envs/airflow_etl/lib/python3.11/site-packages/airflow/example_dags/example_sla_dag.py
[2025-07-11T11:06:04.656+0200] {processor.py:830} INFO - Processing file /home/florent/Programs/anaconda3/envs/airflow_etl/lib/python3.11/site-packages/airflow/example_dags/example_sla_dag.py for tasks to queue
[2025-07-11T11:06:04.656+0200] {logging_mixin.py:188} INFO - [2025-07-11T11:06:04.656+0200] {dagbag.py:545} INFO - Filling up the DagBag from /home/florent/Programs/anaconda3/envs/airflow_etl/lib/python3.11/site-packages/airflow/example_dags/example_sla_dag.py
[2025-07-11T11:06:04.664+0200] {processor.py:840} INFO - DAG(s) 'example_sla_dag' retrieved from /home/florent/Programs/anaconda3/envs/airflow_etl/lib/python3.11/site-packages/airflow/example_dags/example_sla_dag.py
[2025-07-11T11:06:04.673+0200] {logging_mixin.py:188} INFO - [2025-07-11T11:06:04.673+0200] {dag.py:3096} INFO - Sync 1 DAGs
[2025-07-11T11:06:04.683+0200] {logging_mixin.py:188} INFO - [2025-07-11T11:06:04.683+0200] {dag.py:3954} INFO - Setting next_dagrun for example_sla_dag to 2025-07-11 09:04:00+00:00, run_after=2025-07-11 09:06:00+00:00
[2025-07-11T11:06:04.693+0200] {processor.py:183} INFO - Processing /home/florent/Programs/anaconda3/envs/airflow_etl/lib/python3.11/site-packages/airflow/example_dags/example_sla_dag.py took 0.045 seconds
[2025-07-11T11:07:09.846+0200] {processor.py:161} INFO - Started process (PID=45040) to work on /home/florent/Programs/anaconda3/envs/airflow_etl/lib/python3.11/site-packages/airflow/example_dags/example_sla_dag.py
[2025-07-11T11:07:09.848+0200] {processor.py:830} INFO - Processing file /home/florent/Programs/anaconda3/envs/airflow_etl/lib/python3.11/site-packages/airflow/example_dags/example_sla_dag.py for tasks to queue
[2025-07-11T11:07:09.851+0200] {logging_mixin.py:188} INFO - [2025-07-11T11:07:09.850+0200] {dagbag.py:545} INFO - Filling up the DagBag from /home/florent/Programs/anaconda3/envs/airflow_etl/lib/python3.11/site-packages/airflow/example_dags/example_sla_dag.py
[2025-07-11T11:07:09.877+0200] {processor.py:840} INFO - DAG(s) 'example_sla_dag' retrieved from /home/florent/Programs/anaconda3/envs/airflow_etl/lib/python3.11/site-packages/airflow/example_dags/example_sla_dag.py
[2025-07-11T11:07:09.919+0200] {logging_mixin.py:188} INFO - [2025-07-11T11:07:09.919+0200] {dag.py:3096} INFO - Sync 1 DAGs
[2025-07-11T11:07:09.974+0200] {logging_mixin.py:188} INFO - [2025-07-11T11:07:09.973+0200] {dag.py:3954} INFO - Setting next_dagrun for example_sla_dag to 2025-07-11 09:04:00+00:00, run_after=2025-07-11 09:06:00+00:00
[2025-07-11T11:07:10.029+0200] {processor.py:183} INFO - Processing /home/florent/Programs/anaconda3/envs/airflow_etl/lib/python3.11/site-packages/airflow/example_dags/example_sla_dag.py took 0.201 seconds
[2025-07-11T11:08:02.920+0200] {processor.py:161} INFO - Started process (PID=45815) to work on /home/florent/Programs/anaconda3/envs/airflow_etl/lib/python3.11/site-packages/airflow/example_dags/example_sla_dag.py
[2025-07-11T11:08:02.922+0200] {processor.py:830} INFO - Processing file /home/florent/Programs/anaconda3/envs/airflow_etl/lib/python3.11/site-packages/airflow/example_dags/example_sla_dag.py for tasks to queue
[2025-07-11T11:08:02.923+0200] {logging_mixin.py:188} INFO - [2025-07-11T11:08:02.923+0200] {dagbag.py:545} INFO - Filling up the DagBag from /home/florent/Programs/anaconda3/envs/airflow_etl/lib/python3.11/site-packages/airflow/example_dags/example_sla_dag.py
[2025-07-11T11:08:02.930+0200] {processor.py:840} INFO - DAG(s) 'example_sla_dag' retrieved from /home/florent/Programs/anaconda3/envs/airflow_etl/lib/python3.11/site-packages/airflow/example_dags/example_sla_dag.py
[2025-07-11T11:08:02.940+0200] {logging_mixin.py:188} INFO - [2025-07-11T11:08:02.940+0200] {dag.py:3096} INFO - Sync 1 DAGs
[2025-07-11T11:08:02.951+0200] {logging_mixin.py:188} INFO - [2025-07-11T11:08:02.951+0200] {dag.py:3954} INFO - Setting next_dagrun for example_sla_dag to 2025-07-11 09:06:00+00:00, run_after=2025-07-11 09:08:00+00:00
[2025-07-11T11:08:02.963+0200] {processor.py:183} INFO - Processing /home/florent/Programs/anaconda3/envs/airflow_etl/lib/python3.11/site-packages/airflow/example_dags/example_sla_dag.py took 0.049 seconds
[2025-07-11T11:09:03.925+0200] {processor.py:161} INFO - Started process (PID=46494) to work on /home/florent/Programs/anaconda3/envs/airflow_etl/lib/python3.11/site-packages/airflow/example_dags/example_sla_dag.py
[2025-07-11T11:09:03.928+0200] {processor.py:830} INFO - Processing file /home/florent/Programs/anaconda3/envs/airflow_etl/lib/python3.11/site-packages/airflow/example_dags/example_sla_dag.py for tasks to queue
[2025-07-11T11:09:03.929+0200] {logging_mixin.py:188} INFO - [2025-07-11T11:09:03.928+0200] {dagbag.py:545} INFO - Filling up the DagBag from /home/florent/Programs/anaconda3/envs/airflow_etl/lib/python3.11/site-packages/airflow/example_dags/example_sla_dag.py
[2025-07-11T11:09:03.937+0200] {processor.py:840} INFO - DAG(s) 'example_sla_dag' retrieved from /home/florent/Programs/anaconda3/envs/airflow_etl/lib/python3.11/site-packages/airflow/example_dags/example_sla_dag.py
[2025-07-11T11:09:03.948+0200] {logging_mixin.py:188} INFO - [2025-07-11T11:09:03.947+0200] {dag.py:3096} INFO - Sync 1 DAGs
[2025-07-11T11:09:03.962+0200] {logging_mixin.py:188} INFO - [2025-07-11T11:09:03.962+0200] {dag.py:3954} INFO - Setting next_dagrun for example_sla_dag to 2025-07-11 09:06:00+00:00, run_after=2025-07-11 09:08:00+00:00
[2025-07-11T11:09:03.974+0200] {processor.py:183} INFO - Processing /home/florent/Programs/anaconda3/envs/airflow_etl/lib/python3.11/site-packages/airflow/example_dags/example_sla_dag.py took 0.054 seconds
[2025-07-11T11:10:04.844+0200] {processor.py:161} INFO - Started process (PID=47301) to work on /home/florent/Programs/anaconda3/envs/airflow_etl/lib/python3.11/site-packages/airflow/example_dags/example_sla_dag.py
[2025-07-11T11:10:04.847+0200] {processor.py:830} INFO - Processing file /home/florent/Programs/anaconda3/envs/airflow_etl/lib/python3.11/site-packages/airflow/example_dags/example_sla_dag.py for tasks to queue
[2025-07-11T11:10:04.848+0200] {logging_mixin.py:188} INFO - [2025-07-11T11:10:04.847+0200] {dagbag.py:545} INFO - Filling up the DagBag from /home/florent/Programs/anaconda3/envs/airflow_etl/lib/python3.11/site-packages/airflow/example_dags/example_sla_dag.py
[2025-07-11T11:10:04.855+0200] {processor.py:840} INFO - DAG(s) 'example_sla_dag' retrieved from /home/florent/Programs/anaconda3/envs/airflow_etl/lib/python3.11/site-packages/airflow/example_dags/example_sla_dag.py
[2025-07-11T11:10:04.865+0200] {logging_mixin.py:188} INFO - [2025-07-11T11:10:04.865+0200] {dag.py:3096} INFO - Sync 1 DAGs
[2025-07-11T11:10:04.876+0200] {logging_mixin.py:188} INFO - [2025-07-11T11:10:04.876+0200] {dag.py:3954} INFO - Setting next_dagrun for example_sla_dag to 2025-07-11 09:08:00+00:00, run_after=2025-07-11 09:10:00+00:00
[2025-07-11T11:10:04.887+0200] {processor.py:183} INFO - Processing /home/florent/Programs/anaconda3/envs/airflow_etl/lib/python3.11/site-packages/airflow/example_dags/example_sla_dag.py took 0.049 seconds
[2025-07-11T11:11:11.659+0200] {processor.py:161} INFO - Started process (PID=48195) to work on /home/florent/Programs/anaconda3/envs/airflow_etl/lib/python3.11/site-packages/airflow/example_dags/example_sla_dag.py
[2025-07-11T11:11:11.661+0200] {processor.py:830} INFO - Processing file /home/florent/Programs/anaconda3/envs/airflow_etl/lib/python3.11/site-packages/airflow/example_dags/example_sla_dag.py for tasks to queue
[2025-07-11T11:11:11.662+0200] {logging_mixin.py:188} INFO - [2025-07-11T11:11:11.662+0200] {dagbag.py:545} INFO - Filling up the DagBag from /home/florent/Programs/anaconda3/envs/airflow_etl/lib/python3.11/site-packages/airflow/example_dags/example_sla_dag.py
[2025-07-11T11:11:11.671+0200] {processor.py:840} INFO - DAG(s) 'example_sla_dag' retrieved from /home/florent/Programs/anaconda3/envs/airflow_etl/lib/python3.11/site-packages/airflow/example_dags/example_sla_dag.py
[2025-07-11T11:11:11.681+0200] {logging_mixin.py:188} INFO - [2025-07-11T11:11:11.681+0200] {dag.py:3096} INFO - Sync 1 DAGs
[2025-07-11T11:11:11.692+0200] {logging_mixin.py:188} INFO - [2025-07-11T11:11:11.692+0200] {dag.py:3954} INFO - Setting next_dagrun for example_sla_dag to 2025-07-11 09:08:00+00:00, run_after=2025-07-11 09:10:00+00:00
[2025-07-11T11:11:11.704+0200] {processor.py:183} INFO - Processing /home/florent/Programs/anaconda3/envs/airflow_etl/lib/python3.11/site-packages/airflow/example_dags/example_sla_dag.py took 0.051 seconds
[2025-07-11T11:12:21.631+0200] {processor.py:161} INFO - Started process (PID=49901) to work on /home/florent/Programs/anaconda3/envs/airflow_etl/lib/python3.11/site-packages/airflow/example_dags/example_sla_dag.py
[2025-07-11T11:12:21.634+0200] {processor.py:830} INFO - Processing file /home/florent/Programs/anaconda3/envs/airflow_etl/lib/python3.11/site-packages/airflow/example_dags/example_sla_dag.py for tasks to queue
[2025-07-11T11:12:21.635+0200] {logging_mixin.py:188} INFO - [2025-07-11T11:12:21.635+0200] {dagbag.py:545} INFO - Filling up the DagBag from /home/florent/Programs/anaconda3/envs/airflow_etl/lib/python3.11/site-packages/airflow/example_dags/example_sla_dag.py
[2025-07-11T11:12:21.645+0200] {processor.py:840} INFO - DAG(s) 'example_sla_dag' retrieved from /home/florent/Programs/anaconda3/envs/airflow_etl/lib/python3.11/site-packages/airflow/example_dags/example_sla_dag.py
[2025-07-11T11:12:21.663+0200] {logging_mixin.py:188} INFO - [2025-07-11T11:12:21.663+0200] {dag.py:3096} INFO - Sync 1 DAGs
[2025-07-11T11:12:21.676+0200] {logging_mixin.py:188} INFO - [2025-07-11T11:12:21.676+0200] {dag.py:3954} INFO - Setting next_dagrun for example_sla_dag to 2025-07-11 09:10:00+00:00, run_after=2025-07-11 09:12:00+00:00
[2025-07-11T11:12:21.688+0200] {processor.py:183} INFO - Processing /home/florent/Programs/anaconda3/envs/airflow_etl/lib/python3.11/site-packages/airflow/example_dags/example_sla_dag.py took 0.061 seconds
[2025-07-11T11:13:27.925+0200] {processor.py:161} INFO - Started process (PID=50788) to work on /home/florent/Programs/anaconda3/envs/airflow_etl/lib/python3.11/site-packages/airflow/example_dags/example_sla_dag.py
[2025-07-11T11:13:27.928+0200] {processor.py:830} INFO - Processing file /home/florent/Programs/anaconda3/envs/airflow_etl/lib/python3.11/site-packages/airflow/example_dags/example_sla_dag.py for tasks to queue
[2025-07-11T11:13:27.928+0200] {logging_mixin.py:188} INFO - [2025-07-11T11:13:27.928+0200] {dagbag.py:545} INFO - Filling up the DagBag from /home/florent/Programs/anaconda3/envs/airflow_etl/lib/python3.11/site-packages/airflow/example_dags/example_sla_dag.py
[2025-07-11T11:13:27.933+0200] {processor.py:840} INFO - DAG(s) 'example_sla_dag' retrieved from /home/florent/Programs/anaconda3/envs/airflow_etl/lib/python3.11/site-packages/airflow/example_dags/example_sla_dag.py
[2025-07-11T11:13:27.942+0200] {logging_mixin.py:188} INFO - [2025-07-11T11:13:27.942+0200] {dag.py:3096} INFO - Sync 1 DAGs
[2025-07-11T11:13:27.953+0200] {logging_mixin.py:188} INFO - [2025-07-11T11:13:27.952+0200] {dag.py:3954} INFO - Setting next_dagrun for example_sla_dag to 2025-07-11 09:10:00+00:00, run_after=2025-07-11 09:12:00+00:00
[2025-07-11T11:13:27.964+0200] {processor.py:183} INFO - Processing /home/florent/Programs/anaconda3/envs/airflow_etl/lib/python3.11/site-packages/airflow/example_dags/example_sla_dag.py took 0.043 seconds
[2025-07-11T11:13:34.368+0200] {processor.py:161} INFO - Started process (PID=50941) to work on /home/florent/Programs/anaconda3/envs/airflow_etl/lib/python3.11/site-packages/airflow/example_dags/example_sla_dag.py
[2025-07-11T11:13:34.370+0200] {processor.py:830} INFO - Processing file /home/florent/Programs/anaconda3/envs/airflow_etl/lib/python3.11/site-packages/airflow/example_dags/example_sla_dag.py for tasks to queue
[2025-07-11T11:13:34.371+0200] {logging_mixin.py:188} INFO - [2025-07-11T11:13:34.371+0200] {dagbag.py:545} INFO - Filling up the DagBag from /home/florent/Programs/anaconda3/envs/airflow_etl/lib/python3.11/site-packages/airflow/example_dags/example_sla_dag.py
[2025-07-11T11:13:34.376+0200] {processor.py:840} INFO - DAG(s) 'example_sla_dag' retrieved from /home/florent/Programs/anaconda3/envs/airflow_etl/lib/python3.11/site-packages/airflow/example_dags/example_sla_dag.py
[2025-07-11T11:13:34.387+0200] {logging_mixin.py:188} INFO - [2025-07-11T11:13:34.387+0200] {dag.py:3096} INFO - Sync 1 DAGs
[2025-07-11T11:13:34.399+0200] {logging_mixin.py:188} INFO - [2025-07-11T11:13:34.399+0200] {dag.py:3954} INFO - Setting next_dagrun for example_sla_dag to 2025-07-11 09:10:00+00:00, run_after=2025-07-11 09:12:00+00:00
[2025-07-11T11:13:34.414+0200] {processor.py:183} INFO - Processing /home/florent/Programs/anaconda3/envs/airflow_etl/lib/python3.11/site-packages/airflow/example_dags/example_sla_dag.py took 0.051 seconds
[2025-07-11T11:14:25.712+0200] {processor.py:161} INFO - Started process (PID=51541) to work on /home/florent/Programs/anaconda3/envs/airflow_etl/lib/python3.11/site-packages/airflow/example_dags/example_sla_dag.py
[2025-07-11T11:14:25.714+0200] {processor.py:830} INFO - Processing file /home/florent/Programs/anaconda3/envs/airflow_etl/lib/python3.11/site-packages/airflow/example_dags/example_sla_dag.py for tasks to queue
[2025-07-11T11:14:25.715+0200] {logging_mixin.py:188} INFO - [2025-07-11T11:14:25.714+0200] {dagbag.py:545} INFO - Filling up the DagBag from /home/florent/Programs/anaconda3/envs/airflow_etl/lib/python3.11/site-packages/airflow/example_dags/example_sla_dag.py
[2025-07-11T11:14:25.723+0200] {processor.py:840} INFO - DAG(s) 'example_sla_dag' retrieved from /home/florent/Programs/anaconda3/envs/airflow_etl/lib/python3.11/site-packages/airflow/example_dags/example_sla_dag.py
[2025-07-11T11:14:25.732+0200] {logging_mixin.py:188} INFO - [2025-07-11T11:14:25.732+0200] {dag.py:3096} INFO - Sync 1 DAGs
[2025-07-11T11:14:25.744+0200] {logging_mixin.py:188} INFO - [2025-07-11T11:14:25.744+0200] {dag.py:3954} INFO - Setting next_dagrun for example_sla_dag to 2025-07-11 09:12:00+00:00, run_after=2025-07-11 09:14:00+00:00
[2025-07-11T11:14:25.756+0200] {processor.py:183} INFO - Processing /home/florent/Programs/anaconda3/envs/airflow_etl/lib/python3.11/site-packages/airflow/example_dags/example_sla_dag.py took 0.049 seconds
[2025-07-11T11:14:33.054+0200] {processor.py:161} INFO - Started process (PID=51637) to work on /home/florent/Programs/anaconda3/envs/airflow_etl/lib/python3.11/site-packages/airflow/example_dags/example_sla_dag.py
[2025-07-11T11:14:33.057+0200] {processor.py:830} INFO - Processing file /home/florent/Programs/anaconda3/envs/airflow_etl/lib/python3.11/site-packages/airflow/example_dags/example_sla_dag.py for tasks to queue
[2025-07-11T11:14:33.058+0200] {logging_mixin.py:188} INFO - [2025-07-11T11:14:33.058+0200] {dagbag.py:545} INFO - Filling up the DagBag from /home/florent/Programs/anaconda3/envs/airflow_etl/lib/python3.11/site-packages/airflow/example_dags/example_sla_dag.py
[2025-07-11T11:14:33.064+0200] {processor.py:840} INFO - DAG(s) 'example_sla_dag' retrieved from /home/florent/Programs/anaconda3/envs/airflow_etl/lib/python3.11/site-packages/airflow/example_dags/example_sla_dag.py
[2025-07-11T11:14:33.073+0200] {logging_mixin.py:188} INFO - [2025-07-11T11:14:33.072+0200] {dag.py:3096} INFO - Sync 1 DAGs
[2025-07-11T11:14:33.082+0200] {logging_mixin.py:188} INFO - [2025-07-11T11:14:33.082+0200] {dag.py:3954} INFO - Setting next_dagrun for example_sla_dag to 2025-07-11 09:12:00+00:00, run_after=2025-07-11 09:14:00+00:00
[2025-07-11T11:14:33.092+0200] {processor.py:183} INFO - Processing /home/florent/Programs/anaconda3/envs/airflow_etl/lib/python3.11/site-packages/airflow/example_dags/example_sla_dag.py took 0.043 seconds
[2025-07-11T11:15:32.472+0200] {processor.py:161} INFO - Started process (PID=52386) to work on /home/florent/Programs/anaconda3/envs/airflow_etl/lib/python3.11/site-packages/airflow/example_dags/example_sla_dag.py
[2025-07-11T11:15:32.474+0200] {processor.py:161} INFO - Started process (PID=52387) to work on /home/florent/Programs/anaconda3/envs/airflow_etl/lib/python3.11/site-packages/airflow/example_dags/example_sla_dag.py
[2025-07-11T11:15:32.476+0200] {processor.py:830} INFO - Processing file /home/florent/Programs/anaconda3/envs/airflow_etl/lib/python3.11/site-packages/airflow/example_dags/example_sla_dag.py for tasks to queue
[2025-07-11T11:15:32.476+0200] {processor.py:830} INFO - Processing file /home/florent/Programs/anaconda3/envs/airflow_etl/lib/python3.11/site-packages/airflow/example_dags/example_sla_dag.py for tasks to queue
[2025-07-11T11:15:32.477+0200] {logging_mixin.py:188} INFO - [2025-07-11T11:15:32.476+0200] {dagbag.py:545} INFO - Filling up the DagBag from /home/florent/Programs/anaconda3/envs/airflow_etl/lib/python3.11/site-packages/airflow/example_dags/example_sla_dag.py
[2025-07-11T11:15:32.478+0200] {logging_mixin.py:188} INFO - [2025-07-11T11:15:32.478+0200] {dagbag.py:545} INFO - Filling up the DagBag from /home/florent/Programs/anaconda3/envs/airflow_etl/lib/python3.11/site-packages/airflow/example_dags/example_sla_dag.py
[2025-07-11T11:15:32.486+0200] {processor.py:840} INFO - DAG(s) 'example_sla_dag' retrieved from /home/florent/Programs/anaconda3/envs/airflow_etl/lib/python3.11/site-packages/airflow/example_dags/example_sla_dag.py
[2025-07-11T11:15:32.487+0200] {processor.py:840} INFO - DAG(s) 'example_sla_dag' retrieved from /home/florent/Programs/anaconda3/envs/airflow_etl/lib/python3.11/site-packages/airflow/example_dags/example_sla_dag.py
[2025-07-11T11:15:32.496+0200] {logging_mixin.py:188} INFO - [2025-07-11T11:15:32.496+0200] {dag.py:3096} INFO - Sync 1 DAGs
[2025-07-11T11:15:32.496+0200] {logging_mixin.py:188} INFO - [2025-07-11T11:15:32.496+0200] {dag.py:3096} INFO - Sync 1 DAGs
[2025-07-11T11:15:32.506+0200] {logging_mixin.py:188} INFO - [2025-07-11T11:15:32.506+0200] {dag.py:3954} INFO - Setting next_dagrun for example_sla_dag to 2025-07-11 09:12:00+00:00, run_after=2025-07-11 09:14:00+00:00
[2025-07-11T11:15:32.508+0200] {logging_mixin.py:188} INFO - [2025-07-11T11:15:32.508+0200] {dag.py:3954} INFO - Setting next_dagrun for example_sla_dag to 2025-07-11 09:12:00+00:00, run_after=2025-07-11 09:14:00+00:00
[2025-07-11T11:15:32.520+0200] {processor.py:183} INFO - Processing /home/florent/Programs/anaconda3/envs/airflow_etl/lib/python3.11/site-packages/airflow/example_dags/example_sla_dag.py took 0.054 seconds
[2025-07-11T11:15:32.523+0200] {processor.py:183} INFO - Processing /home/florent/Programs/anaconda3/envs/airflow_etl/lib/python3.11/site-packages/airflow/example_dags/example_sla_dag.py took 0.055 seconds
[2025-07-11T11:16:33.202+0200] {processor.py:161} INFO - Started process (PID=53111) to work on /home/florent/Programs/anaconda3/envs/airflow_etl/lib/python3.11/site-packages/airflow/example_dags/example_sla_dag.py
[2025-07-11T11:16:33.204+0200] {processor.py:830} INFO - Processing file /home/florent/Programs/anaconda3/envs/airflow_etl/lib/python3.11/site-packages/airflow/example_dags/example_sla_dag.py for tasks to queue
[2025-07-11T11:16:33.205+0200] {logging_mixin.py:188} INFO - [2025-07-11T11:16:33.205+0200] {dagbag.py:545} INFO - Filling up the DagBag from /home/florent/Programs/anaconda3/envs/airflow_etl/lib/python3.11/site-packages/airflow/example_dags/example_sla_dag.py
[2025-07-11T11:16:33.211+0200] {processor.py:840} INFO - DAG(s) 'example_sla_dag' retrieved from /home/florent/Programs/anaconda3/envs/airflow_etl/lib/python3.11/site-packages/airflow/example_dags/example_sla_dag.py
[2025-07-11T11:16:33.222+0200] {logging_mixin.py:188} INFO - [2025-07-11T11:16:33.222+0200] {dag.py:3096} INFO - Sync 1 DAGs
[2025-07-11T11:16:33.235+0200] {logging_mixin.py:188} INFO - [2025-07-11T11:16:33.235+0200] {dag.py:3954} INFO - Setting next_dagrun for example_sla_dag to 2025-07-11 09:14:00+00:00, run_after=2025-07-11 09:16:00+00:00
[2025-07-11T11:16:33.248+0200] {processor.py:183} INFO - Processing /home/florent/Programs/anaconda3/envs/airflow_etl/lib/python3.11/site-packages/airflow/example_dags/example_sla_dag.py took 0.052 seconds
[2025-07-11T11:16:34.181+0200] {processor.py:161} INFO - Started process (PID=53120) to work on /home/florent/Programs/anaconda3/envs/airflow_etl/lib/python3.11/site-packages/airflow/example_dags/example_sla_dag.py
[2025-07-11T11:16:34.182+0200] {processor.py:830} INFO - Processing file /home/florent/Programs/anaconda3/envs/airflow_etl/lib/python3.11/site-packages/airflow/example_dags/example_sla_dag.py for tasks to queue
[2025-07-11T11:16:34.183+0200] {logging_mixin.py:188} INFO - [2025-07-11T11:16:34.182+0200] {dagbag.py:545} INFO - Filling up the DagBag from /home/florent/Programs/anaconda3/envs/airflow_etl/lib/python3.11/site-packages/airflow/example_dags/example_sla_dag.py
[2025-07-11T11:16:34.188+0200] {processor.py:840} INFO - DAG(s) 'example_sla_dag' retrieved from /home/florent/Programs/anaconda3/envs/airflow_etl/lib/python3.11/site-packages/airflow/example_dags/example_sla_dag.py
[2025-07-11T11:16:34.198+0200] {logging_mixin.py:188} INFO - [2025-07-11T11:16:34.197+0200] {dag.py:3096} INFO - Sync 1 DAGs
[2025-07-11T11:16:34.211+0200] {logging_mixin.py:188} INFO - [2025-07-11T11:16:34.211+0200] {dag.py:3954} INFO - Setting next_dagrun for example_sla_dag to 2025-07-11 09:14:00+00:00, run_after=2025-07-11 09:16:00+00:00
[2025-07-11T11:16:34.224+0200] {processor.py:183} INFO - Processing /home/florent/Programs/anaconda3/envs/airflow_etl/lib/python3.11/site-packages/airflow/example_dags/example_sla_dag.py took 0.047 seconds
[2025-07-11T11:18:26.222+0200] {processor.py:161} INFO - Started process (PID=54323) to work on /home/florent/Programs/anaconda3/envs/airflow_etl/lib/python3.11/site-packages/airflow/example_dags/example_sla_dag.py
[2025-07-11T11:18:26.224+0200] {processor.py:830} INFO - Processing file /home/florent/Programs/anaconda3/envs/airflow_etl/lib/python3.11/site-packages/airflow/example_dags/example_sla_dag.py for tasks to queue
[2025-07-11T11:18:26.224+0200] {logging_mixin.py:188} INFO - [2025-07-11T11:18:26.224+0200] {dagbag.py:545} INFO - Filling up the DagBag from /home/florent/Programs/anaconda3/envs/airflow_etl/lib/python3.11/site-packages/airflow/example_dags/example_sla_dag.py
[2025-07-11T11:18:26.229+0200] {processor.py:840} INFO - DAG(s) 'example_sla_dag' retrieved from /home/florent/Programs/anaconda3/envs/airflow_etl/lib/python3.11/site-packages/airflow/example_dags/example_sla_dag.py
[2025-07-11T11:18:26.238+0200] {logging_mixin.py:188} INFO - [2025-07-11T11:18:26.238+0200] {dag.py:3096} INFO - Sync 1 DAGs
[2025-07-11T11:18:26.248+0200] {logging_mixin.py:188} INFO - [2025-07-11T11:18:26.248+0200] {dag.py:3954} INFO - Setting next_dagrun for example_sla_dag to 2025-07-11 09:16:00+00:00, run_after=2025-07-11 09:18:00+00:00
[2025-07-11T11:18:26.258+0200] {processor.py:183} INFO - Processing /home/florent/Programs/anaconda3/envs/airflow_etl/lib/python3.11/site-packages/airflow/example_dags/example_sla_dag.py took 0.038 seconds
[2025-07-11T11:19:29.832+0200] {processor.py:161} INFO - Started process (PID=55052) to work on /home/florent/Programs/anaconda3/envs/airflow_etl/lib/python3.11/site-packages/airflow/example_dags/example_sla_dag.py
[2025-07-11T11:19:29.834+0200] {processor.py:830} INFO - Processing file /home/florent/Programs/anaconda3/envs/airflow_etl/lib/python3.11/site-packages/airflow/example_dags/example_sla_dag.py for tasks to queue
[2025-07-11T11:19:29.837+0200] {logging_mixin.py:188} INFO - [2025-07-11T11:19:29.836+0200] {dagbag.py:545} INFO - Filling up the DagBag from /home/florent/Programs/anaconda3/envs/airflow_etl/lib/python3.11/site-packages/airflow/example_dags/example_sla_dag.py
[2025-07-11T11:19:29.846+0200] {processor.py:840} INFO - DAG(s) 'example_sla_dag' retrieved from /home/florent/Programs/anaconda3/envs/airflow_etl/lib/python3.11/site-packages/airflow/example_dags/example_sla_dag.py
[2025-07-11T11:19:29.860+0200] {logging_mixin.py:188} INFO - [2025-07-11T11:19:29.859+0200] {dag.py:3096} INFO - Sync 1 DAGs
[2025-07-11T11:19:29.874+0200] {logging_mixin.py:188} INFO - [2025-07-11T11:19:29.874+0200] {dag.py:3954} INFO - Setting next_dagrun for example_sla_dag to 2025-07-11 09:16:00+00:00, run_after=2025-07-11 09:18:00+00:00
[2025-07-11T11:19:29.885+0200] {processor.py:183} INFO - Processing /home/florent/Programs/anaconda3/envs/airflow_etl/lib/python3.11/site-packages/airflow/example_dags/example_sla_dag.py took 0.059 seconds
[2025-07-11T11:20:21.444+0200] {processor.py:161} INFO - Started process (PID=55558) to work on /home/florent/Programs/anaconda3/envs/airflow_etl/lib/python3.11/site-packages/airflow/example_dags/example_sla_dag.py
[2025-07-11T11:20:21.447+0200] {processor.py:830} INFO - Processing file /home/florent/Programs/anaconda3/envs/airflow_etl/lib/python3.11/site-packages/airflow/example_dags/example_sla_dag.py for tasks to queue
[2025-07-11T11:20:21.448+0200] {logging_mixin.py:188} INFO - [2025-07-11T11:20:21.447+0200] {dagbag.py:545} INFO - Filling up the DagBag from /home/florent/Programs/anaconda3/envs/airflow_etl/lib/python3.11/site-packages/airflow/example_dags/example_sla_dag.py
[2025-07-11T11:20:21.452+0200] {processor.py:840} INFO - DAG(s) 'example_sla_dag' retrieved from /home/florent/Programs/anaconda3/envs/airflow_etl/lib/python3.11/site-packages/airflow/example_dags/example_sla_dag.py
[2025-07-11T11:20:21.460+0200] {logging_mixin.py:188} INFO - [2025-07-11T11:20:21.460+0200] {dag.py:3096} INFO - Sync 1 DAGs
[2025-07-11T11:20:21.470+0200] {logging_mixin.py:188} INFO - [2025-07-11T11:20:21.470+0200] {dag.py:3954} INFO - Setting next_dagrun for example_sla_dag to 2025-07-11 09:18:00+00:00, run_after=2025-07-11 09:20:00+00:00
[2025-07-11T11:20:21.480+0200] {processor.py:183} INFO - Processing /home/florent/Programs/anaconda3/envs/airflow_etl/lib/python3.11/site-packages/airflow/example_dags/example_sla_dag.py took 0.039 seconds
[2025-07-11T11:21:26.120+0200] {processor.py:161} INFO - Started process (PID=56276) to work on /home/florent/Programs/anaconda3/envs/airflow_etl/lib/python3.11/site-packages/airflow/example_dags/example_sla_dag.py
[2025-07-11T11:21:26.123+0200] {processor.py:830} INFO - Processing file /home/florent/Programs/anaconda3/envs/airflow_etl/lib/python3.11/site-packages/airflow/example_dags/example_sla_dag.py for tasks to queue
[2025-07-11T11:21:26.125+0200] {logging_mixin.py:188} INFO - [2025-07-11T11:21:26.124+0200] {dagbag.py:545} INFO - Filling up the DagBag from /home/florent/Programs/anaconda3/envs/airflow_etl/lib/python3.11/site-packages/airflow/example_dags/example_sla_dag.py
[2025-07-11T11:21:26.135+0200] {processor.py:840} INFO - DAG(s) 'example_sla_dag' retrieved from /home/florent/Programs/anaconda3/envs/airflow_etl/lib/python3.11/site-packages/airflow/example_dags/example_sla_dag.py
[2025-07-11T11:21:26.148+0200] {logging_mixin.py:188} INFO - [2025-07-11T11:21:26.148+0200] {dag.py:3096} INFO - Sync 1 DAGs
[2025-07-11T11:21:26.160+0200] {logging_mixin.py:188} INFO - [2025-07-11T11:21:26.159+0200] {dag.py:3954} INFO - Setting next_dagrun for example_sla_dag to 2025-07-11 09:18:00+00:00, run_after=2025-07-11 09:20:00+00:00
[2025-07-11T11:21:26.170+0200] {processor.py:183} INFO - Processing /home/florent/Programs/anaconda3/envs/airflow_etl/lib/python3.11/site-packages/airflow/example_dags/example_sla_dag.py took 0.057 seconds
[2025-07-11T11:22:33.252+0200] {processor.py:161} INFO - Started process (PID=56938) to work on /home/florent/Programs/anaconda3/envs/airflow_etl/lib/python3.11/site-packages/airflow/example_dags/example_sla_dag.py
[2025-07-11T11:22:33.255+0200] {processor.py:830} INFO - Processing file /home/florent/Programs/anaconda3/envs/airflow_etl/lib/python3.11/site-packages/airflow/example_dags/example_sla_dag.py for tasks to queue
[2025-07-11T11:22:33.257+0200] {logging_mixin.py:188} INFO - [2025-07-11T11:22:33.257+0200] {dagbag.py:545} INFO - Filling up the DagBag from /home/florent/Programs/anaconda3/envs/airflow_etl/lib/python3.11/site-packages/airflow/example_dags/example_sla_dag.py
[2025-07-11T11:22:33.267+0200] {processor.py:840} INFO - DAG(s) 'example_sla_dag' retrieved from /home/florent/Programs/anaconda3/envs/airflow_etl/lib/python3.11/site-packages/airflow/example_dags/example_sla_dag.py
[2025-07-11T11:22:33.277+0200] {logging_mixin.py:188} INFO - [2025-07-11T11:22:33.277+0200] {dag.py:3096} INFO - Sync 1 DAGs
[2025-07-11T11:22:33.288+0200] {logging_mixin.py:188} INFO - [2025-07-11T11:22:33.288+0200] {dag.py:3954} INFO - Setting next_dagrun for example_sla_dag to 2025-07-11 09:20:00+00:00, run_after=2025-07-11 09:22:00+00:00
[2025-07-11T11:22:33.360+0200] {processor.py:183} INFO - Processing /home/florent/Programs/anaconda3/envs/airflow_etl/lib/python3.11/site-packages/airflow/example_dags/example_sla_dag.py took 0.114 seconds
[2025-07-11T11:23:41.543+0200] {processor.py:161} INFO - Started process (PID=57625) to work on /home/florent/Programs/anaconda3/envs/airflow_etl/lib/python3.11/site-packages/airflow/example_dags/example_sla_dag.py
[2025-07-11T11:23:41.546+0200] {processor.py:830} INFO - Processing file /home/florent/Programs/anaconda3/envs/airflow_etl/lib/python3.11/site-packages/airflow/example_dags/example_sla_dag.py for tasks to queue
[2025-07-11T11:23:41.548+0200] {logging_mixin.py:188} INFO - [2025-07-11T11:23:41.548+0200] {dagbag.py:545} INFO - Filling up the DagBag from /home/florent/Programs/anaconda3/envs/airflow_etl/lib/python3.11/site-packages/airflow/example_dags/example_sla_dag.py
[2025-07-11T11:23:41.559+0200] {processor.py:840} INFO - DAG(s) 'example_sla_dag' retrieved from /home/florent/Programs/anaconda3/envs/airflow_etl/lib/python3.11/site-packages/airflow/example_dags/example_sla_dag.py
[2025-07-11T11:23:41.572+0200] {logging_mixin.py:188} INFO - [2025-07-11T11:23:41.572+0200] {dag.py:3096} INFO - Sync 1 DAGs
[2025-07-11T11:23:41.586+0200] {logging_mixin.py:188} INFO - [2025-07-11T11:23:41.586+0200] {dag.py:3954} INFO - Setting next_dagrun for example_sla_dag to 2025-07-11 09:20:00+00:00, run_after=2025-07-11 09:22:00+00:00
[2025-07-11T11:23:41.602+0200] {processor.py:183} INFO - Processing /home/florent/Programs/anaconda3/envs/airflow_etl/lib/python3.11/site-packages/airflow/example_dags/example_sla_dag.py took 0.065 seconds
[2025-07-11T11:24:52.358+0200] {processor.py:161} INFO - Started process (PID=58363) to work on /home/florent/Programs/anaconda3/envs/airflow_etl/lib/python3.11/site-packages/airflow/example_dags/example_sla_dag.py
[2025-07-11T11:24:52.359+0200] {processor.py:830} INFO - Processing file /home/florent/Programs/anaconda3/envs/airflow_etl/lib/python3.11/site-packages/airflow/example_dags/example_sla_dag.py for tasks to queue
[2025-07-11T11:24:52.360+0200] {logging_mixin.py:188} INFO - [2025-07-11T11:24:52.360+0200] {dagbag.py:545} INFO - Filling up the DagBag from /home/florent/Programs/anaconda3/envs/airflow_etl/lib/python3.11/site-packages/airflow/example_dags/example_sla_dag.py
[2025-07-11T11:24:52.365+0200] {processor.py:840} INFO - DAG(s) 'example_sla_dag' retrieved from /home/florent/Programs/anaconda3/envs/airflow_etl/lib/python3.11/site-packages/airflow/example_dags/example_sla_dag.py
[2025-07-11T11:24:52.373+0200] {logging_mixin.py:188} INFO - [2025-07-11T11:24:52.373+0200] {dag.py:3096} INFO - Sync 1 DAGs
[2025-07-11T11:24:52.386+0200] {logging_mixin.py:188} INFO - [2025-07-11T11:24:52.385+0200] {dag.py:3954} INFO - Setting next_dagrun for example_sla_dag to 2025-07-11 09:22:00+00:00, run_after=2025-07-11 09:24:00+00:00
[2025-07-11T11:24:52.397+0200] {processor.py:183} INFO - Processing /home/florent/Programs/anaconda3/envs/airflow_etl/lib/python3.11/site-packages/airflow/example_dags/example_sla_dag.py took 0.043 seconds
[2025-07-11T11:25:59.211+0200] {processor.py:161} INFO - Started process (PID=59096) to work on /home/florent/Programs/anaconda3/envs/airflow_etl/lib/python3.11/site-packages/airflow/example_dags/example_sla_dag.py
[2025-07-11T11:25:59.214+0200] {processor.py:830} INFO - Processing file /home/florent/Programs/anaconda3/envs/airflow_etl/lib/python3.11/site-packages/airflow/example_dags/example_sla_dag.py for tasks to queue
[2025-07-11T11:25:59.216+0200] {logging_mixin.py:188} INFO - [2025-07-11T11:25:59.215+0200] {dagbag.py:545} INFO - Filling up the DagBag from /home/florent/Programs/anaconda3/envs/airflow_etl/lib/python3.11/site-packages/airflow/example_dags/example_sla_dag.py
[2025-07-11T11:25:59.226+0200] {processor.py:840} INFO - DAG(s) 'example_sla_dag' retrieved from /home/florent/Programs/anaconda3/envs/airflow_etl/lib/python3.11/site-packages/airflow/example_dags/example_sla_dag.py
[2025-07-11T11:25:59.238+0200] {logging_mixin.py:188} INFO - [2025-07-11T11:25:59.238+0200] {dag.py:3096} INFO - Sync 1 DAGs
[2025-07-11T11:25:59.251+0200] {logging_mixin.py:188} INFO - [2025-07-11T11:25:59.250+0200] {dag.py:3954} INFO - Setting next_dagrun for example_sla_dag to 2025-07-11 09:22:00+00:00, run_after=2025-07-11 09:24:00+00:00
[2025-07-11T11:25:59.262+0200] {processor.py:183} INFO - Processing /home/florent/Programs/anaconda3/envs/airflow_etl/lib/python3.11/site-packages/airflow/example_dags/example_sla_dag.py took 0.057 seconds
[2025-07-11T11:27:05.744+0200] {processor.py:161} INFO - Started process (PID=59846) to work on /home/florent/Programs/anaconda3/envs/airflow_etl/lib/python3.11/site-packages/airflow/example_dags/example_sla_dag.py
[2025-07-11T11:27:05.747+0200] {processor.py:830} INFO - Processing file /home/florent/Programs/anaconda3/envs/airflow_etl/lib/python3.11/site-packages/airflow/example_dags/example_sla_dag.py for tasks to queue
[2025-07-11T11:27:05.749+0200] {logging_mixin.py:188} INFO - [2025-07-11T11:27:05.748+0200] {dagbag.py:545} INFO - Filling up the DagBag from /home/florent/Programs/anaconda3/envs/airflow_etl/lib/python3.11/site-packages/airflow/example_dags/example_sla_dag.py
[2025-07-11T11:27:05.756+0200] {processor.py:840} INFO - DAG(s) 'example_sla_dag' retrieved from /home/florent/Programs/anaconda3/envs/airflow_etl/lib/python3.11/site-packages/airflow/example_dags/example_sla_dag.py
[2025-07-11T11:27:05.766+0200] {logging_mixin.py:188} INFO - [2025-07-11T11:27:05.765+0200] {dag.py:3096} INFO - Sync 1 DAGs
[2025-07-11T11:27:05.777+0200] {logging_mixin.py:188} INFO - [2025-07-11T11:27:05.777+0200] {dag.py:3954} INFO - Setting next_dagrun for example_sla_dag to 2025-07-11 09:24:00+00:00, run_after=2025-07-11 09:26:00+00:00
[2025-07-11T11:27:05.788+0200] {processor.py:183} INFO - Processing /home/florent/Programs/anaconda3/envs/airflow_etl/lib/python3.11/site-packages/airflow/example_dags/example_sla_dag.py took 0.049 seconds
[2025-07-11T11:28:15.523+0200] {processor.py:161} INFO - Started process (PID=60577) to work on /home/florent/Programs/anaconda3/envs/airflow_etl/lib/python3.11/site-packages/airflow/example_dags/example_sla_dag.py
[2025-07-11T11:28:15.524+0200] {processor.py:830} INFO - Processing file /home/florent/Programs/anaconda3/envs/airflow_etl/lib/python3.11/site-packages/airflow/example_dags/example_sla_dag.py for tasks to queue
[2025-07-11T11:28:15.525+0200] {logging_mixin.py:188} INFO - [2025-07-11T11:28:15.525+0200] {dagbag.py:545} INFO - Filling up the DagBag from /home/florent/Programs/anaconda3/envs/airflow_etl/lib/python3.11/site-packages/airflow/example_dags/example_sla_dag.py
[2025-07-11T11:28:15.531+0200] {processor.py:840} INFO - DAG(s) 'example_sla_dag' retrieved from /home/florent/Programs/anaconda3/envs/airflow_etl/lib/python3.11/site-packages/airflow/example_dags/example_sla_dag.py
[2025-07-11T11:28:15.541+0200] {logging_mixin.py:188} INFO - [2025-07-11T11:28:15.541+0200] {dag.py:3096} INFO - Sync 1 DAGs
[2025-07-11T11:28:15.554+0200] {logging_mixin.py:188} INFO - [2025-07-11T11:28:15.554+0200] {dag.py:3954} INFO - Setting next_dagrun for example_sla_dag to 2025-07-11 09:26:00+00:00, run_after=2025-07-11 09:28:00+00:00
[2025-07-11T11:28:15.566+0200] {processor.py:183} INFO - Processing /home/florent/Programs/anaconda3/envs/airflow_etl/lib/python3.11/site-packages/airflow/example_dags/example_sla_dag.py took 0.047 seconds
[2025-07-11T11:29:20.210+0200] {processor.py:161} INFO - Started process (PID=61293) to work on /home/florent/Programs/anaconda3/envs/airflow_etl/lib/python3.11/site-packages/airflow/example_dags/example_sla_dag.py
[2025-07-11T11:29:20.213+0200] {processor.py:830} INFO - Processing file /home/florent/Programs/anaconda3/envs/airflow_etl/lib/python3.11/site-packages/airflow/example_dags/example_sla_dag.py for tasks to queue
[2025-07-11T11:29:20.214+0200] {logging_mixin.py:188} INFO - [2025-07-11T11:29:20.214+0200] {dagbag.py:545} INFO - Filling up the DagBag from /home/florent/Programs/anaconda3/envs/airflow_etl/lib/python3.11/site-packages/airflow/example_dags/example_sla_dag.py
[2025-07-11T11:29:20.223+0200] {processor.py:840} INFO - DAG(s) 'example_sla_dag' retrieved from /home/florent/Programs/anaconda3/envs/airflow_etl/lib/python3.11/site-packages/airflow/example_dags/example_sla_dag.py
[2025-07-11T11:29:20.236+0200] {logging_mixin.py:188} INFO - [2025-07-11T11:29:20.236+0200] {dag.py:3096} INFO - Sync 1 DAGs
[2025-07-11T11:29:20.247+0200] {logging_mixin.py:188} INFO - [2025-07-11T11:29:20.247+0200] {dag.py:3954} INFO - Setting next_dagrun for example_sla_dag to 2025-07-11 09:26:00+00:00, run_after=2025-07-11 09:28:00+00:00
[2025-07-11T11:29:20.257+0200] {processor.py:183} INFO - Processing /home/florent/Programs/anaconda3/envs/airflow_etl/lib/python3.11/site-packages/airflow/example_dags/example_sla_dag.py took 0.053 seconds
[2025-07-11T11:30:22.502+0200] {processor.py:161} INFO - Started process (PID=61935) to work on /home/florent/Programs/anaconda3/envs/airflow_etl/lib/python3.11/site-packages/airflow/example_dags/example_sla_dag.py
[2025-07-11T11:30:22.505+0200] {processor.py:830} INFO - Processing file /home/florent/Programs/anaconda3/envs/airflow_etl/lib/python3.11/site-packages/airflow/example_dags/example_sla_dag.py for tasks to queue
[2025-07-11T11:30:22.507+0200] {logging_mixin.py:188} INFO - [2025-07-11T11:30:22.506+0200] {dagbag.py:545} INFO - Filling up the DagBag from /home/florent/Programs/anaconda3/envs/airflow_etl/lib/python3.11/site-packages/airflow/example_dags/example_sla_dag.py
[2025-07-11T11:30:22.515+0200] {processor.py:840} INFO - DAG(s) 'example_sla_dag' retrieved from /home/florent/Programs/anaconda3/envs/airflow_etl/lib/python3.11/site-packages/airflow/example_dags/example_sla_dag.py
[2025-07-11T11:30:22.526+0200] {logging_mixin.py:188} INFO - [2025-07-11T11:30:22.526+0200] {dag.py:3096} INFO - Sync 1 DAGs
[2025-07-11T11:30:22.539+0200] {logging_mixin.py:188} INFO - [2025-07-11T11:30:22.539+0200] {dag.py:3954} INFO - Setting next_dagrun for example_sla_dag to 2025-07-11 09:28:00+00:00, run_after=2025-07-11 09:30:00+00:00
[2025-07-11T11:30:22.551+0200] {processor.py:183} INFO - Processing /home/florent/Programs/anaconda3/envs/airflow_etl/lib/python3.11/site-packages/airflow/example_dags/example_sla_dag.py took 0.053 seconds
[2025-07-11T11:31:24.496+0200] {processor.py:161} INFO - Started process (PID=62585) to work on /home/florent/Programs/anaconda3/envs/airflow_etl/lib/python3.11/site-packages/airflow/example_dags/example_sla_dag.py
[2025-07-11T11:31:24.498+0200] {processor.py:830} INFO - Processing file /home/florent/Programs/anaconda3/envs/airflow_etl/lib/python3.11/site-packages/airflow/example_dags/example_sla_dag.py for tasks to queue
[2025-07-11T11:31:24.498+0200] {logging_mixin.py:188} INFO - [2025-07-11T11:31:24.498+0200] {dagbag.py:545} INFO - Filling up the DagBag from /home/florent/Programs/anaconda3/envs/airflow_etl/lib/python3.11/site-packages/airflow/example_dags/example_sla_dag.py
[2025-07-11T11:31:24.504+0200] {processor.py:840} INFO - DAG(s) 'example_sla_dag' retrieved from /home/florent/Programs/anaconda3/envs/airflow_etl/lib/python3.11/site-packages/airflow/example_dags/example_sla_dag.py
[2025-07-11T11:31:24.513+0200] {logging_mixin.py:188} INFO - [2025-07-11T11:31:24.513+0200] {dag.py:3096} INFO - Sync 1 DAGs
[2025-07-11T11:31:24.524+0200] {logging_mixin.py:188} INFO - [2025-07-11T11:31:24.524+0200] {dag.py:3954} INFO - Setting next_dagrun for example_sla_dag to 2025-07-11 09:28:00+00:00, run_after=2025-07-11 09:30:00+00:00
[2025-07-11T11:31:24.535+0200] {processor.py:183} INFO - Processing /home/florent/Programs/anaconda3/envs/airflow_etl/lib/python3.11/site-packages/airflow/example_dags/example_sla_dag.py took 0.042 seconds
[2025-07-11T11:32:30.761+0200] {processor.py:161} INFO - Started process (PID=63374) to work on /home/florent/Programs/anaconda3/envs/airflow_etl/lib/python3.11/site-packages/airflow/example_dags/example_sla_dag.py
[2025-07-11T11:32:30.764+0200] {processor.py:830} INFO - Processing file /home/florent/Programs/anaconda3/envs/airflow_etl/lib/python3.11/site-packages/airflow/example_dags/example_sla_dag.py for tasks to queue
[2025-07-11T11:32:30.765+0200] {logging_mixin.py:188} INFO - [2025-07-11T11:32:30.765+0200] {dagbag.py:545} INFO - Filling up the DagBag from /home/florent/Programs/anaconda3/envs/airflow_etl/lib/python3.11/site-packages/airflow/example_dags/example_sla_dag.py
[2025-07-11T11:32:30.771+0200] {processor.py:840} INFO - DAG(s) 'example_sla_dag' retrieved from /home/florent/Programs/anaconda3/envs/airflow_etl/lib/python3.11/site-packages/airflow/example_dags/example_sla_dag.py
[2025-07-11T11:32:30.779+0200] {logging_mixin.py:188} INFO - [2025-07-11T11:32:30.779+0200] {dag.py:3096} INFO - Sync 1 DAGs
[2025-07-11T11:32:30.792+0200] {logging_mixin.py:188} INFO - [2025-07-11T11:32:30.792+0200] {dag.py:3954} INFO - Setting next_dagrun for example_sla_dag to 2025-07-11 09:30:00+00:00, run_after=2025-07-11 09:32:00+00:00
[2025-07-11T11:32:30.805+0200] {processor.py:183} INFO - Processing /home/florent/Programs/anaconda3/envs/airflow_etl/lib/python3.11/site-packages/airflow/example_dags/example_sla_dag.py took 0.049 seconds
[2025-07-11T11:33:34.952+0200] {processor.py:161} INFO - Started process (PID=64068) to work on /home/florent/Programs/anaconda3/envs/airflow_etl/lib/python3.11/site-packages/airflow/example_dags/example_sla_dag.py
[2025-07-11T11:33:34.955+0200] {processor.py:830} INFO - Processing file /home/florent/Programs/anaconda3/envs/airflow_etl/lib/python3.11/site-packages/airflow/example_dags/example_sla_dag.py for tasks to queue
[2025-07-11T11:33:34.957+0200] {logging_mixin.py:188} INFO - [2025-07-11T11:33:34.956+0200] {dagbag.py:545} INFO - Filling up the DagBag from /home/florent/Programs/anaconda3/envs/airflow_etl/lib/python3.11/site-packages/airflow/example_dags/example_sla_dag.py
[2025-07-11T11:33:34.965+0200] {processor.py:840} INFO - DAG(s) 'example_sla_dag' retrieved from /home/florent/Programs/anaconda3/envs/airflow_etl/lib/python3.11/site-packages/airflow/example_dags/example_sla_dag.py
[2025-07-11T11:33:34.977+0200] {logging_mixin.py:188} INFO - [2025-07-11T11:33:34.977+0200] {dag.py:3096} INFO - Sync 1 DAGs
[2025-07-11T11:33:34.988+0200] {logging_mixin.py:188} INFO - [2025-07-11T11:33:34.988+0200] {dag.py:3954} INFO - Setting next_dagrun for example_sla_dag to 2025-07-11 09:30:00+00:00, run_after=2025-07-11 09:32:00+00:00
[2025-07-11T11:33:34.998+0200] {processor.py:183} INFO - Processing /home/florent/Programs/anaconda3/envs/airflow_etl/lib/python3.11/site-packages/airflow/example_dags/example_sla_dag.py took 0.052 seconds
[2025-07-11T11:34:41.570+0200] {processor.py:161} INFO - Started process (PID=64742) to work on /home/florent/Programs/anaconda3/envs/airflow_etl/lib/python3.11/site-packages/airflow/example_dags/example_sla_dag.py
[2025-07-11T11:34:41.571+0200] {processor.py:830} INFO - Processing file /home/florent/Programs/anaconda3/envs/airflow_etl/lib/python3.11/site-packages/airflow/example_dags/example_sla_dag.py for tasks to queue
[2025-07-11T11:34:41.572+0200] {logging_mixin.py:188} INFO - [2025-07-11T11:34:41.572+0200] {dagbag.py:545} INFO - Filling up the DagBag from /home/florent/Programs/anaconda3/envs/airflow_etl/lib/python3.11/site-packages/airflow/example_dags/example_sla_dag.py
[2025-07-11T11:34:41.578+0200] {processor.py:840} INFO - DAG(s) 'example_sla_dag' retrieved from /home/florent/Programs/anaconda3/envs/airflow_etl/lib/python3.11/site-packages/airflow/example_dags/example_sla_dag.py
[2025-07-11T11:34:41.589+0200] {logging_mixin.py:188} INFO - [2025-07-11T11:34:41.589+0200] {dag.py:3096} INFO - Sync 1 DAGs
[2025-07-11T11:34:41.601+0200] {logging_mixin.py:188} INFO - [2025-07-11T11:34:41.601+0200] {dag.py:3954} INFO - Setting next_dagrun for example_sla_dag to 2025-07-11 09:32:00+00:00, run_after=2025-07-11 09:34:00+00:00
[2025-07-11T11:34:41.614+0200] {processor.py:183} INFO - Processing /home/florent/Programs/anaconda3/envs/airflow_etl/lib/python3.11/site-packages/airflow/example_dags/example_sla_dag.py took 0.050 seconds
[2025-07-11T11:35:45.144+0200] {processor.py:161} INFO - Started process (PID=65393) to work on /home/florent/Programs/anaconda3/envs/airflow_etl/lib/python3.11/site-packages/airflow/example_dags/example_sla_dag.py
[2025-07-11T11:35:45.147+0200] {processor.py:830} INFO - Processing file /home/florent/Programs/anaconda3/envs/airflow_etl/lib/python3.11/site-packages/airflow/example_dags/example_sla_dag.py for tasks to queue
[2025-07-11T11:35:45.148+0200] {logging_mixin.py:188} INFO - [2025-07-11T11:35:45.148+0200] {dagbag.py:545} INFO - Filling up the DagBag from /home/florent/Programs/anaconda3/envs/airflow_etl/lib/python3.11/site-packages/airflow/example_dags/example_sla_dag.py
[2025-07-11T11:35:45.154+0200] {processor.py:840} INFO - DAG(s) 'example_sla_dag' retrieved from /home/florent/Programs/anaconda3/envs/airflow_etl/lib/python3.11/site-packages/airflow/example_dags/example_sla_dag.py
[2025-07-11T11:35:45.169+0200] {logging_mixin.py:188} INFO - [2025-07-11T11:35:45.168+0200] {dag.py:3096} INFO - Sync 1 DAGs
[2025-07-11T11:35:45.182+0200] {logging_mixin.py:188} INFO - [2025-07-11T11:35:45.182+0200] {dag.py:3954} INFO - Setting next_dagrun for example_sla_dag to 2025-07-11 09:32:00+00:00, run_after=2025-07-11 09:34:00+00:00
[2025-07-11T11:35:45.199+0200] {processor.py:183} INFO - Processing /home/florent/Programs/anaconda3/envs/airflow_etl/lib/python3.11/site-packages/airflow/example_dags/example_sla_dag.py took 0.061 seconds
[2025-07-11T11:36:48.429+0200] {processor.py:161} INFO - Started process (PID=66097) to work on /home/florent/Programs/anaconda3/envs/airflow_etl/lib/python3.11/site-packages/airflow/example_dags/example_sla_dag.py
[2025-07-11T11:36:48.432+0200] {processor.py:830} INFO - Processing file /home/florent/Programs/anaconda3/envs/airflow_etl/lib/python3.11/site-packages/airflow/example_dags/example_sla_dag.py for tasks to queue
[2025-07-11T11:36:48.433+0200] {logging_mixin.py:188} INFO - [2025-07-11T11:36:48.433+0200] {dagbag.py:545} INFO - Filling up the DagBag from /home/florent/Programs/anaconda3/envs/airflow_etl/lib/python3.11/site-packages/airflow/example_dags/example_sla_dag.py
[2025-07-11T11:36:48.438+0200] {processor.py:840} INFO - DAG(s) 'example_sla_dag' retrieved from /home/florent/Programs/anaconda3/envs/airflow_etl/lib/python3.11/site-packages/airflow/example_dags/example_sla_dag.py
[2025-07-11T11:36:48.446+0200] {logging_mixin.py:188} INFO - [2025-07-11T11:36:48.446+0200] {dag.py:3096} INFO - Sync 1 DAGs
[2025-07-11T11:36:48.456+0200] {logging_mixin.py:188} INFO - [2025-07-11T11:36:48.456+0200] {dag.py:3954} INFO - Setting next_dagrun for example_sla_dag to 2025-07-11 09:34:00+00:00, run_after=2025-07-11 09:36:00+00:00
[2025-07-11T11:36:48.467+0200] {processor.py:183} INFO - Processing /home/florent/Programs/anaconda3/envs/airflow_etl/lib/python3.11/site-packages/airflow/example_dags/example_sla_dag.py took 0.043 seconds
[2025-07-11T11:37:54.680+0200] {processor.py:161} INFO - Started process (PID=66802) to work on /home/florent/Programs/anaconda3/envs/airflow_etl/lib/python3.11/site-packages/airflow/example_dags/example_sla_dag.py
[2025-07-11T11:37:54.682+0200] {processor.py:830} INFO - Processing file /home/florent/Programs/anaconda3/envs/airflow_etl/lib/python3.11/site-packages/airflow/example_dags/example_sla_dag.py for tasks to queue
[2025-07-11T11:37:54.684+0200] {logging_mixin.py:188} INFO - [2025-07-11T11:37:54.683+0200] {dagbag.py:545} INFO - Filling up the DagBag from /home/florent/Programs/anaconda3/envs/airflow_etl/lib/python3.11/site-packages/airflow/example_dags/example_sla_dag.py
[2025-07-11T11:37:54.691+0200] {processor.py:840} INFO - DAG(s) 'example_sla_dag' retrieved from /home/florent/Programs/anaconda3/envs/airflow_etl/lib/python3.11/site-packages/airflow/example_dags/example_sla_dag.py
[2025-07-11T11:37:54.701+0200] {logging_mixin.py:188} INFO - [2025-07-11T11:37:54.701+0200] {dag.py:3096} INFO - Sync 1 DAGs
[2025-07-11T11:37:54.713+0200] {logging_mixin.py:188} INFO - [2025-07-11T11:37:54.713+0200] {dag.py:3954} INFO - Setting next_dagrun for example_sla_dag to 2025-07-11 09:34:00+00:00, run_after=2025-07-11 09:36:00+00:00
[2025-07-11T11:37:54.726+0200] {processor.py:183} INFO - Processing /home/florent/Programs/anaconda3/envs/airflow_etl/lib/python3.11/site-packages/airflow/example_dags/example_sla_dag.py took 0.052 seconds
[2025-07-11T11:39:00.914+0200] {processor.py:161} INFO - Started process (PID=67462) to work on /home/florent/Programs/anaconda3/envs/airflow_etl/lib/python3.11/site-packages/airflow/example_dags/example_sla_dag.py
[2025-07-11T11:39:00.917+0200] {processor.py:830} INFO - Processing file /home/florent/Programs/anaconda3/envs/airflow_etl/lib/python3.11/site-packages/airflow/example_dags/example_sla_dag.py for tasks to queue
[2025-07-11T11:39:00.919+0200] {logging_mixin.py:188} INFO - [2025-07-11T11:39:00.918+0200] {dagbag.py:545} INFO - Filling up the DagBag from /home/florent/Programs/anaconda3/envs/airflow_etl/lib/python3.11/site-packages/airflow/example_dags/example_sla_dag.py
[2025-07-11T11:39:00.927+0200] {processor.py:840} INFO - DAG(s) 'example_sla_dag' retrieved from /home/florent/Programs/anaconda3/envs/airflow_etl/lib/python3.11/site-packages/airflow/example_dags/example_sla_dag.py
[2025-07-11T11:39:00.934+0200] {logging_mixin.py:188} INFO - [2025-07-11T11:39:00.934+0200] {dag.py:3096} INFO - Sync 1 DAGs
[2025-07-11T11:39:00.944+0200] {logging_mixin.py:188} INFO - [2025-07-11T11:39:00.944+0200] {dag.py:3954} INFO - Setting next_dagrun for example_sla_dag to 2025-07-11 09:36:00+00:00, run_after=2025-07-11 09:38:00+00:00
[2025-07-11T11:39:00.954+0200] {processor.py:183} INFO - Processing /home/florent/Programs/anaconda3/envs/airflow_etl/lib/python3.11/site-packages/airflow/example_dags/example_sla_dag.py took 0.046 seconds
[2025-07-11T11:40:07.933+0200] {processor.py:161} INFO - Started process (PID=68225) to work on /home/florent/Programs/anaconda3/envs/airflow_etl/lib/python3.11/site-packages/airflow/example_dags/example_sla_dag.py
[2025-07-11T11:40:07.936+0200] {processor.py:830} INFO - Processing file /home/florent/Programs/anaconda3/envs/airflow_etl/lib/python3.11/site-packages/airflow/example_dags/example_sla_dag.py for tasks to queue
[2025-07-11T11:40:07.938+0200] {logging_mixin.py:188} INFO - [2025-07-11T11:40:07.937+0200] {dagbag.py:545} INFO - Filling up the DagBag from /home/florent/Programs/anaconda3/envs/airflow_etl/lib/python3.11/site-packages/airflow/example_dags/example_sla_dag.py
[2025-07-11T11:40:07.945+0200] {processor.py:840} INFO - DAG(s) 'example_sla_dag' retrieved from /home/florent/Programs/anaconda3/envs/airflow_etl/lib/python3.11/site-packages/airflow/example_dags/example_sla_dag.py
[2025-07-11T11:40:07.953+0200] {logging_mixin.py:188} INFO - [2025-07-11T11:40:07.953+0200] {dag.py:3096} INFO - Sync 1 DAGs
[2025-07-11T11:40:07.963+0200] {logging_mixin.py:188} INFO - [2025-07-11T11:40:07.963+0200] {dag.py:3954} INFO - Setting next_dagrun for example_sla_dag to 2025-07-11 09:38:00+00:00, run_after=2025-07-11 09:40:00+00:00
[2025-07-11T11:40:07.974+0200] {processor.py:183} INFO - Processing /home/florent/Programs/anaconda3/envs/airflow_etl/lib/python3.11/site-packages/airflow/example_dags/example_sla_dag.py took 0.046 seconds
[2025-07-11T11:41:13.869+0200] {processor.py:161} INFO - Started process (PID=68922) to work on /home/florent/Programs/anaconda3/envs/airflow_etl/lib/python3.11/site-packages/airflow/example_dags/example_sla_dag.py
[2025-07-11T11:41:13.872+0200] {processor.py:830} INFO - Processing file /home/florent/Programs/anaconda3/envs/airflow_etl/lib/python3.11/site-packages/airflow/example_dags/example_sla_dag.py for tasks to queue
[2025-07-11T11:41:13.873+0200] {logging_mixin.py:188} INFO - [2025-07-11T11:41:13.873+0200] {dagbag.py:545} INFO - Filling up the DagBag from /home/florent/Programs/anaconda3/envs/airflow_etl/lib/python3.11/site-packages/airflow/example_dags/example_sla_dag.py
[2025-07-11T11:41:13.882+0200] {processor.py:840} INFO - DAG(s) 'example_sla_dag' retrieved from /home/florent/Programs/anaconda3/envs/airflow_etl/lib/python3.11/site-packages/airflow/example_dags/example_sla_dag.py
[2025-07-11T11:41:13.891+0200] {logging_mixin.py:188} INFO - [2025-07-11T11:41:13.891+0200] {dag.py:3096} INFO - Sync 1 DAGs
[2025-07-11T11:41:13.901+0200] {logging_mixin.py:188} INFO - [2025-07-11T11:41:13.901+0200] {dag.py:3954} INFO - Setting next_dagrun for example_sla_dag to 2025-07-11 09:38:00+00:00, run_after=2025-07-11 09:40:00+00:00
[2025-07-11T11:41:13.911+0200] {processor.py:183} INFO - Processing /home/florent/Programs/anaconda3/envs/airflow_etl/lib/python3.11/site-packages/airflow/example_dags/example_sla_dag.py took 0.047 seconds
[2025-07-11T11:42:18.000+0200] {processor.py:161} INFO - Started process (PID=69725) to work on /home/florent/Programs/anaconda3/envs/airflow_etl/lib/python3.11/site-packages/airflow/example_dags/example_sla_dag.py
[2025-07-11T11:42:18.001+0200] {processor.py:830} INFO - Processing file /home/florent/Programs/anaconda3/envs/airflow_etl/lib/python3.11/site-packages/airflow/example_dags/example_sla_dag.py for tasks to queue
[2025-07-11T11:42:18.003+0200] {logging_mixin.py:188} INFO - [2025-07-11T11:42:18.002+0200] {dagbag.py:545} INFO - Filling up the DagBag from /home/florent/Programs/anaconda3/envs/airflow_etl/lib/python3.11/site-packages/airflow/example_dags/example_sla_dag.py
[2025-07-11T11:42:18.010+0200] {processor.py:840} INFO - DAG(s) 'example_sla_dag' retrieved from /home/florent/Programs/anaconda3/envs/airflow_etl/lib/python3.11/site-packages/airflow/example_dags/example_sla_dag.py
[2025-07-11T11:42:18.020+0200] {logging_mixin.py:188} INFO - [2025-07-11T11:42:18.020+0200] {dag.py:3096} INFO - Sync 1 DAGs
[2025-07-11T11:42:18.032+0200] {logging_mixin.py:188} INFO - [2025-07-11T11:42:18.032+0200] {dag.py:3954} INFO - Setting next_dagrun for example_sla_dag to 2025-07-11 09:40:00+00:00, run_after=2025-07-11 09:42:00+00:00
[2025-07-11T11:42:18.044+0200] {processor.py:183} INFO - Processing /home/florent/Programs/anaconda3/envs/airflow_etl/lib/python3.11/site-packages/airflow/example_dags/example_sla_dag.py took 0.051 seconds
[2025-07-11T11:43:21.424+0200] {processor.py:161} INFO - Started process (PID=70403) to work on /home/florent/Programs/anaconda3/envs/airflow_etl/lib/python3.11/site-packages/airflow/example_dags/example_sla_dag.py
[2025-07-11T11:43:21.427+0200] {processor.py:830} INFO - Processing file /home/florent/Programs/anaconda3/envs/airflow_etl/lib/python3.11/site-packages/airflow/example_dags/example_sla_dag.py for tasks to queue
[2025-07-11T11:43:21.429+0200] {logging_mixin.py:188} INFO - [2025-07-11T11:43:21.428+0200] {dagbag.py:545} INFO - Filling up the DagBag from /home/florent/Programs/anaconda3/envs/airflow_etl/lib/python3.11/site-packages/airflow/example_dags/example_sla_dag.py
[2025-07-11T11:43:21.439+0200] {processor.py:840} INFO - DAG(s) 'example_sla_dag' retrieved from /home/florent/Programs/anaconda3/envs/airflow_etl/lib/python3.11/site-packages/airflow/example_dags/example_sla_dag.py
[2025-07-11T11:43:21.450+0200] {logging_mixin.py:188} INFO - [2025-07-11T11:43:21.450+0200] {dag.py:3096} INFO - Sync 1 DAGs
[2025-07-11T11:43:21.463+0200] {logging_mixin.py:188} INFO - [2025-07-11T11:43:21.463+0200] {dag.py:3954} INFO - Setting next_dagrun for example_sla_dag to 2025-07-11 09:40:00+00:00, run_after=2025-07-11 09:42:00+00:00
[2025-07-11T11:43:21.475+0200] {processor.py:183} INFO - Processing /home/florent/Programs/anaconda3/envs/airflow_etl/lib/python3.11/site-packages/airflow/example_dags/example_sla_dag.py took 0.057 seconds
[2025-07-11T11:44:26.887+0200] {processor.py:161} INFO - Started process (PID=71183) to work on /home/florent/Programs/anaconda3/envs/airflow_etl/lib/python3.11/site-packages/airflow/example_dags/example_sla_dag.py
[2025-07-11T11:44:26.887+0200] {processor.py:830} INFO - Processing file /home/florent/Programs/anaconda3/envs/airflow_etl/lib/python3.11/site-packages/airflow/example_dags/example_sla_dag.py for tasks to queue
[2025-07-11T11:44:26.889+0200] {logging_mixin.py:188} INFO - [2025-07-11T11:44:26.889+0200] {dagbag.py:545} INFO - Filling up the DagBag from /home/florent/Programs/anaconda3/envs/airflow_etl/lib/python3.11/site-packages/airflow/example_dags/example_sla_dag.py
[2025-07-11T11:44:26.898+0200] {processor.py:840} INFO - DAG(s) 'example_sla_dag' retrieved from /home/florent/Programs/anaconda3/envs/airflow_etl/lib/python3.11/site-packages/airflow/example_dags/example_sla_dag.py
[2025-07-11T11:44:26.907+0200] {logging_mixin.py:188} INFO - [2025-07-11T11:44:26.907+0200] {dag.py:3096} INFO - Sync 1 DAGs
[2025-07-11T11:44:26.918+0200] {logging_mixin.py:188} INFO - [2025-07-11T11:44:26.918+0200] {dag.py:3954} INFO - Setting next_dagrun for example_sla_dag to 2025-07-11 09:42:00+00:00, run_after=2025-07-11 09:44:00+00:00
[2025-07-11T11:44:26.929+0200] {processor.py:183} INFO - Processing /home/florent/Programs/anaconda3/envs/airflow_etl/lib/python3.11/site-packages/airflow/example_dags/example_sla_dag.py took 0.048 seconds
[2025-07-11T11:45:37.250+0200] {processor.py:161} INFO - Started process (PID=72027) to work on /home/florent/Programs/anaconda3/envs/airflow_etl/lib/python3.11/site-packages/airflow/example_dags/example_sla_dag.py
[2025-07-11T11:45:37.252+0200] {processor.py:830} INFO - Processing file /home/florent/Programs/anaconda3/envs/airflow_etl/lib/python3.11/site-packages/airflow/example_dags/example_sla_dag.py for tasks to queue
[2025-07-11T11:45:37.253+0200] {logging_mixin.py:188} INFO - [2025-07-11T11:45:37.253+0200] {dagbag.py:545} INFO - Filling up the DagBag from /home/florent/Programs/anaconda3/envs/airflow_etl/lib/python3.11/site-packages/airflow/example_dags/example_sla_dag.py
[2025-07-11T11:45:37.258+0200] {processor.py:840} INFO - DAG(s) 'example_sla_dag' retrieved from /home/florent/Programs/anaconda3/envs/airflow_etl/lib/python3.11/site-packages/airflow/example_dags/example_sla_dag.py
[2025-07-11T11:45:37.267+0200] {logging_mixin.py:188} INFO - [2025-07-11T11:45:37.267+0200] {dag.py:3096} INFO - Sync 1 DAGs
[2025-07-11T11:45:37.279+0200] {logging_mixin.py:188} INFO - [2025-07-11T11:45:37.279+0200] {dag.py:3954} INFO - Setting next_dagrun for example_sla_dag to 2025-07-11 09:42:00+00:00, run_after=2025-07-11 09:44:00+00:00
[2025-07-11T11:45:37.292+0200] {processor.py:183} INFO - Processing /home/florent/Programs/anaconda3/envs/airflow_etl/lib/python3.11/site-packages/airflow/example_dags/example_sla_dag.py took 0.046 seconds
[2025-07-11T11:46:38.355+0200] {processor.py:161} INFO - Started process (PID=72715) to work on /home/florent/Programs/anaconda3/envs/airflow_etl/lib/python3.11/site-packages/airflow/example_dags/example_sla_dag.py
[2025-07-11T11:46:38.357+0200] {processor.py:830} INFO - Processing file /home/florent/Programs/anaconda3/envs/airflow_etl/lib/python3.11/site-packages/airflow/example_dags/example_sla_dag.py for tasks to queue
[2025-07-11T11:46:38.359+0200] {logging_mixin.py:188} INFO - [2025-07-11T11:46:38.358+0200] {dagbag.py:545} INFO - Filling up the DagBag from /home/florent/Programs/anaconda3/envs/airflow_etl/lib/python3.11/site-packages/airflow/example_dags/example_sla_dag.py
[2025-07-11T11:46:38.367+0200] {processor.py:840} INFO - DAG(s) 'example_sla_dag' retrieved from /home/florent/Programs/anaconda3/envs/airflow_etl/lib/python3.11/site-packages/airflow/example_dags/example_sla_dag.py
[2025-07-11T11:46:38.375+0200] {logging_mixin.py:188} INFO - [2025-07-11T11:46:38.375+0200] {dag.py:3096} INFO - Sync 1 DAGs
[2025-07-11T11:46:38.386+0200] {logging_mixin.py:188} INFO - [2025-07-11T11:46:38.386+0200] {dag.py:3954} INFO - Setting next_dagrun for example_sla_dag to 2025-07-11 09:44:00+00:00, run_after=2025-07-11 09:46:00+00:00
[2025-07-11T11:46:38.397+0200] {processor.py:183} INFO - Processing /home/florent/Programs/anaconda3/envs/airflow_etl/lib/python3.11/site-packages/airflow/example_dags/example_sla_dag.py took 0.047 seconds
[2025-07-11T11:47:44.679+0200] {processor.py:161} INFO - Started process (PID=73373) to work on /home/florent/Programs/anaconda3/envs/airflow_etl/lib/python3.11/site-packages/airflow/example_dags/example_sla_dag.py
[2025-07-11T11:47:44.682+0200] {processor.py:830} INFO - Processing file /home/florent/Programs/anaconda3/envs/airflow_etl/lib/python3.11/site-packages/airflow/example_dags/example_sla_dag.py for tasks to queue
[2025-07-11T11:47:44.684+0200] {logging_mixin.py:188} INFO - [2025-07-11T11:47:44.684+0200] {dagbag.py:545} INFO - Filling up the DagBag from /home/florent/Programs/anaconda3/envs/airflow_etl/lib/python3.11/site-packages/airflow/example_dags/example_sla_dag.py
[2025-07-11T11:47:44.695+0200] {processor.py:840} INFO - DAG(s) 'example_sla_dag' retrieved from /home/florent/Programs/anaconda3/envs/airflow_etl/lib/python3.11/site-packages/airflow/example_dags/example_sla_dag.py
[2025-07-11T11:47:44.708+0200] {logging_mixin.py:188} INFO - [2025-07-11T11:47:44.708+0200] {dag.py:3096} INFO - Sync 1 DAGs
[2025-07-11T11:47:44.721+0200] {logging_mixin.py:188} INFO - [2025-07-11T11:47:44.721+0200] {dag.py:3954} INFO - Setting next_dagrun for example_sla_dag to 2025-07-11 09:44:00+00:00, run_after=2025-07-11 09:46:00+00:00
[2025-07-11T11:47:44.737+0200] {processor.py:183} INFO - Processing /home/florent/Programs/anaconda3/envs/airflow_etl/lib/python3.11/site-packages/airflow/example_dags/example_sla_dag.py took 0.064 seconds
[2025-07-11T11:48:47.341+0200] {processor.py:161} INFO - Started process (PID=74038) to work on /home/florent/Programs/anaconda3/envs/airflow_etl/lib/python3.11/site-packages/airflow/example_dags/example_sla_dag.py
[2025-07-11T11:48:47.344+0200] {processor.py:830} INFO - Processing file /home/florent/Programs/anaconda3/envs/airflow_etl/lib/python3.11/site-packages/airflow/example_dags/example_sla_dag.py for tasks to queue
[2025-07-11T11:48:47.345+0200] {logging_mixin.py:188} INFO - [2025-07-11T11:48:47.345+0200] {dagbag.py:545} INFO - Filling up the DagBag from /home/florent/Programs/anaconda3/envs/airflow_etl/lib/python3.11/site-packages/airflow/example_dags/example_sla_dag.py
[2025-07-11T11:48:47.351+0200] {processor.py:840} INFO - DAG(s) 'example_sla_dag' retrieved from /home/florent/Programs/anaconda3/envs/airflow_etl/lib/python3.11/site-packages/airflow/example_dags/example_sla_dag.py
[2025-07-11T11:48:47.359+0200] {logging_mixin.py:188} INFO - [2025-07-11T11:48:47.359+0200] {dag.py:3096} INFO - Sync 1 DAGs
[2025-07-11T11:48:47.369+0200] {logging_mixin.py:188} INFO - [2025-07-11T11:48:47.369+0200] {dag.py:3954} INFO - Setting next_dagrun for example_sla_dag to 2025-07-11 09:46:00+00:00, run_after=2025-07-11 09:48:00+00:00
[2025-07-11T11:48:47.378+0200] {processor.py:183} INFO - Processing /home/florent/Programs/anaconda3/envs/airflow_etl/lib/python3.11/site-packages/airflow/example_dags/example_sla_dag.py took 0.040 seconds
[2025-07-11T11:49:51.158+0200] {processor.py:161} INFO - Started process (PID=74685) to work on /home/florent/Programs/anaconda3/envs/airflow_etl/lib/python3.11/site-packages/airflow/example_dags/example_sla_dag.py
[2025-07-11T11:49:51.161+0200] {processor.py:830} INFO - Processing file /home/florent/Programs/anaconda3/envs/airflow_etl/lib/python3.11/site-packages/airflow/example_dags/example_sla_dag.py for tasks to queue
[2025-07-11T11:49:51.162+0200] {logging_mixin.py:188} INFO - [2025-07-11T11:49:51.162+0200] {dagbag.py:545} INFO - Filling up the DagBag from /home/florent/Programs/anaconda3/envs/airflow_etl/lib/python3.11/site-packages/airflow/example_dags/example_sla_dag.py
[2025-07-11T11:49:51.170+0200] {processor.py:840} INFO - DAG(s) 'example_sla_dag' retrieved from /home/florent/Programs/anaconda3/envs/airflow_etl/lib/python3.11/site-packages/airflow/example_dags/example_sla_dag.py
[2025-07-11T11:49:51.180+0200] {logging_mixin.py:188} INFO - [2025-07-11T11:49:51.180+0200] {dag.py:3096} INFO - Sync 1 DAGs
[2025-07-11T11:49:51.191+0200] {logging_mixin.py:188} INFO - [2025-07-11T11:49:51.191+0200] {dag.py:3954} INFO - Setting next_dagrun for example_sla_dag to 2025-07-11 09:46:00+00:00, run_after=2025-07-11 09:48:00+00:00
[2025-07-11T11:49:51.201+0200] {processor.py:183} INFO - Processing /home/florent/Programs/anaconda3/envs/airflow_etl/lib/python3.11/site-packages/airflow/example_dags/example_sla_dag.py took 0.048 seconds
[2025-07-11T11:50:59.483+0200] {processor.py:161} INFO - Started process (PID=75378) to work on /home/florent/Programs/anaconda3/envs/airflow_etl/lib/python3.11/site-packages/airflow/example_dags/example_sla_dag.py
[2025-07-11T11:50:59.486+0200] {processor.py:830} INFO - Processing file /home/florent/Programs/anaconda3/envs/airflow_etl/lib/python3.11/site-packages/airflow/example_dags/example_sla_dag.py for tasks to queue
[2025-07-11T11:50:59.487+0200] {logging_mixin.py:188} INFO - [2025-07-11T11:50:59.487+0200] {dagbag.py:545} INFO - Filling up the DagBag from /home/florent/Programs/anaconda3/envs/airflow_etl/lib/python3.11/site-packages/airflow/example_dags/example_sla_dag.py
[2025-07-11T11:50:59.497+0200] {processor.py:840} INFO - DAG(s) 'example_sla_dag' retrieved from /home/florent/Programs/anaconda3/envs/airflow_etl/lib/python3.11/site-packages/airflow/example_dags/example_sla_dag.py
[2025-07-11T11:50:59.511+0200] {logging_mixin.py:188} INFO - [2025-07-11T11:50:59.511+0200] {dag.py:3096} INFO - Sync 1 DAGs
[2025-07-11T11:50:59.524+0200] {logging_mixin.py:188} INFO - [2025-07-11T11:50:59.524+0200] {dag.py:3954} INFO - Setting next_dagrun for example_sla_dag to 2025-07-11 09:48:00+00:00, run_after=2025-07-11 09:50:00+00:00
[2025-07-11T11:50:59.536+0200] {processor.py:183} INFO - Processing /home/florent/Programs/anaconda3/envs/airflow_etl/lib/python3.11/site-packages/airflow/example_dags/example_sla_dag.py took 0.060 seconds
[2025-07-11T11:52:03.519+0200] {processor.py:161} INFO - Started process (PID=76038) to work on /home/florent/Programs/anaconda3/envs/airflow_etl/lib/python3.11/site-packages/airflow/example_dags/example_sla_dag.py
[2025-07-11T11:52:03.521+0200] {processor.py:830} INFO - Processing file /home/florent/Programs/anaconda3/envs/airflow_etl/lib/python3.11/site-packages/airflow/example_dags/example_sla_dag.py for tasks to queue
[2025-07-11T11:52:03.523+0200] {logging_mixin.py:188} INFO - [2025-07-11T11:52:03.522+0200] {dagbag.py:545} INFO - Filling up the DagBag from /home/florent/Programs/anaconda3/envs/airflow_etl/lib/python3.11/site-packages/airflow/example_dags/example_sla_dag.py
[2025-07-11T11:52:03.531+0200] {processor.py:840} INFO - DAG(s) 'example_sla_dag' retrieved from /home/florent/Programs/anaconda3/envs/airflow_etl/lib/python3.11/site-packages/airflow/example_dags/example_sla_dag.py
[2025-07-11T11:52:03.541+0200] {logging_mixin.py:188} INFO - [2025-07-11T11:52:03.541+0200] {dag.py:3096} INFO - Sync 1 DAGs
[2025-07-11T11:52:03.554+0200] {logging_mixin.py:188} INFO - [2025-07-11T11:52:03.553+0200] {dag.py:3954} INFO - Setting next_dagrun for example_sla_dag to 2025-07-11 09:50:00+00:00, run_after=2025-07-11 09:52:00+00:00
[2025-07-11T11:52:03.565+0200] {processor.py:183} INFO - Processing /home/florent/Programs/anaconda3/envs/airflow_etl/lib/python3.11/site-packages/airflow/example_dags/example_sla_dag.py took 0.053 seconds
[2025-07-11T11:53:09.075+0200] {processor.py:161} INFO - Started process (PID=76687) to work on /home/florent/Programs/anaconda3/envs/airflow_etl/lib/python3.11/site-packages/airflow/example_dags/example_sla_dag.py
[2025-07-11T11:53:09.078+0200] {processor.py:830} INFO - Processing file /home/florent/Programs/anaconda3/envs/airflow_etl/lib/python3.11/site-packages/airflow/example_dags/example_sla_dag.py for tasks to queue
[2025-07-11T11:53:09.080+0200] {logging_mixin.py:188} INFO - [2025-07-11T11:53:09.079+0200] {dagbag.py:545} INFO - Filling up the DagBag from /home/florent/Programs/anaconda3/envs/airflow_etl/lib/python3.11/site-packages/airflow/example_dags/example_sla_dag.py
[2025-07-11T11:53:09.087+0200] {processor.py:840} INFO - DAG(s) 'example_sla_dag' retrieved from /home/florent/Programs/anaconda3/envs/airflow_etl/lib/python3.11/site-packages/airflow/example_dags/example_sla_dag.py
[2025-07-11T11:53:09.098+0200] {logging_mixin.py:188} INFO - [2025-07-11T11:53:09.098+0200] {dag.py:3096} INFO - Sync 1 DAGs
[2025-07-11T11:53:09.111+0200] {logging_mixin.py:188} INFO - [2025-07-11T11:53:09.110+0200] {dag.py:3954} INFO - Setting next_dagrun for example_sla_dag to 2025-07-11 09:50:00+00:00, run_after=2025-07-11 09:52:00+00:00
[2025-07-11T11:53:09.122+0200] {processor.py:183} INFO - Processing /home/florent/Programs/anaconda3/envs/airflow_etl/lib/python3.11/site-packages/airflow/example_dags/example_sla_dag.py took 0.054 seconds
[2025-07-11T11:54:14.239+0200] {processor.py:161} INFO - Started process (PID=77334) to work on /home/florent/Programs/anaconda3/envs/airflow_etl/lib/python3.11/site-packages/airflow/example_dags/example_sla_dag.py
[2025-07-11T11:54:14.242+0200] {processor.py:830} INFO - Processing file /home/florent/Programs/anaconda3/envs/airflow_etl/lib/python3.11/site-packages/airflow/example_dags/example_sla_dag.py for tasks to queue
[2025-07-11T11:54:14.244+0200] {logging_mixin.py:188} INFO - [2025-07-11T11:54:14.244+0200] {dagbag.py:545} INFO - Filling up the DagBag from /home/florent/Programs/anaconda3/envs/airflow_etl/lib/python3.11/site-packages/airflow/example_dags/example_sla_dag.py
[2025-07-11T11:54:14.253+0200] {processor.py:840} INFO - DAG(s) 'example_sla_dag' retrieved from /home/florent/Programs/anaconda3/envs/airflow_etl/lib/python3.11/site-packages/airflow/example_dags/example_sla_dag.py
[2025-07-11T11:54:14.264+0200] {logging_mixin.py:188} INFO - [2025-07-11T11:54:14.264+0200] {dag.py:3096} INFO - Sync 1 DAGs
[2025-07-11T11:54:14.276+0200] {logging_mixin.py:188} INFO - [2025-07-11T11:54:14.276+0200] {dag.py:3954} INFO - Setting next_dagrun for example_sla_dag to 2025-07-11 09:52:00+00:00, run_after=2025-07-11 09:54:00+00:00
[2025-07-11T11:54:14.288+0200] {processor.py:183} INFO - Processing /home/florent/Programs/anaconda3/envs/airflow_etl/lib/python3.11/site-packages/airflow/example_dags/example_sla_dag.py took 0.054 seconds
[2025-07-11T11:55:23.095+0200] {processor.py:161} INFO - Started process (PID=78078) to work on /home/florent/Programs/anaconda3/envs/airflow_etl/lib/python3.11/site-packages/airflow/example_dags/example_sla_dag.py
[2025-07-11T11:55:23.098+0200] {processor.py:830} INFO - Processing file /home/florent/Programs/anaconda3/envs/airflow_etl/lib/python3.11/site-packages/airflow/example_dags/example_sla_dag.py for tasks to queue
[2025-07-11T11:55:23.100+0200] {logging_mixin.py:188} INFO - [2025-07-11T11:55:23.099+0200] {dagbag.py:545} INFO - Filling up the DagBag from /home/florent/Programs/anaconda3/envs/airflow_etl/lib/python3.11/site-packages/airflow/example_dags/example_sla_dag.py
[2025-07-11T11:55:23.107+0200] {processor.py:840} INFO - DAG(s) 'example_sla_dag' retrieved from /home/florent/Programs/anaconda3/envs/airflow_etl/lib/python3.11/site-packages/airflow/example_dags/example_sla_dag.py
[2025-07-11T11:55:23.114+0200] {logging_mixin.py:188} INFO - [2025-07-11T11:55:23.114+0200] {dag.py:3096} INFO - Sync 1 DAGs
[2025-07-11T11:55:23.125+0200] {logging_mixin.py:188} INFO - [2025-07-11T11:55:23.124+0200] {dag.py:3954} INFO - Setting next_dagrun for example_sla_dag to 2025-07-11 09:52:00+00:00, run_after=2025-07-11 09:54:00+00:00
[2025-07-11T11:55:23.134+0200] {processor.py:183} INFO - Processing /home/florent/Programs/anaconda3/envs/airflow_etl/lib/python3.11/site-packages/airflow/example_dags/example_sla_dag.py took 0.045 seconds
[2025-07-11T11:56:23.685+0200] {processor.py:161} INFO - Started process (PID=78701) to work on /home/florent/Programs/anaconda3/envs/airflow_etl/lib/python3.11/site-packages/airflow/example_dags/example_sla_dag.py
[2025-07-11T11:56:23.687+0200] {processor.py:830} INFO - Processing file /home/florent/Programs/anaconda3/envs/airflow_etl/lib/python3.11/site-packages/airflow/example_dags/example_sla_dag.py for tasks to queue
[2025-07-11T11:56:23.689+0200] {logging_mixin.py:188} INFO - [2025-07-11T11:56:23.688+0200] {dagbag.py:545} INFO - Filling up the DagBag from /home/florent/Programs/anaconda3/envs/airflow_etl/lib/python3.11/site-packages/airflow/example_dags/example_sla_dag.py
[2025-07-11T11:56:23.696+0200] {processor.py:840} INFO - DAG(s) 'example_sla_dag' retrieved from /home/florent/Programs/anaconda3/envs/airflow_etl/lib/python3.11/site-packages/airflow/example_dags/example_sla_dag.py
[2025-07-11T11:56:23.706+0200] {logging_mixin.py:188} INFO - [2025-07-11T11:56:23.706+0200] {dag.py:3096} INFO - Sync 1 DAGs
[2025-07-11T11:56:23.718+0200] {logging_mixin.py:188} INFO - [2025-07-11T11:56:23.718+0200] {dag.py:3954} INFO - Setting next_dagrun for example_sla_dag to 2025-07-11 09:54:00+00:00, run_after=2025-07-11 09:56:00+00:00
[2025-07-11T11:56:23.730+0200] {processor.py:183} INFO - Processing /home/florent/Programs/anaconda3/envs/airflow_etl/lib/python3.11/site-packages/airflow/example_dags/example_sla_dag.py took 0.052 seconds
[2025-07-11T11:57:27.683+0200] {processor.py:161} INFO - Started process (PID=79332) to work on /home/florent/Programs/anaconda3/envs/airflow_etl/lib/python3.11/site-packages/airflow/example_dags/example_sla_dag.py
[2025-07-11T11:57:27.686+0200] {processor.py:830} INFO - Processing file /home/florent/Programs/anaconda3/envs/airflow_etl/lib/python3.11/site-packages/airflow/example_dags/example_sla_dag.py for tasks to queue
[2025-07-11T11:57:27.687+0200] {logging_mixin.py:188} INFO - [2025-07-11T11:57:27.687+0200] {dagbag.py:545} INFO - Filling up the DagBag from /home/florent/Programs/anaconda3/envs/airflow_etl/lib/python3.11/site-packages/airflow/example_dags/example_sla_dag.py
[2025-07-11T11:57:27.695+0200] {processor.py:840} INFO - DAG(s) 'example_sla_dag' retrieved from /home/florent/Programs/anaconda3/envs/airflow_etl/lib/python3.11/site-packages/airflow/example_dags/example_sla_dag.py
[2025-07-11T11:57:27.705+0200] {logging_mixin.py:188} INFO - [2025-07-11T11:57:27.705+0200] {dag.py:3096} INFO - Sync 1 DAGs
[2025-07-11T11:57:27.717+0200] {logging_mixin.py:188} INFO - [2025-07-11T11:57:27.717+0200] {dag.py:3954} INFO - Setting next_dagrun for example_sla_dag to 2025-07-11 09:54:00+00:00, run_after=2025-07-11 09:56:00+00:00
[2025-07-11T11:57:27.729+0200] {processor.py:183} INFO - Processing /home/florent/Programs/anaconda3/envs/airflow_etl/lib/python3.11/site-packages/airflow/example_dags/example_sla_dag.py took 0.053 seconds
[2025-07-11T11:58:34.980+0200] {processor.py:161} INFO - Started process (PID=80011) to work on /home/florent/Programs/anaconda3/envs/airflow_etl/lib/python3.11/site-packages/airflow/example_dags/example_sla_dag.py
[2025-07-11T11:58:34.983+0200] {processor.py:830} INFO - Processing file /home/florent/Programs/anaconda3/envs/airflow_etl/lib/python3.11/site-packages/airflow/example_dags/example_sla_dag.py for tasks to queue
[2025-07-11T11:58:34.984+0200] {logging_mixin.py:188} INFO - [2025-07-11T11:58:34.984+0200] {dagbag.py:545} INFO - Filling up the DagBag from /home/florent/Programs/anaconda3/envs/airflow_etl/lib/python3.11/site-packages/airflow/example_dags/example_sla_dag.py
[2025-07-11T11:58:34.994+0200] {processor.py:840} INFO - DAG(s) 'example_sla_dag' retrieved from /home/florent/Programs/anaconda3/envs/airflow_etl/lib/python3.11/site-packages/airflow/example_dags/example_sla_dag.py
[2025-07-11T11:58:35.006+0200] {logging_mixin.py:188} INFO - [2025-07-11T11:58:35.006+0200] {dag.py:3096} INFO - Sync 1 DAGs
[2025-07-11T11:58:35.020+0200] {logging_mixin.py:188} INFO - [2025-07-11T11:58:35.019+0200] {dag.py:3954} INFO - Setting next_dagrun for example_sla_dag to 2025-07-11 09:56:00+00:00, run_after=2025-07-11 09:58:00+00:00
[2025-07-11T11:58:35.032+0200] {processor.py:183} INFO - Processing /home/florent/Programs/anaconda3/envs/airflow_etl/lib/python3.11/site-packages/airflow/example_dags/example_sla_dag.py took 0.058 seconds
[2025-07-11T11:59:40.574+0200] {processor.py:161} INFO - Started process (PID=80643) to work on /home/florent/Programs/anaconda3/envs/airflow_etl/lib/python3.11/site-packages/airflow/example_dags/example_sla_dag.py
[2025-07-11T11:59:40.577+0200] {processor.py:830} INFO - Processing file /home/florent/Programs/anaconda3/envs/airflow_etl/lib/python3.11/site-packages/airflow/example_dags/example_sla_dag.py for tasks to queue
[2025-07-11T11:59:40.579+0200] {logging_mixin.py:188} INFO - [2025-07-11T11:59:40.579+0200] {dagbag.py:545} INFO - Filling up the DagBag from /home/florent/Programs/anaconda3/envs/airflow_etl/lib/python3.11/site-packages/airflow/example_dags/example_sla_dag.py
[2025-07-11T11:59:40.589+0200] {processor.py:840} INFO - DAG(s) 'example_sla_dag' retrieved from /home/florent/Programs/anaconda3/envs/airflow_etl/lib/python3.11/site-packages/airflow/example_dags/example_sla_dag.py
[2025-07-11T11:59:40.600+0200] {logging_mixin.py:188} INFO - [2025-07-11T11:59:40.600+0200] {dag.py:3096} INFO - Sync 1 DAGs
[2025-07-11T11:59:40.612+0200] {logging_mixin.py:188} INFO - [2025-07-11T11:59:40.612+0200] {dag.py:3954} INFO - Setting next_dagrun for example_sla_dag to 2025-07-11 09:56:00+00:00, run_after=2025-07-11 09:58:00+00:00
[2025-07-11T11:59:40.624+0200] {processor.py:183} INFO - Processing /home/florent/Programs/anaconda3/envs/airflow_etl/lib/python3.11/site-packages/airflow/example_dags/example_sla_dag.py took 0.056 seconds
[2025-07-11T12:00:51.309+0200] {processor.py:161} INFO - Started process (PID=81383) to work on /home/florent/Programs/anaconda3/envs/airflow_etl/lib/python3.11/site-packages/airflow/example_dags/example_sla_dag.py
[2025-07-11T12:00:51.312+0200] {processor.py:830} INFO - Processing file /home/florent/Programs/anaconda3/envs/airflow_etl/lib/python3.11/site-packages/airflow/example_dags/example_sla_dag.py for tasks to queue
[2025-07-11T12:00:51.314+0200] {logging_mixin.py:188} INFO - [2025-07-11T12:00:51.313+0200] {dagbag.py:545} INFO - Filling up the DagBag from /home/florent/Programs/anaconda3/envs/airflow_etl/lib/python3.11/site-packages/airflow/example_dags/example_sla_dag.py
[2025-07-11T12:00:51.322+0200] {processor.py:840} INFO - DAG(s) 'example_sla_dag' retrieved from /home/florent/Programs/anaconda3/envs/airflow_etl/lib/python3.11/site-packages/airflow/example_dags/example_sla_dag.py
[2025-07-11T12:00:51.331+0200] {logging_mixin.py:188} INFO - [2025-07-11T12:00:51.331+0200] {dag.py:3096} INFO - Sync 1 DAGs
[2025-07-11T12:00:51.342+0200] {logging_mixin.py:188} INFO - [2025-07-11T12:00:51.341+0200] {dag.py:3954} INFO - Setting next_dagrun for example_sla_dag to 2025-07-11 09:58:00+00:00, run_after=2025-07-11 10:00:00+00:00
[2025-07-11T12:00:51.352+0200] {processor.py:183} INFO - Processing /home/florent/Programs/anaconda3/envs/airflow_etl/lib/python3.11/site-packages/airflow/example_dags/example_sla_dag.py took 0.047 seconds
[2025-07-11T12:01:56.460+0200] {processor.py:161} INFO - Started process (PID=82031) to work on /home/florent/Programs/anaconda3/envs/airflow_etl/lib/python3.11/site-packages/airflow/example_dags/example_sla_dag.py
[2025-07-11T12:01:56.463+0200] {processor.py:830} INFO - Processing file /home/florent/Programs/anaconda3/envs/airflow_etl/lib/python3.11/site-packages/airflow/example_dags/example_sla_dag.py for tasks to queue
[2025-07-11T12:01:56.465+0200] {logging_mixin.py:188} INFO - [2025-07-11T12:01:56.464+0200] {dagbag.py:545} INFO - Filling up the DagBag from /home/florent/Programs/anaconda3/envs/airflow_etl/lib/python3.11/site-packages/airflow/example_dags/example_sla_dag.py
[2025-07-11T12:01:56.475+0200] {processor.py:840} INFO - DAG(s) 'example_sla_dag' retrieved from /home/florent/Programs/anaconda3/envs/airflow_etl/lib/python3.11/site-packages/airflow/example_dags/example_sla_dag.py
[2025-07-11T12:01:56.489+0200] {logging_mixin.py:188} INFO - [2025-07-11T12:01:56.489+0200] {dag.py:3096} INFO - Sync 1 DAGs
[2025-07-11T12:01:56.502+0200] {logging_mixin.py:188} INFO - [2025-07-11T12:01:56.501+0200] {dag.py:3954} INFO - Setting next_dagrun for example_sla_dag to 2025-07-11 09:58:00+00:00, run_after=2025-07-11 10:00:00+00:00
[2025-07-11T12:01:56.513+0200] {processor.py:183} INFO - Processing /home/florent/Programs/anaconda3/envs/airflow_etl/lib/python3.11/site-packages/airflow/example_dags/example_sla_dag.py took 0.059 seconds
[2025-07-11T12:02:57.357+0200] {processor.py:161} INFO - Started process (PID=82638) to work on /home/florent/Programs/anaconda3/envs/airflow_etl/lib/python3.11/site-packages/airflow/example_dags/example_sla_dag.py
[2025-07-11T12:02:57.359+0200] {processor.py:830} INFO - Processing file /home/florent/Programs/anaconda3/envs/airflow_etl/lib/python3.11/site-packages/airflow/example_dags/example_sla_dag.py for tasks to queue
[2025-07-11T12:02:57.361+0200] {logging_mixin.py:188} INFO - [2025-07-11T12:02:57.361+0200] {dagbag.py:545} INFO - Filling up the DagBag from /home/florent/Programs/anaconda3/envs/airflow_etl/lib/python3.11/site-packages/airflow/example_dags/example_sla_dag.py
[2025-07-11T12:02:57.369+0200] {processor.py:840} INFO - DAG(s) 'example_sla_dag' retrieved from /home/florent/Programs/anaconda3/envs/airflow_etl/lib/python3.11/site-packages/airflow/example_dags/example_sla_dag.py
[2025-07-11T12:02:57.378+0200] {logging_mixin.py:188} INFO - [2025-07-11T12:02:57.378+0200] {dag.py:3096} INFO - Sync 1 DAGs
[2025-07-11T12:02:57.391+0200] {logging_mixin.py:188} INFO - [2025-07-11T12:02:57.391+0200] {dag.py:3954} INFO - Setting next_dagrun for example_sla_dag to 2025-07-11 10:00:00+00:00, run_after=2025-07-11 10:02:00+00:00
[2025-07-11T12:02:57.403+0200] {processor.py:183} INFO - Processing /home/florent/Programs/anaconda3/envs/airflow_etl/lib/python3.11/site-packages/airflow/example_dags/example_sla_dag.py took 0.050 seconds
[2025-07-11T12:04:06.743+0200] {processor.py:161} INFO - Started process (PID=83326) to work on /home/florent/Programs/anaconda3/envs/airflow_etl/lib/python3.11/site-packages/airflow/example_dags/example_sla_dag.py
[2025-07-11T12:04:06.746+0200] {processor.py:830} INFO - Processing file /home/florent/Programs/anaconda3/envs/airflow_etl/lib/python3.11/site-packages/airflow/example_dags/example_sla_dag.py for tasks to queue
[2025-07-11T12:04:06.748+0200] {logging_mixin.py:188} INFO - [2025-07-11T12:04:06.748+0200] {dagbag.py:545} INFO - Filling up the DagBag from /home/florent/Programs/anaconda3/envs/airflow_etl/lib/python3.11/site-packages/airflow/example_dags/example_sla_dag.py
[2025-07-11T12:04:06.758+0200] {processor.py:840} INFO - DAG(s) 'example_sla_dag' retrieved from /home/florent/Programs/anaconda3/envs/airflow_etl/lib/python3.11/site-packages/airflow/example_dags/example_sla_dag.py
[2025-07-11T12:04:06.772+0200] {logging_mixin.py:188} INFO - [2025-07-11T12:04:06.772+0200] {dag.py:3096} INFO - Sync 1 DAGs
[2025-07-11T12:04:06.784+0200] {logging_mixin.py:188} INFO - [2025-07-11T12:04:06.784+0200] {dag.py:3954} INFO - Setting next_dagrun for example_sla_dag to 2025-07-11 10:02:00+00:00, run_after=2025-07-11 10:04:00+00:00
[2025-07-11T12:04:06.796+0200] {processor.py:183} INFO - Processing /home/florent/Programs/anaconda3/envs/airflow_etl/lib/python3.11/site-packages/airflow/example_dags/example_sla_dag.py took 0.059 seconds
[2025-07-11T12:05:12.174+0200] {processor.py:161} INFO - Started process (PID=84088) to work on /home/florent/Programs/anaconda3/envs/airflow_etl/lib/python3.11/site-packages/airflow/example_dags/example_sla_dag.py
[2025-07-11T12:05:12.177+0200] {processor.py:830} INFO - Processing file /home/florent/Programs/anaconda3/envs/airflow_etl/lib/python3.11/site-packages/airflow/example_dags/example_sla_dag.py for tasks to queue
[2025-07-11T12:05:12.180+0200] {logging_mixin.py:188} INFO - [2025-07-11T12:05:12.179+0200] {dagbag.py:545} INFO - Filling up the DagBag from /home/florent/Programs/anaconda3/envs/airflow_etl/lib/python3.11/site-packages/airflow/example_dags/example_sla_dag.py
[2025-07-11T12:05:12.189+0200] {processor.py:840} INFO - DAG(s) 'example_sla_dag' retrieved from /home/florent/Programs/anaconda3/envs/airflow_etl/lib/python3.11/site-packages/airflow/example_dags/example_sla_dag.py
[2025-07-11T12:05:12.199+0200] {logging_mixin.py:188} INFO - [2025-07-11T12:05:12.199+0200] {dag.py:3096} INFO - Sync 1 DAGs
[2025-07-11T12:05:12.211+0200] {logging_mixin.py:188} INFO - [2025-07-11T12:05:12.211+0200] {dag.py:3954} INFO - Setting next_dagrun for example_sla_dag to 2025-07-11 10:02:00+00:00, run_after=2025-07-11 10:04:00+00:00
[2025-07-11T12:05:12.222+0200] {processor.py:183} INFO - Processing /home/florent/Programs/anaconda3/envs/airflow_etl/lib/python3.11/site-packages/airflow/example_dags/example_sla_dag.py took 0.054 seconds
