[2025-07-11T11:03:48.672+0200] {processor.py:161} INFO - Started process (PID=42427) to work on /home/florent/Programs/anaconda3/envs/airflow_etl/lib/python3.11/site-packages/airflow/example_dags/example_branch_operator.py
[2025-07-11T11:03:48.673+0200] {processor.py:830} INFO - Processing file /home/florent/Programs/anaconda3/envs/airflow_etl/lib/python3.11/site-packages/airflow/example_dags/example_branch_operator.py for tasks to queue
[2025-07-11T11:03:48.673+0200] {logging_mixin.py:188} INFO - [2025-07-11T11:03:48.673+0200] {dagbag.py:545} INFO - Filling up the DagBag from /home/florent/Programs/anaconda3/envs/airflow_etl/lib/python3.11/site-packages/airflow/example_dags/example_branch_operator.py
[2025-07-11T11:03:48.681+0200] {processor.py:840} INFO - DAG(s) 'example_branch_operator' retrieved from /home/florent/Programs/anaconda3/envs/airflow_etl/lib/python3.11/site-packages/airflow/example_dags/example_branch_operator.py
[2025-07-11T11:03:48.729+0200] {logging_mixin.py:188} INFO - [2025-07-11T11:03:48.729+0200] {dag.py:3096} INFO - Sync 1 DAGs
[2025-07-11T11:03:48.736+0200] {logging_mixin.py:188} INFO - [2025-07-11T11:03:48.736+0200] {dag.py:3954} INFO - Setting next_dagrun for example_branch_operator to 2025-07-10 00:00:00+00:00, run_after=2025-07-11 00:00:00+00:00
[2025-07-11T11:03:48.747+0200] {processor.py:183} INFO - Processing /home/florent/Programs/anaconda3/envs/airflow_etl/lib/python3.11/site-packages/airflow/example_dags/example_branch_operator.py took 0.080 seconds
[2025-07-11T11:04:39.303+0200] {processor.py:161} INFO - Started process (PID=42953) to work on /home/florent/Programs/anaconda3/envs/airflow_etl/lib/python3.11/site-packages/airflow/example_dags/example_branch_operator.py
[2025-07-11T11:04:39.306+0200] {processor.py:830} INFO - Processing file /home/florent/Programs/anaconda3/envs/airflow_etl/lib/python3.11/site-packages/airflow/example_dags/example_branch_operator.py for tasks to queue
[2025-07-11T11:04:39.307+0200] {logging_mixin.py:188} INFO - [2025-07-11T11:04:39.306+0200] {dagbag.py:545} INFO - Filling up the DagBag from /home/florent/Programs/anaconda3/envs/airflow_etl/lib/python3.11/site-packages/airflow/example_dags/example_branch_operator.py
[2025-07-11T11:04:39.324+0200] {processor.py:840} INFO - DAG(s) 'example_branch_operator' retrieved from /home/florent/Programs/anaconda3/envs/airflow_etl/lib/python3.11/site-packages/airflow/example_dags/example_branch_operator.py
[2025-07-11T11:04:39.337+0200] {logging_mixin.py:188} INFO - [2025-07-11T11:04:39.337+0200] {dag.py:3096} INFO - Sync 1 DAGs
[2025-07-11T11:04:39.347+0200] {logging_mixin.py:188} INFO - [2025-07-11T11:04:39.347+0200] {dag.py:3954} INFO - Setting next_dagrun for example_branch_operator to 2025-07-10 00:00:00+00:00, run_after=2025-07-11 00:00:00+00:00
[2025-07-11T11:04:39.358+0200] {processor.py:183} INFO - Processing /home/florent/Programs/anaconda3/envs/airflow_etl/lib/python3.11/site-packages/airflow/example_dags/example_branch_operator.py took 0.061 seconds
[2025-07-11T11:05:46.517+0200] {processor.py:161} INFO - Started process (PID=43777) to work on /home/florent/Programs/anaconda3/envs/airflow_etl/lib/python3.11/site-packages/airflow/example_dags/example_branch_operator.py
[2025-07-11T11:05:46.520+0200] {processor.py:830} INFO - Processing file /home/florent/Programs/anaconda3/envs/airflow_etl/lib/python3.11/site-packages/airflow/example_dags/example_branch_operator.py for tasks to queue
[2025-07-11T11:05:46.521+0200] {logging_mixin.py:188} INFO - [2025-07-11T11:05:46.521+0200] {dagbag.py:545} INFO - Filling up the DagBag from /home/florent/Programs/anaconda3/envs/airflow_etl/lib/python3.11/site-packages/airflow/example_dags/example_branch_operator.py
[2025-07-11T11:05:46.535+0200] {processor.py:840} INFO - DAG(s) 'example_branch_operator' retrieved from /home/florent/Programs/anaconda3/envs/airflow_etl/lib/python3.11/site-packages/airflow/example_dags/example_branch_operator.py
[2025-07-11T11:05:46.549+0200] {logging_mixin.py:188} INFO - [2025-07-11T11:05:46.549+0200] {dag.py:3096} INFO - Sync 1 DAGs
[2025-07-11T11:05:46.558+0200] {logging_mixin.py:188} INFO - [2025-07-11T11:05:46.558+0200] {dag.py:3954} INFO - Setting next_dagrun for example_branch_operator to 2025-07-10 00:00:00+00:00, run_after=2025-07-11 00:00:00+00:00
[2025-07-11T11:05:46.569+0200] {processor.py:183} INFO - Processing /home/florent/Programs/anaconda3/envs/airflow_etl/lib/python3.11/site-packages/airflow/example_dags/example_branch_operator.py took 0.059 seconds
[2025-07-11T11:06:46.177+0200] {processor.py:161} INFO - Started process (PID=44523) to work on /home/florent/Programs/anaconda3/envs/airflow_etl/lib/python3.11/site-packages/airflow/example_dags/example_branch_operator.py
[2025-07-11T11:06:46.179+0200] {processor.py:830} INFO - Processing file /home/florent/Programs/anaconda3/envs/airflow_etl/lib/python3.11/site-packages/airflow/example_dags/example_branch_operator.py for tasks to queue
[2025-07-11T11:06:46.180+0200] {logging_mixin.py:188} INFO - [2025-07-11T11:06:46.180+0200] {dagbag.py:545} INFO - Filling up the DagBag from /home/florent/Programs/anaconda3/envs/airflow_etl/lib/python3.11/site-packages/airflow/example_dags/example_branch_operator.py
[2025-07-11T11:06:46.195+0200] {processor.py:840} INFO - DAG(s) 'example_branch_operator' retrieved from /home/florent/Programs/anaconda3/envs/airflow_etl/lib/python3.11/site-packages/airflow/example_dags/example_branch_operator.py
[2025-07-11T11:06:46.266+0200] {logging_mixin.py:188} INFO - [2025-07-11T11:06:46.266+0200] {dag.py:3096} INFO - Sync 1 DAGs
[2025-07-11T11:06:46.273+0200] {logging_mixin.py:188} INFO - [2025-07-11T11:06:46.273+0200] {dag.py:3954} INFO - Setting next_dagrun for example_branch_operator to 2025-07-10 00:00:00+00:00, run_after=2025-07-11 00:00:00+00:00
[2025-07-11T11:06:46.283+0200] {processor.py:183} INFO - Processing /home/florent/Programs/anaconda3/envs/airflow_etl/lib/python3.11/site-packages/airflow/example_dags/example_branch_operator.py took 0.112 seconds
[2025-07-11T11:07:41.266+0200] {processor.py:161} INFO - Started process (PID=45559) to work on /home/florent/Programs/anaconda3/envs/airflow_etl/lib/python3.11/site-packages/airflow/example_dags/example_branch_operator.py
[2025-07-11T11:07:41.269+0200] {processor.py:830} INFO - Processing file /home/florent/Programs/anaconda3/envs/airflow_etl/lib/python3.11/site-packages/airflow/example_dags/example_branch_operator.py for tasks to queue
[2025-07-11T11:07:41.270+0200] {logging_mixin.py:188} INFO - [2025-07-11T11:07:41.269+0200] {dagbag.py:545} INFO - Filling up the DagBag from /home/florent/Programs/anaconda3/envs/airflow_etl/lib/python3.11/site-packages/airflow/example_dags/example_branch_operator.py
[2025-07-11T11:07:41.284+0200] {processor.py:840} INFO - DAG(s) 'example_branch_operator' retrieved from /home/florent/Programs/anaconda3/envs/airflow_etl/lib/python3.11/site-packages/airflow/example_dags/example_branch_operator.py
[2025-07-11T11:07:41.301+0200] {logging_mixin.py:188} INFO - [2025-07-11T11:07:41.300+0200] {dag.py:3096} INFO - Sync 1 DAGs
[2025-07-11T11:07:41.311+0200] {logging_mixin.py:188} INFO - [2025-07-11T11:07:41.310+0200] {dag.py:3954} INFO - Setting next_dagrun for example_branch_operator to 2025-07-10 00:00:00+00:00, run_after=2025-07-11 00:00:00+00:00
[2025-07-11T11:07:41.321+0200] {processor.py:183} INFO - Processing /home/florent/Programs/anaconda3/envs/airflow_etl/lib/python3.11/site-packages/airflow/example_dags/example_branch_operator.py took 0.061 seconds
[2025-07-11T11:08:43.652+0200] {processor.py:161} INFO - Started process (PID=46267) to work on /home/florent/Programs/anaconda3/envs/airflow_etl/lib/python3.11/site-packages/airflow/example_dags/example_branch_operator.py
[2025-07-11T11:08:43.654+0200] {processor.py:830} INFO - Processing file /home/florent/Programs/anaconda3/envs/airflow_etl/lib/python3.11/site-packages/airflow/example_dags/example_branch_operator.py for tasks to queue
[2025-07-11T11:08:43.655+0200] {logging_mixin.py:188} INFO - [2025-07-11T11:08:43.655+0200] {dagbag.py:545} INFO - Filling up the DagBag from /home/florent/Programs/anaconda3/envs/airflow_etl/lib/python3.11/site-packages/airflow/example_dags/example_branch_operator.py
[2025-07-11T11:08:43.665+0200] {processor.py:840} INFO - DAG(s) 'example_branch_operator' retrieved from /home/florent/Programs/anaconda3/envs/airflow_etl/lib/python3.11/site-packages/airflow/example_dags/example_branch_operator.py
[2025-07-11T11:08:43.676+0200] {logging_mixin.py:188} INFO - [2025-07-11T11:08:43.676+0200] {dag.py:3096} INFO - Sync 1 DAGs
[2025-07-11T11:08:43.684+0200] {logging_mixin.py:188} INFO - [2025-07-11T11:08:43.684+0200] {dag.py:3954} INFO - Setting next_dagrun for example_branch_operator to 2025-07-10 00:00:00+00:00, run_after=2025-07-11 00:00:00+00:00
[2025-07-11T11:08:43.696+0200] {processor.py:183} INFO - Processing /home/florent/Programs/anaconda3/envs/airflow_etl/lib/python3.11/site-packages/airflow/example_dags/example_branch_operator.py took 0.048 seconds
[2025-07-11T11:09:43.721+0200] {processor.py:161} INFO - Started process (PID=47050) to work on /home/florent/Programs/anaconda3/envs/airflow_etl/lib/python3.11/site-packages/airflow/example_dags/example_branch_operator.py
[2025-07-11T11:09:43.724+0200] {processor.py:830} INFO - Processing file /home/florent/Programs/anaconda3/envs/airflow_etl/lib/python3.11/site-packages/airflow/example_dags/example_branch_operator.py for tasks to queue
[2025-07-11T11:09:43.725+0200] {logging_mixin.py:188} INFO - [2025-07-11T11:09:43.724+0200] {dagbag.py:545} INFO - Filling up the DagBag from /home/florent/Programs/anaconda3/envs/airflow_etl/lib/python3.11/site-packages/airflow/example_dags/example_branch_operator.py
[2025-07-11T11:09:43.736+0200] {processor.py:840} INFO - DAG(s) 'example_branch_operator' retrieved from /home/florent/Programs/anaconda3/envs/airflow_etl/lib/python3.11/site-packages/airflow/example_dags/example_branch_operator.py
[2025-07-11T11:09:43.747+0200] {logging_mixin.py:188} INFO - [2025-07-11T11:09:43.747+0200] {dag.py:3096} INFO - Sync 1 DAGs
[2025-07-11T11:09:43.756+0200] {logging_mixin.py:188} INFO - [2025-07-11T11:09:43.756+0200] {dag.py:3954} INFO - Setting next_dagrun for example_branch_operator to 2025-07-10 00:00:00+00:00, run_after=2025-07-11 00:00:00+00:00
[2025-07-11T11:09:43.766+0200] {processor.py:183} INFO - Processing /home/florent/Programs/anaconda3/envs/airflow_etl/lib/python3.11/site-packages/airflow/example_dags/example_branch_operator.py took 0.050 seconds
[2025-07-11T11:10:51.002+0200] {processor.py:161} INFO - Started process (PID=47917) to work on /home/florent/Programs/anaconda3/envs/airflow_etl/lib/python3.11/site-packages/airflow/example_dags/example_branch_operator.py
[2025-07-11T11:10:51.005+0200] {processor.py:830} INFO - Processing file /home/florent/Programs/anaconda3/envs/airflow_etl/lib/python3.11/site-packages/airflow/example_dags/example_branch_operator.py for tasks to queue
[2025-07-11T11:10:51.006+0200] {logging_mixin.py:188} INFO - [2025-07-11T11:10:51.005+0200] {dagbag.py:545} INFO - Filling up the DagBag from /home/florent/Programs/anaconda3/envs/airflow_etl/lib/python3.11/site-packages/airflow/example_dags/example_branch_operator.py
[2025-07-11T11:10:51.024+0200] {processor.py:840} INFO - DAG(s) 'example_branch_operator' retrieved from /home/florent/Programs/anaconda3/envs/airflow_etl/lib/python3.11/site-packages/airflow/example_dags/example_branch_operator.py
[2025-07-11T11:10:51.044+0200] {logging_mixin.py:188} INFO - [2025-07-11T11:10:51.043+0200] {dag.py:3096} INFO - Sync 1 DAGs
[2025-07-11T11:10:51.055+0200] {logging_mixin.py:188} INFO - [2025-07-11T11:10:51.055+0200] {dag.py:3954} INFO - Setting next_dagrun for example_branch_operator to 2025-07-10 00:00:00+00:00, run_after=2025-07-11 00:00:00+00:00
[2025-07-11T11:10:51.068+0200] {processor.py:183} INFO - Processing /home/florent/Programs/anaconda3/envs/airflow_etl/lib/python3.11/site-packages/airflow/example_dags/example_branch_operator.py took 0.071 seconds
[2025-07-11T11:11:59.949+0200] {processor.py:161} INFO - Started process (PID=49666) to work on /home/florent/Programs/anaconda3/envs/airflow_etl/lib/python3.11/site-packages/airflow/example_dags/example_branch_operator.py
[2025-07-11T11:11:59.951+0200] {processor.py:830} INFO - Processing file /home/florent/Programs/anaconda3/envs/airflow_etl/lib/python3.11/site-packages/airflow/example_dags/example_branch_operator.py for tasks to queue
[2025-07-11T11:11:59.952+0200] {logging_mixin.py:188} INFO - [2025-07-11T11:11:59.952+0200] {dagbag.py:545} INFO - Filling up the DagBag from /home/florent/Programs/anaconda3/envs/airflow_etl/lib/python3.11/site-packages/airflow/example_dags/example_branch_operator.py
[2025-07-11T11:11:59.968+0200] {processor.py:840} INFO - DAG(s) 'example_branch_operator' retrieved from /home/florent/Programs/anaconda3/envs/airflow_etl/lib/python3.11/site-packages/airflow/example_dags/example_branch_operator.py
[2025-07-11T11:11:59.982+0200] {logging_mixin.py:188} INFO - [2025-07-11T11:11:59.982+0200] {dag.py:3096} INFO - Sync 1 DAGs
[2025-07-11T11:11:59.992+0200] {logging_mixin.py:188} INFO - [2025-07-11T11:11:59.992+0200] {dag.py:3954} INFO - Setting next_dagrun for example_branch_operator to 2025-07-10 00:00:00+00:00, run_after=2025-07-11 00:00:00+00:00
[2025-07-11T11:12:00.004+0200] {processor.py:183} INFO - Processing /home/florent/Programs/anaconda3/envs/airflow_etl/lib/python3.11/site-packages/airflow/example_dags/example_branch_operator.py took 0.061 seconds
[2025-07-11T11:13:07.760+0200] {processor.py:161} INFO - Started process (PID=50524) to work on /home/florent/Programs/anaconda3/envs/airflow_etl/lib/python3.11/site-packages/airflow/example_dags/example_branch_operator.py
[2025-07-11T11:13:07.763+0200] {processor.py:830} INFO - Processing file /home/florent/Programs/anaconda3/envs/airflow_etl/lib/python3.11/site-packages/airflow/example_dags/example_branch_operator.py for tasks to queue
[2025-07-11T11:13:07.764+0200] {logging_mixin.py:188} INFO - [2025-07-11T11:13:07.763+0200] {dagbag.py:545} INFO - Filling up the DagBag from /home/florent/Programs/anaconda3/envs/airflow_etl/lib/python3.11/site-packages/airflow/example_dags/example_branch_operator.py
[2025-07-11T11:13:07.779+0200] {processor.py:840} INFO - DAG(s) 'example_branch_operator' retrieved from /home/florent/Programs/anaconda3/envs/airflow_etl/lib/python3.11/site-packages/airflow/example_dags/example_branch_operator.py
[2025-07-11T11:13:07.791+0200] {logging_mixin.py:188} INFO - [2025-07-11T11:13:07.791+0200] {dag.py:3096} INFO - Sync 1 DAGs
[2025-07-11T11:13:07.799+0200] {logging_mixin.py:188} INFO - [2025-07-11T11:13:07.799+0200] {dag.py:3954} INFO - Setting next_dagrun for example_branch_operator to 2025-07-10 00:00:00+00:00, run_after=2025-07-11 00:00:00+00:00
[2025-07-11T11:13:07.809+0200] {processor.py:183} INFO - Processing /home/florent/Programs/anaconda3/envs/airflow_etl/lib/python3.11/site-packages/airflow/example_dags/example_branch_operator.py took 0.053 seconds
[2025-07-11T11:13:29.214+0200] {processor.py:161} INFO - Started process (PID=50799) to work on /home/florent/Programs/anaconda3/envs/airflow_etl/lib/python3.11/site-packages/airflow/example_dags/example_branch_operator.py
[2025-07-11T11:13:29.217+0200] {processor.py:830} INFO - Processing file /home/florent/Programs/anaconda3/envs/airflow_etl/lib/python3.11/site-packages/airflow/example_dags/example_branch_operator.py for tasks to queue
[2025-07-11T11:13:29.219+0200] {logging_mixin.py:188} INFO - [2025-07-11T11:13:29.218+0200] {dagbag.py:545} INFO - Filling up the DagBag from /home/florent/Programs/anaconda3/envs/airflow_etl/lib/python3.11/site-packages/airflow/example_dags/example_branch_operator.py
[2025-07-11T11:13:29.237+0200] {processor.py:840} INFO - DAG(s) 'example_branch_operator' retrieved from /home/florent/Programs/anaconda3/envs/airflow_etl/lib/python3.11/site-packages/airflow/example_dags/example_branch_operator.py
[2025-07-11T11:13:29.287+0200] {logging_mixin.py:188} INFO - [2025-07-11T11:13:29.287+0200] {dag.py:3096} INFO - Sync 1 DAGs
[2025-07-11T11:13:29.296+0200] {logging_mixin.py:188} INFO - [2025-07-11T11:13:29.296+0200] {dag.py:3954} INFO - Setting next_dagrun for example_branch_operator to 2025-07-10 00:00:00+00:00, run_after=2025-07-11 00:00:00+00:00
[2025-07-11T11:13:29.307+0200] {processor.py:183} INFO - Processing /home/florent/Programs/anaconda3/envs/airflow_etl/lib/python3.11/site-packages/airflow/example_dags/example_branch_operator.py took 0.097 seconds
[2025-07-11T11:14:20.572+0200] {processor.py:161} INFO - Started process (PID=51491) to work on /home/florent/Programs/anaconda3/envs/airflow_etl/lib/python3.11/site-packages/airflow/example_dags/example_branch_operator.py
[2025-07-11T11:14:20.572+0200] {processor.py:830} INFO - Processing file /home/florent/Programs/anaconda3/envs/airflow_etl/lib/python3.11/site-packages/airflow/example_dags/example_branch_operator.py for tasks to queue
[2025-07-11T11:14:20.573+0200] {logging_mixin.py:188} INFO - [2025-07-11T11:14:20.573+0200] {dagbag.py:545} INFO - Filling up the DagBag from /home/florent/Programs/anaconda3/envs/airflow_etl/lib/python3.11/site-packages/airflow/example_dags/example_branch_operator.py
[2025-07-11T11:14:20.585+0200] {processor.py:840} INFO - DAG(s) 'example_branch_operator' retrieved from /home/florent/Programs/anaconda3/envs/airflow_etl/lib/python3.11/site-packages/airflow/example_dags/example_branch_operator.py
[2025-07-11T11:14:20.601+0200] {logging_mixin.py:188} INFO - [2025-07-11T11:14:20.601+0200] {dag.py:3096} INFO - Sync 1 DAGs
[2025-07-11T11:14:20.622+0200] {logging_mixin.py:188} INFO - [2025-07-11T11:14:20.622+0200] {dag.py:3954} INFO - Setting next_dagrun for example_branch_operator to 2025-07-10 00:00:00+00:00, run_after=2025-07-11 00:00:00+00:00
[2025-07-11T11:14:20.652+0200] {processor.py:183} INFO - Processing /home/florent/Programs/anaconda3/envs/airflow_etl/lib/python3.11/site-packages/airflow/example_dags/example_branch_operator.py took 0.085 seconds
[2025-07-11T11:14:29.063+0200] {processor.py:161} INFO - Started process (PID=51597) to work on /home/florent/Programs/anaconda3/envs/airflow_etl/lib/python3.11/site-packages/airflow/example_dags/example_branch_operator.py
[2025-07-11T11:14:29.066+0200] {processor.py:830} INFO - Processing file /home/florent/Programs/anaconda3/envs/airflow_etl/lib/python3.11/site-packages/airflow/example_dags/example_branch_operator.py for tasks to queue
[2025-07-11T11:14:29.066+0200] {logging_mixin.py:188} INFO - [2025-07-11T11:14:29.066+0200] {dagbag.py:545} INFO - Filling up the DagBag from /home/florent/Programs/anaconda3/envs/airflow_etl/lib/python3.11/site-packages/airflow/example_dags/example_branch_operator.py
[2025-07-11T11:14:29.081+0200] {processor.py:840} INFO - DAG(s) 'example_branch_operator' retrieved from /home/florent/Programs/anaconda3/envs/airflow_etl/lib/python3.11/site-packages/airflow/example_dags/example_branch_operator.py
[2025-07-11T11:14:29.128+0200] {logging_mixin.py:188} INFO - [2025-07-11T11:14:29.128+0200] {dag.py:3096} INFO - Sync 1 DAGs
[2025-07-11T11:14:29.137+0200] {logging_mixin.py:188} INFO - [2025-07-11T11:14:29.137+0200] {dag.py:3954} INFO - Setting next_dagrun for example_branch_operator to 2025-07-10 00:00:00+00:00, run_after=2025-07-11 00:00:00+00:00
[2025-07-11T11:14:29.148+0200] {processor.py:183} INFO - Processing /home/florent/Programs/anaconda3/envs/airflow_etl/lib/python3.11/site-packages/airflow/example_dags/example_branch_operator.py took 0.089 seconds
[2025-07-11T11:15:27.350+0200] {processor.py:161} INFO - Started process (PID=52335) to work on /home/florent/Programs/anaconda3/envs/airflow_etl/lib/python3.11/site-packages/airflow/example_dags/example_branch_operator.py
[2025-07-11T11:15:27.353+0200] {processor.py:830} INFO - Processing file /home/florent/Programs/anaconda3/envs/airflow_etl/lib/python3.11/site-packages/airflow/example_dags/example_branch_operator.py for tasks to queue
[2025-07-11T11:15:27.354+0200] {logging_mixin.py:188} INFO - [2025-07-11T11:15:27.354+0200] {dagbag.py:545} INFO - Filling up the DagBag from /home/florent/Programs/anaconda3/envs/airflow_etl/lib/python3.11/site-packages/airflow/example_dags/example_branch_operator.py
[2025-07-11T11:15:27.365+0200] {processor.py:840} INFO - DAG(s) 'example_branch_operator' retrieved from /home/florent/Programs/anaconda3/envs/airflow_etl/lib/python3.11/site-packages/airflow/example_dags/example_branch_operator.py
[2025-07-11T11:15:27.412+0200] {logging_mixin.py:188} INFO - [2025-07-11T11:15:27.412+0200] {dag.py:3096} INFO - Sync 1 DAGs
[2025-07-11T11:15:27.421+0200] {logging_mixin.py:188} INFO - [2025-07-11T11:15:27.421+0200] {dag.py:3954} INFO - Setting next_dagrun for example_branch_operator to 2025-07-10 00:00:00+00:00, run_after=2025-07-11 00:00:00+00:00
[2025-07-11T11:15:27.431+0200] {processor.py:183} INFO - Processing /home/florent/Programs/anaconda3/envs/airflow_etl/lib/python3.11/site-packages/airflow/example_dags/example_branch_operator.py took 0.086 seconds
[2025-07-11T11:15:28.498+0200] {processor.py:161} INFO - Started process (PID=52346) to work on /home/florent/Programs/anaconda3/envs/airflow_etl/lib/python3.11/site-packages/airflow/example_dags/example_branch_operator.py
[2025-07-11T11:15:28.499+0200] {processor.py:830} INFO - Processing file /home/florent/Programs/anaconda3/envs/airflow_etl/lib/python3.11/site-packages/airflow/example_dags/example_branch_operator.py for tasks to queue
[2025-07-11T11:15:28.499+0200] {logging_mixin.py:188} INFO - [2025-07-11T11:15:28.499+0200] {dagbag.py:545} INFO - Filling up the DagBag from /home/florent/Programs/anaconda3/envs/airflow_etl/lib/python3.11/site-packages/airflow/example_dags/example_branch_operator.py
[2025-07-11T11:15:28.510+0200] {processor.py:840} INFO - DAG(s) 'example_branch_operator' retrieved from /home/florent/Programs/anaconda3/envs/airflow_etl/lib/python3.11/site-packages/airflow/example_dags/example_branch_operator.py
[2025-07-11T11:15:28.516+0200] {logging_mixin.py:188} INFO - [2025-07-11T11:15:28.516+0200] {dag.py:3096} INFO - Sync 1 DAGs
[2025-07-11T11:15:28.529+0200] {logging_mixin.py:188} INFO - [2025-07-11T11:15:28.528+0200] {dag.py:3954} INFO - Setting next_dagrun for example_branch_operator to 2025-07-10 00:00:00+00:00, run_after=2025-07-11 00:00:00+00:00
[2025-07-11T11:15:28.540+0200] {processor.py:183} INFO - Processing /home/florent/Programs/anaconda3/envs/airflow_etl/lib/python3.11/site-packages/airflow/example_dags/example_branch_operator.py took 0.046 seconds
[2025-07-11T11:16:29.042+0200] {processor.py:161} INFO - Started process (PID=53067) to work on /home/florent/Programs/anaconda3/envs/airflow_etl/lib/python3.11/site-packages/airflow/example_dags/example_branch_operator.py
[2025-07-11T11:16:29.045+0200] {processor.py:830} INFO - Processing file /home/florent/Programs/anaconda3/envs/airflow_etl/lib/python3.11/site-packages/airflow/example_dags/example_branch_operator.py for tasks to queue
[2025-07-11T11:16:29.045+0200] {logging_mixin.py:188} INFO - [2025-07-11T11:16:29.045+0200] {dagbag.py:545} INFO - Filling up the DagBag from /home/florent/Programs/anaconda3/envs/airflow_etl/lib/python3.11/site-packages/airflow/example_dags/example_branch_operator.py
[2025-07-11T11:16:29.054+0200] {processor.py:840} INFO - DAG(s) 'example_branch_operator' retrieved from /home/florent/Programs/anaconda3/envs/airflow_etl/lib/python3.11/site-packages/airflow/example_dags/example_branch_operator.py
[2025-07-11T11:16:29.066+0200] {logging_mixin.py:188} INFO - [2025-07-11T11:16:29.066+0200] {dag.py:3096} INFO - Sync 1 DAGs
[2025-07-11T11:16:29.077+0200] {logging_mixin.py:188} INFO - [2025-07-11T11:16:29.077+0200] {dag.py:3954} INFO - Setting next_dagrun for example_branch_operator to 2025-07-10 00:00:00+00:00, run_after=2025-07-11 00:00:00+00:00
[2025-07-11T11:16:29.091+0200] {processor.py:183} INFO - Processing /home/florent/Programs/anaconda3/envs/airflow_etl/lib/python3.11/site-packages/airflow/example_dags/example_branch_operator.py took 0.052 seconds
[2025-07-11T11:16:29.116+0200] {processor.py:161} INFO - Started process (PID=53068) to work on /home/florent/Programs/anaconda3/envs/airflow_etl/lib/python3.11/site-packages/airflow/example_dags/example_branch_operator.py
[2025-07-11T11:16:29.117+0200] {processor.py:830} INFO - Processing file /home/florent/Programs/anaconda3/envs/airflow_etl/lib/python3.11/site-packages/airflow/example_dags/example_branch_operator.py for tasks to queue
[2025-07-11T11:16:29.117+0200] {logging_mixin.py:188} INFO - [2025-07-11T11:16:29.117+0200] {dagbag.py:545} INFO - Filling up the DagBag from /home/florent/Programs/anaconda3/envs/airflow_etl/lib/python3.11/site-packages/airflow/example_dags/example_branch_operator.py
[2025-07-11T11:16:29.127+0200] {processor.py:840} INFO - DAG(s) 'example_branch_operator' retrieved from /home/florent/Programs/anaconda3/envs/airflow_etl/lib/python3.11/site-packages/airflow/example_dags/example_branch_operator.py
[2025-07-11T11:16:29.182+0200] {logging_mixin.py:188} INFO - [2025-07-11T11:16:29.182+0200] {dag.py:3096} INFO - Sync 1 DAGs
[2025-07-11T11:16:29.191+0200] {logging_mixin.py:188} INFO - [2025-07-11T11:16:29.190+0200] {dag.py:3954} INFO - Setting next_dagrun for example_branch_operator to 2025-07-10 00:00:00+00:00, run_after=2025-07-11 00:00:00+00:00
[2025-07-11T11:16:29.202+0200] {processor.py:183} INFO - Processing /home/florent/Programs/anaconda3/envs/airflow_etl/lib/python3.11/site-packages/airflow/example_dags/example_branch_operator.py took 0.090 seconds
[2025-07-11T11:18:21.091+0200] {processor.py:161} INFO - Started process (PID=54277) to work on /home/florent/Programs/anaconda3/envs/airflow_etl/lib/python3.11/site-packages/airflow/example_dags/example_branch_operator.py
[2025-07-11T11:18:21.094+0200] {processor.py:830} INFO - Processing file /home/florent/Programs/anaconda3/envs/airflow_etl/lib/python3.11/site-packages/airflow/example_dags/example_branch_operator.py for tasks to queue
[2025-07-11T11:18:21.096+0200] {logging_mixin.py:188} INFO - [2025-07-11T11:18:21.095+0200] {dagbag.py:545} INFO - Filling up the DagBag from /home/florent/Programs/anaconda3/envs/airflow_etl/lib/python3.11/site-packages/airflow/example_dags/example_branch_operator.py
[2025-07-11T11:18:21.111+0200] {processor.py:840} INFO - DAG(s) 'example_branch_operator' retrieved from /home/florent/Programs/anaconda3/envs/airflow_etl/lib/python3.11/site-packages/airflow/example_dags/example_branch_operator.py
[2025-07-11T11:18:21.159+0200] {logging_mixin.py:188} INFO - [2025-07-11T11:18:21.159+0200] {dag.py:3096} INFO - Sync 1 DAGs
[2025-07-11T11:18:21.167+0200] {logging_mixin.py:188} INFO - [2025-07-11T11:18:21.167+0200] {dag.py:3954} INFO - Setting next_dagrun for example_branch_operator to 2025-07-10 00:00:00+00:00, run_after=2025-07-11 00:00:00+00:00
[2025-07-11T11:18:21.178+0200] {processor.py:183} INFO - Processing /home/florent/Programs/anaconda3/envs/airflow_etl/lib/python3.11/site-packages/airflow/example_dags/example_branch_operator.py took 0.092 seconds
[2025-07-11T11:19:10.143+0200] {processor.py:161} INFO - Started process (PID=54840) to work on /home/florent/Programs/anaconda3/envs/airflow_etl/lib/python3.11/site-packages/airflow/example_dags/example_branch_operator.py
[2025-07-11T11:19:10.146+0200] {processor.py:830} INFO - Processing file /home/florent/Programs/anaconda3/envs/airflow_etl/lib/python3.11/site-packages/airflow/example_dags/example_branch_operator.py for tasks to queue
[2025-07-11T11:19:10.148+0200] {logging_mixin.py:188} INFO - [2025-07-11T11:19:10.147+0200] {dagbag.py:545} INFO - Filling up the DagBag from /home/florent/Programs/anaconda3/envs/airflow_etl/lib/python3.11/site-packages/airflow/example_dags/example_branch_operator.py
[2025-07-11T11:19:10.166+0200] {processor.py:840} INFO - DAG(s) 'example_branch_operator' retrieved from /home/florent/Programs/anaconda3/envs/airflow_etl/lib/python3.11/site-packages/airflow/example_dags/example_branch_operator.py
[2025-07-11T11:19:10.182+0200] {logging_mixin.py:188} INFO - [2025-07-11T11:19:10.182+0200] {dag.py:3096} INFO - Sync 1 DAGs
[2025-07-11T11:19:10.193+0200] {logging_mixin.py:188} INFO - [2025-07-11T11:19:10.193+0200] {dag.py:3954} INFO - Setting next_dagrun for example_branch_operator to 2025-07-10 00:00:00+00:00, run_after=2025-07-11 00:00:00+00:00
[2025-07-11T11:19:10.204+0200] {processor.py:183} INFO - Processing /home/florent/Programs/anaconda3/envs/airflow_etl/lib/python3.11/site-packages/airflow/example_dags/example_branch_operator.py took 0.067 seconds
[2025-07-11T11:20:16.315+0200] {processor.py:161} INFO - Started process (PID=55513) to work on /home/florent/Programs/anaconda3/envs/airflow_etl/lib/python3.11/site-packages/airflow/example_dags/example_branch_operator.py
[2025-07-11T11:20:16.317+0200] {processor.py:830} INFO - Processing file /home/florent/Programs/anaconda3/envs/airflow_etl/lib/python3.11/site-packages/airflow/example_dags/example_branch_operator.py for tasks to queue
[2025-07-11T11:20:16.318+0200] {logging_mixin.py:188} INFO - [2025-07-11T11:20:16.318+0200] {dagbag.py:545} INFO - Filling up the DagBag from /home/florent/Programs/anaconda3/envs/airflow_etl/lib/python3.11/site-packages/airflow/example_dags/example_branch_operator.py
[2025-07-11T11:20:16.327+0200] {processor.py:840} INFO - DAG(s) 'example_branch_operator' retrieved from /home/florent/Programs/anaconda3/envs/airflow_etl/lib/python3.11/site-packages/airflow/example_dags/example_branch_operator.py
[2025-07-11T11:20:16.339+0200] {logging_mixin.py:188} INFO - [2025-07-11T11:20:16.338+0200] {dag.py:3096} INFO - Sync 1 DAGs
[2025-07-11T11:20:16.348+0200] {logging_mixin.py:188} INFO - [2025-07-11T11:20:16.348+0200] {dag.py:3954} INFO - Setting next_dagrun for example_branch_operator to 2025-07-10 00:00:00+00:00, run_after=2025-07-11 00:00:00+00:00
[2025-07-11T11:20:16.359+0200] {processor.py:183} INFO - Processing /home/florent/Programs/anaconda3/envs/airflow_etl/lib/python3.11/site-packages/airflow/example_dags/example_branch_operator.py took 0.047 seconds
[2025-07-11T11:21:20.985+0200] {processor.py:161} INFO - Started process (PID=56231) to work on /home/florent/Programs/anaconda3/envs/airflow_etl/lib/python3.11/site-packages/airflow/example_dags/example_branch_operator.py
[2025-07-11T11:21:20.988+0200] {processor.py:830} INFO - Processing file /home/florent/Programs/anaconda3/envs/airflow_etl/lib/python3.11/site-packages/airflow/example_dags/example_branch_operator.py for tasks to queue
[2025-07-11T11:21:20.989+0200] {logging_mixin.py:188} INFO - [2025-07-11T11:21:20.989+0200] {dagbag.py:545} INFO - Filling up the DagBag from /home/florent/Programs/anaconda3/envs/airflow_etl/lib/python3.11/site-packages/airflow/example_dags/example_branch_operator.py
[2025-07-11T11:21:21.004+0200] {processor.py:840} INFO - DAG(s) 'example_branch_operator' retrieved from /home/florent/Programs/anaconda3/envs/airflow_etl/lib/python3.11/site-packages/airflow/example_dags/example_branch_operator.py
[2025-07-11T11:21:21.016+0200] {logging_mixin.py:188} INFO - [2025-07-11T11:21:21.016+0200] {dag.py:3096} INFO - Sync 1 DAGs
[2025-07-11T11:21:21.026+0200] {logging_mixin.py:188} INFO - [2025-07-11T11:21:21.026+0200] {dag.py:3954} INFO - Setting next_dagrun for example_branch_operator to 2025-07-10 00:00:00+00:00, run_after=2025-07-11 00:00:00+00:00
[2025-07-11T11:21:21.038+0200] {processor.py:183} INFO - Processing /home/florent/Programs/anaconda3/envs/airflow_etl/lib/python3.11/site-packages/airflow/example_dags/example_branch_operator.py took 0.059 seconds
[2025-07-11T11:22:28.165+0200] {processor.py:161} INFO - Started process (PID=56893) to work on /home/florent/Programs/anaconda3/envs/airflow_etl/lib/python3.11/site-packages/airflow/example_dags/example_branch_operator.py
[2025-07-11T11:22:28.167+0200] {processor.py:830} INFO - Processing file /home/florent/Programs/anaconda3/envs/airflow_etl/lib/python3.11/site-packages/airflow/example_dags/example_branch_operator.py for tasks to queue
[2025-07-11T11:22:28.169+0200] {logging_mixin.py:188} INFO - [2025-07-11T11:22:28.168+0200] {dagbag.py:545} INFO - Filling up the DagBag from /home/florent/Programs/anaconda3/envs/airflow_etl/lib/python3.11/site-packages/airflow/example_dags/example_branch_operator.py
[2025-07-11T11:22:28.181+0200] {processor.py:840} INFO - DAG(s) 'example_branch_operator' retrieved from /home/florent/Programs/anaconda3/envs/airflow_etl/lib/python3.11/site-packages/airflow/example_dags/example_branch_operator.py
[2025-07-11T11:22:28.192+0200] {logging_mixin.py:188} INFO - [2025-07-11T11:22:28.192+0200] {dag.py:3096} INFO - Sync 1 DAGs
[2025-07-11T11:22:28.202+0200] {logging_mixin.py:188} INFO - [2025-07-11T11:22:28.202+0200] {dag.py:3954} INFO - Setting next_dagrun for example_branch_operator to 2025-07-10 00:00:00+00:00, run_after=2025-07-11 00:00:00+00:00
[2025-07-11T11:22:28.267+0200] {processor.py:183} INFO - Processing /home/florent/Programs/anaconda3/envs/airflow_etl/lib/python3.11/site-packages/airflow/example_dags/example_branch_operator.py took 0.108 seconds
[2025-07-11T11:23:36.388+0200] {processor.py:161} INFO - Started process (PID=57579) to work on /home/florent/Programs/anaconda3/envs/airflow_etl/lib/python3.11/site-packages/airflow/example_dags/example_branch_operator.py
[2025-07-11T11:23:36.390+0200] {processor.py:830} INFO - Processing file /home/florent/Programs/anaconda3/envs/airflow_etl/lib/python3.11/site-packages/airflow/example_dags/example_branch_operator.py for tasks to queue
[2025-07-11T11:23:36.391+0200] {logging_mixin.py:188} INFO - [2025-07-11T11:23:36.391+0200] {dagbag.py:545} INFO - Filling up the DagBag from /home/florent/Programs/anaconda3/envs/airflow_etl/lib/python3.11/site-packages/airflow/example_dags/example_branch_operator.py
[2025-07-11T11:23:36.401+0200] {processor.py:840} INFO - DAG(s) 'example_branch_operator' retrieved from /home/florent/Programs/anaconda3/envs/airflow_etl/lib/python3.11/site-packages/airflow/example_dags/example_branch_operator.py
[2025-07-11T11:23:36.413+0200] {logging_mixin.py:188} INFO - [2025-07-11T11:23:36.413+0200] {dag.py:3096} INFO - Sync 1 DAGs
[2025-07-11T11:23:36.424+0200] {logging_mixin.py:188} INFO - [2025-07-11T11:23:36.424+0200] {dag.py:3954} INFO - Setting next_dagrun for example_branch_operator to 2025-07-10 00:00:00+00:00, run_after=2025-07-11 00:00:00+00:00
[2025-07-11T11:23:36.436+0200] {processor.py:183} INFO - Processing /home/florent/Programs/anaconda3/envs/airflow_etl/lib/python3.11/site-packages/airflow/example_dags/example_branch_operator.py took 0.052 seconds
[2025-07-11T11:24:30.006+0200] {processor.py:161} INFO - Started process (PID=58110) to work on /home/florent/Programs/anaconda3/envs/airflow_etl/lib/python3.11/site-packages/airflow/example_dags/example_branch_operator.py
[2025-07-11T11:24:30.009+0200] {processor.py:830} INFO - Processing file /home/florent/Programs/anaconda3/envs/airflow_etl/lib/python3.11/site-packages/airflow/example_dags/example_branch_operator.py for tasks to queue
[2025-07-11T11:24:30.010+0200] {logging_mixin.py:188} INFO - [2025-07-11T11:24:30.010+0200] {dagbag.py:545} INFO - Filling up the DagBag from /home/florent/Programs/anaconda3/envs/airflow_etl/lib/python3.11/site-packages/airflow/example_dags/example_branch_operator.py
[2025-07-11T11:24:30.020+0200] {processor.py:840} INFO - DAG(s) 'example_branch_operator' retrieved from /home/florent/Programs/anaconda3/envs/airflow_etl/lib/python3.11/site-packages/airflow/example_dags/example_branch_operator.py
[2025-07-11T11:24:30.031+0200] {logging_mixin.py:188} INFO - [2025-07-11T11:24:30.031+0200] {dag.py:3096} INFO - Sync 1 DAGs
[2025-07-11T11:24:30.041+0200] {logging_mixin.py:188} INFO - [2025-07-11T11:24:30.041+0200] {dag.py:3954} INFO - Setting next_dagrun for example_branch_operator to 2025-07-10 00:00:00+00:00, run_after=2025-07-11 00:00:00+00:00
[2025-07-11T11:24:30.052+0200] {processor.py:183} INFO - Processing /home/florent/Programs/anaconda3/envs/airflow_etl/lib/python3.11/site-packages/airflow/example_dags/example_branch_operator.py took 0.051 seconds
[2025-07-11T11:25:38.019+0200] {processor.py:161} INFO - Started process (PID=58895) to work on /home/florent/Programs/anaconda3/envs/airflow_etl/lib/python3.11/site-packages/airflow/example_dags/example_branch_operator.py
[2025-07-11T11:25:38.021+0200] {processor.py:830} INFO - Processing file /home/florent/Programs/anaconda3/envs/airflow_etl/lib/python3.11/site-packages/airflow/example_dags/example_branch_operator.py for tasks to queue
[2025-07-11T11:25:38.023+0200] {logging_mixin.py:188} INFO - [2025-07-11T11:25:38.023+0200] {dagbag.py:545} INFO - Filling up the DagBag from /home/florent/Programs/anaconda3/envs/airflow_etl/lib/python3.11/site-packages/airflow/example_dags/example_branch_operator.py
[2025-07-11T11:25:38.041+0200] {processor.py:840} INFO - DAG(s) 'example_branch_operator' retrieved from /home/florent/Programs/anaconda3/envs/airflow_etl/lib/python3.11/site-packages/airflow/example_dags/example_branch_operator.py
[2025-07-11T11:25:38.055+0200] {logging_mixin.py:188} INFO - [2025-07-11T11:25:38.055+0200] {dag.py:3096} INFO - Sync 1 DAGs
[2025-07-11T11:25:38.067+0200] {logging_mixin.py:188} INFO - [2025-07-11T11:25:38.067+0200] {dag.py:3954} INFO - Setting next_dagrun for example_branch_operator to 2025-07-10 00:00:00+00:00, run_after=2025-07-11 00:00:00+00:00
[2025-07-11T11:25:38.080+0200] {processor.py:183} INFO - Processing /home/florent/Programs/anaconda3/envs/airflow_etl/lib/python3.11/site-packages/airflow/example_dags/example_branch_operator.py took 0.066 seconds
[2025-07-11T11:26:43.710+0200] {processor.py:161} INFO - Started process (PID=59601) to work on /home/florent/Programs/anaconda3/envs/airflow_etl/lib/python3.11/site-packages/airflow/example_dags/example_branch_operator.py
[2025-07-11T11:26:43.713+0200] {processor.py:830} INFO - Processing file /home/florent/Programs/anaconda3/envs/airflow_etl/lib/python3.11/site-packages/airflow/example_dags/example_branch_operator.py for tasks to queue
[2025-07-11T11:26:43.715+0200] {logging_mixin.py:188} INFO - [2025-07-11T11:26:43.714+0200] {dagbag.py:545} INFO - Filling up the DagBag from /home/florent/Programs/anaconda3/envs/airflow_etl/lib/python3.11/site-packages/airflow/example_dags/example_branch_operator.py
[2025-07-11T11:26:43.737+0200] {processor.py:840} INFO - DAG(s) 'example_branch_operator' retrieved from /home/florent/Programs/anaconda3/envs/airflow_etl/lib/python3.11/site-packages/airflow/example_dags/example_branch_operator.py
[2025-07-11T11:26:43.751+0200] {logging_mixin.py:188} INFO - [2025-07-11T11:26:43.751+0200] {dag.py:3096} INFO - Sync 1 DAGs
[2025-07-11T11:26:43.761+0200] {logging_mixin.py:188} INFO - [2025-07-11T11:26:43.761+0200] {dag.py:3954} INFO - Setting next_dagrun for example_branch_operator to 2025-07-10 00:00:00+00:00, run_after=2025-07-11 00:00:00+00:00
[2025-07-11T11:26:43.772+0200] {processor.py:183} INFO - Processing /home/florent/Programs/anaconda3/envs/airflow_etl/lib/python3.11/site-packages/airflow/example_dags/example_branch_operator.py took 0.068 seconds
[2025-07-11T11:27:52.574+0200] {processor.py:161} INFO - Started process (PID=60349) to work on /home/florent/Programs/anaconda3/envs/airflow_etl/lib/python3.11/site-packages/airflow/example_dags/example_branch_operator.py
[2025-07-11T11:27:52.577+0200] {processor.py:830} INFO - Processing file /home/florent/Programs/anaconda3/envs/airflow_etl/lib/python3.11/site-packages/airflow/example_dags/example_branch_operator.py for tasks to queue
[2025-07-11T11:27:52.578+0200] {logging_mixin.py:188} INFO - [2025-07-11T11:27:52.578+0200] {dagbag.py:545} INFO - Filling up the DagBag from /home/florent/Programs/anaconda3/envs/airflow_etl/lib/python3.11/site-packages/airflow/example_dags/example_branch_operator.py
[2025-07-11T11:27:52.587+0200] {processor.py:840} INFO - DAG(s) 'example_branch_operator' retrieved from /home/florent/Programs/anaconda3/envs/airflow_etl/lib/python3.11/site-packages/airflow/example_dags/example_branch_operator.py
[2025-07-11T11:27:52.599+0200] {logging_mixin.py:188} INFO - [2025-07-11T11:27:52.599+0200] {dag.py:3096} INFO - Sync 1 DAGs
[2025-07-11T11:27:52.609+0200] {logging_mixin.py:188} INFO - [2025-07-11T11:27:52.609+0200] {dag.py:3954} INFO - Setting next_dagrun for example_branch_operator to 2025-07-10 00:00:00+00:00, run_after=2025-07-11 00:00:00+00:00
[2025-07-11T11:27:52.620+0200] {processor.py:183} INFO - Processing /home/florent/Programs/anaconda3/envs/airflow_etl/lib/python3.11/site-packages/airflow/example_dags/example_branch_operator.py took 0.050 seconds
[2025-07-11T11:28:55.117+0200] {processor.py:161} INFO - Started process (PID=61053) to work on /home/florent/Programs/anaconda3/envs/airflow_etl/lib/python3.11/site-packages/airflow/example_dags/example_branch_operator.py
[2025-07-11T11:28:55.119+0200] {processor.py:830} INFO - Processing file /home/florent/Programs/anaconda3/envs/airflow_etl/lib/python3.11/site-packages/airflow/example_dags/example_branch_operator.py for tasks to queue
[2025-07-11T11:28:55.120+0200] {logging_mixin.py:188} INFO - [2025-07-11T11:28:55.120+0200] {dagbag.py:545} INFO - Filling up the DagBag from /home/florent/Programs/anaconda3/envs/airflow_etl/lib/python3.11/site-packages/airflow/example_dags/example_branch_operator.py
[2025-07-11T11:28:55.130+0200] {processor.py:840} INFO - DAG(s) 'example_branch_operator' retrieved from /home/florent/Programs/anaconda3/envs/airflow_etl/lib/python3.11/site-packages/airflow/example_dags/example_branch_operator.py
[2025-07-11T11:28:55.143+0200] {logging_mixin.py:188} INFO - [2025-07-11T11:28:55.142+0200] {dag.py:3096} INFO - Sync 1 DAGs
[2025-07-11T11:28:55.154+0200] {logging_mixin.py:188} INFO - [2025-07-11T11:28:55.154+0200] {dag.py:3954} INFO - Setting next_dagrun for example_branch_operator to 2025-07-10 00:00:00+00:00, run_after=2025-07-11 00:00:00+00:00
[2025-07-11T11:28:55.164+0200] {processor.py:183} INFO - Processing /home/florent/Programs/anaconda3/envs/airflow_etl/lib/python3.11/site-packages/airflow/example_dags/example_branch_operator.py took 0.051 seconds
[2025-07-11T11:30:00.390+0200] {processor.py:161} INFO - Started process (PID=61717) to work on /home/florent/Programs/anaconda3/envs/airflow_etl/lib/python3.11/site-packages/airflow/example_dags/example_branch_operator.py
[2025-07-11T11:30:00.392+0200] {processor.py:830} INFO - Processing file /home/florent/Programs/anaconda3/envs/airflow_etl/lib/python3.11/site-packages/airflow/example_dags/example_branch_operator.py for tasks to queue
[2025-07-11T11:30:00.394+0200] {logging_mixin.py:188} INFO - [2025-07-11T11:30:00.394+0200] {dagbag.py:545} INFO - Filling up the DagBag from /home/florent/Programs/anaconda3/envs/airflow_etl/lib/python3.11/site-packages/airflow/example_dags/example_branch_operator.py
[2025-07-11T11:30:00.411+0200] {processor.py:840} INFO - DAG(s) 'example_branch_operator' retrieved from /home/florent/Programs/anaconda3/envs/airflow_etl/lib/python3.11/site-packages/airflow/example_dags/example_branch_operator.py
[2025-07-11T11:30:00.425+0200] {logging_mixin.py:188} INFO - [2025-07-11T11:30:00.425+0200] {dag.py:3096} INFO - Sync 1 DAGs
[2025-07-11T11:30:00.436+0200] {logging_mixin.py:188} INFO - [2025-07-11T11:30:00.436+0200] {dag.py:3954} INFO - Setting next_dagrun for example_branch_operator to 2025-07-10 00:00:00+00:00, run_after=2025-07-11 00:00:00+00:00
[2025-07-11T11:30:00.446+0200] {processor.py:183} INFO - Processing /home/florent/Programs/anaconda3/envs/airflow_etl/lib/python3.11/site-packages/airflow/example_dags/example_branch_operator.py took 0.062 seconds
[2025-07-11T11:31:01.086+0200] {processor.py:161} INFO - Started process (PID=62357) to work on /home/florent/Programs/anaconda3/envs/airflow_etl/lib/python3.11/site-packages/airflow/example_dags/example_branch_operator.py
[2025-07-11T11:31:01.088+0200] {processor.py:830} INFO - Processing file /home/florent/Programs/anaconda3/envs/airflow_etl/lib/python3.11/site-packages/airflow/example_dags/example_branch_operator.py for tasks to queue
[2025-07-11T11:31:01.089+0200] {logging_mixin.py:188} INFO - [2025-07-11T11:31:01.089+0200] {dagbag.py:545} INFO - Filling up the DagBag from /home/florent/Programs/anaconda3/envs/airflow_etl/lib/python3.11/site-packages/airflow/example_dags/example_branch_operator.py
[2025-07-11T11:31:01.098+0200] {processor.py:840} INFO - DAG(s) 'example_branch_operator' retrieved from /home/florent/Programs/anaconda3/envs/airflow_etl/lib/python3.11/site-packages/airflow/example_dags/example_branch_operator.py
[2025-07-11T11:31:01.109+0200] {logging_mixin.py:188} INFO - [2025-07-11T11:31:01.109+0200] {dag.py:3096} INFO - Sync 1 DAGs
[2025-07-11T11:31:01.120+0200] {logging_mixin.py:188} INFO - [2025-07-11T11:31:01.119+0200] {dag.py:3954} INFO - Setting next_dagrun for example_branch_operator to 2025-07-10 00:00:00+00:00, run_after=2025-07-11 00:00:00+00:00
[2025-07-11T11:31:01.131+0200] {processor.py:183} INFO - Processing /home/florent/Programs/anaconda3/envs/airflow_etl/lib/python3.11/site-packages/airflow/example_dags/example_branch_operator.py took 0.048 seconds
[2025-07-11T11:32:08.186+0200] {processor.py:161} INFO - Started process (PID=63022) to work on /home/florent/Programs/anaconda3/envs/airflow_etl/lib/python3.11/site-packages/airflow/example_dags/example_branch_operator.py
[2025-07-11T11:32:08.188+0200] {processor.py:830} INFO - Processing file /home/florent/Programs/anaconda3/envs/airflow_etl/lib/python3.11/site-packages/airflow/example_dags/example_branch_operator.py for tasks to queue
[2025-07-11T11:32:08.190+0200] {logging_mixin.py:188} INFO - [2025-07-11T11:32:08.190+0200] {dagbag.py:545} INFO - Filling up the DagBag from /home/florent/Programs/anaconda3/envs/airflow_etl/lib/python3.11/site-packages/airflow/example_dags/example_branch_operator.py
[2025-07-11T11:32:08.206+0200] {processor.py:840} INFO - DAG(s) 'example_branch_operator' retrieved from /home/florent/Programs/anaconda3/envs/airflow_etl/lib/python3.11/site-packages/airflow/example_dags/example_branch_operator.py
[2025-07-11T11:32:08.220+0200] {logging_mixin.py:188} INFO - [2025-07-11T11:32:08.220+0200] {dag.py:3096} INFO - Sync 1 DAGs
[2025-07-11T11:32:08.236+0200] {logging_mixin.py:188} INFO - [2025-07-11T11:32:08.235+0200] {dag.py:3954} INFO - Setting next_dagrun for example_branch_operator to 2025-07-10 00:00:00+00:00, run_after=2025-07-11 00:00:00+00:00
[2025-07-11T11:32:08.250+0200] {processor.py:183} INFO - Processing /home/florent/Programs/anaconda3/envs/airflow_etl/lib/python3.11/site-packages/airflow/example_dags/example_branch_operator.py took 0.070 seconds
[2025-07-11T11:33:11.634+0200] {processor.py:161} INFO - Started process (PID=63859) to work on /home/florent/Programs/anaconda3/envs/airflow_etl/lib/python3.11/site-packages/airflow/example_dags/example_branch_operator.py
[2025-07-11T11:33:11.637+0200] {processor.py:830} INFO - Processing file /home/florent/Programs/anaconda3/envs/airflow_etl/lib/python3.11/site-packages/airflow/example_dags/example_branch_operator.py for tasks to queue
[2025-07-11T11:33:11.638+0200] {logging_mixin.py:188} INFO - [2025-07-11T11:33:11.638+0200] {dagbag.py:545} INFO - Filling up the DagBag from /home/florent/Programs/anaconda3/envs/airflow_etl/lib/python3.11/site-packages/airflow/example_dags/example_branch_operator.py
[2025-07-11T11:33:11.647+0200] {processor.py:840} INFO - DAG(s) 'example_branch_operator' retrieved from /home/florent/Programs/anaconda3/envs/airflow_etl/lib/python3.11/site-packages/airflow/example_dags/example_branch_operator.py
[2025-07-11T11:33:11.659+0200] {logging_mixin.py:188} INFO - [2025-07-11T11:33:11.659+0200] {dag.py:3096} INFO - Sync 1 DAGs
[2025-07-11T11:33:11.669+0200] {logging_mixin.py:188} INFO - [2025-07-11T11:33:11.669+0200] {dag.py:3954} INFO - Setting next_dagrun for example_branch_operator to 2025-07-10 00:00:00+00:00, run_after=2025-07-11 00:00:00+00:00
[2025-07-11T11:33:11.680+0200] {processor.py:183} INFO - Processing /home/florent/Programs/anaconda3/envs/airflow_etl/lib/python3.11/site-packages/airflow/example_dags/example_branch_operator.py took 0.049 seconds
[2025-07-11T11:34:16.420+0200] {processor.py:161} INFO - Started process (PID=64487) to work on /home/florent/Programs/anaconda3/envs/airflow_etl/lib/python3.11/site-packages/airflow/example_dags/example_branch_operator.py
[2025-07-11T11:34:16.423+0200] {processor.py:830} INFO - Processing file /home/florent/Programs/anaconda3/envs/airflow_etl/lib/python3.11/site-packages/airflow/example_dags/example_branch_operator.py for tasks to queue
[2025-07-11T11:34:16.423+0200] {logging_mixin.py:188} INFO - [2025-07-11T11:34:16.423+0200] {dagbag.py:545} INFO - Filling up the DagBag from /home/florent/Programs/anaconda3/envs/airflow_etl/lib/python3.11/site-packages/airflow/example_dags/example_branch_operator.py
[2025-07-11T11:34:16.432+0200] {processor.py:840} INFO - DAG(s) 'example_branch_operator' retrieved from /home/florent/Programs/anaconda3/envs/airflow_etl/lib/python3.11/site-packages/airflow/example_dags/example_branch_operator.py
[2025-07-11T11:34:16.444+0200] {logging_mixin.py:188} INFO - [2025-07-11T11:34:16.444+0200] {dag.py:3096} INFO - Sync 1 DAGs
[2025-07-11T11:34:16.454+0200] {logging_mixin.py:188} INFO - [2025-07-11T11:34:16.454+0200] {dag.py:3954} INFO - Setting next_dagrun for example_branch_operator to 2025-07-10 00:00:00+00:00, run_after=2025-07-11 00:00:00+00:00
[2025-07-11T11:34:16.465+0200] {processor.py:183} INFO - Processing /home/florent/Programs/anaconda3/envs/airflow_etl/lib/python3.11/site-packages/airflow/example_dags/example_branch_operator.py took 0.050 seconds
[2025-07-11T11:35:24.075+0200] {processor.py:161} INFO - Started process (PID=65164) to work on /home/florent/Programs/anaconda3/envs/airflow_etl/lib/python3.11/site-packages/airflow/example_dags/example_branch_operator.py
[2025-07-11T11:35:24.078+0200] {processor.py:830} INFO - Processing file /home/florent/Programs/anaconda3/envs/airflow_etl/lib/python3.11/site-packages/airflow/example_dags/example_branch_operator.py for tasks to queue
[2025-07-11T11:35:24.079+0200] {logging_mixin.py:188} INFO - [2025-07-11T11:35:24.079+0200] {dagbag.py:545} INFO - Filling up the DagBag from /home/florent/Programs/anaconda3/envs/airflow_etl/lib/python3.11/site-packages/airflow/example_dags/example_branch_operator.py
[2025-07-11T11:35:24.095+0200] {processor.py:840} INFO - DAG(s) 'example_branch_operator' retrieved from /home/florent/Programs/anaconda3/envs/airflow_etl/lib/python3.11/site-packages/airflow/example_dags/example_branch_operator.py
[2025-07-11T11:35:24.110+0200] {logging_mixin.py:188} INFO - [2025-07-11T11:35:24.110+0200] {dag.py:3096} INFO - Sync 1 DAGs
[2025-07-11T11:35:24.122+0200] {logging_mixin.py:188} INFO - [2025-07-11T11:35:24.122+0200] {dag.py:3954} INFO - Setting next_dagrun for example_branch_operator to 2025-07-10 00:00:00+00:00, run_after=2025-07-11 00:00:00+00:00
[2025-07-11T11:35:24.135+0200] {processor.py:183} INFO - Processing /home/florent/Programs/anaconda3/envs/airflow_etl/lib/python3.11/site-packages/airflow/example_dags/example_branch_operator.py took 0.066 seconds
[2025-07-11T11:36:23.654+0200] {processor.py:161} INFO - Started process (PID=65852) to work on /home/florent/Programs/anaconda3/envs/airflow_etl/lib/python3.11/site-packages/airflow/example_dags/example_branch_operator.py
[2025-07-11T11:36:23.657+0200] {processor.py:830} INFO - Processing file /home/florent/Programs/anaconda3/envs/airflow_etl/lib/python3.11/site-packages/airflow/example_dags/example_branch_operator.py for tasks to queue
[2025-07-11T11:36:23.658+0200] {logging_mixin.py:188} INFO - [2025-07-11T11:36:23.658+0200] {dagbag.py:545} INFO - Filling up the DagBag from /home/florent/Programs/anaconda3/envs/airflow_etl/lib/python3.11/site-packages/airflow/example_dags/example_branch_operator.py
[2025-07-11T11:36:23.669+0200] {processor.py:840} INFO - DAG(s) 'example_branch_operator' retrieved from /home/florent/Programs/anaconda3/envs/airflow_etl/lib/python3.11/site-packages/airflow/example_dags/example_branch_operator.py
[2025-07-11T11:36:23.680+0200] {logging_mixin.py:188} INFO - [2025-07-11T11:36:23.680+0200] {dag.py:3096} INFO - Sync 1 DAGs
[2025-07-11T11:36:23.690+0200] {logging_mixin.py:188} INFO - [2025-07-11T11:36:23.690+0200] {dag.py:3954} INFO - Setting next_dagrun for example_branch_operator to 2025-07-10 00:00:00+00:00, run_after=2025-07-11 00:00:00+00:00
[2025-07-11T11:36:23.700+0200] {processor.py:183} INFO - Processing /home/florent/Programs/anaconda3/envs/airflow_etl/lib/python3.11/site-packages/airflow/example_dags/example_branch_operator.py took 0.051 seconds
[2025-07-11T11:37:30.641+0200] {processor.py:161} INFO - Started process (PID=66575) to work on /home/florent/Programs/anaconda3/envs/airflow_etl/lib/python3.11/site-packages/airflow/example_dags/example_branch_operator.py
[2025-07-11T11:37:30.642+0200] {processor.py:830} INFO - Processing file /home/florent/Programs/anaconda3/envs/airflow_etl/lib/python3.11/site-packages/airflow/example_dags/example_branch_operator.py for tasks to queue
[2025-07-11T11:37:30.644+0200] {logging_mixin.py:188} INFO - [2025-07-11T11:37:30.643+0200] {dagbag.py:545} INFO - Filling up the DagBag from /home/florent/Programs/anaconda3/envs/airflow_etl/lib/python3.11/site-packages/airflow/example_dags/example_branch_operator.py
[2025-07-11T11:37:30.658+0200] {processor.py:840} INFO - DAG(s) 'example_branch_operator' retrieved from /home/florent/Programs/anaconda3/envs/airflow_etl/lib/python3.11/site-packages/airflow/example_dags/example_branch_operator.py
[2025-07-11T11:37:30.676+0200] {logging_mixin.py:188} INFO - [2025-07-11T11:37:30.676+0200] {dag.py:3096} INFO - Sync 1 DAGs
[2025-07-11T11:37:30.692+0200] {logging_mixin.py:188} INFO - [2025-07-11T11:37:30.692+0200] {dag.py:3954} INFO - Setting next_dagrun for example_branch_operator to 2025-07-10 00:00:00+00:00, run_after=2025-07-11 00:00:00+00:00
[2025-07-11T11:37:30.704+0200] {processor.py:183} INFO - Processing /home/florent/Programs/anaconda3/envs/airflow_etl/lib/python3.11/site-packages/airflow/example_dags/example_branch_operator.py took 0.070 seconds
[2025-07-11T11:38:36.415+0200] {processor.py:161} INFO - Started process (PID=67218) to work on /home/florent/Programs/anaconda3/envs/airflow_etl/lib/python3.11/site-packages/airflow/example_dags/example_branch_operator.py
[2025-07-11T11:38:36.418+0200] {processor.py:830} INFO - Processing file /home/florent/Programs/anaconda3/envs/airflow_etl/lib/python3.11/site-packages/airflow/example_dags/example_branch_operator.py for tasks to queue
[2025-07-11T11:38:36.420+0200] {logging_mixin.py:188} INFO - [2025-07-11T11:38:36.419+0200] {dagbag.py:545} INFO - Filling up the DagBag from /home/florent/Programs/anaconda3/envs/airflow_etl/lib/python3.11/site-packages/airflow/example_dags/example_branch_operator.py
[2025-07-11T11:38:36.438+0200] {processor.py:840} INFO - DAG(s) 'example_branch_operator' retrieved from /home/florent/Programs/anaconda3/envs/airflow_etl/lib/python3.11/site-packages/airflow/example_dags/example_branch_operator.py
[2025-07-11T11:38:36.452+0200] {logging_mixin.py:188} INFO - [2025-07-11T11:38:36.452+0200] {dag.py:3096} INFO - Sync 1 DAGs
[2025-07-11T11:38:36.462+0200] {logging_mixin.py:188} INFO - [2025-07-11T11:38:36.462+0200] {dag.py:3954} INFO - Setting next_dagrun for example_branch_operator to 2025-07-10 00:00:00+00:00, run_after=2025-07-11 00:00:00+00:00
[2025-07-11T11:38:36.473+0200] {processor.py:183} INFO - Processing /home/florent/Programs/anaconda3/envs/airflow_etl/lib/python3.11/site-packages/airflow/example_dags/example_branch_operator.py took 0.065 seconds
[2025-07-11T11:39:44.279+0200] {processor.py:161} INFO - Started process (PID=67990) to work on /home/florent/Programs/anaconda3/envs/airflow_etl/lib/python3.11/site-packages/airflow/example_dags/example_branch_operator.py
[2025-07-11T11:39:44.283+0200] {processor.py:830} INFO - Processing file /home/florent/Programs/anaconda3/envs/airflow_etl/lib/python3.11/site-packages/airflow/example_dags/example_branch_operator.py for tasks to queue
[2025-07-11T11:39:44.284+0200] {logging_mixin.py:188} INFO - [2025-07-11T11:39:44.284+0200] {dagbag.py:545} INFO - Filling up the DagBag from /home/florent/Programs/anaconda3/envs/airflow_etl/lib/python3.11/site-packages/airflow/example_dags/example_branch_operator.py
[2025-07-11T11:39:44.300+0200] {processor.py:840} INFO - DAG(s) 'example_branch_operator' retrieved from /home/florent/Programs/anaconda3/envs/airflow_etl/lib/python3.11/site-packages/airflow/example_dags/example_branch_operator.py
[2025-07-11T11:39:44.321+0200] {logging_mixin.py:188} INFO - [2025-07-11T11:39:44.321+0200] {dag.py:3096} INFO - Sync 1 DAGs
[2025-07-11T11:39:44.339+0200] {logging_mixin.py:188} INFO - [2025-07-11T11:39:44.338+0200] {dag.py:3954} INFO - Setting next_dagrun for example_branch_operator to 2025-07-10 00:00:00+00:00, run_after=2025-07-11 00:00:00+00:00
[2025-07-11T11:39:44.350+0200] {processor.py:183} INFO - Processing /home/florent/Programs/anaconda3/envs/airflow_etl/lib/python3.11/site-packages/airflow/example_dags/example_branch_operator.py took 0.076 seconds
[2025-07-11T11:40:51.434+0200] {processor.py:161} INFO - Started process (PID=68694) to work on /home/florent/Programs/anaconda3/envs/airflow_etl/lib/python3.11/site-packages/airflow/example_dags/example_branch_operator.py
[2025-07-11T11:40:51.437+0200] {processor.py:830} INFO - Processing file /home/florent/Programs/anaconda3/envs/airflow_etl/lib/python3.11/site-packages/airflow/example_dags/example_branch_operator.py for tasks to queue
[2025-07-11T11:40:51.439+0200] {logging_mixin.py:188} INFO - [2025-07-11T11:40:51.438+0200] {dagbag.py:545} INFO - Filling up the DagBag from /home/florent/Programs/anaconda3/envs/airflow_etl/lib/python3.11/site-packages/airflow/example_dags/example_branch_operator.py
[2025-07-11T11:40:51.454+0200] {processor.py:840} INFO - DAG(s) 'example_branch_operator' retrieved from /home/florent/Programs/anaconda3/envs/airflow_etl/lib/python3.11/site-packages/airflow/example_dags/example_branch_operator.py
[2025-07-11T11:40:51.467+0200] {logging_mixin.py:188} INFO - [2025-07-11T11:40:51.467+0200] {dag.py:3096} INFO - Sync 1 DAGs
[2025-07-11T11:40:51.478+0200] {logging_mixin.py:188} INFO - [2025-07-11T11:40:51.478+0200] {dag.py:3954} INFO - Setting next_dagrun for example_branch_operator to 2025-07-10 00:00:00+00:00, run_after=2025-07-11 00:00:00+00:00
[2025-07-11T11:40:51.490+0200] {processor.py:183} INFO - Processing /home/florent/Programs/anaconda3/envs/airflow_etl/lib/python3.11/site-packages/airflow/example_dags/example_branch_operator.py took 0.063 seconds
[2025-07-11T11:41:55.142+0200] {processor.py:161} INFO - Started process (PID=69346) to work on /home/florent/Programs/anaconda3/envs/airflow_etl/lib/python3.11/site-packages/airflow/example_dags/example_branch_operator.py
[2025-07-11T11:41:55.145+0200] {processor.py:830} INFO - Processing file /home/florent/Programs/anaconda3/envs/airflow_etl/lib/python3.11/site-packages/airflow/example_dags/example_branch_operator.py for tasks to queue
[2025-07-11T11:41:55.146+0200] {logging_mixin.py:188} INFO - [2025-07-11T11:41:55.146+0200] {dagbag.py:545} INFO - Filling up the DagBag from /home/florent/Programs/anaconda3/envs/airflow_etl/lib/python3.11/site-packages/airflow/example_dags/example_branch_operator.py
[2025-07-11T11:41:55.157+0200] {processor.py:840} INFO - DAG(s) 'example_branch_operator' retrieved from /home/florent/Programs/anaconda3/envs/airflow_etl/lib/python3.11/site-packages/airflow/example_dags/example_branch_operator.py
[2025-07-11T11:41:55.173+0200] {logging_mixin.py:188} INFO - [2025-07-11T11:41:55.173+0200] {dag.py:3096} INFO - Sync 1 DAGs
[2025-07-11T11:41:55.185+0200] {logging_mixin.py:188} INFO - [2025-07-11T11:41:55.185+0200] {dag.py:3954} INFO - Setting next_dagrun for example_branch_operator to 2025-07-10 00:00:00+00:00, run_after=2025-07-11 00:00:00+00:00
[2025-07-11T11:41:55.198+0200] {processor.py:183} INFO - Processing /home/florent/Programs/anaconda3/envs/airflow_etl/lib/python3.11/site-packages/airflow/example_dags/example_branch_operator.py took 0.061 seconds
[2025-07-11T11:42:58.672+0200] {processor.py:161} INFO - Started process (PID=70177) to work on /home/florent/Programs/anaconda3/envs/airflow_etl/lib/python3.11/site-packages/airflow/example_dags/example_branch_operator.py
[2025-07-11T11:42:58.675+0200] {processor.py:830} INFO - Processing file /home/florent/Programs/anaconda3/envs/airflow_etl/lib/python3.11/site-packages/airflow/example_dags/example_branch_operator.py for tasks to queue
[2025-07-11T11:42:58.676+0200] {logging_mixin.py:188} INFO - [2025-07-11T11:42:58.676+0200] {dagbag.py:545} INFO - Filling up the DagBag from /home/florent/Programs/anaconda3/envs/airflow_etl/lib/python3.11/site-packages/airflow/example_dags/example_branch_operator.py
[2025-07-11T11:42:58.694+0200] {processor.py:840} INFO - DAG(s) 'example_branch_operator' retrieved from /home/florent/Programs/anaconda3/envs/airflow_etl/lib/python3.11/site-packages/airflow/example_dags/example_branch_operator.py
[2025-07-11T11:42:58.709+0200] {logging_mixin.py:188} INFO - [2025-07-11T11:42:58.709+0200] {dag.py:3096} INFO - Sync 1 DAGs
[2025-07-11T11:42:58.720+0200] {logging_mixin.py:188} INFO - [2025-07-11T11:42:58.720+0200] {dag.py:3954} INFO - Setting next_dagrun for example_branch_operator to 2025-07-10 00:00:00+00:00, run_after=2025-07-11 00:00:00+00:00
[2025-07-11T11:42:58.734+0200] {processor.py:183} INFO - Processing /home/florent/Programs/anaconda3/envs/airflow_etl/lib/python3.11/site-packages/airflow/example_dags/example_branch_operator.py took 0.069 seconds
[2025-07-11T11:44:02.742+0200] {processor.py:161} INFO - Started process (PID=70926) to work on /home/florent/Programs/anaconda3/envs/airflow_etl/lib/python3.11/site-packages/airflow/example_dags/example_branch_operator.py
[2025-07-11T11:44:02.744+0200] {processor.py:830} INFO - Processing file /home/florent/Programs/anaconda3/envs/airflow_etl/lib/python3.11/site-packages/airflow/example_dags/example_branch_operator.py for tasks to queue
[2025-07-11T11:44:02.746+0200] {logging_mixin.py:188} INFO - [2025-07-11T11:44:02.746+0200] {dagbag.py:545} INFO - Filling up the DagBag from /home/florent/Programs/anaconda3/envs/airflow_etl/lib/python3.11/site-packages/airflow/example_dags/example_branch_operator.py
[2025-07-11T11:44:02.763+0200] {processor.py:840} INFO - DAG(s) 'example_branch_operator' retrieved from /home/florent/Programs/anaconda3/envs/airflow_etl/lib/python3.11/site-packages/airflow/example_dags/example_branch_operator.py
[2025-07-11T11:44:02.785+0200] {logging_mixin.py:188} INFO - [2025-07-11T11:44:02.784+0200] {dag.py:3096} INFO - Sync 1 DAGs
[2025-07-11T11:44:02.803+0200] {logging_mixin.py:188} INFO - [2025-07-11T11:44:02.803+0200] {dag.py:3954} INFO - Setting next_dagrun for example_branch_operator to 2025-07-10 00:00:00+00:00, run_after=2025-07-11 00:00:00+00:00
[2025-07-11T11:44:02.824+0200] {processor.py:183} INFO - Processing /home/florent/Programs/anaconda3/envs/airflow_etl/lib/python3.11/site-packages/airflow/example_dags/example_branch_operator.py took 0.088 seconds
[2025-07-11T11:45:13.154+0200] {processor.py:161} INFO - Started process (PID=71762) to work on /home/florent/Programs/anaconda3/envs/airflow_etl/lib/python3.11/site-packages/airflow/example_dags/example_branch_operator.py
[2025-07-11T11:45:13.157+0200] {processor.py:830} INFO - Processing file /home/florent/Programs/anaconda3/envs/airflow_etl/lib/python3.11/site-packages/airflow/example_dags/example_branch_operator.py for tasks to queue
[2025-07-11T11:45:13.159+0200] {logging_mixin.py:188} INFO - [2025-07-11T11:45:13.159+0200] {dagbag.py:545} INFO - Filling up the DagBag from /home/florent/Programs/anaconda3/envs/airflow_etl/lib/python3.11/site-packages/airflow/example_dags/example_branch_operator.py
[2025-07-11T11:45:13.174+0200] {processor.py:840} INFO - DAG(s) 'example_branch_operator' retrieved from /home/florent/Programs/anaconda3/envs/airflow_etl/lib/python3.11/site-packages/airflow/example_dags/example_branch_operator.py
[2025-07-11T11:45:13.189+0200] {logging_mixin.py:188} INFO - [2025-07-11T11:45:13.189+0200] {dag.py:3096} INFO - Sync 1 DAGs
[2025-07-11T11:45:13.200+0200] {logging_mixin.py:188} INFO - [2025-07-11T11:45:13.200+0200] {dag.py:3954} INFO - Setting next_dagrun for example_branch_operator to 2025-07-10 00:00:00+00:00, run_after=2025-07-11 00:00:00+00:00
[2025-07-11T11:45:13.211+0200] {processor.py:183} INFO - Processing /home/florent/Programs/anaconda3/envs/airflow_etl/lib/python3.11/site-packages/airflow/example_dags/example_branch_operator.py took 0.063 seconds
[2025-07-11T11:46:17.480+0200] {processor.py:161} INFO - Started process (PID=72524) to work on /home/florent/Programs/anaconda3/envs/airflow_etl/lib/python3.11/site-packages/airflow/example_dags/example_branch_operator.py
[2025-07-11T11:46:17.483+0200] {processor.py:830} INFO - Processing file /home/florent/Programs/anaconda3/envs/airflow_etl/lib/python3.11/site-packages/airflow/example_dags/example_branch_operator.py for tasks to queue
[2025-07-11T11:46:17.484+0200] {logging_mixin.py:188} INFO - [2025-07-11T11:46:17.484+0200] {dagbag.py:545} INFO - Filling up the DagBag from /home/florent/Programs/anaconda3/envs/airflow_etl/lib/python3.11/site-packages/airflow/example_dags/example_branch_operator.py
[2025-07-11T11:46:17.495+0200] {processor.py:840} INFO - DAG(s) 'example_branch_operator' retrieved from /home/florent/Programs/anaconda3/envs/airflow_etl/lib/python3.11/site-packages/airflow/example_dags/example_branch_operator.py
[2025-07-11T11:46:17.508+0200] {logging_mixin.py:188} INFO - [2025-07-11T11:46:17.508+0200] {dag.py:3096} INFO - Sync 1 DAGs
[2025-07-11T11:46:17.520+0200] {logging_mixin.py:188} INFO - [2025-07-11T11:46:17.520+0200] {dag.py:3954} INFO - Setting next_dagrun for example_branch_operator to 2025-07-10 00:00:00+00:00, run_after=2025-07-11 00:00:00+00:00
[2025-07-11T11:46:17.534+0200] {processor.py:183} INFO - Processing /home/florent/Programs/anaconda3/envs/airflow_etl/lib/python3.11/site-packages/airflow/example_dags/example_branch_operator.py took 0.057 seconds
[2025-07-11T11:47:18.765+0200] {processor.py:161} INFO - Started process (PID=73122) to work on /home/florent/Programs/anaconda3/envs/airflow_etl/lib/python3.11/site-packages/airflow/example_dags/example_branch_operator.py
[2025-07-11T11:47:18.767+0200] {processor.py:830} INFO - Processing file /home/florent/Programs/anaconda3/envs/airflow_etl/lib/python3.11/site-packages/airflow/example_dags/example_branch_operator.py for tasks to queue
[2025-07-11T11:47:18.769+0200] {logging_mixin.py:188} INFO - [2025-07-11T11:47:18.768+0200] {dagbag.py:545} INFO - Filling up the DagBag from /home/florent/Programs/anaconda3/envs/airflow_etl/lib/python3.11/site-packages/airflow/example_dags/example_branch_operator.py
[2025-07-11T11:47:18.779+0200] {processor.py:840} INFO - DAG(s) 'example_branch_operator' retrieved from /home/florent/Programs/anaconda3/envs/airflow_etl/lib/python3.11/site-packages/airflow/example_dags/example_branch_operator.py
[2025-07-11T11:47:18.790+0200] {logging_mixin.py:188} INFO - [2025-07-11T11:47:18.790+0200] {dag.py:3096} INFO - Sync 1 DAGs
[2025-07-11T11:47:18.799+0200] {logging_mixin.py:188} INFO - [2025-07-11T11:47:18.799+0200] {dag.py:3954} INFO - Setting next_dagrun for example_branch_operator to 2025-07-10 00:00:00+00:00, run_after=2025-07-11 00:00:00+00:00
[2025-07-11T11:47:18.809+0200] {processor.py:183} INFO - Processing /home/florent/Programs/anaconda3/envs/airflow_etl/lib/python3.11/site-packages/airflow/example_dags/example_branch_operator.py took 0.047 seconds
[2025-07-11T11:48:23.007+0200] {processor.py:161} INFO - Started process (PID=73821) to work on /home/florent/Programs/anaconda3/envs/airflow_etl/lib/python3.11/site-packages/airflow/example_dags/example_branch_operator.py
[2025-07-11T11:48:23.009+0200] {processor.py:830} INFO - Processing file /home/florent/Programs/anaconda3/envs/airflow_etl/lib/python3.11/site-packages/airflow/example_dags/example_branch_operator.py for tasks to queue
[2025-07-11T11:48:23.010+0200] {logging_mixin.py:188} INFO - [2025-07-11T11:48:23.010+0200] {dagbag.py:545} INFO - Filling up the DagBag from /home/florent/Programs/anaconda3/envs/airflow_etl/lib/python3.11/site-packages/airflow/example_dags/example_branch_operator.py
[2025-07-11T11:48:23.019+0200] {processor.py:840} INFO - DAG(s) 'example_branch_operator' retrieved from /home/florent/Programs/anaconda3/envs/airflow_etl/lib/python3.11/site-packages/airflow/example_dags/example_branch_operator.py
[2025-07-11T11:48:23.032+0200] {logging_mixin.py:188} INFO - [2025-07-11T11:48:23.032+0200] {dag.py:3096} INFO - Sync 1 DAGs
[2025-07-11T11:48:23.042+0200] {logging_mixin.py:188} INFO - [2025-07-11T11:48:23.042+0200] {dag.py:3954} INFO - Setting next_dagrun for example_branch_operator to 2025-07-10 00:00:00+00:00, run_after=2025-07-11 00:00:00+00:00
[2025-07-11T11:48:23.054+0200] {processor.py:183} INFO - Processing /home/florent/Programs/anaconda3/envs/airflow_etl/lib/python3.11/site-packages/airflow/example_dags/example_branch_operator.py took 0.050 seconds
[2025-07-11T11:49:26.824+0200] {processor.py:161} INFO - Started process (PID=74430) to work on /home/florent/Programs/anaconda3/envs/airflow_etl/lib/python3.11/site-packages/airflow/example_dags/example_branch_operator.py
[2025-07-11T11:49:26.828+0200] {processor.py:830} INFO - Processing file /home/florent/Programs/anaconda3/envs/airflow_etl/lib/python3.11/site-packages/airflow/example_dags/example_branch_operator.py for tasks to queue
[2025-07-11T11:49:26.830+0200] {logging_mixin.py:188} INFO - [2025-07-11T11:49:26.830+0200] {dagbag.py:545} INFO - Filling up the DagBag from /home/florent/Programs/anaconda3/envs/airflow_etl/lib/python3.11/site-packages/airflow/example_dags/example_branch_operator.py
[2025-07-11T11:49:26.850+0200] {processor.py:840} INFO - DAG(s) 'example_branch_operator' retrieved from /home/florent/Programs/anaconda3/envs/airflow_etl/lib/python3.11/site-packages/airflow/example_dags/example_branch_operator.py
[2025-07-11T11:49:26.866+0200] {logging_mixin.py:188} INFO - [2025-07-11T11:49:26.866+0200] {dag.py:3096} INFO - Sync 1 DAGs
[2025-07-11T11:49:26.877+0200] {logging_mixin.py:188} INFO - [2025-07-11T11:49:26.877+0200] {dag.py:3954} INFO - Setting next_dagrun for example_branch_operator to 2025-07-10 00:00:00+00:00, run_after=2025-07-11 00:00:00+00:00
[2025-07-11T11:49:26.889+0200] {processor.py:183} INFO - Processing /home/florent/Programs/anaconda3/envs/airflow_etl/lib/python3.11/site-packages/airflow/example_dags/example_branch_operator.py took 0.072 seconds
[2025-07-11T11:50:34.470+0200] {processor.py:161} INFO - Started process (PID=75144) to work on /home/florent/Programs/anaconda3/envs/airflow_etl/lib/python3.11/site-packages/airflow/example_dags/example_branch_operator.py
[2025-07-11T11:50:34.473+0200] {processor.py:830} INFO - Processing file /home/florent/Programs/anaconda3/envs/airflow_etl/lib/python3.11/site-packages/airflow/example_dags/example_branch_operator.py for tasks to queue
[2025-07-11T11:50:34.475+0200] {logging_mixin.py:188} INFO - [2025-07-11T11:50:34.474+0200] {dagbag.py:545} INFO - Filling up the DagBag from /home/florent/Programs/anaconda3/envs/airflow_etl/lib/python3.11/site-packages/airflow/example_dags/example_branch_operator.py
[2025-07-11T11:50:34.489+0200] {processor.py:840} INFO - DAG(s) 'example_branch_operator' retrieved from /home/florent/Programs/anaconda3/envs/airflow_etl/lib/python3.11/site-packages/airflow/example_dags/example_branch_operator.py
[2025-07-11T11:50:34.503+0200] {logging_mixin.py:188} INFO - [2025-07-11T11:50:34.503+0200] {dag.py:3096} INFO - Sync 1 DAGs
[2025-07-11T11:50:34.514+0200] {logging_mixin.py:188} INFO - [2025-07-11T11:50:34.514+0200] {dag.py:3954} INFO - Setting next_dagrun for example_branch_operator to 2025-07-10 00:00:00+00:00, run_after=2025-07-11 00:00:00+00:00
[2025-07-11T11:50:34.526+0200] {processor.py:183} INFO - Processing /home/florent/Programs/anaconda3/envs/airflow_etl/lib/python3.11/site-packages/airflow/example_dags/example_branch_operator.py took 0.062 seconds
[2025-07-11T11:51:42.326+0200] {processor.py:161} INFO - Started process (PID=75804) to work on /home/florent/Programs/anaconda3/envs/airflow_etl/lib/python3.11/site-packages/airflow/example_dags/example_branch_operator.py
[2025-07-11T11:51:42.329+0200] {processor.py:830} INFO - Processing file /home/florent/Programs/anaconda3/envs/airflow_etl/lib/python3.11/site-packages/airflow/example_dags/example_branch_operator.py for tasks to queue
[2025-07-11T11:51:42.331+0200] {logging_mixin.py:188} INFO - [2025-07-11T11:51:42.330+0200] {dagbag.py:545} INFO - Filling up the DagBag from /home/florent/Programs/anaconda3/envs/airflow_etl/lib/python3.11/site-packages/airflow/example_dags/example_branch_operator.py
[2025-07-11T11:51:42.344+0200] {processor.py:840} INFO - DAG(s) 'example_branch_operator' retrieved from /home/florent/Programs/anaconda3/envs/airflow_etl/lib/python3.11/site-packages/airflow/example_dags/example_branch_operator.py
[2025-07-11T11:51:42.358+0200] {logging_mixin.py:188} INFO - [2025-07-11T11:51:42.358+0200] {dag.py:3096} INFO - Sync 1 DAGs
[2025-07-11T11:51:42.370+0200] {logging_mixin.py:188} INFO - [2025-07-11T11:51:42.370+0200] {dag.py:3954} INFO - Setting next_dagrun for example_branch_operator to 2025-07-10 00:00:00+00:00, run_after=2025-07-11 00:00:00+00:00
[2025-07-11T11:51:42.383+0200] {processor.py:183} INFO - Processing /home/florent/Programs/anaconda3/envs/airflow_etl/lib/python3.11/site-packages/airflow/example_dags/example_branch_operator.py took 0.063 seconds
[2025-07-11T11:52:45.667+0200] {processor.py:161} INFO - Started process (PID=76454) to work on /home/florent/Programs/anaconda3/envs/airflow_etl/lib/python3.11/site-packages/airflow/example_dags/example_branch_operator.py
[2025-07-11T11:52:45.670+0200] {processor.py:830} INFO - Processing file /home/florent/Programs/anaconda3/envs/airflow_etl/lib/python3.11/site-packages/airflow/example_dags/example_branch_operator.py for tasks to queue
[2025-07-11T11:52:45.672+0200] {logging_mixin.py:188} INFO - [2025-07-11T11:52:45.671+0200] {dagbag.py:545} INFO - Filling up the DagBag from /home/florent/Programs/anaconda3/envs/airflow_etl/lib/python3.11/site-packages/airflow/example_dags/example_branch_operator.py
[2025-07-11T11:52:45.688+0200] {processor.py:840} INFO - DAG(s) 'example_branch_operator' retrieved from /home/florent/Programs/anaconda3/envs/airflow_etl/lib/python3.11/site-packages/airflow/example_dags/example_branch_operator.py
[2025-07-11T11:52:45.702+0200] {logging_mixin.py:188} INFO - [2025-07-11T11:52:45.702+0200] {dag.py:3096} INFO - Sync 1 DAGs
[2025-07-11T11:52:45.713+0200] {logging_mixin.py:188} INFO - [2025-07-11T11:52:45.713+0200] {dag.py:3954} INFO - Setting next_dagrun for example_branch_operator to 2025-07-10 00:00:00+00:00, run_after=2025-07-11 00:00:00+00:00
[2025-07-11T11:52:45.725+0200] {processor.py:183} INFO - Processing /home/florent/Programs/anaconda3/envs/airflow_etl/lib/python3.11/site-packages/airflow/example_dags/example_branch_operator.py took 0.063 seconds
[2025-07-11T11:53:49.096+0200] {processor.py:161} INFO - Started process (PID=77090) to work on /home/florent/Programs/anaconda3/envs/airflow_etl/lib/python3.11/site-packages/airflow/example_dags/example_branch_operator.py
[2025-07-11T11:53:49.099+0200] {processor.py:830} INFO - Processing file /home/florent/Programs/anaconda3/envs/airflow_etl/lib/python3.11/site-packages/airflow/example_dags/example_branch_operator.py for tasks to queue
[2025-07-11T11:53:49.101+0200] {logging_mixin.py:188} INFO - [2025-07-11T11:53:49.100+0200] {dagbag.py:545} INFO - Filling up the DagBag from /home/florent/Programs/anaconda3/envs/airflow_etl/lib/python3.11/site-packages/airflow/example_dags/example_branch_operator.py
[2025-07-11T11:53:49.119+0200] {processor.py:840} INFO - DAG(s) 'example_branch_operator' retrieved from /home/florent/Programs/anaconda3/envs/airflow_etl/lib/python3.11/site-packages/airflow/example_dags/example_branch_operator.py
[2025-07-11T11:53:49.134+0200] {logging_mixin.py:188} INFO - [2025-07-11T11:53:49.134+0200] {dag.py:3096} INFO - Sync 1 DAGs
[2025-07-11T11:53:49.146+0200] {logging_mixin.py:188} INFO - [2025-07-11T11:53:49.145+0200] {dag.py:3954} INFO - Setting next_dagrun for example_branch_operator to 2025-07-10 00:00:00+00:00, run_after=2025-07-11 00:00:00+00:00
[2025-07-11T11:53:49.157+0200] {processor.py:183} INFO - Processing /home/florent/Programs/anaconda3/envs/airflow_etl/lib/python3.11/site-packages/airflow/example_dags/example_branch_operator.py took 0.067 seconds
[2025-07-11T11:54:59.380+0200] {processor.py:161} INFO - Started process (PID=77782) to work on /home/florent/Programs/anaconda3/envs/airflow_etl/lib/python3.11/site-packages/airflow/example_dags/example_branch_operator.py
[2025-07-11T11:54:59.384+0200] {processor.py:830} INFO - Processing file /home/florent/Programs/anaconda3/envs/airflow_etl/lib/python3.11/site-packages/airflow/example_dags/example_branch_operator.py for tasks to queue
[2025-07-11T11:54:59.386+0200] {logging_mixin.py:188} INFO - [2025-07-11T11:54:59.385+0200] {dagbag.py:545} INFO - Filling up the DagBag from /home/florent/Programs/anaconda3/envs/airflow_etl/lib/python3.11/site-packages/airflow/example_dags/example_branch_operator.py
[2025-07-11T11:54:59.402+0200] {processor.py:840} INFO - DAG(s) 'example_branch_operator' retrieved from /home/florent/Programs/anaconda3/envs/airflow_etl/lib/python3.11/site-packages/airflow/example_dags/example_branch_operator.py
[2025-07-11T11:54:59.419+0200] {logging_mixin.py:188} INFO - [2025-07-11T11:54:59.419+0200] {dag.py:3096} INFO - Sync 1 DAGs
[2025-07-11T11:54:59.432+0200] {logging_mixin.py:188} INFO - [2025-07-11T11:54:59.431+0200] {dag.py:3954} INFO - Setting next_dagrun for example_branch_operator to 2025-07-10 00:00:00+00:00, run_after=2025-07-11 00:00:00+00:00
[2025-07-11T11:54:59.443+0200] {processor.py:183} INFO - Processing /home/florent/Programs/anaconda3/envs/airflow_etl/lib/python3.11/site-packages/airflow/example_dags/example_branch_operator.py took 0.070 seconds
[2025-07-11T11:56:01.122+0200] {processor.py:161} INFO - Started process (PID=78472) to work on /home/florent/Programs/anaconda3/envs/airflow_etl/lib/python3.11/site-packages/airflow/example_dags/example_branch_operator.py
[2025-07-11T11:56:01.124+0200] {processor.py:830} INFO - Processing file /home/florent/Programs/anaconda3/envs/airflow_etl/lib/python3.11/site-packages/airflow/example_dags/example_branch_operator.py for tasks to queue
[2025-07-11T11:56:01.125+0200] {logging_mixin.py:188} INFO - [2025-07-11T11:56:01.125+0200] {dagbag.py:545} INFO - Filling up the DagBag from /home/florent/Programs/anaconda3/envs/airflow_etl/lib/python3.11/site-packages/airflow/example_dags/example_branch_operator.py
[2025-07-11T11:56:01.137+0200] {processor.py:840} INFO - DAG(s) 'example_branch_operator' retrieved from /home/florent/Programs/anaconda3/envs/airflow_etl/lib/python3.11/site-packages/airflow/example_dags/example_branch_operator.py
[2025-07-11T11:56:01.152+0200] {logging_mixin.py:188} INFO - [2025-07-11T11:56:01.152+0200] {dag.py:3096} INFO - Sync 1 DAGs
[2025-07-11T11:56:01.165+0200] {logging_mixin.py:188} INFO - [2025-07-11T11:56:01.164+0200] {dag.py:3954} INFO - Setting next_dagrun for example_branch_operator to 2025-07-10 00:00:00+00:00, run_after=2025-07-11 00:00:00+00:00
[2025-07-11T11:56:01.177+0200] {processor.py:183} INFO - Processing /home/florent/Programs/anaconda3/envs/airflow_etl/lib/python3.11/site-packages/airflow/example_dags/example_branch_operator.py took 0.061 seconds
[2025-07-11T11:57:04.637+0200] {processor.py:161} INFO - Started process (PID=79116) to work on /home/florent/Programs/anaconda3/envs/airflow_etl/lib/python3.11/site-packages/airflow/example_dags/example_branch_operator.py
[2025-07-11T11:57:04.640+0200] {processor.py:830} INFO - Processing file /home/florent/Programs/anaconda3/envs/airflow_etl/lib/python3.11/site-packages/airflow/example_dags/example_branch_operator.py for tasks to queue
[2025-07-11T11:57:04.642+0200] {logging_mixin.py:188} INFO - [2025-07-11T11:57:04.642+0200] {dagbag.py:545} INFO - Filling up the DagBag from /home/florent/Programs/anaconda3/envs/airflow_etl/lib/python3.11/site-packages/airflow/example_dags/example_branch_operator.py
[2025-07-11T11:57:04.659+0200] {processor.py:840} INFO - DAG(s) 'example_branch_operator' retrieved from /home/florent/Programs/anaconda3/envs/airflow_etl/lib/python3.11/site-packages/airflow/example_dags/example_branch_operator.py
[2025-07-11T11:57:04.673+0200] {logging_mixin.py:188} INFO - [2025-07-11T11:57:04.673+0200] {dag.py:3096} INFO - Sync 1 DAGs
[2025-07-11T11:57:04.684+0200] {logging_mixin.py:188} INFO - [2025-07-11T11:57:04.684+0200] {dag.py:3954} INFO - Setting next_dagrun for example_branch_operator to 2025-07-10 00:00:00+00:00, run_after=2025-07-11 00:00:00+00:00
[2025-07-11T11:57:04.697+0200] {processor.py:183} INFO - Processing /home/florent/Programs/anaconda3/envs/airflow_etl/lib/python3.11/site-packages/airflow/example_dags/example_branch_operator.py took 0.066 seconds
[2025-07-11T11:58:09.698+0200] {processor.py:161} INFO - Started process (PID=79749) to work on /home/florent/Programs/anaconda3/envs/airflow_etl/lib/python3.11/site-packages/airflow/example_dags/example_branch_operator.py
[2025-07-11T11:58:09.700+0200] {processor.py:830} INFO - Processing file /home/florent/Programs/anaconda3/envs/airflow_etl/lib/python3.11/site-packages/airflow/example_dags/example_branch_operator.py for tasks to queue
[2025-07-11T11:58:09.702+0200] {logging_mixin.py:188} INFO - [2025-07-11T11:58:09.702+0200] {dagbag.py:545} INFO - Filling up the DagBag from /home/florent/Programs/anaconda3/envs/airflow_etl/lib/python3.11/site-packages/airflow/example_dags/example_branch_operator.py
[2025-07-11T11:58:09.721+0200] {processor.py:840} INFO - DAG(s) 'example_branch_operator' retrieved from /home/florent/Programs/anaconda3/envs/airflow_etl/lib/python3.11/site-packages/airflow/example_dags/example_branch_operator.py
[2025-07-11T11:58:09.736+0200] {logging_mixin.py:188} INFO - [2025-07-11T11:58:09.736+0200] {dag.py:3096} INFO - Sync 1 DAGs
[2025-07-11T11:58:09.747+0200] {logging_mixin.py:188} INFO - [2025-07-11T11:58:09.747+0200] {dag.py:3954} INFO - Setting next_dagrun for example_branch_operator to 2025-07-10 00:00:00+00:00, run_after=2025-07-11 00:00:00+00:00
[2025-07-11T11:58:09.759+0200] {processor.py:183} INFO - Processing /home/florent/Programs/anaconda3/envs/airflow_etl/lib/python3.11/site-packages/airflow/example_dags/example_branch_operator.py took 0.067 seconds
[2025-07-11T11:59:15.049+0200] {processor.py:161} INFO - Started process (PID=80418) to work on /home/florent/Programs/anaconda3/envs/airflow_etl/lib/python3.11/site-packages/airflow/example_dags/example_branch_operator.py
[2025-07-11T11:59:15.052+0200] {processor.py:830} INFO - Processing file /home/florent/Programs/anaconda3/envs/airflow_etl/lib/python3.11/site-packages/airflow/example_dags/example_branch_operator.py for tasks to queue
[2025-07-11T11:59:15.054+0200] {logging_mixin.py:188} INFO - [2025-07-11T11:59:15.054+0200] {dagbag.py:545} INFO - Filling up the DagBag from /home/florent/Programs/anaconda3/envs/airflow_etl/lib/python3.11/site-packages/airflow/example_dags/example_branch_operator.py
[2025-07-11T11:59:15.071+0200] {processor.py:840} INFO - DAG(s) 'example_branch_operator' retrieved from /home/florent/Programs/anaconda3/envs/airflow_etl/lib/python3.11/site-packages/airflow/example_dags/example_branch_operator.py
[2025-07-11T11:59:15.085+0200] {logging_mixin.py:188} INFO - [2025-07-11T11:59:15.085+0200] {dag.py:3096} INFO - Sync 1 DAGs
[2025-07-11T11:59:15.096+0200] {logging_mixin.py:188} INFO - [2025-07-11T11:59:15.096+0200] {dag.py:3954} INFO - Setting next_dagrun for example_branch_operator to 2025-07-10 00:00:00+00:00, run_after=2025-07-11 00:00:00+00:00
[2025-07-11T11:59:15.108+0200] {processor.py:183} INFO - Processing /home/florent/Programs/anaconda3/envs/airflow_etl/lib/python3.11/site-packages/airflow/example_dags/example_branch_operator.py took 0.065 seconds
[2025-07-11T12:00:25.607+0200] {processor.py:161} INFO - Started process (PID=81098) to work on /home/florent/Programs/anaconda3/envs/airflow_etl/lib/python3.11/site-packages/airflow/example_dags/example_branch_operator.py
[2025-07-11T12:00:25.610+0200] {processor.py:830} INFO - Processing file /home/florent/Programs/anaconda3/envs/airflow_etl/lib/python3.11/site-packages/airflow/example_dags/example_branch_operator.py for tasks to queue
[2025-07-11T12:00:25.612+0200] {logging_mixin.py:188} INFO - [2025-07-11T12:00:25.612+0200] {dagbag.py:545} INFO - Filling up the DagBag from /home/florent/Programs/anaconda3/envs/airflow_etl/lib/python3.11/site-packages/airflow/example_dags/example_branch_operator.py
[2025-07-11T12:00:25.632+0200] {processor.py:840} INFO - DAG(s) 'example_branch_operator' retrieved from /home/florent/Programs/anaconda3/envs/airflow_etl/lib/python3.11/site-packages/airflow/example_dags/example_branch_operator.py
[2025-07-11T12:00:25.647+0200] {logging_mixin.py:188} INFO - [2025-07-11T12:00:25.646+0200] {dag.py:3096} INFO - Sync 1 DAGs
[2025-07-11T12:00:25.658+0200] {logging_mixin.py:188} INFO - [2025-07-11T12:00:25.658+0200] {dag.py:3954} INFO - Setting next_dagrun for example_branch_operator to 2025-07-10 00:00:00+00:00, run_after=2025-07-11 00:00:00+00:00
[2025-07-11T12:00:25.669+0200] {processor.py:183} INFO - Processing /home/florent/Programs/anaconda3/envs/airflow_etl/lib/python3.11/site-packages/airflow/example_dags/example_branch_operator.py took 0.069 seconds
[2025-07-11T12:01:33.579+0200] {processor.py:161} INFO - Started process (PID=81822) to work on /home/florent/Programs/anaconda3/envs/airflow_etl/lib/python3.11/site-packages/airflow/example_dags/example_branch_operator.py
[2025-07-11T12:01:33.581+0200] {processor.py:830} INFO - Processing file /home/florent/Programs/anaconda3/envs/airflow_etl/lib/python3.11/site-packages/airflow/example_dags/example_branch_operator.py for tasks to queue
[2025-07-11T12:01:33.583+0200] {logging_mixin.py:188} INFO - [2025-07-11T12:01:33.583+0200] {dagbag.py:545} INFO - Filling up the DagBag from /home/florent/Programs/anaconda3/envs/airflow_etl/lib/python3.11/site-packages/airflow/example_dags/example_branch_operator.py
[2025-07-11T12:01:33.600+0200] {processor.py:840} INFO - DAG(s) 'example_branch_operator' retrieved from /home/florent/Programs/anaconda3/envs/airflow_etl/lib/python3.11/site-packages/airflow/example_dags/example_branch_operator.py
[2025-07-11T12:01:33.614+0200] {logging_mixin.py:188} INFO - [2025-07-11T12:01:33.614+0200] {dag.py:3096} INFO - Sync 1 DAGs
[2025-07-11T12:01:33.626+0200] {logging_mixin.py:188} INFO - [2025-07-11T12:01:33.626+0200] {dag.py:3954} INFO - Setting next_dagrun for example_branch_operator to 2025-07-10 00:00:00+00:00, run_after=2025-07-11 00:00:00+00:00
[2025-07-11T12:01:33.640+0200] {processor.py:183} INFO - Processing /home/florent/Programs/anaconda3/envs/airflow_etl/lib/python3.11/site-packages/airflow/example_dags/example_branch_operator.py took 0.066 seconds
[2025-07-11T12:02:32.723+0200] {processor.py:161} INFO - Started process (PID=82395) to work on /home/florent/Programs/anaconda3/envs/airflow_etl/lib/python3.11/site-packages/airflow/example_dags/example_branch_operator.py
[2025-07-11T12:02:32.726+0200] {processor.py:830} INFO - Processing file /home/florent/Programs/anaconda3/envs/airflow_etl/lib/python3.11/site-packages/airflow/example_dags/example_branch_operator.py for tasks to queue
[2025-07-11T12:02:32.727+0200] {logging_mixin.py:188} INFO - [2025-07-11T12:02:32.727+0200] {dagbag.py:545} INFO - Filling up the DagBag from /home/florent/Programs/anaconda3/envs/airflow_etl/lib/python3.11/site-packages/airflow/example_dags/example_branch_operator.py
[2025-07-11T12:02:32.739+0200] {processor.py:840} INFO - DAG(s) 'example_branch_operator' retrieved from /home/florent/Programs/anaconda3/envs/airflow_etl/lib/python3.11/site-packages/airflow/example_dags/example_branch_operator.py
[2025-07-11T12:02:32.754+0200] {logging_mixin.py:188} INFO - [2025-07-11T12:02:32.753+0200] {dag.py:3096} INFO - Sync 1 DAGs
[2025-07-11T12:02:32.765+0200] {logging_mixin.py:188} INFO - [2025-07-11T12:02:32.765+0200] {dag.py:3954} INFO - Setting next_dagrun for example_branch_operator to 2025-07-10 00:00:00+00:00, run_after=2025-07-11 00:00:00+00:00
[2025-07-11T12:02:32.777+0200] {processor.py:183} INFO - Processing /home/florent/Programs/anaconda3/envs/airflow_etl/lib/python3.11/site-packages/airflow/example_dags/example_branch_operator.py took 0.060 seconds
[2025-07-11T12:03:42.805+0200] {processor.py:161} INFO - Started process (PID=83109) to work on /home/florent/Programs/anaconda3/envs/airflow_etl/lib/python3.11/site-packages/airflow/example_dags/example_branch_operator.py
[2025-07-11T12:03:42.808+0200] {processor.py:830} INFO - Processing file /home/florent/Programs/anaconda3/envs/airflow_etl/lib/python3.11/site-packages/airflow/example_dags/example_branch_operator.py for tasks to queue
[2025-07-11T12:03:42.810+0200] {logging_mixin.py:188} INFO - [2025-07-11T12:03:42.809+0200] {dagbag.py:545} INFO - Filling up the DagBag from /home/florent/Programs/anaconda3/envs/airflow_etl/lib/python3.11/site-packages/airflow/example_dags/example_branch_operator.py
[2025-07-11T12:03:42.826+0200] {processor.py:840} INFO - DAG(s) 'example_branch_operator' retrieved from /home/florent/Programs/anaconda3/envs/airflow_etl/lib/python3.11/site-packages/airflow/example_dags/example_branch_operator.py
[2025-07-11T12:03:42.839+0200] {logging_mixin.py:188} INFO - [2025-07-11T12:03:42.839+0200] {dag.py:3096} INFO - Sync 1 DAGs
[2025-07-11T12:03:42.851+0200] {logging_mixin.py:188} INFO - [2025-07-11T12:03:42.851+0200] {dag.py:3954} INFO - Setting next_dagrun for example_branch_operator to 2025-07-10 00:00:00+00:00, run_after=2025-07-11 00:00:00+00:00
[2025-07-11T12:03:42.864+0200] {processor.py:183} INFO - Processing /home/florent/Programs/anaconda3/envs/airflow_etl/lib/python3.11/site-packages/airflow/example_dags/example_branch_operator.py took 0.064 seconds
[2025-07-11T12:04:46.173+0200] {processor.py:161} INFO - Started process (PID=83725) to work on /home/florent/Programs/anaconda3/envs/airflow_etl/lib/python3.11/site-packages/airflow/example_dags/example_branch_operator.py
[2025-07-11T12:04:46.176+0200] {processor.py:830} INFO - Processing file /home/florent/Programs/anaconda3/envs/airflow_etl/lib/python3.11/site-packages/airflow/example_dags/example_branch_operator.py for tasks to queue
[2025-07-11T12:04:46.178+0200] {logging_mixin.py:188} INFO - [2025-07-11T12:04:46.177+0200] {dagbag.py:545} INFO - Filling up the DagBag from /home/florent/Programs/anaconda3/envs/airflow_etl/lib/python3.11/site-packages/airflow/example_dags/example_branch_operator.py
[2025-07-11T12:04:46.190+0200] {processor.py:840} INFO - DAG(s) 'example_branch_operator' retrieved from /home/florent/Programs/anaconda3/envs/airflow_etl/lib/python3.11/site-packages/airflow/example_dags/example_branch_operator.py
[2025-07-11T12:04:46.204+0200] {logging_mixin.py:188} INFO - [2025-07-11T12:04:46.204+0200] {dag.py:3096} INFO - Sync 1 DAGs
[2025-07-11T12:04:46.215+0200] {logging_mixin.py:188} INFO - [2025-07-11T12:04:46.215+0200] {dag.py:3954} INFO - Setting next_dagrun for example_branch_operator to 2025-07-10 00:00:00+00:00, run_after=2025-07-11 00:00:00+00:00
[2025-07-11T12:04:46.227+0200] {processor.py:183} INFO - Processing /home/florent/Programs/anaconda3/envs/airflow_etl/lib/python3.11/site-packages/airflow/example_dags/example_branch_operator.py took 0.059 seconds
