[2025-07-11T11:03:52.338+0200] {processor.py:161} INFO - Started process (PID=42463) to work on /home/florent/Programs/anaconda3/envs/airflow_etl/lib/python3.11/site-packages/airflow/example_dags/example_sensors.py
[2025-07-11T11:03:52.338+0200] {processor.py:830} INFO - Processing file /home/florent/Programs/anaconda3/envs/airflow_etl/lib/python3.11/site-packages/airflow/example_dags/example_sensors.py for tasks to queue
[2025-07-11T11:03:52.339+0200] {logging_mixin.py:188} INFO - [2025-07-11T11:03:52.339+0200] {dagbag.py:545} INFO - Filling up the DagBag from /home/florent/Programs/anaconda3/envs/airflow_etl/lib/python3.11/site-packages/airflow/example_dags/example_sensors.py
[2025-07-11T11:03:52.343+0200] {processor.py:840} INFO - DAG(s) 'example_sensors' retrieved from /home/florent/Programs/anaconda3/envs/airflow_etl/lib/python3.11/site-packages/airflow/example_dags/example_sensors.py
[2025-07-11T11:03:52.388+0200] {logging_mixin.py:188} INFO - [2025-07-11T11:03:52.388+0200] {dag.py:3096} INFO - Sync 1 DAGs
[2025-07-11T11:03:52.393+0200] {logging_mixin.py:188} INFO - [2025-07-11T11:03:52.393+0200] {dag.py:3954} INFO - Setting next_dagrun for example_sensors to None, run_after=None
[2025-07-11T11:03:52.405+0200] {processor.py:183} INFO - Processing /home/florent/Programs/anaconda3/envs/airflow_etl/lib/python3.11/site-packages/airflow/example_dags/example_sensors.py took 0.072 seconds
[2025-07-11T11:04:59.598+0200] {processor.py:161} INFO - Started process (PID=43179) to work on /home/florent/Programs/anaconda3/envs/airflow_etl/lib/python3.11/site-packages/airflow/example_dags/example_sensors.py
[2025-07-11T11:04:59.601+0200] {processor.py:830} INFO - Processing file /home/florent/Programs/anaconda3/envs/airflow_etl/lib/python3.11/site-packages/airflow/example_dags/example_sensors.py for tasks to queue
[2025-07-11T11:04:59.602+0200] {logging_mixin.py:188} INFO - [2025-07-11T11:04:59.601+0200] {dagbag.py:545} INFO - Filling up the DagBag from /home/florent/Programs/anaconda3/envs/airflow_etl/lib/python3.11/site-packages/airflow/example_dags/example_sensors.py
[2025-07-11T11:04:59.612+0200] {processor.py:840} INFO - DAG(s) 'example_sensors' retrieved from /home/florent/Programs/anaconda3/envs/airflow_etl/lib/python3.11/site-packages/airflow/example_dags/example_sensors.py
[2025-07-11T11:04:59.629+0200] {logging_mixin.py:188} INFO - [2025-07-11T11:04:59.628+0200] {dag.py:3096} INFO - Sync 1 DAGs
[2025-07-11T11:04:59.634+0200] {logging_mixin.py:188} INFO - [2025-07-11T11:04:59.634+0200] {dag.py:3954} INFO - Setting next_dagrun for example_sensors to None, run_after=None
[2025-07-11T11:04:59.646+0200] {processor.py:183} INFO - Processing /home/florent/Programs/anaconda3/envs/airflow_etl/lib/python3.11/site-packages/airflow/example_dags/example_sensors.py took 0.053 seconds
[2025-07-11T11:05:50.553+0200] {processor.py:161} INFO - Started process (PID=43815) to work on /home/florent/Programs/anaconda3/envs/airflow_etl/lib/python3.11/site-packages/airflow/example_dags/example_sensors.py
[2025-07-11T11:05:50.556+0200] {processor.py:830} INFO - Processing file /home/florent/Programs/anaconda3/envs/airflow_etl/lib/python3.11/site-packages/airflow/example_dags/example_sensors.py for tasks to queue
[2025-07-11T11:05:50.557+0200] {logging_mixin.py:188} INFO - [2025-07-11T11:05:50.557+0200] {dagbag.py:545} INFO - Filling up the DagBag from /home/florent/Programs/anaconda3/envs/airflow_etl/lib/python3.11/site-packages/airflow/example_dags/example_sensors.py
[2025-07-11T11:05:50.564+0200] {processor.py:840} INFO - DAG(s) 'example_sensors' retrieved from /home/florent/Programs/anaconda3/envs/airflow_etl/lib/python3.11/site-packages/airflow/example_dags/example_sensors.py
[2025-07-11T11:05:50.574+0200] {logging_mixin.py:188} INFO - [2025-07-11T11:05:50.574+0200] {dag.py:3096} INFO - Sync 1 DAGs
[2025-07-11T11:05:50.579+0200] {logging_mixin.py:188} INFO - [2025-07-11T11:05:50.578+0200] {dag.py:3954} INFO - Setting next_dagrun for example_sensors to None, run_after=None
[2025-07-11T11:05:50.587+0200] {processor.py:183} INFO - Processing /home/florent/Programs/anaconda3/envs/airflow_etl/lib/python3.11/site-packages/airflow/example_dags/example_sensors.py took 0.040 seconds
[2025-07-11T11:06:50.189+0200] {processor.py:161} INFO - Started process (PID=44559) to work on /home/florent/Programs/anaconda3/envs/airflow_etl/lib/python3.11/site-packages/airflow/example_dags/example_sensors.py
[2025-07-11T11:06:50.192+0200] {processor.py:830} INFO - Processing file /home/florent/Programs/anaconda3/envs/airflow_etl/lib/python3.11/site-packages/airflow/example_dags/example_sensors.py for tasks to queue
[2025-07-11T11:06:50.193+0200] {logging_mixin.py:188} INFO - [2025-07-11T11:06:50.192+0200] {dagbag.py:545} INFO - Filling up the DagBag from /home/florent/Programs/anaconda3/envs/airflow_etl/lib/python3.11/site-packages/airflow/example_dags/example_sensors.py
[2025-07-11T11:06:50.201+0200] {processor.py:840} INFO - DAG(s) 'example_sensors' retrieved from /home/florent/Programs/anaconda3/envs/airflow_etl/lib/python3.11/site-packages/airflow/example_dags/example_sensors.py
[2025-07-11T11:06:50.287+0200] {logging_mixin.py:188} INFO - [2025-07-11T11:06:50.287+0200] {dag.py:3096} INFO - Sync 1 DAGs
[2025-07-11T11:06:50.292+0200] {logging_mixin.py:188} INFO - [2025-07-11T11:06:50.291+0200] {dag.py:3954} INFO - Setting next_dagrun for example_sensors to None, run_after=None
[2025-07-11T11:06:50.302+0200] {processor.py:183} INFO - Processing /home/florent/Programs/anaconda3/envs/airflow_etl/lib/python3.11/site-packages/airflow/example_dags/example_sensors.py took 0.120 seconds
[2025-07-11T11:08:01.766+0200] {processor.py:161} INFO - Started process (PID=45806) to work on /home/florent/Programs/anaconda3/envs/airflow_etl/lib/python3.11/site-packages/airflow/example_dags/example_sensors.py
[2025-07-11T11:08:01.769+0200] {processor.py:830} INFO - Processing file /home/florent/Programs/anaconda3/envs/airflow_etl/lib/python3.11/site-packages/airflow/example_dags/example_sensors.py for tasks to queue
[2025-07-11T11:08:01.770+0200] {logging_mixin.py:188} INFO - [2025-07-11T11:08:01.769+0200] {dagbag.py:545} INFO - Filling up the DagBag from /home/florent/Programs/anaconda3/envs/airflow_etl/lib/python3.11/site-packages/airflow/example_dags/example_sensors.py
[2025-07-11T11:08:01.780+0200] {processor.py:840} INFO - DAG(s) 'example_sensors' retrieved from /home/florent/Programs/anaconda3/envs/airflow_etl/lib/python3.11/site-packages/airflow/example_dags/example_sensors.py
[2025-07-11T11:08:01.793+0200] {logging_mixin.py:188} INFO - [2025-07-11T11:08:01.793+0200] {dag.py:3096} INFO - Sync 1 DAGs
[2025-07-11T11:08:01.799+0200] {logging_mixin.py:188} INFO - [2025-07-11T11:08:01.799+0200] {dag.py:3954} INFO - Setting next_dagrun for example_sensors to None, run_after=None
[2025-07-11T11:08:01.810+0200] {processor.py:183} INFO - Processing /home/florent/Programs/anaconda3/envs/airflow_etl/lib/python3.11/site-packages/airflow/example_dags/example_sensors.py took 0.050 seconds
[2025-07-11T11:09:03.480+0200] {processor.py:161} INFO - Started process (PID=46493) to work on /home/florent/Programs/anaconda3/envs/airflow_etl/lib/python3.11/site-packages/airflow/example_dags/example_sensors.py
[2025-07-11T11:09:03.483+0200] {processor.py:830} INFO - Processing file /home/florent/Programs/anaconda3/envs/airflow_etl/lib/python3.11/site-packages/airflow/example_dags/example_sensors.py for tasks to queue
[2025-07-11T11:09:03.484+0200] {logging_mixin.py:188} INFO - [2025-07-11T11:09:03.483+0200] {dagbag.py:545} INFO - Filling up the DagBag from /home/florent/Programs/anaconda3/envs/airflow_etl/lib/python3.11/site-packages/airflow/example_dags/example_sensors.py
[2025-07-11T11:09:03.496+0200] {processor.py:840} INFO - DAG(s) 'example_sensors' retrieved from /home/florent/Programs/anaconda3/envs/airflow_etl/lib/python3.11/site-packages/airflow/example_dags/example_sensors.py
[2025-07-11T11:09:03.506+0200] {logging_mixin.py:188} INFO - [2025-07-11T11:09:03.506+0200] {dag.py:3096} INFO - Sync 1 DAGs
[2025-07-11T11:09:03.511+0200] {logging_mixin.py:188} INFO - [2025-07-11T11:09:03.511+0200] {dag.py:3954} INFO - Setting next_dagrun for example_sensors to None, run_after=None
[2025-07-11T11:09:03.521+0200] {processor.py:183} INFO - Processing /home/florent/Programs/anaconda3/envs/airflow_etl/lib/python3.11/site-packages/airflow/example_dags/example_sensors.py took 0.046 seconds
[2025-07-11T11:10:04.051+0200] {processor.py:161} INFO - Started process (PID=47292) to work on /home/florent/Programs/anaconda3/envs/airflow_etl/lib/python3.11/site-packages/airflow/example_dags/example_sensors.py
[2025-07-11T11:10:04.053+0200] {processor.py:830} INFO - Processing file /home/florent/Programs/anaconda3/envs/airflow_etl/lib/python3.11/site-packages/airflow/example_dags/example_sensors.py for tasks to queue
[2025-07-11T11:10:04.055+0200] {logging_mixin.py:188} INFO - [2025-07-11T11:10:04.054+0200] {dagbag.py:545} INFO - Filling up the DagBag from /home/florent/Programs/anaconda3/envs/airflow_etl/lib/python3.11/site-packages/airflow/example_dags/example_sensors.py
[2025-07-11T11:10:04.066+0200] {processor.py:840} INFO - DAG(s) 'example_sensors' retrieved from /home/florent/Programs/anaconda3/envs/airflow_etl/lib/python3.11/site-packages/airflow/example_dags/example_sensors.py
[2025-07-11T11:10:04.080+0200] {logging_mixin.py:188} INFO - [2025-07-11T11:10:04.080+0200] {dag.py:3096} INFO - Sync 1 DAGs
[2025-07-11T11:10:04.087+0200] {logging_mixin.py:188} INFO - [2025-07-11T11:10:04.087+0200] {dag.py:3954} INFO - Setting next_dagrun for example_sensors to None, run_after=None
[2025-07-11T11:10:04.101+0200] {processor.py:183} INFO - Processing /home/florent/Programs/anaconda3/envs/airflow_etl/lib/python3.11/site-packages/airflow/example_dags/example_sensors.py took 0.056 seconds
[2025-07-11T11:11:10.569+0200] {processor.py:161} INFO - Started process (PID=48178) to work on /home/florent/Programs/anaconda3/envs/airflow_etl/lib/python3.11/site-packages/airflow/example_dags/example_sensors.py
[2025-07-11T11:11:10.572+0200] {processor.py:830} INFO - Processing file /home/florent/Programs/anaconda3/envs/airflow_etl/lib/python3.11/site-packages/airflow/example_dags/example_sensors.py for tasks to queue
[2025-07-11T11:11:10.573+0200] {logging_mixin.py:188} INFO - [2025-07-11T11:11:10.572+0200] {dagbag.py:545} INFO - Filling up the DagBag from /home/florent/Programs/anaconda3/envs/airflow_etl/lib/python3.11/site-packages/airflow/example_dags/example_sensors.py
[2025-07-11T11:11:10.584+0200] {processor.py:840} INFO - DAG(s) 'example_sensors' retrieved from /home/florent/Programs/anaconda3/envs/airflow_etl/lib/python3.11/site-packages/airflow/example_dags/example_sensors.py
[2025-07-11T11:11:10.597+0200] {logging_mixin.py:188} INFO - [2025-07-11T11:11:10.597+0200] {dag.py:3096} INFO - Sync 1 DAGs
[2025-07-11T11:11:10.603+0200] {logging_mixin.py:188} INFO - [2025-07-11T11:11:10.603+0200] {dag.py:3954} INFO - Setting next_dagrun for example_sensors to None, run_after=None
[2025-07-11T11:11:10.615+0200] {processor.py:183} INFO - Processing /home/florent/Programs/anaconda3/envs/airflow_etl/lib/python3.11/site-packages/airflow/example_dags/example_sensors.py took 0.053 seconds
[2025-07-11T11:12:20.479+0200] {processor.py:161} INFO - Started process (PID=49892) to work on /home/florent/Programs/anaconda3/envs/airflow_etl/lib/python3.11/site-packages/airflow/example_dags/example_sensors.py
[2025-07-11T11:12:20.482+0200] {processor.py:830} INFO - Processing file /home/florent/Programs/anaconda3/envs/airflow_etl/lib/python3.11/site-packages/airflow/example_dags/example_sensors.py for tasks to queue
[2025-07-11T11:12:20.483+0200] {logging_mixin.py:188} INFO - [2025-07-11T11:12:20.483+0200] {dagbag.py:545} INFO - Filling up the DagBag from /home/florent/Programs/anaconda3/envs/airflow_etl/lib/python3.11/site-packages/airflow/example_dags/example_sensors.py
[2025-07-11T11:12:20.492+0200] {processor.py:840} INFO - DAG(s) 'example_sensors' retrieved from /home/florent/Programs/anaconda3/envs/airflow_etl/lib/python3.11/site-packages/airflow/example_dags/example_sensors.py
[2025-07-11T11:12:20.505+0200] {logging_mixin.py:188} INFO - [2025-07-11T11:12:20.504+0200] {dag.py:3096} INFO - Sync 1 DAGs
[2025-07-11T11:12:20.510+0200] {logging_mixin.py:188} INFO - [2025-07-11T11:12:20.510+0200] {dag.py:3954} INFO - Setting next_dagrun for example_sensors to None, run_after=None
[2025-07-11T11:12:20.522+0200] {processor.py:183} INFO - Processing /home/florent/Programs/anaconda3/envs/airflow_etl/lib/python3.11/site-packages/airflow/example_dags/example_sensors.py took 0.049 seconds
[2025-07-11T11:13:27.354+0200] {processor.py:161} INFO - Started process (PID=50779) to work on /home/florent/Programs/anaconda3/envs/airflow_etl/lib/python3.11/site-packages/airflow/example_dags/example_sensors.py
[2025-07-11T11:13:27.357+0200] {processor.py:830} INFO - Processing file /home/florent/Programs/anaconda3/envs/airflow_etl/lib/python3.11/site-packages/airflow/example_dags/example_sensors.py for tasks to queue
[2025-07-11T11:13:27.358+0200] {logging_mixin.py:188} INFO - [2025-07-11T11:13:27.358+0200] {dagbag.py:545} INFO - Filling up the DagBag from /home/florent/Programs/anaconda3/envs/airflow_etl/lib/python3.11/site-packages/airflow/example_dags/example_sensors.py
[2025-07-11T11:13:27.369+0200] {processor.py:840} INFO - DAG(s) 'example_sensors' retrieved from /home/florent/Programs/anaconda3/envs/airflow_etl/lib/python3.11/site-packages/airflow/example_dags/example_sensors.py
[2025-07-11T11:13:27.383+0200] {logging_mixin.py:188} INFO - [2025-07-11T11:13:27.383+0200] {dag.py:3096} INFO - Sync 1 DAGs
[2025-07-11T11:13:27.389+0200] {logging_mixin.py:188} INFO - [2025-07-11T11:13:27.389+0200] {dag.py:3954} INFO - Setting next_dagrun for example_sensors to None, run_after=None
[2025-07-11T11:13:27.401+0200] {processor.py:183} INFO - Processing /home/florent/Programs/anaconda3/envs/airflow_etl/lib/python3.11/site-packages/airflow/example_dags/example_sensors.py took 0.052 seconds
[2025-07-11T11:13:33.241+0200] {processor.py:161} INFO - Started process (PID=50931) to work on /home/florent/Programs/anaconda3/envs/airflow_etl/lib/python3.11/site-packages/airflow/example_dags/example_sensors.py
[2025-07-11T11:13:33.242+0200] {processor.py:830} INFO - Processing file /home/florent/Programs/anaconda3/envs/airflow_etl/lib/python3.11/site-packages/airflow/example_dags/example_sensors.py for tasks to queue
[2025-07-11T11:13:33.243+0200] {logging_mixin.py:188} INFO - [2025-07-11T11:13:33.243+0200] {dagbag.py:545} INFO - Filling up the DagBag from /home/florent/Programs/anaconda3/envs/airflow_etl/lib/python3.11/site-packages/airflow/example_dags/example_sensors.py
[2025-07-11T11:13:33.248+0200] {processor.py:840} INFO - DAG(s) 'example_sensors' retrieved from /home/florent/Programs/anaconda3/envs/airflow_etl/lib/python3.11/site-packages/airflow/example_dags/example_sensors.py
[2025-07-11T11:13:33.262+0200] {logging_mixin.py:188} INFO - [2025-07-11T11:13:33.261+0200] {dag.py:3096} INFO - Sync 1 DAGs
[2025-07-11T11:13:33.268+0200] {logging_mixin.py:188} INFO - [2025-07-11T11:13:33.268+0200] {dag.py:3954} INFO - Setting next_dagrun for example_sensors to None, run_after=None
[2025-07-11T11:13:33.279+0200] {processor.py:183} INFO - Processing /home/florent/Programs/anaconda3/envs/airflow_etl/lib/python3.11/site-packages/airflow/example_dags/example_sensors.py took 0.043 seconds
[2025-07-11T11:14:24.582+0200] {processor.py:161} INFO - Started process (PID=51530) to work on /home/florent/Programs/anaconda3/envs/airflow_etl/lib/python3.11/site-packages/airflow/example_dags/example_sensors.py
[2025-07-11T11:14:24.584+0200] {processor.py:830} INFO - Processing file /home/florent/Programs/anaconda3/envs/airflow_etl/lib/python3.11/site-packages/airflow/example_dags/example_sensors.py for tasks to queue
[2025-07-11T11:14:24.585+0200] {logging_mixin.py:188} INFO - [2025-07-11T11:14:24.585+0200] {dagbag.py:545} INFO - Filling up the DagBag from /home/florent/Programs/anaconda3/envs/airflow_etl/lib/python3.11/site-packages/airflow/example_dags/example_sensors.py
[2025-07-11T11:14:24.594+0200] {processor.py:840} INFO - DAG(s) 'example_sensors' retrieved from /home/florent/Programs/anaconda3/envs/airflow_etl/lib/python3.11/site-packages/airflow/example_dags/example_sensors.py
[2025-07-11T11:14:24.610+0200] {logging_mixin.py:188} INFO - [2025-07-11T11:14:24.610+0200] {dag.py:3096} INFO - Sync 1 DAGs
[2025-07-11T11:14:24.615+0200] {logging_mixin.py:188} INFO - [2025-07-11T11:14:24.615+0200] {dag.py:3954} INFO - Setting next_dagrun for example_sensors to None, run_after=None
[2025-07-11T11:14:24.627+0200] {processor.py:183} INFO - Processing /home/florent/Programs/anaconda3/envs/airflow_etl/lib/python3.11/site-packages/airflow/example_dags/example_sensors.py took 0.051 seconds
[2025-07-11T11:14:31.927+0200] {processor.py:161} INFO - Started process (PID=51627) to work on /home/florent/Programs/anaconda3/envs/airflow_etl/lib/python3.11/site-packages/airflow/example_dags/example_sensors.py
[2025-07-11T11:14:31.930+0200] {processor.py:830} INFO - Processing file /home/florent/Programs/anaconda3/envs/airflow_etl/lib/python3.11/site-packages/airflow/example_dags/example_sensors.py for tasks to queue
[2025-07-11T11:14:31.931+0200] {logging_mixin.py:188} INFO - [2025-07-11T11:14:31.930+0200] {dagbag.py:545} INFO - Filling up the DagBag from /home/florent/Programs/anaconda3/envs/airflow_etl/lib/python3.11/site-packages/airflow/example_dags/example_sensors.py
[2025-07-11T11:14:31.939+0200] {processor.py:840} INFO - DAG(s) 'example_sensors' retrieved from /home/florent/Programs/anaconda3/envs/airflow_etl/lib/python3.11/site-packages/airflow/example_dags/example_sensors.py
[2025-07-11T11:14:31.950+0200] {logging_mixin.py:188} INFO - [2025-07-11T11:14:31.949+0200] {dag.py:3096} INFO - Sync 1 DAGs
[2025-07-11T11:14:31.954+0200] {logging_mixin.py:188} INFO - [2025-07-11T11:14:31.954+0200] {dag.py:3954} INFO - Setting next_dagrun for example_sensors to None, run_after=None
[2025-07-11T11:14:31.964+0200] {processor.py:183} INFO - Processing /home/florent/Programs/anaconda3/envs/airflow_etl/lib/python3.11/site-packages/airflow/example_dags/example_sensors.py took 0.043 seconds
[2025-07-11T11:15:31.333+0200] {processor.py:161} INFO - Started process (PID=52376) to work on /home/florent/Programs/anaconda3/envs/airflow_etl/lib/python3.11/site-packages/airflow/example_dags/example_sensors.py
[2025-07-11T11:15:31.335+0200] {processor.py:161} INFO - Started process (PID=52377) to work on /home/florent/Programs/anaconda3/envs/airflow_etl/lib/python3.11/site-packages/airflow/example_dags/example_sensors.py
[2025-07-11T11:15:31.335+0200] {processor.py:830} INFO - Processing file /home/florent/Programs/anaconda3/envs/airflow_etl/lib/python3.11/site-packages/airflow/example_dags/example_sensors.py for tasks to queue
[2025-07-11T11:15:31.336+0200] {logging_mixin.py:188} INFO - [2025-07-11T11:15:31.336+0200] {dagbag.py:545} INFO - Filling up the DagBag from /home/florent/Programs/anaconda3/envs/airflow_etl/lib/python3.11/site-packages/airflow/example_dags/example_sensors.py
[2025-07-11T11:15:31.335+0200] {processor.py:830} INFO - Processing file /home/florent/Programs/anaconda3/envs/airflow_etl/lib/python3.11/site-packages/airflow/example_dags/example_sensors.py for tasks to queue
[2025-07-11T11:15:31.337+0200] {logging_mixin.py:188} INFO - [2025-07-11T11:15:31.336+0200] {dagbag.py:545} INFO - Filling up the DagBag from /home/florent/Programs/anaconda3/envs/airflow_etl/lib/python3.11/site-packages/airflow/example_dags/example_sensors.py
[2025-07-11T11:15:31.341+0200] {processor.py:840} INFO - DAG(s) 'example_sensors' retrieved from /home/florent/Programs/anaconda3/envs/airflow_etl/lib/python3.11/site-packages/airflow/example_dags/example_sensors.py
[2025-07-11T11:15:31.341+0200] {processor.py:840} INFO - DAG(s) 'example_sensors' retrieved from /home/florent/Programs/anaconda3/envs/airflow_etl/lib/python3.11/site-packages/airflow/example_dags/example_sensors.py
[2025-07-11T11:15:31.352+0200] {logging_mixin.py:188} INFO - [2025-07-11T11:15:31.352+0200] {dag.py:3096} INFO - Sync 1 DAGs
[2025-07-11T11:15:31.352+0200] {logging_mixin.py:188} INFO - [2025-07-11T11:15:31.352+0200] {dag.py:3096} INFO - Sync 1 DAGs
[2025-07-11T11:15:31.357+0200] {logging_mixin.py:188} INFO - [2025-07-11T11:15:31.357+0200] {dag.py:3954} INFO - Setting next_dagrun for example_sensors to None, run_after=None
[2025-07-11T11:15:31.357+0200] {logging_mixin.py:188} INFO - [2025-07-11T11:15:31.357+0200] {dag.py:3954} INFO - Setting next_dagrun for example_sensors to None, run_after=None
[2025-07-11T11:15:31.370+0200] {processor.py:183} INFO - Processing /home/florent/Programs/anaconda3/envs/airflow_etl/lib/python3.11/site-packages/airflow/example_dags/example_sensors.py took 0.042 seconds
[2025-07-11T11:15:31.370+0200] {processor.py:183} INFO - Processing /home/florent/Programs/anaconda3/envs/airflow_etl/lib/python3.11/site-packages/airflow/example_dags/example_sensors.py took 0.040 seconds
[2025-07-11T11:16:32.062+0200] {processor.py:161} INFO - Started process (PID=53099) to work on /home/florent/Programs/anaconda3/envs/airflow_etl/lib/python3.11/site-packages/airflow/example_dags/example_sensors.py
[2025-07-11T11:16:32.063+0200] {processor.py:830} INFO - Processing file /home/florent/Programs/anaconda3/envs/airflow_etl/lib/python3.11/site-packages/airflow/example_dags/example_sensors.py for tasks to queue
[2025-07-11T11:16:32.063+0200] {logging_mixin.py:188} INFO - [2025-07-11T11:16:32.063+0200] {dagbag.py:545} INFO - Filling up the DagBag from /home/florent/Programs/anaconda3/envs/airflow_etl/lib/python3.11/site-packages/airflow/example_dags/example_sensors.py
[2025-07-11T11:16:32.071+0200] {processor.py:840} INFO - DAG(s) 'example_sensors' retrieved from /home/florent/Programs/anaconda3/envs/airflow_etl/lib/python3.11/site-packages/airflow/example_dags/example_sensors.py
[2025-07-11T11:16:32.093+0200] {logging_mixin.py:188} INFO - [2025-07-11T11:16:32.092+0200] {dag.py:3096} INFO - Sync 1 DAGs
[2025-07-11T11:16:32.101+0200] {logging_mixin.py:188} INFO - [2025-07-11T11:16:32.101+0200] {dag.py:3954} INFO - Setting next_dagrun for example_sensors to None, run_after=None
[2025-07-11T11:16:32.121+0200] {processor.py:183} INFO - Processing /home/florent/Programs/anaconda3/envs/airflow_etl/lib/python3.11/site-packages/airflow/example_dags/example_sensors.py took 0.063 seconds
[2025-07-11T11:16:33.054+0200] {processor.py:161} INFO - Started process (PID=53110) to work on /home/florent/Programs/anaconda3/envs/airflow_etl/lib/python3.11/site-packages/airflow/example_dags/example_sensors.py
[2025-07-11T11:16:33.055+0200] {processor.py:830} INFO - Processing file /home/florent/Programs/anaconda3/envs/airflow_etl/lib/python3.11/site-packages/airflow/example_dags/example_sensors.py for tasks to queue
[2025-07-11T11:16:33.057+0200] {logging_mixin.py:188} INFO - [2025-07-11T11:16:33.056+0200] {dagbag.py:545} INFO - Filling up the DagBag from /home/florent/Programs/anaconda3/envs/airflow_etl/lib/python3.11/site-packages/airflow/example_dags/example_sensors.py
[2025-07-11T11:16:33.065+0200] {processor.py:840} INFO - DAG(s) 'example_sensors' retrieved from /home/florent/Programs/anaconda3/envs/airflow_etl/lib/python3.11/site-packages/airflow/example_dags/example_sensors.py
[2025-07-11T11:16:33.079+0200] {logging_mixin.py:188} INFO - [2025-07-11T11:16:33.079+0200] {dag.py:3096} INFO - Sync 1 DAGs
[2025-07-11T11:16:33.087+0200] {logging_mixin.py:188} INFO - [2025-07-11T11:16:33.087+0200] {dag.py:3954} INFO - Setting next_dagrun for example_sensors to None, run_after=None
[2025-07-11T11:16:33.102+0200] {processor.py:183} INFO - Processing /home/florent/Programs/anaconda3/envs/airflow_etl/lib/python3.11/site-packages/airflow/example_dags/example_sensors.py took 0.053 seconds
[2025-07-11T11:18:25.101+0200] {processor.py:161} INFO - Started process (PID=54313) to work on /home/florent/Programs/anaconda3/envs/airflow_etl/lib/python3.11/site-packages/airflow/example_dags/example_sensors.py
[2025-07-11T11:18:25.104+0200] {processor.py:830} INFO - Processing file /home/florent/Programs/anaconda3/envs/airflow_etl/lib/python3.11/site-packages/airflow/example_dags/example_sensors.py for tasks to queue
[2025-07-11T11:18:25.106+0200] {logging_mixin.py:188} INFO - [2025-07-11T11:18:25.105+0200] {dagbag.py:545} INFO - Filling up the DagBag from /home/florent/Programs/anaconda3/envs/airflow_etl/lib/python3.11/site-packages/airflow/example_dags/example_sensors.py
[2025-07-11T11:18:25.112+0200] {processor.py:840} INFO - DAG(s) 'example_sensors' retrieved from /home/florent/Programs/anaconda3/envs/airflow_etl/lib/python3.11/site-packages/airflow/example_dags/example_sensors.py
[2025-07-11T11:18:25.124+0200] {logging_mixin.py:188} INFO - [2025-07-11T11:18:25.124+0200] {dag.py:3096} INFO - Sync 1 DAGs
[2025-07-11T11:18:25.130+0200] {logging_mixin.py:188} INFO - [2025-07-11T11:18:25.130+0200] {dag.py:3954} INFO - Setting next_dagrun for example_sensors to None, run_after=None
[2025-07-11T11:18:25.139+0200] {processor.py:183} INFO - Processing /home/florent/Programs/anaconda3/envs/airflow_etl/lib/python3.11/site-packages/airflow/example_dags/example_sensors.py took 0.043 seconds
[2025-07-11T11:19:28.690+0200] {processor.py:161} INFO - Started process (PID=55043) to work on /home/florent/Programs/anaconda3/envs/airflow_etl/lib/python3.11/site-packages/airflow/example_dags/example_sensors.py
[2025-07-11T11:19:28.693+0200] {processor.py:830} INFO - Processing file /home/florent/Programs/anaconda3/envs/airflow_etl/lib/python3.11/site-packages/airflow/example_dags/example_sensors.py for tasks to queue
[2025-07-11T11:19:28.695+0200] {logging_mixin.py:188} INFO - [2025-07-11T11:19:28.695+0200] {dagbag.py:545} INFO - Filling up the DagBag from /home/florent/Programs/anaconda3/envs/airflow_etl/lib/python3.11/site-packages/airflow/example_dags/example_sensors.py
[2025-07-11T11:19:28.707+0200] {processor.py:840} INFO - DAG(s) 'example_sensors' retrieved from /home/florent/Programs/anaconda3/envs/airflow_etl/lib/python3.11/site-packages/airflow/example_dags/example_sensors.py
[2025-07-11T11:19:28.720+0200] {logging_mixin.py:188} INFO - [2025-07-11T11:19:28.720+0200] {dag.py:3096} INFO - Sync 1 DAGs
[2025-07-11T11:19:28.726+0200] {logging_mixin.py:188} INFO - [2025-07-11T11:19:28.726+0200] {dag.py:3954} INFO - Setting next_dagrun for example_sensors to None, run_after=None
[2025-07-11T11:19:28.737+0200] {processor.py:183} INFO - Processing /home/florent/Programs/anaconda3/envs/airflow_etl/lib/python3.11/site-packages/airflow/example_dags/example_sensors.py took 0.052 seconds
[2025-07-11T11:20:20.319+0200] {processor.py:161} INFO - Started process (PID=55549) to work on /home/florent/Programs/anaconda3/envs/airflow_etl/lib/python3.11/site-packages/airflow/example_dags/example_sensors.py
[2025-07-11T11:20:20.322+0200] {processor.py:830} INFO - Processing file /home/florent/Programs/anaconda3/envs/airflow_etl/lib/python3.11/site-packages/airflow/example_dags/example_sensors.py for tasks to queue
[2025-07-11T11:20:20.322+0200] {logging_mixin.py:188} INFO - [2025-07-11T11:20:20.322+0200] {dagbag.py:545} INFO - Filling up the DagBag from /home/florent/Programs/anaconda3/envs/airflow_etl/lib/python3.11/site-packages/airflow/example_dags/example_sensors.py
[2025-07-11T11:20:20.327+0200] {processor.py:840} INFO - DAG(s) 'example_sensors' retrieved from /home/florent/Programs/anaconda3/envs/airflow_etl/lib/python3.11/site-packages/airflow/example_dags/example_sensors.py
[2025-07-11T11:20:20.338+0200] {logging_mixin.py:188} INFO - [2025-07-11T11:20:20.337+0200] {dag.py:3096} INFO - Sync 1 DAGs
[2025-07-11T11:20:20.343+0200] {logging_mixin.py:188} INFO - [2025-07-11T11:20:20.343+0200] {dag.py:3954} INFO - Setting next_dagrun for example_sensors to None, run_after=None
[2025-07-11T11:20:20.353+0200] {processor.py:183} INFO - Processing /home/florent/Programs/anaconda3/envs/airflow_etl/lib/python3.11/site-packages/airflow/example_dags/example_sensors.py took 0.037 seconds
[2025-07-11T11:21:25.652+0200] {processor.py:161} INFO - Started process (PID=56275) to work on /home/florent/Programs/anaconda3/envs/airflow_etl/lib/python3.11/site-packages/airflow/example_dags/example_sensors.py
[2025-07-11T11:21:25.654+0200] {processor.py:830} INFO - Processing file /home/florent/Programs/anaconda3/envs/airflow_etl/lib/python3.11/site-packages/airflow/example_dags/example_sensors.py for tasks to queue
[2025-07-11T11:21:25.656+0200] {logging_mixin.py:188} INFO - [2025-07-11T11:21:25.656+0200] {dagbag.py:545} INFO - Filling up the DagBag from /home/florent/Programs/anaconda3/envs/airflow_etl/lib/python3.11/site-packages/airflow/example_dags/example_sensors.py
[2025-07-11T11:21:25.663+0200] {processor.py:840} INFO - DAG(s) 'example_sensors' retrieved from /home/florent/Programs/anaconda3/envs/airflow_etl/lib/python3.11/site-packages/airflow/example_dags/example_sensors.py
[2025-07-11T11:21:25.676+0200] {logging_mixin.py:188} INFO - [2025-07-11T11:21:25.676+0200] {dag.py:3096} INFO - Sync 1 DAGs
[2025-07-11T11:21:25.683+0200] {logging_mixin.py:188} INFO - [2025-07-11T11:21:25.683+0200] {dag.py:3954} INFO - Setting next_dagrun for example_sensors to None, run_after=None
[2025-07-11T11:21:25.696+0200] {processor.py:183} INFO - Processing /home/florent/Programs/anaconda3/envs/airflow_etl/lib/python3.11/site-packages/airflow/example_dags/example_sensors.py took 0.050 seconds
[2025-07-11T11:22:32.107+0200] {processor.py:161} INFO - Started process (PID=56929) to work on /home/florent/Programs/anaconda3/envs/airflow_etl/lib/python3.11/site-packages/airflow/example_dags/example_sensors.py
[2025-07-11T11:22:32.110+0200] {processor.py:830} INFO - Processing file /home/florent/Programs/anaconda3/envs/airflow_etl/lib/python3.11/site-packages/airflow/example_dags/example_sensors.py for tasks to queue
[2025-07-11T11:22:32.112+0200] {logging_mixin.py:188} INFO - [2025-07-11T11:22:32.111+0200] {dagbag.py:545} INFO - Filling up the DagBag from /home/florent/Programs/anaconda3/envs/airflow_etl/lib/python3.11/site-packages/airflow/example_dags/example_sensors.py
[2025-07-11T11:22:32.119+0200] {processor.py:840} INFO - DAG(s) 'example_sensors' retrieved from /home/florent/Programs/anaconda3/envs/airflow_etl/lib/python3.11/site-packages/airflow/example_dags/example_sensors.py
[2025-07-11T11:22:32.129+0200] {logging_mixin.py:188} INFO - [2025-07-11T11:22:32.129+0200] {dag.py:3096} INFO - Sync 1 DAGs
[2025-07-11T11:22:32.134+0200] {logging_mixin.py:188} INFO - [2025-07-11T11:22:32.134+0200] {dag.py:3954} INFO - Setting next_dagrun for example_sensors to None, run_after=None
[2025-07-11T11:22:32.145+0200] {processor.py:183} INFO - Processing /home/florent/Programs/anaconda3/envs/airflow_etl/lib/python3.11/site-packages/airflow/example_dags/example_sensors.py took 0.040 seconds
[2025-07-11T11:23:40.396+0200] {processor.py:161} INFO - Started process (PID=57616) to work on /home/florent/Programs/anaconda3/envs/airflow_etl/lib/python3.11/site-packages/airflow/example_dags/example_sensors.py
[2025-07-11T11:23:40.397+0200] {processor.py:830} INFO - Processing file /home/florent/Programs/anaconda3/envs/airflow_etl/lib/python3.11/site-packages/airflow/example_dags/example_sensors.py for tasks to queue
[2025-07-11T11:23:40.399+0200] {logging_mixin.py:188} INFO - [2025-07-11T11:23:40.399+0200] {dagbag.py:545} INFO - Filling up the DagBag from /home/florent/Programs/anaconda3/envs/airflow_etl/lib/python3.11/site-packages/airflow/example_dags/example_sensors.py
[2025-07-11T11:23:40.407+0200] {processor.py:840} INFO - DAG(s) 'example_sensors' retrieved from /home/florent/Programs/anaconda3/envs/airflow_etl/lib/python3.11/site-packages/airflow/example_dags/example_sensors.py
[2025-07-11T11:23:40.418+0200] {logging_mixin.py:188} INFO - [2025-07-11T11:23:40.418+0200] {dag.py:3096} INFO - Sync 1 DAGs
[2025-07-11T11:23:40.423+0200] {logging_mixin.py:188} INFO - [2025-07-11T11:23:40.423+0200] {dag.py:3954} INFO - Setting next_dagrun for example_sensors to None, run_after=None
[2025-07-11T11:23:40.434+0200] {processor.py:183} INFO - Processing /home/florent/Programs/anaconda3/envs/airflow_etl/lib/python3.11/site-packages/airflow/example_dags/example_sensors.py took 0.044 seconds
[2025-07-11T11:24:51.742+0200] {processor.py:161} INFO - Started process (PID=58362) to work on /home/florent/Programs/anaconda3/envs/airflow_etl/lib/python3.11/site-packages/airflow/example_dags/example_sensors.py
[2025-07-11T11:24:51.745+0200] {processor.py:830} INFO - Processing file /home/florent/Programs/anaconda3/envs/airflow_etl/lib/python3.11/site-packages/airflow/example_dags/example_sensors.py for tasks to queue
[2025-07-11T11:24:51.746+0200] {logging_mixin.py:188} INFO - [2025-07-11T11:24:51.746+0200] {dagbag.py:545} INFO - Filling up the DagBag from /home/florent/Programs/anaconda3/envs/airflow_etl/lib/python3.11/site-packages/airflow/example_dags/example_sensors.py
[2025-07-11T11:24:51.751+0200] {processor.py:840} INFO - DAG(s) 'example_sensors' retrieved from /home/florent/Programs/anaconda3/envs/airflow_etl/lib/python3.11/site-packages/airflow/example_dags/example_sensors.py
[2025-07-11T11:24:51.763+0200] {logging_mixin.py:188} INFO - [2025-07-11T11:24:51.763+0200] {dag.py:3096} INFO - Sync 1 DAGs
[2025-07-11T11:24:51.769+0200] {logging_mixin.py:188} INFO - [2025-07-11T11:24:51.769+0200] {dag.py:3954} INFO - Setting next_dagrun for example_sensors to None, run_after=None
[2025-07-11T11:24:51.780+0200] {processor.py:183} INFO - Processing /home/florent/Programs/anaconda3/envs/airflow_etl/lib/python3.11/site-packages/airflow/example_dags/example_sensors.py took 0.043 seconds
[2025-07-11T11:25:58.310+0200] {processor.py:161} INFO - Started process (PID=59087) to work on /home/florent/Programs/anaconda3/envs/airflow_etl/lib/python3.11/site-packages/airflow/example_dags/example_sensors.py
[2025-07-11T11:25:58.313+0200] {processor.py:830} INFO - Processing file /home/florent/Programs/anaconda3/envs/airflow_etl/lib/python3.11/site-packages/airflow/example_dags/example_sensors.py for tasks to queue
[2025-07-11T11:25:58.315+0200] {logging_mixin.py:188} INFO - [2025-07-11T11:25:58.315+0200] {dagbag.py:545} INFO - Filling up the DagBag from /home/florent/Programs/anaconda3/envs/airflow_etl/lib/python3.11/site-packages/airflow/example_dags/example_sensors.py
[2025-07-11T11:25:58.326+0200] {processor.py:840} INFO - DAG(s) 'example_sensors' retrieved from /home/florent/Programs/anaconda3/envs/airflow_etl/lib/python3.11/site-packages/airflow/example_dags/example_sensors.py
[2025-07-11T11:25:58.344+0200] {logging_mixin.py:188} INFO - [2025-07-11T11:25:58.344+0200] {dag.py:3096} INFO - Sync 1 DAGs
[2025-07-11T11:25:58.351+0200] {logging_mixin.py:188} INFO - [2025-07-11T11:25:58.351+0200] {dag.py:3954} INFO - Setting next_dagrun for example_sensors to None, run_after=None
[2025-07-11T11:25:58.363+0200] {processor.py:183} INFO - Processing /home/florent/Programs/anaconda3/envs/airflow_etl/lib/python3.11/site-packages/airflow/example_dags/example_sensors.py took 0.060 seconds
[2025-07-11T11:27:04.606+0200] {processor.py:161} INFO - Started process (PID=59837) to work on /home/florent/Programs/anaconda3/envs/airflow_etl/lib/python3.11/site-packages/airflow/example_dags/example_sensors.py
[2025-07-11T11:27:04.609+0200] {processor.py:830} INFO - Processing file /home/florent/Programs/anaconda3/envs/airflow_etl/lib/python3.11/site-packages/airflow/example_dags/example_sensors.py for tasks to queue
[2025-07-11T11:27:04.610+0200] {logging_mixin.py:188} INFO - [2025-07-11T11:27:04.610+0200] {dagbag.py:545} INFO - Filling up the DagBag from /home/florent/Programs/anaconda3/envs/airflow_etl/lib/python3.11/site-packages/airflow/example_dags/example_sensors.py
[2025-07-11T11:27:04.617+0200] {processor.py:840} INFO - DAG(s) 'example_sensors' retrieved from /home/florent/Programs/anaconda3/envs/airflow_etl/lib/python3.11/site-packages/airflow/example_dags/example_sensors.py
[2025-07-11T11:27:04.627+0200] {logging_mixin.py:188} INFO - [2025-07-11T11:27:04.627+0200] {dag.py:3096} INFO - Sync 1 DAGs
[2025-07-11T11:27:04.633+0200] {logging_mixin.py:188} INFO - [2025-07-11T11:27:04.633+0200] {dag.py:3954} INFO - Setting next_dagrun for example_sensors to None, run_after=None
[2025-07-11T11:27:04.643+0200] {processor.py:183} INFO - Processing /home/florent/Programs/anaconda3/envs/airflow_etl/lib/python3.11/site-packages/airflow/example_dags/example_sensors.py took 0.043 seconds
[2025-07-11T11:28:14.384+0200] {processor.py:161} INFO - Started process (PID=60567) to work on /home/florent/Programs/anaconda3/envs/airflow_etl/lib/python3.11/site-packages/airflow/example_dags/example_sensors.py
[2025-07-11T11:28:14.386+0200] {processor.py:830} INFO - Processing file /home/florent/Programs/anaconda3/envs/airflow_etl/lib/python3.11/site-packages/airflow/example_dags/example_sensors.py for tasks to queue
[2025-07-11T11:28:14.388+0200] {logging_mixin.py:188} INFO - [2025-07-11T11:28:14.388+0200] {dagbag.py:545} INFO - Filling up the DagBag from /home/florent/Programs/anaconda3/envs/airflow_etl/lib/python3.11/site-packages/airflow/example_dags/example_sensors.py
[2025-07-11T11:28:14.397+0200] {processor.py:840} INFO - DAG(s) 'example_sensors' retrieved from /home/florent/Programs/anaconda3/envs/airflow_etl/lib/python3.11/site-packages/airflow/example_dags/example_sensors.py
[2025-07-11T11:28:14.409+0200] {logging_mixin.py:188} INFO - [2025-07-11T11:28:14.409+0200] {dag.py:3096} INFO - Sync 1 DAGs
[2025-07-11T11:28:14.416+0200] {logging_mixin.py:188} INFO - [2025-07-11T11:28:14.416+0200] {dag.py:3954} INFO - Setting next_dagrun for example_sensors to None, run_after=None
[2025-07-11T11:28:14.428+0200] {processor.py:183} INFO - Processing /home/florent/Programs/anaconda3/envs/airflow_etl/lib/python3.11/site-packages/airflow/example_dags/example_sensors.py took 0.051 seconds
[2025-07-11T11:29:19.067+0200] {processor.py:161} INFO - Started process (PID=61284) to work on /home/florent/Programs/anaconda3/envs/airflow_etl/lib/python3.11/site-packages/airflow/example_dags/example_sensors.py
[2025-07-11T11:29:19.069+0200] {processor.py:830} INFO - Processing file /home/florent/Programs/anaconda3/envs/airflow_etl/lib/python3.11/site-packages/airflow/example_dags/example_sensors.py for tasks to queue
[2025-07-11T11:29:19.070+0200] {logging_mixin.py:188} INFO - [2025-07-11T11:29:19.070+0200] {dagbag.py:545} INFO - Filling up the DagBag from /home/florent/Programs/anaconda3/envs/airflow_etl/lib/python3.11/site-packages/airflow/example_dags/example_sensors.py
[2025-07-11T11:29:19.075+0200] {processor.py:840} INFO - DAG(s) 'example_sensors' retrieved from /home/florent/Programs/anaconda3/envs/airflow_etl/lib/python3.11/site-packages/airflow/example_dags/example_sensors.py
[2025-07-11T11:29:19.086+0200] {logging_mixin.py:188} INFO - [2025-07-11T11:29:19.086+0200] {dag.py:3096} INFO - Sync 1 DAGs
[2025-07-11T11:29:19.091+0200] {logging_mixin.py:188} INFO - [2025-07-11T11:29:19.091+0200] {dag.py:3954} INFO - Setting next_dagrun for example_sensors to None, run_after=None
[2025-07-11T11:29:19.101+0200] {processor.py:183} INFO - Processing /home/florent/Programs/anaconda3/envs/airflow_etl/lib/python3.11/site-packages/airflow/example_dags/example_sensors.py took 0.038 seconds
[2025-07-11T11:30:22.237+0200] {processor.py:161} INFO - Started process (PID=61934) to work on /home/florent/Programs/anaconda3/envs/airflow_etl/lib/python3.11/site-packages/airflow/example_dags/example_sensors.py
[2025-07-11T11:30:22.240+0200] {processor.py:830} INFO - Processing file /home/florent/Programs/anaconda3/envs/airflow_etl/lib/python3.11/site-packages/airflow/example_dags/example_sensors.py for tasks to queue
[2025-07-11T11:30:22.242+0200] {logging_mixin.py:188} INFO - [2025-07-11T11:30:22.242+0200] {dagbag.py:545} INFO - Filling up the DagBag from /home/florent/Programs/anaconda3/envs/airflow_etl/lib/python3.11/site-packages/airflow/example_dags/example_sensors.py
[2025-07-11T11:30:22.253+0200] {processor.py:840} INFO - DAG(s) 'example_sensors' retrieved from /home/florent/Programs/anaconda3/envs/airflow_etl/lib/python3.11/site-packages/airflow/example_dags/example_sensors.py
[2025-07-11T11:30:22.270+0200] {logging_mixin.py:188} INFO - [2025-07-11T11:30:22.269+0200] {dag.py:3096} INFO - Sync 1 DAGs
[2025-07-11T11:30:22.277+0200] {logging_mixin.py:188} INFO - [2025-07-11T11:30:22.277+0200] {dag.py:3954} INFO - Setting next_dagrun for example_sensors to None, run_after=None
[2025-07-11T11:30:22.291+0200] {processor.py:183} INFO - Processing /home/florent/Programs/anaconda3/envs/airflow_etl/lib/python3.11/site-packages/airflow/example_dags/example_sensors.py took 0.061 seconds
[2025-07-11T11:31:23.419+0200] {processor.py:161} INFO - Started process (PID=62576) to work on /home/florent/Programs/anaconda3/envs/airflow_etl/lib/python3.11/site-packages/airflow/example_dags/example_sensors.py
[2025-07-11T11:31:23.421+0200] {processor.py:830} INFO - Processing file /home/florent/Programs/anaconda3/envs/airflow_etl/lib/python3.11/site-packages/airflow/example_dags/example_sensors.py for tasks to queue
[2025-07-11T11:31:23.422+0200] {logging_mixin.py:188} INFO - [2025-07-11T11:31:23.422+0200] {dagbag.py:545} INFO - Filling up the DagBag from /home/florent/Programs/anaconda3/envs/airflow_etl/lib/python3.11/site-packages/airflow/example_dags/example_sensors.py
[2025-07-11T11:31:23.428+0200] {processor.py:840} INFO - DAG(s) 'example_sensors' retrieved from /home/florent/Programs/anaconda3/envs/airflow_etl/lib/python3.11/site-packages/airflow/example_dags/example_sensors.py
[2025-07-11T11:31:23.439+0200] {logging_mixin.py:188} INFO - [2025-07-11T11:31:23.439+0200] {dag.py:3096} INFO - Sync 1 DAGs
[2025-07-11T11:31:23.445+0200] {logging_mixin.py:188} INFO - [2025-07-11T11:31:23.445+0200] {dag.py:3954} INFO - Setting next_dagrun for example_sensors to None, run_after=None
[2025-07-11T11:31:23.456+0200] {processor.py:183} INFO - Processing /home/florent/Programs/anaconda3/envs/airflow_etl/lib/python3.11/site-packages/airflow/example_dags/example_sensors.py took 0.041 seconds
[2025-07-11T11:32:29.625+0200] {processor.py:161} INFO - Started process (PID=63345) to work on /home/florent/Programs/anaconda3/envs/airflow_etl/lib/python3.11/site-packages/airflow/example_dags/example_sensors.py
[2025-07-11T11:32:29.628+0200] {processor.py:830} INFO - Processing file /home/florent/Programs/anaconda3/envs/airflow_etl/lib/python3.11/site-packages/airflow/example_dags/example_sensors.py for tasks to queue
[2025-07-11T11:32:29.630+0200] {logging_mixin.py:188} INFO - [2025-07-11T11:32:29.629+0200] {dagbag.py:545} INFO - Filling up the DagBag from /home/florent/Programs/anaconda3/envs/airflow_etl/lib/python3.11/site-packages/airflow/example_dags/example_sensors.py
[2025-07-11T11:32:29.642+0200] {processor.py:840} INFO - DAG(s) 'example_sensors' retrieved from /home/florent/Programs/anaconda3/envs/airflow_etl/lib/python3.11/site-packages/airflow/example_dags/example_sensors.py
[2025-07-11T11:32:29.659+0200] {logging_mixin.py:188} INFO - [2025-07-11T11:32:29.659+0200] {dag.py:3096} INFO - Sync 1 DAGs
[2025-07-11T11:32:29.668+0200] {logging_mixin.py:188} INFO - [2025-07-11T11:32:29.667+0200] {dag.py:3954} INFO - Setting next_dagrun for example_sensors to None, run_after=None
[2025-07-11T11:32:29.683+0200] {processor.py:183} INFO - Processing /home/florent/Programs/anaconda3/envs/airflow_etl/lib/python3.11/site-packages/airflow/example_dags/example_sensors.py took 0.064 seconds
[2025-07-11T11:33:34.230+0200] {processor.py:161} INFO - Started process (PID=64067) to work on /home/florent/Programs/anaconda3/envs/airflow_etl/lib/python3.11/site-packages/airflow/example_dags/example_sensors.py
[2025-07-11T11:33:34.233+0200] {processor.py:830} INFO - Processing file /home/florent/Programs/anaconda3/envs/airflow_etl/lib/python3.11/site-packages/airflow/example_dags/example_sensors.py for tasks to queue
[2025-07-11T11:33:34.235+0200] {logging_mixin.py:188} INFO - [2025-07-11T11:33:34.234+0200] {dagbag.py:545} INFO - Filling up the DagBag from /home/florent/Programs/anaconda3/envs/airflow_etl/lib/python3.11/site-packages/airflow/example_dags/example_sensors.py
[2025-07-11T11:33:34.244+0200] {processor.py:840} INFO - DAG(s) 'example_sensors' retrieved from /home/florent/Programs/anaconda3/envs/airflow_etl/lib/python3.11/site-packages/airflow/example_dags/example_sensors.py
[2025-07-11T11:33:34.259+0200] {logging_mixin.py:188} INFO - [2025-07-11T11:33:34.259+0200] {dag.py:3096} INFO - Sync 1 DAGs
[2025-07-11T11:33:34.266+0200] {logging_mixin.py:188} INFO - [2025-07-11T11:33:34.266+0200] {dag.py:3954} INFO - Setting next_dagrun for example_sensors to None, run_after=None
[2025-07-11T11:33:34.279+0200] {processor.py:183} INFO - Processing /home/florent/Programs/anaconda3/envs/airflow_etl/lib/python3.11/site-packages/airflow/example_dags/example_sensors.py took 0.055 seconds
[2025-07-11T11:34:40.427+0200] {processor.py:161} INFO - Started process (PID=64733) to work on /home/florent/Programs/anaconda3/envs/airflow_etl/lib/python3.11/site-packages/airflow/example_dags/example_sensors.py
[2025-07-11T11:34:40.430+0200] {processor.py:830} INFO - Processing file /home/florent/Programs/anaconda3/envs/airflow_etl/lib/python3.11/site-packages/airflow/example_dags/example_sensors.py for tasks to queue
[2025-07-11T11:34:40.431+0200] {logging_mixin.py:188} INFO - [2025-07-11T11:34:40.431+0200] {dagbag.py:545} INFO - Filling up the DagBag from /home/florent/Programs/anaconda3/envs/airflow_etl/lib/python3.11/site-packages/airflow/example_dags/example_sensors.py
[2025-07-11T11:34:40.442+0200] {processor.py:840} INFO - DAG(s) 'example_sensors' retrieved from /home/florent/Programs/anaconda3/envs/airflow_etl/lib/python3.11/site-packages/airflow/example_dags/example_sensors.py
[2025-07-11T11:34:40.456+0200] {logging_mixin.py:188} INFO - [2025-07-11T11:34:40.456+0200] {dag.py:3096} INFO - Sync 1 DAGs
[2025-07-11T11:34:40.463+0200] {logging_mixin.py:188} INFO - [2025-07-11T11:34:40.463+0200] {dag.py:3954} INFO - Setting next_dagrun for example_sensors to None, run_after=None
[2025-07-11T11:34:40.480+0200] {processor.py:183} INFO - Processing /home/florent/Programs/anaconda3/envs/airflow_etl/lib/python3.11/site-packages/airflow/example_dags/example_sensors.py took 0.058 seconds
[2025-07-11T11:35:44.002+0200] {processor.py:161} INFO - Started process (PID=65376) to work on /home/florent/Programs/anaconda3/envs/airflow_etl/lib/python3.11/site-packages/airflow/example_dags/example_sensors.py
[2025-07-11T11:35:44.005+0200] {processor.py:830} INFO - Processing file /home/florent/Programs/anaconda3/envs/airflow_etl/lib/python3.11/site-packages/airflow/example_dags/example_sensors.py for tasks to queue
[2025-07-11T11:35:44.007+0200] {logging_mixin.py:188} INFO - [2025-07-11T11:35:44.007+0200] {dagbag.py:545} INFO - Filling up the DagBag from /home/florent/Programs/anaconda3/envs/airflow_etl/lib/python3.11/site-packages/airflow/example_dags/example_sensors.py
[2025-07-11T11:35:44.018+0200] {processor.py:840} INFO - DAG(s) 'example_sensors' retrieved from /home/florent/Programs/anaconda3/envs/airflow_etl/lib/python3.11/site-packages/airflow/example_dags/example_sensors.py
[2025-07-11T11:35:44.034+0200] {logging_mixin.py:188} INFO - [2025-07-11T11:35:44.034+0200] {dag.py:3096} INFO - Sync 1 DAGs
[2025-07-11T11:35:44.041+0200] {logging_mixin.py:188} INFO - [2025-07-11T11:35:44.041+0200] {dag.py:3954} INFO - Setting next_dagrun for example_sensors to None, run_after=None
[2025-07-11T11:35:44.053+0200] {processor.py:183} INFO - Processing /home/florent/Programs/anaconda3/envs/airflow_etl/lib/python3.11/site-packages/airflow/example_dags/example_sensors.py took 0.057 seconds
[2025-07-11T11:36:47.683+0200] {processor.py:161} INFO - Started process (PID=66088) to work on /home/florent/Programs/anaconda3/envs/airflow_etl/lib/python3.11/site-packages/airflow/example_dags/example_sensors.py
[2025-07-11T11:36:47.686+0200] {processor.py:830} INFO - Processing file /home/florent/Programs/anaconda3/envs/airflow_etl/lib/python3.11/site-packages/airflow/example_dags/example_sensors.py for tasks to queue
[2025-07-11T11:36:47.688+0200] {logging_mixin.py:188} INFO - [2025-07-11T11:36:47.688+0200] {dagbag.py:545} INFO - Filling up the DagBag from /home/florent/Programs/anaconda3/envs/airflow_etl/lib/python3.11/site-packages/airflow/example_dags/example_sensors.py
[2025-07-11T11:36:47.699+0200] {processor.py:840} INFO - DAG(s) 'example_sensors' retrieved from /home/florent/Programs/anaconda3/envs/airflow_etl/lib/python3.11/site-packages/airflow/example_dags/example_sensors.py
[2025-07-11T11:36:47.713+0200] {logging_mixin.py:188} INFO - [2025-07-11T11:36:47.713+0200] {dag.py:3096} INFO - Sync 1 DAGs
[2025-07-11T11:36:47.720+0200] {logging_mixin.py:188} INFO - [2025-07-11T11:36:47.720+0200] {dag.py:3954} INFO - Setting next_dagrun for example_sensors to None, run_after=None
[2025-07-11T11:36:47.735+0200] {processor.py:183} INFO - Processing /home/florent/Programs/anaconda3/envs/airflow_etl/lib/python3.11/site-packages/airflow/example_dags/example_sensors.py took 0.058 seconds
[2025-07-11T11:37:53.539+0200] {processor.py:161} INFO - Started process (PID=66793) to work on /home/florent/Programs/anaconda3/envs/airflow_etl/lib/python3.11/site-packages/airflow/example_dags/example_sensors.py
[2025-07-11T11:37:53.543+0200] {processor.py:830} INFO - Processing file /home/florent/Programs/anaconda3/envs/airflow_etl/lib/python3.11/site-packages/airflow/example_dags/example_sensors.py for tasks to queue
[2025-07-11T11:37:53.544+0200] {logging_mixin.py:188} INFO - [2025-07-11T11:37:53.544+0200] {dagbag.py:545} INFO - Filling up the DagBag from /home/florent/Programs/anaconda3/envs/airflow_etl/lib/python3.11/site-packages/airflow/example_dags/example_sensors.py
[2025-07-11T11:37:53.555+0200] {processor.py:840} INFO - DAG(s) 'example_sensors' retrieved from /home/florent/Programs/anaconda3/envs/airflow_etl/lib/python3.11/site-packages/airflow/example_dags/example_sensors.py
[2025-07-11T11:37:53.570+0200] {logging_mixin.py:188} INFO - [2025-07-11T11:37:53.570+0200] {dag.py:3096} INFO - Sync 1 DAGs
[2025-07-11T11:37:53.576+0200] {logging_mixin.py:188} INFO - [2025-07-11T11:37:53.576+0200] {dag.py:3954} INFO - Setting next_dagrun for example_sensors to None, run_after=None
[2025-07-11T11:37:53.592+0200] {processor.py:183} INFO - Processing /home/florent/Programs/anaconda3/envs/airflow_etl/lib/python3.11/site-packages/airflow/example_dags/example_sensors.py took 0.059 seconds
[2025-07-11T11:38:59.981+0200] {processor.py:161} INFO - Started process (PID=67453) to work on /home/florent/Programs/anaconda3/envs/airflow_etl/lib/python3.11/site-packages/airflow/example_dags/example_sensors.py
[2025-07-11T11:38:59.984+0200] {processor.py:830} INFO - Processing file /home/florent/Programs/anaconda3/envs/airflow_etl/lib/python3.11/site-packages/airflow/example_dags/example_sensors.py for tasks to queue
[2025-07-11T11:38:59.986+0200] {logging_mixin.py:188} INFO - [2025-07-11T11:38:59.986+0200] {dagbag.py:545} INFO - Filling up the DagBag from /home/florent/Programs/anaconda3/envs/airflow_etl/lib/python3.11/site-packages/airflow/example_dags/example_sensors.py
[2025-07-11T11:38:59.997+0200] {processor.py:840} INFO - DAG(s) 'example_sensors' retrieved from /home/florent/Programs/anaconda3/envs/airflow_etl/lib/python3.11/site-packages/airflow/example_dags/example_sensors.py
[2025-07-11T11:39:00.014+0200] {logging_mixin.py:188} INFO - [2025-07-11T11:39:00.014+0200] {dag.py:3096} INFO - Sync 1 DAGs
[2025-07-11T11:39:00.022+0200] {logging_mixin.py:188} INFO - [2025-07-11T11:39:00.022+0200] {dag.py:3954} INFO - Setting next_dagrun for example_sensors to None, run_after=None
[2025-07-11T11:39:00.035+0200] {processor.py:183} INFO - Processing /home/florent/Programs/anaconda3/envs/airflow_etl/lib/python3.11/site-packages/airflow/example_dags/example_sensors.py took 0.060 seconds
[2025-07-11T11:40:06.792+0200] {processor.py:161} INFO - Started process (PID=68216) to work on /home/florent/Programs/anaconda3/envs/airflow_etl/lib/python3.11/site-packages/airflow/example_dags/example_sensors.py
[2025-07-11T11:40:06.795+0200] {processor.py:830} INFO - Processing file /home/florent/Programs/anaconda3/envs/airflow_etl/lib/python3.11/site-packages/airflow/example_dags/example_sensors.py for tasks to queue
[2025-07-11T11:40:06.796+0200] {logging_mixin.py:188} INFO - [2025-07-11T11:40:06.796+0200] {dagbag.py:545} INFO - Filling up the DagBag from /home/florent/Programs/anaconda3/envs/airflow_etl/lib/python3.11/site-packages/airflow/example_dags/example_sensors.py
[2025-07-11T11:40:06.806+0200] {processor.py:840} INFO - DAG(s) 'example_sensors' retrieved from /home/florent/Programs/anaconda3/envs/airflow_etl/lib/python3.11/site-packages/airflow/example_dags/example_sensors.py
[2025-07-11T11:40:06.819+0200] {logging_mixin.py:188} INFO - [2025-07-11T11:40:06.819+0200] {dag.py:3096} INFO - Sync 1 DAGs
[2025-07-11T11:40:06.824+0200] {logging_mixin.py:188} INFO - [2025-07-11T11:40:06.824+0200] {dag.py:3954} INFO - Setting next_dagrun for example_sensors to None, run_after=None
[2025-07-11T11:40:06.835+0200] {processor.py:183} INFO - Processing /home/florent/Programs/anaconda3/envs/airflow_etl/lib/python3.11/site-packages/airflow/example_dags/example_sensors.py took 0.049 seconds
[2025-07-11T11:41:12.726+0200] {processor.py:161} INFO - Started process (PID=68913) to work on /home/florent/Programs/anaconda3/envs/airflow_etl/lib/python3.11/site-packages/airflow/example_dags/example_sensors.py
[2025-07-11T11:41:12.728+0200] {processor.py:830} INFO - Processing file /home/florent/Programs/anaconda3/envs/airflow_etl/lib/python3.11/site-packages/airflow/example_dags/example_sensors.py for tasks to queue
[2025-07-11T11:41:12.729+0200] {logging_mixin.py:188} INFO - [2025-07-11T11:41:12.729+0200] {dagbag.py:545} INFO - Filling up the DagBag from /home/florent/Programs/anaconda3/envs/airflow_etl/lib/python3.11/site-packages/airflow/example_dags/example_sensors.py
[2025-07-11T11:41:12.734+0200] {processor.py:840} INFO - DAG(s) 'example_sensors' retrieved from /home/florent/Programs/anaconda3/envs/airflow_etl/lib/python3.11/site-packages/airflow/example_dags/example_sensors.py
[2025-07-11T11:41:12.744+0200] {logging_mixin.py:188} INFO - [2025-07-11T11:41:12.744+0200] {dag.py:3096} INFO - Sync 1 DAGs
[2025-07-11T11:41:12.749+0200] {logging_mixin.py:188} INFO - [2025-07-11T11:41:12.749+0200] {dag.py:3954} INFO - Setting next_dagrun for example_sensors to None, run_after=None
[2025-07-11T11:41:12.759+0200] {processor.py:183} INFO - Processing /home/florent/Programs/anaconda3/envs/airflow_etl/lib/python3.11/site-packages/airflow/example_dags/example_sensors.py took 0.038 seconds
[2025-07-11T11:42:16.862+0200] {processor.py:161} INFO - Started process (PID=69716) to work on /home/florent/Programs/anaconda3/envs/airflow_etl/lib/python3.11/site-packages/airflow/example_dags/example_sensors.py
[2025-07-11T11:42:16.864+0200] {processor.py:830} INFO - Processing file /home/florent/Programs/anaconda3/envs/airflow_etl/lib/python3.11/site-packages/airflow/example_dags/example_sensors.py for tasks to queue
[2025-07-11T11:42:16.866+0200] {logging_mixin.py:188} INFO - [2025-07-11T11:42:16.866+0200] {dagbag.py:545} INFO - Filling up the DagBag from /home/florent/Programs/anaconda3/envs/airflow_etl/lib/python3.11/site-packages/airflow/example_dags/example_sensors.py
[2025-07-11T11:42:16.876+0200] {processor.py:840} INFO - DAG(s) 'example_sensors' retrieved from /home/florent/Programs/anaconda3/envs/airflow_etl/lib/python3.11/site-packages/airflow/example_dags/example_sensors.py
[2025-07-11T11:42:16.891+0200] {logging_mixin.py:188} INFO - [2025-07-11T11:42:16.891+0200] {dag.py:3096} INFO - Sync 1 DAGs
[2025-07-11T11:42:16.896+0200] {logging_mixin.py:188} INFO - [2025-07-11T11:42:16.896+0200] {dag.py:3954} INFO - Setting next_dagrun for example_sensors to None, run_after=None
[2025-07-11T11:42:16.907+0200] {processor.py:183} INFO - Processing /home/florent/Programs/anaconda3/envs/airflow_etl/lib/python3.11/site-packages/airflow/example_dags/example_sensors.py took 0.051 seconds
[2025-07-11T11:43:20.282+0200] {processor.py:161} INFO - Started process (PID=70394) to work on /home/florent/Programs/anaconda3/envs/airflow_etl/lib/python3.11/site-packages/airflow/example_dags/example_sensors.py
[2025-07-11T11:43:20.284+0200] {processor.py:830} INFO - Processing file /home/florent/Programs/anaconda3/envs/airflow_etl/lib/python3.11/site-packages/airflow/example_dags/example_sensors.py for tasks to queue
[2025-07-11T11:43:20.286+0200] {logging_mixin.py:188} INFO - [2025-07-11T11:43:20.286+0200] {dagbag.py:545} INFO - Filling up the DagBag from /home/florent/Programs/anaconda3/envs/airflow_etl/lib/python3.11/site-packages/airflow/example_dags/example_sensors.py
[2025-07-11T11:43:20.295+0200] {processor.py:840} INFO - DAG(s) 'example_sensors' retrieved from /home/florent/Programs/anaconda3/envs/airflow_etl/lib/python3.11/site-packages/airflow/example_dags/example_sensors.py
[2025-07-11T11:43:20.309+0200] {logging_mixin.py:188} INFO - [2025-07-11T11:43:20.308+0200] {dag.py:3096} INFO - Sync 1 DAGs
[2025-07-11T11:43:20.314+0200] {logging_mixin.py:188} INFO - [2025-07-11T11:43:20.314+0200] {dag.py:3954} INFO - Setting next_dagrun for example_sensors to None, run_after=None
[2025-07-11T11:43:20.325+0200] {processor.py:183} INFO - Processing /home/florent/Programs/anaconda3/envs/airflow_etl/lib/python3.11/site-packages/airflow/example_dags/example_sensors.py took 0.048 seconds
[2025-07-11T11:44:25.747+0200] {processor.py:161} INFO - Started process (PID=71174) to work on /home/florent/Programs/anaconda3/envs/airflow_etl/lib/python3.11/site-packages/airflow/example_dags/example_sensors.py
[2025-07-11T11:44:25.749+0200] {processor.py:830} INFO - Processing file /home/florent/Programs/anaconda3/envs/airflow_etl/lib/python3.11/site-packages/airflow/example_dags/example_sensors.py for tasks to queue
[2025-07-11T11:44:25.751+0200] {logging_mixin.py:188} INFO - [2025-07-11T11:44:25.750+0200] {dagbag.py:545} INFO - Filling up the DagBag from /home/florent/Programs/anaconda3/envs/airflow_etl/lib/python3.11/site-packages/airflow/example_dags/example_sensors.py
[2025-07-11T11:44:25.761+0200] {processor.py:840} INFO - DAG(s) 'example_sensors' retrieved from /home/florent/Programs/anaconda3/envs/airflow_etl/lib/python3.11/site-packages/airflow/example_dags/example_sensors.py
[2025-07-11T11:44:25.775+0200] {logging_mixin.py:188} INFO - [2025-07-11T11:44:25.774+0200] {dag.py:3096} INFO - Sync 1 DAGs
[2025-07-11T11:44:25.780+0200] {logging_mixin.py:188} INFO - [2025-07-11T11:44:25.780+0200] {dag.py:3954} INFO - Setting next_dagrun for example_sensors to None, run_after=None
[2025-07-11T11:44:25.792+0200] {processor.py:183} INFO - Processing /home/florent/Programs/anaconda3/envs/airflow_etl/lib/python3.11/site-packages/airflow/example_dags/example_sensors.py took 0.050 seconds
[2025-07-11T11:45:36.606+0200] {processor.py:161} INFO - Started process (PID=72018) to work on /home/florent/Programs/anaconda3/envs/airflow_etl/lib/python3.11/site-packages/airflow/example_dags/example_sensors.py
[2025-07-11T11:45:36.609+0200] {processor.py:830} INFO - Processing file /home/florent/Programs/anaconda3/envs/airflow_etl/lib/python3.11/site-packages/airflow/example_dags/example_sensors.py for tasks to queue
[2025-07-11T11:45:36.610+0200] {logging_mixin.py:188} INFO - [2025-07-11T11:45:36.610+0200] {dagbag.py:545} INFO - Filling up the DagBag from /home/florent/Programs/anaconda3/envs/airflow_etl/lib/python3.11/site-packages/airflow/example_dags/example_sensors.py
[2025-07-11T11:45:36.620+0200] {processor.py:840} INFO - DAG(s) 'example_sensors' retrieved from /home/florent/Programs/anaconda3/envs/airflow_etl/lib/python3.11/site-packages/airflow/example_dags/example_sensors.py
[2025-07-11T11:45:36.636+0200] {logging_mixin.py:188} INFO - [2025-07-11T11:45:36.636+0200] {dag.py:3096} INFO - Sync 1 DAGs
[2025-07-11T11:45:36.641+0200] {logging_mixin.py:188} INFO - [2025-07-11T11:45:36.641+0200] {dag.py:3954} INFO - Setting next_dagrun for example_sensors to None, run_after=None
[2025-07-11T11:45:36.652+0200] {processor.py:183} INFO - Processing /home/florent/Programs/anaconda3/envs/airflow_etl/lib/python3.11/site-packages/airflow/example_dags/example_sensors.py took 0.051 seconds
[2025-07-11T11:46:38.068+0200] {processor.py:161} INFO - Started process (PID=72714) to work on /home/florent/Programs/anaconda3/envs/airflow_etl/lib/python3.11/site-packages/airflow/example_dags/example_sensors.py
[2025-07-11T11:46:38.071+0200] {processor.py:830} INFO - Processing file /home/florent/Programs/anaconda3/envs/airflow_etl/lib/python3.11/site-packages/airflow/example_dags/example_sensors.py for tasks to queue
[2025-07-11T11:46:38.073+0200] {logging_mixin.py:188} INFO - [2025-07-11T11:46:38.073+0200] {dagbag.py:545} INFO - Filling up the DagBag from /home/florent/Programs/anaconda3/envs/airflow_etl/lib/python3.11/site-packages/airflow/example_dags/example_sensors.py
[2025-07-11T11:46:38.084+0200] {processor.py:840} INFO - DAG(s) 'example_sensors' retrieved from /home/florent/Programs/anaconda3/envs/airflow_etl/lib/python3.11/site-packages/airflow/example_dags/example_sensors.py
[2025-07-11T11:46:38.099+0200] {logging_mixin.py:188} INFO - [2025-07-11T11:46:38.098+0200] {dag.py:3096} INFO - Sync 1 DAGs
[2025-07-11T11:46:38.105+0200] {logging_mixin.py:188} INFO - [2025-07-11T11:46:38.105+0200] {dag.py:3954} INFO - Setting next_dagrun for example_sensors to None, run_after=None
[2025-07-11T11:46:38.117+0200] {processor.py:183} INFO - Processing /home/florent/Programs/anaconda3/envs/airflow_etl/lib/python3.11/site-packages/airflow/example_dags/example_sensors.py took 0.055 seconds
[2025-07-11T11:47:43.529+0200] {processor.py:161} INFO - Started process (PID=73364) to work on /home/florent/Programs/anaconda3/envs/airflow_etl/lib/python3.11/site-packages/airflow/example_dags/example_sensors.py
[2025-07-11T11:47:43.532+0200] {processor.py:830} INFO - Processing file /home/florent/Programs/anaconda3/envs/airflow_etl/lib/python3.11/site-packages/airflow/example_dags/example_sensors.py for tasks to queue
[2025-07-11T11:47:43.534+0200] {logging_mixin.py:188} INFO - [2025-07-11T11:47:43.533+0200] {dagbag.py:545} INFO - Filling up the DagBag from /home/florent/Programs/anaconda3/envs/airflow_etl/lib/python3.11/site-packages/airflow/example_dags/example_sensors.py
[2025-07-11T11:47:43.544+0200] {processor.py:840} INFO - DAG(s) 'example_sensors' retrieved from /home/florent/Programs/anaconda3/envs/airflow_etl/lib/python3.11/site-packages/airflow/example_dags/example_sensors.py
[2025-07-11T11:47:43.559+0200] {logging_mixin.py:188} INFO - [2025-07-11T11:47:43.559+0200] {dag.py:3096} INFO - Sync 1 DAGs
[2025-07-11T11:47:43.566+0200] {logging_mixin.py:188} INFO - [2025-07-11T11:47:43.565+0200] {dag.py:3954} INFO - Setting next_dagrun for example_sensors to None, run_after=None
[2025-07-11T11:47:43.578+0200] {processor.py:183} INFO - Processing /home/florent/Programs/anaconda3/envs/airflow_etl/lib/python3.11/site-packages/airflow/example_dags/example_sensors.py took 0.056 seconds
[2025-07-11T11:48:47.161+0200] {processor.py:161} INFO - Started process (PID=74037) to work on /home/florent/Programs/anaconda3/envs/airflow_etl/lib/python3.11/site-packages/airflow/example_dags/example_sensors.py
[2025-07-11T11:48:47.164+0200] {processor.py:830} INFO - Processing file /home/florent/Programs/anaconda3/envs/airflow_etl/lib/python3.11/site-packages/airflow/example_dags/example_sensors.py for tasks to queue
[2025-07-11T11:48:47.166+0200] {logging_mixin.py:188} INFO - [2025-07-11T11:48:47.165+0200] {dagbag.py:545} INFO - Filling up the DagBag from /home/florent/Programs/anaconda3/envs/airflow_etl/lib/python3.11/site-packages/airflow/example_dags/example_sensors.py
[2025-07-11T11:48:47.175+0200] {processor.py:840} INFO - DAG(s) 'example_sensors' retrieved from /home/florent/Programs/anaconda3/envs/airflow_etl/lib/python3.11/site-packages/airflow/example_dags/example_sensors.py
[2025-07-11T11:48:47.189+0200] {logging_mixin.py:188} INFO - [2025-07-11T11:48:47.189+0200] {dag.py:3096} INFO - Sync 1 DAGs
[2025-07-11T11:48:47.196+0200] {logging_mixin.py:188} INFO - [2025-07-11T11:48:47.196+0200] {dag.py:3954} INFO - Setting next_dagrun for example_sensors to None, run_after=None
[2025-07-11T11:48:47.209+0200] {processor.py:183} INFO - Processing /home/florent/Programs/anaconda3/envs/airflow_etl/lib/python3.11/site-packages/airflow/example_dags/example_sensors.py took 0.054 seconds
[2025-07-11T11:49:50.011+0200] {processor.py:161} INFO - Started process (PID=74668) to work on /home/florent/Programs/anaconda3/envs/airflow_etl/lib/python3.11/site-packages/airflow/example_dags/example_sensors.py
[2025-07-11T11:49:50.013+0200] {processor.py:830} INFO - Processing file /home/florent/Programs/anaconda3/envs/airflow_etl/lib/python3.11/site-packages/airflow/example_dags/example_sensors.py for tasks to queue
[2025-07-11T11:49:50.015+0200] {logging_mixin.py:188} INFO - [2025-07-11T11:49:50.015+0200] {dagbag.py:545} INFO - Filling up the DagBag from /home/florent/Programs/anaconda3/envs/airflow_etl/lib/python3.11/site-packages/airflow/example_dags/example_sensors.py
[2025-07-11T11:49:50.025+0200] {processor.py:840} INFO - DAG(s) 'example_sensors' retrieved from /home/florent/Programs/anaconda3/envs/airflow_etl/lib/python3.11/site-packages/airflow/example_dags/example_sensors.py
[2025-07-11T11:49:50.037+0200] {logging_mixin.py:188} INFO - [2025-07-11T11:49:50.037+0200] {dag.py:3096} INFO - Sync 1 DAGs
[2025-07-11T11:49:50.043+0200] {logging_mixin.py:188} INFO - [2025-07-11T11:49:50.043+0200] {dag.py:3954} INFO - Setting next_dagrun for example_sensors to None, run_after=None
[2025-07-11T11:49:50.054+0200] {processor.py:183} INFO - Processing /home/florent/Programs/anaconda3/envs/airflow_etl/lib/python3.11/site-packages/airflow/example_dags/example_sensors.py took 0.049 seconds
[2025-07-11T11:50:58.342+0200] {processor.py:161} INFO - Started process (PID=75369) to work on /home/florent/Programs/anaconda3/envs/airflow_etl/lib/python3.11/site-packages/airflow/example_dags/example_sensors.py
[2025-07-11T11:50:58.345+0200] {processor.py:830} INFO - Processing file /home/florent/Programs/anaconda3/envs/airflow_etl/lib/python3.11/site-packages/airflow/example_dags/example_sensors.py for tasks to queue
[2025-07-11T11:50:58.347+0200] {logging_mixin.py:188} INFO - [2025-07-11T11:50:58.347+0200] {dagbag.py:545} INFO - Filling up the DagBag from /home/florent/Programs/anaconda3/envs/airflow_etl/lib/python3.11/site-packages/airflow/example_dags/example_sensors.py
[2025-07-11T11:50:58.358+0200] {processor.py:840} INFO - DAG(s) 'example_sensors' retrieved from /home/florent/Programs/anaconda3/envs/airflow_etl/lib/python3.11/site-packages/airflow/example_dags/example_sensors.py
[2025-07-11T11:50:58.378+0200] {logging_mixin.py:188} INFO - [2025-07-11T11:50:58.378+0200] {dag.py:3096} INFO - Sync 1 DAGs
[2025-07-11T11:50:58.385+0200] {logging_mixin.py:188} INFO - [2025-07-11T11:50:58.385+0200] {dag.py:3954} INFO - Setting next_dagrun for example_sensors to None, run_after=None
[2025-07-11T11:50:58.397+0200] {processor.py:183} INFO - Processing /home/florent/Programs/anaconda3/envs/airflow_etl/lib/python3.11/site-packages/airflow/example_dags/example_sensors.py took 0.060 seconds
[2025-07-11T11:52:02.947+0200] {processor.py:161} INFO - Started process (PID=76029) to work on /home/florent/Programs/anaconda3/envs/airflow_etl/lib/python3.11/site-packages/airflow/example_dags/example_sensors.py
[2025-07-11T11:52:02.949+0200] {processor.py:830} INFO - Processing file /home/florent/Programs/anaconda3/envs/airflow_etl/lib/python3.11/site-packages/airflow/example_dags/example_sensors.py for tasks to queue
[2025-07-11T11:52:02.952+0200] {logging_mixin.py:188} INFO - [2025-07-11T11:52:02.951+0200] {dagbag.py:545} INFO - Filling up the DagBag from /home/florent/Programs/anaconda3/envs/airflow_etl/lib/python3.11/site-packages/airflow/example_dags/example_sensors.py
[2025-07-11T11:52:02.961+0200] {processor.py:840} INFO - DAG(s) 'example_sensors' retrieved from /home/florent/Programs/anaconda3/envs/airflow_etl/lib/python3.11/site-packages/airflow/example_dags/example_sensors.py
[2025-07-11T11:52:02.975+0200] {logging_mixin.py:188} INFO - [2025-07-11T11:52:02.975+0200] {dag.py:3096} INFO - Sync 1 DAGs
[2025-07-11T11:52:02.981+0200] {logging_mixin.py:188} INFO - [2025-07-11T11:52:02.981+0200] {dag.py:3954} INFO - Setting next_dagrun for example_sensors to None, run_after=None
[2025-07-11T11:52:02.994+0200] {processor.py:183} INFO - Processing /home/florent/Programs/anaconda3/envs/airflow_etl/lib/python3.11/site-packages/airflow/example_dags/example_sensors.py took 0.053 seconds
[2025-07-11T11:53:07.938+0200] {processor.py:161} INFO - Started process (PID=76678) to work on /home/florent/Programs/anaconda3/envs/airflow_etl/lib/python3.11/site-packages/airflow/example_dags/example_sensors.py
[2025-07-11T11:53:07.940+0200] {processor.py:830} INFO - Processing file /home/florent/Programs/anaconda3/envs/airflow_etl/lib/python3.11/site-packages/airflow/example_dags/example_sensors.py for tasks to queue
[2025-07-11T11:53:07.942+0200] {logging_mixin.py:188} INFO - [2025-07-11T11:53:07.942+0200] {dagbag.py:545} INFO - Filling up the DagBag from /home/florent/Programs/anaconda3/envs/airflow_etl/lib/python3.11/site-packages/airflow/example_dags/example_sensors.py
[2025-07-11T11:53:07.951+0200] {processor.py:840} INFO - DAG(s) 'example_sensors' retrieved from /home/florent/Programs/anaconda3/envs/airflow_etl/lib/python3.11/site-packages/airflow/example_dags/example_sensors.py
[2025-07-11T11:53:07.963+0200] {logging_mixin.py:188} INFO - [2025-07-11T11:53:07.963+0200] {dag.py:3096} INFO - Sync 1 DAGs
[2025-07-11T11:53:07.969+0200] {logging_mixin.py:188} INFO - [2025-07-11T11:53:07.969+0200] {dag.py:3954} INFO - Setting next_dagrun for example_sensors to None, run_after=None
[2025-07-11T11:53:07.979+0200] {processor.py:183} INFO - Processing /home/florent/Programs/anaconda3/envs/airflow_etl/lib/python3.11/site-packages/airflow/example_dags/example_sensors.py took 0.047 seconds
[2025-07-11T11:54:13.096+0200] {processor.py:161} INFO - Started process (PID=77324) to work on /home/florent/Programs/anaconda3/envs/airflow_etl/lib/python3.11/site-packages/airflow/example_dags/example_sensors.py
[2025-07-11T11:54:13.099+0200] {processor.py:830} INFO - Processing file /home/florent/Programs/anaconda3/envs/airflow_etl/lib/python3.11/site-packages/airflow/example_dags/example_sensors.py for tasks to queue
[2025-07-11T11:54:13.101+0200] {logging_mixin.py:188} INFO - [2025-07-11T11:54:13.101+0200] {dagbag.py:545} INFO - Filling up the DagBag from /home/florent/Programs/anaconda3/envs/airflow_etl/lib/python3.11/site-packages/airflow/example_dags/example_sensors.py
[2025-07-11T11:54:13.110+0200] {processor.py:840} INFO - DAG(s) 'example_sensors' retrieved from /home/florent/Programs/anaconda3/envs/airflow_etl/lib/python3.11/site-packages/airflow/example_dags/example_sensors.py
[2025-07-11T11:54:13.124+0200] {logging_mixin.py:188} INFO - [2025-07-11T11:54:13.124+0200] {dag.py:3096} INFO - Sync 1 DAGs
[2025-07-11T11:54:13.131+0200] {logging_mixin.py:188} INFO - [2025-07-11T11:54:13.131+0200] {dag.py:3954} INFO - Setting next_dagrun for example_sensors to None, run_after=None
[2025-07-11T11:54:13.143+0200] {processor.py:183} INFO - Processing /home/florent/Programs/anaconda3/envs/airflow_etl/lib/python3.11/site-packages/airflow/example_dags/example_sensors.py took 0.054 seconds
[2025-07-11T11:55:22.249+0200] {processor.py:161} INFO - Started process (PID=78069) to work on /home/florent/Programs/anaconda3/envs/airflow_etl/lib/python3.11/site-packages/airflow/example_dags/example_sensors.py
[2025-07-11T11:55:22.252+0200] {processor.py:830} INFO - Processing file /home/florent/Programs/anaconda3/envs/airflow_etl/lib/python3.11/site-packages/airflow/example_dags/example_sensors.py for tasks to queue
[2025-07-11T11:55:22.253+0200] {logging_mixin.py:188} INFO - [2025-07-11T11:55:22.253+0200] {dagbag.py:545} INFO - Filling up the DagBag from /home/florent/Programs/anaconda3/envs/airflow_etl/lib/python3.11/site-packages/airflow/example_dags/example_sensors.py
[2025-07-11T11:55:22.262+0200] {processor.py:840} INFO - DAG(s) 'example_sensors' retrieved from /home/florent/Programs/anaconda3/envs/airflow_etl/lib/python3.11/site-packages/airflow/example_dags/example_sensors.py
[2025-07-11T11:55:22.274+0200] {logging_mixin.py:188} INFO - [2025-07-11T11:55:22.274+0200] {dag.py:3096} INFO - Sync 1 DAGs
[2025-07-11T11:55:22.279+0200] {logging_mixin.py:188} INFO - [2025-07-11T11:55:22.279+0200] {dag.py:3954} INFO - Setting next_dagrun for example_sensors to None, run_after=None
[2025-07-11T11:55:22.293+0200] {processor.py:183} INFO - Processing /home/florent/Programs/anaconda3/envs/airflow_etl/lib/python3.11/site-packages/airflow/example_dags/example_sensors.py took 0.049 seconds
[2025-07-11T11:56:23.426+0200] {processor.py:161} INFO - Started process (PID=78692) to work on /home/florent/Programs/anaconda3/envs/airflow_etl/lib/python3.11/site-packages/airflow/example_dags/example_sensors.py
[2025-07-11T11:56:23.429+0200] {processor.py:830} INFO - Processing file /home/florent/Programs/anaconda3/envs/airflow_etl/lib/python3.11/site-packages/airflow/example_dags/example_sensors.py for tasks to queue
[2025-07-11T11:56:23.431+0200] {logging_mixin.py:188} INFO - [2025-07-11T11:56:23.431+0200] {dagbag.py:545} INFO - Filling up the DagBag from /home/florent/Programs/anaconda3/envs/airflow_etl/lib/python3.11/site-packages/airflow/example_dags/example_sensors.py
[2025-07-11T11:56:23.441+0200] {processor.py:840} INFO - DAG(s) 'example_sensors' retrieved from /home/florent/Programs/anaconda3/envs/airflow_etl/lib/python3.11/site-packages/airflow/example_dags/example_sensors.py
[2025-07-11T11:56:23.457+0200] {logging_mixin.py:188} INFO - [2025-07-11T11:56:23.457+0200] {dag.py:3096} INFO - Sync 1 DAGs
[2025-07-11T11:56:23.464+0200] {logging_mixin.py:188} INFO - [2025-07-11T11:56:23.464+0200] {dag.py:3954} INFO - Setting next_dagrun for example_sensors to None, run_after=None
[2025-07-11T11:56:23.478+0200] {processor.py:183} INFO - Processing /home/florent/Programs/anaconda3/envs/airflow_etl/lib/python3.11/site-packages/airflow/example_dags/example_sensors.py took 0.058 seconds
[2025-07-11T11:57:26.546+0200] {processor.py:161} INFO - Started process (PID=79317) to work on /home/florent/Programs/anaconda3/envs/airflow_etl/lib/python3.11/site-packages/airflow/example_dags/example_sensors.py
[2025-07-11T11:57:26.549+0200] {processor.py:830} INFO - Processing file /home/florent/Programs/anaconda3/envs/airflow_etl/lib/python3.11/site-packages/airflow/example_dags/example_sensors.py for tasks to queue
[2025-07-11T11:57:26.551+0200] {logging_mixin.py:188} INFO - [2025-07-11T11:57:26.550+0200] {dagbag.py:545} INFO - Filling up the DagBag from /home/florent/Programs/anaconda3/envs/airflow_etl/lib/python3.11/site-packages/airflow/example_dags/example_sensors.py
[2025-07-11T11:57:26.559+0200] {processor.py:840} INFO - DAG(s) 'example_sensors' retrieved from /home/florent/Programs/anaconda3/envs/airflow_etl/lib/python3.11/site-packages/airflow/example_dags/example_sensors.py
[2025-07-11T11:57:26.573+0200] {logging_mixin.py:188} INFO - [2025-07-11T11:57:26.572+0200] {dag.py:3096} INFO - Sync 1 DAGs
[2025-07-11T11:57:26.580+0200] {logging_mixin.py:188} INFO - [2025-07-11T11:57:26.579+0200] {dag.py:3954} INFO - Setting next_dagrun for example_sensors to None, run_after=None
[2025-07-11T11:57:26.592+0200] {processor.py:183} INFO - Processing /home/florent/Programs/anaconda3/envs/airflow_etl/lib/python3.11/site-packages/airflow/example_dags/example_sensors.py took 0.053 seconds
[2025-07-11T11:58:33.839+0200] {processor.py:161} INFO - Started process (PID=80002) to work on /home/florent/Programs/anaconda3/envs/airflow_etl/lib/python3.11/site-packages/airflow/example_dags/example_sensors.py
[2025-07-11T11:58:33.841+0200] {processor.py:830} INFO - Processing file /home/florent/Programs/anaconda3/envs/airflow_etl/lib/python3.11/site-packages/airflow/example_dags/example_sensors.py for tasks to queue
[2025-07-11T11:58:33.843+0200] {logging_mixin.py:188} INFO - [2025-07-11T11:58:33.843+0200] {dagbag.py:545} INFO - Filling up the DagBag from /home/florent/Programs/anaconda3/envs/airflow_etl/lib/python3.11/site-packages/airflow/example_dags/example_sensors.py
[2025-07-11T11:58:33.855+0200] {processor.py:840} INFO - DAG(s) 'example_sensors' retrieved from /home/florent/Programs/anaconda3/envs/airflow_etl/lib/python3.11/site-packages/airflow/example_dags/example_sensors.py
[2025-07-11T11:58:33.873+0200] {logging_mixin.py:188} INFO - [2025-07-11T11:58:33.872+0200] {dag.py:3096} INFO - Sync 1 DAGs
[2025-07-11T11:58:33.882+0200] {logging_mixin.py:188} INFO - [2025-07-11T11:58:33.882+0200] {dag.py:3954} INFO - Setting next_dagrun for example_sensors to None, run_after=None
[2025-07-11T11:58:33.898+0200] {processor.py:183} INFO - Processing /home/florent/Programs/anaconda3/envs/airflow_etl/lib/python3.11/site-packages/airflow/example_dags/example_sensors.py took 0.065 seconds
[2025-07-11T11:59:39.768+0200] {processor.py:161} INFO - Started process (PID=80642) to work on /home/florent/Programs/anaconda3/envs/airflow_etl/lib/python3.11/site-packages/airflow/example_dags/example_sensors.py
[2025-07-11T11:59:39.771+0200] {processor.py:830} INFO - Processing file /home/florent/Programs/anaconda3/envs/airflow_etl/lib/python3.11/site-packages/airflow/example_dags/example_sensors.py for tasks to queue
[2025-07-11T11:59:39.773+0200] {logging_mixin.py:188} INFO - [2025-07-11T11:59:39.772+0200] {dagbag.py:545} INFO - Filling up the DagBag from /home/florent/Programs/anaconda3/envs/airflow_etl/lib/python3.11/site-packages/airflow/example_dags/example_sensors.py
[2025-07-11T11:59:39.783+0200] {processor.py:840} INFO - DAG(s) 'example_sensors' retrieved from /home/florent/Programs/anaconda3/envs/airflow_etl/lib/python3.11/site-packages/airflow/example_dags/example_sensors.py
[2025-07-11T11:59:39.804+0200] {logging_mixin.py:188} INFO - [2025-07-11T11:59:39.803+0200] {dag.py:3096} INFO - Sync 1 DAGs
[2025-07-11T11:59:39.813+0200] {logging_mixin.py:188} INFO - [2025-07-11T11:59:39.812+0200] {dag.py:3954} INFO - Setting next_dagrun for example_sensors to None, run_after=None
[2025-07-11T11:59:39.824+0200] {processor.py:183} INFO - Processing /home/florent/Programs/anaconda3/envs/airflow_etl/lib/python3.11/site-packages/airflow/example_dags/example_sensors.py took 0.062 seconds
[2025-07-11T12:00:50.766+0200] {processor.py:161} INFO - Started process (PID=81374) to work on /home/florent/Programs/anaconda3/envs/airflow_etl/lib/python3.11/site-packages/airflow/example_dags/example_sensors.py
[2025-07-11T12:00:50.769+0200] {processor.py:830} INFO - Processing file /home/florent/Programs/anaconda3/envs/airflow_etl/lib/python3.11/site-packages/airflow/example_dags/example_sensors.py for tasks to queue
[2025-07-11T12:00:50.771+0200] {logging_mixin.py:188} INFO - [2025-07-11T12:00:50.770+0200] {dagbag.py:545} INFO - Filling up the DagBag from /home/florent/Programs/anaconda3/envs/airflow_etl/lib/python3.11/site-packages/airflow/example_dags/example_sensors.py
[2025-07-11T12:00:50.783+0200] {processor.py:840} INFO - DAG(s) 'example_sensors' retrieved from /home/florent/Programs/anaconda3/envs/airflow_etl/lib/python3.11/site-packages/airflow/example_dags/example_sensors.py
[2025-07-11T12:00:50.800+0200] {logging_mixin.py:188} INFO - [2025-07-11T12:00:50.800+0200] {dag.py:3096} INFO - Sync 1 DAGs
[2025-07-11T12:00:50.807+0200] {logging_mixin.py:188} INFO - [2025-07-11T12:00:50.807+0200] {dag.py:3954} INFO - Setting next_dagrun for example_sensors to None, run_after=None
[2025-07-11T12:00:50.820+0200] {processor.py:183} INFO - Processing /home/florent/Programs/anaconda3/envs/airflow_etl/lib/python3.11/site-packages/airflow/example_dags/example_sensors.py took 0.061 seconds
[2025-07-11T12:01:55.322+0200] {processor.py:161} INFO - Started process (PID=82022) to work on /home/florent/Programs/anaconda3/envs/airflow_etl/lib/python3.11/site-packages/airflow/example_dags/example_sensors.py
[2025-07-11T12:01:55.325+0200] {processor.py:830} INFO - Processing file /home/florent/Programs/anaconda3/envs/airflow_etl/lib/python3.11/site-packages/airflow/example_dags/example_sensors.py for tasks to queue
[2025-07-11T12:01:55.327+0200] {logging_mixin.py:188} INFO - [2025-07-11T12:01:55.327+0200] {dagbag.py:545} INFO - Filling up the DagBag from /home/florent/Programs/anaconda3/envs/airflow_etl/lib/python3.11/site-packages/airflow/example_dags/example_sensors.py
[2025-07-11T12:01:55.338+0200] {processor.py:840} INFO - DAG(s) 'example_sensors' retrieved from /home/florent/Programs/anaconda3/envs/airflow_etl/lib/python3.11/site-packages/airflow/example_dags/example_sensors.py
[2025-07-11T12:01:55.358+0200] {logging_mixin.py:188} INFO - [2025-07-11T12:01:55.358+0200] {dag.py:3096} INFO - Sync 1 DAGs
[2025-07-11T12:01:55.365+0200] {logging_mixin.py:188} INFO - [2025-07-11T12:01:55.365+0200] {dag.py:3954} INFO - Setting next_dagrun for example_sensors to None, run_after=None
[2025-07-11T12:01:55.377+0200] {processor.py:183} INFO - Processing /home/florent/Programs/anaconda3/envs/airflow_etl/lib/python3.11/site-packages/airflow/example_dags/example_sensors.py took 0.061 seconds
[2025-07-11T12:02:56.455+0200] {processor.py:161} INFO - Started process (PID=82629) to work on /home/florent/Programs/anaconda3/envs/airflow_etl/lib/python3.11/site-packages/airflow/example_dags/example_sensors.py
[2025-07-11T12:02:56.458+0200] {processor.py:830} INFO - Processing file /home/florent/Programs/anaconda3/envs/airflow_etl/lib/python3.11/site-packages/airflow/example_dags/example_sensors.py for tasks to queue
[2025-07-11T12:02:56.460+0200] {logging_mixin.py:188} INFO - [2025-07-11T12:02:56.459+0200] {dagbag.py:545} INFO - Filling up the DagBag from /home/florent/Programs/anaconda3/envs/airflow_etl/lib/python3.11/site-packages/airflow/example_dags/example_sensors.py
[2025-07-11T12:02:56.470+0200] {processor.py:840} INFO - DAG(s) 'example_sensors' retrieved from /home/florent/Programs/anaconda3/envs/airflow_etl/lib/python3.11/site-packages/airflow/example_dags/example_sensors.py
[2025-07-11T12:02:56.486+0200] {logging_mixin.py:188} INFO - [2025-07-11T12:02:56.486+0200] {dag.py:3096} INFO - Sync 1 DAGs
[2025-07-11T12:02:56.492+0200] {logging_mixin.py:188} INFO - [2025-07-11T12:02:56.492+0200] {dag.py:3954} INFO - Setting next_dagrun for example_sensors to None, run_after=None
[2025-07-11T12:02:56.504+0200] {processor.py:183} INFO - Processing /home/florent/Programs/anaconda3/envs/airflow_etl/lib/python3.11/site-packages/airflow/example_dags/example_sensors.py took 0.055 seconds
[2025-07-11T12:04:05.602+0200] {processor.py:161} INFO - Started process (PID=83317) to work on /home/florent/Programs/anaconda3/envs/airflow_etl/lib/python3.11/site-packages/airflow/example_dags/example_sensors.py
[2025-07-11T12:04:05.605+0200] {processor.py:830} INFO - Processing file /home/florent/Programs/anaconda3/envs/airflow_etl/lib/python3.11/site-packages/airflow/example_dags/example_sensors.py for tasks to queue
[2025-07-11T12:04:05.606+0200] {logging_mixin.py:188} INFO - [2025-07-11T12:04:05.606+0200] {dagbag.py:545} INFO - Filling up the DagBag from /home/florent/Programs/anaconda3/envs/airflow_etl/lib/python3.11/site-packages/airflow/example_dags/example_sensors.py
[2025-07-11T12:04:05.614+0200] {processor.py:840} INFO - DAG(s) 'example_sensors' retrieved from /home/florent/Programs/anaconda3/envs/airflow_etl/lib/python3.11/site-packages/airflow/example_dags/example_sensors.py
[2025-07-11T12:04:05.626+0200] {logging_mixin.py:188} INFO - [2025-07-11T12:04:05.626+0200] {dag.py:3096} INFO - Sync 1 DAGs
[2025-07-11T12:04:05.633+0200] {logging_mixin.py:188} INFO - [2025-07-11T12:04:05.633+0200] {dag.py:3954} INFO - Setting next_dagrun for example_sensors to None, run_after=None
[2025-07-11T12:04:05.645+0200] {processor.py:183} INFO - Processing /home/florent/Programs/anaconda3/envs/airflow_etl/lib/python3.11/site-packages/airflow/example_dags/example_sensors.py took 0.050 seconds
[2025-07-11T12:05:11.033+0200] {processor.py:161} INFO - Started process (PID=84045) to work on /home/florent/Programs/anaconda3/envs/airflow_etl/lib/python3.11/site-packages/airflow/example_dags/example_sensors.py
[2025-07-11T12:05:11.036+0200] {processor.py:830} INFO - Processing file /home/florent/Programs/anaconda3/envs/airflow_etl/lib/python3.11/site-packages/airflow/example_dags/example_sensors.py for tasks to queue
[2025-07-11T12:05:11.038+0200] {logging_mixin.py:188} INFO - [2025-07-11T12:05:11.038+0200] {dagbag.py:545} INFO - Filling up the DagBag from /home/florent/Programs/anaconda3/envs/airflow_etl/lib/python3.11/site-packages/airflow/example_dags/example_sensors.py
[2025-07-11T12:05:11.047+0200] {processor.py:840} INFO - DAG(s) 'example_sensors' retrieved from /home/florent/Programs/anaconda3/envs/airflow_etl/lib/python3.11/site-packages/airflow/example_dags/example_sensors.py
[2025-07-11T12:05:11.064+0200] {logging_mixin.py:188} INFO - [2025-07-11T12:05:11.063+0200] {dag.py:3096} INFO - Sync 1 DAGs
[2025-07-11T12:05:11.070+0200] {logging_mixin.py:188} INFO - [2025-07-11T12:05:11.069+0200] {dag.py:3954} INFO - Setting next_dagrun for example_sensors to None, run_after=None
[2025-07-11T12:05:11.081+0200] {processor.py:183} INFO - Processing /home/florent/Programs/anaconda3/envs/airflow_etl/lib/python3.11/site-packages/airflow/example_dags/example_sensors.py took 0.054 seconds
