[2025-07-11T11:03:40.821+0200] {processor.py:161} INFO - Started process (PID=42329) to work on /home/florent/Programs/anaconda3/envs/airflow_etl/lib/python3.11/site-packages/airflow/example_dags/tutorial_objectstorage.py
[2025-07-11T11:03:40.822+0200] {processor.py:830} INFO - Processing file /home/florent/Programs/anaconda3/envs/airflow_etl/lib/python3.11/site-packages/airflow/example_dags/tutorial_objectstorage.py for tasks to queue
[2025-07-11T11:03:40.822+0200] {logging_mixin.py:188} INFO - [2025-07-11T11:03:40.822+0200] {dagbag.py:545} INFO - Filling up the DagBag from /home/florent/Programs/anaconda3/envs/airflow_etl/lib/python3.11/site-packages/airflow/example_dags/tutorial_objectstorage.py
[2025-07-11T11:03:40.829+0200] {processor.py:840} INFO - DAG(s) 'tutorial_objectstorage' retrieved from /home/florent/Programs/anaconda3/envs/airflow_etl/lib/python3.11/site-packages/airflow/example_dags/tutorial_objectstorage.py
[2025-07-11T11:03:40.883+0200] {logging_mixin.py:188} INFO - [2025-07-11T11:03:40.883+0200] {dag.py:3096} INFO - Sync 1 DAGs
[2025-07-11T11:03:40.888+0200] {logging_mixin.py:188} INFO - [2025-07-11T11:03:40.888+0200] {dag.py:3954} INFO - Setting next_dagrun for tutorial_objectstorage to None, run_after=None
[2025-07-11T11:03:40.900+0200] {processor.py:183} INFO - Processing /home/florent/Programs/anaconda3/envs/airflow_etl/lib/python3.11/site-packages/airflow/example_dags/tutorial_objectstorage.py took 0.084 seconds
[2025-07-11T11:04:31.163+0200] {processor.py:161} INFO - Started process (PID=42881) to work on /home/florent/Programs/anaconda3/envs/airflow_etl/lib/python3.11/site-packages/airflow/example_dags/tutorial_objectstorage.py
[2025-07-11T11:04:31.166+0200] {processor.py:830} INFO - Processing file /home/florent/Programs/anaconda3/envs/airflow_etl/lib/python3.11/site-packages/airflow/example_dags/tutorial_objectstorage.py for tasks to queue
[2025-07-11T11:04:31.167+0200] {logging_mixin.py:188} INFO - [2025-07-11T11:04:31.166+0200] {dagbag.py:545} INFO - Filling up the DagBag from /home/florent/Programs/anaconda3/envs/airflow_etl/lib/python3.11/site-packages/airflow/example_dags/tutorial_objectstorage.py
[2025-07-11T11:04:31.175+0200] {processor.py:840} INFO - DAG(s) 'tutorial_objectstorage' retrieved from /home/florent/Programs/anaconda3/envs/airflow_etl/lib/python3.11/site-packages/airflow/example_dags/tutorial_objectstorage.py
[2025-07-11T11:04:31.188+0200] {logging_mixin.py:188} INFO - [2025-07-11T11:04:31.188+0200] {dag.py:3096} INFO - Sync 1 DAGs
[2025-07-11T11:04:31.194+0200] {logging_mixin.py:188} INFO - [2025-07-11T11:04:31.194+0200] {dag.py:3954} INFO - Setting next_dagrun for tutorial_objectstorage to None, run_after=None
[2025-07-11T11:04:31.206+0200] {processor.py:183} INFO - Processing /home/florent/Programs/anaconda3/envs/airflow_etl/lib/python3.11/site-packages/airflow/example_dags/tutorial_objectstorage.py took 0.050 seconds
[2025-07-11T11:05:23.971+0200] {processor.py:161} INFO - Started process (PID=43482) to work on /home/florent/Programs/anaconda3/envs/airflow_etl/lib/python3.11/site-packages/airflow/example_dags/tutorial_objectstorage.py
[2025-07-11T11:05:23.973+0200] {processor.py:830} INFO - Processing file /home/florent/Programs/anaconda3/envs/airflow_etl/lib/python3.11/site-packages/airflow/example_dags/tutorial_objectstorage.py for tasks to queue
[2025-07-11T11:05:23.975+0200] {logging_mixin.py:188} INFO - [2025-07-11T11:05:23.974+0200] {dagbag.py:545} INFO - Filling up the DagBag from /home/florent/Programs/anaconda3/envs/airflow_etl/lib/python3.11/site-packages/airflow/example_dags/tutorial_objectstorage.py
[2025-07-11T11:05:23.982+0200] {processor.py:840} INFO - DAG(s) 'tutorial_objectstorage' retrieved from /home/florent/Programs/anaconda3/envs/airflow_etl/lib/python3.11/site-packages/airflow/example_dags/tutorial_objectstorage.py
[2025-07-11T11:05:23.993+0200] {logging_mixin.py:188} INFO - [2025-07-11T11:05:23.993+0200] {dag.py:3096} INFO - Sync 1 DAGs
[2025-07-11T11:05:23.998+0200] {logging_mixin.py:188} INFO - [2025-07-11T11:05:23.998+0200] {dag.py:3954} INFO - Setting next_dagrun for tutorial_objectstorage to None, run_after=None
[2025-07-11T11:05:24.007+0200] {processor.py:183} INFO - Processing /home/florent/Programs/anaconda3/envs/airflow_etl/lib/python3.11/site-packages/airflow/example_dags/tutorial_objectstorage.py took 0.042 seconds
[2025-07-11T11:06:22.963+0200] {processor.py:161} INFO - Started process (PID=44193) to work on /home/florent/Programs/anaconda3/envs/airflow_etl/lib/python3.11/site-packages/airflow/example_dags/tutorial_objectstorage.py
[2025-07-11T11:06:22.965+0200] {processor.py:830} INFO - Processing file /home/florent/Programs/anaconda3/envs/airflow_etl/lib/python3.11/site-packages/airflow/example_dags/tutorial_objectstorage.py for tasks to queue
[2025-07-11T11:06:22.966+0200] {logging_mixin.py:188} INFO - [2025-07-11T11:06:22.965+0200] {dagbag.py:545} INFO - Filling up the DagBag from /home/florent/Programs/anaconda3/envs/airflow_etl/lib/python3.11/site-packages/airflow/example_dags/tutorial_objectstorage.py
[2025-07-11T11:06:22.973+0200] {processor.py:840} INFO - DAG(s) 'tutorial_objectstorage' retrieved from /home/florent/Programs/anaconda3/envs/airflow_etl/lib/python3.11/site-packages/airflow/example_dags/tutorial_objectstorage.py
[2025-07-11T11:06:22.983+0200] {logging_mixin.py:188} INFO - [2025-07-11T11:06:22.983+0200] {dag.py:3096} INFO - Sync 1 DAGs
[2025-07-11T11:06:22.988+0200] {logging_mixin.py:188} INFO - [2025-07-11T11:06:22.988+0200] {dag.py:3954} INFO - Setting next_dagrun for tutorial_objectstorage to None, run_after=None
[2025-07-11T11:06:23.000+0200] {processor.py:183} INFO - Processing /home/florent/Programs/anaconda3/envs/airflow_etl/lib/python3.11/site-packages/airflow/example_dags/tutorial_objectstorage.py took 0.042 seconds
[2025-07-11T11:07:33.691+0200] {processor.py:161} INFO - Started process (PID=45486) to work on /home/florent/Programs/anaconda3/envs/airflow_etl/lib/python3.11/site-packages/airflow/example_dags/tutorial_objectstorage.py
[2025-07-11T11:07:33.694+0200] {processor.py:830} INFO - Processing file /home/florent/Programs/anaconda3/envs/airflow_etl/lib/python3.11/site-packages/airflow/example_dags/tutorial_objectstorage.py for tasks to queue
[2025-07-11T11:07:33.695+0200] {logging_mixin.py:188} INFO - [2025-07-11T11:07:33.695+0200] {dagbag.py:545} INFO - Filling up the DagBag from /home/florent/Programs/anaconda3/envs/airflow_etl/lib/python3.11/site-packages/airflow/example_dags/tutorial_objectstorage.py
[2025-07-11T11:07:33.702+0200] {processor.py:840} INFO - DAG(s) 'tutorial_objectstorage' retrieved from /home/florent/Programs/anaconda3/envs/airflow_etl/lib/python3.11/site-packages/airflow/example_dags/tutorial_objectstorage.py
[2025-07-11T11:07:33.714+0200] {logging_mixin.py:188} INFO - [2025-07-11T11:07:33.714+0200] {dag.py:3096} INFO - Sync 1 DAGs
[2025-07-11T11:07:33.719+0200] {logging_mixin.py:188} INFO - [2025-07-11T11:07:33.719+0200] {dag.py:3954} INFO - Setting next_dagrun for tutorial_objectstorage to None, run_after=None
[2025-07-11T11:07:33.731+0200] {processor.py:183} INFO - Processing /home/florent/Programs/anaconda3/envs/airflow_etl/lib/python3.11/site-packages/airflow/example_dags/tutorial_objectstorage.py took 0.046 seconds
[2025-07-11T11:08:20.664+0200] {processor.py:161} INFO - Started process (PID=45979) to work on /home/florent/Programs/anaconda3/envs/airflow_etl/lib/python3.11/site-packages/airflow/example_dags/tutorial_objectstorage.py
[2025-07-11T11:08:20.667+0200] {processor.py:830} INFO - Processing file /home/florent/Programs/anaconda3/envs/airflow_etl/lib/python3.11/site-packages/airflow/example_dags/tutorial_objectstorage.py for tasks to queue
[2025-07-11T11:08:20.669+0200] {logging_mixin.py:188} INFO - [2025-07-11T11:08:20.668+0200] {dagbag.py:545} INFO - Filling up the DagBag from /home/florent/Programs/anaconda3/envs/airflow_etl/lib/python3.11/site-packages/airflow/example_dags/tutorial_objectstorage.py
[2025-07-11T11:08:20.677+0200] {processor.py:840} INFO - DAG(s) 'tutorial_objectstorage' retrieved from /home/florent/Programs/anaconda3/envs/airflow_etl/lib/python3.11/site-packages/airflow/example_dags/tutorial_objectstorage.py
[2025-07-11T11:08:20.693+0200] {logging_mixin.py:188} INFO - [2025-07-11T11:08:20.693+0200] {dag.py:3096} INFO - Sync 1 DAGs
[2025-07-11T11:08:20.699+0200] {logging_mixin.py:188} INFO - [2025-07-11T11:08:20.699+0200] {dag.py:3954} INFO - Setting next_dagrun for tutorial_objectstorage to None, run_after=None
[2025-07-11T11:08:20.711+0200] {processor.py:183} INFO - Processing /home/florent/Programs/anaconda3/envs/airflow_etl/lib/python3.11/site-packages/airflow/example_dags/tutorial_objectstorage.py took 0.053 seconds
[2025-07-11T11:09:19.523+0200] {processor.py:161} INFO - Started process (PID=46729) to work on /home/florent/Programs/anaconda3/envs/airflow_etl/lib/python3.11/site-packages/airflow/example_dags/tutorial_objectstorage.py
[2025-07-11T11:09:19.525+0200] {processor.py:830} INFO - Processing file /home/florent/Programs/anaconda3/envs/airflow_etl/lib/python3.11/site-packages/airflow/example_dags/tutorial_objectstorage.py for tasks to queue
[2025-07-11T11:09:19.526+0200] {logging_mixin.py:188} INFO - [2025-07-11T11:09:19.526+0200] {dagbag.py:545} INFO - Filling up the DagBag from /home/florent/Programs/anaconda3/envs/airflow_etl/lib/python3.11/site-packages/airflow/example_dags/tutorial_objectstorage.py
[2025-07-11T11:09:19.534+0200] {processor.py:840} INFO - DAG(s) 'tutorial_objectstorage' retrieved from /home/florent/Programs/anaconda3/envs/airflow_etl/lib/python3.11/site-packages/airflow/example_dags/tutorial_objectstorage.py
[2025-07-11T11:09:19.544+0200] {logging_mixin.py:188} INFO - [2025-07-11T11:09:19.544+0200] {dag.py:3096} INFO - Sync 1 DAGs
[2025-07-11T11:09:19.550+0200] {logging_mixin.py:188} INFO - [2025-07-11T11:09:19.550+0200] {dag.py:3954} INFO - Setting next_dagrun for tutorial_objectstorage to None, run_after=None
[2025-07-11T11:09:19.561+0200] {processor.py:183} INFO - Processing /home/florent/Programs/anaconda3/envs/airflow_etl/lib/python3.11/site-packages/airflow/example_dags/tutorial_objectstorage.py took 0.046 seconds
[2025-07-11T11:10:24.625+0200] {processor.py:161} INFO - Started process (PID=47621) to work on /home/florent/Programs/anaconda3/envs/airflow_etl/lib/python3.11/site-packages/airflow/example_dags/tutorial_objectstorage.py
[2025-07-11T11:10:24.628+0200] {processor.py:830} INFO - Processing file /home/florent/Programs/anaconda3/envs/airflow_etl/lib/python3.11/site-packages/airflow/example_dags/tutorial_objectstorage.py for tasks to queue
[2025-07-11T11:10:24.629+0200] {logging_mixin.py:188} INFO - [2025-07-11T11:10:24.629+0200] {dagbag.py:545} INFO - Filling up the DagBag from /home/florent/Programs/anaconda3/envs/airflow_etl/lib/python3.11/site-packages/airflow/example_dags/tutorial_objectstorage.py
[2025-07-11T11:10:24.637+0200] {processor.py:840} INFO - DAG(s) 'tutorial_objectstorage' retrieved from /home/florent/Programs/anaconda3/envs/airflow_etl/lib/python3.11/site-packages/airflow/example_dags/tutorial_objectstorage.py
[2025-07-11T11:10:24.647+0200] {logging_mixin.py:188} INFO - [2025-07-11T11:10:24.647+0200] {dag.py:3096} INFO - Sync 1 DAGs
[2025-07-11T11:10:24.653+0200] {logging_mixin.py:188} INFO - [2025-07-11T11:10:24.653+0200] {dag.py:3954} INFO - Setting next_dagrun for tutorial_objectstorage to None, run_after=None
[2025-07-11T11:10:24.663+0200] {processor.py:183} INFO - Processing /home/florent/Programs/anaconda3/envs/airflow_etl/lib/python3.11/site-packages/airflow/example_dags/tutorial_objectstorage.py took 0.044 seconds
[2025-07-11T11:11:31.154+0200] {processor.py:161} INFO - Started process (PID=48448) to work on /home/florent/Programs/anaconda3/envs/airflow_etl/lib/python3.11/site-packages/airflow/example_dags/tutorial_objectstorage.py
[2025-07-11T11:11:31.157+0200] {processor.py:830} INFO - Processing file /home/florent/Programs/anaconda3/envs/airflow_etl/lib/python3.11/site-packages/airflow/example_dags/tutorial_objectstorage.py for tasks to queue
[2025-07-11T11:11:31.158+0200] {logging_mixin.py:188} INFO - [2025-07-11T11:11:31.158+0200] {dagbag.py:545} INFO - Filling up the DagBag from /home/florent/Programs/anaconda3/envs/airflow_etl/lib/python3.11/site-packages/airflow/example_dags/tutorial_objectstorage.py
[2025-07-11T11:11:31.168+0200] {processor.py:840} INFO - DAG(s) 'tutorial_objectstorage' retrieved from /home/florent/Programs/anaconda3/envs/airflow_etl/lib/python3.11/site-packages/airflow/example_dags/tutorial_objectstorage.py
[2025-07-11T11:11:31.182+0200] {logging_mixin.py:188} INFO - [2025-07-11T11:11:31.182+0200] {dag.py:3096} INFO - Sync 1 DAGs
[2025-07-11T11:11:31.192+0200] {logging_mixin.py:188} INFO - [2025-07-11T11:11:31.192+0200] {dag.py:3954} INFO - Setting next_dagrun for tutorial_objectstorage to None, run_after=None
[2025-07-11T11:11:31.204+0200] {processor.py:183} INFO - Processing /home/florent/Programs/anaconda3/envs/airflow_etl/lib/python3.11/site-packages/airflow/example_dags/tutorial_objectstorage.py took 0.056 seconds
[2025-07-11T11:12:17.048+0200] {processor.py:161} INFO - Started process (PID=49861) to work on /home/florent/Programs/anaconda3/envs/airflow_etl/lib/python3.11/site-packages/airflow/example_dags/tutorial_objectstorage.py
[2025-07-11T11:12:17.051+0200] {processor.py:830} INFO - Processing file /home/florent/Programs/anaconda3/envs/airflow_etl/lib/python3.11/site-packages/airflow/example_dags/tutorial_objectstorage.py for tasks to queue
[2025-07-11T11:12:17.051+0200] {logging_mixin.py:188} INFO - [2025-07-11T11:12:17.051+0200] {dagbag.py:545} INFO - Filling up the DagBag from /home/florent/Programs/anaconda3/envs/airflow_etl/lib/python3.11/site-packages/airflow/example_dags/tutorial_objectstorage.py
[2025-07-11T11:12:17.058+0200] {processor.py:840} INFO - DAG(s) 'tutorial_objectstorage' retrieved from /home/florent/Programs/anaconda3/envs/airflow_etl/lib/python3.11/site-packages/airflow/example_dags/tutorial_objectstorage.py
[2025-07-11T11:12:17.068+0200] {logging_mixin.py:188} INFO - [2025-07-11T11:12:17.068+0200] {dag.py:3096} INFO - Sync 1 DAGs
[2025-07-11T11:12:17.074+0200] {logging_mixin.py:188} INFO - [2025-07-11T11:12:17.074+0200] {dag.py:3954} INFO - Setting next_dagrun for tutorial_objectstorage to None, run_after=None
[2025-07-11T11:12:17.086+0200] {processor.py:183} INFO - Processing /home/florent/Programs/anaconda3/envs/airflow_etl/lib/python3.11/site-packages/airflow/example_dags/tutorial_objectstorage.py took 0.044 seconds
[2025-07-11T11:13:02.230+0200] {processor.py:161} INFO - Started process (PID=50463) to work on /home/florent/Programs/anaconda3/envs/airflow_etl/lib/python3.11/site-packages/airflow/example_dags/tutorial_objectstorage.py
[2025-07-11T11:13:02.232+0200] {processor.py:830} INFO - Processing file /home/florent/Programs/anaconda3/envs/airflow_etl/lib/python3.11/site-packages/airflow/example_dags/tutorial_objectstorage.py for tasks to queue
[2025-07-11T11:13:02.233+0200] {logging_mixin.py:188} INFO - [2025-07-11T11:13:02.232+0200] {dagbag.py:545} INFO - Filling up the DagBag from /home/florent/Programs/anaconda3/envs/airflow_etl/lib/python3.11/site-packages/airflow/example_dags/tutorial_objectstorage.py
[2025-07-11T11:13:02.241+0200] {processor.py:840} INFO - DAG(s) 'tutorial_objectstorage' retrieved from /home/florent/Programs/anaconda3/envs/airflow_etl/lib/python3.11/site-packages/airflow/example_dags/tutorial_objectstorage.py
[2025-07-11T11:13:02.250+0200] {logging_mixin.py:188} INFO - [2025-07-11T11:13:02.250+0200] {dag.py:3096} INFO - Sync 1 DAGs
[2025-07-11T11:13:02.255+0200] {logging_mixin.py:188} INFO - [2025-07-11T11:13:02.255+0200] {dag.py:3954} INFO - Setting next_dagrun for tutorial_objectstorage to None, run_after=None
[2025-07-11T11:13:02.265+0200] {processor.py:183} INFO - Processing /home/florent/Programs/anaconda3/envs/airflow_etl/lib/python3.11/site-packages/airflow/example_dags/tutorial_objectstorage.py took 0.040 seconds
[2025-07-11T11:13:21.326+0200] {processor.py:161} INFO - Started process (PID=50719) to work on /home/florent/Programs/anaconda3/envs/airflow_etl/lib/python3.11/site-packages/airflow/example_dags/tutorial_objectstorage.py
[2025-07-11T11:13:21.327+0200] {processor.py:830} INFO - Processing file /home/florent/Programs/anaconda3/envs/airflow_etl/lib/python3.11/site-packages/airflow/example_dags/tutorial_objectstorage.py for tasks to queue
[2025-07-11T11:13:21.328+0200] {logging_mixin.py:188} INFO - [2025-07-11T11:13:21.328+0200] {dagbag.py:545} INFO - Filling up the DagBag from /home/florent/Programs/anaconda3/envs/airflow_etl/lib/python3.11/site-packages/airflow/example_dags/tutorial_objectstorage.py
[2025-07-11T11:13:21.332+0200] {processor.py:840} INFO - DAG(s) 'tutorial_objectstorage' retrieved from /home/florent/Programs/anaconda3/envs/airflow_etl/lib/python3.11/site-packages/airflow/example_dags/tutorial_objectstorage.py
[2025-07-11T11:13:21.342+0200] {logging_mixin.py:188} INFO - [2025-07-11T11:13:21.342+0200] {dag.py:3096} INFO - Sync 1 DAGs
[2025-07-11T11:13:21.348+0200] {logging_mixin.py:188} INFO - [2025-07-11T11:13:21.348+0200] {dag.py:3954} INFO - Setting next_dagrun for tutorial_objectstorage to None, run_after=None
[2025-07-11T11:13:21.358+0200] {processor.py:183} INFO - Processing /home/florent/Programs/anaconda3/envs/airflow_etl/lib/python3.11/site-packages/airflow/example_dags/tutorial_objectstorage.py took 0.035 seconds
[2025-07-11T11:14:12.852+0200] {processor.py:161} INFO - Started process (PID=51418) to work on /home/florent/Programs/anaconda3/envs/airflow_etl/lib/python3.11/site-packages/airflow/example_dags/tutorial_objectstorage.py
[2025-07-11T11:14:12.855+0200] {processor.py:830} INFO - Processing file /home/florent/Programs/anaconda3/envs/airflow_etl/lib/python3.11/site-packages/airflow/example_dags/tutorial_objectstorage.py for tasks to queue
[2025-07-11T11:14:12.857+0200] {logging_mixin.py:188} INFO - [2025-07-11T11:14:12.856+0200] {dagbag.py:545} INFO - Filling up the DagBag from /home/florent/Programs/anaconda3/envs/airflow_etl/lib/python3.11/site-packages/airflow/example_dags/tutorial_objectstorage.py
[2025-07-11T11:14:12.864+0200] {processor.py:840} INFO - DAG(s) 'tutorial_objectstorage' retrieved from /home/florent/Programs/anaconda3/envs/airflow_etl/lib/python3.11/site-packages/airflow/example_dags/tutorial_objectstorage.py
[2025-07-11T11:14:12.876+0200] {logging_mixin.py:188} INFO - [2025-07-11T11:14:12.876+0200] {dag.py:3096} INFO - Sync 1 DAGs
[2025-07-11T11:14:12.882+0200] {logging_mixin.py:188} INFO - [2025-07-11T11:14:12.881+0200] {dag.py:3954} INFO - Setting next_dagrun for tutorial_objectstorage to None, run_after=None
[2025-07-11T11:14:12.892+0200] {processor.py:183} INFO - Processing /home/florent/Programs/anaconda3/envs/airflow_etl/lib/python3.11/site-packages/airflow/example_dags/tutorial_objectstorage.py took 0.046 seconds
[2025-07-11T11:14:22.793+0200] {processor.py:161} INFO - Started process (PID=51518) to work on /home/florent/Programs/anaconda3/envs/airflow_etl/lib/python3.11/site-packages/airflow/example_dags/tutorial_objectstorage.py
[2025-07-11T11:14:22.795+0200] {processor.py:830} INFO - Processing file /home/florent/Programs/anaconda3/envs/airflow_etl/lib/python3.11/site-packages/airflow/example_dags/tutorial_objectstorage.py for tasks to queue
[2025-07-11T11:14:22.796+0200] {logging_mixin.py:188} INFO - [2025-07-11T11:14:22.796+0200] {dagbag.py:545} INFO - Filling up the DagBag from /home/florent/Programs/anaconda3/envs/airflow_etl/lib/python3.11/site-packages/airflow/example_dags/tutorial_objectstorage.py
[2025-07-11T11:14:22.802+0200] {processor.py:840} INFO - DAG(s) 'tutorial_objectstorage' retrieved from /home/florent/Programs/anaconda3/envs/airflow_etl/lib/python3.11/site-packages/airflow/example_dags/tutorial_objectstorage.py
[2025-07-11T11:14:22.811+0200] {logging_mixin.py:188} INFO - [2025-07-11T11:14:22.810+0200] {dag.py:3096} INFO - Sync 1 DAGs
[2025-07-11T11:14:22.816+0200] {logging_mixin.py:188} INFO - [2025-07-11T11:14:22.816+0200] {dag.py:3954} INFO - Setting next_dagrun for tutorial_objectstorage to None, run_after=None
[2025-07-11T11:14:22.827+0200] {processor.py:183} INFO - Processing /home/florent/Programs/anaconda3/envs/airflow_etl/lib/python3.11/site-packages/airflow/example_dags/tutorial_objectstorage.py took 0.040 seconds
[2025-07-11T11:15:05.758+0200] {processor.py:161} INFO - Started process (PID=52025) to work on /home/florent/Programs/anaconda3/envs/airflow_etl/lib/python3.11/site-packages/airflow/example_dags/tutorial_objectstorage.py
[2025-07-11T11:15:05.761+0200] {processor.py:830} INFO - Processing file /home/florent/Programs/anaconda3/envs/airflow_etl/lib/python3.11/site-packages/airflow/example_dags/tutorial_objectstorage.py for tasks to queue
[2025-07-11T11:15:05.763+0200] {logging_mixin.py:188} INFO - [2025-07-11T11:15:05.763+0200] {dagbag.py:545} INFO - Filling up the DagBag from /home/florent/Programs/anaconda3/envs/airflow_etl/lib/python3.11/site-packages/airflow/example_dags/tutorial_objectstorage.py
[2025-07-11T11:15:05.771+0200] {processor.py:840} INFO - DAG(s) 'tutorial_objectstorage' retrieved from /home/florent/Programs/anaconda3/envs/airflow_etl/lib/python3.11/site-packages/airflow/example_dags/tutorial_objectstorage.py
[2025-07-11T11:15:05.782+0200] {logging_mixin.py:188} INFO - [2025-07-11T11:15:05.782+0200] {dag.py:3096} INFO - Sync 1 DAGs
[2025-07-11T11:15:05.789+0200] {logging_mixin.py:188} INFO - [2025-07-11T11:15:05.789+0200] {dag.py:3954} INFO - Setting next_dagrun for tutorial_objectstorage to None, run_after=None
[2025-07-11T11:15:05.801+0200] {processor.py:183} INFO - Processing /home/florent/Programs/anaconda3/envs/airflow_etl/lib/python3.11/site-packages/airflow/example_dags/tutorial_objectstorage.py took 0.048 seconds
[2025-07-11T11:15:12.483+0200] {processor.py:161} INFO - Started process (PID=52119) to work on /home/florent/Programs/anaconda3/envs/airflow_etl/lib/python3.11/site-packages/airflow/example_dags/tutorial_objectstorage.py
[2025-07-11T11:15:12.486+0200] {processor.py:830} INFO - Processing file /home/florent/Programs/anaconda3/envs/airflow_etl/lib/python3.11/site-packages/airflow/example_dags/tutorial_objectstorage.py for tasks to queue
[2025-07-11T11:15:12.487+0200] {logging_mixin.py:188} INFO - [2025-07-11T11:15:12.486+0200] {dagbag.py:545} INFO - Filling up the DagBag from /home/florent/Programs/anaconda3/envs/airflow_etl/lib/python3.11/site-packages/airflow/example_dags/tutorial_objectstorage.py
[2025-07-11T11:15:12.494+0200] {processor.py:840} INFO - DAG(s) 'tutorial_objectstorage' retrieved from /home/florent/Programs/anaconda3/envs/airflow_etl/lib/python3.11/site-packages/airflow/example_dags/tutorial_objectstorage.py
[2025-07-11T11:15:12.502+0200] {logging_mixin.py:188} INFO - [2025-07-11T11:15:12.502+0200] {dag.py:3096} INFO - Sync 1 DAGs
[2025-07-11T11:15:12.507+0200] {logging_mixin.py:188} INFO - [2025-07-11T11:15:12.507+0200] {dag.py:3954} INFO - Setting next_dagrun for tutorial_objectstorage to None, run_after=None
[2025-07-11T11:15:12.516+0200] {processor.py:183} INFO - Processing /home/florent/Programs/anaconda3/envs/airflow_etl/lib/python3.11/site-packages/airflow/example_dags/tutorial_objectstorage.py took 0.039 seconds
[2025-07-11T11:16:07.594+0200] {processor.py:161} INFO - Started process (PID=52839) to work on /home/florent/Programs/anaconda3/envs/airflow_etl/lib/python3.11/site-packages/airflow/example_dags/tutorial_objectstorage.py
[2025-07-11T11:16:07.597+0200] {processor.py:830} INFO - Processing file /home/florent/Programs/anaconda3/envs/airflow_etl/lib/python3.11/site-packages/airflow/example_dags/tutorial_objectstorage.py for tasks to queue
[2025-07-11T11:16:07.599+0200] {logging_mixin.py:188} INFO - [2025-07-11T11:16:07.598+0200] {dagbag.py:545} INFO - Filling up the DagBag from /home/florent/Programs/anaconda3/envs/airflow_etl/lib/python3.11/site-packages/airflow/example_dags/tutorial_objectstorage.py
[2025-07-11T11:16:07.606+0200] {processor.py:840} INFO - DAG(s) 'tutorial_objectstorage' retrieved from /home/florent/Programs/anaconda3/envs/airflow_etl/lib/python3.11/site-packages/airflow/example_dags/tutorial_objectstorage.py
[2025-07-11T11:16:07.617+0200] {logging_mixin.py:188} INFO - [2025-07-11T11:16:07.617+0200] {dag.py:3096} INFO - Sync 1 DAGs
[2025-07-11T11:16:07.626+0200] {logging_mixin.py:188} INFO - [2025-07-11T11:16:07.626+0200] {dag.py:3954} INFO - Setting next_dagrun for tutorial_objectstorage to None, run_after=None
[2025-07-11T11:16:07.637+0200] {processor.py:183} INFO - Processing /home/florent/Programs/anaconda3/envs/airflow_etl/lib/python3.11/site-packages/airflow/example_dags/tutorial_objectstorage.py took 0.049 seconds
[2025-07-11T11:16:11.813+0200] {processor.py:161} INFO - Started process (PID=52887) to work on /home/florent/Programs/anaconda3/envs/airflow_etl/lib/python3.11/site-packages/airflow/example_dags/tutorial_objectstorage.py
[2025-07-11T11:16:11.816+0200] {processor.py:830} INFO - Processing file /home/florent/Programs/anaconda3/envs/airflow_etl/lib/python3.11/site-packages/airflow/example_dags/tutorial_objectstorage.py for tasks to queue
[2025-07-11T11:16:11.817+0200] {logging_mixin.py:188} INFO - [2025-07-11T11:16:11.817+0200] {dagbag.py:545} INFO - Filling up the DagBag from /home/florent/Programs/anaconda3/envs/airflow_etl/lib/python3.11/site-packages/airflow/example_dags/tutorial_objectstorage.py
[2025-07-11T11:16:11.824+0200] {processor.py:840} INFO - DAG(s) 'tutorial_objectstorage' retrieved from /home/florent/Programs/anaconda3/envs/airflow_etl/lib/python3.11/site-packages/airflow/example_dags/tutorial_objectstorage.py
[2025-07-11T11:16:11.832+0200] {logging_mixin.py:188} INFO - [2025-07-11T11:16:11.832+0200] {dag.py:3096} INFO - Sync 1 DAGs
[2025-07-11T11:16:11.837+0200] {logging_mixin.py:188} INFO - [2025-07-11T11:16:11.837+0200] {dag.py:3954} INFO - Setting next_dagrun for tutorial_objectstorage to None, run_after=None
[2025-07-11T11:16:11.847+0200] {processor.py:183} INFO - Processing /home/florent/Programs/anaconda3/envs/airflow_etl/lib/python3.11/site-packages/airflow/example_dags/tutorial_objectstorage.py took 0.040 seconds
[2025-07-11T11:18:13.153+0200] {processor.py:161} INFO - Started process (PID=54205) to work on /home/florent/Programs/anaconda3/envs/airflow_etl/lib/python3.11/site-packages/airflow/example_dags/tutorial_objectstorage.py
[2025-07-11T11:18:13.156+0200] {processor.py:830} INFO - Processing file /home/florent/Programs/anaconda3/envs/airflow_etl/lib/python3.11/site-packages/airflow/example_dags/tutorial_objectstorage.py for tasks to queue
[2025-07-11T11:18:13.157+0200] {logging_mixin.py:188} INFO - [2025-07-11T11:18:13.157+0200] {dagbag.py:545} INFO - Filling up the DagBag from /home/florent/Programs/anaconda3/envs/airflow_etl/lib/python3.11/site-packages/airflow/example_dags/tutorial_objectstorage.py
[2025-07-11T11:18:13.163+0200] {processor.py:840} INFO - DAG(s) 'tutorial_objectstorage' retrieved from /home/florent/Programs/anaconda3/envs/airflow_etl/lib/python3.11/site-packages/airflow/example_dags/tutorial_objectstorage.py
[2025-07-11T11:18:13.182+0200] {logging_mixin.py:188} INFO - [2025-07-11T11:18:13.182+0200] {dag.py:3096} INFO - Sync 1 DAGs
[2025-07-11T11:18:13.189+0200] {logging_mixin.py:188} INFO - [2025-07-11T11:18:13.189+0200] {dag.py:3954} INFO - Setting next_dagrun for tutorial_objectstorage to None, run_after=None
[2025-07-11T11:18:13.201+0200] {processor.py:183} INFO - Processing /home/florent/Programs/anaconda3/envs/airflow_etl/lib/python3.11/site-packages/airflow/example_dags/tutorial_objectstorage.py took 0.051 seconds
[2025-07-11T11:19:03.258+0200] {processor.py:161} INFO - Started process (PID=54747) to work on /home/florent/Programs/anaconda3/envs/airflow_etl/lib/python3.11/site-packages/airflow/example_dags/tutorial_objectstorage.py
[2025-07-11T11:19:03.261+0200] {processor.py:830} INFO - Processing file /home/florent/Programs/anaconda3/envs/airflow_etl/lib/python3.11/site-packages/airflow/example_dags/tutorial_objectstorage.py for tasks to queue
[2025-07-11T11:19:03.261+0200] {logging_mixin.py:188} INFO - [2025-07-11T11:19:03.261+0200] {dagbag.py:545} INFO - Filling up the DagBag from /home/florent/Programs/anaconda3/envs/airflow_etl/lib/python3.11/site-packages/airflow/example_dags/tutorial_objectstorage.py
[2025-07-11T11:19:03.266+0200] {processor.py:840} INFO - DAG(s) 'tutorial_objectstorage' retrieved from /home/florent/Programs/anaconda3/envs/airflow_etl/lib/python3.11/site-packages/airflow/example_dags/tutorial_objectstorage.py
[2025-07-11T11:19:03.277+0200] {logging_mixin.py:188} INFO - [2025-07-11T11:19:03.276+0200] {dag.py:3096} INFO - Sync 1 DAGs
[2025-07-11T11:19:03.283+0200] {logging_mixin.py:188} INFO - [2025-07-11T11:19:03.283+0200] {dag.py:3954} INFO - Setting next_dagrun for tutorial_objectstorage to None, run_after=None
[2025-07-11T11:19:03.292+0200] {processor.py:183} INFO - Processing /home/florent/Programs/anaconda3/envs/airflow_etl/lib/python3.11/site-packages/airflow/example_dags/tutorial_objectstorage.py took 0.037 seconds
[2025-07-11T11:19:54.680+0200] {processor.py:161} INFO - Started process (PID=55297) to work on /home/florent/Programs/anaconda3/envs/airflow_etl/lib/python3.11/site-packages/airflow/example_dags/tutorial_objectstorage.py
[2025-07-11T11:19:54.683+0200] {processor.py:830} INFO - Processing file /home/florent/Programs/anaconda3/envs/airflow_etl/lib/python3.11/site-packages/airflow/example_dags/tutorial_objectstorage.py for tasks to queue
[2025-07-11T11:19:54.685+0200] {logging_mixin.py:188} INFO - [2025-07-11T11:19:54.684+0200] {dagbag.py:545} INFO - Filling up the DagBag from /home/florent/Programs/anaconda3/envs/airflow_etl/lib/python3.11/site-packages/airflow/example_dags/tutorial_objectstorage.py
[2025-07-11T11:19:54.692+0200] {processor.py:840} INFO - DAG(s) 'tutorial_objectstorage' retrieved from /home/florent/Programs/anaconda3/envs/airflow_etl/lib/python3.11/site-packages/airflow/example_dags/tutorial_objectstorage.py
[2025-07-11T11:19:54.704+0200] {logging_mixin.py:188} INFO - [2025-07-11T11:19:54.703+0200] {dag.py:3096} INFO - Sync 1 DAGs
[2025-07-11T11:19:54.713+0200] {logging_mixin.py:188} INFO - [2025-07-11T11:19:54.713+0200] {dag.py:3954} INFO - Setting next_dagrun for tutorial_objectstorage to None, run_after=None
[2025-07-11T11:19:54.724+0200] {processor.py:183} INFO - Processing /home/florent/Programs/anaconda3/envs/airflow_etl/lib/python3.11/site-packages/airflow/example_dags/tutorial_objectstorage.py took 0.050 seconds
[2025-07-11T11:20:58.875+0200] {processor.py:161} INFO - Started process (PID=56013) to work on /home/florent/Programs/anaconda3/envs/airflow_etl/lib/python3.11/site-packages/airflow/example_dags/tutorial_objectstorage.py
[2025-07-11T11:20:58.878+0200] {processor.py:830} INFO - Processing file /home/florent/Programs/anaconda3/envs/airflow_etl/lib/python3.11/site-packages/airflow/example_dags/tutorial_objectstorage.py for tasks to queue
[2025-07-11T11:20:58.880+0200] {logging_mixin.py:188} INFO - [2025-07-11T11:20:58.880+0200] {dagbag.py:545} INFO - Filling up the DagBag from /home/florent/Programs/anaconda3/envs/airflow_etl/lib/python3.11/site-packages/airflow/example_dags/tutorial_objectstorage.py
[2025-07-11T11:20:58.889+0200] {processor.py:840} INFO - DAG(s) 'tutorial_objectstorage' retrieved from /home/florent/Programs/anaconda3/envs/airflow_etl/lib/python3.11/site-packages/airflow/example_dags/tutorial_objectstorage.py
[2025-07-11T11:20:58.901+0200] {logging_mixin.py:188} INFO - [2025-07-11T11:20:58.900+0200] {dag.py:3096} INFO - Sync 1 DAGs
[2025-07-11T11:20:58.907+0200] {logging_mixin.py:188} INFO - [2025-07-11T11:20:58.907+0200] {dag.py:3954} INFO - Setting next_dagrun for tutorial_objectstorage to None, run_after=None
[2025-07-11T11:20:58.918+0200] {processor.py:183} INFO - Processing /home/florent/Programs/anaconda3/envs/airflow_etl/lib/python3.11/site-packages/airflow/example_dags/tutorial_objectstorage.py took 0.048 seconds
[2025-07-11T11:22:05.550+0200] {processor.py:161} INFO - Started process (PID=56676) to work on /home/florent/Programs/anaconda3/envs/airflow_etl/lib/python3.11/site-packages/airflow/example_dags/tutorial_objectstorage.py
[2025-07-11T11:22:05.553+0200] {processor.py:830} INFO - Processing file /home/florent/Programs/anaconda3/envs/airflow_etl/lib/python3.11/site-packages/airflow/example_dags/tutorial_objectstorage.py for tasks to queue
[2025-07-11T11:22:05.555+0200] {logging_mixin.py:188} INFO - [2025-07-11T11:22:05.554+0200] {dagbag.py:545} INFO - Filling up the DagBag from /home/florent/Programs/anaconda3/envs/airflow_etl/lib/python3.11/site-packages/airflow/example_dags/tutorial_objectstorage.py
[2025-07-11T11:22:05.562+0200] {processor.py:840} INFO - DAG(s) 'tutorial_objectstorage' retrieved from /home/florent/Programs/anaconda3/envs/airflow_etl/lib/python3.11/site-packages/airflow/example_dags/tutorial_objectstorage.py
[2025-07-11T11:22:05.572+0200] {logging_mixin.py:188} INFO - [2025-07-11T11:22:05.571+0200] {dag.py:3096} INFO - Sync 1 DAGs
[2025-07-11T11:22:05.577+0200] {logging_mixin.py:188} INFO - [2025-07-11T11:22:05.577+0200] {dag.py:3954} INFO - Setting next_dagrun for tutorial_objectstorage to None, run_after=None
[2025-07-11T11:22:05.587+0200] {processor.py:183} INFO - Processing /home/florent/Programs/anaconda3/envs/airflow_etl/lib/python3.11/site-packages/airflow/example_dags/tutorial_objectstorage.py took 0.045 seconds
[2025-07-11T11:23:12.182+0200] {processor.py:161} INFO - Started process (PID=57333) to work on /home/florent/Programs/anaconda3/envs/airflow_etl/lib/python3.11/site-packages/airflow/example_dags/tutorial_objectstorage.py
[2025-07-11T11:23:12.184+0200] {processor.py:830} INFO - Processing file /home/florent/Programs/anaconda3/envs/airflow_etl/lib/python3.11/site-packages/airflow/example_dags/tutorial_objectstorage.py for tasks to queue
[2025-07-11T11:23:12.186+0200] {logging_mixin.py:188} INFO - [2025-07-11T11:23:12.185+0200] {dagbag.py:545} INFO - Filling up the DagBag from /home/florent/Programs/anaconda3/envs/airflow_etl/lib/python3.11/site-packages/airflow/example_dags/tutorial_objectstorage.py
[2025-07-11T11:23:12.259+0200] {processor.py:840} INFO - DAG(s) 'tutorial_objectstorage' retrieved from /home/florent/Programs/anaconda3/envs/airflow_etl/lib/python3.11/site-packages/airflow/example_dags/tutorial_objectstorage.py
[2025-07-11T11:23:12.267+0200] {logging_mixin.py:188} INFO - [2025-07-11T11:23:12.267+0200] {dag.py:3096} INFO - Sync 1 DAGs
[2025-07-11T11:23:12.272+0200] {logging_mixin.py:188} INFO - [2025-07-11T11:23:12.272+0200] {dag.py:3954} INFO - Setting next_dagrun for tutorial_objectstorage to None, run_after=None
[2025-07-11T11:23:12.283+0200] {processor.py:183} INFO - Processing /home/florent/Programs/anaconda3/envs/airflow_etl/lib/python3.11/site-packages/airflow/example_dags/tutorial_objectstorage.py took 0.107 seconds
[2025-07-11T11:24:00.424+0200] {processor.py:161} INFO - Started process (PID=57827) to work on /home/florent/Programs/anaconda3/envs/airflow_etl/lib/python3.11/site-packages/airflow/example_dags/tutorial_objectstorage.py
[2025-07-11T11:24:00.427+0200] {processor.py:830} INFO - Processing file /home/florent/Programs/anaconda3/envs/airflow_etl/lib/python3.11/site-packages/airflow/example_dags/tutorial_objectstorage.py for tasks to queue
[2025-07-11T11:24:00.429+0200] {logging_mixin.py:188} INFO - [2025-07-11T11:24:00.429+0200] {dagbag.py:545} INFO - Filling up the DagBag from /home/florent/Programs/anaconda3/envs/airflow_etl/lib/python3.11/site-packages/airflow/example_dags/tutorial_objectstorage.py
[2025-07-11T11:24:00.437+0200] {processor.py:840} INFO - DAG(s) 'tutorial_objectstorage' retrieved from /home/florent/Programs/anaconda3/envs/airflow_etl/lib/python3.11/site-packages/airflow/example_dags/tutorial_objectstorage.py
[2025-07-11T11:24:00.445+0200] {logging_mixin.py:188} INFO - [2025-07-11T11:24:00.445+0200] {dag.py:3096} INFO - Sync 1 DAGs
[2025-07-11T11:24:00.451+0200] {logging_mixin.py:188} INFO - [2025-07-11T11:24:00.451+0200] {dag.py:3954} INFO - Setting next_dagrun for tutorial_objectstorage to None, run_after=None
[2025-07-11T11:24:00.461+0200] {processor.py:183} INFO - Processing /home/florent/Programs/anaconda3/envs/airflow_etl/lib/python3.11/site-packages/airflow/example_dags/tutorial_objectstorage.py took 0.043 seconds
[2025-07-11T11:24:47.227+0200] {processor.py:161} INFO - Started process (PID=58317) to work on /home/florent/Programs/anaconda3/envs/airflow_etl/lib/python3.11/site-packages/airflow/example_dags/tutorial_objectstorage.py
[2025-07-11T11:24:47.230+0200] {processor.py:830} INFO - Processing file /home/florent/Programs/anaconda3/envs/airflow_etl/lib/python3.11/site-packages/airflow/example_dags/tutorial_objectstorage.py for tasks to queue
[2025-07-11T11:24:47.231+0200] {logging_mixin.py:188} INFO - [2025-07-11T11:24:47.230+0200] {dagbag.py:545} INFO - Filling up the DagBag from /home/florent/Programs/anaconda3/envs/airflow_etl/lib/python3.11/site-packages/airflow/example_dags/tutorial_objectstorage.py
[2025-07-11T11:24:47.235+0200] {processor.py:840} INFO - DAG(s) 'tutorial_objectstorage' retrieved from /home/florent/Programs/anaconda3/envs/airflow_etl/lib/python3.11/site-packages/airflow/example_dags/tutorial_objectstorage.py
[2025-07-11T11:24:47.242+0200] {logging_mixin.py:188} INFO - [2025-07-11T11:24:47.242+0200] {dag.py:3096} INFO - Sync 1 DAGs
[2025-07-11T11:24:47.248+0200] {logging_mixin.py:188} INFO - [2025-07-11T11:24:47.248+0200] {dag.py:3954} INFO - Setting next_dagrun for tutorial_objectstorage to None, run_after=None
[2025-07-11T11:24:47.258+0200] {processor.py:183} INFO - Processing /home/florent/Programs/anaconda3/envs/airflow_etl/lib/python3.11/site-packages/airflow/example_dags/tutorial_objectstorage.py took 0.033 seconds
[2025-07-11T11:25:54.065+0200] {processor.py:161} INFO - Started process (PID=59051) to work on /home/florent/Programs/anaconda3/envs/airflow_etl/lib/python3.11/site-packages/airflow/example_dags/tutorial_objectstorage.py
[2025-07-11T11:25:54.068+0200] {processor.py:830} INFO - Processing file /home/florent/Programs/anaconda3/envs/airflow_etl/lib/python3.11/site-packages/airflow/example_dags/tutorial_objectstorage.py for tasks to queue
[2025-07-11T11:25:54.070+0200] {logging_mixin.py:188} INFO - [2025-07-11T11:25:54.070+0200] {dagbag.py:545} INFO - Filling up the DagBag from /home/florent/Programs/anaconda3/envs/airflow_etl/lib/python3.11/site-packages/airflow/example_dags/tutorial_objectstorage.py
[2025-07-11T11:25:54.079+0200] {processor.py:840} INFO - DAG(s) 'tutorial_objectstorage' retrieved from /home/florent/Programs/anaconda3/envs/airflow_etl/lib/python3.11/site-packages/airflow/example_dags/tutorial_objectstorage.py
[2025-07-11T11:25:54.089+0200] {logging_mixin.py:188} INFO - [2025-07-11T11:25:54.089+0200] {dag.py:3096} INFO - Sync 1 DAGs
[2025-07-11T11:25:54.095+0200] {logging_mixin.py:188} INFO - [2025-07-11T11:25:54.095+0200] {dag.py:3954} INFO - Setting next_dagrun for tutorial_objectstorage to None, run_after=None
[2025-07-11T11:25:54.106+0200] {processor.py:183} INFO - Processing /home/florent/Programs/anaconda3/envs/airflow_etl/lib/python3.11/site-packages/airflow/example_dags/tutorial_objectstorage.py took 0.047 seconds
[2025-07-11T11:27:00.262+0200] {processor.py:161} INFO - Started process (PID=59790) to work on /home/florent/Programs/anaconda3/envs/airflow_etl/lib/python3.11/site-packages/airflow/example_dags/tutorial_objectstorage.py
[2025-07-11T11:27:00.264+0200] {processor.py:830} INFO - Processing file /home/florent/Programs/anaconda3/envs/airflow_etl/lib/python3.11/site-packages/airflow/example_dags/tutorial_objectstorage.py for tasks to queue
[2025-07-11T11:27:00.266+0200] {logging_mixin.py:188} INFO - [2025-07-11T11:27:00.266+0200] {dagbag.py:545} INFO - Filling up the DagBag from /home/florent/Programs/anaconda3/envs/airflow_etl/lib/python3.11/site-packages/airflow/example_dags/tutorial_objectstorage.py
[2025-07-11T11:27:00.274+0200] {processor.py:840} INFO - DAG(s) 'tutorial_objectstorage' retrieved from /home/florent/Programs/anaconda3/envs/airflow_etl/lib/python3.11/site-packages/airflow/example_dags/tutorial_objectstorage.py
[2025-07-11T11:27:00.286+0200] {logging_mixin.py:188} INFO - [2025-07-11T11:27:00.286+0200] {dag.py:3096} INFO - Sync 1 DAGs
[2025-07-11T11:27:00.292+0200] {logging_mixin.py:188} INFO - [2025-07-11T11:27:00.292+0200] {dag.py:3954} INFO - Setting next_dagrun for tutorial_objectstorage to None, run_after=None
[2025-07-11T11:27:00.306+0200] {processor.py:183} INFO - Processing /home/florent/Programs/anaconda3/envs/airflow_etl/lib/python3.11/site-packages/airflow/example_dags/tutorial_objectstorage.py took 0.049 seconds
[2025-07-11T11:27:47.519+0200] {processor.py:161} INFO - Started process (PID=60302) to work on /home/florent/Programs/anaconda3/envs/airflow_etl/lib/python3.11/site-packages/airflow/example_dags/tutorial_objectstorage.py
[2025-07-11T11:27:47.522+0200] {processor.py:830} INFO - Processing file /home/florent/Programs/anaconda3/envs/airflow_etl/lib/python3.11/site-packages/airflow/example_dags/tutorial_objectstorage.py for tasks to queue
[2025-07-11T11:27:47.523+0200] {logging_mixin.py:188} INFO - [2025-07-11T11:27:47.522+0200] {dagbag.py:545} INFO - Filling up the DagBag from /home/florent/Programs/anaconda3/envs/airflow_etl/lib/python3.11/site-packages/airflow/example_dags/tutorial_objectstorage.py
[2025-07-11T11:27:47.527+0200] {processor.py:840} INFO - DAG(s) 'tutorial_objectstorage' retrieved from /home/florent/Programs/anaconda3/envs/airflow_etl/lib/python3.11/site-packages/airflow/example_dags/tutorial_objectstorage.py
[2025-07-11T11:27:47.534+0200] {logging_mixin.py:188} INFO - [2025-07-11T11:27:47.534+0200] {dag.py:3096} INFO - Sync 1 DAGs
[2025-07-11T11:27:47.540+0200] {logging_mixin.py:188} INFO - [2025-07-11T11:27:47.540+0200] {dag.py:3954} INFO - Setting next_dagrun for tutorial_objectstorage to None, run_after=None
[2025-07-11T11:27:47.551+0200] {processor.py:183} INFO - Processing /home/florent/Programs/anaconda3/envs/airflow_etl/lib/python3.11/site-packages/airflow/example_dags/tutorial_objectstorage.py took 0.036 seconds
[2025-07-11T11:28:32.014+0200] {processor.py:161} INFO - Started process (PID=60776) to work on /home/florent/Programs/anaconda3/envs/airflow_etl/lib/python3.11/site-packages/airflow/example_dags/tutorial_objectstorage.py
[2025-07-11T11:28:32.017+0200] {processor.py:830} INFO - Processing file /home/florent/Programs/anaconda3/envs/airflow_etl/lib/python3.11/site-packages/airflow/example_dags/tutorial_objectstorage.py for tasks to queue
[2025-07-11T11:28:32.019+0200] {logging_mixin.py:188} INFO - [2025-07-11T11:28:32.018+0200] {dagbag.py:545} INFO - Filling up the DagBag from /home/florent/Programs/anaconda3/envs/airflow_etl/lib/python3.11/site-packages/airflow/example_dags/tutorial_objectstorage.py
[2025-07-11T11:28:32.028+0200] {processor.py:840} INFO - DAG(s) 'tutorial_objectstorage' retrieved from /home/florent/Programs/anaconda3/envs/airflow_etl/lib/python3.11/site-packages/airflow/example_dags/tutorial_objectstorage.py
[2025-07-11T11:28:32.039+0200] {logging_mixin.py:188} INFO - [2025-07-11T11:28:32.039+0200] {dag.py:3096} INFO - Sync 1 DAGs
[2025-07-11T11:28:32.046+0200] {logging_mixin.py:188} INFO - [2025-07-11T11:28:32.046+0200] {dag.py:3954} INFO - Setting next_dagrun for tutorial_objectstorage to None, run_after=None
[2025-07-11T11:28:32.060+0200] {processor.py:183} INFO - Processing /home/florent/Programs/anaconda3/envs/airflow_etl/lib/python3.11/site-packages/airflow/example_dags/tutorial_objectstorage.py took 0.052 seconds
[2025-07-11T11:29:36.204+0200] {processor.py:161} INFO - Started process (PID=61456) to work on /home/florent/Programs/anaconda3/envs/airflow_etl/lib/python3.11/site-packages/airflow/example_dags/tutorial_objectstorage.py
[2025-07-11T11:29:36.205+0200] {processor.py:830} INFO - Processing file /home/florent/Programs/anaconda3/envs/airflow_etl/lib/python3.11/site-packages/airflow/example_dags/tutorial_objectstorage.py for tasks to queue
[2025-07-11T11:29:36.206+0200] {logging_mixin.py:188} INFO - [2025-07-11T11:29:36.206+0200] {dagbag.py:545} INFO - Filling up the DagBag from /home/florent/Programs/anaconda3/envs/airflow_etl/lib/python3.11/site-packages/airflow/example_dags/tutorial_objectstorage.py
[2025-07-11T11:29:36.210+0200] {processor.py:840} INFO - DAG(s) 'tutorial_objectstorage' retrieved from /home/florent/Programs/anaconda3/envs/airflow_etl/lib/python3.11/site-packages/airflow/example_dags/tutorial_objectstorage.py
[2025-07-11T11:29:36.218+0200] {logging_mixin.py:188} INFO - [2025-07-11T11:29:36.218+0200] {dag.py:3096} INFO - Sync 1 DAGs
[2025-07-11T11:29:36.224+0200] {logging_mixin.py:188} INFO - [2025-07-11T11:29:36.224+0200] {dag.py:3954} INFO - Setting next_dagrun for tutorial_objectstorage to None, run_after=None
[2025-07-11T11:29:36.234+0200] {processor.py:183} INFO - Processing /home/florent/Programs/anaconda3/envs/airflow_etl/lib/python3.11/site-packages/airflow/example_dags/tutorial_objectstorage.py took 0.034 seconds
[2025-07-11T11:30:36.535+0200] {processor.py:161} INFO - Started process (PID=62094) to work on /home/florent/Programs/anaconda3/envs/airflow_etl/lib/python3.11/site-packages/airflow/example_dags/tutorial_objectstorage.py
[2025-07-11T11:30:36.537+0200] {processor.py:830} INFO - Processing file /home/florent/Programs/anaconda3/envs/airflow_etl/lib/python3.11/site-packages/airflow/example_dags/tutorial_objectstorage.py for tasks to queue
[2025-07-11T11:30:36.539+0200] {logging_mixin.py:188} INFO - [2025-07-11T11:30:36.539+0200] {dagbag.py:545} INFO - Filling up the DagBag from /home/florent/Programs/anaconda3/envs/airflow_etl/lib/python3.11/site-packages/airflow/example_dags/tutorial_objectstorage.py
[2025-07-11T11:30:36.547+0200] {processor.py:840} INFO - DAG(s) 'tutorial_objectstorage' retrieved from /home/florent/Programs/anaconda3/envs/airflow_etl/lib/python3.11/site-packages/airflow/example_dags/tutorial_objectstorage.py
[2025-07-11T11:30:36.557+0200] {logging_mixin.py:188} INFO - [2025-07-11T11:30:36.557+0200] {dag.py:3096} INFO - Sync 1 DAGs
[2025-07-11T11:30:36.564+0200] {logging_mixin.py:188} INFO - [2025-07-11T11:30:36.564+0200] {dag.py:3954} INFO - Setting next_dagrun for tutorial_objectstorage to None, run_after=None
[2025-07-11T11:30:36.577+0200] {processor.py:183} INFO - Processing /home/florent/Programs/anaconda3/envs/airflow_etl/lib/python3.11/site-packages/airflow/example_dags/tutorial_objectstorage.py took 0.049 seconds
[2025-07-11T11:31:42.153+0200] {processor.py:161} INFO - Started process (PID=62765) to work on /home/florent/Programs/anaconda3/envs/airflow_etl/lib/python3.11/site-packages/airflow/example_dags/tutorial_objectstorage.py
[2025-07-11T11:31:42.156+0200] {processor.py:830} INFO - Processing file /home/florent/Programs/anaconda3/envs/airflow_etl/lib/python3.11/site-packages/airflow/example_dags/tutorial_objectstorage.py for tasks to queue
[2025-07-11T11:31:42.158+0200] {logging_mixin.py:188} INFO - [2025-07-11T11:31:42.158+0200] {dagbag.py:545} INFO - Filling up the DagBag from /home/florent/Programs/anaconda3/envs/airflow_etl/lib/python3.11/site-packages/airflow/example_dags/tutorial_objectstorage.py
[2025-07-11T11:31:42.167+0200] {processor.py:840} INFO - DAG(s) 'tutorial_objectstorage' retrieved from /home/florent/Programs/anaconda3/envs/airflow_etl/lib/python3.11/site-packages/airflow/example_dags/tutorial_objectstorage.py
[2025-07-11T11:31:42.181+0200] {logging_mixin.py:188} INFO - [2025-07-11T11:31:42.181+0200] {dag.py:3096} INFO - Sync 1 DAGs
[2025-07-11T11:31:42.188+0200] {logging_mixin.py:188} INFO - [2025-07-11T11:31:42.188+0200] {dag.py:3954} INFO - Setting next_dagrun for tutorial_objectstorage to None, run_after=None
[2025-07-11T11:31:42.200+0200] {processor.py:183} INFO - Processing /home/florent/Programs/anaconda3/envs/airflow_etl/lib/python3.11/site-packages/airflow/example_dags/tutorial_objectstorage.py took 0.052 seconds
[2025-07-11T11:32:46.137+0200] {processor.py:161} INFO - Started process (PID=63574) to work on /home/florent/Programs/anaconda3/envs/airflow_etl/lib/python3.11/site-packages/airflow/example_dags/tutorial_objectstorage.py
[2025-07-11T11:32:46.140+0200] {processor.py:830} INFO - Processing file /home/florent/Programs/anaconda3/envs/airflow_etl/lib/python3.11/site-packages/airflow/example_dags/tutorial_objectstorage.py for tasks to queue
[2025-07-11T11:32:46.142+0200] {logging_mixin.py:188} INFO - [2025-07-11T11:32:46.141+0200] {dagbag.py:545} INFO - Filling up the DagBag from /home/florent/Programs/anaconda3/envs/airflow_etl/lib/python3.11/site-packages/airflow/example_dags/tutorial_objectstorage.py
[2025-07-11T11:32:46.146+0200] {processor.py:840} INFO - DAG(s) 'tutorial_objectstorage' retrieved from /home/florent/Programs/anaconda3/envs/airflow_etl/lib/python3.11/site-packages/airflow/example_dags/tutorial_objectstorage.py
[2025-07-11T11:32:46.155+0200] {logging_mixin.py:188} INFO - [2025-07-11T11:32:46.155+0200] {dag.py:3096} INFO - Sync 1 DAGs
[2025-07-11T11:32:46.161+0200] {logging_mixin.py:188} INFO - [2025-07-11T11:32:46.160+0200] {dag.py:3954} INFO - Setting next_dagrun for tutorial_objectstorage to None, run_after=None
[2025-07-11T11:32:46.188+0200] {processor.py:183} INFO - Processing /home/florent/Programs/anaconda3/envs/airflow_etl/lib/python3.11/site-packages/airflow/example_dags/tutorial_objectstorage.py took 0.056 seconds
[2025-07-11T11:33:49.673+0200] {processor.py:161} INFO - Started process (PID=64223) to work on /home/florent/Programs/anaconda3/envs/airflow_etl/lib/python3.11/site-packages/airflow/example_dags/tutorial_objectstorage.py
[2025-07-11T11:33:49.676+0200] {processor.py:830} INFO - Processing file /home/florent/Programs/anaconda3/envs/airflow_etl/lib/python3.11/site-packages/airflow/example_dags/tutorial_objectstorage.py for tasks to queue
[2025-07-11T11:33:49.677+0200] {logging_mixin.py:188} INFO - [2025-07-11T11:33:49.676+0200] {dagbag.py:545} INFO - Filling up the DagBag from /home/florent/Programs/anaconda3/envs/airflow_etl/lib/python3.11/site-packages/airflow/example_dags/tutorial_objectstorage.py
[2025-07-11T11:33:49.682+0200] {processor.py:840} INFO - DAG(s) 'tutorial_objectstorage' retrieved from /home/florent/Programs/anaconda3/envs/airflow_etl/lib/python3.11/site-packages/airflow/example_dags/tutorial_objectstorage.py
[2025-07-11T11:33:49.692+0200] {logging_mixin.py:188} INFO - [2025-07-11T11:33:49.692+0200] {dag.py:3096} INFO - Sync 1 DAGs
[2025-07-11T11:33:49.701+0200] {logging_mixin.py:188} INFO - [2025-07-11T11:33:49.701+0200] {dag.py:3954} INFO - Setting next_dagrun for tutorial_objectstorage to None, run_after=None
[2025-07-11T11:33:49.721+0200] {processor.py:183} INFO - Processing /home/florent/Programs/anaconda3/envs/airflow_etl/lib/python3.11/site-packages/airflow/example_dags/tutorial_objectstorage.py took 0.053 seconds
[2025-07-11T11:34:38.990+0200] {processor.py:161} INFO - Started process (PID=64715) to work on /home/florent/Programs/anaconda3/envs/airflow_etl/lib/python3.11/site-packages/airflow/example_dags/tutorial_objectstorage.py
[2025-07-11T11:34:38.993+0200] {processor.py:830} INFO - Processing file /home/florent/Programs/anaconda3/envs/airflow_etl/lib/python3.11/site-packages/airflow/example_dags/tutorial_objectstorage.py for tasks to queue
[2025-07-11T11:34:38.995+0200] {logging_mixin.py:188} INFO - [2025-07-11T11:34:38.994+0200] {dagbag.py:545} INFO - Filling up the DagBag from /home/florent/Programs/anaconda3/envs/airflow_etl/lib/python3.11/site-packages/airflow/example_dags/tutorial_objectstorage.py
[2025-07-11T11:34:39.002+0200] {processor.py:840} INFO - DAG(s) 'tutorial_objectstorage' retrieved from /home/florent/Programs/anaconda3/envs/airflow_etl/lib/python3.11/site-packages/airflow/example_dags/tutorial_objectstorage.py
[2025-07-11T11:34:39.013+0200] {logging_mixin.py:188} INFO - [2025-07-11T11:34:39.013+0200] {dag.py:3096} INFO - Sync 1 DAGs
[2025-07-11T11:34:39.020+0200] {logging_mixin.py:188} INFO - [2025-07-11T11:34:39.020+0200] {dag.py:3954} INFO - Setting next_dagrun for tutorial_objectstorage to None, run_after=None
[2025-07-11T11:34:39.033+0200] {processor.py:183} INFO - Processing /home/florent/Programs/anaconda3/envs/airflow_etl/lib/python3.11/site-packages/airflow/example_dags/tutorial_objectstorage.py took 0.049 seconds
[2025-07-11T11:35:42.388+0200] {processor.py:161} INFO - Started process (PID=65366) to work on /home/florent/Programs/anaconda3/envs/airflow_etl/lib/python3.11/site-packages/airflow/example_dags/tutorial_objectstorage.py
[2025-07-11T11:35:42.390+0200] {processor.py:830} INFO - Processing file /home/florent/Programs/anaconda3/envs/airflow_etl/lib/python3.11/site-packages/airflow/example_dags/tutorial_objectstorage.py for tasks to queue
[2025-07-11T11:35:42.392+0200] {logging_mixin.py:188} INFO - [2025-07-11T11:35:42.392+0200] {dagbag.py:545} INFO - Filling up the DagBag from /home/florent/Programs/anaconda3/envs/airflow_etl/lib/python3.11/site-packages/airflow/example_dags/tutorial_objectstorage.py
[2025-07-11T11:35:42.400+0200] {processor.py:840} INFO - DAG(s) 'tutorial_objectstorage' retrieved from /home/florent/Programs/anaconda3/envs/airflow_etl/lib/python3.11/site-packages/airflow/example_dags/tutorial_objectstorage.py
[2025-07-11T11:35:42.409+0200] {logging_mixin.py:188} INFO - [2025-07-11T11:35:42.409+0200] {dag.py:3096} INFO - Sync 1 DAGs
[2025-07-11T11:35:42.415+0200] {logging_mixin.py:188} INFO - [2025-07-11T11:35:42.414+0200] {dag.py:3954} INFO - Setting next_dagrun for tutorial_objectstorage to None, run_after=None
[2025-07-11T11:35:42.424+0200] {processor.py:183} INFO - Processing /home/florent/Programs/anaconda3/envs/airflow_etl/lib/python3.11/site-packages/airflow/example_dags/tutorial_objectstorage.py took 0.042 seconds
[2025-07-11T11:36:44.253+0200] {processor.py:161} INFO - Started process (PID=66061) to work on /home/florent/Programs/anaconda3/envs/airflow_etl/lib/python3.11/site-packages/airflow/example_dags/tutorial_objectstorage.py
[2025-07-11T11:36:44.255+0200] {processor.py:830} INFO - Processing file /home/florent/Programs/anaconda3/envs/airflow_etl/lib/python3.11/site-packages/airflow/example_dags/tutorial_objectstorage.py for tasks to queue
[2025-07-11T11:36:44.256+0200] {logging_mixin.py:188} INFO - [2025-07-11T11:36:44.256+0200] {dagbag.py:545} INFO - Filling up the DagBag from /home/florent/Programs/anaconda3/envs/airflow_etl/lib/python3.11/site-packages/airflow/example_dags/tutorial_objectstorage.py
[2025-07-11T11:36:44.264+0200] {processor.py:840} INFO - DAG(s) 'tutorial_objectstorage' retrieved from /home/florent/Programs/anaconda3/envs/airflow_etl/lib/python3.11/site-packages/airflow/example_dags/tutorial_objectstorage.py
[2025-07-11T11:36:44.277+0200] {logging_mixin.py:188} INFO - [2025-07-11T11:36:44.276+0200] {dag.py:3096} INFO - Sync 1 DAGs
[2025-07-11T11:36:44.282+0200] {logging_mixin.py:188} INFO - [2025-07-11T11:36:44.282+0200] {dag.py:3954} INFO - Setting next_dagrun for tutorial_objectstorage to None, run_after=None
[2025-07-11T11:36:44.293+0200] {processor.py:183} INFO - Processing /home/florent/Programs/anaconda3/envs/airflow_etl/lib/python3.11/site-packages/airflow/example_dags/tutorial_objectstorage.py took 0.046 seconds
[2025-07-11T11:37:49.291+0200] {processor.py:161} INFO - Started process (PID=66757) to work on /home/florent/Programs/anaconda3/envs/airflow_etl/lib/python3.11/site-packages/airflow/example_dags/tutorial_objectstorage.py
[2025-07-11T11:37:49.293+0200] {processor.py:830} INFO - Processing file /home/florent/Programs/anaconda3/envs/airflow_etl/lib/python3.11/site-packages/airflow/example_dags/tutorial_objectstorage.py for tasks to queue
[2025-07-11T11:37:49.294+0200] {logging_mixin.py:188} INFO - [2025-07-11T11:37:49.294+0200] {dagbag.py:545} INFO - Filling up the DagBag from /home/florent/Programs/anaconda3/envs/airflow_etl/lib/python3.11/site-packages/airflow/example_dags/tutorial_objectstorage.py
[2025-07-11T11:37:49.299+0200] {processor.py:840} INFO - DAG(s) 'tutorial_objectstorage' retrieved from /home/florent/Programs/anaconda3/envs/airflow_etl/lib/python3.11/site-packages/airflow/example_dags/tutorial_objectstorage.py
[2025-07-11T11:37:49.307+0200] {logging_mixin.py:188} INFO - [2025-07-11T11:37:49.307+0200] {dag.py:3096} INFO - Sync 1 DAGs
[2025-07-11T11:37:49.312+0200] {logging_mixin.py:188} INFO - [2025-07-11T11:37:49.312+0200] {dag.py:3954} INFO - Setting next_dagrun for tutorial_objectstorage to None, run_after=None
[2025-07-11T11:37:49.322+0200] {processor.py:183} INFO - Processing /home/florent/Programs/anaconda3/envs/airflow_etl/lib/python3.11/site-packages/airflow/example_dags/tutorial_objectstorage.py took 0.037 seconds
[2025-07-11T11:38:55.971+0200] {processor.py:161} INFO - Started process (PID=67417) to work on /home/florent/Programs/anaconda3/envs/airflow_etl/lib/python3.11/site-packages/airflow/example_dags/tutorial_objectstorage.py
[2025-07-11T11:38:55.974+0200] {processor.py:830} INFO - Processing file /home/florent/Programs/anaconda3/envs/airflow_etl/lib/python3.11/site-packages/airflow/example_dags/tutorial_objectstorage.py for tasks to queue
[2025-07-11T11:38:55.976+0200] {logging_mixin.py:188} INFO - [2025-07-11T11:38:55.975+0200] {dagbag.py:545} INFO - Filling up the DagBag from /home/florent/Programs/anaconda3/envs/airflow_etl/lib/python3.11/site-packages/airflow/example_dags/tutorial_objectstorage.py
[2025-07-11T11:38:55.983+0200] {processor.py:840} INFO - DAG(s) 'tutorial_objectstorage' retrieved from /home/florent/Programs/anaconda3/envs/airflow_etl/lib/python3.11/site-packages/airflow/example_dags/tutorial_objectstorage.py
[2025-07-11T11:38:55.993+0200] {logging_mixin.py:188} INFO - [2025-07-11T11:38:55.993+0200] {dag.py:3096} INFO - Sync 1 DAGs
[2025-07-11T11:38:56.000+0200] {logging_mixin.py:188} INFO - [2025-07-11T11:38:56.000+0200] {dag.py:3954} INFO - Setting next_dagrun for tutorial_objectstorage to None, run_after=None
[2025-07-11T11:38:56.014+0200] {processor.py:183} INFO - Processing /home/florent/Programs/anaconda3/envs/airflow_etl/lib/python3.11/site-packages/airflow/example_dags/tutorial_objectstorage.py took 0.049 seconds
[2025-07-11T11:39:41.482+0200] {processor.py:161} INFO - Started process (PID=67971) to work on /home/florent/Programs/anaconda3/envs/airflow_etl/lib/python3.11/site-packages/airflow/example_dags/tutorial_objectstorage.py
[2025-07-11T11:39:41.485+0200] {processor.py:830} INFO - Processing file /home/florent/Programs/anaconda3/envs/airflow_etl/lib/python3.11/site-packages/airflow/example_dags/tutorial_objectstorage.py for tasks to queue
[2025-07-11T11:39:41.486+0200] {logging_mixin.py:188} INFO - [2025-07-11T11:39:41.486+0200] {dagbag.py:545} INFO - Filling up the DagBag from /home/florent/Programs/anaconda3/envs/airflow_etl/lib/python3.11/site-packages/airflow/example_dags/tutorial_objectstorage.py
[2025-07-11T11:39:41.490+0200] {processor.py:840} INFO - DAG(s) 'tutorial_objectstorage' retrieved from /home/florent/Programs/anaconda3/envs/airflow_etl/lib/python3.11/site-packages/airflow/example_dags/tutorial_objectstorage.py
[2025-07-11T11:39:41.498+0200] {logging_mixin.py:188} INFO - [2025-07-11T11:39:41.498+0200] {dag.py:3096} INFO - Sync 1 DAGs
[2025-07-11T11:39:41.504+0200] {logging_mixin.py:188} INFO - [2025-07-11T11:39:41.504+0200] {dag.py:3954} INFO - Setting next_dagrun for tutorial_objectstorage to None, run_after=None
[2025-07-11T11:39:41.518+0200] {processor.py:183} INFO - Processing /home/florent/Programs/anaconda3/envs/airflow_etl/lib/python3.11/site-packages/airflow/example_dags/tutorial_objectstorage.py took 0.041 seconds
[2025-07-11T11:40:48.014+0200] {processor.py:161} INFO - Started process (PID=68667) to work on /home/florent/Programs/anaconda3/envs/airflow_etl/lib/python3.11/site-packages/airflow/example_dags/tutorial_objectstorage.py
[2025-07-11T11:40:48.017+0200] {processor.py:830} INFO - Processing file /home/florent/Programs/anaconda3/envs/airflow_etl/lib/python3.11/site-packages/airflow/example_dags/tutorial_objectstorage.py for tasks to queue
[2025-07-11T11:40:48.019+0200] {logging_mixin.py:188} INFO - [2025-07-11T11:40:48.018+0200] {dagbag.py:545} INFO - Filling up the DagBag from /home/florent/Programs/anaconda3/envs/airflow_etl/lib/python3.11/site-packages/airflow/example_dags/tutorial_objectstorage.py
[2025-07-11T11:40:48.027+0200] {processor.py:840} INFO - DAG(s) 'tutorial_objectstorage' retrieved from /home/florent/Programs/anaconda3/envs/airflow_etl/lib/python3.11/site-packages/airflow/example_dags/tutorial_objectstorage.py
[2025-07-11T11:40:48.037+0200] {logging_mixin.py:188} INFO - [2025-07-11T11:40:48.037+0200] {dag.py:3096} INFO - Sync 1 DAGs
[2025-07-11T11:40:48.044+0200] {logging_mixin.py:188} INFO - [2025-07-11T11:40:48.044+0200] {dag.py:3954} INFO - Setting next_dagrun for tutorial_objectstorage to None, run_after=None
[2025-07-11T11:40:48.055+0200] {processor.py:183} INFO - Processing /home/florent/Programs/anaconda3/envs/airflow_etl/lib/python3.11/site-packages/airflow/example_dags/tutorial_objectstorage.py took 0.048 seconds
[2025-07-11T11:41:52.266+0200] {processor.py:161} INFO - Started process (PID=69319) to work on /home/florent/Programs/anaconda3/envs/airflow_etl/lib/python3.11/site-packages/airflow/example_dags/tutorial_objectstorage.py
[2025-07-11T11:41:52.269+0200] {processor.py:830} INFO - Processing file /home/florent/Programs/anaconda3/envs/airflow_etl/lib/python3.11/site-packages/airflow/example_dags/tutorial_objectstorage.py for tasks to queue
[2025-07-11T11:41:52.271+0200] {logging_mixin.py:188} INFO - [2025-07-11T11:41:52.270+0200] {dagbag.py:545} INFO - Filling up the DagBag from /home/florent/Programs/anaconda3/envs/airflow_etl/lib/python3.11/site-packages/airflow/example_dags/tutorial_objectstorage.py
[2025-07-11T11:41:52.278+0200] {processor.py:840} INFO - DAG(s) 'tutorial_objectstorage' retrieved from /home/florent/Programs/anaconda3/envs/airflow_etl/lib/python3.11/site-packages/airflow/example_dags/tutorial_objectstorage.py
[2025-07-11T11:41:52.286+0200] {logging_mixin.py:188} INFO - [2025-07-11T11:41:52.286+0200] {dag.py:3096} INFO - Sync 1 DAGs
[2025-07-11T11:41:52.291+0200] {logging_mixin.py:188} INFO - [2025-07-11T11:41:52.291+0200] {dag.py:3954} INFO - Setting next_dagrun for tutorial_objectstorage to None, run_after=None
[2025-07-11T11:41:52.301+0200] {processor.py:183} INFO - Processing /home/florent/Programs/anaconda3/envs/airflow_etl/lib/python3.11/site-packages/airflow/example_dags/tutorial_objectstorage.py took 0.041 seconds
[2025-07-11T11:42:55.266+0200] {processor.py:161} INFO - Started process (PID=70141) to work on /home/florent/Programs/anaconda3/envs/airflow_etl/lib/python3.11/site-packages/airflow/example_dags/tutorial_objectstorage.py
[2025-07-11T11:42:55.269+0200] {processor.py:830} INFO - Processing file /home/florent/Programs/anaconda3/envs/airflow_etl/lib/python3.11/site-packages/airflow/example_dags/tutorial_objectstorage.py for tasks to queue
[2025-07-11T11:42:55.271+0200] {logging_mixin.py:188} INFO - [2025-07-11T11:42:55.270+0200] {dagbag.py:545} INFO - Filling up the DagBag from /home/florent/Programs/anaconda3/envs/airflow_etl/lib/python3.11/site-packages/airflow/example_dags/tutorial_objectstorage.py
[2025-07-11T11:42:55.279+0200] {processor.py:840} INFO - DAG(s) 'tutorial_objectstorage' retrieved from /home/florent/Programs/anaconda3/envs/airflow_etl/lib/python3.11/site-packages/airflow/example_dags/tutorial_objectstorage.py
[2025-07-11T11:42:55.291+0200] {logging_mixin.py:188} INFO - [2025-07-11T11:42:55.291+0200] {dag.py:3096} INFO - Sync 1 DAGs
[2025-07-11T11:42:55.298+0200] {logging_mixin.py:188} INFO - [2025-07-11T11:42:55.297+0200] {dag.py:3954} INFO - Setting next_dagrun for tutorial_objectstorage to None, run_after=None
[2025-07-11T11:42:55.309+0200] {processor.py:183} INFO - Processing /home/florent/Programs/anaconda3/envs/airflow_etl/lib/python3.11/site-packages/airflow/example_dags/tutorial_objectstorage.py took 0.049 seconds
[2025-07-11T11:43:59.359+0200] {processor.py:161} INFO - Started process (PID=70873) to work on /home/florent/Programs/anaconda3/envs/airflow_etl/lib/python3.11/site-packages/airflow/example_dags/tutorial_objectstorage.py
[2025-07-11T11:43:59.360+0200] {processor.py:830} INFO - Processing file /home/florent/Programs/anaconda3/envs/airflow_etl/lib/python3.11/site-packages/airflow/example_dags/tutorial_objectstorage.py for tasks to queue
[2025-07-11T11:43:59.361+0200] {logging_mixin.py:188} INFO - [2025-07-11T11:43:59.361+0200] {dagbag.py:545} INFO - Filling up the DagBag from /home/florent/Programs/anaconda3/envs/airflow_etl/lib/python3.11/site-packages/airflow/example_dags/tutorial_objectstorage.py
[2025-07-11T11:43:59.366+0200] {processor.py:840} INFO - DAG(s) 'tutorial_objectstorage' retrieved from /home/florent/Programs/anaconda3/envs/airflow_etl/lib/python3.11/site-packages/airflow/example_dags/tutorial_objectstorage.py
[2025-07-11T11:43:59.378+0200] {logging_mixin.py:188} INFO - [2025-07-11T11:43:59.378+0200] {dag.py:3096} INFO - Sync 1 DAGs
[2025-07-11T11:43:59.385+0200] {logging_mixin.py:188} INFO - [2025-07-11T11:43:59.384+0200] {dag.py:3954} INFO - Setting next_dagrun for tutorial_objectstorage to None, run_after=None
[2025-07-11T11:43:59.402+0200] {processor.py:183} INFO - Processing /home/florent/Programs/anaconda3/envs/airflow_etl/lib/python3.11/site-packages/airflow/example_dags/tutorial_objectstorage.py took 0.048 seconds
[2025-07-11T11:45:08.577+0200] {processor.py:161} INFO - Started process (PID=71718) to work on /home/florent/Programs/anaconda3/envs/airflow_etl/lib/python3.11/site-packages/airflow/example_dags/tutorial_objectstorage.py
[2025-07-11T11:45:08.580+0200] {processor.py:830} INFO - Processing file /home/florent/Programs/anaconda3/envs/airflow_etl/lib/python3.11/site-packages/airflow/example_dags/tutorial_objectstorage.py for tasks to queue
[2025-07-11T11:45:08.583+0200] {logging_mixin.py:188} INFO - [2025-07-11T11:45:08.583+0200] {dagbag.py:545} INFO - Filling up the DagBag from /home/florent/Programs/anaconda3/envs/airflow_etl/lib/python3.11/site-packages/airflow/example_dags/tutorial_objectstorage.py
[2025-07-11T11:45:08.591+0200] {processor.py:840} INFO - DAG(s) 'tutorial_objectstorage' retrieved from /home/florent/Programs/anaconda3/envs/airflow_etl/lib/python3.11/site-packages/airflow/example_dags/tutorial_objectstorage.py
[2025-07-11T11:45:08.602+0200] {logging_mixin.py:188} INFO - [2025-07-11T11:45:08.601+0200] {dag.py:3096} INFO - Sync 1 DAGs
[2025-07-11T11:45:08.611+0200] {logging_mixin.py:188} INFO - [2025-07-11T11:45:08.611+0200] {dag.py:3954} INFO - Setting next_dagrun for tutorial_objectstorage to None, run_after=None
[2025-07-11T11:45:08.629+0200] {processor.py:183} INFO - Processing /home/florent/Programs/anaconda3/envs/airflow_etl/lib/python3.11/site-packages/airflow/example_dags/tutorial_objectstorage.py took 0.058 seconds
[2025-07-11T11:45:54.327+0200] {processor.py:161} INFO - Started process (PID=72250) to work on /home/florent/Programs/anaconda3/envs/airflow_etl/lib/python3.11/site-packages/airflow/example_dags/tutorial_objectstorage.py
[2025-07-11T11:45:54.329+0200] {processor.py:830} INFO - Processing file /home/florent/Programs/anaconda3/envs/airflow_etl/lib/python3.11/site-packages/airflow/example_dags/tutorial_objectstorage.py for tasks to queue
[2025-07-11T11:45:54.330+0200] {logging_mixin.py:188} INFO - [2025-07-11T11:45:54.330+0200] {dagbag.py:545} INFO - Filling up the DagBag from /home/florent/Programs/anaconda3/envs/airflow_etl/lib/python3.11/site-packages/airflow/example_dags/tutorial_objectstorage.py
[2025-07-11T11:45:54.335+0200] {processor.py:840} INFO - DAG(s) 'tutorial_objectstorage' retrieved from /home/florent/Programs/anaconda3/envs/airflow_etl/lib/python3.11/site-packages/airflow/example_dags/tutorial_objectstorage.py
[2025-07-11T11:45:54.342+0200] {logging_mixin.py:188} INFO - [2025-07-11T11:45:54.342+0200] {dag.py:3096} INFO - Sync 1 DAGs
[2025-07-11T11:45:54.348+0200] {logging_mixin.py:188} INFO - [2025-07-11T11:45:54.348+0200] {dag.py:3954} INFO - Setting next_dagrun for tutorial_objectstorage to None, run_after=None
[2025-07-11T11:45:54.358+0200] {processor.py:183} INFO - Processing /home/florent/Programs/anaconda3/envs/airflow_etl/lib/python3.11/site-packages/airflow/example_dags/tutorial_objectstorage.py took 0.035 seconds
[2025-07-11T11:46:53.796+0200] {processor.py:161} INFO - Started process (PID=72869) to work on /home/florent/Programs/anaconda3/envs/airflow_etl/lib/python3.11/site-packages/airflow/example_dags/tutorial_objectstorage.py
[2025-07-11T11:46:53.799+0200] {processor.py:830} INFO - Processing file /home/florent/Programs/anaconda3/envs/airflow_etl/lib/python3.11/site-packages/airflow/example_dags/tutorial_objectstorage.py for tasks to queue
[2025-07-11T11:46:53.801+0200] {logging_mixin.py:188} INFO - [2025-07-11T11:46:53.801+0200] {dagbag.py:545} INFO - Filling up the DagBag from /home/florent/Programs/anaconda3/envs/airflow_etl/lib/python3.11/site-packages/airflow/example_dags/tutorial_objectstorage.py
[2025-07-11T11:46:53.808+0200] {processor.py:840} INFO - DAG(s) 'tutorial_objectstorage' retrieved from /home/florent/Programs/anaconda3/envs/airflow_etl/lib/python3.11/site-packages/airflow/example_dags/tutorial_objectstorage.py
[2025-07-11T11:46:53.819+0200] {logging_mixin.py:188} INFO - [2025-07-11T11:46:53.819+0200] {dag.py:3096} INFO - Sync 1 DAGs
[2025-07-11T11:46:53.825+0200] {logging_mixin.py:188} INFO - [2025-07-11T11:46:53.824+0200] {dag.py:3954} INFO - Setting next_dagrun for tutorial_objectstorage to None, run_after=None
[2025-07-11T11:46:53.835+0200] {processor.py:183} INFO - Processing /home/florent/Programs/anaconda3/envs/airflow_etl/lib/python3.11/site-packages/airflow/example_dags/tutorial_objectstorage.py took 0.044 seconds
[2025-07-11T11:47:59.350+0200] {processor.py:161} INFO - Started process (PID=73510) to work on /home/florent/Programs/anaconda3/envs/airflow_etl/lib/python3.11/site-packages/airflow/example_dags/tutorial_objectstorage.py
[2025-07-11T11:47:59.352+0200] {processor.py:830} INFO - Processing file /home/florent/Programs/anaconda3/envs/airflow_etl/lib/python3.11/site-packages/airflow/example_dags/tutorial_objectstorage.py for tasks to queue
[2025-07-11T11:47:59.354+0200] {logging_mixin.py:188} INFO - [2025-07-11T11:47:59.354+0200] {dagbag.py:545} INFO - Filling up the DagBag from /home/florent/Programs/anaconda3/envs/airflow_etl/lib/python3.11/site-packages/airflow/example_dags/tutorial_objectstorage.py
[2025-07-11T11:47:59.362+0200] {processor.py:840} INFO - DAG(s) 'tutorial_objectstorage' retrieved from /home/florent/Programs/anaconda3/envs/airflow_etl/lib/python3.11/site-packages/airflow/example_dags/tutorial_objectstorage.py
[2025-07-11T11:47:59.372+0200] {logging_mixin.py:188} INFO - [2025-07-11T11:47:59.372+0200] {dag.py:3096} INFO - Sync 1 DAGs
[2025-07-11T11:47:59.378+0200] {logging_mixin.py:188} INFO - [2025-07-11T11:47:59.378+0200] {dag.py:3954} INFO - Setting next_dagrun for tutorial_objectstorage to None, run_after=None
[2025-07-11T11:47:59.388+0200] {processor.py:183} INFO - Processing /home/florent/Programs/anaconda3/envs/airflow_etl/lib/python3.11/site-packages/airflow/example_dags/tutorial_objectstorage.py took 0.044 seconds
[2025-07-11T11:49:02.796+0200] {processor.py:161} INFO - Started process (PID=74194) to work on /home/florent/Programs/anaconda3/envs/airflow_etl/lib/python3.11/site-packages/airflow/example_dags/tutorial_objectstorage.py
[2025-07-11T11:49:02.799+0200] {processor.py:830} INFO - Processing file /home/florent/Programs/anaconda3/envs/airflow_etl/lib/python3.11/site-packages/airflow/example_dags/tutorial_objectstorage.py for tasks to queue
[2025-07-11T11:49:02.801+0200] {logging_mixin.py:188} INFO - [2025-07-11T11:49:02.800+0200] {dagbag.py:545} INFO - Filling up the DagBag from /home/florent/Programs/anaconda3/envs/airflow_etl/lib/python3.11/site-packages/airflow/example_dags/tutorial_objectstorage.py
[2025-07-11T11:49:02.807+0200] {processor.py:840} INFO - DAG(s) 'tutorial_objectstorage' retrieved from /home/florent/Programs/anaconda3/envs/airflow_etl/lib/python3.11/site-packages/airflow/example_dags/tutorial_objectstorage.py
[2025-07-11T11:49:02.817+0200] {logging_mixin.py:188} INFO - [2025-07-11T11:49:02.817+0200] {dag.py:3096} INFO - Sync 1 DAGs
[2025-07-11T11:49:02.824+0200] {logging_mixin.py:188} INFO - [2025-07-11T11:49:02.824+0200] {dag.py:3954} INFO - Setting next_dagrun for tutorial_objectstorage to None, run_after=None
[2025-07-11T11:49:02.835+0200] {processor.py:183} INFO - Processing /home/florent/Programs/anaconda3/envs/airflow_etl/lib/python3.11/site-packages/airflow/example_dags/tutorial_objectstorage.py took 0.046 seconds
[2025-07-11T11:50:08.591+0200] {processor.py:161} INFO - Started process (PID=74840) to work on /home/florent/Programs/anaconda3/envs/airflow_etl/lib/python3.11/site-packages/airflow/example_dags/tutorial_objectstorage.py
[2025-07-11T11:50:08.593+0200] {processor.py:830} INFO - Processing file /home/florent/Programs/anaconda3/envs/airflow_etl/lib/python3.11/site-packages/airflow/example_dags/tutorial_objectstorage.py for tasks to queue
[2025-07-11T11:50:08.596+0200] {logging_mixin.py:188} INFO - [2025-07-11T11:50:08.595+0200] {dagbag.py:545} INFO - Filling up the DagBag from /home/florent/Programs/anaconda3/envs/airflow_etl/lib/python3.11/site-packages/airflow/example_dags/tutorial_objectstorage.py
[2025-07-11T11:50:08.604+0200] {processor.py:840} INFO - DAG(s) 'tutorial_objectstorage' retrieved from /home/florent/Programs/anaconda3/envs/airflow_etl/lib/python3.11/site-packages/airflow/example_dags/tutorial_objectstorage.py
[2025-07-11T11:50:08.615+0200] {logging_mixin.py:188} INFO - [2025-07-11T11:50:08.615+0200] {dag.py:3096} INFO - Sync 1 DAGs
[2025-07-11T11:50:08.622+0200] {logging_mixin.py:188} INFO - [2025-07-11T11:50:08.622+0200] {dag.py:3954} INFO - Setting next_dagrun for tutorial_objectstorage to None, run_after=None
[2025-07-11T11:50:08.634+0200] {processor.py:183} INFO - Processing /home/florent/Programs/anaconda3/envs/airflow_etl/lib/python3.11/site-packages/airflow/example_dags/tutorial_objectstorage.py took 0.049 seconds
[2025-07-11T11:50:54.752+0200] {processor.py:161} INFO - Started process (PID=75333) to work on /home/florent/Programs/anaconda3/envs/airflow_etl/lib/python3.11/site-packages/airflow/example_dags/tutorial_objectstorage.py
[2025-07-11T11:50:54.755+0200] {processor.py:830} INFO - Processing file /home/florent/Programs/anaconda3/envs/airflow_etl/lib/python3.11/site-packages/airflow/example_dags/tutorial_objectstorage.py for tasks to queue
[2025-07-11T11:50:54.757+0200] {logging_mixin.py:188} INFO - [2025-07-11T11:50:54.756+0200] {dagbag.py:545} INFO - Filling up the DagBag from /home/florent/Programs/anaconda3/envs/airflow_etl/lib/python3.11/site-packages/airflow/example_dags/tutorial_objectstorage.py
[2025-07-11T11:50:54.765+0200] {processor.py:840} INFO - DAG(s) 'tutorial_objectstorage' retrieved from /home/florent/Programs/anaconda3/envs/airflow_etl/lib/python3.11/site-packages/airflow/example_dags/tutorial_objectstorage.py
[2025-07-11T11:50:54.779+0200] {logging_mixin.py:188} INFO - [2025-07-11T11:50:54.779+0200] {dag.py:3096} INFO - Sync 1 DAGs
[2025-07-11T11:50:54.786+0200] {logging_mixin.py:188} INFO - [2025-07-11T11:50:54.785+0200] {dag.py:3954} INFO - Setting next_dagrun for tutorial_objectstorage to None, run_after=None
[2025-07-11T11:50:54.798+0200] {processor.py:183} INFO - Processing /home/florent/Programs/anaconda3/envs/airflow_etl/lib/python3.11/site-packages/airflow/example_dags/tutorial_objectstorage.py took 0.053 seconds
[2025-07-11T11:51:58.366+0200] {processor.py:161} INFO - Started process (PID=75993) to work on /home/florent/Programs/anaconda3/envs/airflow_etl/lib/python3.11/site-packages/airflow/example_dags/tutorial_objectstorage.py
[2025-07-11T11:51:58.366+0200] {processor.py:830} INFO - Processing file /home/florent/Programs/anaconda3/envs/airflow_etl/lib/python3.11/site-packages/airflow/example_dags/tutorial_objectstorage.py for tasks to queue
[2025-07-11T11:51:58.367+0200] {logging_mixin.py:188} INFO - [2025-07-11T11:51:58.367+0200] {dagbag.py:545} INFO - Filling up the DagBag from /home/florent/Programs/anaconda3/envs/airflow_etl/lib/python3.11/site-packages/airflow/example_dags/tutorial_objectstorage.py
[2025-07-11T11:51:58.371+0200] {processor.py:840} INFO - DAG(s) 'tutorial_objectstorage' retrieved from /home/florent/Programs/anaconda3/envs/airflow_etl/lib/python3.11/site-packages/airflow/example_dags/tutorial_objectstorage.py
[2025-07-11T11:51:58.379+0200] {logging_mixin.py:188} INFO - [2025-07-11T11:51:58.378+0200] {dag.py:3096} INFO - Sync 1 DAGs
[2025-07-11T11:51:58.384+0200] {logging_mixin.py:188} INFO - [2025-07-11T11:51:58.384+0200] {dag.py:3954} INFO - Setting next_dagrun for tutorial_objectstorage to None, run_after=None
[2025-07-11T11:51:58.393+0200] {processor.py:183} INFO - Processing /home/florent/Programs/anaconda3/envs/airflow_etl/lib/python3.11/site-packages/airflow/example_dags/tutorial_objectstorage.py took 0.033 seconds
[2025-07-11T11:53:04.495+0200] {processor.py:161} INFO - Started process (PID=76650) to work on /home/florent/Programs/anaconda3/envs/airflow_etl/lib/python3.11/site-packages/airflow/example_dags/tutorial_objectstorage.py
[2025-07-11T11:53:04.498+0200] {processor.py:830} INFO - Processing file /home/florent/Programs/anaconda3/envs/airflow_etl/lib/python3.11/site-packages/airflow/example_dags/tutorial_objectstorage.py for tasks to queue
[2025-07-11T11:53:04.500+0200] {logging_mixin.py:188} INFO - [2025-07-11T11:53:04.500+0200] {dagbag.py:545} INFO - Filling up the DagBag from /home/florent/Programs/anaconda3/envs/airflow_etl/lib/python3.11/site-packages/airflow/example_dags/tutorial_objectstorage.py
[2025-07-11T11:53:04.510+0200] {processor.py:840} INFO - DAG(s) 'tutorial_objectstorage' retrieved from /home/florent/Programs/anaconda3/envs/airflow_etl/lib/python3.11/site-packages/airflow/example_dags/tutorial_objectstorage.py
[2025-07-11T11:53:04.526+0200] {logging_mixin.py:188} INFO - [2025-07-11T11:53:04.526+0200] {dag.py:3096} INFO - Sync 1 DAGs
[2025-07-11T11:53:04.535+0200] {logging_mixin.py:188} INFO - [2025-07-11T11:53:04.535+0200] {dag.py:3954} INFO - Setting next_dagrun for tutorial_objectstorage to None, run_after=None
[2025-07-11T11:53:04.546+0200] {processor.py:183} INFO - Processing /home/florent/Programs/anaconda3/envs/airflow_etl/lib/python3.11/site-packages/airflow/example_dags/tutorial_objectstorage.py took 0.056 seconds
[2025-07-11T11:54:08.518+0200] {processor.py:161} INFO - Started process (PID=77288) to work on /home/florent/Programs/anaconda3/envs/airflow_etl/lib/python3.11/site-packages/airflow/example_dags/tutorial_objectstorage.py
[2025-07-11T11:54:08.521+0200] {processor.py:830} INFO - Processing file /home/florent/Programs/anaconda3/envs/airflow_etl/lib/python3.11/site-packages/airflow/example_dags/tutorial_objectstorage.py for tasks to queue
[2025-07-11T11:54:08.523+0200] {logging_mixin.py:188} INFO - [2025-07-11T11:54:08.523+0200] {dagbag.py:545} INFO - Filling up the DagBag from /home/florent/Programs/anaconda3/envs/airflow_etl/lib/python3.11/site-packages/airflow/example_dags/tutorial_objectstorage.py
[2025-07-11T11:54:08.532+0200] {processor.py:840} INFO - DAG(s) 'tutorial_objectstorage' retrieved from /home/florent/Programs/anaconda3/envs/airflow_etl/lib/python3.11/site-packages/airflow/example_dags/tutorial_objectstorage.py
[2025-07-11T11:54:08.544+0200] {logging_mixin.py:188} INFO - [2025-07-11T11:54:08.544+0200] {dag.py:3096} INFO - Sync 1 DAGs
[2025-07-11T11:54:08.551+0200] {logging_mixin.py:188} INFO - [2025-07-11T11:54:08.551+0200] {dag.py:3954} INFO - Setting next_dagrun for tutorial_objectstorage to None, run_after=None
[2025-07-11T11:54:08.563+0200] {processor.py:183} INFO - Processing /home/florent/Programs/anaconda3/envs/airflow_etl/lib/python3.11/site-packages/airflow/example_dags/tutorial_objectstorage.py took 0.051 seconds
[2025-07-11T11:54:55.398+0200] {processor.py:161} INFO - Started process (PID=77749) to work on /home/florent/Programs/anaconda3/envs/airflow_etl/lib/python3.11/site-packages/airflow/example_dags/tutorial_objectstorage.py
[2025-07-11T11:54:55.400+0200] {processor.py:830} INFO - Processing file /home/florent/Programs/anaconda3/envs/airflow_etl/lib/python3.11/site-packages/airflow/example_dags/tutorial_objectstorage.py for tasks to queue
[2025-07-11T11:54:55.402+0200] {logging_mixin.py:188} INFO - [2025-07-11T11:54:55.402+0200] {dagbag.py:545} INFO - Filling up the DagBag from /home/florent/Programs/anaconda3/envs/airflow_etl/lib/python3.11/site-packages/airflow/example_dags/tutorial_objectstorage.py
[2025-07-11T11:54:55.411+0200] {processor.py:840} INFO - DAG(s) 'tutorial_objectstorage' retrieved from /home/florent/Programs/anaconda3/envs/airflow_etl/lib/python3.11/site-packages/airflow/example_dags/tutorial_objectstorage.py
[2025-07-11T11:54:55.427+0200] {logging_mixin.py:188} INFO - [2025-07-11T11:54:55.427+0200] {dag.py:3096} INFO - Sync 1 DAGs
[2025-07-11T11:54:55.434+0200] {logging_mixin.py:188} INFO - [2025-07-11T11:54:55.434+0200] {dag.py:3954} INFO - Setting next_dagrun for tutorial_objectstorage to None, run_after=None
[2025-07-11T11:54:55.446+0200] {processor.py:183} INFO - Processing /home/florent/Programs/anaconda3/envs/airflow_etl/lib/python3.11/site-packages/airflow/example_dags/tutorial_objectstorage.py took 0.054 seconds
[2025-07-11T11:55:56.807+0200] {processor.py:161} INFO - Started process (PID=78436) to work on /home/florent/Programs/anaconda3/envs/airflow_etl/lib/python3.11/site-packages/airflow/example_dags/tutorial_objectstorage.py
[2025-07-11T11:55:56.809+0200] {processor.py:830} INFO - Processing file /home/florent/Programs/anaconda3/envs/airflow_etl/lib/python3.11/site-packages/airflow/example_dags/tutorial_objectstorage.py for tasks to queue
[2025-07-11T11:55:56.811+0200] {logging_mixin.py:188} INFO - [2025-07-11T11:55:56.811+0200] {dagbag.py:545} INFO - Filling up the DagBag from /home/florent/Programs/anaconda3/envs/airflow_etl/lib/python3.11/site-packages/airflow/example_dags/tutorial_objectstorage.py
[2025-07-11T11:55:56.820+0200] {processor.py:840} INFO - DAG(s) 'tutorial_objectstorage' retrieved from /home/florent/Programs/anaconda3/envs/airflow_etl/lib/python3.11/site-packages/airflow/example_dags/tutorial_objectstorage.py
[2025-07-11T11:55:56.832+0200] {logging_mixin.py:188} INFO - [2025-07-11T11:55:56.832+0200] {dag.py:3096} INFO - Sync 1 DAGs
[2025-07-11T11:55:56.839+0200] {logging_mixin.py:188} INFO - [2025-07-11T11:55:56.839+0200] {dag.py:3954} INFO - Setting next_dagrun for tutorial_objectstorage to None, run_after=None
[2025-07-11T11:55:56.855+0200] {processor.py:183} INFO - Processing /home/florent/Programs/anaconda3/envs/airflow_etl/lib/python3.11/site-packages/airflow/example_dags/tutorial_objectstorage.py took 0.053 seconds
[2025-07-11T11:57:00.485+0200] {processor.py:161} INFO - Started process (PID=79072) to work on /home/florent/Programs/anaconda3/envs/airflow_etl/lib/python3.11/site-packages/airflow/example_dags/tutorial_objectstorage.py
[2025-07-11T11:57:00.486+0200] {processor.py:830} INFO - Processing file /home/florent/Programs/anaconda3/envs/airflow_etl/lib/python3.11/site-packages/airflow/example_dags/tutorial_objectstorage.py for tasks to queue
[2025-07-11T11:57:00.487+0200] {logging_mixin.py:188} INFO - [2025-07-11T11:57:00.487+0200] {dagbag.py:545} INFO - Filling up the DagBag from /home/florent/Programs/anaconda3/envs/airflow_etl/lib/python3.11/site-packages/airflow/example_dags/tutorial_objectstorage.py
[2025-07-11T11:57:00.494+0200] {processor.py:840} INFO - DAG(s) 'tutorial_objectstorage' retrieved from /home/florent/Programs/anaconda3/envs/airflow_etl/lib/python3.11/site-packages/airflow/example_dags/tutorial_objectstorage.py
[2025-07-11T11:57:00.504+0200] {logging_mixin.py:188} INFO - [2025-07-11T11:57:00.504+0200] {dag.py:3096} INFO - Sync 1 DAGs
[2025-07-11T11:57:00.511+0200] {logging_mixin.py:188} INFO - [2025-07-11T11:57:00.511+0200] {dag.py:3954} INFO - Setting next_dagrun for tutorial_objectstorage to None, run_after=None
[2025-07-11T11:57:00.521+0200] {processor.py:183} INFO - Processing /home/florent/Programs/anaconda3/envs/airflow_etl/lib/python3.11/site-packages/airflow/example_dags/tutorial_objectstorage.py took 0.042 seconds
[2025-07-11T11:58:06.339+0200] {processor.py:161} INFO - Started process (PID=79713) to work on /home/florent/Programs/anaconda3/envs/airflow_etl/lib/python3.11/site-packages/airflow/example_dags/tutorial_objectstorage.py
[2025-07-11T11:58:06.342+0200] {processor.py:830} INFO - Processing file /home/florent/Programs/anaconda3/envs/airflow_etl/lib/python3.11/site-packages/airflow/example_dags/tutorial_objectstorage.py for tasks to queue
[2025-07-11T11:58:06.344+0200] {logging_mixin.py:188} INFO - [2025-07-11T11:58:06.344+0200] {dagbag.py:545} INFO - Filling up the DagBag from /home/florent/Programs/anaconda3/envs/airflow_etl/lib/python3.11/site-packages/airflow/example_dags/tutorial_objectstorage.py
[2025-07-11T11:58:06.353+0200] {processor.py:840} INFO - DAG(s) 'tutorial_objectstorage' retrieved from /home/florent/Programs/anaconda3/envs/airflow_etl/lib/python3.11/site-packages/airflow/example_dags/tutorial_objectstorage.py
[2025-07-11T11:58:06.365+0200] {logging_mixin.py:188} INFO - [2025-07-11T11:58:06.365+0200] {dag.py:3096} INFO - Sync 1 DAGs
[2025-07-11T11:58:06.372+0200] {logging_mixin.py:188} INFO - [2025-07-11T11:58:06.372+0200] {dag.py:3954} INFO - Setting next_dagrun for tutorial_objectstorage to None, run_after=None
[2025-07-11T11:58:06.385+0200] {processor.py:183} INFO - Processing /home/florent/Programs/anaconda3/envs/airflow_etl/lib/python3.11/site-packages/airflow/example_dags/tutorial_objectstorage.py took 0.052 seconds
[2025-07-11T11:58:50.137+0200] {processor.py:161} INFO - Started process (PID=80148) to work on /home/florent/Programs/anaconda3/envs/airflow_etl/lib/python3.11/site-packages/airflow/example_dags/tutorial_objectstorage.py
[2025-07-11T11:58:50.139+0200] {processor.py:830} INFO - Processing file /home/florent/Programs/anaconda3/envs/airflow_etl/lib/python3.11/site-packages/airflow/example_dags/tutorial_objectstorage.py for tasks to queue
[2025-07-11T11:58:50.141+0200] {logging_mixin.py:188} INFO - [2025-07-11T11:58:50.140+0200] {dagbag.py:545} INFO - Filling up the DagBag from /home/florent/Programs/anaconda3/envs/airflow_etl/lib/python3.11/site-packages/airflow/example_dags/tutorial_objectstorage.py
[2025-07-11T11:58:50.146+0200] {processor.py:840} INFO - DAG(s) 'tutorial_objectstorage' retrieved from /home/florent/Programs/anaconda3/envs/airflow_etl/lib/python3.11/site-packages/airflow/example_dags/tutorial_objectstorage.py
[2025-07-11T11:58:50.155+0200] {logging_mixin.py:188} INFO - [2025-07-11T11:58:50.155+0200] {dag.py:3096} INFO - Sync 1 DAGs
[2025-07-11T11:58:50.162+0200] {logging_mixin.py:188} INFO - [2025-07-11T11:58:50.161+0200] {dag.py:3954} INFO - Setting next_dagrun for tutorial_objectstorage to None, run_after=None
[2025-07-11T11:58:50.172+0200] {processor.py:183} INFO - Processing /home/florent/Programs/anaconda3/envs/airflow_etl/lib/python3.11/site-packages/airflow/example_dags/tutorial_objectstorage.py took 0.040 seconds
[2025-07-11T11:59:58.018+0200] {processor.py:161} INFO - Started process (PID=80832) to work on /home/florent/Programs/anaconda3/envs/airflow_etl/lib/python3.11/site-packages/airflow/example_dags/tutorial_objectstorage.py
[2025-07-11T11:59:58.021+0200] {processor.py:830} INFO - Processing file /home/florent/Programs/anaconda3/envs/airflow_etl/lib/python3.11/site-packages/airflow/example_dags/tutorial_objectstorage.py for tasks to queue
[2025-07-11T11:59:58.023+0200] {logging_mixin.py:188} INFO - [2025-07-11T11:59:58.022+0200] {dagbag.py:545} INFO - Filling up the DagBag from /home/florent/Programs/anaconda3/envs/airflow_etl/lib/python3.11/site-packages/airflow/example_dags/tutorial_objectstorage.py
[2025-07-11T11:59:58.030+0200] {processor.py:840} INFO - DAG(s) 'tutorial_objectstorage' retrieved from /home/florent/Programs/anaconda3/envs/airflow_etl/lib/python3.11/site-packages/airflow/example_dags/tutorial_objectstorage.py
[2025-07-11T11:59:58.041+0200] {logging_mixin.py:188} INFO - [2025-07-11T11:59:58.041+0200] {dag.py:3096} INFO - Sync 1 DAGs
[2025-07-11T11:59:58.048+0200] {logging_mixin.py:188} INFO - [2025-07-11T11:59:58.048+0200] {dag.py:3954} INFO - Setting next_dagrun for tutorial_objectstorage to None, run_after=None
[2025-07-11T11:59:58.060+0200] {processor.py:183} INFO - Processing /home/florent/Programs/anaconda3/envs/airflow_etl/lib/python3.11/site-packages/airflow/example_dags/tutorial_objectstorage.py took 0.048 seconds
[2025-07-11T12:00:45.618+0200] {processor.py:161} INFO - Started process (PID=81329) to work on /home/florent/Programs/anaconda3/envs/airflow_etl/lib/python3.11/site-packages/airflow/example_dags/tutorial_objectstorage.py
[2025-07-11T12:00:45.621+0200] {processor.py:830} INFO - Processing file /home/florent/Programs/anaconda3/envs/airflow_etl/lib/python3.11/site-packages/airflow/example_dags/tutorial_objectstorage.py for tasks to queue
[2025-07-11T12:00:45.623+0200] {logging_mixin.py:188} INFO - [2025-07-11T12:00:45.622+0200] {dagbag.py:545} INFO - Filling up the DagBag from /home/florent/Programs/anaconda3/envs/airflow_etl/lib/python3.11/site-packages/airflow/example_dags/tutorial_objectstorage.py
[2025-07-11T12:00:45.632+0200] {processor.py:840} INFO - DAG(s) 'tutorial_objectstorage' retrieved from /home/florent/Programs/anaconda3/envs/airflow_etl/lib/python3.11/site-packages/airflow/example_dags/tutorial_objectstorage.py
[2025-07-11T12:00:45.645+0200] {logging_mixin.py:188} INFO - [2025-07-11T12:00:45.644+0200] {dag.py:3096} INFO - Sync 1 DAGs
[2025-07-11T12:00:45.652+0200] {logging_mixin.py:188} INFO - [2025-07-11T12:00:45.652+0200] {dag.py:3954} INFO - Setting next_dagrun for tutorial_objectstorage to None, run_after=None
[2025-07-11T12:00:45.669+0200] {processor.py:183} INFO - Processing /home/florent/Programs/anaconda3/envs/airflow_etl/lib/python3.11/site-packages/airflow/example_dags/tutorial_objectstorage.py took 0.057 seconds
[2025-07-11T12:01:31.855+0200] {processor.py:161} INFO - Started process (PID=81812) to work on /home/florent/Programs/anaconda3/envs/airflow_etl/lib/python3.11/site-packages/airflow/example_dags/tutorial_objectstorage.py
[2025-07-11T12:01:31.858+0200] {processor.py:830} INFO - Processing file /home/florent/Programs/anaconda3/envs/airflow_etl/lib/python3.11/site-packages/airflow/example_dags/tutorial_objectstorage.py for tasks to queue
[2025-07-11T12:01:31.859+0200] {logging_mixin.py:188} INFO - [2025-07-11T12:01:31.859+0200] {dagbag.py:545} INFO - Filling up the DagBag from /home/florent/Programs/anaconda3/envs/airflow_etl/lib/python3.11/site-packages/airflow/example_dags/tutorial_objectstorage.py
[2025-07-11T12:01:31.866+0200] {processor.py:840} INFO - DAG(s) 'tutorial_objectstorage' retrieved from /home/florent/Programs/anaconda3/envs/airflow_etl/lib/python3.11/site-packages/airflow/example_dags/tutorial_objectstorage.py
[2025-07-11T12:01:31.877+0200] {logging_mixin.py:188} INFO - [2025-07-11T12:01:31.877+0200] {dag.py:3096} INFO - Sync 1 DAGs
[2025-07-11T12:01:31.884+0200] {logging_mixin.py:188} INFO - [2025-07-11T12:01:31.884+0200] {dag.py:3954} INFO - Setting next_dagrun for tutorial_objectstorage to None, run_after=None
[2025-07-11T12:01:31.896+0200] {processor.py:183} INFO - Processing /home/florent/Programs/anaconda3/envs/airflow_etl/lib/python3.11/site-packages/airflow/example_dags/tutorial_objectstorage.py took 0.047 seconds
[2025-07-11T12:02:30.780+0200] {processor.py:161} INFO - Started process (PID=82377) to work on /home/florent/Programs/anaconda3/envs/airflow_etl/lib/python3.11/site-packages/airflow/example_dags/tutorial_objectstorage.py
[2025-07-11T12:02:30.783+0200] {processor.py:830} INFO - Processing file /home/florent/Programs/anaconda3/envs/airflow_etl/lib/python3.11/site-packages/airflow/example_dags/tutorial_objectstorage.py for tasks to queue
[2025-07-11T12:02:30.785+0200] {logging_mixin.py:188} INFO - [2025-07-11T12:02:30.785+0200] {dagbag.py:545} INFO - Filling up the DagBag from /home/florent/Programs/anaconda3/envs/airflow_etl/lib/python3.11/site-packages/airflow/example_dags/tutorial_objectstorage.py
[2025-07-11T12:02:30.796+0200] {processor.py:840} INFO - DAG(s) 'tutorial_objectstorage' retrieved from /home/florent/Programs/anaconda3/envs/airflow_etl/lib/python3.11/site-packages/airflow/example_dags/tutorial_objectstorage.py
[2025-07-11T12:02:30.807+0200] {logging_mixin.py:188} INFO - [2025-07-11T12:02:30.807+0200] {dag.py:3096} INFO - Sync 1 DAGs
[2025-07-11T12:02:30.814+0200] {logging_mixin.py:188} INFO - [2025-07-11T12:02:30.814+0200] {dag.py:3954} INFO - Setting next_dagrun for tutorial_objectstorage to None, run_after=None
[2025-07-11T12:02:30.829+0200] {processor.py:183} INFO - Processing /home/florent/Programs/anaconda3/envs/airflow_etl/lib/python3.11/site-packages/airflow/example_dags/tutorial_objectstorage.py took 0.056 seconds
[2025-07-11T12:03:39.662+0200] {processor.py:161} INFO - Started process (PID=83081) to work on /home/florent/Programs/anaconda3/envs/airflow_etl/lib/python3.11/site-packages/airflow/example_dags/tutorial_objectstorage.py
[2025-07-11T12:03:39.665+0200] {processor.py:830} INFO - Processing file /home/florent/Programs/anaconda3/envs/airflow_etl/lib/python3.11/site-packages/airflow/example_dags/tutorial_objectstorage.py for tasks to queue
[2025-07-11T12:03:39.667+0200] {logging_mixin.py:188} INFO - [2025-07-11T12:03:39.667+0200] {dagbag.py:545} INFO - Filling up the DagBag from /home/florent/Programs/anaconda3/envs/airflow_etl/lib/python3.11/site-packages/airflow/example_dags/tutorial_objectstorage.py
[2025-07-11T12:03:39.675+0200] {processor.py:840} INFO - DAG(s) 'tutorial_objectstorage' retrieved from /home/florent/Programs/anaconda3/envs/airflow_etl/lib/python3.11/site-packages/airflow/example_dags/tutorial_objectstorage.py
[2025-07-11T12:03:39.685+0200] {logging_mixin.py:188} INFO - [2025-07-11T12:03:39.685+0200] {dag.py:3096} INFO - Sync 1 DAGs
[2025-07-11T12:03:39.691+0200] {logging_mixin.py:188} INFO - [2025-07-11T12:03:39.691+0200] {dag.py:3954} INFO - Setting next_dagrun for tutorial_objectstorage to None, run_after=None
[2025-07-11T12:03:39.704+0200] {processor.py:183} INFO - Processing /home/florent/Programs/anaconda3/envs/airflow_etl/lib/python3.11/site-packages/airflow/example_dags/tutorial_objectstorage.py took 0.048 seconds
[2025-07-11T12:04:43.084+0200] {processor.py:161} INFO - Started process (PID=83697) to work on /home/florent/Programs/anaconda3/envs/airflow_etl/lib/python3.11/site-packages/airflow/example_dags/tutorial_objectstorage.py
[2025-07-11T12:04:43.085+0200] {processor.py:830} INFO - Processing file /home/florent/Programs/anaconda3/envs/airflow_etl/lib/python3.11/site-packages/airflow/example_dags/tutorial_objectstorage.py for tasks to queue
[2025-07-11T12:04:43.087+0200] {logging_mixin.py:188} INFO - [2025-07-11T12:04:43.086+0200] {dagbag.py:545} INFO - Filling up the DagBag from /home/florent/Programs/anaconda3/envs/airflow_etl/lib/python3.11/site-packages/airflow/example_dags/tutorial_objectstorage.py
[2025-07-11T12:04:43.096+0200] {processor.py:840} INFO - DAG(s) 'tutorial_objectstorage' retrieved from /home/florent/Programs/anaconda3/envs/airflow_etl/lib/python3.11/site-packages/airflow/example_dags/tutorial_objectstorage.py
[2025-07-11T12:04:43.110+0200] {logging_mixin.py:188} INFO - [2025-07-11T12:04:43.110+0200] {dag.py:3096} INFO - Sync 1 DAGs
[2025-07-11T12:04:43.118+0200] {logging_mixin.py:188} INFO - [2025-07-11T12:04:43.118+0200] {dag.py:3954} INFO - Setting next_dagrun for tutorial_objectstorage to None, run_after=None
[2025-07-11T12:04:43.130+0200] {processor.py:183} INFO - Processing /home/florent/Programs/anaconda3/envs/airflow_etl/lib/python3.11/site-packages/airflow/example_dags/tutorial_objectstorage.py took 0.051 seconds
[2025-07-11T12:05:27.886+0200] {processor.py:161} INFO - Started process (PID=84294) to work on /home/florent/Programs/anaconda3/envs/airflow_etl/lib/python3.11/site-packages/airflow/example_dags/tutorial_objectstorage.py
[2025-07-11T12:05:27.889+0200] {processor.py:830} INFO - Processing file /home/florent/Programs/anaconda3/envs/airflow_etl/lib/python3.11/site-packages/airflow/example_dags/tutorial_objectstorage.py for tasks to queue
[2025-07-11T12:05:27.890+0200] {logging_mixin.py:188} INFO - [2025-07-11T12:05:27.890+0200] {dagbag.py:545} INFO - Filling up the DagBag from /home/florent/Programs/anaconda3/envs/airflow_etl/lib/python3.11/site-packages/airflow/example_dags/tutorial_objectstorage.py
[2025-07-11T12:05:27.897+0200] {processor.py:840} INFO - DAG(s) 'tutorial_objectstorage' retrieved from /home/florent/Programs/anaconda3/envs/airflow_etl/lib/python3.11/site-packages/airflow/example_dags/tutorial_objectstorage.py
[2025-07-11T12:05:27.911+0200] {logging_mixin.py:188} INFO - [2025-07-11T12:05:27.911+0200] {dag.py:3096} INFO - Sync 1 DAGs
[2025-07-11T12:05:27.918+0200] {logging_mixin.py:188} INFO - [2025-07-11T12:05:27.917+0200] {dag.py:3954} INFO - Setting next_dagrun for tutorial_objectstorage to None, run_after=None
[2025-07-11T12:05:27.931+0200] {processor.py:183} INFO - Processing /home/florent/Programs/anaconda3/envs/airflow_etl/lib/python3.11/site-packages/airflow/example_dags/tutorial_objectstorage.py took 0.050 seconds
