[2025-06-17T15:57:01.979+0200] {processor.py:161} INFO - Started process (PID=240176) to work on /home/florent/Programs/anaconda3/envs/airflow_etl/lib/python3.11/site-packages/airflow/example_dags/example_datasets.py
[2025-06-17T15:57:01.980+0200] {processor.py:830} INFO - Processing file /home/florent/Programs/anaconda3/envs/airflow_etl/lib/python3.11/site-packages/airflow/example_dags/example_datasets.py for tasks to queue
[2025-06-17T15:57:01.981+0200] {logging_mixin.py:188} INFO - [2025-06-17T15:57:01.981+0200] {dagbag.py:545} INFO - Filling up the DagBag from /home/florent/Programs/anaconda3/envs/airflow_etl/lib/python3.11/site-packages/airflow/example_dags/example_datasets.py
[2025-06-17T15:57:01.992+0200] {processor.py:840} INFO - DAG(s) 'dataset_consumes_unknown_never_scheduled', 'dataset_produces_2', 'consume_1_and_2_with_dataset_expressions', 'consume_1_or_both_2_and_3_with_dataset_expressions', 'conditional_dataset_and_time_based_timetable', 'dataset_produces_1', 'dataset_consumes_1', 'consume_1_or_2_with_dataset_expressions', 'dataset_consumes_1_and_2', 'dataset_consumes_1_never_scheduled' retrieved from /home/florent/Programs/anaconda3/envs/airflow_etl/lib/python3.11/site-packages/airflow/example_dags/example_datasets.py
[2025-06-17T15:57:02.047+0200] {logging_mixin.py:188} INFO - [2025-06-17T15:57:02.047+0200] {override.py:1829} INFO - Created Permission View: can read on DAG:dataset_consumes_unknown_never_scheduled
[2025-06-17T15:57:02.052+0200] {logging_mixin.py:188} INFO - [2025-06-17T15:57:02.052+0200] {override.py:1829} INFO - Created Permission View: can delete on DAG:dataset_consumes_unknown_never_scheduled
[2025-06-17T15:57:02.056+0200] {logging_mixin.py:188} INFO - [2025-06-17T15:57:02.055+0200] {override.py:1829} INFO - Created Permission View: can edit on DAG:dataset_consumes_unknown_never_scheduled
[2025-06-17T15:57:02.062+0200] {logging_mixin.py:188} INFO - [2025-06-17T15:57:02.062+0200] {override.py:1829} INFO - Created Permission View: can read on DAG:dataset_produces_2
[2025-06-17T15:57:02.065+0200] {logging_mixin.py:188} INFO - [2025-06-17T15:57:02.065+0200] {override.py:1829} INFO - Created Permission View: can delete on DAG:dataset_produces_2
[2025-06-17T15:57:02.069+0200] {logging_mixin.py:188} INFO - [2025-06-17T15:57:02.068+0200] {override.py:1829} INFO - Created Permission View: can edit on DAG:dataset_produces_2
[2025-06-17T15:57:02.075+0200] {logging_mixin.py:188} INFO - [2025-06-17T15:57:02.075+0200] {override.py:1829} INFO - Created Permission View: can read on DAG:consume_1_and_2_with_dataset_expressions
[2025-06-17T15:57:02.079+0200] {logging_mixin.py:188} INFO - [2025-06-17T15:57:02.079+0200] {override.py:1829} INFO - Created Permission View: can delete on DAG:consume_1_and_2_with_dataset_expressions
[2025-06-17T15:57:02.082+0200] {logging_mixin.py:188} INFO - [2025-06-17T15:57:02.082+0200] {override.py:1829} INFO - Created Permission View: can edit on DAG:consume_1_and_2_with_dataset_expressions
[2025-06-17T15:57:02.089+0200] {logging_mixin.py:188} INFO - [2025-06-17T15:57:02.089+0200] {override.py:1829} INFO - Created Permission View: can read on DAG:consume_1_or_both_2_and_3_with_dataset_expressions
[2025-06-17T15:57:02.092+0200] {logging_mixin.py:188} INFO - [2025-06-17T15:57:02.092+0200] {override.py:1829} INFO - Created Permission View: can delete on DAG:consume_1_or_both_2_and_3_with_dataset_expressions
[2025-06-17T15:57:02.096+0200] {logging_mixin.py:188} INFO - [2025-06-17T15:57:02.096+0200] {override.py:1829} INFO - Created Permission View: can edit on DAG:consume_1_or_both_2_and_3_with_dataset_expressions
[2025-06-17T15:57:02.102+0200] {logging_mixin.py:188} INFO - [2025-06-17T15:57:02.102+0200] {override.py:1829} INFO - Created Permission View: can read on DAG:conditional_dataset_and_time_based_timetable
[2025-06-17T15:57:02.105+0200] {logging_mixin.py:188} INFO - [2025-06-17T15:57:02.105+0200] {override.py:1829} INFO - Created Permission View: can delete on DAG:conditional_dataset_and_time_based_timetable
[2025-06-17T15:57:02.108+0200] {logging_mixin.py:188} INFO - [2025-06-17T15:57:02.108+0200] {override.py:1829} INFO - Created Permission View: can edit on DAG:conditional_dataset_and_time_based_timetable
[2025-06-17T15:57:02.115+0200] {logging_mixin.py:188} INFO - [2025-06-17T15:57:02.115+0200] {override.py:1829} INFO - Created Permission View: can read on DAG:dataset_produces_1
[2025-06-17T15:57:02.118+0200] {logging_mixin.py:188} INFO - [2025-06-17T15:57:02.118+0200] {override.py:1829} INFO - Created Permission View: can delete on DAG:dataset_produces_1
[2025-06-17T15:57:02.121+0200] {logging_mixin.py:188} INFO - [2025-06-17T15:57:02.121+0200] {override.py:1829} INFO - Created Permission View: can edit on DAG:dataset_produces_1
[2025-06-17T15:57:02.128+0200] {logging_mixin.py:188} INFO - [2025-06-17T15:57:02.128+0200] {override.py:1829} INFO - Created Permission View: can read on DAG:dataset_consumes_1
[2025-06-17T15:57:02.132+0200] {logging_mixin.py:188} INFO - [2025-06-17T15:57:02.131+0200] {override.py:1829} INFO - Created Permission View: can delete on DAG:dataset_consumes_1
[2025-06-17T15:57:02.135+0200] {logging_mixin.py:188} INFO - [2025-06-17T15:57:02.135+0200] {override.py:1829} INFO - Created Permission View: can edit on DAG:dataset_consumes_1
[2025-06-17T15:57:02.141+0200] {logging_mixin.py:188} INFO - [2025-06-17T15:57:02.141+0200] {override.py:1829} INFO - Created Permission View: can read on DAG:consume_1_or_2_with_dataset_expressions
[2025-06-17T15:57:02.145+0200] {logging_mixin.py:188} INFO - [2025-06-17T15:57:02.144+0200] {override.py:1829} INFO - Created Permission View: can delete on DAG:consume_1_or_2_with_dataset_expressions
[2025-06-17T15:57:02.148+0200] {logging_mixin.py:188} INFO - [2025-06-17T15:57:02.148+0200] {override.py:1829} INFO - Created Permission View: can edit on DAG:consume_1_or_2_with_dataset_expressions
[2025-06-17T15:57:02.154+0200] {logging_mixin.py:188} INFO - [2025-06-17T15:57:02.154+0200] {override.py:1829} INFO - Created Permission View: can read on DAG:dataset_consumes_1_and_2
[2025-06-17T15:57:02.158+0200] {logging_mixin.py:188} INFO - [2025-06-17T15:57:02.157+0200] {override.py:1829} INFO - Created Permission View: can delete on DAG:dataset_consumes_1_and_2
[2025-06-17T15:57:02.161+0200] {logging_mixin.py:188} INFO - [2025-06-17T15:57:02.161+0200] {override.py:1829} INFO - Created Permission View: can edit on DAG:dataset_consumes_1_and_2
[2025-06-17T15:57:02.167+0200] {logging_mixin.py:188} INFO - [2025-06-17T15:57:02.167+0200] {override.py:1829} INFO - Created Permission View: can read on DAG:dataset_consumes_1_never_scheduled
[2025-06-17T15:57:02.170+0200] {logging_mixin.py:188} INFO - [2025-06-17T15:57:02.170+0200] {override.py:1829} INFO - Created Permission View: can delete on DAG:dataset_consumes_1_never_scheduled
[2025-06-17T15:57:02.174+0200] {logging_mixin.py:188} INFO - [2025-06-17T15:57:02.173+0200] {override.py:1829} INFO - Created Permission View: can edit on DAG:dataset_consumes_1_never_scheduled
[2025-06-17T15:57:02.174+0200] {logging_mixin.py:188} INFO - [2025-06-17T15:57:02.174+0200] {dag.py:3096} INFO - Sync 10 DAGs
[2025-06-17T15:57:02.178+0200] {logging_mixin.py:188} INFO - [2025-06-17T15:57:02.178+0200] {dag.py:3118} INFO - Creating ORM DAG for consume_1_or_both_2_and_3_with_dataset_expressions
[2025-06-17T15:57:02.179+0200] {logging_mixin.py:188} INFO - [2025-06-17T15:57:02.179+0200] {dag.py:3118} INFO - Creating ORM DAG for dataset_consumes_1_and_2
[2025-06-17T15:57:02.179+0200] {logging_mixin.py:188} INFO - [2025-06-17T15:57:02.179+0200] {dag.py:3118} INFO - Creating ORM DAG for dataset_consumes_1
[2025-06-17T15:57:02.179+0200] {logging_mixin.py:188} INFO - [2025-06-17T15:57:02.179+0200] {dag.py:3118} INFO - Creating ORM DAG for dataset_consumes_unknown_never_scheduled
[2025-06-17T15:57:02.179+0200] {logging_mixin.py:188} INFO - [2025-06-17T15:57:02.179+0200] {dag.py:3118} INFO - Creating ORM DAG for conditional_dataset_and_time_based_timetable
[2025-06-17T15:57:02.180+0200] {logging_mixin.py:188} INFO - [2025-06-17T15:57:02.180+0200] {dag.py:3118} INFO - Creating ORM DAG for consume_1_or_2_with_dataset_expressions
[2025-06-17T15:57:02.180+0200] {logging_mixin.py:188} INFO - [2025-06-17T15:57:02.180+0200] {dag.py:3118} INFO - Creating ORM DAG for dataset_produces_2
[2025-06-17T15:57:02.180+0200] {logging_mixin.py:188} INFO - [2025-06-17T15:57:02.180+0200] {dag.py:3118} INFO - Creating ORM DAG for dataset_produces_1
[2025-06-17T15:57:02.180+0200] {logging_mixin.py:188} INFO - [2025-06-17T15:57:02.180+0200] {dag.py:3118} INFO - Creating ORM DAG for consume_1_and_2_with_dataset_expressions
[2025-06-17T15:57:02.180+0200] {logging_mixin.py:188} INFO - [2025-06-17T15:57:02.180+0200] {dag.py:3118} INFO - Creating ORM DAG for dataset_consumes_1_never_scheduled
[2025-06-17T15:57:02.185+0200] {logging_mixin.py:188} INFO - [2025-06-17T15:57:02.185+0200] {dag.py:3954} INFO - Setting next_dagrun for conditional_dataset_and_time_based_timetable to 2025-06-11 01:00:00+00:00, run_after=2025-06-11 01:00:00+00:00
[2025-06-17T15:57:02.185+0200] {logging_mixin.py:188} INFO - [2025-06-17T15:57:02.185+0200] {dag.py:3954} INFO - Setting next_dagrun for consume_1_and_2_with_dataset_expressions to None, run_after=None
[2025-06-17T15:57:02.186+0200] {logging_mixin.py:188} INFO - [2025-06-17T15:57:02.185+0200] {dag.py:3954} INFO - Setting next_dagrun for consume_1_or_2_with_dataset_expressions to None, run_after=None
[2025-06-17T15:57:02.186+0200] {logging_mixin.py:188} INFO - [2025-06-17T15:57:02.186+0200] {dag.py:3954} INFO - Setting next_dagrun for consume_1_or_both_2_and_3_with_dataset_expressions to None, run_after=None
[2025-06-17T15:57:02.186+0200] {logging_mixin.py:188} INFO - [2025-06-17T15:57:02.186+0200] {dag.py:3954} INFO - Setting next_dagrun for dataset_consumes_1 to None, run_after=None
[2025-06-17T15:57:02.186+0200] {logging_mixin.py:188} INFO - [2025-06-17T15:57:02.186+0200] {dag.py:3954} INFO - Setting next_dagrun for dataset_consumes_1_and_2 to None, run_after=None
[2025-06-17T15:57:02.186+0200] {logging_mixin.py:188} INFO - [2025-06-17T15:57:02.186+0200] {dag.py:3954} INFO - Setting next_dagrun for dataset_consumes_1_never_scheduled to None, run_after=None
[2025-06-17T15:57:02.187+0200] {logging_mixin.py:188} INFO - [2025-06-17T15:57:02.186+0200] {dag.py:3954} INFO - Setting next_dagrun for dataset_consumes_unknown_never_scheduled to None, run_after=None
[2025-06-17T15:57:02.187+0200] {logging_mixin.py:188} INFO - [2025-06-17T15:57:02.187+0200] {dag.py:3954} INFO - Setting next_dagrun for dataset_produces_1 to 2025-06-16 00:00:00+00:00, run_after=2025-06-17 00:00:00+00:00
[2025-06-17T15:57:02.188+0200] {logging_mixin.py:188} INFO - [2025-06-17T15:57:02.188+0200] {dag.py:3954} INFO - Setting next_dagrun for dataset_produces_2 to None, run_after=None
[2025-06-17T15:57:02.203+0200] {processor.py:183} INFO - Processing /home/florent/Programs/anaconda3/envs/airflow_etl/lib/python3.11/site-packages/airflow/example_dags/example_datasets.py took 0.228 seconds
