[2025-06-17T15:57:12.309+0200] {processor.py:161} INFO - Started process (PID=240319) to work on /home/florent/Programs/anaconda3/envs/airflow_etl/lib/python3.11/site-packages/airflow/example_dags/example_branch_datetime_operator.py
[2025-06-17T15:57:12.310+0200] {processor.py:830} INFO - Processing file /home/florent/Programs/anaconda3/envs/airflow_etl/lib/python3.11/site-packages/airflow/example_dags/example_branch_datetime_operator.py for tasks to queue
[2025-06-17T15:57:12.311+0200] {logging_mixin.py:188} INFO - [2025-06-17T15:57:12.311+0200] {dagbag.py:545} INFO - Filling up the DagBag from /home/florent/Programs/anaconda3/envs/airflow_etl/lib/python3.11/site-packages/airflow/example_dags/example_branch_datetime_operator.py
[2025-06-17T15:57:12.320+0200] {processor.py:840} INFO - DAG(s) 'example_branch_datetime_operator_2', 'example_branch_datetime_operator', 'example_branch_datetime_operator_3' retrieved from /home/florent/Programs/anaconda3/envs/airflow_etl/lib/python3.11/site-packages/airflow/example_dags/example_branch_datetime_operator.py
[2025-06-17T15:57:12.372+0200] {logging_mixin.py:188} INFO - [2025-06-17T15:57:12.372+0200] {override.py:1829} INFO - Created Permission View: can read on DAG:example_branch_datetime_operator_2
[2025-06-17T15:57:12.377+0200] {logging_mixin.py:188} INFO - [2025-06-17T15:57:12.377+0200] {override.py:1829} INFO - Created Permission View: can delete on DAG:example_branch_datetime_operator_2
[2025-06-17T15:57:12.380+0200] {logging_mixin.py:188} INFO - [2025-06-17T15:57:12.380+0200] {override.py:1829} INFO - Created Permission View: can edit on DAG:example_branch_datetime_operator_2
[2025-06-17T15:57:12.388+0200] {logging_mixin.py:188} INFO - [2025-06-17T15:57:12.388+0200] {override.py:1829} INFO - Created Permission View: can read on DAG:example_branch_datetime_operator
[2025-06-17T15:57:12.391+0200] {logging_mixin.py:188} INFO - [2025-06-17T15:57:12.391+0200] {override.py:1829} INFO - Created Permission View: can delete on DAG:example_branch_datetime_operator
[2025-06-17T15:57:12.394+0200] {logging_mixin.py:188} INFO - [2025-06-17T15:57:12.394+0200] {override.py:1829} INFO - Created Permission View: can edit on DAG:example_branch_datetime_operator
[2025-06-17T15:57:12.401+0200] {logging_mixin.py:188} INFO - [2025-06-17T15:57:12.401+0200] {override.py:1829} INFO - Created Permission View: can read on DAG:example_branch_datetime_operator_3
[2025-06-17T15:57:12.404+0200] {logging_mixin.py:188} INFO - [2025-06-17T15:57:12.404+0200] {override.py:1829} INFO - Created Permission View: can delete on DAG:example_branch_datetime_operator_3
[2025-06-17T15:57:12.407+0200] {logging_mixin.py:188} INFO - [2025-06-17T15:57:12.407+0200] {override.py:1829} INFO - Created Permission View: can edit on DAG:example_branch_datetime_operator_3
[2025-06-17T15:57:12.408+0200] {logging_mixin.py:188} INFO - [2025-06-17T15:57:12.408+0200] {dag.py:3096} INFO - Sync 3 DAGs
[2025-06-17T15:57:12.412+0200] {logging_mixin.py:188} INFO - [2025-06-17T15:57:12.412+0200] {dag.py:3118} INFO - Creating ORM DAG for example_branch_datetime_operator
[2025-06-17T15:57:12.412+0200] {logging_mixin.py:188} INFO - [2025-06-17T15:57:12.412+0200] {dag.py:3118} INFO - Creating ORM DAG for example_branch_datetime_operator_3
[2025-06-17T15:57:12.413+0200] {logging_mixin.py:188} INFO - [2025-06-17T15:57:12.413+0200] {dag.py:3118} INFO - Creating ORM DAG for example_branch_datetime_operator_2
[2025-06-17T15:57:12.417+0200] {logging_mixin.py:188} INFO - [2025-06-17T15:57:12.417+0200] {dag.py:3954} INFO - Setting next_dagrun for example_branch_datetime_operator to 2025-06-16 00:00:00+00:00, run_after=2025-06-17 00:00:00+00:00
[2025-06-17T15:57:12.418+0200] {logging_mixin.py:188} INFO - [2025-06-17T15:57:12.418+0200] {dag.py:3954} INFO - Setting next_dagrun for example_branch_datetime_operator_2 to 2025-06-16 00:00:00+00:00, run_after=2025-06-17 00:00:00+00:00
[2025-06-17T15:57:12.419+0200] {logging_mixin.py:188} INFO - [2025-06-17T15:57:12.419+0200] {dag.py:3954} INFO - Setting next_dagrun for example_branch_datetime_operator_3 to 2025-06-16 00:00:00+00:00, run_after=2025-06-17 00:00:00+00:00
[2025-06-17T15:57:12.427+0200] {processor.py:183} INFO - Processing /home/florent/Programs/anaconda3/envs/airflow_etl/lib/python3.11/site-packages/airflow/example_dags/example_branch_datetime_operator.py took 0.123 seconds
