[2025-07-11T11:03:59.106+0200] {processor.py:161} INFO - Started process (PID=42537) to work on /home/florent/Programs/anaconda3/envs/airflow_etl/lib/python3.11/site-packages/airflow/example_dags/subdags/subdag.py
[2025-07-11T11:03:59.107+0200] {processor.py:830} INFO - Processing file /home/florent/Programs/anaconda3/envs/airflow_etl/lib/python3.11/site-packages/airflow/example_dags/subdags/subdag.py for tasks to queue
[2025-07-11T11:03:59.108+0200] {logging_mixin.py:188} INFO - [2025-07-11T11:03:59.107+0200] {dagbag.py:545} INFO - Filling up the DagBag from /home/florent/Programs/anaconda3/envs/airflow_etl/lib/python3.11/site-packages/airflow/example_dags/subdags/subdag.py
[2025-07-11T11:03:59.110+0200] {processor.py:842} WARNING - No viable dags retrieved from /home/florent/Programs/anaconda3/envs/airflow_etl/lib/python3.11/site-packages/airflow/example_dags/subdags/subdag.py
[2025-07-11T11:03:59.119+0200] {processor.py:183} INFO - Processing /home/florent/Programs/anaconda3/envs/airflow_etl/lib/python3.11/site-packages/airflow/example_dags/subdags/subdag.py took 0.020 seconds
[2025-07-11T11:05:07.024+0200] {processor.py:161} INFO - Started process (PID=43265) to work on /home/florent/Programs/anaconda3/envs/airflow_etl/lib/python3.11/site-packages/airflow/example_dags/subdags/subdag.py
[2025-07-11T11:05:07.027+0200] {processor.py:830} INFO - Processing file /home/florent/Programs/anaconda3/envs/airflow_etl/lib/python3.11/site-packages/airflow/example_dags/subdags/subdag.py for tasks to queue
[2025-07-11T11:05:07.028+0200] {logging_mixin.py:188} INFO - [2025-07-11T11:05:07.028+0200] {dagbag.py:545} INFO - Filling up the DagBag from /home/florent/Programs/anaconda3/envs/airflow_etl/lib/python3.11/site-packages/airflow/example_dags/subdags/subdag.py
[2025-07-11T11:05:07.030+0200] {processor.py:842} WARNING - No viable dags retrieved from /home/florent/Programs/anaconda3/envs/airflow_etl/lib/python3.11/site-packages/airflow/example_dags/subdags/subdag.py
[2025-07-11T11:05:07.039+0200] {processor.py:183} INFO - Processing /home/florent/Programs/anaconda3/envs/airflow_etl/lib/python3.11/site-packages/airflow/example_dags/subdags/subdag.py took 0.020 seconds
[2025-07-11T11:06:09.948+0200] {processor.py:161} INFO - Started process (PID=44055) to work on /home/florent/Programs/anaconda3/envs/airflow_etl/lib/python3.11/site-packages/airflow/example_dags/subdags/subdag.py
[2025-07-11T11:06:09.949+0200] {processor.py:830} INFO - Processing file /home/florent/Programs/anaconda3/envs/airflow_etl/lib/python3.11/site-packages/airflow/example_dags/subdags/subdag.py for tasks to queue
[2025-07-11T11:06:09.950+0200] {logging_mixin.py:188} INFO - [2025-07-11T11:06:09.949+0200] {dagbag.py:545} INFO - Filling up the DagBag from /home/florent/Programs/anaconda3/envs/airflow_etl/lib/python3.11/site-packages/airflow/example_dags/subdags/subdag.py
[2025-07-11T11:06:09.952+0200] {processor.py:842} WARNING - No viable dags retrieved from /home/florent/Programs/anaconda3/envs/airflow_etl/lib/python3.11/site-packages/airflow/example_dags/subdags/subdag.py
[2025-07-11T11:06:09.962+0200] {processor.py:183} INFO - Processing /home/florent/Programs/anaconda3/envs/airflow_etl/lib/python3.11/site-packages/airflow/example_dags/subdags/subdag.py took 0.019 seconds
[2025-07-11T11:07:17.814+0200] {processor.py:161} INFO - Started process (PID=45268) to work on /home/florent/Programs/anaconda3/envs/airflow_etl/lib/python3.11/site-packages/airflow/example_dags/subdags/subdag.py
[2025-07-11T11:07:17.819+0200] {processor.py:830} INFO - Processing file /home/florent/Programs/anaconda3/envs/airflow_etl/lib/python3.11/site-packages/airflow/example_dags/subdags/subdag.py for tasks to queue
[2025-07-11T11:07:17.821+0200] {logging_mixin.py:188} INFO - [2025-07-11T11:07:17.820+0200] {dagbag.py:545} INFO - Filling up the DagBag from /home/florent/Programs/anaconda3/envs/airflow_etl/lib/python3.11/site-packages/airflow/example_dags/subdags/subdag.py
[2025-07-11T11:07:17.826+0200] {processor.py:842} WARNING - No viable dags retrieved from /home/florent/Programs/anaconda3/envs/airflow_etl/lib/python3.11/site-packages/airflow/example_dags/subdags/subdag.py
[2025-07-11T11:07:17.849+0200] {processor.py:183} INFO - Processing /home/florent/Programs/anaconda3/envs/airflow_etl/lib/python3.11/site-packages/airflow/example_dags/subdags/subdag.py took 0.051 seconds
[2025-07-11T11:08:26.895+0200] {processor.py:161} INFO - Started process (PID=46057) to work on /home/florent/Programs/anaconda3/envs/airflow_etl/lib/python3.11/site-packages/airflow/example_dags/subdags/subdag.py
[2025-07-11T11:08:26.898+0200] {processor.py:830} INFO - Processing file /home/florent/Programs/anaconda3/envs/airflow_etl/lib/python3.11/site-packages/airflow/example_dags/subdags/subdag.py for tasks to queue
[2025-07-11T11:08:26.899+0200] {logging_mixin.py:188} INFO - [2025-07-11T11:08:26.898+0200] {dagbag.py:545} INFO - Filling up the DagBag from /home/florent/Programs/anaconda3/envs/airflow_etl/lib/python3.11/site-packages/airflow/example_dags/subdags/subdag.py
[2025-07-11T11:08:26.901+0200] {processor.py:842} WARNING - No viable dags retrieved from /home/florent/Programs/anaconda3/envs/airflow_etl/lib/python3.11/site-packages/airflow/example_dags/subdags/subdag.py
[2025-07-11T11:08:26.912+0200] {processor.py:183} INFO - Processing /home/florent/Programs/anaconda3/envs/airflow_etl/lib/python3.11/site-packages/airflow/example_dags/subdags/subdag.py took 0.022 seconds
[2025-07-11T11:09:25.810+0200] {processor.py:161} INFO - Started process (PID=46809) to work on /home/florent/Programs/anaconda3/envs/airflow_etl/lib/python3.11/site-packages/airflow/example_dags/subdags/subdag.py
[2025-07-11T11:09:25.812+0200] {processor.py:830} INFO - Processing file /home/florent/Programs/anaconda3/envs/airflow_etl/lib/python3.11/site-packages/airflow/example_dags/subdags/subdag.py for tasks to queue
[2025-07-11T11:09:25.813+0200] {logging_mixin.py:188} INFO - [2025-07-11T11:09:25.813+0200] {dagbag.py:545} INFO - Filling up the DagBag from /home/florent/Programs/anaconda3/envs/airflow_etl/lib/python3.11/site-packages/airflow/example_dags/subdags/subdag.py
[2025-07-11T11:09:25.815+0200] {processor.py:842} WARNING - No viable dags retrieved from /home/florent/Programs/anaconda3/envs/airflow_etl/lib/python3.11/site-packages/airflow/example_dags/subdags/subdag.py
[2025-07-11T11:09:25.825+0200] {processor.py:183} INFO - Processing /home/florent/Programs/anaconda3/envs/airflow_etl/lib/python3.11/site-packages/airflow/example_dags/subdags/subdag.py took 0.021 seconds
[2025-07-11T11:10:30.370+0200] {processor.py:161} INFO - Started process (PID=47700) to work on /home/florent/Programs/anaconda3/envs/airflow_etl/lib/python3.11/site-packages/airflow/example_dags/subdags/subdag.py
[2025-07-11T11:10:30.372+0200] {processor.py:830} INFO - Processing file /home/florent/Programs/anaconda3/envs/airflow_etl/lib/python3.11/site-packages/airflow/example_dags/subdags/subdag.py for tasks to queue
[2025-07-11T11:10:30.373+0200] {logging_mixin.py:188} INFO - [2025-07-11T11:10:30.373+0200] {dagbag.py:545} INFO - Filling up the DagBag from /home/florent/Programs/anaconda3/envs/airflow_etl/lib/python3.11/site-packages/airflow/example_dags/subdags/subdag.py
[2025-07-11T11:10:30.375+0200] {processor.py:842} WARNING - No viable dags retrieved from /home/florent/Programs/anaconda3/envs/airflow_etl/lib/python3.11/site-packages/airflow/example_dags/subdags/subdag.py
[2025-07-11T11:10:30.382+0200] {processor.py:183} INFO - Processing /home/florent/Programs/anaconda3/envs/airflow_etl/lib/python3.11/site-packages/airflow/example_dags/subdags/subdag.py took 0.018 seconds
[2025-07-11T11:11:37.615+0200] {processor.py:161} INFO - Started process (PID=48725) to work on /home/florent/Programs/anaconda3/envs/airflow_etl/lib/python3.11/site-packages/airflow/example_dags/subdags/subdag.py
[2025-07-11T11:11:37.615+0200] {processor.py:830} INFO - Processing file /home/florent/Programs/anaconda3/envs/airflow_etl/lib/python3.11/site-packages/airflow/example_dags/subdags/subdag.py for tasks to queue
[2025-07-11T11:11:37.616+0200] {logging_mixin.py:188} INFO - [2025-07-11T11:11:37.616+0200] {dagbag.py:545} INFO - Filling up the DagBag from /home/florent/Programs/anaconda3/envs/airflow_etl/lib/python3.11/site-packages/airflow/example_dags/subdags/subdag.py
[2025-07-11T11:11:37.617+0200] {processor.py:842} WARNING - No viable dags retrieved from /home/florent/Programs/anaconda3/envs/airflow_etl/lib/python3.11/site-packages/airflow/example_dags/subdags/subdag.py
[2025-07-11T11:11:37.623+0200] {processor.py:183} INFO - Processing /home/florent/Programs/anaconda3/envs/airflow_etl/lib/python3.11/site-packages/airflow/example_dags/subdags/subdag.py took 0.011 seconds
[2025-07-11T11:12:47.468+0200] {processor.py:161} INFO - Started process (PID=50295) to work on /home/florent/Programs/anaconda3/envs/airflow_etl/lib/python3.11/site-packages/airflow/example_dags/subdags/subdag.py
[2025-07-11T11:12:47.471+0200] {processor.py:830} INFO - Processing file /home/florent/Programs/anaconda3/envs/airflow_etl/lib/python3.11/site-packages/airflow/example_dags/subdags/subdag.py for tasks to queue
[2025-07-11T11:12:47.472+0200] {logging_mixin.py:188} INFO - [2025-07-11T11:12:47.472+0200] {dagbag.py:545} INFO - Filling up the DagBag from /home/florent/Programs/anaconda3/envs/airflow_etl/lib/python3.11/site-packages/airflow/example_dags/subdags/subdag.py
[2025-07-11T11:12:47.474+0200] {processor.py:842} WARNING - No viable dags retrieved from /home/florent/Programs/anaconda3/envs/airflow_etl/lib/python3.11/site-packages/airflow/example_dags/subdags/subdag.py
[2025-07-11T11:12:47.484+0200] {processor.py:183} INFO - Processing /home/florent/Programs/anaconda3/envs/airflow_etl/lib/python3.11/site-packages/airflow/example_dags/subdags/subdag.py took 0.022 seconds
[2025-07-11T11:13:40.880+0200] {processor.py:161} INFO - Started process (PID=51028) to work on /home/florent/Programs/anaconda3/envs/airflow_etl/lib/python3.11/site-packages/airflow/example_dags/subdags/subdag.py
[2025-07-11T11:13:40.881+0200] {processor.py:830} INFO - Processing file /home/florent/Programs/anaconda3/envs/airflow_etl/lib/python3.11/site-packages/airflow/example_dags/subdags/subdag.py for tasks to queue
[2025-07-11T11:13:40.883+0200] {logging_mixin.py:188} INFO - [2025-07-11T11:13:40.883+0200] {dagbag.py:545} INFO - Filling up the DagBag from /home/florent/Programs/anaconda3/envs/airflow_etl/lib/python3.11/site-packages/airflow/example_dags/subdags/subdag.py
[2025-07-11T11:13:40.885+0200] {processor.py:842} WARNING - No viable dags retrieved from /home/florent/Programs/anaconda3/envs/airflow_etl/lib/python3.11/site-packages/airflow/example_dags/subdags/subdag.py
[2025-07-11T11:13:40.896+0200] {processor.py:183} INFO - Processing /home/florent/Programs/anaconda3/envs/airflow_etl/lib/python3.11/site-packages/airflow/example_dags/subdags/subdag.py took 0.022 seconds
[2025-07-11T11:14:04.133+0200] {processor.py:161} INFO - Started process (PID=51308) to work on /home/florent/Programs/anaconda3/envs/airflow_etl/lib/python3.11/site-packages/airflow/example_dags/subdags/subdag.py
[2025-07-11T11:14:04.135+0200] {processor.py:830} INFO - Processing file /home/florent/Programs/anaconda3/envs/airflow_etl/lib/python3.11/site-packages/airflow/example_dags/subdags/subdag.py for tasks to queue
[2025-07-11T11:14:04.135+0200] {logging_mixin.py:188} INFO - [2025-07-11T11:14:04.135+0200] {dagbag.py:545} INFO - Filling up the DagBag from /home/florent/Programs/anaconda3/envs/airflow_etl/lib/python3.11/site-packages/airflow/example_dags/subdags/subdag.py
[2025-07-11T11:14:04.137+0200] {processor.py:842} WARNING - No viable dags retrieved from /home/florent/Programs/anaconda3/envs/airflow_etl/lib/python3.11/site-packages/airflow/example_dags/subdags/subdag.py
[2025-07-11T11:14:04.144+0200] {processor.py:183} INFO - Processing /home/florent/Programs/anaconda3/envs/airflow_etl/lib/python3.11/site-packages/airflow/example_dags/subdags/subdag.py took 0.017 seconds
[2025-07-11T11:14:47.630+0200] {processor.py:161} INFO - Started process (PID=51817) to work on /home/florent/Programs/anaconda3/envs/airflow_etl/lib/python3.11/site-packages/airflow/example_dags/subdags/subdag.py
[2025-07-11T11:14:47.632+0200] {processor.py:830} INFO - Processing file /home/florent/Programs/anaconda3/envs/airflow_etl/lib/python3.11/site-packages/airflow/example_dags/subdags/subdag.py for tasks to queue
[2025-07-11T11:14:47.633+0200] {logging_mixin.py:188} INFO - [2025-07-11T11:14:47.633+0200] {dagbag.py:545} INFO - Filling up the DagBag from /home/florent/Programs/anaconda3/envs/airflow_etl/lib/python3.11/site-packages/airflow/example_dags/subdags/subdag.py
[2025-07-11T11:14:47.635+0200] {processor.py:842} WARNING - No viable dags retrieved from /home/florent/Programs/anaconda3/envs/airflow_etl/lib/python3.11/site-packages/airflow/example_dags/subdags/subdag.py
[2025-07-11T11:14:47.641+0200] {processor.py:183} INFO - Processing /home/florent/Programs/anaconda3/envs/airflow_etl/lib/python3.11/site-packages/airflow/example_dags/subdags/subdag.py took 0.014 seconds
[2025-07-11T11:14:56.004+0200] {processor.py:161} INFO - Started process (PID=51926) to work on /home/florent/Programs/anaconda3/envs/airflow_etl/lib/python3.11/site-packages/airflow/example_dags/subdags/subdag.py
[2025-07-11T11:14:56.007+0200] {processor.py:830} INFO - Processing file /home/florent/Programs/anaconda3/envs/airflow_etl/lib/python3.11/site-packages/airflow/example_dags/subdags/subdag.py for tasks to queue
[2025-07-11T11:14:56.008+0200] {logging_mixin.py:188} INFO - [2025-07-11T11:14:56.008+0200] {dagbag.py:545} INFO - Filling up the DagBag from /home/florent/Programs/anaconda3/envs/airflow_etl/lib/python3.11/site-packages/airflow/example_dags/subdags/subdag.py
[2025-07-11T11:14:56.011+0200] {processor.py:842} WARNING - No viable dags retrieved from /home/florent/Programs/anaconda3/envs/airflow_etl/lib/python3.11/site-packages/airflow/example_dags/subdags/subdag.py
[2025-07-11T11:14:56.023+0200] {processor.py:183} INFO - Processing /home/florent/Programs/anaconda3/envs/airflow_etl/lib/python3.11/site-packages/airflow/example_dags/subdags/subdag.py took 0.026 seconds
[2025-07-11T11:15:53.588+0200] {processor.py:161} INFO - Started process (PID=52650) to work on /home/florent/Programs/anaconda3/envs/airflow_etl/lib/python3.11/site-packages/airflow/example_dags/subdags/subdag.py
[2025-07-11T11:15:53.591+0200] {processor.py:830} INFO - Processing file /home/florent/Programs/anaconda3/envs/airflow_etl/lib/python3.11/site-packages/airflow/example_dags/subdags/subdag.py for tasks to queue
[2025-07-11T11:15:53.592+0200] {logging_mixin.py:188} INFO - [2025-07-11T11:15:53.592+0200] {dagbag.py:545} INFO - Filling up the DagBag from /home/florent/Programs/anaconda3/envs/airflow_etl/lib/python3.11/site-packages/airflow/example_dags/subdags/subdag.py
[2025-07-11T11:15:53.594+0200] {processor.py:842} WARNING - No viable dags retrieved from /home/florent/Programs/anaconda3/envs/airflow_etl/lib/python3.11/site-packages/airflow/example_dags/subdags/subdag.py
[2025-07-11T11:15:53.602+0200] {processor.py:183} INFO - Processing /home/florent/Programs/anaconda3/envs/airflow_etl/lib/python3.11/site-packages/airflow/example_dags/subdags/subdag.py took 0.018 seconds
[2025-07-11T11:15:55.602+0200] {processor.py:161} INFO - Started process (PID=52688) to work on /home/florent/Programs/anaconda3/envs/airflow_etl/lib/python3.11/site-packages/airflow/example_dags/subdags/subdag.py
[2025-07-11T11:15:55.603+0200] {processor.py:830} INFO - Processing file /home/florent/Programs/anaconda3/envs/airflow_etl/lib/python3.11/site-packages/airflow/example_dags/subdags/subdag.py for tasks to queue
[2025-07-11T11:15:55.603+0200] {logging_mixin.py:188} INFO - [2025-07-11T11:15:55.603+0200] {dagbag.py:545} INFO - Filling up the DagBag from /home/florent/Programs/anaconda3/envs/airflow_etl/lib/python3.11/site-packages/airflow/example_dags/subdags/subdag.py
[2025-07-11T11:15:55.604+0200] {processor.py:842} WARNING - No viable dags retrieved from /home/florent/Programs/anaconda3/envs/airflow_etl/lib/python3.11/site-packages/airflow/example_dags/subdags/subdag.py
[2025-07-11T11:15:55.612+0200] {processor.py:183} INFO - Processing /home/florent/Programs/anaconda3/envs/airflow_etl/lib/python3.11/site-packages/airflow/example_dags/subdags/subdag.py took 0.016 seconds
[2025-07-11T11:16:55.484+0200] {processor.py:161} INFO - Started process (PID=53410) to work on /home/florent/Programs/anaconda3/envs/airflow_etl/lib/python3.11/site-packages/airflow/example_dags/subdags/subdag.py
[2025-07-11T11:16:55.486+0200] {processor.py:830} INFO - Processing file /home/florent/Programs/anaconda3/envs/airflow_etl/lib/python3.11/site-packages/airflow/example_dags/subdags/subdag.py for tasks to queue
[2025-07-11T11:16:55.487+0200] {logging_mixin.py:188} INFO - [2025-07-11T11:16:55.487+0200] {dagbag.py:545} INFO - Filling up the DagBag from /home/florent/Programs/anaconda3/envs/airflow_etl/lib/python3.11/site-packages/airflow/example_dags/subdags/subdag.py
[2025-07-11T11:16:55.489+0200] {processor.py:842} WARNING - No viable dags retrieved from /home/florent/Programs/anaconda3/envs/airflow_etl/lib/python3.11/site-packages/airflow/example_dags/subdags/subdag.py
[2025-07-11T11:16:55.495+0200] {processor.py:183} INFO - Processing /home/florent/Programs/anaconda3/envs/airflow_etl/lib/python3.11/site-packages/airflow/example_dags/subdags/subdag.py took 0.017 seconds
[2025-07-11T11:16:58.337+0200] {processor.py:161} INFO - Started process (PID=53466) to work on /home/florent/Programs/anaconda3/envs/airflow_etl/lib/python3.11/site-packages/airflow/example_dags/subdags/subdag.py
[2025-07-11T11:16:58.337+0200] {processor.py:830} INFO - Processing file /home/florent/Programs/anaconda3/envs/airflow_etl/lib/python3.11/site-packages/airflow/example_dags/subdags/subdag.py for tasks to queue
[2025-07-11T11:16:58.338+0200] {logging_mixin.py:188} INFO - [2025-07-11T11:16:58.338+0200] {dagbag.py:545} INFO - Filling up the DagBag from /home/florent/Programs/anaconda3/envs/airflow_etl/lib/python3.11/site-packages/airflow/example_dags/subdags/subdag.py
[2025-07-11T11:16:58.339+0200] {processor.py:842} WARNING - No viable dags retrieved from /home/florent/Programs/anaconda3/envs/airflow_etl/lib/python3.11/site-packages/airflow/example_dags/subdags/subdag.py
[2025-07-11T11:16:58.347+0200] {processor.py:183} INFO - Processing /home/florent/Programs/anaconda3/envs/airflow_etl/lib/python3.11/site-packages/airflow/example_dags/subdags/subdag.py took 0.015 seconds
[2025-07-11T11:18:32.686+0200] {processor.py:161} INFO - Started process (PID=54396) to work on /home/florent/Programs/anaconda3/envs/airflow_etl/lib/python3.11/site-packages/airflow/example_dags/subdags/subdag.py
[2025-07-11T11:18:32.689+0200] {processor.py:830} INFO - Processing file /home/florent/Programs/anaconda3/envs/airflow_etl/lib/python3.11/site-packages/airflow/example_dags/subdags/subdag.py for tasks to queue
[2025-07-11T11:18:32.690+0200] {logging_mixin.py:188} INFO - [2025-07-11T11:18:32.689+0200] {dagbag.py:545} INFO - Filling up the DagBag from /home/florent/Programs/anaconda3/envs/airflow_etl/lib/python3.11/site-packages/airflow/example_dags/subdags/subdag.py
[2025-07-11T11:18:32.691+0200] {processor.py:842} WARNING - No viable dags retrieved from /home/florent/Programs/anaconda3/envs/airflow_etl/lib/python3.11/site-packages/airflow/example_dags/subdags/subdag.py
[2025-07-11T11:18:32.696+0200] {processor.py:183} INFO - Processing /home/florent/Programs/anaconda3/envs/airflow_etl/lib/python3.11/site-packages/airflow/example_dags/subdags/subdag.py took 0.012 seconds
[2025-07-11T11:19:36.577+0200] {processor.py:161} INFO - Started process (PID=55133) to work on /home/florent/Programs/anaconda3/envs/airflow_etl/lib/python3.11/site-packages/airflow/example_dags/subdags/subdag.py
[2025-07-11T11:19:36.580+0200] {processor.py:830} INFO - Processing file /home/florent/Programs/anaconda3/envs/airflow_etl/lib/python3.11/site-packages/airflow/example_dags/subdags/subdag.py for tasks to queue
[2025-07-11T11:19:36.582+0200] {logging_mixin.py:188} INFO - [2025-07-11T11:19:36.581+0200] {dagbag.py:545} INFO - Filling up the DagBag from /home/florent/Programs/anaconda3/envs/airflow_etl/lib/python3.11/site-packages/airflow/example_dags/subdags/subdag.py
[2025-07-11T11:19:36.584+0200] {processor.py:842} WARNING - No viable dags retrieved from /home/florent/Programs/anaconda3/envs/airflow_etl/lib/python3.11/site-packages/airflow/example_dags/subdags/subdag.py
[2025-07-11T11:19:36.595+0200] {processor.py:183} INFO - Processing /home/florent/Programs/anaconda3/envs/airflow_etl/lib/python3.11/site-packages/airflow/example_dags/subdags/subdag.py took 0.024 seconds
[2025-07-11T11:20:44.154+0200] {processor.py:161} INFO - Started process (PID=55832) to work on /home/florent/Programs/anaconda3/envs/airflow_etl/lib/python3.11/site-packages/airflow/example_dags/subdags/subdag.py
[2025-07-11T11:20:44.157+0200] {processor.py:830} INFO - Processing file /home/florent/Programs/anaconda3/envs/airflow_etl/lib/python3.11/site-packages/airflow/example_dags/subdags/subdag.py for tasks to queue
[2025-07-11T11:20:44.158+0200] {logging_mixin.py:188} INFO - [2025-07-11T11:20:44.158+0200] {dagbag.py:545} INFO - Filling up the DagBag from /home/florent/Programs/anaconda3/envs/airflow_etl/lib/python3.11/site-packages/airflow/example_dags/subdags/subdag.py
[2025-07-11T11:20:44.160+0200] {processor.py:842} WARNING - No viable dags retrieved from /home/florent/Programs/anaconda3/envs/airflow_etl/lib/python3.11/site-packages/airflow/example_dags/subdags/subdag.py
[2025-07-11T11:20:44.166+0200] {processor.py:183} INFO - Processing /home/florent/Programs/anaconda3/envs/airflow_etl/lib/python3.11/site-packages/airflow/example_dags/subdags/subdag.py took 0.018 seconds
[2025-07-11T11:21:49.071+0200] {processor.py:161} INFO - Started process (PID=56521) to work on /home/florent/Programs/anaconda3/envs/airflow_etl/lib/python3.11/site-packages/airflow/example_dags/subdags/subdag.py
[2025-07-11T11:21:49.073+0200] {processor.py:830} INFO - Processing file /home/florent/Programs/anaconda3/envs/airflow_etl/lib/python3.11/site-packages/airflow/example_dags/subdags/subdag.py for tasks to queue
[2025-07-11T11:21:49.075+0200] {logging_mixin.py:188} INFO - [2025-07-11T11:21:49.074+0200] {dagbag.py:545} INFO - Filling up the DagBag from /home/florent/Programs/anaconda3/envs/airflow_etl/lib/python3.11/site-packages/airflow/example_dags/subdags/subdag.py
[2025-07-11T11:21:49.077+0200] {processor.py:842} WARNING - No viable dags retrieved from /home/florent/Programs/anaconda3/envs/airflow_etl/lib/python3.11/site-packages/airflow/example_dags/subdags/subdag.py
[2025-07-11T11:21:49.084+0200] {processor.py:183} INFO - Processing /home/florent/Programs/anaconda3/envs/airflow_etl/lib/python3.11/site-packages/airflow/example_dags/subdags/subdag.py took 0.019 seconds
[2025-07-11T11:22:56.461+0200] {processor.py:161} INFO - Started process (PID=57175) to work on /home/florent/Programs/anaconda3/envs/airflow_etl/lib/python3.11/site-packages/airflow/example_dags/subdags/subdag.py
[2025-07-11T11:22:56.463+0200] {processor.py:830} INFO - Processing file /home/florent/Programs/anaconda3/envs/airflow_etl/lib/python3.11/site-packages/airflow/example_dags/subdags/subdag.py for tasks to queue
[2025-07-11T11:22:56.464+0200] {logging_mixin.py:188} INFO - [2025-07-11T11:22:56.464+0200] {dagbag.py:545} INFO - Filling up the DagBag from /home/florent/Programs/anaconda3/envs/airflow_etl/lib/python3.11/site-packages/airflow/example_dags/subdags/subdag.py
[2025-07-11T11:22:56.465+0200] {processor.py:842} WARNING - No viable dags retrieved from /home/florent/Programs/anaconda3/envs/airflow_etl/lib/python3.11/site-packages/airflow/example_dags/subdags/subdag.py
[2025-07-11T11:22:56.470+0200] {processor.py:183} INFO - Processing /home/florent/Programs/anaconda3/envs/airflow_etl/lib/python3.11/site-packages/airflow/example_dags/subdags/subdag.py took 0.014 seconds
[2025-07-11T11:24:06.150+0200] {processor.py:161} INFO - Started process (PID=57892) to work on /home/florent/Programs/anaconda3/envs/airflow_etl/lib/python3.11/site-packages/airflow/example_dags/subdags/subdag.py
[2025-07-11T11:24:06.153+0200] {processor.py:830} INFO - Processing file /home/florent/Programs/anaconda3/envs/airflow_etl/lib/python3.11/site-packages/airflow/example_dags/subdags/subdag.py for tasks to queue
[2025-07-11T11:24:06.155+0200] {logging_mixin.py:188} INFO - [2025-07-11T11:24:06.155+0200] {dagbag.py:545} INFO - Filling up the DagBag from /home/florent/Programs/anaconda3/envs/airflow_etl/lib/python3.11/site-packages/airflow/example_dags/subdags/subdag.py
[2025-07-11T11:24:06.157+0200] {processor.py:842} WARNING - No viable dags retrieved from /home/florent/Programs/anaconda3/envs/airflow_etl/lib/python3.11/site-packages/airflow/example_dags/subdags/subdag.py
[2025-07-11T11:24:06.166+0200] {processor.py:183} INFO - Processing /home/florent/Programs/anaconda3/envs/airflow_etl/lib/python3.11/site-packages/airflow/example_dags/subdags/subdag.py took 0.023 seconds
[2025-07-11T11:25:15.295+0200] {processor.py:161} INFO - Started process (PID=58658) to work on /home/florent/Programs/anaconda3/envs/airflow_etl/lib/python3.11/site-packages/airflow/example_dags/subdags/subdag.py
[2025-07-11T11:25:15.296+0200] {processor.py:830} INFO - Processing file /home/florent/Programs/anaconda3/envs/airflow_etl/lib/python3.11/site-packages/airflow/example_dags/subdags/subdag.py for tasks to queue
[2025-07-11T11:25:15.297+0200] {logging_mixin.py:188} INFO - [2025-07-11T11:25:15.297+0200] {dagbag.py:545} INFO - Filling up the DagBag from /home/florent/Programs/anaconda3/envs/airflow_etl/lib/python3.11/site-packages/airflow/example_dags/subdags/subdag.py
[2025-07-11T11:25:15.299+0200] {processor.py:842} WARNING - No viable dags retrieved from /home/florent/Programs/anaconda3/envs/airflow_etl/lib/python3.11/site-packages/airflow/example_dags/subdags/subdag.py
[2025-07-11T11:25:15.306+0200] {processor.py:183} INFO - Processing /home/florent/Programs/anaconda3/envs/airflow_etl/lib/python3.11/site-packages/airflow/example_dags/subdags/subdag.py took 0.017 seconds
[2025-07-11T11:26:22.207+0200] {processor.py:161} INFO - Started process (PID=59379) to work on /home/florent/Programs/anaconda3/envs/airflow_etl/lib/python3.11/site-packages/airflow/example_dags/subdags/subdag.py
[2025-07-11T11:26:22.209+0200] {processor.py:830} INFO - Processing file /home/florent/Programs/anaconda3/envs/airflow_etl/lib/python3.11/site-packages/airflow/example_dags/subdags/subdag.py for tasks to queue
[2025-07-11T11:26:22.210+0200] {logging_mixin.py:188} INFO - [2025-07-11T11:26:22.210+0200] {dagbag.py:545} INFO - Filling up the DagBag from /home/florent/Programs/anaconda3/envs/airflow_etl/lib/python3.11/site-packages/airflow/example_dags/subdags/subdag.py
[2025-07-11T11:26:22.211+0200] {processor.py:842} WARNING - No viable dags retrieved from /home/florent/Programs/anaconda3/envs/airflow_etl/lib/python3.11/site-packages/airflow/example_dags/subdags/subdag.py
[2025-07-11T11:26:22.217+0200] {processor.py:183} INFO - Processing /home/florent/Programs/anaconda3/envs/airflow_etl/lib/python3.11/site-packages/airflow/example_dags/subdags/subdag.py took 0.014 seconds
[2025-07-11T11:27:33.234+0200] {processor.py:161} INFO - Started process (PID=60174) to work on /home/florent/Programs/anaconda3/envs/airflow_etl/lib/python3.11/site-packages/airflow/example_dags/subdags/subdag.py
[2025-07-11T11:27:33.237+0200] {processor.py:830} INFO - Processing file /home/florent/Programs/anaconda3/envs/airflow_etl/lib/python3.11/site-packages/airflow/example_dags/subdags/subdag.py for tasks to queue
[2025-07-11T11:27:33.239+0200] {logging_mixin.py:188} INFO - [2025-07-11T11:27:33.238+0200] {dagbag.py:545} INFO - Filling up the DagBag from /home/florent/Programs/anaconda3/envs/airflow_etl/lib/python3.11/site-packages/airflow/example_dags/subdags/subdag.py
[2025-07-11T11:27:33.241+0200] {processor.py:842} WARNING - No viable dags retrieved from /home/florent/Programs/anaconda3/envs/airflow_etl/lib/python3.11/site-packages/airflow/example_dags/subdags/subdag.py
[2025-07-11T11:27:33.253+0200] {processor.py:183} INFO - Processing /home/florent/Programs/anaconda3/envs/airflow_etl/lib/python3.11/site-packages/airflow/example_dags/subdags/subdag.py took 0.026 seconds
[2025-07-11T11:28:37.999+0200] {processor.py:161} INFO - Started process (PID=60849) to work on /home/florent/Programs/anaconda3/envs/airflow_etl/lib/python3.11/site-packages/airflow/example_dags/subdags/subdag.py
[2025-07-11T11:28:38.001+0200] {processor.py:830} INFO - Processing file /home/florent/Programs/anaconda3/envs/airflow_etl/lib/python3.11/site-packages/airflow/example_dags/subdags/subdag.py for tasks to queue
[2025-07-11T11:28:38.003+0200] {logging_mixin.py:188} INFO - [2025-07-11T11:28:38.003+0200] {dagbag.py:545} INFO - Filling up the DagBag from /home/florent/Programs/anaconda3/envs/airflow_etl/lib/python3.11/site-packages/airflow/example_dags/subdags/subdag.py
[2025-07-11T11:28:38.006+0200] {processor.py:842} WARNING - No viable dags retrieved from /home/florent/Programs/anaconda3/envs/airflow_etl/lib/python3.11/site-packages/airflow/example_dags/subdags/subdag.py
[2025-07-11T11:28:38.018+0200] {processor.py:183} INFO - Processing /home/florent/Programs/anaconda3/envs/airflow_etl/lib/python3.11/site-packages/airflow/example_dags/subdags/subdag.py took 0.025 seconds
[2025-07-11T11:29:43.126+0200] {processor.py:161} INFO - Started process (PID=61561) to work on /home/florent/Programs/anaconda3/envs/airflow_etl/lib/python3.11/site-packages/airflow/example_dags/subdags/subdag.py
[2025-07-11T11:29:43.129+0200] {processor.py:830} INFO - Processing file /home/florent/Programs/anaconda3/envs/airflow_etl/lib/python3.11/site-packages/airflow/example_dags/subdags/subdag.py for tasks to queue
[2025-07-11T11:29:43.131+0200] {logging_mixin.py:188} INFO - [2025-07-11T11:29:43.130+0200] {dagbag.py:545} INFO - Filling up the DagBag from /home/florent/Programs/anaconda3/envs/airflow_etl/lib/python3.11/site-packages/airflow/example_dags/subdags/subdag.py
[2025-07-11T11:29:43.132+0200] {processor.py:842} WARNING - No viable dags retrieved from /home/florent/Programs/anaconda3/envs/airflow_etl/lib/python3.11/site-packages/airflow/example_dags/subdags/subdag.py
[2025-07-11T11:29:43.138+0200] {processor.py:183} INFO - Processing /home/florent/Programs/anaconda3/envs/airflow_etl/lib/python3.11/site-packages/airflow/example_dags/subdags/subdag.py took 0.017 seconds
[2025-07-11T11:30:43.397+0200] {processor.py:161} INFO - Started process (PID=62176) to work on /home/florent/Programs/anaconda3/envs/airflow_etl/lib/python3.11/site-packages/airflow/example_dags/subdags/subdag.py
[2025-07-11T11:30:43.400+0200] {processor.py:830} INFO - Processing file /home/florent/Programs/anaconda3/envs/airflow_etl/lib/python3.11/site-packages/airflow/example_dags/subdags/subdag.py for tasks to queue
[2025-07-11T11:30:43.400+0200] {logging_mixin.py:188} INFO - [2025-07-11T11:30:43.400+0200] {dagbag.py:545} INFO - Filling up the DagBag from /home/florent/Programs/anaconda3/envs/airflow_etl/lib/python3.11/site-packages/airflow/example_dags/subdags/subdag.py
[2025-07-11T11:30:43.401+0200] {processor.py:842} WARNING - No viable dags retrieved from /home/florent/Programs/anaconda3/envs/airflow_etl/lib/python3.11/site-packages/airflow/example_dags/subdags/subdag.py
[2025-07-11T11:30:43.407+0200] {processor.py:183} INFO - Processing /home/florent/Programs/anaconda3/envs/airflow_etl/lib/python3.11/site-packages/airflow/example_dags/subdags/subdag.py took 0.013 seconds
[2025-07-11T11:31:48.644+0200] {processor.py:161} INFO - Started process (PID=62839) to work on /home/florent/Programs/anaconda3/envs/airflow_etl/lib/python3.11/site-packages/airflow/example_dags/subdags/subdag.py
[2025-07-11T11:31:48.647+0200] {processor.py:830} INFO - Processing file /home/florent/Programs/anaconda3/envs/airflow_etl/lib/python3.11/site-packages/airflow/example_dags/subdags/subdag.py for tasks to queue
[2025-07-11T11:31:48.649+0200] {logging_mixin.py:188} INFO - [2025-07-11T11:31:48.648+0200] {dagbag.py:545} INFO - Filling up the DagBag from /home/florent/Programs/anaconda3/envs/airflow_etl/lib/python3.11/site-packages/airflow/example_dags/subdags/subdag.py
[2025-07-11T11:31:48.651+0200] {processor.py:842} WARNING - No viable dags retrieved from /home/florent/Programs/anaconda3/envs/airflow_etl/lib/python3.11/site-packages/airflow/example_dags/subdags/subdag.py
[2025-07-11T11:31:48.661+0200] {processor.py:183} INFO - Processing /home/florent/Programs/anaconda3/envs/airflow_etl/lib/python3.11/site-packages/airflow/example_dags/subdags/subdag.py took 0.023 seconds
[2025-07-11T11:32:53.076+0200] {processor.py:161} INFO - Started process (PID=63656) to work on /home/florent/Programs/anaconda3/envs/airflow_etl/lib/python3.11/site-packages/airflow/example_dags/subdags/subdag.py
[2025-07-11T11:32:53.078+0200] {processor.py:830} INFO - Processing file /home/florent/Programs/anaconda3/envs/airflow_etl/lib/python3.11/site-packages/airflow/example_dags/subdags/subdag.py for tasks to queue
[2025-07-11T11:32:53.080+0200] {logging_mixin.py:188} INFO - [2025-07-11T11:32:53.080+0200] {dagbag.py:545} INFO - Filling up the DagBag from /home/florent/Programs/anaconda3/envs/airflow_etl/lib/python3.11/site-packages/airflow/example_dags/subdags/subdag.py
[2025-07-11T11:32:53.082+0200] {processor.py:842} WARNING - No viable dags retrieved from /home/florent/Programs/anaconda3/envs/airflow_etl/lib/python3.11/site-packages/airflow/example_dags/subdags/subdag.py
[2025-07-11T11:32:53.090+0200] {processor.py:183} INFO - Processing /home/florent/Programs/anaconda3/envs/airflow_etl/lib/python3.11/site-packages/airflow/example_dags/subdags/subdag.py took 0.020 seconds
[2025-07-11T11:33:57.278+0200] {processor.py:161} INFO - Started process (PID=64313) to work on /home/florent/Programs/anaconda3/envs/airflow_etl/lib/python3.11/site-packages/airflow/example_dags/subdags/subdag.py
[2025-07-11T11:33:57.280+0200] {processor.py:830} INFO - Processing file /home/florent/Programs/anaconda3/envs/airflow_etl/lib/python3.11/site-packages/airflow/example_dags/subdags/subdag.py for tasks to queue
[2025-07-11T11:33:57.282+0200] {logging_mixin.py:188} INFO - [2025-07-11T11:33:57.282+0200] {dagbag.py:545} INFO - Filling up the DagBag from /home/florent/Programs/anaconda3/envs/airflow_etl/lib/python3.11/site-packages/airflow/example_dags/subdags/subdag.py
[2025-07-11T11:33:57.284+0200] {processor.py:842} WARNING - No viable dags retrieved from /home/florent/Programs/anaconda3/envs/airflow_etl/lib/python3.11/site-packages/airflow/example_dags/subdags/subdag.py
[2025-07-11T11:33:57.293+0200] {processor.py:183} INFO - Processing /home/florent/Programs/anaconda3/envs/airflow_etl/lib/python3.11/site-packages/airflow/example_dags/subdags/subdag.py took 0.021 seconds
[2025-07-11T11:35:05.333+0200] {processor.py:161} INFO - Started process (PID=64981) to work on /home/florent/Programs/anaconda3/envs/airflow_etl/lib/python3.11/site-packages/airflow/example_dags/subdags/subdag.py
[2025-07-11T11:35:05.336+0200] {processor.py:830} INFO - Processing file /home/florent/Programs/anaconda3/envs/airflow_etl/lib/python3.11/site-packages/airflow/example_dags/subdags/subdag.py for tasks to queue
[2025-07-11T11:35:05.339+0200] {logging_mixin.py:188} INFO - [2025-07-11T11:35:05.338+0200] {dagbag.py:545} INFO - Filling up the DagBag from /home/florent/Programs/anaconda3/envs/airflow_etl/lib/python3.11/site-packages/airflow/example_dags/subdags/subdag.py
[2025-07-11T11:35:05.341+0200] {processor.py:842} WARNING - No viable dags retrieved from /home/florent/Programs/anaconda3/envs/airflow_etl/lib/python3.11/site-packages/airflow/example_dags/subdags/subdag.py
[2025-07-11T11:35:05.351+0200] {processor.py:183} INFO - Processing /home/florent/Programs/anaconda3/envs/airflow_etl/lib/python3.11/site-packages/airflow/example_dags/subdags/subdag.py took 0.025 seconds
[2025-07-11T11:36:05.373+0200] {processor.py:161} INFO - Started process (PID=65638) to work on /home/florent/Programs/anaconda3/envs/airflow_etl/lib/python3.11/site-packages/airflow/example_dags/subdags/subdag.py
[2025-07-11T11:36:05.376+0200] {processor.py:830} INFO - Processing file /home/florent/Programs/anaconda3/envs/airflow_etl/lib/python3.11/site-packages/airflow/example_dags/subdags/subdag.py for tasks to queue
[2025-07-11T11:36:05.377+0200] {logging_mixin.py:188} INFO - [2025-07-11T11:36:05.377+0200] {dagbag.py:545} INFO - Filling up the DagBag from /home/florent/Programs/anaconda3/envs/airflow_etl/lib/python3.11/site-packages/airflow/example_dags/subdags/subdag.py
[2025-07-11T11:36:05.378+0200] {processor.py:842} WARNING - No viable dags retrieved from /home/florent/Programs/anaconda3/envs/airflow_etl/lib/python3.11/site-packages/airflow/example_dags/subdags/subdag.py
[2025-07-11T11:36:05.384+0200] {processor.py:183} INFO - Processing /home/florent/Programs/anaconda3/envs/airflow_etl/lib/python3.11/site-packages/airflow/example_dags/subdags/subdag.py took 0.018 seconds
[2025-07-11T11:37:11.824+0200] {processor.py:161} INFO - Started process (PID=66383) to work on /home/florent/Programs/anaconda3/envs/airflow_etl/lib/python3.11/site-packages/airflow/example_dags/subdags/subdag.py
[2025-07-11T11:37:11.827+0200] {processor.py:830} INFO - Processing file /home/florent/Programs/anaconda3/envs/airflow_etl/lib/python3.11/site-packages/airflow/example_dags/subdags/subdag.py for tasks to queue
[2025-07-11T11:37:11.829+0200] {logging_mixin.py:188} INFO - [2025-07-11T11:37:11.828+0200] {dagbag.py:545} INFO - Filling up the DagBag from /home/florent/Programs/anaconda3/envs/airflow_etl/lib/python3.11/site-packages/airflow/example_dags/subdags/subdag.py
[2025-07-11T11:37:11.832+0200] {processor.py:842} WARNING - No viable dags retrieved from /home/florent/Programs/anaconda3/envs/airflow_etl/lib/python3.11/site-packages/airflow/example_dags/subdags/subdag.py
[2025-07-11T11:37:11.841+0200] {processor.py:183} INFO - Processing /home/florent/Programs/anaconda3/envs/airflow_etl/lib/python3.11/site-packages/airflow/example_dags/subdags/subdag.py took 0.023 seconds
[2025-07-11T11:38:17.151+0200] {processor.py:161} INFO - Started process (PID=67038) to work on /home/florent/Programs/anaconda3/envs/airflow_etl/lib/python3.11/site-packages/airflow/example_dags/subdags/subdag.py
[2025-07-11T11:38:17.154+0200] {processor.py:830} INFO - Processing file /home/florent/Programs/anaconda3/envs/airflow_etl/lib/python3.11/site-packages/airflow/example_dags/subdags/subdag.py for tasks to queue
[2025-07-11T11:38:17.155+0200] {logging_mixin.py:188} INFO - [2025-07-11T11:38:17.155+0200] {dagbag.py:545} INFO - Filling up the DagBag from /home/florent/Programs/anaconda3/envs/airflow_etl/lib/python3.11/site-packages/airflow/example_dags/subdags/subdag.py
[2025-07-11T11:38:17.157+0200] {processor.py:842} WARNING - No viable dags retrieved from /home/florent/Programs/anaconda3/envs/airflow_etl/lib/python3.11/site-packages/airflow/example_dags/subdags/subdag.py
[2025-07-11T11:38:17.166+0200] {processor.py:183} INFO - Processing /home/florent/Programs/anaconda3/envs/airflow_etl/lib/python3.11/site-packages/airflow/example_dags/subdags/subdag.py took 0.021 seconds
[2025-07-11T11:39:25.721+0200] {processor.py:161} INFO - Started process (PID=67754) to work on /home/florent/Programs/anaconda3/envs/airflow_etl/lib/python3.11/site-packages/airflow/example_dags/subdags/subdag.py
[2025-07-11T11:39:25.722+0200] {processor.py:830} INFO - Processing file /home/florent/Programs/anaconda3/envs/airflow_etl/lib/python3.11/site-packages/airflow/example_dags/subdags/subdag.py for tasks to queue
[2025-07-11T11:39:25.723+0200] {logging_mixin.py:188} INFO - [2025-07-11T11:39:25.723+0200] {dagbag.py:545} INFO - Filling up the DagBag from /home/florent/Programs/anaconda3/envs/airflow_etl/lib/python3.11/site-packages/airflow/example_dags/subdags/subdag.py
[2025-07-11T11:39:25.726+0200] {processor.py:842} WARNING - No viable dags retrieved from /home/florent/Programs/anaconda3/envs/airflow_etl/lib/python3.11/site-packages/airflow/example_dags/subdags/subdag.py
[2025-07-11T11:39:25.736+0200] {processor.py:183} INFO - Processing /home/florent/Programs/anaconda3/envs/airflow_etl/lib/python3.11/site-packages/airflow/example_dags/subdags/subdag.py took 0.021 seconds
[2025-07-11T11:40:31.418+0200] {processor.py:161} INFO - Started process (PID=68504) to work on /home/florent/Programs/anaconda3/envs/airflow_etl/lib/python3.11/site-packages/airflow/example_dags/subdags/subdag.py
[2025-07-11T11:40:31.421+0200] {processor.py:830} INFO - Processing file /home/florent/Programs/anaconda3/envs/airflow_etl/lib/python3.11/site-packages/airflow/example_dags/subdags/subdag.py for tasks to queue
[2025-07-11T11:40:31.423+0200] {logging_mixin.py:188} INFO - [2025-07-11T11:40:31.423+0200] {dagbag.py:545} INFO - Filling up the DagBag from /home/florent/Programs/anaconda3/envs/airflow_etl/lib/python3.11/site-packages/airflow/example_dags/subdags/subdag.py
[2025-07-11T11:40:31.425+0200] {processor.py:842} WARNING - No viable dags retrieved from /home/florent/Programs/anaconda3/envs/airflow_etl/lib/python3.11/site-packages/airflow/example_dags/subdags/subdag.py
[2025-07-11T11:40:31.435+0200] {processor.py:183} INFO - Processing /home/florent/Programs/anaconda3/envs/airflow_etl/lib/python3.11/site-packages/airflow/example_dags/subdags/subdag.py took 0.022 seconds
[2025-07-11T11:41:36.813+0200] {processor.py:161} INFO - Started process (PID=69149) to work on /home/florent/Programs/anaconda3/envs/airflow_etl/lib/python3.11/site-packages/airflow/example_dags/subdags/subdag.py
[2025-07-11T11:41:36.816+0200] {processor.py:830} INFO - Processing file /home/florent/Programs/anaconda3/envs/airflow_etl/lib/python3.11/site-packages/airflow/example_dags/subdags/subdag.py for tasks to queue
[2025-07-11T11:41:36.818+0200] {logging_mixin.py:188} INFO - [2025-07-11T11:41:36.818+0200] {dagbag.py:545} INFO - Filling up the DagBag from /home/florent/Programs/anaconda3/envs/airflow_etl/lib/python3.11/site-packages/airflow/example_dags/subdags/subdag.py
[2025-07-11T11:41:36.820+0200] {processor.py:842} WARNING - No viable dags retrieved from /home/florent/Programs/anaconda3/envs/airflow_etl/lib/python3.11/site-packages/airflow/example_dags/subdags/subdag.py
[2025-07-11T11:41:36.831+0200] {processor.py:183} INFO - Processing /home/florent/Programs/anaconda3/envs/airflow_etl/lib/python3.11/site-packages/airflow/example_dags/subdags/subdag.py took 0.024 seconds
[2025-07-11T11:42:40.919+0200] {processor.py:161} INFO - Started process (PID=70011) to work on /home/florent/Programs/anaconda3/envs/airflow_etl/lib/python3.11/site-packages/airflow/example_dags/subdags/subdag.py
[2025-07-11T11:42:40.922+0200] {processor.py:830} INFO - Processing file /home/florent/Programs/anaconda3/envs/airflow_etl/lib/python3.11/site-packages/airflow/example_dags/subdags/subdag.py for tasks to queue
[2025-07-11T11:42:40.924+0200] {logging_mixin.py:188} INFO - [2025-07-11T11:42:40.923+0200] {dagbag.py:545} INFO - Filling up the DagBag from /home/florent/Programs/anaconda3/envs/airflow_etl/lib/python3.11/site-packages/airflow/example_dags/subdags/subdag.py
[2025-07-11T11:42:40.926+0200] {processor.py:842} WARNING - No viable dags retrieved from /home/florent/Programs/anaconda3/envs/airflow_etl/lib/python3.11/site-packages/airflow/example_dags/subdags/subdag.py
[2025-07-11T11:42:40.937+0200] {processor.py:183} INFO - Processing /home/florent/Programs/anaconda3/envs/airflow_etl/lib/python3.11/site-packages/airflow/example_dags/subdags/subdag.py took 0.023 seconds
[2025-07-11T11:43:44.567+0200] {processor.py:161} INFO - Started process (PID=70712) to work on /home/florent/Programs/anaconda3/envs/airflow_etl/lib/python3.11/site-packages/airflow/example_dags/subdags/subdag.py
[2025-07-11T11:43:44.569+0200] {processor.py:830} INFO - Processing file /home/florent/Programs/anaconda3/envs/airflow_etl/lib/python3.11/site-packages/airflow/example_dags/subdags/subdag.py for tasks to queue
[2025-07-11T11:43:44.571+0200] {logging_mixin.py:188} INFO - [2025-07-11T11:43:44.570+0200] {dagbag.py:545} INFO - Filling up the DagBag from /home/florent/Programs/anaconda3/envs/airflow_etl/lib/python3.11/site-packages/airflow/example_dags/subdags/subdag.py
[2025-07-11T11:43:44.572+0200] {processor.py:842} WARNING - No viable dags retrieved from /home/florent/Programs/anaconda3/envs/airflow_etl/lib/python3.11/site-packages/airflow/example_dags/subdags/subdag.py
[2025-07-11T11:43:44.580+0200] {processor.py:183} INFO - Processing /home/florent/Programs/anaconda3/envs/airflow_etl/lib/python3.11/site-packages/airflow/example_dags/subdags/subdag.py took 0.019 seconds
[2025-07-11T11:44:52.681+0200] {processor.py:161} INFO - Started process (PID=71569) to work on /home/florent/Programs/anaconda3/envs/airflow_etl/lib/python3.11/site-packages/airflow/example_dags/subdags/subdag.py
[2025-07-11T11:44:52.683+0200] {processor.py:830} INFO - Processing file /home/florent/Programs/anaconda3/envs/airflow_etl/lib/python3.11/site-packages/airflow/example_dags/subdags/subdag.py for tasks to queue
[2025-07-11T11:44:52.685+0200] {logging_mixin.py:188} INFO - [2025-07-11T11:44:52.684+0200] {dagbag.py:545} INFO - Filling up the DagBag from /home/florent/Programs/anaconda3/envs/airflow_etl/lib/python3.11/site-packages/airflow/example_dags/subdags/subdag.py
[2025-07-11T11:44:52.687+0200] {processor.py:842} WARNING - No viable dags retrieved from /home/florent/Programs/anaconda3/envs/airflow_etl/lib/python3.11/site-packages/airflow/example_dags/subdags/subdag.py
[2025-07-11T11:44:52.696+0200] {processor.py:183} INFO - Processing /home/florent/Programs/anaconda3/envs/airflow_etl/lib/python3.11/site-packages/airflow/example_dags/subdags/subdag.py took 0.020 seconds
[2025-07-11T11:45:59.866+0200] {processor.py:161} INFO - Started process (PID=72323) to work on /home/florent/Programs/anaconda3/envs/airflow_etl/lib/python3.11/site-packages/airflow/example_dags/subdags/subdag.py
[2025-07-11T11:45:59.882+0200] {processor.py:830} INFO - Processing file /home/florent/Programs/anaconda3/envs/airflow_etl/lib/python3.11/site-packages/airflow/example_dags/subdags/subdag.py for tasks to queue
[2025-07-11T11:45:59.885+0200] {logging_mixin.py:188} INFO - [2025-07-11T11:45:59.885+0200] {dagbag.py:545} INFO - Filling up the DagBag from /home/florent/Programs/anaconda3/envs/airflow_etl/lib/python3.11/site-packages/airflow/example_dags/subdags/subdag.py
[2025-07-11T11:45:59.888+0200] {processor.py:842} WARNING - No viable dags retrieved from /home/florent/Programs/anaconda3/envs/airflow_etl/lib/python3.11/site-packages/airflow/example_dags/subdags/subdag.py
[2025-07-11T11:45:59.898+0200] {processor.py:183} INFO - Processing /home/florent/Programs/anaconda3/envs/airflow_etl/lib/python3.11/site-packages/airflow/example_dags/subdags/subdag.py took 0.037 seconds
[2025-07-11T11:47:00.092+0200] {processor.py:161} INFO - Started process (PID=72950) to work on /home/florent/Programs/anaconda3/envs/airflow_etl/lib/python3.11/site-packages/airflow/example_dags/subdags/subdag.py
[2025-07-11T11:47:00.094+0200] {processor.py:830} INFO - Processing file /home/florent/Programs/anaconda3/envs/airflow_etl/lib/python3.11/site-packages/airflow/example_dags/subdags/subdag.py for tasks to queue
[2025-07-11T11:47:00.095+0200] {logging_mixin.py:188} INFO - [2025-07-11T11:47:00.095+0200] {dagbag.py:545} INFO - Filling up the DagBag from /home/florent/Programs/anaconda3/envs/airflow_etl/lib/python3.11/site-packages/airflow/example_dags/subdags/subdag.py
[2025-07-11T11:47:00.096+0200] {processor.py:842} WARNING - No viable dags retrieved from /home/florent/Programs/anaconda3/envs/airflow_etl/lib/python3.11/site-packages/airflow/example_dags/subdags/subdag.py
[2025-07-11T11:47:00.102+0200] {processor.py:183} INFO - Processing /home/florent/Programs/anaconda3/envs/airflow_etl/lib/python3.11/site-packages/airflow/example_dags/subdags/subdag.py took 0.014 seconds
[2025-07-11T11:48:04.607+0200] {processor.py:161} INFO - Started process (PID=73575) to work on /home/florent/Programs/anaconda3/envs/airflow_etl/lib/python3.11/site-packages/airflow/example_dags/subdags/subdag.py
[2025-07-11T11:48:04.610+0200] {processor.py:830} INFO - Processing file /home/florent/Programs/anaconda3/envs/airflow_etl/lib/python3.11/site-packages/airflow/example_dags/subdags/subdag.py for tasks to queue
[2025-07-11T11:48:04.612+0200] {logging_mixin.py:188} INFO - [2025-07-11T11:48:04.612+0200] {dagbag.py:545} INFO - Filling up the DagBag from /home/florent/Programs/anaconda3/envs/airflow_etl/lib/python3.11/site-packages/airflow/example_dags/subdags/subdag.py
[2025-07-11T11:48:04.615+0200] {processor.py:842} WARNING - No viable dags retrieved from /home/florent/Programs/anaconda3/envs/airflow_etl/lib/python3.11/site-packages/airflow/example_dags/subdags/subdag.py
[2025-07-11T11:48:04.624+0200] {processor.py:183} INFO - Processing /home/florent/Programs/anaconda3/envs/airflow_etl/lib/python3.11/site-packages/airflow/example_dags/subdags/subdag.py took 0.024 seconds
[2025-07-11T11:49:09.094+0200] {processor.py:161} INFO - Started process (PID=74275) to work on /home/florent/Programs/anaconda3/envs/airflow_etl/lib/python3.11/site-packages/airflow/example_dags/subdags/subdag.py
[2025-07-11T11:49:09.097+0200] {processor.py:830} INFO - Processing file /home/florent/Programs/anaconda3/envs/airflow_etl/lib/python3.11/site-packages/airflow/example_dags/subdags/subdag.py for tasks to queue
[2025-07-11T11:49:09.099+0200] {logging_mixin.py:188} INFO - [2025-07-11T11:49:09.099+0200] {dagbag.py:545} INFO - Filling up the DagBag from /home/florent/Programs/anaconda3/envs/airflow_etl/lib/python3.11/site-packages/airflow/example_dags/subdags/subdag.py
[2025-07-11T11:49:09.101+0200] {processor.py:842} WARNING - No viable dags retrieved from /home/florent/Programs/anaconda3/envs/airflow_etl/lib/python3.11/site-packages/airflow/example_dags/subdags/subdag.py
[2025-07-11T11:49:09.112+0200] {processor.py:183} INFO - Processing /home/florent/Programs/anaconda3/envs/airflow_etl/lib/python3.11/site-packages/airflow/example_dags/subdags/subdag.py took 0.025 seconds
[2025-07-11T11:50:14.887+0200] {processor.py:161} INFO - Started process (PID=74931) to work on /home/florent/Programs/anaconda3/envs/airflow_etl/lib/python3.11/site-packages/airflow/example_dags/subdags/subdag.py
[2025-07-11T11:50:14.890+0200] {processor.py:830} INFO - Processing file /home/florent/Programs/anaconda3/envs/airflow_etl/lib/python3.11/site-packages/airflow/example_dags/subdags/subdag.py for tasks to queue
[2025-07-11T11:50:14.892+0200] {logging_mixin.py:188} INFO - [2025-07-11T11:50:14.892+0200] {dagbag.py:545} INFO - Filling up the DagBag from /home/florent/Programs/anaconda3/envs/airflow_etl/lib/python3.11/site-packages/airflow/example_dags/subdags/subdag.py
[2025-07-11T11:50:14.895+0200] {processor.py:842} WARNING - No viable dags retrieved from /home/florent/Programs/anaconda3/envs/airflow_etl/lib/python3.11/site-packages/airflow/example_dags/subdags/subdag.py
[2025-07-11T11:50:14.907+0200] {processor.py:183} INFO - Processing /home/florent/Programs/anaconda3/envs/airflow_etl/lib/python3.11/site-packages/airflow/example_dags/subdags/subdag.py took 0.025 seconds
[2025-07-11T11:51:22.358+0200] {processor.py:161} INFO - Started process (PID=75624) to work on /home/florent/Programs/anaconda3/envs/airflow_etl/lib/python3.11/site-packages/airflow/example_dags/subdags/subdag.py
[2025-07-11T11:51:22.360+0200] {processor.py:830} INFO - Processing file /home/florent/Programs/anaconda3/envs/airflow_etl/lib/python3.11/site-packages/airflow/example_dags/subdags/subdag.py for tasks to queue
[2025-07-11T11:51:22.362+0200] {logging_mixin.py:188} INFO - [2025-07-11T11:51:22.362+0200] {dagbag.py:545} INFO - Filling up the DagBag from /home/florent/Programs/anaconda3/envs/airflow_etl/lib/python3.11/site-packages/airflow/example_dags/subdags/subdag.py
[2025-07-11T11:51:22.364+0200] {processor.py:842} WARNING - No viable dags retrieved from /home/florent/Programs/anaconda3/envs/airflow_etl/lib/python3.11/site-packages/airflow/example_dags/subdags/subdag.py
[2025-07-11T11:51:22.373+0200] {processor.py:183} INFO - Processing /home/florent/Programs/anaconda3/envs/airflow_etl/lib/python3.11/site-packages/airflow/example_dags/subdags/subdag.py took 0.021 seconds
[2025-07-11T11:52:26.201+0200] {processor.py:161} INFO - Started process (PID=76255) to work on /home/florent/Programs/anaconda3/envs/airflow_etl/lib/python3.11/site-packages/airflow/example_dags/subdags/subdag.py
[2025-07-11T11:52:26.204+0200] {processor.py:830} INFO - Processing file /home/florent/Programs/anaconda3/envs/airflow_etl/lib/python3.11/site-packages/airflow/example_dags/subdags/subdag.py for tasks to queue
[2025-07-11T11:52:26.206+0200] {logging_mixin.py:188} INFO - [2025-07-11T11:52:26.206+0200] {dagbag.py:545} INFO - Filling up the DagBag from /home/florent/Programs/anaconda3/envs/airflow_etl/lib/python3.11/site-packages/airflow/example_dags/subdags/subdag.py
[2025-07-11T11:52:26.209+0200] {processor.py:842} WARNING - No viable dags retrieved from /home/florent/Programs/anaconda3/envs/airflow_etl/lib/python3.11/site-packages/airflow/example_dags/subdags/subdag.py
[2025-07-11T11:52:26.221+0200] {processor.py:183} INFO - Processing /home/florent/Programs/anaconda3/envs/airflow_etl/lib/python3.11/site-packages/airflow/example_dags/subdags/subdag.py took 0.026 seconds
[2025-07-11T11:53:30.818+0200] {processor.py:161} INFO - Started process (PID=76924) to work on /home/florent/Programs/anaconda3/envs/airflow_etl/lib/python3.11/site-packages/airflow/example_dags/subdags/subdag.py
[2025-07-11T11:53:30.821+0200] {processor.py:830} INFO - Processing file /home/florent/Programs/anaconda3/envs/airflow_etl/lib/python3.11/site-packages/airflow/example_dags/subdags/subdag.py for tasks to queue
[2025-07-11T11:53:30.823+0200] {logging_mixin.py:188} INFO - [2025-07-11T11:53:30.822+0200] {dagbag.py:545} INFO - Filling up the DagBag from /home/florent/Programs/anaconda3/envs/airflow_etl/lib/python3.11/site-packages/airflow/example_dags/subdags/subdag.py
[2025-07-11T11:53:30.825+0200] {processor.py:842} WARNING - No viable dags retrieved from /home/florent/Programs/anaconda3/envs/airflow_etl/lib/python3.11/site-packages/airflow/example_dags/subdags/subdag.py
[2025-07-11T11:53:30.837+0200] {processor.py:183} INFO - Processing /home/florent/Programs/anaconda3/envs/airflow_etl/lib/python3.11/site-packages/airflow/example_dags/subdags/subdag.py took 0.025 seconds
[2025-07-11T11:54:38.808+0200] {processor.py:161} INFO - Started process (PID=77578) to work on /home/florent/Programs/anaconda3/envs/airflow_etl/lib/python3.11/site-packages/airflow/example_dags/subdags/subdag.py
[2025-07-11T11:54:38.811+0200] {processor.py:830} INFO - Processing file /home/florent/Programs/anaconda3/envs/airflow_etl/lib/python3.11/site-packages/airflow/example_dags/subdags/subdag.py for tasks to queue
[2025-07-11T11:54:38.812+0200] {logging_mixin.py:188} INFO - [2025-07-11T11:54:38.812+0200] {dagbag.py:545} INFO - Filling up the DagBag from /home/florent/Programs/anaconda3/envs/airflow_etl/lib/python3.11/site-packages/airflow/example_dags/subdags/subdag.py
[2025-07-11T11:54:38.815+0200] {processor.py:842} WARNING - No viable dags retrieved from /home/florent/Programs/anaconda3/envs/airflow_etl/lib/python3.11/site-packages/airflow/example_dags/subdags/subdag.py
[2025-07-11T11:54:38.826+0200] {processor.py:183} INFO - Processing /home/florent/Programs/anaconda3/envs/airflow_etl/lib/python3.11/site-packages/airflow/example_dags/subdags/subdag.py took 0.024 seconds
[2025-07-11T11:55:45.686+0200] {processor.py:161} INFO - Started process (PID=78323) to work on /home/florent/Programs/anaconda3/envs/airflow_etl/lib/python3.11/site-packages/airflow/example_dags/subdags/subdag.py
[2025-07-11T11:55:45.687+0200] {processor.py:830} INFO - Processing file /home/florent/Programs/anaconda3/envs/airflow_etl/lib/python3.11/site-packages/airflow/example_dags/subdags/subdag.py for tasks to queue
[2025-07-11T11:55:45.688+0200] {logging_mixin.py:188} INFO - [2025-07-11T11:55:45.688+0200] {dagbag.py:545} INFO - Filling up the DagBag from /home/florent/Programs/anaconda3/envs/airflow_etl/lib/python3.11/site-packages/airflow/example_dags/subdags/subdag.py
[2025-07-11T11:55:45.689+0200] {processor.py:842} WARNING - No viable dags retrieved from /home/florent/Programs/anaconda3/envs/airflow_etl/lib/python3.11/site-packages/airflow/example_dags/subdags/subdag.py
[2025-07-11T11:55:45.698+0200] {processor.py:183} INFO - Processing /home/florent/Programs/anaconda3/envs/airflow_etl/lib/python3.11/site-packages/airflow/example_dags/subdags/subdag.py took 0.017 seconds
[2025-07-11T11:56:46.891+0200] {processor.py:161} INFO - Started process (PID=78929) to work on /home/florent/Programs/anaconda3/envs/airflow_etl/lib/python3.11/site-packages/airflow/example_dags/subdags/subdag.py
[2025-07-11T11:56:46.892+0200] {processor.py:830} INFO - Processing file /home/florent/Programs/anaconda3/envs/airflow_etl/lib/python3.11/site-packages/airflow/example_dags/subdags/subdag.py for tasks to queue
[2025-07-11T11:56:46.894+0200] {logging_mixin.py:188} INFO - [2025-07-11T11:56:46.893+0200] {dagbag.py:545} INFO - Filling up the DagBag from /home/florent/Programs/anaconda3/envs/airflow_etl/lib/python3.11/site-packages/airflow/example_dags/subdags/subdag.py
[2025-07-11T11:56:46.896+0200] {processor.py:842} WARNING - No viable dags retrieved from /home/florent/Programs/anaconda3/envs/airflow_etl/lib/python3.11/site-packages/airflow/example_dags/subdags/subdag.py
[2025-07-11T11:56:46.907+0200] {processor.py:183} INFO - Processing /home/florent/Programs/anaconda3/envs/airflow_etl/lib/python3.11/site-packages/airflow/example_dags/subdags/subdag.py took 0.022 seconds
[2025-07-11T11:57:50.680+0200] {processor.py:161} INFO - Started process (PID=79578) to work on /home/florent/Programs/anaconda3/envs/airflow_etl/lib/python3.11/site-packages/airflow/example_dags/subdags/subdag.py
[2025-07-11T11:57:50.683+0200] {processor.py:830} INFO - Processing file /home/florent/Programs/anaconda3/envs/airflow_etl/lib/python3.11/site-packages/airflow/example_dags/subdags/subdag.py for tasks to queue
[2025-07-11T11:57:50.685+0200] {logging_mixin.py:188} INFO - [2025-07-11T11:57:50.685+0200] {dagbag.py:545} INFO - Filling up the DagBag from /home/florent/Programs/anaconda3/envs/airflow_etl/lib/python3.11/site-packages/airflow/example_dags/subdags/subdag.py
[2025-07-11T11:57:50.688+0200] {processor.py:842} WARNING - No viable dags retrieved from /home/florent/Programs/anaconda3/envs/airflow_etl/lib/python3.11/site-packages/airflow/example_dags/subdags/subdag.py
[2025-07-11T11:57:50.699+0200] {processor.py:183} INFO - Processing /home/florent/Programs/anaconda3/envs/airflow_etl/lib/python3.11/site-packages/airflow/example_dags/subdags/subdag.py took 0.026 seconds
[2025-07-11T11:58:56.159+0200] {processor.py:161} INFO - Started process (PID=80229) to work on /home/florent/Programs/anaconda3/envs/airflow_etl/lib/python3.11/site-packages/airflow/example_dags/subdags/subdag.py
[2025-07-11T11:58:56.162+0200] {processor.py:830} INFO - Processing file /home/florent/Programs/anaconda3/envs/airflow_etl/lib/python3.11/site-packages/airflow/example_dags/subdags/subdag.py for tasks to queue
[2025-07-11T11:58:56.164+0200] {logging_mixin.py:188} INFO - [2025-07-11T11:58:56.164+0200] {dagbag.py:545} INFO - Filling up the DagBag from /home/florent/Programs/anaconda3/envs/airflow_etl/lib/python3.11/site-packages/airflow/example_dags/subdags/subdag.py
[2025-07-11T11:58:56.166+0200] {processor.py:842} WARNING - No viable dags retrieved from /home/florent/Programs/anaconda3/envs/airflow_etl/lib/python3.11/site-packages/airflow/example_dags/subdags/subdag.py
[2025-07-11T11:58:56.178+0200] {processor.py:183} INFO - Processing /home/florent/Programs/anaconda3/envs/airflow_etl/lib/python3.11/site-packages/airflow/example_dags/subdags/subdag.py took 0.026 seconds
[2025-07-11T12:00:05.071+0200] {processor.py:161} INFO - Started process (PID=80914) to work on /home/florent/Programs/anaconda3/envs/airflow_etl/lib/python3.11/site-packages/airflow/example_dags/subdags/subdag.py
[2025-07-11T12:00:05.074+0200] {processor.py:830} INFO - Processing file /home/florent/Programs/anaconda3/envs/airflow_etl/lib/python3.11/site-packages/airflow/example_dags/subdags/subdag.py for tasks to queue
[2025-07-11T12:00:05.076+0200] {logging_mixin.py:188} INFO - [2025-07-11T12:00:05.075+0200] {dagbag.py:545} INFO - Filling up the DagBag from /home/florent/Programs/anaconda3/envs/airflow_etl/lib/python3.11/site-packages/airflow/example_dags/subdags/subdag.py
[2025-07-11T12:00:05.078+0200] {processor.py:842} WARNING - No viable dags retrieved from /home/florent/Programs/anaconda3/envs/airflow_etl/lib/python3.11/site-packages/airflow/example_dags/subdags/subdag.py
[2025-07-11T12:00:05.086+0200] {processor.py:183} INFO - Processing /home/florent/Programs/anaconda3/envs/airflow_etl/lib/python3.11/site-packages/airflow/example_dags/subdags/subdag.py took 0.021 seconds
[2025-07-11T12:01:15.231+0200] {processor.py:161} INFO - Started process (PID=81631) to work on /home/florent/Programs/anaconda3/envs/airflow_etl/lib/python3.11/site-packages/airflow/example_dags/subdags/subdag.py
[2025-07-11T12:01:15.233+0200] {processor.py:830} INFO - Processing file /home/florent/Programs/anaconda3/envs/airflow_etl/lib/python3.11/site-packages/airflow/example_dags/subdags/subdag.py for tasks to queue
[2025-07-11T12:01:15.236+0200] {logging_mixin.py:188} INFO - [2025-07-11T12:01:15.235+0200] {dagbag.py:545} INFO - Filling up the DagBag from /home/florent/Programs/anaconda3/envs/airflow_etl/lib/python3.11/site-packages/airflow/example_dags/subdags/subdag.py
[2025-07-11T12:01:15.238+0200] {processor.py:842} WARNING - No viable dags retrieved from /home/florent/Programs/anaconda3/envs/airflow_etl/lib/python3.11/site-packages/airflow/example_dags/subdags/subdag.py
[2025-07-11T12:01:15.249+0200] {processor.py:183} INFO - Processing /home/florent/Programs/anaconda3/envs/airflow_etl/lib/python3.11/site-packages/airflow/example_dags/subdags/subdag.py took 0.023 seconds
[2025-07-11T12:02:16.471+0200] {processor.py:161} INFO - Started process (PID=82250) to work on /home/florent/Programs/anaconda3/envs/airflow_etl/lib/python3.11/site-packages/airflow/example_dags/subdags/subdag.py
[2025-07-11T12:02:16.474+0200] {processor.py:830} INFO - Processing file /home/florent/Programs/anaconda3/envs/airflow_etl/lib/python3.11/site-packages/airflow/example_dags/subdags/subdag.py for tasks to queue
[2025-07-11T12:02:16.476+0200] {logging_mixin.py:188} INFO - [2025-07-11T12:02:16.475+0200] {dagbag.py:545} INFO - Filling up the DagBag from /home/florent/Programs/anaconda3/envs/airflow_etl/lib/python3.11/site-packages/airflow/example_dags/subdags/subdag.py
[2025-07-11T12:02:16.478+0200] {processor.py:842} WARNING - No viable dags retrieved from /home/florent/Programs/anaconda3/envs/airflow_etl/lib/python3.11/site-packages/airflow/example_dags/subdags/subdag.py
[2025-07-11T12:02:16.490+0200] {processor.py:183} INFO - Processing /home/florent/Programs/anaconda3/envs/airflow_etl/lib/python3.11/site-packages/airflow/example_dags/subdags/subdag.py took 0.026 seconds
[2025-07-11T12:03:22.055+0200] {processor.py:161} INFO - Started process (PID=82893) to work on /home/florent/Programs/anaconda3/envs/airflow_etl/lib/python3.11/site-packages/airflow/example_dags/subdags/subdag.py
[2025-07-11T12:03:22.057+0200] {processor.py:830} INFO - Processing file /home/florent/Programs/anaconda3/envs/airflow_etl/lib/python3.11/site-packages/airflow/example_dags/subdags/subdag.py for tasks to queue
[2025-07-11T12:03:22.058+0200] {logging_mixin.py:188} INFO - [2025-07-11T12:03:22.058+0200] {dagbag.py:545} INFO - Filling up the DagBag from /home/florent/Programs/anaconda3/envs/airflow_etl/lib/python3.11/site-packages/airflow/example_dags/subdags/subdag.py
[2025-07-11T12:03:22.060+0200] {processor.py:842} WARNING - No viable dags retrieved from /home/florent/Programs/anaconda3/envs/airflow_etl/lib/python3.11/site-packages/airflow/example_dags/subdags/subdag.py
[2025-07-11T12:03:22.066+0200] {processor.py:183} INFO - Processing /home/florent/Programs/anaconda3/envs/airflow_etl/lib/python3.11/site-packages/airflow/example_dags/subdags/subdag.py took 0.017 seconds
[2025-07-11T12:04:27.682+0200] {processor.py:161} INFO - Started process (PID=83554) to work on /home/florent/Programs/anaconda3/envs/airflow_etl/lib/python3.11/site-packages/airflow/example_dags/subdags/subdag.py
[2025-07-11T12:04:27.683+0200] {processor.py:830} INFO - Processing file /home/florent/Programs/anaconda3/envs/airflow_etl/lib/python3.11/site-packages/airflow/example_dags/subdags/subdag.py for tasks to queue
[2025-07-11T12:04:27.685+0200] {logging_mixin.py:188} INFO - [2025-07-11T12:04:27.684+0200] {dagbag.py:545} INFO - Filling up the DagBag from /home/florent/Programs/anaconda3/envs/airflow_etl/lib/python3.11/site-packages/airflow/example_dags/subdags/subdag.py
[2025-07-11T12:04:27.687+0200] {processor.py:842} WARNING - No viable dags retrieved from /home/florent/Programs/anaconda3/envs/airflow_etl/lib/python3.11/site-packages/airflow/example_dags/subdags/subdag.py
[2025-07-11T12:04:27.694+0200] {processor.py:183} INFO - Processing /home/florent/Programs/anaconda3/envs/airflow_etl/lib/python3.11/site-packages/airflow/example_dags/subdags/subdag.py took 0.019 seconds
[2025-07-11T12:05:34.498+0200] {processor.py:161} INFO - Started process (PID=84376) to work on /home/florent/Programs/anaconda3/envs/airflow_etl/lib/python3.11/site-packages/airflow/example_dags/subdags/subdag.py
[2025-07-11T12:05:34.499+0200] {processor.py:830} INFO - Processing file /home/florent/Programs/anaconda3/envs/airflow_etl/lib/python3.11/site-packages/airflow/example_dags/subdags/subdag.py for tasks to queue
[2025-07-11T12:05:34.501+0200] {logging_mixin.py:188} INFO - [2025-07-11T12:05:34.501+0200] {dagbag.py:545} INFO - Filling up the DagBag from /home/florent/Programs/anaconda3/envs/airflow_etl/lib/python3.11/site-packages/airflow/example_dags/subdags/subdag.py
[2025-07-11T12:05:34.503+0200] {processor.py:842} WARNING - No viable dags retrieved from /home/florent/Programs/anaconda3/envs/airflow_etl/lib/python3.11/site-packages/airflow/example_dags/subdags/subdag.py
[2025-07-11T12:05:34.513+0200] {processor.py:183} INFO - Processing /home/florent/Programs/anaconda3/envs/airflow_etl/lib/python3.11/site-packages/airflow/example_dags/subdags/subdag.py took 0.021 seconds
