[2025-07-11T11:03:55.110+0200] {processor.py:161} INFO - Started process (PID=42490) to work on /home/florent/Programs/anaconda3/envs/airflow_etl/lib/python3.11/site-packages/airflow/example_dags/plugins/listener_plugin.py
[2025-07-11T11:03:55.110+0200] {processor.py:830} INFO - Processing file /home/florent/Programs/anaconda3/envs/airflow_etl/lib/python3.11/site-packages/airflow/example_dags/plugins/listener_plugin.py for tasks to queue
[2025-07-11T11:03:55.111+0200] {logging_mixin.py:188} INFO - [2025-07-11T11:03:55.111+0200] {dagbag.py:545} INFO - Filling up the DagBag from /home/florent/Programs/anaconda3/envs/airflow_etl/lib/python3.11/site-packages/airflow/example_dags/plugins/listener_plugin.py
[2025-07-11T11:03:55.113+0200] {processor.py:842} WARNING - No viable dags retrieved from /home/florent/Programs/anaconda3/envs/airflow_etl/lib/python3.11/site-packages/airflow/example_dags/plugins/listener_plugin.py
[2025-07-11T11:03:55.125+0200] {processor.py:183} INFO - Processing /home/florent/Programs/anaconda3/envs/airflow_etl/lib/python3.11/site-packages/airflow/example_dags/plugins/listener_plugin.py took 0.023 seconds
[2025-07-11T11:05:03.018+0200] {processor.py:161} INFO - Started process (PID=43210) to work on /home/florent/Programs/anaconda3/envs/airflow_etl/lib/python3.11/site-packages/airflow/example_dags/plugins/listener_plugin.py
[2025-07-11T11:05:03.021+0200] {processor.py:830} INFO - Processing file /home/florent/Programs/anaconda3/envs/airflow_etl/lib/python3.11/site-packages/airflow/example_dags/plugins/listener_plugin.py for tasks to queue
[2025-07-11T11:05:03.022+0200] {logging_mixin.py:188} INFO - [2025-07-11T11:05:03.022+0200] {dagbag.py:545} INFO - Filling up the DagBag from /home/florent/Programs/anaconda3/envs/airflow_etl/lib/python3.11/site-packages/airflow/example_dags/plugins/listener_plugin.py
[2025-07-11T11:05:03.025+0200] {processor.py:842} WARNING - No viable dags retrieved from /home/florent/Programs/anaconda3/envs/airflow_etl/lib/python3.11/site-packages/airflow/example_dags/plugins/listener_plugin.py
[2025-07-11T11:05:03.036+0200] {processor.py:183} INFO - Processing /home/florent/Programs/anaconda3/envs/airflow_etl/lib/python3.11/site-packages/airflow/example_dags/plugins/listener_plugin.py took 0.022 seconds
[2025-07-11T11:06:06.932+0200] {processor.py:161} INFO - Started process (PID=44008) to work on /home/florent/Programs/anaconda3/envs/airflow_etl/lib/python3.11/site-packages/airflow/example_dags/plugins/listener_plugin.py
[2025-07-11T11:06:06.935+0200] {processor.py:830} INFO - Processing file /home/florent/Programs/anaconda3/envs/airflow_etl/lib/python3.11/site-packages/airflow/example_dags/plugins/listener_plugin.py for tasks to queue
[2025-07-11T11:06:06.936+0200] {logging_mixin.py:188} INFO - [2025-07-11T11:06:06.936+0200] {dagbag.py:545} INFO - Filling up the DagBag from /home/florent/Programs/anaconda3/envs/airflow_etl/lib/python3.11/site-packages/airflow/example_dags/plugins/listener_plugin.py
[2025-07-11T11:06:06.938+0200] {processor.py:842} WARNING - No viable dags retrieved from /home/florent/Programs/anaconda3/envs/airflow_etl/lib/python3.11/site-packages/airflow/example_dags/plugins/listener_plugin.py
[2025-07-11T11:06:06.947+0200] {processor.py:183} INFO - Processing /home/florent/Programs/anaconda3/envs/airflow_etl/lib/python3.11/site-packages/airflow/example_dags/plugins/listener_plugin.py took 0.019 seconds
[2025-07-11T11:07:12.272+0200] {processor.py:161} INFO - Started process (PID=45072) to work on /home/florent/Programs/anaconda3/envs/airflow_etl/lib/python3.11/site-packages/airflow/example_dags/plugins/listener_plugin.py
[2025-07-11T11:07:12.275+0200] {processor.py:830} INFO - Processing file /home/florent/Programs/anaconda3/envs/airflow_etl/lib/python3.11/site-packages/airflow/example_dags/plugins/listener_plugin.py for tasks to queue
[2025-07-11T11:07:12.277+0200] {logging_mixin.py:188} INFO - [2025-07-11T11:07:12.276+0200] {dagbag.py:545} INFO - Filling up the DagBag from /home/florent/Programs/anaconda3/envs/airflow_etl/lib/python3.11/site-packages/airflow/example_dags/plugins/listener_plugin.py
[2025-07-11T11:07:12.284+0200] {processor.py:842} WARNING - No viable dags retrieved from /home/florent/Programs/anaconda3/envs/airflow_etl/lib/python3.11/site-packages/airflow/example_dags/plugins/listener_plugin.py
[2025-07-11T11:07:12.312+0200] {processor.py:183} INFO - Processing /home/florent/Programs/anaconda3/envs/airflow_etl/lib/python3.11/site-packages/airflow/example_dags/plugins/listener_plugin.py took 0.056 seconds
[2025-07-11T11:08:04.232+0200] {processor.py:161} INFO - Started process (PID=45825) to work on /home/florent/Programs/anaconda3/envs/airflow_etl/lib/python3.11/site-packages/airflow/example_dags/plugins/listener_plugin.py
[2025-07-11T11:08:04.235+0200] {processor.py:830} INFO - Processing file /home/florent/Programs/anaconda3/envs/airflow_etl/lib/python3.11/site-packages/airflow/example_dags/plugins/listener_plugin.py for tasks to queue
[2025-07-11T11:08:04.236+0200] {logging_mixin.py:188} INFO - [2025-07-11T11:08:04.236+0200] {dagbag.py:545} INFO - Filling up the DagBag from /home/florent/Programs/anaconda3/envs/airflow_etl/lib/python3.11/site-packages/airflow/example_dags/plugins/listener_plugin.py
[2025-07-11T11:08:04.239+0200] {processor.py:842} WARNING - No viable dags retrieved from /home/florent/Programs/anaconda3/envs/airflow_etl/lib/python3.11/site-packages/airflow/example_dags/plugins/listener_plugin.py
[2025-07-11T11:08:04.249+0200] {processor.py:183} INFO - Processing /home/florent/Programs/anaconda3/envs/airflow_etl/lib/python3.11/site-packages/airflow/example_dags/plugins/listener_plugin.py took 0.024 seconds
[2025-07-11T11:09:05.228+0200] {processor.py:161} INFO - Started process (PID=46505) to work on /home/florent/Programs/anaconda3/envs/airflow_etl/lib/python3.11/site-packages/airflow/example_dags/plugins/listener_plugin.py
[2025-07-11T11:09:05.231+0200] {processor.py:830} INFO - Processing file /home/florent/Programs/anaconda3/envs/airflow_etl/lib/python3.11/site-packages/airflow/example_dags/plugins/listener_plugin.py for tasks to queue
[2025-07-11T11:09:05.231+0200] {logging_mixin.py:188} INFO - [2025-07-11T11:09:05.231+0200] {dagbag.py:545} INFO - Filling up the DagBag from /home/florent/Programs/anaconda3/envs/airflow_etl/lib/python3.11/site-packages/airflow/example_dags/plugins/listener_plugin.py
[2025-07-11T11:09:05.234+0200] {processor.py:842} WARNING - No viable dags retrieved from /home/florent/Programs/anaconda3/envs/airflow_etl/lib/python3.11/site-packages/airflow/example_dags/plugins/listener_plugin.py
[2025-07-11T11:09:05.245+0200] {processor.py:183} INFO - Processing /home/florent/Programs/anaconda3/envs/airflow_etl/lib/python3.11/site-packages/airflow/example_dags/plugins/listener_plugin.py took 0.023 seconds
[2025-07-11T11:10:06.919+0200] {processor.py:161} INFO - Started process (PID=47319) to work on /home/florent/Programs/anaconda3/envs/airflow_etl/lib/python3.11/site-packages/airflow/example_dags/plugins/listener_plugin.py
[2025-07-11T11:10:06.921+0200] {processor.py:830} INFO - Processing file /home/florent/Programs/anaconda3/envs/airflow_etl/lib/python3.11/site-packages/airflow/example_dags/plugins/listener_plugin.py for tasks to queue
[2025-07-11T11:10:06.922+0200] {logging_mixin.py:188} INFO - [2025-07-11T11:10:06.922+0200] {dagbag.py:545} INFO - Filling up the DagBag from /home/florent/Programs/anaconda3/envs/airflow_etl/lib/python3.11/site-packages/airflow/example_dags/plugins/listener_plugin.py
[2025-07-11T11:10:06.925+0200] {processor.py:842} WARNING - No viable dags retrieved from /home/florent/Programs/anaconda3/envs/airflow_etl/lib/python3.11/site-packages/airflow/example_dags/plugins/listener_plugin.py
[2025-07-11T11:10:06.937+0200] {processor.py:183} INFO - Processing /home/florent/Programs/anaconda3/envs/airflow_etl/lib/python3.11/site-packages/airflow/example_dags/plugins/listener_plugin.py took 0.024 seconds
[2025-07-11T11:11:13.398+0200] {processor.py:161} INFO - Started process (PID=48242) to work on /home/florent/Programs/anaconda3/envs/airflow_etl/lib/python3.11/site-packages/airflow/example_dags/plugins/listener_plugin.py
[2025-07-11T11:11:13.401+0200] {processor.py:830} INFO - Processing file /home/florent/Programs/anaconda3/envs/airflow_etl/lib/python3.11/site-packages/airflow/example_dags/plugins/listener_plugin.py for tasks to queue
[2025-07-11T11:11:13.402+0200] {logging_mixin.py:188} INFO - [2025-07-11T11:11:13.401+0200] {dagbag.py:545} INFO - Filling up the DagBag from /home/florent/Programs/anaconda3/envs/airflow_etl/lib/python3.11/site-packages/airflow/example_dags/plugins/listener_plugin.py
[2025-07-11T11:11:13.404+0200] {processor.py:842} WARNING - No viable dags retrieved from /home/florent/Programs/anaconda3/envs/airflow_etl/lib/python3.11/site-packages/airflow/example_dags/plugins/listener_plugin.py
[2025-07-11T11:11:13.414+0200] {processor.py:183} INFO - Processing /home/florent/Programs/anaconda3/envs/airflow_etl/lib/python3.11/site-packages/airflow/example_dags/plugins/listener_plugin.py took 0.021 seconds
[2025-07-11T11:12:23.911+0200] {processor.py:161} INFO - Started process (PID=49931) to work on /home/florent/Programs/anaconda3/envs/airflow_etl/lib/python3.11/site-packages/airflow/example_dags/plugins/listener_plugin.py
[2025-07-11T11:12:23.914+0200] {processor.py:830} INFO - Processing file /home/florent/Programs/anaconda3/envs/airflow_etl/lib/python3.11/site-packages/airflow/example_dags/plugins/listener_plugin.py for tasks to queue
[2025-07-11T11:12:23.914+0200] {logging_mixin.py:188} INFO - [2025-07-11T11:12:23.914+0200] {dagbag.py:545} INFO - Filling up the DagBag from /home/florent/Programs/anaconda3/envs/airflow_etl/lib/python3.11/site-packages/airflow/example_dags/plugins/listener_plugin.py
[2025-07-11T11:12:23.917+0200] {processor.py:842} WARNING - No viable dags retrieved from /home/florent/Programs/anaconda3/envs/airflow_etl/lib/python3.11/site-packages/airflow/example_dags/plugins/listener_plugin.py
[2025-07-11T11:12:23.929+0200] {processor.py:183} INFO - Processing /home/florent/Programs/anaconda3/envs/airflow_etl/lib/python3.11/site-packages/airflow/example_dags/plugins/listener_plugin.py took 0.023 seconds
[2025-07-11T11:13:29.638+0200] {processor.py:161} INFO - Started process (PID=50800) to work on /home/florent/Programs/anaconda3/envs/airflow_etl/lib/python3.11/site-packages/airflow/example_dags/plugins/listener_plugin.py
[2025-07-11T11:13:29.641+0200] {processor.py:830} INFO - Processing file /home/florent/Programs/anaconda3/envs/airflow_etl/lib/python3.11/site-packages/airflow/example_dags/plugins/listener_plugin.py for tasks to queue
[2025-07-11T11:13:29.641+0200] {logging_mixin.py:188} INFO - [2025-07-11T11:13:29.641+0200] {dagbag.py:545} INFO - Filling up the DagBag from /home/florent/Programs/anaconda3/envs/airflow_etl/lib/python3.11/site-packages/airflow/example_dags/plugins/listener_plugin.py
[2025-07-11T11:13:29.642+0200] {processor.py:842} WARNING - No viable dags retrieved from /home/florent/Programs/anaconda3/envs/airflow_etl/lib/python3.11/site-packages/airflow/example_dags/plugins/listener_plugin.py
[2025-07-11T11:13:29.648+0200] {processor.py:183} INFO - Processing /home/florent/Programs/anaconda3/envs/airflow_etl/lib/python3.11/site-packages/airflow/example_dags/plugins/listener_plugin.py took 0.013 seconds
[2025-07-11T11:13:36.303+0200] {processor.py:161} INFO - Started process (PID=50960) to work on /home/florent/Programs/anaconda3/envs/airflow_etl/lib/python3.11/site-packages/airflow/example_dags/plugins/listener_plugin.py
[2025-07-11T11:13:36.306+0200] {processor.py:830} INFO - Processing file /home/florent/Programs/anaconda3/envs/airflow_etl/lib/python3.11/site-packages/airflow/example_dags/plugins/listener_plugin.py for tasks to queue
[2025-07-11T11:13:36.308+0200] {logging_mixin.py:188} INFO - [2025-07-11T11:13:36.307+0200] {dagbag.py:545} INFO - Filling up the DagBag from /home/florent/Programs/anaconda3/envs/airflow_etl/lib/python3.11/site-packages/airflow/example_dags/plugins/listener_plugin.py
[2025-07-11T11:13:36.310+0200] {processor.py:842} WARNING - No viable dags retrieved from /home/florent/Programs/anaconda3/envs/airflow_etl/lib/python3.11/site-packages/airflow/example_dags/plugins/listener_plugin.py
[2025-07-11T11:13:36.320+0200] {processor.py:183} INFO - Processing /home/florent/Programs/anaconda3/envs/airflow_etl/lib/python3.11/site-packages/airflow/example_dags/plugins/listener_plugin.py took 0.023 seconds
[2025-07-11T11:14:35.334+0200] {processor.py:161} INFO - Started process (PID=51658) to work on /home/florent/Programs/anaconda3/envs/airflow_etl/lib/python3.11/site-packages/airflow/example_dags/plugins/listener_plugin.py
[2025-07-11T11:14:35.337+0200] {processor.py:830} INFO - Processing file /home/florent/Programs/anaconda3/envs/airflow_etl/lib/python3.11/site-packages/airflow/example_dags/plugins/listener_plugin.py for tasks to queue
[2025-07-11T11:14:35.337+0200] {logging_mixin.py:188} INFO - [2025-07-11T11:14:35.337+0200] {dagbag.py:545} INFO - Filling up the DagBag from /home/florent/Programs/anaconda3/envs/airflow_etl/lib/python3.11/site-packages/airflow/example_dags/plugins/listener_plugin.py
[2025-07-11T11:14:35.340+0200] {processor.py:842} WARNING - No viable dags retrieved from /home/florent/Programs/anaconda3/envs/airflow_etl/lib/python3.11/site-packages/airflow/example_dags/plugins/listener_plugin.py
[2025-07-11T11:14:35.350+0200] {processor.py:183} INFO - Processing /home/florent/Programs/anaconda3/envs/airflow_etl/lib/python3.11/site-packages/airflow/example_dags/plugins/listener_plugin.py took 0.021 seconds
[2025-07-11T11:14:43.214+0200] {processor.py:161} INFO - Started process (PID=51756) to work on /home/florent/Programs/anaconda3/envs/airflow_etl/lib/python3.11/site-packages/airflow/example_dags/plugins/listener_plugin.py
[2025-07-11T11:14:43.217+0200] {processor.py:830} INFO - Processing file /home/florent/Programs/anaconda3/envs/airflow_etl/lib/python3.11/site-packages/airflow/example_dags/plugins/listener_plugin.py for tasks to queue
[2025-07-11T11:14:43.219+0200] {logging_mixin.py:188} INFO - [2025-07-11T11:14:43.218+0200] {dagbag.py:545} INFO - Filling up the DagBag from /home/florent/Programs/anaconda3/envs/airflow_etl/lib/python3.11/site-packages/airflow/example_dags/plugins/listener_plugin.py
[2025-07-11T11:14:43.221+0200] {processor.py:842} WARNING - No viable dags retrieved from /home/florent/Programs/anaconda3/envs/airflow_etl/lib/python3.11/site-packages/airflow/example_dags/plugins/listener_plugin.py
[2025-07-11T11:14:43.232+0200] {processor.py:183} INFO - Processing /home/florent/Programs/anaconda3/envs/airflow_etl/lib/python3.11/site-packages/airflow/example_dags/plugins/listener_plugin.py took 0.024 seconds
[2025-07-11T11:15:34.745+0200] {processor.py:161} INFO - Started process (PID=52408) to work on /home/florent/Programs/anaconda3/envs/airflow_etl/lib/python3.11/site-packages/airflow/example_dags/plugins/listener_plugin.py
[2025-07-11T11:15:34.746+0200] {processor.py:830} INFO - Processing file /home/florent/Programs/anaconda3/envs/airflow_etl/lib/python3.11/site-packages/airflow/example_dags/plugins/listener_plugin.py for tasks to queue
[2025-07-11T11:15:34.747+0200] {logging_mixin.py:188} INFO - [2025-07-11T11:15:34.747+0200] {dagbag.py:545} INFO - Filling up the DagBag from /home/florent/Programs/anaconda3/envs/airflow_etl/lib/python3.11/site-packages/airflow/example_dags/plugins/listener_plugin.py
[2025-07-11T11:15:34.749+0200] {processor.py:842} WARNING - No viable dags retrieved from /home/florent/Programs/anaconda3/envs/airflow_etl/lib/python3.11/site-packages/airflow/example_dags/plugins/listener_plugin.py
[2025-07-11T11:15:34.757+0200] {processor.py:183} INFO - Processing /home/florent/Programs/anaconda3/envs/airflow_etl/lib/python3.11/site-packages/airflow/example_dags/plugins/listener_plugin.py took 0.016 seconds
[2025-07-11T11:15:50.100+0200] {processor.py:161} INFO - Started process (PID=52579) to work on /home/florent/Programs/anaconda3/envs/airflow_etl/lib/python3.11/site-packages/airflow/example_dags/plugins/listener_plugin.py
[2025-07-11T11:15:50.102+0200] {processor.py:830} INFO - Processing file /home/florent/Programs/anaconda3/envs/airflow_etl/lib/python3.11/site-packages/airflow/example_dags/plugins/listener_plugin.py for tasks to queue
[2025-07-11T11:15:50.103+0200] {logging_mixin.py:188} INFO - [2025-07-11T11:15:50.103+0200] {dagbag.py:545} INFO - Filling up the DagBag from /home/florent/Programs/anaconda3/envs/airflow_etl/lib/python3.11/site-packages/airflow/example_dags/plugins/listener_plugin.py
[2025-07-11T11:15:50.105+0200] {processor.py:842} WARNING - No viable dags retrieved from /home/florent/Programs/anaconda3/envs/airflow_etl/lib/python3.11/site-packages/airflow/example_dags/plugins/listener_plugin.py
[2025-07-11T11:15:50.110+0200] {processor.py:183} INFO - Processing /home/florent/Programs/anaconda3/envs/airflow_etl/lib/python3.11/site-packages/airflow/example_dags/plugins/listener_plugin.py took 0.014 seconds
[2025-07-11T11:16:35.391+0200] {processor.py:161} INFO - Started process (PID=53150) to work on /home/florent/Programs/anaconda3/envs/airflow_etl/lib/python3.11/site-packages/airflow/example_dags/plugins/listener_plugin.py
[2025-07-11T11:16:35.393+0200] {processor.py:830} INFO - Processing file /home/florent/Programs/anaconda3/envs/airflow_etl/lib/python3.11/site-packages/airflow/example_dags/plugins/listener_plugin.py for tasks to queue
[2025-07-11T11:16:35.394+0200] {logging_mixin.py:188} INFO - [2025-07-11T11:16:35.393+0200] {dagbag.py:545} INFO - Filling up the DagBag from /home/florent/Programs/anaconda3/envs/airflow_etl/lib/python3.11/site-packages/airflow/example_dags/plugins/listener_plugin.py
[2025-07-11T11:16:35.396+0200] {processor.py:842} WARNING - No viable dags retrieved from /home/florent/Programs/anaconda3/envs/airflow_etl/lib/python3.11/site-packages/airflow/example_dags/plugins/listener_plugin.py
[2025-07-11T11:16:35.404+0200] {processor.py:183} INFO - Processing /home/florent/Programs/anaconda3/envs/airflow_etl/lib/python3.11/site-packages/airflow/example_dags/plugins/listener_plugin.py took 0.017 seconds
[2025-07-11T11:16:51.624+0200] {processor.py:161} INFO - Started process (PID=53345) to work on /home/florent/Programs/anaconda3/envs/airflow_etl/lib/python3.11/site-packages/airflow/example_dags/plugins/listener_plugin.py
[2025-07-11T11:16:51.625+0200] {processor.py:830} INFO - Processing file /home/florent/Programs/anaconda3/envs/airflow_etl/lib/python3.11/site-packages/airflow/example_dags/plugins/listener_plugin.py for tasks to queue
[2025-07-11T11:16:51.626+0200] {logging_mixin.py:188} INFO - [2025-07-11T11:16:51.626+0200] {dagbag.py:545} INFO - Filling up the DagBag from /home/florent/Programs/anaconda3/envs/airflow_etl/lib/python3.11/site-packages/airflow/example_dags/plugins/listener_plugin.py
[2025-07-11T11:16:51.628+0200] {processor.py:842} WARNING - No viable dags retrieved from /home/florent/Programs/anaconda3/envs/airflow_etl/lib/python3.11/site-packages/airflow/example_dags/plugins/listener_plugin.py
[2025-07-11T11:16:51.641+0200] {processor.py:183} INFO - Processing /home/florent/Programs/anaconda3/envs/airflow_etl/lib/python3.11/site-packages/airflow/example_dags/plugins/listener_plugin.py took 0.024 seconds
[2025-07-11T11:18:28.126+0200] {processor.py:161} INFO - Started process (PID=54341) to work on /home/florent/Programs/anaconda3/envs/airflow_etl/lib/python3.11/site-packages/airflow/example_dags/plugins/listener_plugin.py
[2025-07-11T11:18:28.129+0200] {processor.py:830} INFO - Processing file /home/florent/Programs/anaconda3/envs/airflow_etl/lib/python3.11/site-packages/airflow/example_dags/plugins/listener_plugin.py for tasks to queue
[2025-07-11T11:18:28.130+0200] {logging_mixin.py:188} INFO - [2025-07-11T11:18:28.130+0200] {dagbag.py:545} INFO - Filling up the DagBag from /home/florent/Programs/anaconda3/envs/airflow_etl/lib/python3.11/site-packages/airflow/example_dags/plugins/listener_plugin.py
[2025-07-11T11:18:28.132+0200] {processor.py:842} WARNING - No viable dags retrieved from /home/florent/Programs/anaconda3/envs/airflow_etl/lib/python3.11/site-packages/airflow/example_dags/plugins/listener_plugin.py
[2025-07-11T11:18:28.140+0200] {processor.py:183} INFO - Processing /home/florent/Programs/anaconda3/envs/airflow_etl/lib/python3.11/site-packages/airflow/example_dags/plugins/listener_plugin.py took 0.019 seconds
[2025-07-11T11:19:32.112+0200] {processor.py:161} INFO - Started process (PID=55078) to work on /home/florent/Programs/anaconda3/envs/airflow_etl/lib/python3.11/site-packages/airflow/example_dags/plugins/listener_plugin.py
[2025-07-11T11:19:32.115+0200] {processor.py:830} INFO - Processing file /home/florent/Programs/anaconda3/envs/airflow_etl/lib/python3.11/site-packages/airflow/example_dags/plugins/listener_plugin.py for tasks to queue
[2025-07-11T11:19:32.118+0200] {logging_mixin.py:188} INFO - [2025-07-11T11:19:32.117+0200] {dagbag.py:545} INFO - Filling up the DagBag from /home/florent/Programs/anaconda3/envs/airflow_etl/lib/python3.11/site-packages/airflow/example_dags/plugins/listener_plugin.py
[2025-07-11T11:19:32.121+0200] {processor.py:842} WARNING - No viable dags retrieved from /home/florent/Programs/anaconda3/envs/airflow_etl/lib/python3.11/site-packages/airflow/example_dags/plugins/listener_plugin.py
[2025-07-11T11:19:32.131+0200] {processor.py:183} INFO - Processing /home/florent/Programs/anaconda3/envs/airflow_etl/lib/python3.11/site-packages/airflow/example_dags/plugins/listener_plugin.py took 0.025 seconds
[2025-07-11T11:20:39.735+0200] {processor.py:161} INFO - Started process (PID=55753) to work on /home/florent/Programs/anaconda3/envs/airflow_etl/lib/python3.11/site-packages/airflow/example_dags/plugins/listener_plugin.py
[2025-07-11T11:20:39.737+0200] {processor.py:830} INFO - Processing file /home/florent/Programs/anaconda3/envs/airflow_etl/lib/python3.11/site-packages/airflow/example_dags/plugins/listener_plugin.py for tasks to queue
[2025-07-11T11:20:39.739+0200] {logging_mixin.py:188} INFO - [2025-07-11T11:20:39.738+0200] {dagbag.py:545} INFO - Filling up the DagBag from /home/florent/Programs/anaconda3/envs/airflow_etl/lib/python3.11/site-packages/airflow/example_dags/plugins/listener_plugin.py
[2025-07-11T11:20:39.741+0200] {processor.py:842} WARNING - No viable dags retrieved from /home/florent/Programs/anaconda3/envs/airflow_etl/lib/python3.11/site-packages/airflow/example_dags/plugins/listener_plugin.py
[2025-07-11T11:20:39.748+0200] {processor.py:183} INFO - Processing /home/florent/Programs/anaconda3/envs/airflow_etl/lib/python3.11/site-packages/airflow/example_dags/plugins/listener_plugin.py took 0.018 seconds
[2025-07-11T11:21:45.287+0200] {processor.py:161} INFO - Started process (PID=56474) to work on /home/florent/Programs/anaconda3/envs/airflow_etl/lib/python3.11/site-packages/airflow/example_dags/plugins/listener_plugin.py
[2025-07-11T11:21:45.289+0200] {processor.py:830} INFO - Processing file /home/florent/Programs/anaconda3/envs/airflow_etl/lib/python3.11/site-packages/airflow/example_dags/plugins/listener_plugin.py for tasks to queue
[2025-07-11T11:21:45.291+0200] {logging_mixin.py:188} INFO - [2025-07-11T11:21:45.290+0200] {dagbag.py:545} INFO - Filling up the DagBag from /home/florent/Programs/anaconda3/envs/airflow_etl/lib/python3.11/site-packages/airflow/example_dags/plugins/listener_plugin.py
[2025-07-11T11:21:45.293+0200] {processor.py:842} WARNING - No viable dags retrieved from /home/florent/Programs/anaconda3/envs/airflow_etl/lib/python3.11/site-packages/airflow/example_dags/plugins/listener_plugin.py
[2025-07-11T11:21:45.300+0200] {processor.py:183} INFO - Processing /home/florent/Programs/anaconda3/envs/airflow_etl/lib/python3.11/site-packages/airflow/example_dags/plugins/listener_plugin.py took 0.018 seconds
[2025-07-11T11:22:51.834+0200] {processor.py:161} INFO - Started process (PID=57109) to work on /home/florent/Programs/anaconda3/envs/airflow_etl/lib/python3.11/site-packages/airflow/example_dags/plugins/listener_plugin.py
[2025-07-11T11:22:51.837+0200] {processor.py:830} INFO - Processing file /home/florent/Programs/anaconda3/envs/airflow_etl/lib/python3.11/site-packages/airflow/example_dags/plugins/listener_plugin.py for tasks to queue
[2025-07-11T11:22:51.839+0200] {logging_mixin.py:188} INFO - [2025-07-11T11:22:51.839+0200] {dagbag.py:545} INFO - Filling up the DagBag from /home/florent/Programs/anaconda3/envs/airflow_etl/lib/python3.11/site-packages/airflow/example_dags/plugins/listener_plugin.py
[2025-07-11T11:22:51.842+0200] {processor.py:842} WARNING - No viable dags retrieved from /home/florent/Programs/anaconda3/envs/airflow_etl/lib/python3.11/site-packages/airflow/example_dags/plugins/listener_plugin.py
[2025-07-11T11:22:51.850+0200] {processor.py:183} INFO - Processing /home/florent/Programs/anaconda3/envs/airflow_etl/lib/python3.11/site-packages/airflow/example_dags/plugins/listener_plugin.py took 0.023 seconds
[2025-07-11T11:24:01.829+0200] {processor.py:161} INFO - Started process (PID=57837) to work on /home/florent/Programs/anaconda3/envs/airflow_etl/lib/python3.11/site-packages/airflow/example_dags/plugins/listener_plugin.py
[2025-07-11T11:24:01.832+0200] {processor.py:830} INFO - Processing file /home/florent/Programs/anaconda3/envs/airflow_etl/lib/python3.11/site-packages/airflow/example_dags/plugins/listener_plugin.py for tasks to queue
[2025-07-11T11:24:01.834+0200] {logging_mixin.py:188} INFO - [2025-07-11T11:24:01.833+0200] {dagbag.py:545} INFO - Filling up the DagBag from /home/florent/Programs/anaconda3/envs/airflow_etl/lib/python3.11/site-packages/airflow/example_dags/plugins/listener_plugin.py
[2025-07-11T11:24:01.836+0200] {processor.py:842} WARNING - No viable dags retrieved from /home/florent/Programs/anaconda3/envs/airflow_etl/lib/python3.11/site-packages/airflow/example_dags/plugins/listener_plugin.py
[2025-07-11T11:24:01.846+0200] {processor.py:183} INFO - Processing /home/florent/Programs/anaconda3/envs/airflow_etl/lib/python3.11/site-packages/airflow/example_dags/plugins/listener_plugin.py took 0.022 seconds
[2025-07-11T11:25:11.176+0200] {processor.py:161} INFO - Started process (PID=58584) to work on /home/florent/Programs/anaconda3/envs/airflow_etl/lib/python3.11/site-packages/airflow/example_dags/plugins/listener_plugin.py
[2025-07-11T11:25:11.179+0200] {processor.py:830} INFO - Processing file /home/florent/Programs/anaconda3/envs/airflow_etl/lib/python3.11/site-packages/airflow/example_dags/plugins/listener_plugin.py for tasks to queue
[2025-07-11T11:25:11.181+0200] {logging_mixin.py:188} INFO - [2025-07-11T11:25:11.181+0200] {dagbag.py:545} INFO - Filling up the DagBag from /home/florent/Programs/anaconda3/envs/airflow_etl/lib/python3.11/site-packages/airflow/example_dags/plugins/listener_plugin.py
[2025-07-11T11:25:11.184+0200] {processor.py:842} WARNING - No viable dags retrieved from /home/florent/Programs/anaconda3/envs/airflow_etl/lib/python3.11/site-packages/airflow/example_dags/plugins/listener_plugin.py
[2025-07-11T11:25:11.191+0200] {processor.py:183} INFO - Processing /home/florent/Programs/anaconda3/envs/airflow_etl/lib/python3.11/site-packages/airflow/example_dags/plugins/listener_plugin.py took 0.021 seconds
[2025-07-11T11:26:18.047+0200] {processor.py:161} INFO - Started process (PID=59324) to work on /home/florent/Programs/anaconda3/envs/airflow_etl/lib/python3.11/site-packages/airflow/example_dags/plugins/listener_plugin.py
[2025-07-11T11:26:18.049+0200] {processor.py:830} INFO - Processing file /home/florent/Programs/anaconda3/envs/airflow_etl/lib/python3.11/site-packages/airflow/example_dags/plugins/listener_plugin.py for tasks to queue
[2025-07-11T11:26:18.050+0200] {logging_mixin.py:188} INFO - [2025-07-11T11:26:18.050+0200] {dagbag.py:545} INFO - Filling up the DagBag from /home/florent/Programs/anaconda3/envs/airflow_etl/lib/python3.11/site-packages/airflow/example_dags/plugins/listener_plugin.py
[2025-07-11T11:26:18.051+0200] {processor.py:842} WARNING - No viable dags retrieved from /home/florent/Programs/anaconda3/envs/airflow_etl/lib/python3.11/site-packages/airflow/example_dags/plugins/listener_plugin.py
[2025-07-11T11:26:18.057+0200] {processor.py:183} INFO - Processing /home/florent/Programs/anaconda3/envs/airflow_etl/lib/python3.11/site-packages/airflow/example_dags/plugins/listener_plugin.py took 0.016 seconds
[2025-07-11T11:27:29.231+0200] {processor.py:161} INFO - Started process (PID=60119) to work on /home/florent/Programs/anaconda3/envs/airflow_etl/lib/python3.11/site-packages/airflow/example_dags/plugins/listener_plugin.py
[2025-07-11T11:27:29.234+0200] {processor.py:830} INFO - Processing file /home/florent/Programs/anaconda3/envs/airflow_etl/lib/python3.11/site-packages/airflow/example_dags/plugins/listener_plugin.py for tasks to queue
[2025-07-11T11:27:29.236+0200] {logging_mixin.py:188} INFO - [2025-07-11T11:27:29.236+0200] {dagbag.py:545} INFO - Filling up the DagBag from /home/florent/Programs/anaconda3/envs/airflow_etl/lib/python3.11/site-packages/airflow/example_dags/plugins/listener_plugin.py
[2025-07-11T11:27:29.239+0200] {processor.py:842} WARNING - No viable dags retrieved from /home/florent/Programs/anaconda3/envs/airflow_etl/lib/python3.11/site-packages/airflow/example_dags/plugins/listener_plugin.py
[2025-07-11T11:27:29.253+0200] {processor.py:183} INFO - Processing /home/florent/Programs/anaconda3/envs/airflow_etl/lib/python3.11/site-packages/airflow/example_dags/plugins/listener_plugin.py took 0.030 seconds
[2025-07-11T11:28:33.827+0200] {processor.py:161} INFO - Started process (PID=60794) to work on /home/florent/Programs/anaconda3/envs/airflow_etl/lib/python3.11/site-packages/airflow/example_dags/plugins/listener_plugin.py
[2025-07-11T11:28:33.830+0200] {processor.py:830} INFO - Processing file /home/florent/Programs/anaconda3/envs/airflow_etl/lib/python3.11/site-packages/airflow/example_dags/plugins/listener_plugin.py for tasks to queue
[2025-07-11T11:28:33.832+0200] {logging_mixin.py:188} INFO - [2025-07-11T11:28:33.831+0200] {dagbag.py:545} INFO - Filling up the DagBag from /home/florent/Programs/anaconda3/envs/airflow_etl/lib/python3.11/site-packages/airflow/example_dags/plugins/listener_plugin.py
[2025-07-11T11:28:33.835+0200] {processor.py:842} WARNING - No viable dags retrieved from /home/florent/Programs/anaconda3/envs/airflow_etl/lib/python3.11/site-packages/airflow/example_dags/plugins/listener_plugin.py
[2025-07-11T11:28:33.845+0200] {processor.py:183} INFO - Processing /home/florent/Programs/anaconda3/envs/airflow_etl/lib/python3.11/site-packages/airflow/example_dags/plugins/listener_plugin.py took 0.024 seconds
[2025-07-11T11:29:39.116+0200] {processor.py:161} INFO - Started process (PID=61483) to work on /home/florent/Programs/anaconda3/envs/airflow_etl/lib/python3.11/site-packages/airflow/example_dags/plugins/listener_plugin.py
[2025-07-11T11:29:39.119+0200] {processor.py:830} INFO - Processing file /home/florent/Programs/anaconda3/envs/airflow_etl/lib/python3.11/site-packages/airflow/example_dags/plugins/listener_plugin.py for tasks to queue
[2025-07-11T11:29:39.119+0200] {logging_mixin.py:188} INFO - [2025-07-11T11:29:39.119+0200] {dagbag.py:545} INFO - Filling up the DagBag from /home/florent/Programs/anaconda3/envs/airflow_etl/lib/python3.11/site-packages/airflow/example_dags/plugins/listener_plugin.py
[2025-07-11T11:29:39.121+0200] {processor.py:842} WARNING - No viable dags retrieved from /home/florent/Programs/anaconda3/envs/airflow_etl/lib/python3.11/site-packages/airflow/example_dags/plugins/listener_plugin.py
[2025-07-11T11:29:39.126+0200] {processor.py:183} INFO - Processing /home/florent/Programs/anaconda3/envs/airflow_etl/lib/python3.11/site-packages/airflow/example_dags/plugins/listener_plugin.py took 0.014 seconds
[2025-07-11T11:30:39.410+0200] {processor.py:161} INFO - Started process (PID=62121) to work on /home/florent/Programs/anaconda3/envs/airflow_etl/lib/python3.11/site-packages/airflow/example_dags/plugins/listener_plugin.py
[2025-07-11T11:30:39.413+0200] {processor.py:830} INFO - Processing file /home/florent/Programs/anaconda3/envs/airflow_etl/lib/python3.11/site-packages/airflow/example_dags/plugins/listener_plugin.py for tasks to queue
[2025-07-11T11:30:39.415+0200] {logging_mixin.py:188} INFO - [2025-07-11T11:30:39.414+0200] {dagbag.py:545} INFO - Filling up the DagBag from /home/florent/Programs/anaconda3/envs/airflow_etl/lib/python3.11/site-packages/airflow/example_dags/plugins/listener_plugin.py
[2025-07-11T11:30:39.418+0200] {processor.py:842} WARNING - No viable dags retrieved from /home/florent/Programs/anaconda3/envs/airflow_etl/lib/python3.11/site-packages/airflow/example_dags/plugins/listener_plugin.py
[2025-07-11T11:30:39.430+0200] {processor.py:183} INFO - Processing /home/florent/Programs/anaconda3/envs/airflow_etl/lib/python3.11/site-packages/airflow/example_dags/plugins/listener_plugin.py took 0.026 seconds
[2025-07-11T11:31:44.856+0200] {processor.py:161} INFO - Started process (PID=62784) to work on /home/florent/Programs/anaconda3/envs/airflow_etl/lib/python3.11/site-packages/airflow/example_dags/plugins/listener_plugin.py
[2025-07-11T11:31:44.859+0200] {processor.py:830} INFO - Processing file /home/florent/Programs/anaconda3/envs/airflow_etl/lib/python3.11/site-packages/airflow/example_dags/plugins/listener_plugin.py for tasks to queue
[2025-07-11T11:31:44.860+0200] {logging_mixin.py:188} INFO - [2025-07-11T11:31:44.860+0200] {dagbag.py:545} INFO - Filling up the DagBag from /home/florent/Programs/anaconda3/envs/airflow_etl/lib/python3.11/site-packages/airflow/example_dags/plugins/listener_plugin.py
[2025-07-11T11:31:44.863+0200] {processor.py:842} WARNING - No viable dags retrieved from /home/florent/Programs/anaconda3/envs/airflow_etl/lib/python3.11/site-packages/airflow/example_dags/plugins/listener_plugin.py
[2025-07-11T11:31:44.875+0200] {processor.py:183} INFO - Processing /home/florent/Programs/anaconda3/envs/airflow_etl/lib/python3.11/site-packages/airflow/example_dags/plugins/listener_plugin.py took 0.026 seconds
[2025-07-11T11:32:49.061+0200] {processor.py:161} INFO - Started process (PID=63601) to work on /home/florent/Programs/anaconda3/envs/airflow_etl/lib/python3.11/site-packages/airflow/example_dags/plugins/listener_plugin.py
[2025-07-11T11:32:49.064+0200] {processor.py:830} INFO - Processing file /home/florent/Programs/anaconda3/envs/airflow_etl/lib/python3.11/site-packages/airflow/example_dags/plugins/listener_plugin.py for tasks to queue
[2025-07-11T11:32:49.066+0200] {logging_mixin.py:188} INFO - [2025-07-11T11:32:49.066+0200] {dagbag.py:545} INFO - Filling up the DagBag from /home/florent/Programs/anaconda3/envs/airflow_etl/lib/python3.11/site-packages/airflow/example_dags/plugins/listener_plugin.py
[2025-07-11T11:32:49.069+0200] {processor.py:842} WARNING - No viable dags retrieved from /home/florent/Programs/anaconda3/envs/airflow_etl/lib/python3.11/site-packages/airflow/example_dags/plugins/listener_plugin.py
[2025-07-11T11:32:49.080+0200] {processor.py:183} INFO - Processing /home/florent/Programs/anaconda3/envs/airflow_etl/lib/python3.11/site-packages/airflow/example_dags/plugins/listener_plugin.py took 0.025 seconds
[2025-07-11T11:33:53.088+0200] {processor.py:161} INFO - Started process (PID=64258) to work on /home/florent/Programs/anaconda3/envs/airflow_etl/lib/python3.11/site-packages/airflow/example_dags/plugins/listener_plugin.py
[2025-07-11T11:33:53.090+0200] {processor.py:830} INFO - Processing file /home/florent/Programs/anaconda3/envs/airflow_etl/lib/python3.11/site-packages/airflow/example_dags/plugins/listener_plugin.py for tasks to queue
[2025-07-11T11:33:53.092+0200] {logging_mixin.py:188} INFO - [2025-07-11T11:33:53.092+0200] {dagbag.py:545} INFO - Filling up the DagBag from /home/florent/Programs/anaconda3/envs/airflow_etl/lib/python3.11/site-packages/airflow/example_dags/plugins/listener_plugin.py
[2025-07-11T11:33:53.095+0200] {processor.py:842} WARNING - No viable dags retrieved from /home/florent/Programs/anaconda3/envs/airflow_etl/lib/python3.11/site-packages/airflow/example_dags/plugins/listener_plugin.py
[2025-07-11T11:33:53.106+0200] {processor.py:183} INFO - Processing /home/florent/Programs/anaconda3/envs/airflow_etl/lib/python3.11/site-packages/airflow/example_dags/plugins/listener_plugin.py took 0.024 seconds
[2025-07-11T11:35:00.575+0200] {processor.py:161} INFO - Started process (PID=64914) to work on /home/florent/Programs/anaconda3/envs/airflow_etl/lib/python3.11/site-packages/airflow/example_dags/plugins/listener_plugin.py
[2025-07-11T11:35:00.577+0200] {processor.py:830} INFO - Processing file /home/florent/Programs/anaconda3/envs/airflow_etl/lib/python3.11/site-packages/airflow/example_dags/plugins/listener_plugin.py for tasks to queue
[2025-07-11T11:35:00.579+0200] {logging_mixin.py:188} INFO - [2025-07-11T11:35:00.578+0200] {dagbag.py:545} INFO - Filling up the DagBag from /home/florent/Programs/anaconda3/envs/airflow_etl/lib/python3.11/site-packages/airflow/example_dags/plugins/listener_plugin.py
[2025-07-11T11:35:00.581+0200] {processor.py:842} WARNING - No viable dags retrieved from /home/florent/Programs/anaconda3/envs/airflow_etl/lib/python3.11/site-packages/airflow/example_dags/plugins/listener_plugin.py
[2025-07-11T11:35:00.592+0200] {processor.py:183} INFO - Processing /home/florent/Programs/anaconda3/envs/airflow_etl/lib/python3.11/site-packages/airflow/example_dags/plugins/listener_plugin.py took 0.023 seconds
[2025-07-11T11:36:01.257+0200] {processor.py:161} INFO - Started process (PID=65572) to work on /home/florent/Programs/anaconda3/envs/airflow_etl/lib/python3.11/site-packages/airflow/example_dags/plugins/listener_plugin.py
[2025-07-11T11:36:01.260+0200] {processor.py:830} INFO - Processing file /home/florent/Programs/anaconda3/envs/airflow_etl/lib/python3.11/site-packages/airflow/example_dags/plugins/listener_plugin.py for tasks to queue
[2025-07-11T11:36:01.262+0200] {logging_mixin.py:188} INFO - [2025-07-11T11:36:01.262+0200] {dagbag.py:545} INFO - Filling up the DagBag from /home/florent/Programs/anaconda3/envs/airflow_etl/lib/python3.11/site-packages/airflow/example_dags/plugins/listener_plugin.py
[2025-07-11T11:36:01.265+0200] {processor.py:842} WARNING - No viable dags retrieved from /home/florent/Programs/anaconda3/envs/airflow_etl/lib/python3.11/site-packages/airflow/example_dags/plugins/listener_plugin.py
[2025-07-11T11:36:01.275+0200] {processor.py:183} INFO - Processing /home/florent/Programs/anaconda3/envs/airflow_etl/lib/python3.11/site-packages/airflow/example_dags/plugins/listener_plugin.py took 0.023 seconds
[2025-07-11T11:37:08.216+0200] {processor.py:161} INFO - Started process (PID=66336) to work on /home/florent/Programs/anaconda3/envs/airflow_etl/lib/python3.11/site-packages/airflow/example_dags/plugins/listener_plugin.py
[2025-07-11T11:37:08.219+0200] {processor.py:830} INFO - Processing file /home/florent/Programs/anaconda3/envs/airflow_etl/lib/python3.11/site-packages/airflow/example_dags/plugins/listener_plugin.py for tasks to queue
[2025-07-11T11:37:08.221+0200] {logging_mixin.py:188} INFO - [2025-07-11T11:37:08.220+0200] {dagbag.py:545} INFO - Filling up the DagBag from /home/florent/Programs/anaconda3/envs/airflow_etl/lib/python3.11/site-packages/airflow/example_dags/plugins/listener_plugin.py
[2025-07-11T11:37:08.223+0200] {processor.py:842} WARNING - No viable dags retrieved from /home/florent/Programs/anaconda3/envs/airflow_etl/lib/python3.11/site-packages/airflow/example_dags/plugins/listener_plugin.py
[2025-07-11T11:37:08.233+0200] {processor.py:183} INFO - Processing /home/florent/Programs/anaconda3/envs/airflow_etl/lib/python3.11/site-packages/airflow/example_dags/plugins/listener_plugin.py took 0.023 seconds
[2025-07-11T11:38:12.379+0200] {processor.py:161} INFO - Started process (PID=66983) to work on /home/florent/Programs/anaconda3/envs/airflow_etl/lib/python3.11/site-packages/airflow/example_dags/plugins/listener_plugin.py
[2025-07-11T11:38:12.382+0200] {processor.py:830} INFO - Processing file /home/florent/Programs/anaconda3/envs/airflow_etl/lib/python3.11/site-packages/airflow/example_dags/plugins/listener_plugin.py for tasks to queue
[2025-07-11T11:38:12.384+0200] {logging_mixin.py:188} INFO - [2025-07-11T11:38:12.383+0200] {dagbag.py:545} INFO - Filling up the DagBag from /home/florent/Programs/anaconda3/envs/airflow_etl/lib/python3.11/site-packages/airflow/example_dags/plugins/listener_plugin.py
[2025-07-11T11:38:12.387+0200] {processor.py:842} WARNING - No viable dags retrieved from /home/florent/Programs/anaconda3/envs/airflow_etl/lib/python3.11/site-packages/airflow/example_dags/plugins/listener_plugin.py
[2025-07-11T11:38:12.399+0200] {processor.py:183} INFO - Processing /home/florent/Programs/anaconda3/envs/airflow_etl/lib/python3.11/site-packages/airflow/example_dags/plugins/listener_plugin.py took 0.027 seconds
[2025-07-11T11:39:21.196+0200] {processor.py:161} INFO - Started process (PID=67691) to work on /home/florent/Programs/anaconda3/envs/airflow_etl/lib/python3.11/site-packages/airflow/example_dags/plugins/listener_plugin.py
[2025-07-11T11:39:21.198+0200] {processor.py:830} INFO - Processing file /home/florent/Programs/anaconda3/envs/airflow_etl/lib/python3.11/site-packages/airflow/example_dags/plugins/listener_plugin.py for tasks to queue
[2025-07-11T11:39:21.200+0200] {logging_mixin.py:188} INFO - [2025-07-11T11:39:21.200+0200] {dagbag.py:545} INFO - Filling up the DagBag from /home/florent/Programs/anaconda3/envs/airflow_etl/lib/python3.11/site-packages/airflow/example_dags/plugins/listener_plugin.py
[2025-07-11T11:39:21.202+0200] {processor.py:842} WARNING - No viable dags retrieved from /home/florent/Programs/anaconda3/envs/airflow_etl/lib/python3.11/site-packages/airflow/example_dags/plugins/listener_plugin.py
[2025-07-11T11:39:21.211+0200] {processor.py:183} INFO - Processing /home/florent/Programs/anaconda3/envs/airflow_etl/lib/python3.11/site-packages/airflow/example_dags/plugins/listener_plugin.py took 0.022 seconds
[2025-07-11T11:40:27.427+0200] {processor.py:161} INFO - Started process (PID=68449) to work on /home/florent/Programs/anaconda3/envs/airflow_etl/lib/python3.11/site-packages/airflow/example_dags/plugins/listener_plugin.py
[2025-07-11T11:40:27.429+0200] {processor.py:830} INFO - Processing file /home/florent/Programs/anaconda3/envs/airflow_etl/lib/python3.11/site-packages/airflow/example_dags/plugins/listener_plugin.py for tasks to queue
[2025-07-11T11:40:27.431+0200] {logging_mixin.py:188} INFO - [2025-07-11T11:40:27.430+0200] {dagbag.py:545} INFO - Filling up the DagBag from /home/florent/Programs/anaconda3/envs/airflow_etl/lib/python3.11/site-packages/airflow/example_dags/plugins/listener_plugin.py
[2025-07-11T11:40:27.434+0200] {processor.py:842} WARNING - No viable dags retrieved from /home/florent/Programs/anaconda3/envs/airflow_etl/lib/python3.11/site-packages/airflow/example_dags/plugins/listener_plugin.py
[2025-07-11T11:40:27.449+0200] {processor.py:183} INFO - Processing /home/florent/Programs/anaconda3/envs/airflow_etl/lib/python3.11/site-packages/airflow/example_dags/plugins/listener_plugin.py took 0.032 seconds
[2025-07-11T11:41:33.022+0200] {processor.py:161} INFO - Started process (PID=69094) to work on /home/florent/Programs/anaconda3/envs/airflow_etl/lib/python3.11/site-packages/airflow/example_dags/plugins/listener_plugin.py
[2025-07-11T11:41:33.025+0200] {processor.py:830} INFO - Processing file /home/florent/Programs/anaconda3/envs/airflow_etl/lib/python3.11/site-packages/airflow/example_dags/plugins/listener_plugin.py for tasks to queue
[2025-07-11T11:41:33.027+0200] {logging_mixin.py:188} INFO - [2025-07-11T11:41:33.026+0200] {dagbag.py:545} INFO - Filling up the DagBag from /home/florent/Programs/anaconda3/envs/airflow_etl/lib/python3.11/site-packages/airflow/example_dags/plugins/listener_plugin.py
[2025-07-11T11:41:33.029+0200] {processor.py:842} WARNING - No viable dags retrieved from /home/florent/Programs/anaconda3/envs/airflow_etl/lib/python3.11/site-packages/airflow/example_dags/plugins/listener_plugin.py
[2025-07-11T11:41:33.042+0200] {processor.py:183} INFO - Processing /home/florent/Programs/anaconda3/envs/airflow_etl/lib/python3.11/site-packages/airflow/example_dags/plugins/listener_plugin.py took 0.026 seconds
[2025-07-11T11:42:36.917+0200] {processor.py:161} INFO - Started process (PID=69956) to work on /home/florent/Programs/anaconda3/envs/airflow_etl/lib/python3.11/site-packages/airflow/example_dags/plugins/listener_plugin.py
[2025-07-11T11:42:36.920+0200] {processor.py:830} INFO - Processing file /home/florent/Programs/anaconda3/envs/airflow_etl/lib/python3.11/site-packages/airflow/example_dags/plugins/listener_plugin.py for tasks to queue
[2025-07-11T11:42:36.921+0200] {logging_mixin.py:188} INFO - [2025-07-11T11:42:36.921+0200] {dagbag.py:545} INFO - Filling up the DagBag from /home/florent/Programs/anaconda3/envs/airflow_etl/lib/python3.11/site-packages/airflow/example_dags/plugins/listener_plugin.py
[2025-07-11T11:42:36.924+0200] {processor.py:842} WARNING - No viable dags retrieved from /home/florent/Programs/anaconda3/envs/airflow_etl/lib/python3.11/site-packages/airflow/example_dags/plugins/listener_plugin.py
[2025-07-11T11:42:36.934+0200] {processor.py:183} INFO - Processing /home/florent/Programs/anaconda3/envs/airflow_etl/lib/python3.11/site-packages/airflow/example_dags/plugins/listener_plugin.py took 0.022 seconds
[2025-07-11T11:43:40.873+0200] {processor.py:161} INFO - Started process (PID=70665) to work on /home/florent/Programs/anaconda3/envs/airflow_etl/lib/python3.11/site-packages/airflow/example_dags/plugins/listener_plugin.py
[2025-07-11T11:43:40.875+0200] {processor.py:830} INFO - Processing file /home/florent/Programs/anaconda3/envs/airflow_etl/lib/python3.11/site-packages/airflow/example_dags/plugins/listener_plugin.py for tasks to queue
[2025-07-11T11:43:40.877+0200] {logging_mixin.py:188} INFO - [2025-07-11T11:43:40.877+0200] {dagbag.py:545} INFO - Filling up the DagBag from /home/florent/Programs/anaconda3/envs/airflow_etl/lib/python3.11/site-packages/airflow/example_dags/plugins/listener_plugin.py
[2025-07-11T11:43:40.880+0200] {processor.py:842} WARNING - No viable dags retrieved from /home/florent/Programs/anaconda3/envs/airflow_etl/lib/python3.11/site-packages/airflow/example_dags/plugins/listener_plugin.py
[2025-07-11T11:43:40.893+0200] {processor.py:183} INFO - Processing /home/florent/Programs/anaconda3/envs/airflow_etl/lib/python3.11/site-packages/airflow/example_dags/plugins/listener_plugin.py took 0.026 seconds
[2025-07-11T11:44:47.715+0200] {processor.py:161} INFO - Started process (PID=71490) to work on /home/florent/Programs/anaconda3/envs/airflow_etl/lib/python3.11/site-packages/airflow/example_dags/plugins/listener_plugin.py
[2025-07-11T11:44:47.718+0200] {processor.py:830} INFO - Processing file /home/florent/Programs/anaconda3/envs/airflow_etl/lib/python3.11/site-packages/airflow/example_dags/plugins/listener_plugin.py for tasks to queue
[2025-07-11T11:44:47.719+0200] {logging_mixin.py:188} INFO - [2025-07-11T11:44:47.719+0200] {dagbag.py:545} INFO - Filling up the DagBag from /home/florent/Programs/anaconda3/envs/airflow_etl/lib/python3.11/site-packages/airflow/example_dags/plugins/listener_plugin.py
[2025-07-11T11:44:47.722+0200] {processor.py:842} WARNING - No viable dags retrieved from /home/florent/Programs/anaconda3/envs/airflow_etl/lib/python3.11/site-packages/airflow/example_dags/plugins/listener_plugin.py
[2025-07-11T11:44:47.732+0200] {processor.py:183} INFO - Processing /home/florent/Programs/anaconda3/envs/airflow_etl/lib/python3.11/site-packages/airflow/example_dags/plugins/listener_plugin.py took 0.021 seconds
[2025-07-11T11:45:56.610+0200] {processor.py:161} INFO - Started process (PID=72268) to work on /home/florent/Programs/anaconda3/envs/airflow_etl/lib/python3.11/site-packages/airflow/example_dags/plugins/listener_plugin.py
[2025-07-11T11:45:56.613+0200] {processor.py:830} INFO - Processing file /home/florent/Programs/anaconda3/envs/airflow_etl/lib/python3.11/site-packages/airflow/example_dags/plugins/listener_plugin.py for tasks to queue
[2025-07-11T11:45:56.615+0200] {logging_mixin.py:188} INFO - [2025-07-11T11:45:56.615+0200] {dagbag.py:545} INFO - Filling up the DagBag from /home/florent/Programs/anaconda3/envs/airflow_etl/lib/python3.11/site-packages/airflow/example_dags/plugins/listener_plugin.py
[2025-07-11T11:45:56.617+0200] {processor.py:842} WARNING - No viable dags retrieved from /home/florent/Programs/anaconda3/envs/airflow_etl/lib/python3.11/site-packages/airflow/example_dags/plugins/listener_plugin.py
[2025-07-11T11:45:56.627+0200] {processor.py:183} INFO - Processing /home/florent/Programs/anaconda3/envs/airflow_etl/lib/python3.11/site-packages/airflow/example_dags/plugins/listener_plugin.py took 0.021 seconds
[2025-07-11T11:46:56.091+0200] {processor.py:161} INFO - Started process (PID=72895) to work on /home/florent/Programs/anaconda3/envs/airflow_etl/lib/python3.11/site-packages/airflow/example_dags/plugins/listener_plugin.py
[2025-07-11T11:46:56.094+0200] {processor.py:830} INFO - Processing file /home/florent/Programs/anaconda3/envs/airflow_etl/lib/python3.11/site-packages/airflow/example_dags/plugins/listener_plugin.py for tasks to queue
[2025-07-11T11:46:56.096+0200] {logging_mixin.py:188} INFO - [2025-07-11T11:46:56.096+0200] {dagbag.py:545} INFO - Filling up the DagBag from /home/florent/Programs/anaconda3/envs/airflow_etl/lib/python3.11/site-packages/airflow/example_dags/plugins/listener_plugin.py
[2025-07-11T11:46:56.099+0200] {processor.py:842} WARNING - No viable dags retrieved from /home/florent/Programs/anaconda3/envs/airflow_etl/lib/python3.11/site-packages/airflow/example_dags/plugins/listener_plugin.py
[2025-07-11T11:46:56.109+0200] {processor.py:183} INFO - Processing /home/florent/Programs/anaconda3/envs/airflow_etl/lib/python3.11/site-packages/airflow/example_dags/plugins/listener_plugin.py took 0.024 seconds
[2025-07-11T11:48:00.649+0200] {processor.py:161} INFO - Started process (PID=73520) to work on /home/florent/Programs/anaconda3/envs/airflow_etl/lib/python3.11/site-packages/airflow/example_dags/plugins/listener_plugin.py
[2025-07-11T11:48:00.652+0200] {processor.py:830} INFO - Processing file /home/florent/Programs/anaconda3/envs/airflow_etl/lib/python3.11/site-packages/airflow/example_dags/plugins/listener_plugin.py for tasks to queue
[2025-07-11T11:48:00.654+0200] {logging_mixin.py:188} INFO - [2025-07-11T11:48:00.654+0200] {dagbag.py:545} INFO - Filling up the DagBag from /home/florent/Programs/anaconda3/envs/airflow_etl/lib/python3.11/site-packages/airflow/example_dags/plugins/listener_plugin.py
[2025-07-11T11:48:00.657+0200] {processor.py:842} WARNING - No viable dags retrieved from /home/florent/Programs/anaconda3/envs/airflow_etl/lib/python3.11/site-packages/airflow/example_dags/plugins/listener_plugin.py
[2025-07-11T11:48:00.668+0200] {processor.py:183} INFO - Processing /home/florent/Programs/anaconda3/envs/airflow_etl/lib/python3.11/site-packages/airflow/example_dags/plugins/listener_plugin.py took 0.024 seconds
[2025-07-11T11:49:04.638+0200] {processor.py:161} INFO - Started process (PID=74212) to work on /home/florent/Programs/anaconda3/envs/airflow_etl/lib/python3.11/site-packages/airflow/example_dags/plugins/listener_plugin.py
[2025-07-11T11:49:04.641+0200] {processor.py:830} INFO - Processing file /home/florent/Programs/anaconda3/envs/airflow_etl/lib/python3.11/site-packages/airflow/example_dags/plugins/listener_plugin.py for tasks to queue
[2025-07-11T11:49:04.643+0200] {logging_mixin.py:188} INFO - [2025-07-11T11:49:04.643+0200] {dagbag.py:545} INFO - Filling up the DagBag from /home/florent/Programs/anaconda3/envs/airflow_etl/lib/python3.11/site-packages/airflow/example_dags/plugins/listener_plugin.py
[2025-07-11T11:49:04.646+0200] {processor.py:842} WARNING - No viable dags retrieved from /home/florent/Programs/anaconda3/envs/airflow_etl/lib/python3.11/site-packages/airflow/example_dags/plugins/listener_plugin.py
[2025-07-11T11:49:04.658+0200] {processor.py:183} INFO - Processing /home/florent/Programs/anaconda3/envs/airflow_etl/lib/python3.11/site-packages/airflow/example_dags/plugins/listener_plugin.py took 0.025 seconds
[2025-07-11T11:50:10.888+0200] {processor.py:161} INFO - Started process (PID=74858) to work on /home/florent/Programs/anaconda3/envs/airflow_etl/lib/python3.11/site-packages/airflow/example_dags/plugins/listener_plugin.py
[2025-07-11T11:50:10.890+0200] {processor.py:830} INFO - Processing file /home/florent/Programs/anaconda3/envs/airflow_etl/lib/python3.11/site-packages/airflow/example_dags/plugins/listener_plugin.py for tasks to queue
[2025-07-11T11:50:10.892+0200] {logging_mixin.py:188} INFO - [2025-07-11T11:50:10.892+0200] {dagbag.py:545} INFO - Filling up the DagBag from /home/florent/Programs/anaconda3/envs/airflow_etl/lib/python3.11/site-packages/airflow/example_dags/plugins/listener_plugin.py
[2025-07-11T11:50:10.895+0200] {processor.py:842} WARNING - No viable dags retrieved from /home/florent/Programs/anaconda3/envs/airflow_etl/lib/python3.11/site-packages/airflow/example_dags/plugins/listener_plugin.py
[2025-07-11T11:50:10.905+0200] {processor.py:183} INFO - Processing /home/florent/Programs/anaconda3/envs/airflow_etl/lib/python3.11/site-packages/airflow/example_dags/plugins/listener_plugin.py took 0.023 seconds
[2025-07-11T11:51:18.363+0200] {processor.py:161} INFO - Started process (PID=75569) to work on /home/florent/Programs/anaconda3/envs/airflow_etl/lib/python3.11/site-packages/airflow/example_dags/plugins/listener_plugin.py
[2025-07-11T11:51:18.366+0200] {processor.py:830} INFO - Processing file /home/florent/Programs/anaconda3/envs/airflow_etl/lib/python3.11/site-packages/airflow/example_dags/plugins/listener_plugin.py for tasks to queue
[2025-07-11T11:51:18.368+0200] {logging_mixin.py:188} INFO - [2025-07-11T11:51:18.368+0200] {dagbag.py:545} INFO - Filling up the DagBag from /home/florent/Programs/anaconda3/envs/airflow_etl/lib/python3.11/site-packages/airflow/example_dags/plugins/listener_plugin.py
[2025-07-11T11:51:18.371+0200] {processor.py:842} WARNING - No viable dags retrieved from /home/florent/Programs/anaconda3/envs/airflow_etl/lib/python3.11/site-packages/airflow/example_dags/plugins/listener_plugin.py
[2025-07-11T11:51:18.383+0200] {processor.py:183} INFO - Processing /home/florent/Programs/anaconda3/envs/airflow_etl/lib/python3.11/site-packages/airflow/example_dags/plugins/listener_plugin.py took 0.025 seconds
[2025-07-11T11:52:21.433+0200] {processor.py:161} INFO - Started process (PID=76200) to work on /home/florent/Programs/anaconda3/envs/airflow_etl/lib/python3.11/site-packages/airflow/example_dags/plugins/listener_plugin.py
[2025-07-11T11:52:21.436+0200] {processor.py:830} INFO - Processing file /home/florent/Programs/anaconda3/envs/airflow_etl/lib/python3.11/site-packages/airflow/example_dags/plugins/listener_plugin.py for tasks to queue
[2025-07-11T11:52:21.438+0200] {logging_mixin.py:188} INFO - [2025-07-11T11:52:21.437+0200] {dagbag.py:545} INFO - Filling up the DagBag from /home/florent/Programs/anaconda3/envs/airflow_etl/lib/python3.11/site-packages/airflow/example_dags/plugins/listener_plugin.py
[2025-07-11T11:52:21.440+0200] {processor.py:842} WARNING - No viable dags retrieved from /home/florent/Programs/anaconda3/envs/airflow_etl/lib/python3.11/site-packages/airflow/example_dags/plugins/listener_plugin.py
[2025-07-11T11:52:21.447+0200] {processor.py:183} INFO - Processing /home/florent/Programs/anaconda3/envs/airflow_etl/lib/python3.11/site-packages/airflow/example_dags/plugins/listener_plugin.py took 0.020 seconds
[2025-07-11T11:53:26.818+0200] {processor.py:161} INFO - Started process (PID=76869) to work on /home/florent/Programs/anaconda3/envs/airflow_etl/lib/python3.11/site-packages/airflow/example_dags/plugins/listener_plugin.py
[2025-07-11T11:53:26.821+0200] {processor.py:830} INFO - Processing file /home/florent/Programs/anaconda3/envs/airflow_etl/lib/python3.11/site-packages/airflow/example_dags/plugins/listener_plugin.py for tasks to queue
[2025-07-11T11:53:26.823+0200] {logging_mixin.py:188} INFO - [2025-07-11T11:53:26.822+0200] {dagbag.py:545} INFO - Filling up the DagBag from /home/florent/Programs/anaconda3/envs/airflow_etl/lib/python3.11/site-packages/airflow/example_dags/plugins/listener_plugin.py
[2025-07-11T11:53:26.826+0200] {processor.py:842} WARNING - No viable dags retrieved from /home/florent/Programs/anaconda3/envs/airflow_etl/lib/python3.11/site-packages/airflow/example_dags/plugins/listener_plugin.py
[2025-07-11T11:53:26.838+0200] {processor.py:183} INFO - Processing /home/florent/Programs/anaconda3/envs/airflow_etl/lib/python3.11/site-packages/airflow/example_dags/plugins/listener_plugin.py took 0.027 seconds
[2025-07-11T11:54:34.861+0200] {processor.py:161} INFO - Started process (PID=77523) to work on /home/florent/Programs/anaconda3/envs/airflow_etl/lib/python3.11/site-packages/airflow/example_dags/plugins/listener_plugin.py
[2025-07-11T11:54:34.864+0200] {processor.py:830} INFO - Processing file /home/florent/Programs/anaconda3/envs/airflow_etl/lib/python3.11/site-packages/airflow/example_dags/plugins/listener_plugin.py for tasks to queue
[2025-07-11T11:54:34.866+0200] {logging_mixin.py:188} INFO - [2025-07-11T11:54:34.866+0200] {dagbag.py:545} INFO - Filling up the DagBag from /home/florent/Programs/anaconda3/envs/airflow_etl/lib/python3.11/site-packages/airflow/example_dags/plugins/listener_plugin.py
[2025-07-11T11:54:34.869+0200] {processor.py:842} WARNING - No viable dags retrieved from /home/florent/Programs/anaconda3/envs/airflow_etl/lib/python3.11/site-packages/airflow/example_dags/plugins/listener_plugin.py
[2025-07-11T11:54:34.877+0200] {processor.py:183} INFO - Processing /home/florent/Programs/anaconda3/envs/airflow_etl/lib/python3.11/site-packages/airflow/example_dags/plugins/listener_plugin.py took 0.022 seconds
[2025-07-11T11:55:41.685+0200] {processor.py:161} INFO - Started process (PID=78267) to work on /home/florent/Programs/anaconda3/envs/airflow_etl/lib/python3.11/site-packages/airflow/example_dags/plugins/listener_plugin.py
[2025-07-11T11:55:41.686+0200] {processor.py:830} INFO - Processing file /home/florent/Programs/anaconda3/envs/airflow_etl/lib/python3.11/site-packages/airflow/example_dags/plugins/listener_plugin.py for tasks to queue
[2025-07-11T11:55:41.687+0200] {logging_mixin.py:188} INFO - [2025-07-11T11:55:41.687+0200] {dagbag.py:545} INFO - Filling up the DagBag from /home/florent/Programs/anaconda3/envs/airflow_etl/lib/python3.11/site-packages/airflow/example_dags/plugins/listener_plugin.py
[2025-07-11T11:55:41.689+0200] {processor.py:842} WARNING - No viable dags retrieved from /home/florent/Programs/anaconda3/envs/airflow_etl/lib/python3.11/site-packages/airflow/example_dags/plugins/listener_plugin.py
[2025-07-11T11:55:41.697+0200] {processor.py:183} INFO - Processing /home/florent/Programs/anaconda3/envs/airflow_etl/lib/python3.11/site-packages/airflow/example_dags/plugins/listener_plugin.py took 0.019 seconds
[2025-07-11T11:56:42.890+0200] {processor.py:161} INFO - Started process (PID=78874) to work on /home/florent/Programs/anaconda3/envs/airflow_etl/lib/python3.11/site-packages/airflow/example_dags/plugins/listener_plugin.py
[2025-07-11T11:56:42.892+0200] {processor.py:830} INFO - Processing file /home/florent/Programs/anaconda3/envs/airflow_etl/lib/python3.11/site-packages/airflow/example_dags/plugins/listener_plugin.py for tasks to queue
[2025-07-11T11:56:42.894+0200] {logging_mixin.py:188} INFO - [2025-07-11T11:56:42.894+0200] {dagbag.py:545} INFO - Filling up the DagBag from /home/florent/Programs/anaconda3/envs/airflow_etl/lib/python3.11/site-packages/airflow/example_dags/plugins/listener_plugin.py
[2025-07-11T11:56:42.897+0200] {processor.py:842} WARNING - No viable dags retrieved from /home/florent/Programs/anaconda3/envs/airflow_etl/lib/python3.11/site-packages/airflow/example_dags/plugins/listener_plugin.py
[2025-07-11T11:56:42.909+0200] {processor.py:183} INFO - Processing /home/florent/Programs/anaconda3/envs/airflow_etl/lib/python3.11/site-packages/airflow/example_dags/plugins/listener_plugin.py took 0.025 seconds
[2025-07-11T11:57:46.116+0200] {processor.py:161} INFO - Started process (PID=79515) to work on /home/florent/Programs/anaconda3/envs/airflow_etl/lib/python3.11/site-packages/airflow/example_dags/plugins/listener_plugin.py
[2025-07-11T11:57:46.119+0200] {processor.py:830} INFO - Processing file /home/florent/Programs/anaconda3/envs/airflow_etl/lib/python3.11/site-packages/airflow/example_dags/plugins/listener_plugin.py for tasks to queue
[2025-07-11T11:57:46.121+0200] {logging_mixin.py:188} INFO - [2025-07-11T11:57:46.121+0200] {dagbag.py:545} INFO - Filling up the DagBag from /home/florent/Programs/anaconda3/envs/airflow_etl/lib/python3.11/site-packages/airflow/example_dags/plugins/listener_plugin.py
[2025-07-11T11:57:46.124+0200] {processor.py:842} WARNING - No viable dags retrieved from /home/florent/Programs/anaconda3/envs/airflow_etl/lib/python3.11/site-packages/airflow/example_dags/plugins/listener_plugin.py
[2025-07-11T11:57:46.133+0200] {processor.py:183} INFO - Processing /home/florent/Programs/anaconda3/envs/airflow_etl/lib/python3.11/site-packages/airflow/example_dags/plugins/listener_plugin.py took 0.024 seconds
[2025-07-11T11:58:52.154+0200] {processor.py:161} INFO - Started process (PID=80174) to work on /home/florent/Programs/anaconda3/envs/airflow_etl/lib/python3.11/site-packages/airflow/example_dags/plugins/listener_plugin.py
[2025-07-11T11:58:52.157+0200] {processor.py:830} INFO - Processing file /home/florent/Programs/anaconda3/envs/airflow_etl/lib/python3.11/site-packages/airflow/example_dags/plugins/listener_plugin.py for tasks to queue
[2025-07-11T11:58:52.158+0200] {logging_mixin.py:188} INFO - [2025-07-11T11:58:52.158+0200] {dagbag.py:545} INFO - Filling up the DagBag from /home/florent/Programs/anaconda3/envs/airflow_etl/lib/python3.11/site-packages/airflow/example_dags/plugins/listener_plugin.py
[2025-07-11T11:58:52.161+0200] {processor.py:842} WARNING - No viable dags retrieved from /home/florent/Programs/anaconda3/envs/airflow_etl/lib/python3.11/site-packages/airflow/example_dags/plugins/listener_plugin.py
[2025-07-11T11:58:52.172+0200] {processor.py:183} INFO - Processing /home/florent/Programs/anaconda3/envs/airflow_etl/lib/python3.11/site-packages/airflow/example_dags/plugins/listener_plugin.py took 0.023 seconds
[2025-07-11T12:00:00.848+0200] {processor.py:161} INFO - Started process (PID=80859) to work on /home/florent/Programs/anaconda3/envs/airflow_etl/lib/python3.11/site-packages/airflow/example_dags/plugins/listener_plugin.py
[2025-07-11T12:00:00.849+0200] {processor.py:830} INFO - Processing file /home/florent/Programs/anaconda3/envs/airflow_etl/lib/python3.11/site-packages/airflow/example_dags/plugins/listener_plugin.py for tasks to queue
[2025-07-11T12:00:00.850+0200] {logging_mixin.py:188} INFO - [2025-07-11T12:00:00.850+0200] {dagbag.py:545} INFO - Filling up the DagBag from /home/florent/Programs/anaconda3/envs/airflow_etl/lib/python3.11/site-packages/airflow/example_dags/plugins/listener_plugin.py
[2025-07-11T12:00:00.852+0200] {processor.py:842} WARNING - No viable dags retrieved from /home/florent/Programs/anaconda3/envs/airflow_etl/lib/python3.11/site-packages/airflow/example_dags/plugins/listener_plugin.py
[2025-07-11T12:00:00.858+0200] {processor.py:183} INFO - Processing /home/florent/Programs/anaconda3/envs/airflow_etl/lib/python3.11/site-packages/airflow/example_dags/plugins/listener_plugin.py took 0.015 seconds
[2025-07-11T12:01:11.327+0200] {processor.py:161} INFO - Started process (PID=81576) to work on /home/florent/Programs/anaconda3/envs/airflow_etl/lib/python3.11/site-packages/airflow/example_dags/plugins/listener_plugin.py
[2025-07-11T12:01:11.327+0200] {processor.py:830} INFO - Processing file /home/florent/Programs/anaconda3/envs/airflow_etl/lib/python3.11/site-packages/airflow/example_dags/plugins/listener_plugin.py for tasks to queue
[2025-07-11T12:01:11.328+0200] {logging_mixin.py:188} INFO - [2025-07-11T12:01:11.328+0200] {dagbag.py:545} INFO - Filling up the DagBag from /home/florent/Programs/anaconda3/envs/airflow_etl/lib/python3.11/site-packages/airflow/example_dags/plugins/listener_plugin.py
[2025-07-11T12:01:11.330+0200] {processor.py:842} WARNING - No viable dags retrieved from /home/florent/Programs/anaconda3/envs/airflow_etl/lib/python3.11/site-packages/airflow/example_dags/plugins/listener_plugin.py
[2025-07-11T12:01:11.338+0200] {processor.py:183} INFO - Processing /home/florent/Programs/anaconda3/envs/airflow_etl/lib/python3.11/site-packages/airflow/example_dags/plugins/listener_plugin.py took 0.018 seconds
[2025-07-11T12:02:12.432+0200] {processor.py:161} INFO - Started process (PID=82195) to work on /home/florent/Programs/anaconda3/envs/airflow_etl/lib/python3.11/site-packages/airflow/example_dags/plugins/listener_plugin.py
[2025-07-11T12:02:12.435+0200] {processor.py:830} INFO - Processing file /home/florent/Programs/anaconda3/envs/airflow_etl/lib/python3.11/site-packages/airflow/example_dags/plugins/listener_plugin.py for tasks to queue
[2025-07-11T12:02:12.436+0200] {logging_mixin.py:188} INFO - [2025-07-11T12:02:12.436+0200] {dagbag.py:545} INFO - Filling up the DagBag from /home/florent/Programs/anaconda3/envs/airflow_etl/lib/python3.11/site-packages/airflow/example_dags/plugins/listener_plugin.py
[2025-07-11T12:02:12.438+0200] {processor.py:842} WARNING - No viable dags retrieved from /home/florent/Programs/anaconda3/envs/airflow_etl/lib/python3.11/site-packages/airflow/example_dags/plugins/listener_plugin.py
[2025-07-11T12:02:12.446+0200] {processor.py:183} INFO - Processing /home/florent/Programs/anaconda3/envs/airflow_etl/lib/python3.11/site-packages/airflow/example_dags/plugins/listener_plugin.py took 0.020 seconds
[2025-07-11T12:03:18.051+0200] {processor.py:161} INFO - Started process (PID=82829) to work on /home/florent/Programs/anaconda3/envs/airflow_etl/lib/python3.11/site-packages/airflow/example_dags/plugins/listener_plugin.py
[2025-07-11T12:03:18.054+0200] {processor.py:830} INFO - Processing file /home/florent/Programs/anaconda3/envs/airflow_etl/lib/python3.11/site-packages/airflow/example_dags/plugins/listener_plugin.py for tasks to queue
[2025-07-11T12:03:18.056+0200] {logging_mixin.py:188} INFO - [2025-07-11T12:03:18.055+0200] {dagbag.py:545} INFO - Filling up the DagBag from /home/florent/Programs/anaconda3/envs/airflow_etl/lib/python3.11/site-packages/airflow/example_dags/plugins/listener_plugin.py
[2025-07-11T12:03:18.059+0200] {processor.py:842} WARNING - No viable dags retrieved from /home/florent/Programs/anaconda3/envs/airflow_etl/lib/python3.11/site-packages/airflow/example_dags/plugins/listener_plugin.py
[2025-07-11T12:03:18.071+0200] {processor.py:183} INFO - Processing /home/florent/Programs/anaconda3/envs/airflow_etl/lib/python3.11/site-packages/airflow/example_dags/plugins/listener_plugin.py took 0.026 seconds
[2025-07-11T12:04:23.678+0200] {processor.py:161} INFO - Started process (PID=83499) to work on /home/florent/Programs/anaconda3/envs/airflow_etl/lib/python3.11/site-packages/airflow/example_dags/plugins/listener_plugin.py
[2025-07-11T12:04:23.681+0200] {processor.py:830} INFO - Processing file /home/florent/Programs/anaconda3/envs/airflow_etl/lib/python3.11/site-packages/airflow/example_dags/plugins/listener_plugin.py for tasks to queue
[2025-07-11T12:04:23.683+0200] {logging_mixin.py:188} INFO - [2025-07-11T12:04:23.682+0200] {dagbag.py:545} INFO - Filling up the DagBag from /home/florent/Programs/anaconda3/envs/airflow_etl/lib/python3.11/site-packages/airflow/example_dags/plugins/listener_plugin.py
[2025-07-11T12:04:23.686+0200] {processor.py:842} WARNING - No viable dags retrieved from /home/florent/Programs/anaconda3/envs/airflow_etl/lib/python3.11/site-packages/airflow/example_dags/plugins/listener_plugin.py
[2025-07-11T12:04:23.698+0200] {processor.py:183} INFO - Processing /home/florent/Programs/anaconda3/envs/airflow_etl/lib/python3.11/site-packages/airflow/example_dags/plugins/listener_plugin.py took 0.026 seconds
[2025-07-11T12:05:30.495+0200] {processor.py:161} INFO - Started process (PID=84321) to work on /home/florent/Programs/anaconda3/envs/airflow_etl/lib/python3.11/site-packages/airflow/example_dags/plugins/listener_plugin.py
[2025-07-11T12:05:30.497+0200] {processor.py:830} INFO - Processing file /home/florent/Programs/anaconda3/envs/airflow_etl/lib/python3.11/site-packages/airflow/example_dags/plugins/listener_plugin.py for tasks to queue
[2025-07-11T12:05:30.499+0200] {logging_mixin.py:188} INFO - [2025-07-11T12:05:30.499+0200] {dagbag.py:545} INFO - Filling up the DagBag from /home/florent/Programs/anaconda3/envs/airflow_etl/lib/python3.11/site-packages/airflow/example_dags/plugins/listener_plugin.py
[2025-07-11T12:05:30.502+0200] {processor.py:842} WARNING - No viable dags retrieved from /home/florent/Programs/anaconda3/envs/airflow_etl/lib/python3.11/site-packages/airflow/example_dags/plugins/listener_plugin.py
[2025-07-11T12:05:30.511+0200] {processor.py:183} INFO - Processing /home/florent/Programs/anaconda3/envs/airflow_etl/lib/python3.11/site-packages/airflow/example_dags/plugins/listener_plugin.py took 0.021 seconds
