[2025-07-11T11:03:57.389+0200] {processor.py:161} INFO - Started process (PID=42508) to work on /home/florent/Programs/anaconda3/envs/airflow_etl/lib/python3.11/site-packages/airflow/example_dags/plugins/workday.py
[2025-07-11T11:03:57.390+0200] {processor.py:830} INFO - Processing file /home/florent/Programs/anaconda3/envs/airflow_etl/lib/python3.11/site-packages/airflow/example_dags/plugins/workday.py for tasks to queue
[2025-07-11T11:03:57.390+0200] {logging_mixin.py:188} INFO - [2025-07-11T11:03:57.390+0200] {dagbag.py:545} INFO - Filling up the DagBag from /home/florent/Programs/anaconda3/envs/airflow_etl/lib/python3.11/site-packages/airflow/example_dags/plugins/workday.py
[2025-07-11T11:03:57.671+0200] {processor.py:842} WARNING - No viable dags retrieved from /home/florent/Programs/anaconda3/envs/airflow_etl/lib/python3.11/site-packages/airflow/example_dags/plugins/workday.py
[2025-07-11T11:03:57.674+0200] {processor.py:183} INFO - Processing /home/florent/Programs/anaconda3/envs/airflow_etl/lib/python3.11/site-packages/airflow/example_dags/plugins/workday.py took 0.291 seconds
[2025-07-11T11:05:05.299+0200] {processor.py:161} INFO - Started process (PID=43236) to work on /home/florent/Programs/anaconda3/envs/airflow_etl/lib/python3.11/site-packages/airflow/example_dags/plugins/workday.py
[2025-07-11T11:05:05.302+0200] {processor.py:830} INFO - Processing file /home/florent/Programs/anaconda3/envs/airflow_etl/lib/python3.11/site-packages/airflow/example_dags/plugins/workday.py for tasks to queue
[2025-07-11T11:05:05.303+0200] {logging_mixin.py:188} INFO - [2025-07-11T11:05:05.303+0200] {dagbag.py:545} INFO - Filling up the DagBag from /home/florent/Programs/anaconda3/envs/airflow_etl/lib/python3.11/site-packages/airflow/example_dags/plugins/workday.py
[2025-07-11T11:05:05.566+0200] {processor.py:842} WARNING - No viable dags retrieved from /home/florent/Programs/anaconda3/envs/airflow_etl/lib/python3.11/site-packages/airflow/example_dags/plugins/workday.py
[2025-07-11T11:05:05.569+0200] {processor.py:183} INFO - Processing /home/florent/Programs/anaconda3/envs/airflow_etl/lib/python3.11/site-packages/airflow/example_dags/plugins/workday.py took 0.276 seconds
[2025-07-11T11:06:08.673+0200] {processor.py:161} INFO - Started process (PID=44026) to work on /home/florent/Programs/anaconda3/envs/airflow_etl/lib/python3.11/site-packages/airflow/example_dags/plugins/workday.py
[2025-07-11T11:06:08.674+0200] {processor.py:830} INFO - Processing file /home/florent/Programs/anaconda3/envs/airflow_etl/lib/python3.11/site-packages/airflow/example_dags/plugins/workday.py for tasks to queue
[2025-07-11T11:06:08.675+0200] {logging_mixin.py:188} INFO - [2025-07-11T11:06:08.675+0200] {dagbag.py:545} INFO - Filling up the DagBag from /home/florent/Programs/anaconda3/envs/airflow_etl/lib/python3.11/site-packages/airflow/example_dags/plugins/workday.py
[2025-07-11T11:06:08.919+0200] {processor.py:842} WARNING - No viable dags retrieved from /home/florent/Programs/anaconda3/envs/airflow_etl/lib/python3.11/site-packages/airflow/example_dags/plugins/workday.py
[2025-07-11T11:06:08.922+0200] {processor.py:183} INFO - Processing /home/florent/Programs/anaconda3/envs/airflow_etl/lib/python3.11/site-packages/airflow/example_dags/plugins/workday.py took 0.255 seconds
[2025-07-11T11:07:14.654+0200] {processor.py:161} INFO - Started process (PID=45191) to work on /home/florent/Programs/anaconda3/envs/airflow_etl/lib/python3.11/site-packages/airflow/example_dags/plugins/workday.py
[2025-07-11T11:07:14.657+0200] {processor.py:830} INFO - Processing file /home/florent/Programs/anaconda3/envs/airflow_etl/lib/python3.11/site-packages/airflow/example_dags/plugins/workday.py for tasks to queue
[2025-07-11T11:07:14.659+0200] {logging_mixin.py:188} INFO - [2025-07-11T11:07:14.658+0200] {dagbag.py:545} INFO - Filling up the DagBag from /home/florent/Programs/anaconda3/envs/airflow_etl/lib/python3.11/site-packages/airflow/example_dags/plugins/workday.py
[2025-07-11T11:07:15.434+0200] {processor.py:842} WARNING - No viable dags retrieved from /home/florent/Programs/anaconda3/envs/airflow_etl/lib/python3.11/site-packages/airflow/example_dags/plugins/workday.py
[2025-07-11T11:07:15.452+0200] {processor.py:183} INFO - Processing /home/florent/Programs/anaconda3/envs/airflow_etl/lib/python3.11/site-packages/airflow/example_dags/plugins/workday.py took 0.813 seconds
[2025-07-11T11:08:24.514+0200] {processor.py:161} INFO - Started process (PID=46020) to work on /home/florent/Programs/anaconda3/envs/airflow_etl/lib/python3.11/site-packages/airflow/example_dags/plugins/workday.py
[2025-07-11T11:08:24.515+0200] {processor.py:830} INFO - Processing file /home/florent/Programs/anaconda3/envs/airflow_etl/lib/python3.11/site-packages/airflow/example_dags/plugins/workday.py for tasks to queue
[2025-07-11T11:08:24.516+0200] {logging_mixin.py:188} INFO - [2025-07-11T11:08:24.515+0200] {dagbag.py:545} INFO - Filling up the DagBag from /home/florent/Programs/anaconda3/envs/airflow_etl/lib/python3.11/site-packages/airflow/example_dags/plugins/workday.py
[2025-07-11T11:08:24.697+0200] {processor.py:842} WARNING - No viable dags retrieved from /home/florent/Programs/anaconda3/envs/airflow_etl/lib/python3.11/site-packages/airflow/example_dags/plugins/workday.py
[2025-07-11T11:08:24.702+0200] {processor.py:183} INFO - Processing /home/florent/Programs/anaconda3/envs/airflow_etl/lib/python3.11/site-packages/airflow/example_dags/plugins/workday.py took 0.193 seconds
[2025-07-11T11:09:24.088+0200] {processor.py:161} INFO - Started process (PID=46772) to work on /home/florent/Programs/anaconda3/envs/airflow_etl/lib/python3.11/site-packages/airflow/example_dags/plugins/workday.py
[2025-07-11T11:09:24.090+0200] {processor.py:830} INFO - Processing file /home/florent/Programs/anaconda3/envs/airflow_etl/lib/python3.11/site-packages/airflow/example_dags/plugins/workday.py for tasks to queue
[2025-07-11T11:09:24.091+0200] {logging_mixin.py:188} INFO - [2025-07-11T11:09:24.091+0200] {dagbag.py:545} INFO - Filling up the DagBag from /home/florent/Programs/anaconda3/envs/airflow_etl/lib/python3.11/site-packages/airflow/example_dags/plugins/workday.py
[2025-07-11T11:09:24.278+0200] {processor.py:842} WARNING - No viable dags retrieved from /home/florent/Programs/anaconda3/envs/airflow_etl/lib/python3.11/site-packages/airflow/example_dags/plugins/workday.py
[2025-07-11T11:09:24.283+0200] {processor.py:183} INFO - Processing /home/florent/Programs/anaconda3/envs/airflow_etl/lib/python3.11/site-packages/airflow/example_dags/plugins/workday.py took 0.201 seconds
[2025-07-11T11:10:27.995+0200] {processor.py:161} INFO - Started process (PID=47663) to work on /home/florent/Programs/anaconda3/envs/airflow_etl/lib/python3.11/site-packages/airflow/example_dags/plugins/workday.py
[2025-07-11T11:10:27.998+0200] {processor.py:830} INFO - Processing file /home/florent/Programs/anaconda3/envs/airflow_etl/lib/python3.11/site-packages/airflow/example_dags/plugins/workday.py for tasks to queue
[2025-07-11T11:10:27.999+0200] {logging_mixin.py:188} INFO - [2025-07-11T11:10:27.998+0200] {dagbag.py:545} INFO - Filling up the DagBag from /home/florent/Programs/anaconda3/envs/airflow_etl/lib/python3.11/site-packages/airflow/example_dags/plugins/workday.py
[2025-07-11T11:10:28.178+0200] {processor.py:842} WARNING - No viable dags retrieved from /home/florent/Programs/anaconda3/envs/airflow_etl/lib/python3.11/site-packages/airflow/example_dags/plugins/workday.py
[2025-07-11T11:10:28.183+0200] {processor.py:183} INFO - Processing /home/florent/Programs/anaconda3/envs/airflow_etl/lib/python3.11/site-packages/airflow/example_dags/plugins/workday.py took 0.195 seconds
[2025-07-11T11:11:35.149+0200] {processor.py:161} INFO - Started process (PID=48628) to work on /home/florent/Programs/anaconda3/envs/airflow_etl/lib/python3.11/site-packages/airflow/example_dags/plugins/workday.py
[2025-07-11T11:11:35.152+0200] {processor.py:830} INFO - Processing file /home/florent/Programs/anaconda3/envs/airflow_etl/lib/python3.11/site-packages/airflow/example_dags/plugins/workday.py for tasks to queue
[2025-07-11T11:11:35.153+0200] {logging_mixin.py:188} INFO - [2025-07-11T11:11:35.152+0200] {dagbag.py:545} INFO - Filling up the DagBag from /home/florent/Programs/anaconda3/envs/airflow_etl/lib/python3.11/site-packages/airflow/example_dags/plugins/workday.py
[2025-07-11T11:11:35.359+0200] {processor.py:842} WARNING - No viable dags retrieved from /home/florent/Programs/anaconda3/envs/airflow_etl/lib/python3.11/site-packages/airflow/example_dags/plugins/workday.py
[2025-07-11T11:11:35.364+0200] {processor.py:183} INFO - Processing /home/florent/Programs/anaconda3/envs/airflow_etl/lib/python3.11/site-packages/airflow/example_dags/plugins/workday.py took 0.220 seconds
[2025-07-11T11:12:46.510+0200] {processor.py:161} INFO - Started process (PID=50266) to work on /home/florent/Programs/anaconda3/envs/airflow_etl/lib/python3.11/site-packages/airflow/example_dags/plugins/workday.py
[2025-07-11T11:12:46.513+0200] {processor.py:830} INFO - Processing file /home/florent/Programs/anaconda3/envs/airflow_etl/lib/python3.11/site-packages/airflow/example_dags/plugins/workday.py for tasks to queue
[2025-07-11T11:12:46.514+0200] {logging_mixin.py:188} INFO - [2025-07-11T11:12:46.513+0200] {dagbag.py:545} INFO - Filling up the DagBag from /home/florent/Programs/anaconda3/envs/airflow_etl/lib/python3.11/site-packages/airflow/example_dags/plugins/workday.py
[2025-07-11T11:12:46.696+0200] {processor.py:842} WARNING - No viable dags retrieved from /home/florent/Programs/anaconda3/envs/airflow_etl/lib/python3.11/site-packages/airflow/example_dags/plugins/workday.py
[2025-07-11T11:12:46.700+0200] {processor.py:183} INFO - Processing /home/florent/Programs/anaconda3/envs/airflow_etl/lib/python3.11/site-packages/airflow/example_dags/plugins/workday.py took 0.197 seconds
[2025-07-11T11:13:38.405+0200] {processor.py:161} INFO - Started process (PID=50981) to work on /home/florent/Programs/anaconda3/envs/airflow_etl/lib/python3.11/site-packages/airflow/example_dags/plugins/workday.py
[2025-07-11T11:13:38.408+0200] {processor.py:830} INFO - Processing file /home/florent/Programs/anaconda3/envs/airflow_etl/lib/python3.11/site-packages/airflow/example_dags/plugins/workday.py for tasks to queue
[2025-07-11T11:13:38.409+0200] {logging_mixin.py:188} INFO - [2025-07-11T11:13:38.409+0200] {dagbag.py:545} INFO - Filling up the DagBag from /home/florent/Programs/anaconda3/envs/airflow_etl/lib/python3.11/site-packages/airflow/example_dags/plugins/workday.py
[2025-07-11T11:13:38.654+0200] {processor.py:842} WARNING - No viable dags retrieved from /home/florent/Programs/anaconda3/envs/airflow_etl/lib/python3.11/site-packages/airflow/example_dags/plugins/workday.py
[2025-07-11T11:13:38.658+0200] {processor.py:183} INFO - Processing /home/florent/Programs/anaconda3/envs/airflow_etl/lib/python3.11/site-packages/airflow/example_dags/plugins/workday.py took 0.258 seconds
[2025-07-11T11:14:01.662+0200] {processor.py:161} INFO - Started process (PID=51259) to work on /home/florent/Programs/anaconda3/envs/airflow_etl/lib/python3.11/site-packages/airflow/example_dags/plugins/workday.py
[2025-07-11T11:14:01.665+0200] {processor.py:830} INFO - Processing file /home/florent/Programs/anaconda3/envs/airflow_etl/lib/python3.11/site-packages/airflow/example_dags/plugins/workday.py for tasks to queue
[2025-07-11T11:14:01.666+0200] {logging_mixin.py:188} INFO - [2025-07-11T11:14:01.665+0200] {dagbag.py:545} INFO - Filling up the DagBag from /home/florent/Programs/anaconda3/envs/airflow_etl/lib/python3.11/site-packages/airflow/example_dags/plugins/workday.py
[2025-07-11T11:14:01.854+0200] {processor.py:842} WARNING - No viable dags retrieved from /home/florent/Programs/anaconda3/envs/airflow_etl/lib/python3.11/site-packages/airflow/example_dags/plugins/workday.py
[2025-07-11T11:14:01.858+0200] {processor.py:183} INFO - Processing /home/florent/Programs/anaconda3/envs/airflow_etl/lib/python3.11/site-packages/airflow/example_dags/plugins/workday.py took 0.203 seconds
[2025-07-11T11:14:45.163+0200] {processor.py:161} INFO - Started process (PID=51777) to work on /home/florent/Programs/anaconda3/envs/airflow_etl/lib/python3.11/site-packages/airflow/example_dags/plugins/workday.py
[2025-07-11T11:14:45.166+0200] {processor.py:830} INFO - Processing file /home/florent/Programs/anaconda3/envs/airflow_etl/lib/python3.11/site-packages/airflow/example_dags/plugins/workday.py for tasks to queue
[2025-07-11T11:14:45.169+0200] {logging_mixin.py:188} INFO - [2025-07-11T11:14:45.168+0200] {dagbag.py:545} INFO - Filling up the DagBag from /home/florent/Programs/anaconda3/envs/airflow_etl/lib/python3.11/site-packages/airflow/example_dags/plugins/workday.py
[2025-07-11T11:14:45.442+0200] {processor.py:842} WARNING - No viable dags retrieved from /home/florent/Programs/anaconda3/envs/airflow_etl/lib/python3.11/site-packages/airflow/example_dags/plugins/workday.py
[2025-07-11T11:14:45.446+0200] {processor.py:183} INFO - Processing /home/florent/Programs/anaconda3/envs/airflow_etl/lib/python3.11/site-packages/airflow/example_dags/plugins/workday.py took 0.292 seconds
[2025-07-11T11:14:53.629+0200] {processor.py:161} INFO - Started process (PID=51879) to work on /home/florent/Programs/anaconda3/envs/airflow_etl/lib/python3.11/site-packages/airflow/example_dags/plugins/workday.py
[2025-07-11T11:14:53.632+0200] {processor.py:830} INFO - Processing file /home/florent/Programs/anaconda3/envs/airflow_etl/lib/python3.11/site-packages/airflow/example_dags/plugins/workday.py for tasks to queue
[2025-07-11T11:14:53.633+0200] {logging_mixin.py:188} INFO - [2025-07-11T11:14:53.632+0200] {dagbag.py:545} INFO - Filling up the DagBag from /home/florent/Programs/anaconda3/envs/airflow_etl/lib/python3.11/site-packages/airflow/example_dags/plugins/workday.py
[2025-07-11T11:14:53.813+0200] {processor.py:842} WARNING - No viable dags retrieved from /home/florent/Programs/anaconda3/envs/airflow_etl/lib/python3.11/site-packages/airflow/example_dags/plugins/workday.py
[2025-07-11T11:14:53.818+0200] {processor.py:183} INFO - Processing /home/florent/Programs/anaconda3/envs/airflow_etl/lib/python3.11/site-packages/airflow/example_dags/plugins/workday.py took 0.194 seconds
[2025-07-11T11:15:51.179+0200] {processor.py:161} INFO - Started process (PID=52591) to work on /home/florent/Programs/anaconda3/envs/airflow_etl/lib/python3.11/site-packages/airflow/example_dags/plugins/workday.py
[2025-07-11T11:15:51.182+0200] {processor.py:830} INFO - Processing file /home/florent/Programs/anaconda3/envs/airflow_etl/lib/python3.11/site-packages/airflow/example_dags/plugins/workday.py for tasks to queue
[2025-07-11T11:15:51.182+0200] {logging_mixin.py:188} INFO - [2025-07-11T11:15:51.182+0200] {dagbag.py:545} INFO - Filling up the DagBag from /home/florent/Programs/anaconda3/envs/airflow_etl/lib/python3.11/site-packages/airflow/example_dags/plugins/workday.py
[2025-07-11T11:15:51.473+0200] {processor.py:842} WARNING - No viable dags retrieved from /home/florent/Programs/anaconda3/envs/airflow_etl/lib/python3.11/site-packages/airflow/example_dags/plugins/workday.py
[2025-07-11T11:15:51.478+0200] {processor.py:183} INFO - Processing /home/florent/Programs/anaconda3/envs/airflow_etl/lib/python3.11/site-packages/airflow/example_dags/plugins/workday.py took 0.304 seconds
[2025-07-11T11:15:53.017+0200] {processor.py:161} INFO - Started process (PID=52630) to work on /home/florent/Programs/anaconda3/envs/airflow_etl/lib/python3.11/site-packages/airflow/example_dags/plugins/workday.py
[2025-07-11T11:15:53.018+0200] {processor.py:830} INFO - Processing file /home/florent/Programs/anaconda3/envs/airflow_etl/lib/python3.11/site-packages/airflow/example_dags/plugins/workday.py for tasks to queue
[2025-07-11T11:15:53.019+0200] {logging_mixin.py:188} INFO - [2025-07-11T11:15:53.018+0200] {dagbag.py:545} INFO - Filling up the DagBag from /home/florent/Programs/anaconda3/envs/airflow_etl/lib/python3.11/site-packages/airflow/example_dags/plugins/workday.py
[2025-07-11T11:15:53.355+0200] {processor.py:842} WARNING - No viable dags retrieved from /home/florent/Programs/anaconda3/envs/airflow_etl/lib/python3.11/site-packages/airflow/example_dags/plugins/workday.py
[2025-07-11T11:15:53.363+0200] {processor.py:183} INFO - Processing /home/florent/Programs/anaconda3/envs/airflow_etl/lib/python3.11/site-packages/airflow/example_dags/plugins/workday.py took 0.352 seconds
[2025-07-11T11:16:52.993+0200] {processor.py:161} INFO - Started process (PID=53370) to work on /home/florent/Programs/anaconda3/envs/airflow_etl/lib/python3.11/site-packages/airflow/example_dags/plugins/workday.py
[2025-07-11T11:16:52.996+0200] {processor.py:830} INFO - Processing file /home/florent/Programs/anaconda3/envs/airflow_etl/lib/python3.11/site-packages/airflow/example_dags/plugins/workday.py for tasks to queue
[2025-07-11T11:16:52.998+0200] {logging_mixin.py:188} INFO - [2025-07-11T11:16:52.997+0200] {dagbag.py:545} INFO - Filling up the DagBag from /home/florent/Programs/anaconda3/envs/airflow_etl/lib/python3.11/site-packages/airflow/example_dags/plugins/workday.py
[2025-07-11T11:16:53.234+0200] {processor.py:842} WARNING - No viable dags retrieved from /home/florent/Programs/anaconda3/envs/airflow_etl/lib/python3.11/site-packages/airflow/example_dags/plugins/workday.py
[2025-07-11T11:16:53.238+0200] {processor.py:183} INFO - Processing /home/florent/Programs/anaconda3/envs/airflow_etl/lib/python3.11/site-packages/airflow/example_dags/plugins/workday.py took 0.250 seconds
[2025-07-11T11:16:55.970+0200] {processor.py:161} INFO - Started process (PID=53419) to work on /home/florent/Programs/anaconda3/envs/airflow_etl/lib/python3.11/site-packages/airflow/example_dags/plugins/workday.py
[2025-07-11T11:16:55.973+0200] {processor.py:830} INFO - Processing file /home/florent/Programs/anaconda3/envs/airflow_etl/lib/python3.11/site-packages/airflow/example_dags/plugins/workday.py for tasks to queue
[2025-07-11T11:16:55.974+0200] {logging_mixin.py:188} INFO - [2025-07-11T11:16:55.973+0200] {dagbag.py:545} INFO - Filling up the DagBag from /home/florent/Programs/anaconda3/envs/airflow_etl/lib/python3.11/site-packages/airflow/example_dags/plugins/workday.py
[2025-07-11T11:16:56.152+0200] {processor.py:842} WARNING - No viable dags retrieved from /home/florent/Programs/anaconda3/envs/airflow_etl/lib/python3.11/site-packages/airflow/example_dags/plugins/workday.py
[2025-07-11T11:16:56.156+0200] {processor.py:183} INFO - Processing /home/florent/Programs/anaconda3/envs/airflow_etl/lib/python3.11/site-packages/airflow/example_dags/plugins/workday.py took 0.193 seconds
[2025-07-11T11:18:30.232+0200] {processor.py:161} INFO - Started process (PID=54359) to work on /home/florent/Programs/anaconda3/envs/airflow_etl/lib/python3.11/site-packages/airflow/example_dags/plugins/workday.py
[2025-07-11T11:18:30.235+0200] {processor.py:830} INFO - Processing file /home/florent/Programs/anaconda3/envs/airflow_etl/lib/python3.11/site-packages/airflow/example_dags/plugins/workday.py for tasks to queue
[2025-07-11T11:18:30.236+0200] {logging_mixin.py:188} INFO - [2025-07-11T11:18:30.236+0200] {dagbag.py:545} INFO - Filling up the DagBag from /home/florent/Programs/anaconda3/envs/airflow_etl/lib/python3.11/site-packages/airflow/example_dags/plugins/workday.py
[2025-07-11T11:18:30.517+0200] {processor.py:842} WARNING - No viable dags retrieved from /home/florent/Programs/anaconda3/envs/airflow_etl/lib/python3.11/site-packages/airflow/example_dags/plugins/workday.py
[2025-07-11T11:18:30.521+0200] {processor.py:183} INFO - Processing /home/florent/Programs/anaconda3/envs/airflow_etl/lib/python3.11/site-packages/airflow/example_dags/plugins/workday.py took 0.293 seconds
[2025-07-11T11:19:34.093+0200] {processor.py:161} INFO - Started process (PID=55089) to work on /home/florent/Programs/anaconda3/envs/airflow_etl/lib/python3.11/site-packages/airflow/example_dags/plugins/workday.py
[2025-07-11T11:19:34.094+0200] {processor.py:830} INFO - Processing file /home/florent/Programs/anaconda3/envs/airflow_etl/lib/python3.11/site-packages/airflow/example_dags/plugins/workday.py for tasks to queue
[2025-07-11T11:19:34.096+0200] {logging_mixin.py:188} INFO - [2025-07-11T11:19:34.096+0200] {dagbag.py:545} INFO - Filling up the DagBag from /home/florent/Programs/anaconda3/envs/airflow_etl/lib/python3.11/site-packages/airflow/example_dags/plugins/workday.py
[2025-07-11T11:19:34.342+0200] {processor.py:842} WARNING - No viable dags retrieved from /home/florent/Programs/anaconda3/envs/airflow_etl/lib/python3.11/site-packages/airflow/example_dags/plugins/workday.py
[2025-07-11T11:19:34.345+0200] {processor.py:183} INFO - Processing /home/florent/Programs/anaconda3/envs/airflow_etl/lib/python3.11/site-packages/airflow/example_dags/plugins/workday.py took 0.258 seconds
[2025-07-11T11:20:42.017+0200] {processor.py:161} INFO - Started process (PID=55795) to work on /home/florent/Programs/anaconda3/envs/airflow_etl/lib/python3.11/site-packages/airflow/example_dags/plugins/workday.py
[2025-07-11T11:20:42.019+0200] {processor.py:830} INFO - Processing file /home/florent/Programs/anaconda3/envs/airflow_etl/lib/python3.11/site-packages/airflow/example_dags/plugins/workday.py for tasks to queue
[2025-07-11T11:20:42.021+0200] {logging_mixin.py:188} INFO - [2025-07-11T11:20:42.020+0200] {dagbag.py:545} INFO - Filling up the DagBag from /home/florent/Programs/anaconda3/envs/airflow_etl/lib/python3.11/site-packages/airflow/example_dags/plugins/workday.py
[2025-07-11T11:20:42.274+0200] {processor.py:842} WARNING - No viable dags retrieved from /home/florent/Programs/anaconda3/envs/airflow_etl/lib/python3.11/site-packages/airflow/example_dags/plugins/workday.py
[2025-07-11T11:20:42.277+0200] {processor.py:183} INFO - Processing /home/florent/Programs/anaconda3/envs/airflow_etl/lib/python3.11/site-packages/airflow/example_dags/plugins/workday.py took 0.265 seconds
[2025-07-11T11:21:46.582+0200] {processor.py:161} INFO - Started process (PID=56484) to work on /home/florent/Programs/anaconda3/envs/airflow_etl/lib/python3.11/site-packages/airflow/example_dags/plugins/workday.py
[2025-07-11T11:21:46.584+0200] {processor.py:830} INFO - Processing file /home/florent/Programs/anaconda3/envs/airflow_etl/lib/python3.11/site-packages/airflow/example_dags/plugins/workday.py for tasks to queue
[2025-07-11T11:21:46.586+0200] {logging_mixin.py:188} INFO - [2025-07-11T11:21:46.586+0200] {dagbag.py:545} INFO - Filling up the DagBag from /home/florent/Programs/anaconda3/envs/airflow_etl/lib/python3.11/site-packages/airflow/example_dags/plugins/workday.py
[2025-07-11T11:21:46.820+0200] {processor.py:842} WARNING - No viable dags retrieved from /home/florent/Programs/anaconda3/envs/airflow_etl/lib/python3.11/site-packages/airflow/example_dags/plugins/workday.py
[2025-07-11T11:21:46.824+0200] {processor.py:183} INFO - Processing /home/florent/Programs/anaconda3/envs/airflow_etl/lib/python3.11/site-packages/airflow/example_dags/plugins/workday.py took 0.247 seconds
[2025-07-11T11:22:53.986+0200] {processor.py:161} INFO - Started process (PID=57129) to work on /home/florent/Programs/anaconda3/envs/airflow_etl/lib/python3.11/site-packages/airflow/example_dags/plugins/workday.py
[2025-07-11T11:22:53.986+0200] {processor.py:830} INFO - Processing file /home/florent/Programs/anaconda3/envs/airflow_etl/lib/python3.11/site-packages/airflow/example_dags/plugins/workday.py for tasks to queue
[2025-07-11T11:22:53.987+0200] {logging_mixin.py:188} INFO - [2025-07-11T11:22:53.987+0200] {dagbag.py:545} INFO - Filling up the DagBag from /home/florent/Programs/anaconda3/envs/airflow_etl/lib/python3.11/site-packages/airflow/example_dags/plugins/workday.py
[2025-07-11T11:22:54.273+0200] {processor.py:842} WARNING - No viable dags retrieved from /home/florent/Programs/anaconda3/envs/airflow_etl/lib/python3.11/site-packages/airflow/example_dags/plugins/workday.py
[2025-07-11T11:22:54.276+0200] {processor.py:183} INFO - Processing /home/florent/Programs/anaconda3/envs/airflow_etl/lib/python3.11/site-packages/airflow/example_dags/plugins/workday.py took 0.295 seconds
[2025-07-11T11:24:04.113+0200] {processor.py:161} INFO - Started process (PID=57855) to work on /home/florent/Programs/anaconda3/envs/airflow_etl/lib/python3.11/site-packages/airflow/example_dags/plugins/workday.py
[2025-07-11T11:24:04.116+0200] {processor.py:830} INFO - Processing file /home/florent/Programs/anaconda3/envs/airflow_etl/lib/python3.11/site-packages/airflow/example_dags/plugins/workday.py for tasks to queue
[2025-07-11T11:24:04.117+0200] {logging_mixin.py:188} INFO - [2025-07-11T11:24:04.117+0200] {dagbag.py:545} INFO - Filling up the DagBag from /home/florent/Programs/anaconda3/envs/airflow_etl/lib/python3.11/site-packages/airflow/example_dags/plugins/workday.py
[2025-07-11T11:24:04.301+0200] {processor.py:842} WARNING - No viable dags retrieved from /home/florent/Programs/anaconda3/envs/airflow_etl/lib/python3.11/site-packages/airflow/example_dags/plugins/workday.py
[2025-07-11T11:24:04.305+0200] {processor.py:183} INFO - Processing /home/florent/Programs/anaconda3/envs/airflow_etl/lib/python3.11/site-packages/airflow/example_dags/plugins/workday.py took 0.196 seconds
[2025-07-11T11:25:12.909+0200] {processor.py:161} INFO - Started process (PID=58602) to work on /home/florent/Programs/anaconda3/envs/airflow_etl/lib/python3.11/site-packages/airflow/example_dags/plugins/workday.py
[2025-07-11T11:25:12.912+0200] {processor.py:830} INFO - Processing file /home/florent/Programs/anaconda3/envs/airflow_etl/lib/python3.11/site-packages/airflow/example_dags/plugins/workday.py for tasks to queue
[2025-07-11T11:25:12.913+0200] {logging_mixin.py:188} INFO - [2025-07-11T11:25:12.913+0200] {dagbag.py:545} INFO - Filling up the DagBag from /home/florent/Programs/anaconda3/envs/airflow_etl/lib/python3.11/site-packages/airflow/example_dags/plugins/workday.py
[2025-07-11T11:25:13.091+0200] {processor.py:842} WARNING - No viable dags retrieved from /home/florent/Programs/anaconda3/envs/airflow_etl/lib/python3.11/site-packages/airflow/example_dags/plugins/workday.py
[2025-07-11T11:25:13.095+0200] {processor.py:183} INFO - Processing /home/florent/Programs/anaconda3/envs/airflow_etl/lib/python3.11/site-packages/airflow/example_dags/plugins/workday.py took 0.192 seconds
[2025-07-11T11:26:19.752+0200] {processor.py:161} INFO - Started process (PID=59342) to work on /home/florent/Programs/anaconda3/envs/airflow_etl/lib/python3.11/site-packages/airflow/example_dags/plugins/workday.py
[2025-07-11T11:26:19.755+0200] {processor.py:830} INFO - Processing file /home/florent/Programs/anaconda3/envs/airflow_etl/lib/python3.11/site-packages/airflow/example_dags/plugins/workday.py for tasks to queue
[2025-07-11T11:26:19.756+0200] {logging_mixin.py:188} INFO - [2025-07-11T11:26:19.756+0200] {dagbag.py:545} INFO - Filling up the DagBag from /home/florent/Programs/anaconda3/envs/airflow_etl/lib/python3.11/site-packages/airflow/example_dags/plugins/workday.py
[2025-07-11T11:26:19.973+0200] {processor.py:842} WARNING - No viable dags retrieved from /home/florent/Programs/anaconda3/envs/airflow_etl/lib/python3.11/site-packages/airflow/example_dags/plugins/workday.py
[2025-07-11T11:26:19.977+0200] {processor.py:183} INFO - Processing /home/florent/Programs/anaconda3/envs/airflow_etl/lib/python3.11/site-packages/airflow/example_dags/plugins/workday.py took 0.230 seconds
[2025-07-11T11:27:31.177+0200] {processor.py:161} INFO - Started process (PID=60137) to work on /home/florent/Programs/anaconda3/envs/airflow_etl/lib/python3.11/site-packages/airflow/example_dags/plugins/workday.py
[2025-07-11T11:27:31.180+0200] {processor.py:830} INFO - Processing file /home/florent/Programs/anaconda3/envs/airflow_etl/lib/python3.11/site-packages/airflow/example_dags/plugins/workday.py for tasks to queue
[2025-07-11T11:27:31.182+0200] {logging_mixin.py:188} INFO - [2025-07-11T11:27:31.182+0200] {dagbag.py:545} INFO - Filling up the DagBag from /home/florent/Programs/anaconda3/envs/airflow_etl/lib/python3.11/site-packages/airflow/example_dags/plugins/workday.py
[2025-07-11T11:27:31.363+0200] {processor.py:842} WARNING - No viable dags retrieved from /home/florent/Programs/anaconda3/envs/airflow_etl/lib/python3.11/site-packages/airflow/example_dags/plugins/workday.py
[2025-07-11T11:27:31.368+0200] {processor.py:183} INFO - Processing /home/florent/Programs/anaconda3/envs/airflow_etl/lib/python3.11/site-packages/airflow/example_dags/plugins/workday.py took 0.197 seconds
[2025-07-11T11:28:35.511+0200] {processor.py:161} INFO - Started process (PID=60804) to work on /home/florent/Programs/anaconda3/envs/airflow_etl/lib/python3.11/site-packages/airflow/example_dags/plugins/workday.py
[2025-07-11T11:28:35.514+0200] {processor.py:830} INFO - Processing file /home/florent/Programs/anaconda3/envs/airflow_etl/lib/python3.11/site-packages/airflow/example_dags/plugins/workday.py for tasks to queue
[2025-07-11T11:28:35.516+0200] {logging_mixin.py:188} INFO - [2025-07-11T11:28:35.515+0200] {dagbag.py:545} INFO - Filling up the DagBag from /home/florent/Programs/anaconda3/envs/airflow_etl/lib/python3.11/site-packages/airflow/example_dags/plugins/workday.py
[2025-07-11T11:28:35.707+0200] {processor.py:842} WARNING - No viable dags retrieved from /home/florent/Programs/anaconda3/envs/airflow_etl/lib/python3.11/site-packages/airflow/example_dags/plugins/workday.py
[2025-07-11T11:28:35.712+0200] {processor.py:183} INFO - Processing /home/florent/Programs/anaconda3/envs/airflow_etl/lib/python3.11/site-packages/airflow/example_dags/plugins/workday.py took 0.207 seconds
[2025-07-11T11:29:41.334+0200] {processor.py:161} INFO - Started process (PID=61523) to work on /home/florent/Programs/anaconda3/envs/airflow_etl/lib/python3.11/site-packages/airflow/example_dags/plugins/workday.py
[2025-07-11T11:29:41.335+0200] {processor.py:830} INFO - Processing file /home/florent/Programs/anaconda3/envs/airflow_etl/lib/python3.11/site-packages/airflow/example_dags/plugins/workday.py for tasks to queue
[2025-07-11T11:29:41.336+0200] {logging_mixin.py:188} INFO - [2025-07-11T11:29:41.336+0200] {dagbag.py:545} INFO - Filling up the DagBag from /home/florent/Programs/anaconda3/envs/airflow_etl/lib/python3.11/site-packages/airflow/example_dags/plugins/workday.py
[2025-07-11T11:29:41.565+0200] {processor.py:842} WARNING - No viable dags retrieved from /home/florent/Programs/anaconda3/envs/airflow_etl/lib/python3.11/site-packages/airflow/example_dags/plugins/workday.py
[2025-07-11T11:29:41.570+0200] {processor.py:183} INFO - Processing /home/florent/Programs/anaconda3/envs/airflow_etl/lib/python3.11/site-packages/airflow/example_dags/plugins/workday.py took 0.240 seconds
[2025-07-11T11:30:41.685+0200] {processor.py:161} INFO - Started process (PID=62139) to work on /home/florent/Programs/anaconda3/envs/airflow_etl/lib/python3.11/site-packages/airflow/example_dags/plugins/workday.py
[2025-07-11T11:30:41.687+0200] {processor.py:830} INFO - Processing file /home/florent/Programs/anaconda3/envs/airflow_etl/lib/python3.11/site-packages/airflow/example_dags/plugins/workday.py for tasks to queue
[2025-07-11T11:30:41.688+0200] {logging_mixin.py:188} INFO - [2025-07-11T11:30:41.688+0200] {dagbag.py:545} INFO - Filling up the DagBag from /home/florent/Programs/anaconda3/envs/airflow_etl/lib/python3.11/site-packages/airflow/example_dags/plugins/workday.py
[2025-07-11T11:30:41.903+0200] {processor.py:842} WARNING - No viable dags retrieved from /home/florent/Programs/anaconda3/envs/airflow_etl/lib/python3.11/site-packages/airflow/example_dags/plugins/workday.py
[2025-07-11T11:30:41.908+0200] {processor.py:183} INFO - Processing /home/florent/Programs/anaconda3/envs/airflow_etl/lib/python3.11/site-packages/airflow/example_dags/plugins/workday.py took 0.225 seconds
[2025-07-11T11:31:46.171+0200] {processor.py:161} INFO - Started process (PID=62802) to work on /home/florent/Programs/anaconda3/envs/airflow_etl/lib/python3.11/site-packages/airflow/example_dags/plugins/workday.py
[2025-07-11T11:31:46.174+0200] {processor.py:830} INFO - Processing file /home/florent/Programs/anaconda3/envs/airflow_etl/lib/python3.11/site-packages/airflow/example_dags/plugins/workday.py for tasks to queue
[2025-07-11T11:31:46.176+0200] {logging_mixin.py:188} INFO - [2025-07-11T11:31:46.175+0200] {dagbag.py:545} INFO - Filling up the DagBag from /home/florent/Programs/anaconda3/envs/airflow_etl/lib/python3.11/site-packages/airflow/example_dags/plugins/workday.py
[2025-07-11T11:31:46.361+0200] {processor.py:842} WARNING - No viable dags retrieved from /home/florent/Programs/anaconda3/envs/airflow_etl/lib/python3.11/site-packages/airflow/example_dags/plugins/workday.py
[2025-07-11T11:31:46.365+0200] {processor.py:183} INFO - Processing /home/florent/Programs/anaconda3/envs/airflow_etl/lib/python3.11/site-packages/airflow/example_dags/plugins/workday.py took 0.200 seconds
[2025-07-11T11:32:51.349+0200] {processor.py:161} INFO - Started process (PID=63619) to work on /home/florent/Programs/anaconda3/envs/airflow_etl/lib/python3.11/site-packages/airflow/example_dags/plugins/workday.py
[2025-07-11T11:32:51.352+0200] {processor.py:830} INFO - Processing file /home/florent/Programs/anaconda3/envs/airflow_etl/lib/python3.11/site-packages/airflow/example_dags/plugins/workday.py for tasks to queue
[2025-07-11T11:32:51.354+0200] {logging_mixin.py:188} INFO - [2025-07-11T11:32:51.353+0200] {dagbag.py:545} INFO - Filling up the DagBag from /home/florent/Programs/anaconda3/envs/airflow_etl/lib/python3.11/site-packages/airflow/example_dags/plugins/workday.py
[2025-07-11T11:32:51.565+0200] {processor.py:842} WARNING - No viable dags retrieved from /home/florent/Programs/anaconda3/envs/airflow_etl/lib/python3.11/site-packages/airflow/example_dags/plugins/workday.py
[2025-07-11T11:32:51.570+0200] {processor.py:183} INFO - Processing /home/florent/Programs/anaconda3/envs/airflow_etl/lib/python3.11/site-packages/airflow/example_dags/plugins/workday.py took 0.227 seconds
[2025-07-11T11:33:54.796+0200] {processor.py:161} INFO - Started process (PID=64268) to work on /home/florent/Programs/anaconda3/envs/airflow_etl/lib/python3.11/site-packages/airflow/example_dags/plugins/workday.py
[2025-07-11T11:33:54.799+0200] {processor.py:830} INFO - Processing file /home/florent/Programs/anaconda3/envs/airflow_etl/lib/python3.11/site-packages/airflow/example_dags/plugins/workday.py for tasks to queue
[2025-07-11T11:33:54.801+0200] {logging_mixin.py:188} INFO - [2025-07-11T11:33:54.800+0200] {dagbag.py:545} INFO - Filling up the DagBag from /home/florent/Programs/anaconda3/envs/airflow_etl/lib/python3.11/site-packages/airflow/example_dags/plugins/workday.py
[2025-07-11T11:33:54.994+0200] {processor.py:842} WARNING - No viable dags retrieved from /home/florent/Programs/anaconda3/envs/airflow_etl/lib/python3.11/site-packages/airflow/example_dags/plugins/workday.py
[2025-07-11T11:33:54.998+0200] {processor.py:183} INFO - Processing /home/florent/Programs/anaconda3/envs/airflow_etl/lib/python3.11/site-packages/airflow/example_dags/plugins/workday.py took 0.209 seconds
[2025-07-11T11:35:02.863+0200] {processor.py:161} INFO - Started process (PID=64936) to work on /home/florent/Programs/anaconda3/envs/airflow_etl/lib/python3.11/site-packages/airflow/example_dags/plugins/workday.py
[2025-07-11T11:35:02.866+0200] {processor.py:830} INFO - Processing file /home/florent/Programs/anaconda3/envs/airflow_etl/lib/python3.11/site-packages/airflow/example_dags/plugins/workday.py for tasks to queue
[2025-07-11T11:35:02.868+0200] {logging_mixin.py:188} INFO - [2025-07-11T11:35:02.867+0200] {dagbag.py:545} INFO - Filling up the DagBag from /home/florent/Programs/anaconda3/envs/airflow_etl/lib/python3.11/site-packages/airflow/example_dags/plugins/workday.py
[2025-07-11T11:35:03.051+0200] {processor.py:842} WARNING - No viable dags retrieved from /home/florent/Programs/anaconda3/envs/airflow_etl/lib/python3.11/site-packages/airflow/example_dags/plugins/workday.py
[2025-07-11T11:35:03.055+0200] {processor.py:183} INFO - Processing /home/florent/Programs/anaconda3/envs/airflow_etl/lib/python3.11/site-packages/airflow/example_dags/plugins/workday.py took 0.197 seconds
[2025-07-11T11:36:02.988+0200] {processor.py:161} INFO - Started process (PID=65593) to work on /home/florent/Programs/anaconda3/envs/airflow_etl/lib/python3.11/site-packages/airflow/example_dags/plugins/workday.py
[2025-07-11T11:36:02.990+0200] {processor.py:830} INFO - Processing file /home/florent/Programs/anaconda3/envs/airflow_etl/lib/python3.11/site-packages/airflow/example_dags/plugins/workday.py for tasks to queue
[2025-07-11T11:36:02.992+0200] {logging_mixin.py:188} INFO - [2025-07-11T11:36:02.992+0200] {dagbag.py:545} INFO - Filling up the DagBag from /home/florent/Programs/anaconda3/envs/airflow_etl/lib/python3.11/site-packages/airflow/example_dags/plugins/workday.py
[2025-07-11T11:36:03.175+0200] {processor.py:842} WARNING - No viable dags retrieved from /home/florent/Programs/anaconda3/envs/airflow_etl/lib/python3.11/site-packages/airflow/example_dags/plugins/workday.py
[2025-07-11T11:36:03.179+0200] {processor.py:183} INFO - Processing /home/florent/Programs/anaconda3/envs/airflow_etl/lib/python3.11/site-packages/airflow/example_dags/plugins/workday.py took 0.198 seconds
[2025-07-11T11:37:09.852+0200] {processor.py:161} INFO - Started process (PID=66346) to work on /home/florent/Programs/anaconda3/envs/airflow_etl/lib/python3.11/site-packages/airflow/example_dags/plugins/workday.py
[2025-07-11T11:37:09.863+0200] {processor.py:830} INFO - Processing file /home/florent/Programs/anaconda3/envs/airflow_etl/lib/python3.11/site-packages/airflow/example_dags/plugins/workday.py for tasks to queue
[2025-07-11T11:37:09.866+0200] {logging_mixin.py:188} INFO - [2025-07-11T11:37:09.865+0200] {dagbag.py:545} INFO - Filling up the DagBag from /home/florent/Programs/anaconda3/envs/airflow_etl/lib/python3.11/site-packages/airflow/example_dags/plugins/workday.py
[2025-07-11T11:37:10.045+0200] {processor.py:842} WARNING - No viable dags retrieved from /home/florent/Programs/anaconda3/envs/airflow_etl/lib/python3.11/site-packages/airflow/example_dags/plugins/workday.py
[2025-07-11T11:37:10.049+0200] {processor.py:183} INFO - Processing /home/florent/Programs/anaconda3/envs/airflow_etl/lib/python3.11/site-packages/airflow/example_dags/plugins/workday.py took 0.203 seconds
[2025-07-11T11:38:14.672+0200] {processor.py:161} INFO - Started process (PID=67001) to work on /home/florent/Programs/anaconda3/envs/airflow_etl/lib/python3.11/site-packages/airflow/example_dags/plugins/workday.py
[2025-07-11T11:38:14.675+0200] {processor.py:830} INFO - Processing file /home/florent/Programs/anaconda3/envs/airflow_etl/lib/python3.11/site-packages/airflow/example_dags/plugins/workday.py for tasks to queue
[2025-07-11T11:38:14.678+0200] {logging_mixin.py:188} INFO - [2025-07-11T11:38:14.677+0200] {dagbag.py:545} INFO - Filling up the DagBag from /home/florent/Programs/anaconda3/envs/airflow_etl/lib/python3.11/site-packages/airflow/example_dags/plugins/workday.py
[2025-07-11T11:38:14.861+0200] {processor.py:842} WARNING - No viable dags retrieved from /home/florent/Programs/anaconda3/envs/airflow_etl/lib/python3.11/site-packages/airflow/example_dags/plugins/workday.py
[2025-07-11T11:38:14.866+0200] {processor.py:183} INFO - Processing /home/florent/Programs/anaconda3/envs/airflow_etl/lib/python3.11/site-packages/airflow/example_dags/plugins/workday.py took 0.200 seconds
[2025-07-11T11:39:23.487+0200] {processor.py:161} INFO - Started process (PID=67717) to work on /home/florent/Programs/anaconda3/envs/airflow_etl/lib/python3.11/site-packages/airflow/example_dags/plugins/workday.py
[2025-07-11T11:39:23.490+0200] {processor.py:830} INFO - Processing file /home/florent/Programs/anaconda3/envs/airflow_etl/lib/python3.11/site-packages/airflow/example_dags/plugins/workday.py for tasks to queue
[2025-07-11T11:39:23.492+0200] {logging_mixin.py:188} INFO - [2025-07-11T11:39:23.491+0200] {dagbag.py:545} INFO - Filling up the DagBag from /home/florent/Programs/anaconda3/envs/airflow_etl/lib/python3.11/site-packages/airflow/example_dags/plugins/workday.py
[2025-07-11T11:39:23.678+0200] {processor.py:842} WARNING - No viable dags retrieved from /home/florent/Programs/anaconda3/envs/airflow_etl/lib/python3.11/site-packages/airflow/example_dags/plugins/workday.py
[2025-07-11T11:39:23.684+0200] {processor.py:183} INFO - Processing /home/florent/Programs/anaconda3/envs/airflow_etl/lib/python3.11/site-packages/airflow/example_dags/plugins/workday.py took 0.203 seconds
[2025-07-11T11:40:29.722+0200] {processor.py:161} INFO - Started process (PID=68475) to work on /home/florent/Programs/anaconda3/envs/airflow_etl/lib/python3.11/site-packages/airflow/example_dags/plugins/workday.py
[2025-07-11T11:40:29.725+0200] {processor.py:830} INFO - Processing file /home/florent/Programs/anaconda3/envs/airflow_etl/lib/python3.11/site-packages/airflow/example_dags/plugins/workday.py for tasks to queue
[2025-07-11T11:40:29.728+0200] {logging_mixin.py:188} INFO - [2025-07-11T11:40:29.727+0200] {dagbag.py:545} INFO - Filling up the DagBag from /home/florent/Programs/anaconda3/envs/airflow_etl/lib/python3.11/site-packages/airflow/example_dags/plugins/workday.py
[2025-07-11T11:40:29.944+0200] {processor.py:842} WARNING - No viable dags retrieved from /home/florent/Programs/anaconda3/envs/airflow_etl/lib/python3.11/site-packages/airflow/example_dags/plugins/workday.py
[2025-07-11T11:40:29.949+0200] {processor.py:183} INFO - Processing /home/florent/Programs/anaconda3/envs/airflow_etl/lib/python3.11/site-packages/airflow/example_dags/plugins/workday.py took 0.235 seconds
[2025-07-11T11:41:34.329+0200] {processor.py:161} INFO - Started process (PID=69104) to work on /home/florent/Programs/anaconda3/envs/airflow_etl/lib/python3.11/site-packages/airflow/example_dags/plugins/workday.py
[2025-07-11T11:41:34.332+0200] {processor.py:830} INFO - Processing file /home/florent/Programs/anaconda3/envs/airflow_etl/lib/python3.11/site-packages/airflow/example_dags/plugins/workday.py for tasks to queue
[2025-07-11T11:41:34.333+0200] {logging_mixin.py:188} INFO - [2025-07-11T11:41:34.333+0200] {dagbag.py:545} INFO - Filling up the DagBag from /home/florent/Programs/anaconda3/envs/airflow_etl/lib/python3.11/site-packages/airflow/example_dags/plugins/workday.py
[2025-07-11T11:41:34.516+0200] {processor.py:842} WARNING - No viable dags retrieved from /home/florent/Programs/anaconda3/envs/airflow_etl/lib/python3.11/site-packages/airflow/example_dags/plugins/workday.py
[2025-07-11T11:41:34.520+0200] {processor.py:183} INFO - Processing /home/florent/Programs/anaconda3/envs/airflow_etl/lib/python3.11/site-packages/airflow/example_dags/plugins/workday.py took 0.199 seconds
[2025-07-11T11:42:39.194+0200] {processor.py:161} INFO - Started process (PID=69974) to work on /home/florent/Programs/anaconda3/envs/airflow_etl/lib/python3.11/site-packages/airflow/example_dags/plugins/workday.py
[2025-07-11T11:42:39.197+0200] {processor.py:830} INFO - Processing file /home/florent/Programs/anaconda3/envs/airflow_etl/lib/python3.11/site-packages/airflow/example_dags/plugins/workday.py for tasks to queue
[2025-07-11T11:42:39.199+0200] {logging_mixin.py:188} INFO - [2025-07-11T11:42:39.198+0200] {dagbag.py:545} INFO - Filling up the DagBag from /home/florent/Programs/anaconda3/envs/airflow_etl/lib/python3.11/site-packages/airflow/example_dags/plugins/workday.py
[2025-07-11T11:42:39.386+0200] {processor.py:842} WARNING - No viable dags retrieved from /home/florent/Programs/anaconda3/envs/airflow_etl/lib/python3.11/site-packages/airflow/example_dags/plugins/workday.py
[2025-07-11T11:42:39.391+0200] {processor.py:183} INFO - Processing /home/florent/Programs/anaconda3/envs/airflow_etl/lib/python3.11/site-packages/airflow/example_dags/plugins/workday.py took 0.202 seconds
[2025-07-11T11:43:42.590+0200] {processor.py:161} INFO - Started process (PID=70675) to work on /home/florent/Programs/anaconda3/envs/airflow_etl/lib/python3.11/site-packages/airflow/example_dags/plugins/workday.py
[2025-07-11T11:43:42.593+0200] {processor.py:830} INFO - Processing file /home/florent/Programs/anaconda3/envs/airflow_etl/lib/python3.11/site-packages/airflow/example_dags/plugins/workday.py for tasks to queue
[2025-07-11T11:43:42.595+0200] {logging_mixin.py:188} INFO - [2025-07-11T11:43:42.594+0200] {dagbag.py:545} INFO - Filling up the DagBag from /home/florent/Programs/anaconda3/envs/airflow_etl/lib/python3.11/site-packages/airflow/example_dags/plugins/workday.py
[2025-07-11T11:43:42.857+0200] {processor.py:842} WARNING - No viable dags retrieved from /home/florent/Programs/anaconda3/envs/airflow_etl/lib/python3.11/site-packages/airflow/example_dags/plugins/workday.py
[2025-07-11T11:43:42.861+0200] {processor.py:183} INFO - Processing /home/florent/Programs/anaconda3/envs/airflow_etl/lib/python3.11/site-packages/airflow/example_dags/plugins/workday.py took 0.276 seconds
[2025-07-11T11:44:49.988+0200] {processor.py:161} INFO - Started process (PID=71532) to work on /home/florent/Programs/anaconda3/envs/airflow_etl/lib/python3.11/site-packages/airflow/example_dags/plugins/workday.py
[2025-07-11T11:44:49.991+0200] {processor.py:830} INFO - Processing file /home/florent/Programs/anaconda3/envs/airflow_etl/lib/python3.11/site-packages/airflow/example_dags/plugins/workday.py for tasks to queue
[2025-07-11T11:44:49.992+0200] {logging_mixin.py:188} INFO - [2025-07-11T11:44:49.992+0200] {dagbag.py:545} INFO - Filling up the DagBag from /home/florent/Programs/anaconda3/envs/airflow_etl/lib/python3.11/site-packages/airflow/example_dags/plugins/workday.py
[2025-07-11T11:44:50.394+0200] {processor.py:842} WARNING - No viable dags retrieved from /home/florent/Programs/anaconda3/envs/airflow_etl/lib/python3.11/site-packages/airflow/example_dags/plugins/workday.py
[2025-07-11T11:44:50.399+0200] {processor.py:183} INFO - Processing /home/florent/Programs/anaconda3/envs/airflow_etl/lib/python3.11/site-packages/airflow/example_dags/plugins/workday.py took 0.415 seconds
[2025-07-11T11:45:57.392+0200] {processor.py:161} INFO - Started process (PID=72278) to work on /home/florent/Programs/anaconda3/envs/airflow_etl/lib/python3.11/site-packages/airflow/example_dags/plugins/workday.py
[2025-07-11T11:45:57.394+0200] {processor.py:830} INFO - Processing file /home/florent/Programs/anaconda3/envs/airflow_etl/lib/python3.11/site-packages/airflow/example_dags/plugins/workday.py for tasks to queue
[2025-07-11T11:45:57.395+0200] {logging_mixin.py:188} INFO - [2025-07-11T11:45:57.395+0200] {dagbag.py:545} INFO - Filling up the DagBag from /home/florent/Programs/anaconda3/envs/airflow_etl/lib/python3.11/site-packages/airflow/example_dags/plugins/workday.py
[2025-07-11T11:45:57.632+0200] {processor.py:842} WARNING - No viable dags retrieved from /home/florent/Programs/anaconda3/envs/airflow_etl/lib/python3.11/site-packages/airflow/example_dags/plugins/workday.py
[2025-07-11T11:45:57.636+0200] {processor.py:183} INFO - Processing /home/florent/Programs/anaconda3/envs/airflow_etl/lib/python3.11/site-packages/airflow/example_dags/plugins/workday.py took 0.247 seconds
[2025-07-11T11:46:58.358+0200] {processor.py:161} INFO - Started process (PID=72913) to work on /home/florent/Programs/anaconda3/envs/airflow_etl/lib/python3.11/site-packages/airflow/example_dags/plugins/workday.py
[2025-07-11T11:46:58.361+0200] {processor.py:830} INFO - Processing file /home/florent/Programs/anaconda3/envs/airflow_etl/lib/python3.11/site-packages/airflow/example_dags/plugins/workday.py for tasks to queue
[2025-07-11T11:46:58.362+0200] {logging_mixin.py:188} INFO - [2025-07-11T11:46:58.362+0200] {dagbag.py:545} INFO - Filling up the DagBag from /home/florent/Programs/anaconda3/envs/airflow_etl/lib/python3.11/site-packages/airflow/example_dags/plugins/workday.py
[2025-07-11T11:46:58.618+0200] {processor.py:842} WARNING - No viable dags retrieved from /home/florent/Programs/anaconda3/envs/airflow_etl/lib/python3.11/site-packages/airflow/example_dags/plugins/workday.py
[2025-07-11T11:46:58.622+0200] {processor.py:183} INFO - Processing /home/florent/Programs/anaconda3/envs/airflow_etl/lib/python3.11/site-packages/airflow/example_dags/plugins/workday.py took 0.270 seconds
[2025-07-11T11:48:02.933+0200] {processor.py:161} INFO - Started process (PID=73546) to work on /home/florent/Programs/anaconda3/envs/airflow_etl/lib/python3.11/site-packages/airflow/example_dags/plugins/workday.py
[2025-07-11T11:48:02.936+0200] {processor.py:830} INFO - Processing file /home/florent/Programs/anaconda3/envs/airflow_etl/lib/python3.11/site-packages/airflow/example_dags/plugins/workday.py for tasks to queue
[2025-07-11T11:48:02.937+0200] {logging_mixin.py:188} INFO - [2025-07-11T11:48:02.937+0200] {dagbag.py:545} INFO - Filling up the DagBag from /home/florent/Programs/anaconda3/envs/airflow_etl/lib/python3.11/site-packages/airflow/example_dags/plugins/workday.py
[2025-07-11T11:48:03.170+0200] {processor.py:842} WARNING - No viable dags retrieved from /home/florent/Programs/anaconda3/envs/airflow_etl/lib/python3.11/site-packages/airflow/example_dags/plugins/workday.py
[2025-07-11T11:48:03.174+0200] {processor.py:183} INFO - Processing /home/florent/Programs/anaconda3/envs/airflow_etl/lib/python3.11/site-packages/airflow/example_dags/plugins/workday.py took 0.245 seconds
[2025-07-11T11:49:06.929+0200] {processor.py:161} INFO - Started process (PID=74230) to work on /home/florent/Programs/anaconda3/envs/airflow_etl/lib/python3.11/site-packages/airflow/example_dags/plugins/workday.py
[2025-07-11T11:49:06.932+0200] {processor.py:830} INFO - Processing file /home/florent/Programs/anaconda3/envs/airflow_etl/lib/python3.11/site-packages/airflow/example_dags/plugins/workday.py for tasks to queue
[2025-07-11T11:49:06.934+0200] {logging_mixin.py:188} INFO - [2025-07-11T11:49:06.933+0200] {dagbag.py:545} INFO - Filling up the DagBag from /home/florent/Programs/anaconda3/envs/airflow_etl/lib/python3.11/site-packages/airflow/example_dags/plugins/workday.py
[2025-07-11T11:49:07.182+0200] {processor.py:842} WARNING - No viable dags retrieved from /home/florent/Programs/anaconda3/envs/airflow_etl/lib/python3.11/site-packages/airflow/example_dags/plugins/workday.py
[2025-07-11T11:49:07.186+0200] {processor.py:183} INFO - Processing /home/florent/Programs/anaconda3/envs/airflow_etl/lib/python3.11/site-packages/airflow/example_dags/plugins/workday.py took 0.264 seconds
[2025-07-11T11:50:13.035+0200] {processor.py:161} INFO - Started process (PID=74876) to work on /home/florent/Programs/anaconda3/envs/airflow_etl/lib/python3.11/site-packages/airflow/example_dags/plugins/workday.py
[2025-07-11T11:50:13.038+0200] {processor.py:830} INFO - Processing file /home/florent/Programs/anaconda3/envs/airflow_etl/lib/python3.11/site-packages/airflow/example_dags/plugins/workday.py for tasks to queue
[2025-07-11T11:50:13.040+0200] {logging_mixin.py:188} INFO - [2025-07-11T11:50:13.039+0200] {dagbag.py:545} INFO - Filling up the DagBag from /home/florent/Programs/anaconda3/envs/airflow_etl/lib/python3.11/site-packages/airflow/example_dags/plugins/workday.py
[2025-07-11T11:50:13.307+0200] {processor.py:842} WARNING - No viable dags retrieved from /home/florent/Programs/anaconda3/envs/airflow_etl/lib/python3.11/site-packages/airflow/example_dags/plugins/workday.py
[2025-07-11T11:50:13.310+0200] {processor.py:183} INFO - Processing /home/florent/Programs/anaconda3/envs/airflow_etl/lib/python3.11/site-packages/airflow/example_dags/plugins/workday.py took 0.282 seconds
[2025-07-11T11:51:20.652+0200] {processor.py:161} INFO - Started process (PID=75587) to work on /home/florent/Programs/anaconda3/envs/airflow_etl/lib/python3.11/site-packages/airflow/example_dags/plugins/workday.py
[2025-07-11T11:51:20.655+0200] {processor.py:830} INFO - Processing file /home/florent/Programs/anaconda3/envs/airflow_etl/lib/python3.11/site-packages/airflow/example_dags/plugins/workday.py for tasks to queue
[2025-07-11T11:51:20.657+0200] {logging_mixin.py:188} INFO - [2025-07-11T11:51:20.656+0200] {dagbag.py:545} INFO - Filling up the DagBag from /home/florent/Programs/anaconda3/envs/airflow_etl/lib/python3.11/site-packages/airflow/example_dags/plugins/workday.py
[2025-07-11T11:51:20.907+0200] {processor.py:842} WARNING - No viable dags retrieved from /home/florent/Programs/anaconda3/envs/airflow_etl/lib/python3.11/site-packages/airflow/example_dags/plugins/workday.py
[2025-07-11T11:51:20.910+0200] {processor.py:183} INFO - Processing /home/florent/Programs/anaconda3/envs/airflow_etl/lib/python3.11/site-packages/airflow/example_dags/plugins/workday.py took 0.265 seconds
[2025-07-11T11:52:23.715+0200] {processor.py:161} INFO - Started process (PID=76218) to work on /home/florent/Programs/anaconda3/envs/airflow_etl/lib/python3.11/site-packages/airflow/example_dags/plugins/workday.py
[2025-07-11T11:52:23.718+0200] {processor.py:830} INFO - Processing file /home/florent/Programs/anaconda3/envs/airflow_etl/lib/python3.11/site-packages/airflow/example_dags/plugins/workday.py for tasks to queue
[2025-07-11T11:52:23.720+0200] {logging_mixin.py:188} INFO - [2025-07-11T11:52:23.719+0200] {dagbag.py:545} INFO - Filling up the DagBag from /home/florent/Programs/anaconda3/envs/airflow_etl/lib/python3.11/site-packages/airflow/example_dags/plugins/workday.py
[2025-07-11T11:52:23.971+0200] {processor.py:842} WARNING - No viable dags retrieved from /home/florent/Programs/anaconda3/envs/airflow_etl/lib/python3.11/site-packages/airflow/example_dags/plugins/workday.py
[2025-07-11T11:52:23.974+0200] {processor.py:183} INFO - Processing /home/florent/Programs/anaconda3/envs/airflow_etl/lib/python3.11/site-packages/airflow/example_dags/plugins/workday.py took 0.265 seconds
[2025-07-11T11:53:29.106+0200] {processor.py:161} INFO - Started process (PID=76887) to work on /home/florent/Programs/anaconda3/envs/airflow_etl/lib/python3.11/site-packages/airflow/example_dags/plugins/workday.py
[2025-07-11T11:53:29.109+0200] {processor.py:830} INFO - Processing file /home/florent/Programs/anaconda3/envs/airflow_etl/lib/python3.11/site-packages/airflow/example_dags/plugins/workday.py for tasks to queue
[2025-07-11T11:53:29.111+0200] {logging_mixin.py:188} INFO - [2025-07-11T11:53:29.110+0200] {dagbag.py:545} INFO - Filling up the DagBag from /home/florent/Programs/anaconda3/envs/airflow_etl/lib/python3.11/site-packages/airflow/example_dags/plugins/workday.py
[2025-07-11T11:53:29.351+0200] {processor.py:842} WARNING - No viable dags retrieved from /home/florent/Programs/anaconda3/envs/airflow_etl/lib/python3.11/site-packages/airflow/example_dags/plugins/workday.py
[2025-07-11T11:53:29.355+0200] {processor.py:183} INFO - Processing /home/florent/Programs/anaconda3/envs/airflow_etl/lib/python3.11/site-packages/airflow/example_dags/plugins/workday.py took 0.254 seconds
[2025-07-11T11:54:36.799+0200] {processor.py:161} INFO - Started process (PID=77541) to work on /home/florent/Programs/anaconda3/envs/airflow_etl/lib/python3.11/site-packages/airflow/example_dags/plugins/workday.py
[2025-07-11T11:54:36.802+0200] {processor.py:830} INFO - Processing file /home/florent/Programs/anaconda3/envs/airflow_etl/lib/python3.11/site-packages/airflow/example_dags/plugins/workday.py for tasks to queue
[2025-07-11T11:54:36.804+0200] {logging_mixin.py:188} INFO - [2025-07-11T11:54:36.803+0200] {dagbag.py:545} INFO - Filling up the DagBag from /home/florent/Programs/anaconda3/envs/airflow_etl/lib/python3.11/site-packages/airflow/example_dags/plugins/workday.py
[2025-07-11T11:54:37.057+0200] {processor.py:842} WARNING - No viable dags retrieved from /home/florent/Programs/anaconda3/envs/airflow_etl/lib/python3.11/site-packages/airflow/example_dags/plugins/workday.py
[2025-07-11T11:54:37.060+0200] {processor.py:183} INFO - Processing /home/florent/Programs/anaconda3/envs/airflow_etl/lib/python3.11/site-packages/airflow/example_dags/plugins/workday.py took 0.267 seconds
[2025-07-11T11:55:43.974+0200] {processor.py:161} INFO - Started process (PID=78286) to work on /home/florent/Programs/anaconda3/envs/airflow_etl/lib/python3.11/site-packages/airflow/example_dags/plugins/workday.py
[2025-07-11T11:55:43.977+0200] {processor.py:830} INFO - Processing file /home/florent/Programs/anaconda3/envs/airflow_etl/lib/python3.11/site-packages/airflow/example_dags/plugins/workday.py for tasks to queue
[2025-07-11T11:55:43.980+0200] {logging_mixin.py:188} INFO - [2025-07-11T11:55:43.979+0200] {dagbag.py:545} INFO - Filling up the DagBag from /home/florent/Programs/anaconda3/envs/airflow_etl/lib/python3.11/site-packages/airflow/example_dags/plugins/workday.py
[2025-07-11T11:55:44.225+0200] {processor.py:842} WARNING - No viable dags retrieved from /home/florent/Programs/anaconda3/envs/airflow_etl/lib/python3.11/site-packages/airflow/example_dags/plugins/workday.py
[2025-07-11T11:55:44.229+0200] {processor.py:183} INFO - Processing /home/florent/Programs/anaconda3/envs/airflow_etl/lib/python3.11/site-packages/airflow/example_dags/plugins/workday.py took 0.260 seconds
[2025-07-11T11:56:45.178+0200] {processor.py:161} INFO - Started process (PID=78892) to work on /home/florent/Programs/anaconda3/envs/airflow_etl/lib/python3.11/site-packages/airflow/example_dags/plugins/workday.py
[2025-07-11T11:56:45.181+0200] {processor.py:830} INFO - Processing file /home/florent/Programs/anaconda3/envs/airflow_etl/lib/python3.11/site-packages/airflow/example_dags/plugins/workday.py for tasks to queue
[2025-07-11T11:56:45.183+0200] {logging_mixin.py:188} INFO - [2025-07-11T11:56:45.182+0200] {dagbag.py:545} INFO - Filling up the DagBag from /home/florent/Programs/anaconda3/envs/airflow_etl/lib/python3.11/site-packages/airflow/example_dags/plugins/workday.py
[2025-07-11T11:56:45.425+0200] {processor.py:842} WARNING - No viable dags retrieved from /home/florent/Programs/anaconda3/envs/airflow_etl/lib/python3.11/site-packages/airflow/example_dags/plugins/workday.py
[2025-07-11T11:56:45.429+0200] {processor.py:183} INFO - Processing /home/florent/Programs/anaconda3/envs/airflow_etl/lib/python3.11/site-packages/airflow/example_dags/plugins/workday.py took 0.256 seconds
[2025-07-11T11:57:48.400+0200] {processor.py:161} INFO - Started process (PID=79533) to work on /home/florent/Programs/anaconda3/envs/airflow_etl/lib/python3.11/site-packages/airflow/example_dags/plugins/workday.py
[2025-07-11T11:57:48.402+0200] {processor.py:830} INFO - Processing file /home/florent/Programs/anaconda3/envs/airflow_etl/lib/python3.11/site-packages/airflow/example_dags/plugins/workday.py for tasks to queue
[2025-07-11T11:57:48.404+0200] {logging_mixin.py:188} INFO - [2025-07-11T11:57:48.403+0200] {dagbag.py:545} INFO - Filling up the DagBag from /home/florent/Programs/anaconda3/envs/airflow_etl/lib/python3.11/site-packages/airflow/example_dags/plugins/workday.py
[2025-07-11T11:57:48.657+0200] {processor.py:842} WARNING - No viable dags retrieved from /home/florent/Programs/anaconda3/envs/airflow_etl/lib/python3.11/site-packages/airflow/example_dags/plugins/workday.py
[2025-07-11T11:57:48.661+0200] {processor.py:183} INFO - Processing /home/florent/Programs/anaconda3/envs/airflow_etl/lib/python3.11/site-packages/airflow/example_dags/plugins/workday.py took 0.265 seconds
[2025-07-11T11:58:54.429+0200] {processor.py:161} INFO - Started process (PID=80192) to work on /home/florent/Programs/anaconda3/envs/airflow_etl/lib/python3.11/site-packages/airflow/example_dags/plugins/workday.py
[2025-07-11T11:58:54.432+0200] {processor.py:830} INFO - Processing file /home/florent/Programs/anaconda3/envs/airflow_etl/lib/python3.11/site-packages/airflow/example_dags/plugins/workday.py for tasks to queue
[2025-07-11T11:58:54.434+0200] {logging_mixin.py:188} INFO - [2025-07-11T11:58:54.434+0200] {dagbag.py:545} INFO - Filling up the DagBag from /home/florent/Programs/anaconda3/envs/airflow_etl/lib/python3.11/site-packages/airflow/example_dags/plugins/workday.py
[2025-07-11T11:58:54.695+0200] {processor.py:842} WARNING - No viable dags retrieved from /home/florent/Programs/anaconda3/envs/airflow_etl/lib/python3.11/site-packages/airflow/example_dags/plugins/workday.py
[2025-07-11T11:58:54.698+0200] {processor.py:183} INFO - Processing /home/florent/Programs/anaconda3/envs/airflow_etl/lib/python3.11/site-packages/airflow/example_dags/plugins/workday.py took 0.274 seconds
[2025-07-11T12:00:03.136+0200] {processor.py:161} INFO - Started process (PID=80877) to work on /home/florent/Programs/anaconda3/envs/airflow_etl/lib/python3.11/site-packages/airflow/example_dags/plugins/workday.py
[2025-07-11T12:00:03.139+0200] {processor.py:830} INFO - Processing file /home/florent/Programs/anaconda3/envs/airflow_etl/lib/python3.11/site-packages/airflow/example_dags/plugins/workday.py for tasks to queue
[2025-07-11T12:00:03.141+0200] {logging_mixin.py:188} INFO - [2025-07-11T12:00:03.140+0200] {dagbag.py:545} INFO - Filling up the DagBag from /home/florent/Programs/anaconda3/envs/airflow_etl/lib/python3.11/site-packages/airflow/example_dags/plugins/workday.py
[2025-07-11T12:00:03.386+0200] {processor.py:842} WARNING - No viable dags retrieved from /home/florent/Programs/anaconda3/envs/airflow_etl/lib/python3.11/site-packages/airflow/example_dags/plugins/workday.py
[2025-07-11T12:00:03.390+0200] {processor.py:183} INFO - Processing /home/florent/Programs/anaconda3/envs/airflow_etl/lib/python3.11/site-packages/airflow/example_dags/plugins/workday.py took 0.260 seconds
[2025-07-11T12:01:12.740+0200] {processor.py:161} INFO - Started process (PID=81586) to work on /home/florent/Programs/anaconda3/envs/airflow_etl/lib/python3.11/site-packages/airflow/example_dags/plugins/workday.py
[2025-07-11T12:01:12.743+0200] {processor.py:830} INFO - Processing file /home/florent/Programs/anaconda3/envs/airflow_etl/lib/python3.11/site-packages/airflow/example_dags/plugins/workday.py for tasks to queue
[2025-07-11T12:01:12.745+0200] {logging_mixin.py:188} INFO - [2025-07-11T12:01:12.745+0200] {dagbag.py:545} INFO - Filling up the DagBag from /home/florent/Programs/anaconda3/envs/airflow_etl/lib/python3.11/site-packages/airflow/example_dags/plugins/workday.py
[2025-07-11T12:01:12.988+0200] {processor.py:842} WARNING - No viable dags retrieved from /home/florent/Programs/anaconda3/envs/airflow_etl/lib/python3.11/site-packages/airflow/example_dags/plugins/workday.py
[2025-07-11T12:01:12.991+0200] {processor.py:183} INFO - Processing /home/florent/Programs/anaconda3/envs/airflow_etl/lib/python3.11/site-packages/airflow/example_dags/plugins/workday.py took 0.257 seconds
[2025-07-11T12:02:13.975+0200] {processor.py:161} INFO - Started process (PID=82213) to work on /home/florent/Programs/anaconda3/envs/airflow_etl/lib/python3.11/site-packages/airflow/example_dags/plugins/workday.py
[2025-07-11T12:02:13.978+0200] {processor.py:830} INFO - Processing file /home/florent/Programs/anaconda3/envs/airflow_etl/lib/python3.11/site-packages/airflow/example_dags/plugins/workday.py for tasks to queue
[2025-07-11T12:02:13.980+0200] {logging_mixin.py:188} INFO - [2025-07-11T12:02:13.980+0200] {dagbag.py:545} INFO - Filling up the DagBag from /home/florent/Programs/anaconda3/envs/airflow_etl/lib/python3.11/site-packages/airflow/example_dags/plugins/workday.py
[2025-07-11T12:02:14.231+0200] {processor.py:842} WARNING - No viable dags retrieved from /home/florent/Programs/anaconda3/envs/airflow_etl/lib/python3.11/site-packages/airflow/example_dags/plugins/workday.py
[2025-07-11T12:02:14.234+0200] {processor.py:183} INFO - Processing /home/florent/Programs/anaconda3/envs/airflow_etl/lib/python3.11/site-packages/airflow/example_dags/plugins/workday.py took 0.264 seconds
[2025-07-11T12:03:20.334+0200] {processor.py:161} INFO - Started process (PID=82847) to work on /home/florent/Programs/anaconda3/envs/airflow_etl/lib/python3.11/site-packages/airflow/example_dags/plugins/workday.py
[2025-07-11T12:03:20.337+0200] {processor.py:830} INFO - Processing file /home/florent/Programs/anaconda3/envs/airflow_etl/lib/python3.11/site-packages/airflow/example_dags/plugins/workday.py for tasks to queue
[2025-07-11T12:03:20.339+0200] {logging_mixin.py:188} INFO - [2025-07-11T12:03:20.339+0200] {dagbag.py:545} INFO - Filling up the DagBag from /home/florent/Programs/anaconda3/envs/airflow_etl/lib/python3.11/site-packages/airflow/example_dags/plugins/workday.py
[2025-07-11T12:03:20.594+0200] {processor.py:842} WARNING - No viable dags retrieved from /home/florent/Programs/anaconda3/envs/airflow_etl/lib/python3.11/site-packages/airflow/example_dags/plugins/workday.py
[2025-07-11T12:03:20.597+0200] {processor.py:183} INFO - Processing /home/florent/Programs/anaconda3/envs/airflow_etl/lib/python3.11/site-packages/airflow/example_dags/plugins/workday.py took 0.268 seconds
[2025-07-11T12:04:25.887+0200] {processor.py:161} INFO - Started process (PID=83517) to work on /home/florent/Programs/anaconda3/envs/airflow_etl/lib/python3.11/site-packages/airflow/example_dags/plugins/workday.py
[2025-07-11T12:04:25.890+0200] {processor.py:830} INFO - Processing file /home/florent/Programs/anaconda3/envs/airflow_etl/lib/python3.11/site-packages/airflow/example_dags/plugins/workday.py for tasks to queue
[2025-07-11T12:04:25.892+0200] {logging_mixin.py:188} INFO - [2025-07-11T12:04:25.891+0200] {dagbag.py:545} INFO - Filling up the DagBag from /home/florent/Programs/anaconda3/envs/airflow_etl/lib/python3.11/site-packages/airflow/example_dags/plugins/workday.py
[2025-07-11T12:04:26.148+0200] {processor.py:842} WARNING - No viable dags retrieved from /home/florent/Programs/anaconda3/envs/airflow_etl/lib/python3.11/site-packages/airflow/example_dags/plugins/workday.py
[2025-07-11T12:04:26.151+0200] {processor.py:183} INFO - Processing /home/florent/Programs/anaconda3/envs/airflow_etl/lib/python3.11/site-packages/airflow/example_dags/plugins/workday.py took 0.270 seconds
[2025-07-11T12:05:32.775+0200] {processor.py:161} INFO - Started process (PID=84339) to work on /home/florent/Programs/anaconda3/envs/airflow_etl/lib/python3.11/site-packages/airflow/example_dags/plugins/workday.py
[2025-07-11T12:05:32.778+0200] {processor.py:830} INFO - Processing file /home/florent/Programs/anaconda3/envs/airflow_etl/lib/python3.11/site-packages/airflow/example_dags/plugins/workday.py for tasks to queue
[2025-07-11T12:05:32.780+0200] {logging_mixin.py:188} INFO - [2025-07-11T12:05:32.779+0200] {dagbag.py:545} INFO - Filling up the DagBag from /home/florent/Programs/anaconda3/envs/airflow_etl/lib/python3.11/site-packages/airflow/example_dags/plugins/workday.py
[2025-07-11T12:05:33.051+0200] {processor.py:842} WARNING - No viable dags retrieved from /home/florent/Programs/anaconda3/envs/airflow_etl/lib/python3.11/site-packages/airflow/example_dags/plugins/workday.py
[2025-07-11T12:05:33.055+0200] {processor.py:183} INFO - Processing /home/florent/Programs/anaconda3/envs/airflow_etl/lib/python3.11/site-packages/airflow/example_dags/plugins/workday.py took 0.284 seconds
