[2025-07-11T11:27:19.395+0200] {local_task_job_runner.py:120} INFO - ::group::Pre task execution logs
[2025-07-11T11:27:19.403+0200] {taskinstance.py:2076} INFO - Dependencies all met for dep_context=non-requeueable deps ti=<TaskInstance: chembl_assay_etl.fetch_chembl_assays manual__2025-07-11T09:23:19.969862+00:00 [queued]>
[2025-07-11T11:27:19.405+0200] {taskinstance.py:2076} INFO - Dependencies all met for dep_context=requeueable deps ti=<TaskInstance: chembl_assay_etl.fetch_chembl_assays manual__2025-07-11T09:23:19.969862+00:00 [queued]>
[2025-07-11T11:27:19.405+0200] {taskinstance.py:2306} INFO - Starting attempt 2 of 2
[2025-07-11T11:27:19.411+0200] {taskinstance.py:2330} INFO - Executing <Task(PythonOperator): fetch_chembl_assays> on 2025-07-11 09:23:19.969862+00:00
[2025-07-11T11:27:19.416+0200] {standard_task_runner.py:63} INFO - Started process 60003 to run task
[2025-07-11T11:27:19.419+0200] {standard_task_runner.py:90} INFO - Running: ['airflow', 'tasks', 'run', 'chembl_assay_etl', 'fetch_chembl_assays', 'manual__2025-07-11T09:23:19.969862+00:00', '--job-id', '11', '--raw', '--subdir', 'DAGS_FOLDER/chembl_assay_etl.py', '--cfg-path', '/tmp/tmphyeyr96o']
[2025-07-11T11:27:19.419+0200] {standard_task_runner.py:91} INFO - Job 11: Subtask fetch_chembl_assays
[2025-07-11T11:27:19.446+0200] {task_command.py:426} INFO - Running <TaskInstance: chembl_assay_etl.fetch_chembl_assays manual__2025-07-11T09:23:19.969862+00:00 [running]> on host p14s
[2025-07-11T11:27:19.473+0200] {taskinstance.py:2648} INFO - Exporting env vars: AIRFLOW_CTX_DAG_OWNER='florent' AIRFLOW_CTX_DAG_ID='chembl_assay_etl' AIRFLOW_CTX_TASK_ID='fetch_chembl_assays' AIRFLOW_CTX_EXECUTION_DATE='2025-07-11T09:23:19.969862+00:00' AIRFLOW_CTX_TRY_NUMBER='2' AIRFLOW_CTX_DAG_RUN_ID='manual__2025-07-11T09:23:19.969862+00:00'
[2025-07-11T11:27:19.474+0200] {taskinstance.py:430} INFO - ::endgroup::
[2025-07-11T11:27:19.476+0200] {query_set.py:166} INFO - __getitem__, self.limits = (0, 20), k = slice(0, 20, None)
[2025-07-11T11:27:19.476+0200] {url_query.py:76} INFO - resetting chunk
[2025-07-11T11:27:19.484+0200] {url_query.py:390} INFO - https://www.ebi.ac.uk/chembl/api/data/assay.json
[2025-07-11T11:27:19.484+0200] {url_query.py:391} INFO - [('assay_type', 'A'), ('assay_organism__iexact', 'Homo%20sapiens'), ('only', ['assay_type', 'description', 'assay_chembl_id', 'assay_organism']), ('limit', 20), ('offset', 0)]
[2025-07-11T11:27:19.484+0200] {url_query.py:392} INFO - From cache: True
[2025-07-11T11:27:19.486+0200] {query_set.py:166} INFO - __getitem__, self.limits = (20, 40), k = slice(20, 40, None)
[2025-07-11T11:27:19.486+0200] {url_query.py:76} INFO - resetting chunk
[2025-07-11T11:27:19.487+0200] {url_query.py:390} INFO - https://www.ebi.ac.uk/chembl/api/data/assay.json
[2025-07-11T11:27:19.487+0200] {url_query.py:391} INFO - [('assay_type', 'A'), ('assay_organism__iexact', 'Homo%20sapiens'), ('only', ['assay_type', 'description', 'assay_chembl_id', 'assay_organism']), ('limit', 20), ('offset', 20)]
[2025-07-11T11:27:19.487+0200] {url_query.py:392} INFO - From cache: True
[2025-07-11T11:27:19.488+0200] {query_set.py:166} INFO - __getitem__, self.limits = (40, 60), k = slice(40, 60, None)
[2025-07-11T11:27:19.488+0200] {url_query.py:76} INFO - resetting chunk
[2025-07-11T11:27:19.490+0200] {url_query.py:390} INFO - https://www.ebi.ac.uk/chembl/api/data/assay.json
[2025-07-11T11:27:19.490+0200] {url_query.py:391} INFO - [('assay_type', 'A'), ('assay_organism__iexact', 'Homo%20sapiens'), ('only', ['assay_type', 'description', 'assay_chembl_id', 'assay_organism']), ('limit', 20), ('offset', 40)]
[2025-07-11T11:27:19.490+0200] {url_query.py:392} INFO - From cache: True
[2025-07-11T11:27:19.491+0200] {query_set.py:166} INFO - __getitem__, self.limits = (60, 80), k = slice(60, 80, None)
[2025-07-11T11:27:19.491+0200] {url_query.py:76} INFO - resetting chunk
[2025-07-11T11:27:19.492+0200] {url_query.py:390} INFO - https://www.ebi.ac.uk/chembl/api/data/assay.json
[2025-07-11T11:27:19.492+0200] {url_query.py:391} INFO - [('assay_type', 'A'), ('assay_organism__iexact', 'Homo%20sapiens'), ('only', ['assay_type', 'description', 'assay_chembl_id', 'assay_organism']), ('limit', 20), ('offset', 60)]
[2025-07-11T11:27:19.492+0200] {url_query.py:392} INFO - From cache: True
[2025-07-11T11:27:19.494+0200] {query_set.py:166} INFO - __getitem__, self.limits = (80, 100), k = slice(80, 100, None)
[2025-07-11T11:27:19.494+0200] {url_query.py:76} INFO - resetting chunk
[2025-07-11T11:27:19.495+0200] {url_query.py:390} INFO - https://www.ebi.ac.uk/chembl/api/data/assay.json
[2025-07-11T11:27:19.495+0200] {url_query.py:391} INFO - [('assay_type', 'A'), ('assay_organism__iexact', 'Homo%20sapiens'), ('only', ['assay_type', 'description', 'assay_chembl_id', 'assay_organism']), ('limit', 20), ('offset', 80)]
[2025-07-11T11:27:19.495+0200] {url_query.py:392} INFO - From cache: True
[2025-07-11T11:27:19.496+0200] {query_set.py:166} INFO - __getitem__, self.limits = (100, 120), k = slice(100, 120, None)
[2025-07-11T11:27:19.496+0200] {url_query.py:76} INFO - resetting chunk
[2025-07-11T11:27:19.497+0200] {url_query.py:390} INFO - https://www.ebi.ac.uk/chembl/api/data/assay.json
[2025-07-11T11:27:19.497+0200] {url_query.py:391} INFO - [('assay_type', 'A'), ('assay_organism__iexact', 'Homo%20sapiens'), ('only', ['assay_type', 'description', 'assay_chembl_id', 'assay_organism']), ('limit', 20), ('offset', 100)]
[2025-07-11T11:27:19.497+0200] {url_query.py:392} INFO - From cache: True
[2025-07-11T11:27:19.498+0200] {query_set.py:166} INFO - __getitem__, self.limits = (120, 140), k = slice(120, 140, None)
[2025-07-11T11:27:19.499+0200] {url_query.py:76} INFO - resetting chunk
[2025-07-11T11:27:19.500+0200] {url_query.py:390} INFO - https://www.ebi.ac.uk/chembl/api/data/assay.json
[2025-07-11T11:27:19.500+0200] {url_query.py:391} INFO - [('assay_type', 'A'), ('assay_organism__iexact', 'Homo%20sapiens'), ('only', ['assay_type', 'description', 'assay_chembl_id', 'assay_organism']), ('limit', 20), ('offset', 120)]
[2025-07-11T11:27:19.500+0200] {url_query.py:392} INFO - From cache: True
[2025-07-11T11:27:19.501+0200] {query_set.py:166} INFO - __getitem__, self.limits = (140, 160), k = slice(140, 160, None)
[2025-07-11T11:27:19.501+0200] {url_query.py:76} INFO - resetting chunk
[2025-07-11T11:27:19.502+0200] {url_query.py:390} INFO - https://www.ebi.ac.uk/chembl/api/data/assay.json
[2025-07-11T11:27:19.502+0200] {url_query.py:391} INFO - [('assay_type', 'A'), ('assay_organism__iexact', 'Homo%20sapiens'), ('only', ['assay_type', 'description', 'assay_chembl_id', 'assay_organism']), ('limit', 20), ('offset', 140)]
[2025-07-11T11:27:19.502+0200] {url_query.py:392} INFO - From cache: True
[2025-07-11T11:27:19.503+0200] {query_set.py:166} INFO - __getitem__, self.limits = (160, 180), k = slice(160, 180, None)
[2025-07-11T11:27:19.503+0200] {url_query.py:76} INFO - resetting chunk
[2025-07-11T11:27:19.504+0200] {url_query.py:390} INFO - https://www.ebi.ac.uk/chembl/api/data/assay.json
[2025-07-11T11:27:19.505+0200] {url_query.py:391} INFO - [('assay_type', 'A'), ('assay_organism__iexact', 'Homo%20sapiens'), ('only', ['assay_type', 'description', 'assay_chembl_id', 'assay_organism']), ('limit', 20), ('offset', 160)]
[2025-07-11T11:27:19.505+0200] {url_query.py:392} INFO - From cache: True
[2025-07-11T11:27:19.506+0200] {query_set.py:166} INFO - __getitem__, self.limits = (180, 200), k = slice(180, 200, None)
[2025-07-11T11:27:19.506+0200] {url_query.py:76} INFO - resetting chunk
[2025-07-11T11:27:19.507+0200] {url_query.py:390} INFO - https://www.ebi.ac.uk/chembl/api/data/assay.json
[2025-07-11T11:27:19.507+0200] {url_query.py:391} INFO - [('assay_type', 'A'), ('assay_organism__iexact', 'Homo%20sapiens'), ('only', ['assay_type', 'description', 'assay_chembl_id', 'assay_organism']), ('limit', 20), ('offset', 180)]
[2025-07-11T11:27:19.507+0200] {url_query.py:392} INFO - From cache: True
[2025-07-11T11:27:19.508+0200] {query_set.py:166} INFO - __getitem__, self.limits = (200, 220), k = slice(200, 220, None)
[2025-07-11T11:27:19.508+0200] {url_query.py:76} INFO - resetting chunk
[2025-07-11T11:27:19.509+0200] {url_query.py:390} INFO - https://www.ebi.ac.uk/chembl/api/data/assay.json
[2025-07-11T11:27:19.509+0200] {url_query.py:391} INFO - [('assay_type', 'A'), ('assay_organism__iexact', 'Homo%20sapiens'), ('only', ['assay_type', 'description', 'assay_chembl_id', 'assay_organism']), ('limit', 20), ('offset', 200)]
[2025-07-11T11:27:19.509+0200] {url_query.py:392} INFO - From cache: True
[2025-07-11T11:27:19.511+0200] {query_set.py:166} INFO - __getitem__, self.limits = (220, 240), k = slice(220, 240, None)
[2025-07-11T11:27:19.511+0200] {url_query.py:76} INFO - resetting chunk
[2025-07-11T11:27:19.512+0200] {url_query.py:390} INFO - https://www.ebi.ac.uk/chembl/api/data/assay.json
[2025-07-11T11:27:19.512+0200] {url_query.py:391} INFO - [('assay_type', 'A'), ('assay_organism__iexact', 'Homo%20sapiens'), ('only', ['assay_type', 'description', 'assay_chembl_id', 'assay_organism']), ('limit', 20), ('offset', 220)]
[2025-07-11T11:27:19.512+0200] {url_query.py:392} INFO - From cache: True
[2025-07-11T11:27:19.513+0200] {query_set.py:166} INFO - __getitem__, self.limits = (240, 260), k = slice(240, 260, None)
[2025-07-11T11:27:19.513+0200] {url_query.py:76} INFO - resetting chunk
[2025-07-11T11:27:19.514+0200] {url_query.py:390} INFO - https://www.ebi.ac.uk/chembl/api/data/assay.json
[2025-07-11T11:27:19.514+0200] {url_query.py:391} INFO - [('assay_type', 'A'), ('assay_organism__iexact', 'Homo%20sapiens'), ('only', ['assay_type', 'description', 'assay_chembl_id', 'assay_organism']), ('limit', 20), ('offset', 240)]
[2025-07-11T11:27:19.514+0200] {url_query.py:392} INFO - From cache: True
[2025-07-11T11:27:19.515+0200] {query_set.py:166} INFO - __getitem__, self.limits = (260, 280), k = slice(260, 280, None)
[2025-07-11T11:27:19.515+0200] {url_query.py:76} INFO - resetting chunk
[2025-07-11T11:27:19.516+0200] {url_query.py:390} INFO - https://www.ebi.ac.uk/chembl/api/data/assay.json
[2025-07-11T11:27:19.517+0200] {url_query.py:391} INFO - [('assay_type', 'A'), ('assay_organism__iexact', 'Homo%20sapiens'), ('only', ['assay_type', 'description', 'assay_chembl_id', 'assay_organism']), ('limit', 20), ('offset', 260)]
[2025-07-11T11:27:19.517+0200] {url_query.py:392} INFO - From cache: True
[2025-07-11T11:27:19.518+0200] {query_set.py:166} INFO - __getitem__, self.limits = (280, 300), k = slice(280, 300, None)
[2025-07-11T11:27:19.518+0200] {url_query.py:76} INFO - resetting chunk
[2025-07-11T11:27:19.519+0200] {url_query.py:390} INFO - https://www.ebi.ac.uk/chembl/api/data/assay.json
[2025-07-11T11:27:19.519+0200] {url_query.py:391} INFO - [('assay_type', 'A'), ('assay_organism__iexact', 'Homo%20sapiens'), ('only', ['assay_type', 'description', 'assay_chembl_id', 'assay_organism']), ('limit', 20), ('offset', 280)]
[2025-07-11T11:27:19.519+0200] {url_query.py:392} INFO - From cache: True
[2025-07-11T11:27:19.520+0200] {query_set.py:166} INFO - __getitem__, self.limits = (300, 320), k = slice(300, 320, None)
[2025-07-11T11:27:19.520+0200] {url_query.py:76} INFO - resetting chunk
[2025-07-11T11:27:19.521+0200] {url_query.py:390} INFO - https://www.ebi.ac.uk/chembl/api/data/assay.json
[2025-07-11T11:27:19.521+0200] {url_query.py:391} INFO - [('assay_type', 'A'), ('assay_organism__iexact', 'Homo%20sapiens'), ('only', ['assay_type', 'description', 'assay_chembl_id', 'assay_organism']), ('limit', 20), ('offset', 300)]
[2025-07-11T11:27:19.521+0200] {url_query.py:392} INFO - From cache: True
[2025-07-11T11:27:19.522+0200] {query_set.py:166} INFO - __getitem__, self.limits = (320, 340), k = slice(320, 340, None)
[2025-07-11T11:27:19.523+0200] {url_query.py:76} INFO - resetting chunk
[2025-07-11T11:27:19.524+0200] {url_query.py:390} INFO - https://www.ebi.ac.uk/chembl/api/data/assay.json
[2025-07-11T11:27:19.524+0200] {url_query.py:391} INFO - [('assay_type', 'A'), ('assay_organism__iexact', 'Homo%20sapiens'), ('only', ['assay_type', 'description', 'assay_chembl_id', 'assay_organism']), ('limit', 20), ('offset', 320)]
[2025-07-11T11:27:19.524+0200] {url_query.py:392} INFO - From cache: True
[2025-07-11T11:27:19.525+0200] {query_set.py:166} INFO - __getitem__, self.limits = (340, 360), k = slice(340, 360, None)
[2025-07-11T11:27:19.525+0200] {url_query.py:76} INFO - resetting chunk
[2025-07-11T11:27:19.526+0200] {url_query.py:390} INFO - https://www.ebi.ac.uk/chembl/api/data/assay.json
[2025-07-11T11:27:19.526+0200] {url_query.py:391} INFO - [('assay_type', 'A'), ('assay_organism__iexact', 'Homo%20sapiens'), ('only', ['assay_type', 'description', 'assay_chembl_id', 'assay_organism']), ('limit', 20), ('offset', 340)]
[2025-07-11T11:27:19.526+0200] {url_query.py:392} INFO - From cache: True
[2025-07-11T11:27:19.528+0200] {query_set.py:166} INFO - __getitem__, self.limits = (360, 380), k = slice(360, 380, None)
[2025-07-11T11:27:19.528+0200] {url_query.py:76} INFO - resetting chunk
[2025-07-11T11:27:19.529+0200] {url_query.py:390} INFO - https://www.ebi.ac.uk/chembl/api/data/assay.json
[2025-07-11T11:27:19.529+0200] {url_query.py:391} INFO - [('assay_type', 'A'), ('assay_organism__iexact', 'Homo%20sapiens'), ('only', ['assay_type', 'description', 'assay_chembl_id', 'assay_organism']), ('limit', 20), ('offset', 360)]
[2025-07-11T11:27:19.529+0200] {url_query.py:392} INFO - From cache: True
[2025-07-11T11:27:19.530+0200] {query_set.py:166} INFO - __getitem__, self.limits = (380, 400), k = slice(380, 400, None)
[2025-07-11T11:27:19.530+0200] {url_query.py:76} INFO - resetting chunk
[2025-07-11T11:27:19.531+0200] {url_query.py:390} INFO - https://www.ebi.ac.uk/chembl/api/data/assay.json
[2025-07-11T11:27:19.531+0200] {url_query.py:391} INFO - [('assay_type', 'A'), ('assay_organism__iexact', 'Homo%20sapiens'), ('only', ['assay_type', 'description', 'assay_chembl_id', 'assay_organism']), ('limit', 20), ('offset', 380)]
[2025-07-11T11:27:19.531+0200] {url_query.py:392} INFO - From cache: True
[2025-07-11T11:27:19.532+0200] {query_set.py:166} INFO - __getitem__, self.limits = (400, 420), k = slice(400, 420, None)
[2025-07-11T11:27:19.533+0200] {url_query.py:76} INFO - resetting chunk
[2025-07-11T11:27:19.533+0200] {url_query.py:390} INFO - https://www.ebi.ac.uk/chembl/api/data/assay.json
[2025-07-11T11:27:19.534+0200] {url_query.py:391} INFO - [('assay_type', 'A'), ('assay_organism__iexact', 'Homo%20sapiens'), ('only', ['assay_type', 'description', 'assay_chembl_id', 'assay_organism']), ('limit', 20), ('offset', 400)]
[2025-07-11T11:27:19.534+0200] {url_query.py:392} INFO - From cache: True
[2025-07-11T11:27:19.535+0200] {query_set.py:166} INFO - __getitem__, self.limits = (420, 440), k = slice(420, 440, None)
[2025-07-11T11:27:19.535+0200] {url_query.py:76} INFO - resetting chunk
[2025-07-11T11:27:19.536+0200] {url_query.py:390} INFO - https://www.ebi.ac.uk/chembl/api/data/assay.json
[2025-07-11T11:27:19.536+0200] {url_query.py:391} INFO - [('assay_type', 'A'), ('assay_organism__iexact', 'Homo%20sapiens'), ('only', ['assay_type', 'description', 'assay_chembl_id', 'assay_organism']), ('limit', 20), ('offset', 420)]
[2025-07-11T11:27:19.536+0200] {url_query.py:392} INFO - From cache: True
[2025-07-11T11:27:19.537+0200] {query_set.py:166} INFO - __getitem__, self.limits = (440, 460), k = slice(440, 460, None)
[2025-07-11T11:27:19.537+0200] {url_query.py:76} INFO - resetting chunk
[2025-07-11T11:27:19.539+0200] {url_query.py:390} INFO - https://www.ebi.ac.uk/chembl/api/data/assay.json
[2025-07-11T11:27:19.539+0200] {url_query.py:391} INFO - [('assay_type', 'A'), ('assay_organism__iexact', 'Homo%20sapiens'), ('only', ['assay_type', 'description', 'assay_chembl_id', 'assay_organism']), ('limit', 20), ('offset', 440)]
[2025-07-11T11:27:19.539+0200] {url_query.py:392} INFO - From cache: True
[2025-07-11T11:27:19.540+0200] {query_set.py:166} INFO - __getitem__, self.limits = (460, 480), k = slice(460, 480, None)
[2025-07-11T11:27:19.540+0200] {url_query.py:76} INFO - resetting chunk
[2025-07-11T11:27:19.541+0200] {url_query.py:390} INFO - https://www.ebi.ac.uk/chembl/api/data/assay.json
[2025-07-11T11:27:19.541+0200] {url_query.py:391} INFO - [('assay_type', 'A'), ('assay_organism__iexact', 'Homo%20sapiens'), ('only', ['assay_type', 'description', 'assay_chembl_id', 'assay_organism']), ('limit', 20), ('offset', 460)]
[2025-07-11T11:27:19.541+0200] {url_query.py:392} INFO - From cache: True
[2025-07-11T11:27:19.542+0200] {query_set.py:166} INFO - __getitem__, self.limits = (480, 500), k = slice(480, 500, None)
[2025-07-11T11:27:19.542+0200] {url_query.py:76} INFO - resetting chunk
[2025-07-11T11:27:19.543+0200] {url_query.py:390} INFO - https://www.ebi.ac.uk/chembl/api/data/assay.json
[2025-07-11T11:27:19.544+0200] {url_query.py:391} INFO - [('assay_type', 'A'), ('assay_organism__iexact', 'Homo%20sapiens'), ('only', ['assay_type', 'description', 'assay_chembl_id', 'assay_organism']), ('limit', 20), ('offset', 480)]
[2025-07-11T11:27:19.544+0200] {url_query.py:392} INFO - From cache: True
[2025-07-11T11:27:19.545+0200] {query_set.py:166} INFO - __getitem__, self.limits = (500, 520), k = slice(500, 520, None)
[2025-07-11T11:27:19.545+0200] {url_query.py:76} INFO - resetting chunk
[2025-07-11T11:27:19.546+0200] {url_query.py:390} INFO - https://www.ebi.ac.uk/chembl/api/data/assay.json
[2025-07-11T11:27:19.546+0200] {url_query.py:391} INFO - [('assay_type', 'A'), ('assay_organism__iexact', 'Homo%20sapiens'), ('only', ['assay_type', 'description', 'assay_chembl_id', 'assay_organism']), ('limit', 20), ('offset', 500)]
[2025-07-11T11:27:19.546+0200] {url_query.py:392} INFO - From cache: True
[2025-07-11T11:27:19.547+0200] {query_set.py:166} INFO - __getitem__, self.limits = (520, 540), k = slice(520, 540, None)
[2025-07-11T11:27:19.547+0200] {url_query.py:76} INFO - resetting chunk
[2025-07-11T11:27:19.548+0200] {url_query.py:390} INFO - https://www.ebi.ac.uk/chembl/api/data/assay.json
[2025-07-11T11:27:19.548+0200] {url_query.py:391} INFO - [('assay_type', 'A'), ('assay_organism__iexact', 'Homo%20sapiens'), ('only', ['assay_type', 'description', 'assay_chembl_id', 'assay_organism']), ('limit', 20), ('offset', 520)]
[2025-07-11T11:27:19.548+0200] {url_query.py:392} INFO - From cache: True
[2025-07-11T11:27:19.550+0200] {query_set.py:166} INFO - __getitem__, self.limits = (540, 560), k = slice(540, 560, None)
[2025-07-11T11:27:19.550+0200] {url_query.py:76} INFO - resetting chunk
[2025-07-11T11:27:19.551+0200] {url_query.py:390} INFO - https://www.ebi.ac.uk/chembl/api/data/assay.json
[2025-07-11T11:27:19.551+0200] {url_query.py:391} INFO - [('assay_type', 'A'), ('assay_organism__iexact', 'Homo%20sapiens'), ('only', ['assay_type', 'description', 'assay_chembl_id', 'assay_organism']), ('limit', 20), ('offset', 540)]
[2025-07-11T11:27:19.551+0200] {url_query.py:392} INFO - From cache: True
[2025-07-11T11:27:19.552+0200] {query_set.py:166} INFO - __getitem__, self.limits = (560, 580), k = slice(560, 580, None)
[2025-07-11T11:27:19.552+0200] {url_query.py:76} INFO - resetting chunk
[2025-07-11T11:27:19.553+0200] {url_query.py:390} INFO - https://www.ebi.ac.uk/chembl/api/data/assay.json
[2025-07-11T11:27:19.553+0200] {url_query.py:391} INFO - [('assay_type', 'A'), ('assay_organism__iexact', 'Homo%20sapiens'), ('only', ['assay_type', 'description', 'assay_chembl_id', 'assay_organism']), ('limit', 20), ('offset', 560)]
[2025-07-11T11:27:19.553+0200] {url_query.py:392} INFO - From cache: True
[2025-07-11T11:27:19.554+0200] {query_set.py:166} INFO - __getitem__, self.limits = (580, 600), k = slice(580, 600, None)
[2025-07-11T11:27:19.554+0200] {url_query.py:76} INFO - resetting chunk
[2025-07-11T11:27:19.555+0200] {url_query.py:390} INFO - https://www.ebi.ac.uk/chembl/api/data/assay.json
[2025-07-11T11:27:19.556+0200] {url_query.py:391} INFO - [('assay_type', 'A'), ('assay_organism__iexact', 'Homo%20sapiens'), ('only', ['assay_type', 'description', 'assay_chembl_id', 'assay_organism']), ('limit', 20), ('offset', 580)]
[2025-07-11T11:27:19.556+0200] {url_query.py:392} INFO - From cache: True
[2025-07-11T11:27:19.557+0200] {query_set.py:166} INFO - __getitem__, self.limits = (600, 620), k = slice(600, 620, None)
[2025-07-11T11:27:19.557+0200] {url_query.py:76} INFO - resetting chunk
[2025-07-11T11:27:19.558+0200] {url_query.py:390} INFO - https://www.ebi.ac.uk/chembl/api/data/assay.json
[2025-07-11T11:27:19.558+0200] {url_query.py:391} INFO - [('assay_type', 'A'), ('assay_organism__iexact', 'Homo%20sapiens'), ('only', ['assay_type', 'description', 'assay_chembl_id', 'assay_organism']), ('limit', 20), ('offset', 600)]
[2025-07-11T11:27:19.558+0200] {url_query.py:392} INFO - From cache: True
[2025-07-11T11:27:19.559+0200] {query_set.py:166} INFO - __getitem__, self.limits = (620, 640), k = slice(620, 640, None)
[2025-07-11T11:27:19.559+0200] {url_query.py:76} INFO - resetting chunk
[2025-07-11T11:27:19.560+0200] {url_query.py:390} INFO - https://www.ebi.ac.uk/chembl/api/data/assay.json
[2025-07-11T11:27:19.560+0200] {url_query.py:391} INFO - [('assay_type', 'A'), ('assay_organism__iexact', 'Homo%20sapiens'), ('only', ['assay_type', 'description', 'assay_chembl_id', 'assay_organism']), ('limit', 20), ('offset', 620)]
[2025-07-11T11:27:19.560+0200] {url_query.py:392} INFO - From cache: True
[2025-07-11T11:27:19.562+0200] {query_set.py:166} INFO - __getitem__, self.limits = (640, 660), k = slice(640, 660, None)
[2025-07-11T11:27:19.562+0200] {url_query.py:76} INFO - resetting chunk
[2025-07-11T11:27:19.563+0200] {url_query.py:390} INFO - https://www.ebi.ac.uk/chembl/api/data/assay.json
[2025-07-11T11:27:19.563+0200] {url_query.py:391} INFO - [('assay_type', 'A'), ('assay_organism__iexact', 'Homo%20sapiens'), ('only', ['assay_type', 'description', 'assay_chembl_id', 'assay_organism']), ('limit', 20), ('offset', 640)]
[2025-07-11T11:27:19.563+0200] {url_query.py:392} INFO - From cache: True
[2025-07-11T11:27:19.564+0200] {query_set.py:166} INFO - __getitem__, self.limits = (660, 680), k = slice(660, 680, None)
[2025-07-11T11:27:19.564+0200] {url_query.py:76} INFO - resetting chunk
[2025-07-11T11:27:19.565+0200] {url_query.py:390} INFO - https://www.ebi.ac.uk/chembl/api/data/assay.json
[2025-07-11T11:27:19.565+0200] {url_query.py:391} INFO - [('assay_type', 'A'), ('assay_organism__iexact', 'Homo%20sapiens'), ('only', ['assay_type', 'description', 'assay_chembl_id', 'assay_organism']), ('limit', 20), ('offset', 660)]
[2025-07-11T11:27:19.565+0200] {url_query.py:392} INFO - From cache: True
[2025-07-11T11:27:19.566+0200] {query_set.py:166} INFO - __getitem__, self.limits = (680, 700), k = slice(680, 700, None)
[2025-07-11T11:27:19.566+0200] {url_query.py:76} INFO - resetting chunk
[2025-07-11T11:27:19.567+0200] {url_query.py:390} INFO - https://www.ebi.ac.uk/chembl/api/data/assay.json
[2025-07-11T11:27:19.567+0200] {url_query.py:391} INFO - [('assay_type', 'A'), ('assay_organism__iexact', 'Homo%20sapiens'), ('only', ['assay_type', 'description', 'assay_chembl_id', 'assay_organism']), ('limit', 20), ('offset', 680)]
[2025-07-11T11:27:19.568+0200] {url_query.py:392} INFO - From cache: True
[2025-07-11T11:27:19.569+0200] {query_set.py:166} INFO - __getitem__, self.limits = (700, 720), k = slice(700, 720, None)
[2025-07-11T11:27:19.569+0200] {url_query.py:76} INFO - resetting chunk
[2025-07-11T11:27:19.570+0200] {url_query.py:390} INFO - https://www.ebi.ac.uk/chembl/api/data/assay.json
[2025-07-11T11:27:19.570+0200] {url_query.py:391} INFO - [('assay_type', 'A'), ('assay_organism__iexact', 'Homo%20sapiens'), ('only', ['assay_type', 'description', 'assay_chembl_id', 'assay_organism']), ('limit', 20), ('offset', 700)]
[2025-07-11T11:27:19.570+0200] {url_query.py:392} INFO - From cache: True
[2025-07-11T11:27:19.571+0200] {query_set.py:166} INFO - __getitem__, self.limits = (720, 740), k = slice(720, 740, None)
[2025-07-11T11:27:19.571+0200] {url_query.py:76} INFO - resetting chunk
[2025-07-11T11:27:19.572+0200] {url_query.py:390} INFO - https://www.ebi.ac.uk/chembl/api/data/assay.json
[2025-07-11T11:27:19.572+0200] {url_query.py:391} INFO - [('assay_type', 'A'), ('assay_organism__iexact', 'Homo%20sapiens'), ('only', ['assay_type', 'description', 'assay_chembl_id', 'assay_organism']), ('limit', 20), ('offset', 720)]
[2025-07-11T11:27:19.572+0200] {url_query.py:392} INFO - From cache: True
[2025-07-11T11:27:19.573+0200] {query_set.py:166} INFO - __getitem__, self.limits = (740, 760), k = slice(740, 760, None)
[2025-07-11T11:27:19.574+0200] {url_query.py:76} INFO - resetting chunk
[2025-07-11T11:27:19.575+0200] {url_query.py:390} INFO - https://www.ebi.ac.uk/chembl/api/data/assay.json
[2025-07-11T11:27:19.575+0200] {url_query.py:391} INFO - [('assay_type', 'A'), ('assay_organism__iexact', 'Homo%20sapiens'), ('only', ['assay_type', 'description', 'assay_chembl_id', 'assay_organism']), ('limit', 20), ('offset', 740)]
[2025-07-11T11:27:19.575+0200] {url_query.py:392} INFO - From cache: True
[2025-07-11T11:27:19.576+0200] {query_set.py:166} INFO - __getitem__, self.limits = (760, 780), k = slice(760, 780, None)
[2025-07-11T11:27:19.576+0200] {url_query.py:76} INFO - resetting chunk
[2025-07-11T11:27:19.577+0200] {url_query.py:390} INFO - https://www.ebi.ac.uk/chembl/api/data/assay.json
[2025-07-11T11:27:19.577+0200] {url_query.py:391} INFO - [('assay_type', 'A'), ('assay_organism__iexact', 'Homo%20sapiens'), ('only', ['assay_type', 'description', 'assay_chembl_id', 'assay_organism']), ('limit', 20), ('offset', 760)]
[2025-07-11T11:27:19.577+0200] {url_query.py:392} INFO - From cache: True
[2025-07-11T11:27:19.578+0200] {query_set.py:166} INFO - __getitem__, self.limits = (780, 800), k = slice(780, 800, None)
[2025-07-11T11:27:19.578+0200] {url_query.py:76} INFO - resetting chunk
[2025-07-11T11:27:19.579+0200] {url_query.py:390} INFO - https://www.ebi.ac.uk/chembl/api/data/assay.json
[2025-07-11T11:27:19.580+0200] {url_query.py:391} INFO - [('assay_type', 'A'), ('assay_organism__iexact', 'Homo%20sapiens'), ('only', ['assay_type', 'description', 'assay_chembl_id', 'assay_organism']), ('limit', 20), ('offset', 780)]
[2025-07-11T11:27:19.580+0200] {url_query.py:392} INFO - From cache: True
[2025-07-11T11:27:19.581+0200] {query_set.py:166} INFO - __getitem__, self.limits = (800, 820), k = slice(800, 820, None)
[2025-07-11T11:27:19.581+0200] {url_query.py:76} INFO - resetting chunk
[2025-07-11T11:27:19.582+0200] {url_query.py:390} INFO - https://www.ebi.ac.uk/chembl/api/data/assay.json
[2025-07-11T11:27:19.582+0200] {url_query.py:391} INFO - [('assay_type', 'A'), ('assay_organism__iexact', 'Homo%20sapiens'), ('only', ['assay_type', 'description', 'assay_chembl_id', 'assay_organism']), ('limit', 20), ('offset', 800)]
[2025-07-11T11:27:19.582+0200] {url_query.py:392} INFO - From cache: True
[2025-07-11T11:27:19.583+0200] {query_set.py:166} INFO - __getitem__, self.limits = (820, 840), k = slice(820, 840, None)
[2025-07-11T11:27:19.583+0200] {url_query.py:76} INFO - resetting chunk
[2025-07-11T11:27:19.584+0200] {url_query.py:390} INFO - https://www.ebi.ac.uk/chembl/api/data/assay.json
[2025-07-11T11:27:19.584+0200] {url_query.py:391} INFO - [('assay_type', 'A'), ('assay_organism__iexact', 'Homo%20sapiens'), ('only', ['assay_type', 'description', 'assay_chembl_id', 'assay_organism']), ('limit', 20), ('offset', 820)]
[2025-07-11T11:27:19.584+0200] {url_query.py:392} INFO - From cache: True
[2025-07-11T11:27:19.586+0200] {query_set.py:166} INFO - __getitem__, self.limits = (840, 860), k = slice(840, 860, None)
[2025-07-11T11:27:19.586+0200] {url_query.py:76} INFO - resetting chunk
[2025-07-11T11:27:19.587+0200] {url_query.py:390} INFO - https://www.ebi.ac.uk/chembl/api/data/assay.json
[2025-07-11T11:27:19.587+0200] {url_query.py:391} INFO - [('assay_type', 'A'), ('assay_organism__iexact', 'Homo%20sapiens'), ('only', ['assay_type', 'description', 'assay_chembl_id', 'assay_organism']), ('limit', 20), ('offset', 840)]
[2025-07-11T11:27:19.587+0200] {url_query.py:392} INFO - From cache: True
[2025-07-11T11:27:19.588+0200] {query_set.py:166} INFO - __getitem__, self.limits = (860, 880), k = slice(860, 880, None)
[2025-07-11T11:27:19.588+0200] {url_query.py:76} INFO - resetting chunk
[2025-07-11T11:27:19.589+0200] {url_query.py:390} INFO - https://www.ebi.ac.uk/chembl/api/data/assay.json
[2025-07-11T11:27:19.589+0200] {url_query.py:391} INFO - [('assay_type', 'A'), ('assay_organism__iexact', 'Homo%20sapiens'), ('only', ['assay_type', 'description', 'assay_chembl_id', 'assay_organism']), ('limit', 20), ('offset', 860)]
[2025-07-11T11:27:19.589+0200] {url_query.py:392} INFO - From cache: True
[2025-07-11T11:27:19.590+0200] {query_set.py:166} INFO - __getitem__, self.limits = (880, 900), k = slice(880, 900, None)
[2025-07-11T11:27:19.590+0200] {url_query.py:76} INFO - resetting chunk
[2025-07-11T11:27:19.591+0200] {url_query.py:390} INFO - https://www.ebi.ac.uk/chembl/api/data/assay.json
[2025-07-11T11:27:19.591+0200] {url_query.py:391} INFO - [('assay_type', 'A'), ('assay_organism__iexact', 'Homo%20sapiens'), ('only', ['assay_type', 'description', 'assay_chembl_id', 'assay_organism']), ('limit', 20), ('offset', 880)]
[2025-07-11T11:27:19.591+0200] {url_query.py:392} INFO - From cache: True
[2025-07-11T11:27:19.593+0200] {query_set.py:166} INFO - __getitem__, self.limits = (900, 920), k = slice(900, 920, None)
[2025-07-11T11:27:19.593+0200] {url_query.py:76} INFO - resetting chunk
[2025-07-11T11:27:19.594+0200] {url_query.py:390} INFO - https://www.ebi.ac.uk/chembl/api/data/assay.json
[2025-07-11T11:27:19.594+0200] {url_query.py:391} INFO - [('assay_type', 'A'), ('assay_organism__iexact', 'Homo%20sapiens'), ('only', ['assay_type', 'description', 'assay_chembl_id', 'assay_organism']), ('limit', 20), ('offset', 900)]
[2025-07-11T11:27:19.594+0200] {url_query.py:392} INFO - From cache: True
[2025-07-11T11:27:19.595+0200] {query_set.py:166} INFO - __getitem__, self.limits = (920, 940), k = slice(920, 940, None)
[2025-07-11T11:27:19.595+0200] {url_query.py:76} INFO - resetting chunk
[2025-07-11T11:27:19.596+0200] {url_query.py:390} INFO - https://www.ebi.ac.uk/chembl/api/data/assay.json
[2025-07-11T11:27:19.596+0200] {url_query.py:391} INFO - [('assay_type', 'A'), ('assay_organism__iexact', 'Homo%20sapiens'), ('only', ['assay_type', 'description', 'assay_chembl_id', 'assay_organism']), ('limit', 20), ('offset', 920)]
[2025-07-11T11:27:19.596+0200] {url_query.py:392} INFO - From cache: True
[2025-07-11T11:27:19.597+0200] {query_set.py:166} INFO - __getitem__, self.limits = (940, 960), k = slice(940, 960, None)
[2025-07-11T11:27:19.597+0200] {url_query.py:76} INFO - resetting chunk
[2025-07-11T11:27:19.598+0200] {url_query.py:390} INFO - https://www.ebi.ac.uk/chembl/api/data/assay.json
[2025-07-11T11:27:19.599+0200] {url_query.py:391} INFO - [('assay_type', 'A'), ('assay_organism__iexact', 'Homo%20sapiens'), ('only', ['assay_type', 'description', 'assay_chembl_id', 'assay_organism']), ('limit', 20), ('offset', 940)]
[2025-07-11T11:27:19.599+0200] {url_query.py:392} INFO - From cache: True
[2025-07-11T11:27:19.600+0200] {query_set.py:166} INFO - __getitem__, self.limits = (960, 980), k = slice(960, 980, None)
[2025-07-11T11:27:19.600+0200] {url_query.py:76} INFO - resetting chunk
[2025-07-11T11:27:19.601+0200] {url_query.py:390} INFO - https://www.ebi.ac.uk/chembl/api/data/assay.json
[2025-07-11T11:27:19.601+0200] {url_query.py:391} INFO - [('assay_type', 'A'), ('assay_organism__iexact', 'Homo%20sapiens'), ('only', ['assay_type', 'description', 'assay_chembl_id', 'assay_organism']), ('limit', 20), ('offset', 960)]
[2025-07-11T11:27:19.601+0200] {url_query.py:392} INFO - From cache: True
[2025-07-11T11:27:19.602+0200] {query_set.py:166} INFO - __getitem__, self.limits = (980, 1000), k = slice(980, 1000, None)
[2025-07-11T11:27:19.602+0200] {url_query.py:76} INFO - resetting chunk
[2025-07-11T11:27:19.603+0200] {url_query.py:390} INFO - https://www.ebi.ac.uk/chembl/api/data/assay.json
[2025-07-11T11:27:19.603+0200] {url_query.py:391} INFO - [('assay_type', 'A'), ('assay_organism__iexact', 'Homo%20sapiens'), ('only', ['assay_type', 'description', 'assay_chembl_id', 'assay_organism']), ('limit', 20), ('offset', 980)]
[2025-07-11T11:27:19.603+0200] {url_query.py:392} INFO - From cache: True
[2025-07-11T11:27:19.611+0200] {python.py:237} INFO - Done. Returned value was: None
[2025-07-11T11:27:19.611+0200] {taskinstance.py:441} INFO - ::group::Post task execution logs
[2025-07-11T11:27:19.613+0200] {taskinstance.py:1206} INFO - Marking task as SUCCESS. dag_id=chembl_assay_etl, task_id=fetch_chembl_assays, run_id=manual__2025-07-11T09:23:19.969862+00:00, execution_date=20250711T092319, start_date=20250711T092719, end_date=20250711T092719
[2025-07-11T11:27:19.631+0200] {local_task_job_runner.py:240} INFO - Task exited with return code 0
[2025-07-11T11:27:19.640+0200] {taskinstance.py:3498} INFO - 0 downstream tasks scheduled from follow-on schedule check
[2025-07-11T11:27:19.640+0200] {local_task_job_runner.py:222} INFO - ::endgroup::
